
--- RSS Fetch Errors at 2026-06-11 00:39:55 ---
Error fetching https://www.drive.com.au/feed/: HTTP Error 403: 
[00:40:07] Summarizer: [Batch] 3 item(s) missing from response → marked for reprocessing
[00:40:30] Summarizer: [Batch] 2 item(s) missing from response → marked for reprocessing
[00:40:39] Summarizer: [Batch] 4 item(s) missing from response → marked for reprocessing
[00:40:40] Summarizer: [Batch] 1 item(s) missing from response → marked for reprocessing
[00:40:41] Summarizer: [DownloadWorker-2] SKIP (duplicate title): Ezek a kiskutyák várnak szerető gazdára ...
[00:40:47] Summarizer: [Batch] 2 item(s) missing from response → marked for reprocessing
[00:40:48] Summarizer: [Batch] 4 item(s) missing from response → marked for reprocessing
[00:40:56] Summarizer: [Batch] 1 item(s) missing from response → marked for reprocessing
[00:41:05] Summarizer: [Batch] 2 item(s) missing from response → marked for reprocessing
[00:41:12] Summarizer: [Batch] 4 item(s) missing from response → marked for reprocessing
[00:41:15] Summarizer: [Batch] 1 item(s) missing from response → marked for reprocessing
[00:41:21] Summarizer: [Batch] 3 item(s) missing from response → marked for reprocessing
[00:41:24] Summarizer: [Batch] 3 item(s) missing from response → marked for reprocessing
[00:41:28] Summarizer: [Batch] 1 item(s) missing from response → marked for reprocessing
[00:41:29] Summarizer: [Batch] 4 item(s) missing from response → marked for reprocessing
[00:41:32] Summarizer: [Batch] 4 item(s) missing from response → marked for reprocessing
[00:58:36] Image_Downloader: Download failed (https://fhm.com/wp-content/uploads/2022/10/imageedit_3_5815552124.jpg): ("Connection broken: ConnectionResetError(54, 'Connection reset by peer')", ConnectionResetError(54, 'Connection reset by peer'))
[00:59:00] Summarizer: [Batch] 1 item(s) missing from response → marked for reprocessing
[00:59:01] Summarizer: [Batch] 1 item(s) missing from response → marked for reprocessing
[00:59:04] Summarizer: [DownloadWorker-1] SKIP (duplicate title): 15 vintage és retró vásár Budapesten és ...
[00:59:06] Summarizer: [DownloadWorker-4] SKIP (duplicate title): 18 Must-Follow Free OnlyFans Accounts in...
[00:59:13] Summarizer: [DownloadWorker-0] SKIP (duplicate title): Femina.hu...
[00:59:13] Summarizer: [Batch] 1 item(s) missing from response → marked for reprocessing
[00:59:14] Summarizer: [DownloadWorker-7] SKIP (duplicate title): Articles & Guides...
[00:59:15] Summarizer: [DownloadWorker-5] SKIP (duplicate title): EFOTT Archives - Off Media...
[00:59:16] Summarizer: [DownloadWorker-9] SKIP (duplicate title): Bay Area Times...
[00:59:28] Summarizer: [Batch] 1 item(s) missing from response → marked for reprocessing
[00:59:29] Image_Downloader: Download failed (https://techcrunch.com/wp-content/uploads/2026/06/GettyImages-1239809807.jpg?resize=1200,800): HTTPSConnectionPool(host='techcrunch.com', port=443): Read timed out. (read timeout=5)
[00:59:37] Summarizer: [DownloadWorker-8] SKIP (duplicate title): Leet...
[00:59:37] Summarizer: [Batch] 2 item(s) missing from response → marked for reprocessing
[00:59:39] Summarizer: [DownloadWorker-1] SKIP (duplicate title): Prog.Hu...
[00:59:40] Summarizer: [DownloadWorker-4] SKIP (duplicate title): Horoszkóp | nlc...
[00:59:45] Summarizer: [DownloadWorker-0] SKIP (duplicate title): Távozó tartalmak a hazai streamingen: 20...
[00:59:46] Summarizer: [DownloadWorker-6] SKIP (duplicate title): Appal segíti a BKK a biztonságos taxizás...
[00:59:47] Summarizer: [DownloadWorker-9] SKIP (duplicate title): MyCamper Nordic AB...
[00:59:52] Summarizer: [DownloadWorker-1] SKIP (duplicate title): Milk Road...
[00:59:54] Summarizer: [Batch] 2 item(s) missing from response → marked for reprocessing
[01:00:02] Summarizer: [DownloadWorker-2] SKIP (duplicate title): 35+ fergeteges hétvégi program Budapeste...
[01:00:03] Summarizer: [DownloadWorker-4] SKIP (duplicate title): Programkereső...
[01:00:05] Summarizer: [DownloadWorker-3] SKIP (duplicate title): Articles & Guides...
[01:00:06] Summarizer: [DownloadWorker-5] SKIP (duplicate title): Femina.hu...
[01:00:08] Image_Downloader: Download failed (https://bitcoinmagazine.com/wp-content/uploads/2026/06/Morgan-Stanleys-Bitcoin-Executive-Says-Education-—-Not-Products-—-Is-Wall-Streets-Real-Obstacle.jpg): HTTPSConnectionPool(host='bitcoinmagazine.com', port=443): Read timed out. (read timeout=5)
[01:00:10] Summarizer: [Batch] 2 item(s) missing from response → marked for reprocessing
[01:00:10] Summarizer: [DownloadWorker-6] SKIP (duplicate title): TRADING ECONOMICS...
[01:00:14] Summarizer: [DownloadWorker-8] SKIP (duplicate title): Today's NYT Connections Hints, Answers a...
[01:00:19] Summarizer: [DownloadWorker-4] SKIP (duplicate title): Raketa.hu...
[01:00:29] Summarizer: [DownloadWorker-4] SKIP (duplicate title): WMN...
[01:00:30] Summarizer: [DownloadWorker-7] SKIP (duplicate title): Prog.Hu...
[01:00:30] Image_Downloader: Download failed (https://cdn.mos.cms.futurecdn.net/mL9FNfhyGskynRMYx2CCYc-1920-80.jpg): HTTPSConnectionPool(host='cdn.mos.cms.futurecdn.net', port=443): Read timed out. (read timeout=5)
[01:00:31] Summarizer: [DownloadWorker-3] SKIP (duplicate title): Leet...
[01:00:37] Summarizer: [DownloadWorker-3] SKIP (duplicate title): MyCamper Nordic AB...
[01:00:40] Summarizer: [DownloadWorker-4] SKIP (duplicate title): Milk Road...
[01:00:44] Summarizer: [Batch] 1 item(s) missing from response → marked for reprocessing
[01:00:48] Summarizer: [DownloadWorker-4] SKIP (duplicate title): Articles & Guides...
[01:00:48] Summarizer: [DownloadWorker-8] SKIP (duplicate title): Programkereső...
[01:00:52] Summarizer: [DownloadWorker-0] SKIP (duplicate title): Koncert.hu...
[01:00:52] Summarizer: [DownloadWorker-7] SKIP (duplicate title): Femina.hu...
[01:00:52] Summarizer: [Batch] 1 item(s) missing from response → marked for reprocessing
[01:00:55] Summarizer: [Batch] 1 item(s) missing from response → marked for reprocessing
[01:00:58] Summarizer: [DownloadWorker-4] SKIP (duplicate title): TRADING ECONOMICS...
[01:01:02] Summarizer: [DownloadWorker-6] SKIP (duplicate title): Raketa.hu...
[01:01:05] Summarizer: [Batch] 3 item(s) missing from response → marked for reprocessing
[01:01:05] Image_Downloader: Download failed (https://img.444.hu/2026/06/10/andrej-isakovic-afp.jpg): 404 Client Error: Not Found for url: https://img.444.hu/2026/06/10/andrej-isakovic-afp.jpg
[01:01:06] Summarizer: [DownloadWorker-1] SKIP (duplicate title): Katarzis a köbön – Kill Bill: A teljes v...
[01:01:06] Image_Downloader: Download failed (https://azutazo.hu/wp-content/uploads/svabhegyi-csillagvizsgalo.jpg): 404 Client Error: Not Found for url: https://azutazo.hu/wp-content/uploads/svabhegyi-csillagvizsgalo.jpg
[01:01:07] Summarizer: [DownloadWorker-2] SKIP (duplicate title): Prog.Hu...
[01:01:08] Summarizer: [DownloadWorker-5] SKIP (duplicate title): WMN...
[01:01:12] Summarizer: [Batch] Minor issues fixed: 1
[01:01:12] Summarizer: [DownloadWorker-5] SKIP (duplicate title): MyCamper Nordic AB...
[01:01:15] Summarizer: [DownloadWorker-1] SKIP (duplicate title): Milk Road...
[01:01:17] Summarizer: [DownloadWorker-0] SKIP (duplicate title): 18 Must-Follow Influencer OnlyFans Accou...
[01:01:18] Summarizer: [Batch] 3 item(s) missing from response → marked for reprocessing
[01:01:21] Summarizer: [Batch] 1 item(s) missing from response → marked for reprocessing
[01:01:25] Summarizer: [DownloadWorker-0] SKIP (duplicate title): Femina.hu...
[01:01:26] Summarizer: [Batch] 2 item(s) missing from response → marked for reprocessing
[01:01:27] Summarizer: [DownloadWorker-4] SKIP (duplicate title): TRADING ECONOMICS...
[01:01:31] Summarizer: [Batch] 2 item(s) missing from response → marked for reprocessing
[01:01:38] Summarizer: [Batch] No response from API (attempt 1/3)
[01:01:40] Summarizer: [DownloadWorker-8] SKIP (duplicate title): Koncert.hu...
[01:01:46] Summarizer: [DownloadWorker-8] SKIP (duplicate title): WMN...
[01:01:55] Summarizer: [DownloadWorker-8] SKIP (duplicate title): MyCamper Nordic AB...
[01:01:55] Summarizer: [DownloadWorker-3] SKIP (duplicate title): Save 40% Off the Jackery Explorer 240D 8...
[01:01:57] Summarizer: [DownloadWorker-8] SKIP (duplicate title): Far Out Magazine...
[01:02:00] Summarizer: [Batch] 1 item(s) missing from response → marked for reprocessing
[01:02:02] Summarizer: [DownloadWorker-2] SKIP (duplicate title): Programkereső...
[01:02:03] Summarizer: [DownloadWorker-1] SKIP (duplicate title): 18 Must-Follow Cosplay OnlyFans Accounts...
[01:02:08] Summarizer: [DownloadWorker-9] SKIP (duplicate title): Articles & Guides...
[01:02:11] Summarizer: [DownloadWorker-8] SKIP (duplicate title): Femina.hu...
[01:02:11] Summarizer: [DownloadWorker-6] SKIP (duplicate title): TRADING ECONOMICS...
[01:02:12] Summarizer: [DownloadWorker-3] SKIP (duplicate title): Call of Duty: Black Ops...
[01:02:21] Summarizer: [DownloadWorker-2] SKIP (duplicate title): Leet...
[01:02:24] Summarizer: [DownloadWorker-6] SKIP (duplicate title): MyCamper Nordic AB...
[01:02:25] Summarizer: [Batch] 1 item(s) missing from response → marked for reprocessing
[01:02:26] Summarizer: [DownloadWorker-0] SKIP (duplicate title): Sienna Miller menyasszony lett!...
[01:19:10] Summarizer: [DownloadWorker-5] SKIP (duplicate title): 18 Must-Follow Asian OnlyFans Accounts i...
[01:19:11] Summarizer: [DownloadWorker-3] SKIP (duplicate title): Economx...
[01:19:12] Summarizer: [DownloadWorker-7] SKIP (duplicate title): The Bankless Guide to GMX...
[01:19:14] Summarizer: [DownloadWorker-8] SKIP (duplicate title): Femina.hu...
[01:19:15] Summarizer: [DownloadWorker-5] SKIP (duplicate title): TRADING ECONOMICS...
[01:19:20] Summarizer: [DownloadWorker-4] SKIP (duplicate title): WMN...
[01:19:20] Summarizer: [Batch] 2 item(s) missing from response → marked for reprocessing
[01:19:26] Summarizer: [Batch] 1 item(s) missing from response → marked for reprocessing
[01:19:29] Summarizer: [DownloadWorker-2] SKIP (duplicate title): MyCamper Nordic AB...
[01:19:35] Summarizer: [DownloadWorker-9] SKIP (duplicate title): Moziműsor...
[01:19:37] Summarizer: [DownloadWorker-4] SKIP (duplicate title): Femina.hu...
[01:19:37] Summarizer: [DownloadWorker-7] SKIP (duplicate title): Trading Economics...
[01:19:42] Summarizer: [DownloadWorker-6] SKIP (duplicate title): WMN...
[01:19:44] Summarizer: [Batch] 1 item(s) missing from response → marked for reprocessing
[01:19:49] Summarizer: [DownloadWorker-0] SKIP (duplicate title): MyCamper Nordic AB...
[01:19:52] Summarizer: [DownloadWorker-8] SKIP (duplicate title): Femina.hu...
[01:36:03] Image_Downloader: Download failed (https://track.adform.net/adfserve/?bn=88652916;srctype=4;gdpr=${GDPR};gdpr_consent=${GDPR_CONSENT_50};ord=[timestamp]): ('Connection aborted.', ConnectionResetError(54, 'Connection reset by peer'))
[01:36:04] Summarizer: [DownloadWorker-2] SKIP (duplicate title): Trading Economics...
[01:36:06] Summarizer: [DownloadWorker-6] SKIP (duplicate title): Articles & Guides...
[01:36:13] Summarizer: [Batch] 3 item(s) missing from response → marked for reprocessing
[01:36:17] Summarizer: [DownloadWorker-6] SKIP (duplicate title): MyCamper Nordic AB...
[01:36:20] Summarizer: [DownloadWorker-9] SKIP (duplicate title): Far Out Magazine...
[01:36:22] Summarizer: [DownloadWorker-6] SKIP (duplicate title): Articles & Guides...
[01:36:22] Summarizer: [DownloadWorker-7] SKIP (duplicate title): Femina.hu...
[01:36:23] Summarizer: [DownloadWorker-5] SKIP (duplicate title): TRADING ECONOMICS...
[01:36:25] Summarizer: [DownloadWorker-1] SKIP (duplicate title): WMN...
[01:36:33] Summarizer: [DownloadWorker-0] SKIP (duplicate title): MyCamper Nordic AB...
[01:36:35] Summarizer: [DownloadWorker-5] SKIP (duplicate title): TRADING ECONOMICS...
[01:36:37] Summarizer: [DownloadWorker-8] SKIP (duplicate title): WMN...
[01:36:37] Summarizer: [DownloadWorker-7] SKIP (duplicate title): Femina.hu...
[01:36:38] Summarizer: [DownloadWorker-9] SKIP (duplicate title): Horoszkóp | nlc...
[01:36:39] Summarizer: [DownloadWorker-1] SKIP (duplicate title): MyCamper Nordic AB...
[01:36:40] Summarizer: [DownloadWorker-0] SKIP (duplicate title): Far Out Magazine...
[01:36:41] Summarizer: [Batch] 1 item(s) missing from response → marked for reprocessing
[01:36:41] Image_Downloader: Download failed (https://www.pcguru.hu/images/covers/101581.jpg): 404 Client Error: Not Found for url: https://www.pcguru.hu/images/covers/101581.jpg
[01:36:43] Summarizer: [DownloadWorker-5] SKIP (duplicate title): Femina.hu...
[01:36:44] Summarizer: [DownloadWorker-6] SKIP (duplicate title): TRADING ECONOMICS...
[01:36:47] Summarizer: [DownloadWorker-5] SKIP (duplicate title): Femina.hu...
[01:36:47] Summarizer: [Batch] 2 item(s) missing from response → marked for reprocessing
[01:52:54] Image_Downloader: Download failed (https://media.port.hu/images/001/823/478.webp): ('Connection aborted.', ConnectionResetError(54, 'Connection reset by peer'))
[01:52:56] Summarizer: [DownloadWorker-9] SKIP (duplicate title): Femina.hu...
[01:52:58] Image_Downloader: Download failed (https://kep.cdn.index.hu/1/0/6891/68911/689117/68911781_5086333_3805b8f2635efe2ae1b9e516cdea753e_wm.jpg): HTTPSConnectionPool(host='kep.cdn.index.hu', port=443): Read timed out. (read timeout=5)
[01:52:58] Summarizer: [DownloadWorker-3] SKIP (duplicate title): Femina.hu...
[01:53:00] Summarizer: [DownloadWorker-0] SKIP (duplicate title): TRADING ECONOMICS...
[01:53:01] Summarizer: [Batch] 1 item(s) missing from response → marked for reprocessing
[01:53:05] Summarizer: [DownloadWorker-4] SKIP (duplicate title): Far Out Magazine...
[01:53:37] Summarizer: [DownloadWorker-0] SKIP (duplicate title): The Tiny Aoostar Ryzen 7 Pro 6850H Mini ...
[01:53:54] Image_Downloader: Download failed (https://assets-prd.ignimgs.com/2026/06/07/sf6-tifa-1717789069676.jpg): 404 Client Error: Not Found for url: https://assets-prd.ignimgs.com/2026/06/07/sf6-tifa-1717789069676.jpg
[02:43:10] Summarizer: TIMEOUT (180s) - backend call took too long
[02:43:10] Summarizer: [Batch] No response from API (attempt 1/3)

--- RSS Fetch Errors at 2026-06-11 06:22:27 ---
Error fetching https://www.drive.com.au/feed/: HTTP Error 403: 
[06:22:42] Summarizer: [DownloadWorker-9] SKIP (duplicate title): Itt az első fotó arról, milyen lesz a St...
[06:22:49] Summarizer: [Batch] 2 item(s) missing from response → marked for reprocessing
[06:24:50] Summarizer: [Batch] 1 item(s) missing from response → marked for reprocessing
[06:24:59] Summarizer: [DownloadWorker-2] SKIP (duplicate title): Art Director Union’s Rebuke To Scorsese ...
[06:25:02] Summarizer: [DownloadWorker-3] SKIP (duplicate title): 15 Horror Movies You Really Need to Stre...
[06:25:04] Summarizer: [Batch] 2 item(s) missing from response → marked for reprocessing
[06:25:06] Summarizer: [DownloadWorker-8] SKIP (duplicate title): NER-es lopott vagyon vagy verejtékes mun...
[06:25:06] Summarizer: [DownloadWorker-0] SKIP (duplicate title): The 2011 TV show Robert Redford refused ...
[06:25:10] Summarizer: [DownloadWorker-2] SKIP (duplicate title): "Folyton elsírom magam" - Jennifer Lopez...
[06:25:13] Image_Downloader: Download failed (https://s3-images.ctmedia.io/media/article-covers/xrp-cover-june-2.jpg): HTTPSConnectionPool(host='s3-images.ctmedia.io', port=443): Read timed out. (read timeout=5)
[06:25:25] Summarizer: [DownloadWorker-0] SKIP (duplicate title): Both Gabi: Ufónak tartott a többi szülő,...
[06:25:31] Summarizer: [DownloadWorker-9] SKIP (duplicate title): Playlist Playoff w/ Paul Rudd...
[06:35:36] Summarizer: [DownloadWorker-7] SKIP (duplicate title): The 10 Best Annual Competitions That Tak...
[06:35:43] Summarizer: [Batch] 3 item(s) missing from response → marked for reprocessing
[06:35:46] Summarizer: [DownloadWorker-2] SKIP (duplicate title): „A FIFA pénzügyei szempontjából biztosan...
[06:35:55] Summarizer: [DownloadWorker-5] SKIP (duplicate title): Farkas Cintia...
[06:35:56] Summarizer: [DownloadWorker-6] SKIP (duplicate title): Steam Frame's tutorial video appears to ...
[06:36:06] Summarizer: [DownloadWorker-7] SKIP (duplicate title): Így kezdődik a Star City...
[06:36:15] Summarizer: [MissingDetector] ⚠️ PAIRING FAIL: 'https://index.hu/mindek2026/06/11/kozmix-lanyi-lala-gyereke-apasag-kislanya-szuletik/' not found. KEEPING ITEM (Fallback).
[06:36:15] Summarizer: [Batch] 3 item(s) missing from response → marked for reprocessing
[06:36:15] Summarizer: [FreeGeminiAPI_1] ⚠️ PAIRING FAIL: 'https://index.hu/mindek2026/06/11/kozmix-lanyi-lala-gyereke-apasag-kislanya-szuletik/' not found. KEEPING ITEM (Fallback).
[06:36:15] Summarizer: [DownloadWorker-9] SKIP (duplicate title): 'Love Island USA' Season 8: When Does th...
[06:36:17] Summarizer: [Batch] 1 item(s) missing from response → marked for reprocessing
[06:38:16] Summarizer: [DownloadWorker-2] SKIP (duplicate title): Felkészültünk a meccsnézésre: egy angols...
[06:38:18] Summarizer: [DownloadWorker-7] SKIP (duplicate title): GI Jo: That Time We Sent a Playmate to V...
[06:38:24] Summarizer: [Batch] 4 item(s) missing from response → marked for reprocessing
[06:38:24] Summarizer: [Batch] 3 item(s) missing from response → marked for reprocessing
[06:38:24] Summarizer: [DownloadWorker-2] SKIP (duplicate title): You Can Get a 48V 400W Adult Electric Bi...
[06:38:28] Summarizer: [DownloadWorker-3] SKIP (duplicate title): The Women of Air Travel, 1980...
[06:38:33] Summarizer: [Batch] 1 item(s) missing from response → marked for reprocessing
[06:38:40] Summarizer: [Batch] 4 item(s) missing from response → marked for reprocessing
[06:38:41] Summarizer: [DownloadWorker-8] SKIP (duplicate title): Mindenki a férfiak magányáról beszél – m...
[06:38:44] Summarizer: [DownloadWorker-1] SKIP (duplicate title): The Tiny Firebat AM6 Ryzen 7 7735HS Mini...
[06:38:47] Summarizer: [Batch] 1 item(s) missing from response → marked for reprocessing
[06:55:43] Summarizer: TIMEOUT (180s) - backend call took too long
[06:55:43] Summarizer: [Batch] No response from API (attempt 1/3)
[07:26:25] Summarizer: TIMEOUT (180s) - backend call took too long
[07:26:25] Summarizer: [Batch] No response from API (attempt 1/3)
[07:43:28] Summarizer: Reprocessing 1 pairing failures from data.json

--- RSS Fetch Errors at 2026-06-11 15:25:07 ---
Error fetching https://www.drive.com.au/feed/: HTTP Error 403: 
[15:25:19] Summarizer: [DownloadWorker-2] SKIP (duplicate title): Trading Economics...
[15:25:21] Summarizer: [Batch] 2 item(s) missing from response → marked for reprocessing
[15:25:25] Summarizer: [DownloadWorker-4] SKIP (duplicate title): Femina.hu...
[15:25:26] Summarizer: [Batch] 4 item(s) missing from response → marked for reprocessing
[15:25:36] Summarizer: [MissingDetector] ⚠️ PAIRING FAIL: 'https://www.pcguru.hu/hirek/wumpa-gyumolcsot-a-nepnek-az-activision-es-a-netflix-is-forral-valamit-az-erszényes-hossel-tzeus/101601' not found. KEEPING ITEM (Fallback).
[15:25:36] Summarizer: [Batch] 2 item(s) missing from response → marked for reprocessing
[15:25:36] Summarizer: [FreeGeminiAPI_1] ⚠️ PAIRING FAIL: 'https://www.pcguru.hu/hirek/wumpa-gyumolcsot-a-nepnek-az-activision-es-a-netflix-is-forral-valamit-az-erszényes-hossel-tzeus/101601' not found. KEEPING ITEM (Fallback).
[15:25:37] Summarizer: [DownloadWorker-4] SKIP (duplicate title): Campus Archives - Off Media...
[15:42:03] Summarizer: [DownloadWorker-7] SKIP (duplicate title): Leet...
[15:42:04] Summarizer: [DownloadWorker-9] SKIP (duplicate title): Film magazin...
[15:42:04] Summarizer: [DownloadWorker-2] SKIP (duplicate title): Adriai-, Égei-, Jón-tenger: nyáron bennü...
[15:42:05] Summarizer: [DownloadWorker-1] SKIP (duplicate title): PlayStation Plus 2026 Extra/Premium - A ...
[15:42:09] Summarizer: [DownloadWorker-3] SKIP (duplicate title): WMN...
[15:42:11] Summarizer: [DownloadWorker-6] SKIP (duplicate title): 18 Must-Follow Blondes OnlyFans Accounts...
[15:42:43] Summarizer: [MissingDetector] ⚠️ PAIRING FAIL: 'https://hetediksor.hu/2026/06/04/jennifer-aniston-es-lisa-kudrow-a-jobaratokrol-is-nosztalgiazott-de-meg-sok-minden-masrol-is-video/' not found. KEEPING ITEM (Fallback).
[15:42:43] Summarizer: [Batch] 1 item(s) missing from response → marked for reprocessing
[15:42:43] Summarizer: [FreeGeminiAPI_3] ⚠️ PAIRING FAIL: 'https://hetediksor.hu/2026/06/04/jennifer-aniston-es-lisa-kudrow-a-jobaratokrol-is-nosztalgiazott-de-meg-sok-minden-masrol-is-video/' not found. KEEPING ITEM (Fallback).
[15:42:44] Image_Downloader: Download failed (https://techcrunch.com/wp-content/uploads/2025/12/Screenshot-2025-12-09-at-12.11.34-PM.png?resize=1200,673): HTTPSConnectionPool(host='techcrunch.com', port=443): Read timed out. (read timeout=5)
[15:58:06] Summarizer: [DownloadWorker-5] SKIP (duplicate title): Milk Road...
[15:58:11] Summarizer: [DownloadWorker-5] SKIP (duplicate title): TRADING ECONOMICS...
[15:58:12] Summarizer: [DownloadWorker-2] SKIP (duplicate title): Femina.hu...
[15:58:17] Summarizer: [Batch] 1 item(s) missing from response → marked for reprocessing
[15:58:17] Summarizer: [Batch] 1 item(s) missing from response → marked for reprocessing
[15:58:25] Summarizer: [MissingDetector] ⚠️ PAIRING FAIL: 'https://totalcar.hu/hirek/2026/06/11/forgalommal-szemben-autozott-egy-neni-az-az-m44-esen/' not found. KEEPING ITEM (Fallback).
[15:58:25] Summarizer: [Batch] 2 item(s) missing from response → marked for reprocessing
[15:58:25] Summarizer: [FreeGeminiAPI_3] ⚠️ PAIRING FAIL: 'https://totalcar.hu/hirek/2026/06/11/forgalommal-szemben-autozott-egy-neni-az-az-m44-esen/' not found. KEEPING ITEM (Fallback).
[15:58:28] Summarizer: [Batch] 1 item(s) missing from response → marked for reprocessing
[15:58:34] Summarizer: [DownloadWorker-6] SKIP (duplicate title): Leet...
[15:58:35] Summarizer: [DownloadWorker-8] SKIP (duplicate title): Brickleberry  (sorozat, 2012) | Kritikák...
[15:58:38] Summarizer: [Batch] 2 item(s) missing from response → marked for reprocessing
[15:58:44] Summarizer: [Batch] 3 item(s) missing from response → marked for reprocessing
[15:58:46] Summarizer: [DownloadWorker-7] SKIP (duplicate title): Milk Road...
[15:58:47] Summarizer: [MissingDetector] ⚠️ PAIRING FAIL: 'https://www.mafab.hu/hu/article/hugh-laurie-bocsanatot-kert-kisse-reszegen-szolt-vissza-a-house-kritikusanak-09' not found. KEEPING ITEM (Fallback).
[15:58:47] Summarizer: [Batch] 4 item(s) missing from response → marked for reprocessing
[15:58:47] Summarizer: [FreeGeminiAPI_2] ⚠️ PAIRING FAIL: 'https://www.mafab.hu/hu/article/hugh-laurie-bocsanatot-kert-kisse-reszegen-szolt-vissza-a-house-kritikusanak-09' not found. KEEPING ITEM (Fallback).
[15:58:49] Summarizer: [DownloadWorker-1] SKIP (duplicate title): TRADING ECONOMICS...
[15:58:50] Summarizer: [DownloadWorker-2] SKIP (duplicate title): Articles & Guides...
[15:58:52] Summarizer: [DownloadWorker-6] SKIP (duplicate title): Femina.hu...
[15:58:55] Summarizer: [DownloadWorker-0] SKIP (duplicate title): Pop Archives - Off Media...
[15:59:03] Summarizer: [DownloadWorker-8] SKIP (duplicate title): WMN...
[15:59:03] Summarizer: [MissingDetector] ⚠️ PAIRING FAIL: 'https://telex.hu/g7/adat/2026/06/11/burgenland-banyak-azbeszt-rakos-megbetegedesei-aranya-ausztria' not found. KEEPING ITEM (Fallback).
[15:59:03] Summarizer: [Batch] 1 item(s) missing from response → marked for reprocessing
[15:59:03] Summarizer: [FreeGeminiAPI_3] ⚠️ PAIRING FAIL: 'https://telex.hu/g7/adat/2026/06/11/burgenland-banyak-azbeszt-rakos-megbetegedesei-aranya-ausztria' not found. KEEPING ITEM (Fallback).
[15:59:05] Summarizer: [DownloadWorker-4] SKIP (duplicate title): 18 Must-Follow Dirty Snapchat Accounts -...
[16:05:36] Summarizer: [DownloadWorker-9] SKIP (duplicate title): Articles & Guides...
[16:05:38] Summarizer: [DownloadWorker-8] SKIP (duplicate title): Femina.hu...
[16:05:42] Summarizer: [DownloadWorker-9] SKIP (duplicate title): Zene...
[16:05:44] Summarizer: [DownloadWorker-2] SKIP (duplicate title): If You Want to Ditch Google Search, Try ...
[16:05:48] Summarizer: [DownloadWorker-5] SKIP (duplicate title): Leet...
[16:05:55] Summarizer: [DownloadWorker-1] SKIP (duplicate title): WMN...
[16:05:58] Summarizer: [DownloadWorker-9] SKIP (duplicate title): 18 Must-Follow Amateur OnlyFans Accounts...
[16:06:06] Summarizer: [DownloadWorker-6] SKIP (duplicate title): Ma Is Tanultam Valamit...
[16:06:06] Summarizer: [DownloadWorker-7] SKIP (duplicate title): Articles & Guides...
[16:06:07] Summarizer: [DownloadWorker-3] SKIP (duplicate title): TRADING ECONOMICS...
[16:06:09] Summarizer: [DownloadWorker-6] SKIP (duplicate title): Femina.hu...
[16:21:27] Summarizer: [DownloadWorker-2] SKIP (duplicate title): A Tom Clancy’s Jack Ryan: Ghost War alap...
[16:21:30] Summarizer: [DownloadWorker-8] SKIP (duplicate title): Tech Archives - Off Media...
[16:21:40] Summarizer: [DownloadWorker-9] SKIP (duplicate title): Far Out Magazine...
[16:21:44] Summarizer: [DownloadWorker-6] SKIP (duplicate title): Articles & Guides...
[16:21:45] Summarizer: [DownloadWorker-9] SKIP (duplicate title): TRADING ECONOMICS...
[16:21:46] Summarizer: [DownloadWorker-3] SKIP (duplicate title): Going To Boston For The FIFA World Cup? ...
[16:21:47] Summarizer: TIMEOUT (180s) - backend call took too long
[16:21:47] Summarizer: [Batch] No response from API (attempt 1/3)
[16:21:49] Summarizer: [DownloadWorker-6] SKIP (duplicate title): Femina.hu...
[16:21:50] Summarizer: [DownloadWorker-0] SKIP (duplicate title): Magazin...
[16:21:53] Summarizer: [DownloadWorker-4] SKIP (duplicate title): Délelőtti videó 1.: Dutton Ranch...
[16:21:56] Summarizer: [DownloadWorker-9] SKIP (duplicate title): Kvíz: Duttonék földjén nincs könnyű kérd...
[16:22:00] Summarizer: [DownloadWorker-4] SKIP (duplicate title): WMN...
[16:22:05] Summarizer: [MissingDetector] ⚠️ PAIRING FAIL: 'https://qubit.hu/2026/06/11/nuklearis-hutoberendezeseckel-valhat-fenntarthatobba-az-ai-adatkozpontok-uzemeltetese?utm_source=rss_feed&utm_medium=rss&utm_campaign=rss_syndication' not found. KEEPING ITEM (Fallback).
[16:22:05] Summarizer: [Batch] 2 item(s) missing from response → marked for reprocessing
[16:22:05] Summarizer: [FreeGeminiAPI_1] ⚠️ PAIRING FAIL: 'https://qubit.hu/2026/06/11/nuklearis-hutoberendezeseckel-valhat-fenntarthatobba-az-ai-adatkozpontok-uzemeltetese?utm_source=rss_feed&utm_medium=rss&utm_campaign=rss_syndication' not found. KEEPING ITEM (Fallback).
[16:22:06] Summarizer: [DownloadWorker-8] SKIP (duplicate title): Horoszkóp | nlc...
[16:22:09] Summarizer: [DownloadWorker-1] SKIP (duplicate title): Far Out Magazine...
[16:22:11] Summarizer: [Batch] 2 item(s) missing from response → marked for reprocessing
[16:38:14] Summarizer: [DownloadWorker-8] SKIP (duplicate title): Femina.hu...
[16:38:15] Summarizer: [DownloadWorker-3] SKIP (duplicate title): Imádja az internet Katalin hercegné cuki...
[16:38:18] Summarizer: [DownloadWorker-1] SKIP (duplicate title): Unboxing the $600 Motorola Edge (2026)...
[16:38:26] Summarizer: [DownloadWorker-3] SKIP (duplicate title): Koncert.hu...
[16:38:27] Summarizer: [DownloadWorker-0] SKIP (duplicate title): WMN...
[16:38:28] Summarizer: [Batch] No response from API (attempt 1/3)
[16:38:28] Summarizer: [Batch] No response from API (attempt 1/3)
[16:38:28] Summarizer: [Batch] No response from API (attempt 1/3)
[16:38:30] Summarizer: [DownloadWorker-5] SKIP (duplicate title): Far Out Magazine...
[16:38:37] Summarizer: [DownloadWorker-6] SKIP (duplicate title): Femina.hu...
[16:38:49] Summarizer: [DownloadWorker-3] SKIP (duplicate title): Apostol - Nem tudunk élni nélkületek!...
[16:38:51] Summarizer: [Batch] 1 item(s) missing from response → marked for reprocessing
[16:38:53] Summarizer: [Batch] 2 item(s) missing from response → marked for reprocessing
[16:38:53] Summarizer: [DownloadWorker-3] SKIP (duplicate title): Femina.hu...
[16:38:56] Summarizer: [DownloadWorker-2] SKIP (duplicate title): Kvíz: Mutatunk egy pillanatképet, mondd ...
[16:56:06] Summarizer: [DownloadWorker-4] SKIP (duplicate title): WMN...
[16:56:13] Summarizer: [DownloadWorker-3] SKIP (duplicate title): The Top Airdrop Hunts of the Month: Janu...
[16:56:15] Summarizer: [DownloadWorker-2] SKIP (duplicate title): Femina.hu...
[16:56:20] Summarizer: [DownloadWorker-0] SKIP (duplicate title): WMN...
[16:56:27] Summarizer: [DownloadWorker-7] SKIP (duplicate title): Femina.hu...
[16:56:35] Summarizer: [DownloadWorker-0] SKIP (duplicate title): WMN...
[16:56:36] Summarizer: [DownloadWorker-1] SKIP (duplicate title): Far Out Magazine...
[16:56:49] Summarizer: [DownloadWorker-1] SKIP (duplicate title): Femina.hu...
[16:56:51] Summarizer: [DownloadWorker-9] SKIP (duplicate title): Kvíz: emlékszel még, ki rúgta a világbaj...
[16:56:54] Summarizer: [DownloadWorker-3] SKIP (duplicate title): WMN...
[17:06:32] Summarizer: [DownloadWorker-2] SKIP (duplicate title): 52 évesen ismét apai örömök elé néz a Ko...
[17:06:45] Summarizer: [DownloadWorker-5] SKIP (duplicate title): Ma Is Tanultam Valamit...
[17:06:54] Summarizer: [DownloadWorker-0] SKIP (duplicate title): Ma Is Tanultam Valamit...
[17:06:55] Summarizer: [DownloadWorker-5] SKIP (duplicate title): A nap képe: Hajnalpírlepke...
[17:06:59] Summarizer: [DownloadWorker-7] SKIP (duplicate title): Ma Is Tanultam Valamit...
[17:39:00] Summarizer: TIMEOUT (180s) - backend call took too long
[17:39:00] Summarizer: [Batch] No response from API (attempt 1/3)
[17:39:01] Summarizer: TIMEOUT (180s) - backend call took too long
[17:39:01] Summarizer: [Batch] No response from API (attempt 1/3)
[17:39:02] Summarizer: TIMEOUT (180s) - backend call took too long
[17:39:02] Summarizer: [Batch] No response from API (attempt 1/3)
[17:39:18] Summarizer: [Batch] 1 item(s) missing from response → marked for reprocessing
[17:39:18] Summarizer: [Batch] 1 item(s) missing from response → marked for reprocessing
[17:39:20] Summarizer: [Batch] 1 item(s) missing from response → marked for reprocessing
[17:39:26] Summarizer: [Batch] 1 item(s) missing from response → marked for reprocessing
[17:55:19] Summarizer: [Batch] No response from API (attempt 1/3)
[17:55:58] Summarizer: [Batch] 2 item(s) missing from response → marked for reprocessing
[18:23:56] Summarizer: [Batch] No response from API (attempt 1/3)
[18:23:56] Summarizer: [Batch] No response from API (attempt 1/3)
[18:23:56] Summarizer: [Batch] No response from API (attempt 1/3)
[18:24:15] Summarizer: [Batch] 1 item(s) missing from response → marked for reprocessing
[18:24:16] Summarizer: [Batch] 1 item(s) missing from response → marked for reprocessing
[18:24:23] Summarizer: [Batch] 1 item(s) missing from response → marked for reprocessing
[18:24:28] Summarizer: [Batch] 4 item(s) missing from response → marked for reprocessing
[19:26:21] Summarizer: [Batch] No response from API (attempt 1/3)
[19:26:21] Summarizer: [Batch] No response from API (attempt 1/3)
[19:26:21] Summarizer: [Batch] No response from API (attempt 1/3)
[19:26:39] Summarizer: [MissingDetector] ⚠️ PAIRING FAIL: 'https://www.gsplus.hu/elet/a-szomaliai-focibiro-omar-abdulkadir-artan-vbalmat-egy-repteri-kihallgatess-torte-ossze-383523.html' not found. KEEPING ITEM (Fallback).
[19:26:39] Summarizer: [Batch] 2 item(s) missing from response → marked for reprocessing
[19:26:39] Summarizer: [FreeGeminiAPI_1] ⚠️ PAIRING FAIL: 'https://www.gsplus.hu/elet/a-szomaliai-focibiro-omar-abdulkadir-artan-vbalmat-egy-repteri-kihallgatess-torte-ossze-383523.html' not found. KEEPING ITEM (Fallback).
[19:26:51] Summarizer: [Batch] 2 item(s) missing from response → marked for reprocessing
[19:26:52] Summarizer: [Batch] 2 item(s) missing from response → marked for reprocessing
[19:26:59] Summarizer: [Batch] 4 item(s) missing from response → marked for reprocessing
[19:26:59] Summarizer: [Batch] 1 item(s) missing from response → marked for reprocessing
[19:26:59] Summarizer: [Batch] 1 item(s) missing from response → marked for reprocessing
[19:44:05] Summarizer: [Batch] No response from API (attempt 1/3)
[19:44:05] Summarizer: [Batch] No response from API (attempt 1/3)
[19:44:05] Image_Downloader: Download failed (https://player.hu/uploads/2026/06/DEBRE20260609116.jpg): ('Connection aborted.', ConnectionResetError(54, 'Connection reset by peer'))
[19:44:35] Summarizer: [MissingDetector] ⚠️ PAIRING FAIL: 'https://www.pcguru.hu/hirek/csipj-vagyis-karmolj-meg-magyar-felirat-is-lesz-a-marvel-s-wolverine-ben-tzeus/101609' not found. KEEPING ITEM (Fallback).
[19:44:35] Summarizer: [Batch] 3 item(s) missing from response → marked for reprocessing
[19:44:35] Summarizer: [FreeGeminiAPI_3] ⚠️ PAIRING FAIL: 'https://www.pcguru.hu/hirek/csipj-vagyis-karmolj-meg-magyar-felirat-is-lesz-a-marvel-s-wolverine-ben-tzeus/101609' not found. KEEPING ITEM (Fallback).
[19:44:37] Summarizer: [Batch] 1 item(s) missing from response → marked for reprocessing
[19:44:44] Image_Downloader: Download failed (https://assets.telex.hu/images/20260611/1781176178-temp-t17u4iouitrd5geaoof_facebook.jpg): HTTPSConnectionPool(host='assets.telex.hu', port=443): Read timed out. (read timeout=5)
[19:44:44] Summarizer: [Batch] 1 item(s) missing from response → marked for reprocessing
[20:01:20] Image_Downloader: Download failed (https://kep.cdn.index.hu/1/0/5975/59757/597575/59757561_4418773_32f3e412b1351035da56c2cc14dfb11f_wm.jpg): ("Connection broken: ConnectionResetError(54, 'Connection reset by peer')", ConnectionResetError(54, 'Connection reset by peer'))
[20:01:25] Image_Downloader: Download failed (https://vezess2.p3k.hu/app/uploads/2026/06/road_sign_in_lithuania-1-e1781175634812.JPG): 404 Client Error: Not Found for url: https://vezess2.p3k.hu/app/uploads/2026/06/road_sign_in_lithuania-1-e1781175634812.JPG

--- RSS Fetch Errors at 2026-06-11 20:02:04 ---
Error fetching https://www.drive.com.au/feed/: HTTP Error 403: 
[20:09:43] Summarizer: [Batch] 2 item(s) missing from response → marked for reprocessing
[20:09:53] Summarizer: [Batch] 1 item(s) missing from response → marked for reprocessing
[20:10:02] Summarizer: [Batch] 1 item(s) missing from response → marked for reprocessing
[20:10:02] Summarizer: [DownloadWorker-5] SKIP (duplicate title): Femina.hu...
[20:10:07] Summarizer: [Batch] 1 item(s) missing from response → marked for reprocessing
[20:25:42] Summarizer: TIMEOUT (180s) - backend call took too long
[20:25:42] Summarizer: [Batch] No response from API (attempt 1/3)
[20:25:44] Summarizer: [DownloadWorker-2] SKIP (duplicate title): Chad egy kicsit...
[20:25:44] Summarizer: [DownloadWorker-3] SKIP (duplicate title): Jogi nyilatkozat - Leet...
[20:25:46] Summarizer: [DownloadWorker-6] SKIP (duplicate title): Nukleáris hűtőberendezésekkel válhat fen...
[20:25:49] Summarizer: [Batch] 3 item(s) missing from response → marked for reprocessing
[20:25:57] Summarizer: [DownloadWorker-2] SKIP (duplicate title): Travis Scott már Budapesten van, állítól...
[20:25:58] Summarizer: [DownloadWorker-8] SKIP (duplicate title): The Best Meal Kit Delivery Services Out ...
[20:25:59] Summarizer: [Batch] 1 item(s) missing from response → marked for reprocessing
[20:26:01] Summarizer: [MissingDetector] ⚠️ PAIRING FAIL: 'https://esport1.hu/news/2026/06/11/gaming-azt-hittuk-vege-de-crash-bandicoot-visszater-a-sirbol-vagy-csak-neo-cortex-szorakozis-velunk-tzeus' not found. KEEPING ITEM (Fallback).
[20:26:01] Summarizer: [Batch] 1 item(s) missing from response → marked for reprocessing
[20:26:01] Summarizer: [FreeGeminiAPI_2] ⚠️ PAIRING FAIL: 'https://esport1.hu/news/2026/06/11/gaming-azt-hittuk-vege-de-crash-bandicoot-visszater-a-sirbol-vagy-csak-neo-cortex-szorakozis-velunk-tzeus' not found. KEEPING ITEM (Fallback).
[20:41:17] Summarizer: [DownloadWorker-5] SKIP (duplicate title): Szlovénia megszünteti a határellenőrzést...
[20:41:25] Summarizer: [DownloadWorker-6] SKIP (duplicate title): NASA reveals Artemis III crew for one of...
[20:41:25] Summarizer: [DownloadWorker-2] SKIP (duplicate title): Jennifer Aniston és Lisa Kudrow a Jóbará...
[20:41:27] Summarizer: [DownloadWorker-0] SKIP (duplicate title): Meet the Team - CaravanTimes...
[20:41:36] Summarizer: [DownloadWorker-9] SKIP (duplicate title): The Best Dating Sites and Apps of 2021 -...
[20:41:36] Summarizer: TIMEOUT (180s) - backend call took too long
[20:41:36] Summarizer: [Batch] No response from API (attempt 1/3)
[20:41:38] Summarizer: [Batch] 1 item(s) missing from response → marked for reprocessing
[20:41:39] Summarizer: TIMEOUT (180s) - backend call took too long
[20:41:39] Summarizer: [Batch] No response from API (attempt 1/3)
[20:41:41] Summarizer: [DownloadWorker-6] SKIP (duplicate title): Femina.hu...
[20:41:44] Summarizer: [Batch] 3 item(s) missing from response → marked for reprocessing
[20:41:47] Summarizer: [DownloadWorker-6] SKIP (duplicate title): Miért vonz bennünket ennyire a világvége...
[20:41:51] Summarizer: [Batch] 2 item(s) missing from response → marked for reprocessing
[20:41:53] Summarizer: [Batch] 4 item(s) missing from response → marked for reprocessing
[20:41:55] Summarizer: [DownloadWorker-0] SKIP (duplicate title): Balaton Sound Archives - Off Media...
[20:41:58] Summarizer: [Batch] 1 item(s) missing from response → marked for reprocessing
[20:41:58] Summarizer: [Batch] 3 item(s) missing from response → marked for reprocessing
[20:41:58] Summarizer: [Batch] 1 item(s) missing from response → marked for reprocessing
[20:41:58] Summarizer: [DownloadWorker-1] SKIP (duplicate title): 25 éves a Lovagregény kapott egy viccese...
[20:57:42] Summarizer: [DownloadWorker-8] SKIP (duplicate title): Intel Arc GPU Graphics Drivers 101.8826 ...
[20:57:43] Summarizer: [DownloadWorker-1] SKIP (duplicate title): New EU pet travel rules: What caravanner...
[20:57:45] Summarizer: [DownloadWorker-9] SKIP (duplicate title): Forgalommal szemben autózott egy néni az...
[20:57:51] Summarizer: [DownloadWorker-2] SKIP (duplicate title): NASA to Preview Katalyst Mission to Boos...
[20:57:56] Summarizer: [DownloadWorker-4] SKIP (duplicate title): Az Opera mögötti mikrozöld-birodalom, ah...
[20:57:58] Summarizer: [DownloadWorker-3] SKIP (duplicate title): A természetfilmek királyát ünnepli ma a ...
[20:57:59] Image_Downloader: Download failed (https://www.mafab.hu/static/2026t/160/12/46246_1781088414.5826.jpg): HTTPSConnectionPool(host='www.mafab.hu', port=443): Read timed out. (read timeout=20)
[20:57:59] Image_Downloader: Download failed (https://github.blog/wp-content/uploads/2026/01/github-generic-security-blocks-logo.png?fit=1920%2C1080): HTTPSConnectionPool(host='github.blog', port=443): Read timed out. (read timeout=20)
[20:58:02] Summarizer: [DownloadWorker-5] SKIP (duplicate title): Miss May Wants You to Watch...
[20:58:06] Summarizer: [DownloadWorker-4] SKIP (duplicate title): Lemondott a Központi Nyomozó Főügyészség...
[20:58:08] Summarizer: [DownloadWorker-2] SKIP (duplicate title): Petkit's Most Advanced Home Fountain Is ...
[20:58:08] Summarizer: [DownloadWorker-1] SKIP (duplicate title): Lelki morzsák Archives - Off Media...
[20:58:18] Summarizer: [DownloadWorker-2] SKIP (duplicate title): Miket nem beszélek - kritika...
[20:58:27] Summarizer: [DownloadWorker-9] SKIP (duplicate title): Ezek a villanyautók csalódást okoznak...
[21:10:38] Summarizer: [DownloadWorker-2] SKIP (duplicate title): Egyedi Adatkezelési Tájékoztató - First ...
[21:10:45] Summarizer: [DownloadWorker-7] SKIP (duplicate title): These are the countries moving to ban so...
[21:10:48] Summarizer: TIMEOUT (180s) - backend call took too long
[21:10:48] Summarizer: [Batch] No response from API (attempt 1/3)
[21:10:49] Summarizer: [DownloadWorker-9] SKIP (duplicate title): 3 csillagjegy, akik mindent túlgondolnak...
[21:10:53] Summarizer: TIMEOUT (180s) - backend call took too long
[21:10:53] Summarizer: [Batch] No response from API (attempt 1/3)
[21:11:02] Summarizer: [DownloadWorker-1] SKIP (duplicate title): The Best Smart Thermostats of 2026: Prep...
[21:11:05] Summarizer: [Batch] 2 item(s) missing from response → marked for reprocessing
[21:11:06] Summarizer: [Batch] 1 item(s) missing from response → marked for reprocessing
[21:27:35] Summarizer: [DownloadWorker-4] SKIP (duplicate title): Hailey Bieber bikiniben mutatta meg bomb...
[21:27:42] Summarizer: [DownloadWorker-0] SKIP (duplicate title): Mol Serbia: Megvan a cég a szerb olajtár...
[21:27:48] Summarizer: [DownloadWorker-9] SKIP (duplicate title): Teljesen ingyen a tiéd lehet most két já...
[21:27:50] Summarizer: TIMEOUT (180s) - backend call took too long
[21:27:50] Summarizer: [Batch] No response from API (attempt 1/3)
[21:40:56] Summarizer: TIMEOUT (180s) - backend call took too long
[21:40:56] Summarizer: TIMEOUT (180s) - backend call took too long
[21:40:56] Summarizer: [Batch] No response from API (attempt 1/3)
[21:40:56] Summarizer: [Batch] No response from API (attempt 1/3)
[21:40:56] Summarizer: TIMEOUT (180s) - backend call took too long
[21:40:56] Summarizer: [Batch] No response from API (attempt 1/3)
[21:41:05] Summarizer: [DownloadWorker-1] SKIP (duplicate title): Where to find the Tokyo City region Trea...
[21:41:10] Summarizer: [Batch] 4 item(s) missing from response → marked for reprocessing
[21:41:14] Summarizer: [Batch] 1 item(s) missing from response → marked for reprocessing
[21:41:20] Summarizer: Reprocessing 8 pairing failures from data.json
[21:41:29] Summarizer: [Batch] 2 item(s) missing from response → marked for reprocessing
[21:41:53] Summarizer: [Batch] 2 item(s) missing from response → marked for reprocessing
[21:51:42] Summarizer: TIMEOUT (180s) - backend call took too long
[21:51:42] Summarizer: [Batch] No response from API (attempt 1/3)
[21:51:42] Summarizer: TIMEOUT (180s) - backend call took too long
[21:51:42] Summarizer: [Batch] No response from API (attempt 1/3)
[22:27:56] Summarizer: [Batch] No response from API (attempt 2/3)
[22:27:56] Summarizer: [Batch] No response from API (attempt 2/3)
[22:27:56] Summarizer: [Batch] No response from API (attempt 1/3)
[22:28:13] Summarizer: [MissingDetector] ⚠️ PAIRING FAIL: 'https://444.hu/2026/06/11/a-tisza-megszunteti-a-jelzaloghitelek-kamatstopjat-ez-tobb-mint-200-ezer-szerzodest-erinthet?utm_source=rss_feed&utm_medium=rss&omaly=rss_syndication' not found. KEEPING ITEM (Fallback).
[22:28:13] Summarizer: [Batch] 2 item(s) missing from response → marked for reprocessing
[22:28:13] Summarizer: [FreeGeminiAPI_2] ⚠️ PAIRING FAIL: 'https://444.hu/2026/06/11/a-tisza-megszunteti-a-jelzaloghitelek-kamatstopjat-ez-tobb-mint-200-ezer-szerzodest-erinthet?utm_source=rss_feed&utm_medium=rss&omaly=rss_syndication' not found. KEEPING ITEM (Fallback).
[22:28:14] Summarizer: [Batch] 1 item(s) missing from response → marked for reprocessing
[22:28:20] Summarizer: [Batch] 3 item(s) missing from response → marked for reprocessing
[22:28:26] Summarizer: [Batch] 3 item(s) missing from response → marked for reprocessing
[22:28:30] Summarizer: [Batch] 3 item(s) missing from response → marked for reprocessing
[22:28:34] Summarizer: [MissingDetector] ⚠️ PAIRING FAIL: 'https://444.hu/2026/06/11/felulvizsgaljak-az-egesz-mohacsi-hidberuhazast-lehet-hogy-lecsipnek-2-savot-a-hidbol?utm_source=rss_feed&utm_campaign=rss_syndication' not found. KEEPING ITEM (Fallback).
[22:28:34] Summarizer: [Batch] 1 item(s) missing from response → marked for reprocessing
[22:28:34] Summarizer: [FreeGeminiAPI_1] ⚠️ PAIRING FAIL: 'https://444.hu/2026/06/11/felulvizsgaljak-az-egesz-mohacsi-hidberuhazast-lehet-hogy-lecsipnek-2-savot-a-hidbol?utm_source=rss_feed&utm_campaign=rss_syndication' not found. KEEPING ITEM (Fallback).
[23:12:20] Summarizer: TIMEOUT (180s) - backend call took too long
[23:12:20] Summarizer: TIMEOUT (180s) - backend call took too long
[23:12:20] Summarizer: [Batch] No response from API (attempt 1/3)
[23:12:20] Summarizer: [Batch] No response from API (attempt 1/3)
[23:12:25] Summarizer: TIMEOUT (180s) - backend call took too long
[23:12:25] Summarizer: [Batch] No response from API (attempt 1/3)
[23:12:42] Summarizer: [MissingDetector] ⚠️ PAIRING FAIL: 'https://www.pcguru.hu/hirek/wumpa-gyumolcsot-a-nepnek-az-activision-es-a-netflix-is-forral-valamit-az-erszzenyes-hossel-tzeus/101601' not found. KEEPING ITEM (Fallback).
[23:12:42] Summarizer: [Batch] 2 item(s) missing from response → marked for reprocessing
[23:12:42] Summarizer: [FreeGeminiAPI_3] ⚠️ PAIRING FAIL: 'https://www.pcguru.hu/hirek/wumpa-gyumolcsot-a-nepnek-az-activision-es-a-netflix-is-forral-valamit-az-erszzenyes-hossel-tzeus/101601' not found. KEEPING ITEM (Fallback).
[23:12:43] Summarizer: [MissingDetector] ⚠️ PAIRING FAIL: 'https://telex.hu/belfold/20260611/balogh-mihaly-tisza-part-mercedes' not found. KEEPING ITEM (Fallback).
[23:12:43] Summarizer: [Batch] 1 item(s) missing from response → marked for reprocessing
[23:12:43] Summarizer: [FreeGeminiAPI_1] ⚠️ PAIRING FAIL: 'https://telex.hu/belfold/20260611/balogh-mihaly-tisza-part-mercedes' not found. KEEPING ITEM (Fallback).
[23:28:24] Summarizer: [Batch] No response from API (attempt 1/3)
[23:28:24] Summarizer: [Batch] No response from API (attempt 1/3)
[23:28:24] Summarizer: [Batch] No response from API (attempt 2/3)
[23:28:46] Summarizer: [Batch] 2 item(s) missing from response → marked for reprocessing
[23:28:50] Summarizer: [Batch] 3 item(s) missing from response → marked for reprocessing
[23:28:54] Summarizer: [Batch] 1 item(s) missing from response → marked for reprocessing
[23:28:56] Summarizer: [Batch] 2 item(s) missing from response → marked for reprocessing
[23:29:01] Summarizer: [Batch] 1 item(s) missing from response → marked for reprocessing
[23:45:29] Image_Downloader: Download failed (https://kep.cdn.index.hu/1/0/6989/69897/698973/69897379_5157145_f99e4791390e152af16323c4e1d0450a_wm.jpg): ('Connection aborted.', ConnectionResetError(54, 'Connection reset by peer'))
[00:13:23] Summarizer: [Batch] No response from API (attempt 1/3)
[00:13:23] Summarizer: [Batch] No response from API (attempt 1/3)
[00:13:23] Summarizer: [Batch] No response from API (attempt 1/3)
[00:13:39] Summarizer: [Batch] 2 item(s) missing from response → marked for reprocessing
[00:13:42] Summarizer: [Batch] 2 item(s) missing from response → marked for reprocessing
[00:13:42] Summarizer: [MissingDetector] ⚠️ PAIRING FAIL: 'https://techcrunch.com/2026/06/11/waymo-launches-a-loyalty-program-with-10-cash-back-and-free-canellations/' not found. KEEPING ITEM (Fallback).
[00:13:42] Summarizer: [Batch] 1 item(s) missing from response → marked for reprocessing
[00:13:42] Summarizer: [FreeGeminiAPI_1] ⚠️ PAIRING FAIL: 'https://techcrunch.com/2026/06/11/waymo-launches-a-loyalty-program-with-10-cash-back-and-free-canellations/' not found. KEEPING ITEM (Fallback).
[00:48:09] Summarizer: TIMEOUT (180s) - backend call took too long
[00:48:09] Summarizer: [Batch] No response from API (attempt 1/3)
[00:48:12] Summarizer: TIMEOUT (180s) - backend call took too long
[00:48:12] Summarizer: TIMEOUT (180s) - backend call took too long
[00:48:12] Summarizer: [Batch] No response from API (attempt 1/3)
[00:48:12] Summarizer: [Batch] No response from API (attempt 1/3)
[00:48:26] Summarizer: [Batch] 2 item(s) missing from response → marked for reprocessing
[00:48:27] Summarizer: [MissingDetector] ⚠️ PAIRING FAIL: 'https://index.hu/belfold/2026/06/11/bkk-kulfoldi-diakok-berlet-jegy-vasarlas-valtoztat-magyar-lakcimkartya/' not found. KEEPING ITEM (Fallback).
[00:48:27] Summarizer: [Batch] 4 item(s) missing from response → marked for reprocessing
[00:48:27] Summarizer: [FreeGeminiAPI_1] ⚠️ PAIRING FAIL: 'https://index.hu/belfold/2026/06/11/bkk-kulfoldi-diakok-berlet-jegy-vasarlas-valtoztat-magyar-lakcimkartya/' not found. KEEPING ITEM (Fallback).
[00:48:29] Summarizer: [Batch] 1 item(s) missing from response → marked for reprocessing
[00:48:31] Summarizer: [Batch] 3 item(s) missing from response → marked for reprocessing
[00:48:34] Summarizer: [Batch] 1 item(s) missing from response → marked for reprocessing
[00:48:35] Summarizer: [MissingDetector] ⚠️ PAIRING FAIL: 'https://index.hu/mindekebben/poszt/2026/06/11/kiss-kriszta-nagy-o-stohl-andras-szakitas/' not found. KEEPING ITEM (Fallback).
[00:48:35] Summarizer: [Batch] 3 item(s) missing from response → marked for reprocessing
[00:48:35] Summarizer: [FreeGeminiAPI_2] ⚠️ PAIRING FAIL: 'https://index.hu/mindekebben/poszt/2026/06/11/kiss-kriszta-nagy-o-stohl-andras-szakitas/' not found. KEEPING ITEM (Fallback).
[00:48:39] Summarizer: [Batch] 1 item(s) missing from response → marked for reprocessing
[00:48:39] Image_Downloader: Download failed (https://index.hu/boritokep/2025/02/10/vidnyanszky_attila_index.jpg): 404 Client Error: Not Found for url: https://index.hu/boritokep/2025/02/10/vidnyanszky_attila_index.jpg
[00:48:39] Image_Downloader: Download failed (https://pbs.twimg.com/media/F1-XYZ-ABC.jpg): 404 Client Error: Not Found for url: https://pbs.twimg.com/media/F1-XYZ-ABC.jpg
[00:48:43] Summarizer: Reprocessing 14 pairing failures from data.json
