
--- RSS Fetch Errors at 2026-07-19 00:41:36 ---
Error fetching https://techpowerup.com/rss/news: HTTP Error 403: 
Error fetching https://www.drive.com.au/feed/: HTTP Error 403: 
Error fetching https://leetgaming.com/feed/: Failed to perform, curl: (28) Connection timed out after 10003 milliseconds. See https://curl.se/libcurl/c/libcurl-errors.html first for more details.
Error fetching https://cliffhanger.hu/feed: HTTP Error 403: 
Error fetching https://femina.hu/feed: HTTP Error 404: Not Found
Error fetching https://velvet.hu/feed: HTTP Error 404: Not Found
Error fetching https://www.penzcentrum.hu/rss/all.xml: HTTP Error 502: 
Error fetching https://hwsw.hu/hirek/rss: Failed to perform, curl: (28) Connection timed out after 10002 milliseconds. See https://curl.se/libcurl/c/libcurl-errors.html first for more details.
Error fetching https://instylemen.hu/feed: HTTP Error 404: 
Error fetching https://wallstreetzen.com/blog/feed/: Failed to perform, curl: (28) Resolving timed out after 171106 milliseconds. See https://curl.se/libcurl/c/libcurl-errors.html first for more details.

--- RSS Fetch Errors at 2026-07-19 00:58:02 ---
Error fetching https://techpowerup.com/rss/news: HTTP Error 403: 
Error fetching https://leetgaming.com/feed/: Failed to perform, curl: (28) Connection timed out after 10003 milliseconds. See https://curl.se/libcurl/c/libcurl-errors.html first for more details.
Error fetching https://www.drive.com.au/feed/: HTTP Error 403: 
Error fetching https://www.nasa.gov/rss/dyn/breaking_news.rss: Failed to perform, curl: (28) Connection timed out after 10002 milliseconds. See https://curl.se/libcurl/c/libcurl-errors.html first for more details.
Error fetching https://bitcoinmagazine.com/.rss/full/: Failed to perform, curl: (28) Operation timed out after 25121 milliseconds with 0 bytes received. See https://curl.se/libcurl/c/libcurl-errors.html first for more details.
Error fetching https://cliffhanger.hu/feed: HTTP Error 403: 
Error fetching https://velvet.hu/feed: HTTP Error 404: Not Found
Error fetching https://femina.hu/feed: Failed to perform, curl: (28) Connection timed out after 10003 milliseconds. See https://curl.se/libcurl/c/libcurl-errors.html first for more details.
Error fetching https://prog.hu/hirek/rss: Failed to perform, curl: (28) Connection timed out after 10003 milliseconds. See https://curl.se/libcurl/c/libcurl-errors.html first for more details.
Error fetching https://instylemen.hu/feed: HTTP Error 404: 
Error fetching https://www.playboy.com/read/classics/feed: Failed to perform, curl: (28) Resolving timed out after 10003 milliseconds. See https://curl.se/libcurl/c/libcurl-errors.html first for more details.
Error fetching https://www.playboy.com/read/celebrities/feed: Failed to perform, curl: (28) Resolving timed out after 10002 milliseconds. See https://curl.se/libcurl/c/libcurl-errors.html first for more details.
Error fetching https://www.economx.hu/feed: Failed to perform, curl: (28) Operation timed out after 183934 milliseconds with 0 bytes received. See https://curl.se/libcurl/c/libcurl-errors.html first for more details.
Error fetching https://bankless.com/feed: Failed to perform, curl: (28) Operation timed out after 180094 milliseconds with 0 bytes received. See https://curl.se/libcurl/c/libcurl-errors.html first for more details.
Error fetching https://www.penzcentrum.hu/rss/all.xml: Failed to perform, curl: (28) Resolving timed out after 174891 milliseconds. See https://curl.se/libcurl/c/libcurl-errors.html first for more details.
Error fetching https://wmn.hu/feed/: Failed to perform, curl: (28) Connection timed out after 175115 milliseconds. See https://curl.se/libcurl/c/libcurl-errors.html first for more details.
Error fetching https://hwsw.hu/hirek/rss: Failed to perform, curl: (28) Connection timed out after 171183 milliseconds. See https://curl.se/libcurl/c/libcurl-errors.html first for more details.
Error fetching https://wallstreetzen.com/blog/feed/: Failed to perform, curl: (28) Resolving timed out after 172892 milliseconds. See https://curl.se/libcurl/c/libcurl-errors.html first for more details.
Error fetching https://caravantimes.co.uk/feed: Failed to perform, curl: (28) Connection timed out after 171595 milliseconds. See https://curl.se/libcurl/c/libcurl-errors.html first for more details.
Error fetching https://hetediksor.hu/wp-json/oembed/1.0/embed?url=https%3A%2F%2Fhetediksor.hu%2F&format=xml: Failed to perform, curl: (28) Connection timed out after 177895 milliseconds. See https://curl.se/libcurl/c/libcurl-errors.html first for more details.
Error fetching https://insideevs.com/rss/google/news/: Failed to perform, curl: (28) Operation timed out after 983021 milliseconds with 107624 out of 129061 bytes received. See https://curl.se/libcurl/c/libcurl-errors.html first for more details.
Error fetching https://insideevs.com/rss/google/: Failed to perform, curl: (28) Operation timed out after 983135 milliseconds with 120656 out of 138196 bytes received. See https://curl.se/libcurl/c/libcurl-errors.html first for more details.
[00:58:09] Summarizer: [Batch] 2 item(s) missing from response → marked for reprocessing
[00:58:12] Summarizer: [DownloadWorker-9] SKIP (duplicate title): Melyik volt a hét legjobb sorozatepizódj...
[00:58:12] Summarizer: [DownloadWorker-4] SKIP (duplicate title): Meglepő érdekességek, amiket te sem tudt...
[00:58:14] Summarizer: [DownloadWorker-0] SKIP (duplicate title): Melyik volt a hét legjobb sorozatepizódj...
[00:58:15] Summarizer: [DownloadWorker-9] SKIP (duplicate title): Today's NYT Connections Hints, Answers a...
[00:58:16] Summarizer: [Batch] 2 item(s) missing from response → marked for reprocessing
[00:58:17] Summarizer: [Batch] 1 item(s) missing from response → marked for reprocessing
[00:58:20] Summarizer: [DownloadWorker-2] SKIP (duplicate title): Today's NYT Strands Hints, Answers and H...
[00:58:21] Summarizer: [DownloadWorker-1] SKIP (duplicate title): Mi volt a hét csalódása?...
[00:58:22] Summarizer: [DownloadWorker-7] SKIP (duplicate title): Meglepő érdekességek, amiket te sem tudt...
[00:58:22] Summarizer: [DownloadWorker-6] SKIP (duplicate title): Mi volt a hét csalódása?...
[00:58:24] Summarizer: [Batch] 1 item(s) missing from response → marked for reprocessing
[00:58:24] Summarizer: [Batch] 2 item(s) missing from response → marked for reprocessing
[00:58:32] Summarizer: [Batch] 1 item(s) missing from response → marked for reprocessing
[00:58:40] Summarizer: [Batch] 1 item(s) missing from response → marked for reprocessing
[00:58:45] Summarizer: [Batch] 1 item(s) missing from response → marked for reprocessing
[00:58:47] Summarizer: [Batch] 2 item(s) missing from response → marked for reprocessing
[01:15:01] Image_Downloader: Download failed (https://www.mafab.hu/static/thumb/w1000/2026t/124/15/662166_1777987472.2367.jpg): ('Connection aborted.', ConnectionResetError(54, 'Connection reset by peer'))
[01:15:01] Image_Downloader: Download failed (https://img.hvg.hu/Img/8133bb77-3fc3-490f-b374-cb198a0455cc/1005a633-e969-4861-b8b8-44db785cbefa.jpg): ('Connection aborted.', ConnectionResetError(54, 'Connection reset by peer'))
[01:15:06] Summarizer: [DownloadWorker-5] SKIP (duplicate title): Kihúzták az ötös lottó nyerőszámait...
[01:15:11] Summarizer: [DownloadWorker-6] SKIP (duplicate title): Millions More Galaxy Phones Just Joined ...
[01:15:15] Summarizer: [Batch] 4 item(s) missing from response → marked for reprocessing
[01:15:19] Summarizer: [Batch] 1 item(s) missing from response → marked for reprocessing
[01:15:22] Summarizer: [Batch] 3 item(s) missing from response → marked for reprocessing
[01:15:38] Image_Downloader: Download failed (https://i.cdn29.hu/apix_collect_c/ngg_images/2606/02/the_witcher_3_songs_of_the_past_213657_1_original_760x425_cover.jpg): HTTPSConnectionPool(host='i.cdn29.hu', port=443): Read timed out. (read timeout=5)
[01:15:45] Image_Downloader: Download failed (https://player.hu/uploads/2026/07/traffipax-1290x675.jpg): HTTPSConnectionPool(host='player.hu', port=443): Read timed out. (read timeout=5)
[01:31:37] Summarizer: [DownloadWorker-9] SKIP (duplicate title): Kihúzták az ötös lottó nyerőszámait...
[01:31:42] Summarizer: [DownloadWorker-3] SKIP (duplicate title): Millions More Galaxy Phones Just Joined ...
[01:31:48] Summarizer: [MissingDetector] ⚠️ PAIRING FAIL: 'http://index.hu/belfold/20260718/gyor-gazolas-rendorseg-cserbenhagyas-kereses/' not found. KEEPING ITEM (Fallback).
[01:31:48] Summarizer: [Batch] 2 item(s) missing from response → marked for reprocessing
[01:31:48] Summarizer: [FreeGeminiAPI_3] ⚠️ PAIRING FAIL: 'http://index.hu/belfold/20260718/gyor-gazolas-rendorseg-cserbenhagyas-kereses/' not found. KEEPING ITEM (Fallback).
[01:31:48] Summarizer: [Batch] 2 item(s) missing from response → marked for reprocessing
[01:31:48] Summarizer: [Batch] 2 item(s) missing from response → marked for reprocessing
[01:31:55] Summarizer: [Batch] 1 item(s) missing from response → marked for reprocessing
[01:32:04] Summarizer: [MissingDetector] ⚠️ PAIRING FAIL: 'https://www.forbes.com/sites/petergreene/20260718/court-keeps-piece-of-church-state-wall-intact-in-maine/' not found. KEEPING ITEM (Fallback).
[01:32:04] Summarizer: [Batch] 1 item(s) missing from response → marked for reprocessing
[01:32:04] Summarizer: [FreeGeminiAPI_3] ⚠️ PAIRING FAIL: 'https://www.forbes.com/sites/petergreene/20260718/court-keeps-piece-of-church-state-wall-intact-in-maine/' not found. KEEPING ITEM (Fallback).
[01:32:09] Summarizer: [Batch] 3 item(s) missing from response → marked for reprocessing
[02:04:29] Summarizer: TIMEOUT (180s) - backend call took too long
[02:04:29] Summarizer: [Batch] No response from API (attempt 1/3)
[02:04:35] Summarizer: TIMEOUT (180s) - backend call took too long
[02:04:35] Summarizer: [Batch] No response from API (attempt 1/3)
[02:04:36] Summarizer: TIMEOUT (180s) - backend call took too long
[02:04:36] Summarizer: [Batch] No response from API (attempt 1/3)
[02:04:55] Summarizer: [MissingDetector] ⚠️ PAIRING FAIL: 'https://www.mafab.hu/article/mar-penteken-lathatod-sztarparádéval-jon-a-nyar-egyik-legigeretesebb-vigjateka-a-streamingorias-plat' not found. KEEPING ITEM (Fallback).
[02:04:55] Summarizer: [Batch] 1 item(s) missing from response → marked for reprocessing
[02:04:55] Summarizer: [FreeGeminiAPI_1] ⚠️ PAIRING FAIL: 'https://www.mafab.hu/article/mar-penteken-lathatod-sztarparádéval-jon-a-nyar-egyik-legigeretesebb-vigjateka-a-streamingorias-plat' not found. KEEPING ITEM (Fallback).
[02:04:57] Summarizer: Reprocessing 1 pairing failures from data.json
[02:04:57] Summarizer: Reprocessing 2 pairing failures from data.json

--- RSS Fetch Errors at 2026-07-19 03:35:34 ---
Error fetching https://www.drive.com.au/feed/: HTTP Error 403: 
Error fetching https://leetgaming.com/feed/: Failed to perform, curl: (28) Connection timed out after 10003 milliseconds. See https://curl.se/libcurl/c/libcurl-errors.html first for more details.
Error fetching https://444.hu/category/tudomany/feed: Failed to perform, curl: (28) Connection timed out after 10002 milliseconds. See https://curl.se/libcurl/c/libcurl-errors.html first for more details.
Error fetching https://techcrunch.com/feed: Failed to perform, curl: (28) Connection timed out after 730578 milliseconds. See https://curl.se/libcurl/c/libcurl-errors.html first for more details.
Error fetching https://feeds.feedburner.com/ign/all: Failed to perform, curl: (28) Operation timed out after 730560 milliseconds with 0 bytes received. See https://curl.se/libcurl/c/libcurl-errors.html first for more details.
Error fetching https://bitcoinmagazine.com/.rss/full/: Failed to perform, curl: (28) Resolving timed out after 729755 milliseconds. See https://curl.se/libcurl/c/libcurl-errors.html first for more details.
Error fetching https://feeds.feedburner.com/ign/games-all: Failed to perform, curl: (28) Connection timed out after 730560 milliseconds. See https://curl.se/libcurl/c/libcurl-errors.html first for more details.
Error fetching https://feeds.feedburner.com/ign/movies-articles: Failed to perform, curl: (28) Connection timed out after 730559 milliseconds. See https://curl.se/libcurl/c/libcurl-errors.html first for more details.
Error fetching https://www.cnet.com/rss/all/: Failed to perform, curl: (28) Connection timed out after 736231 milliseconds. See https://curl.se/libcurl/c/libcurl-errors.html first for more details.
Error fetching https://feeds.feedburner.com/ign/tech-articles: Failed to perform, curl: (28) Connection timed out after 730559 milliseconds. See https://curl.se/libcurl/c/libcurl-errors.html first for more details.
Error fetching https://bitcoinmagazine.com/feed: Failed to perform, curl: (28) Connection timed out after 731561 milliseconds. See https://curl.se/libcurl/c/libcurl-errors.html first for more details.
Error fetching https://hu.ign.com/feed.xml: Failed to perform, curl: (28) Resolving timed out after 729558 milliseconds. See https://curl.se/libcurl/c/libcurl-errors.html first for more details.
Error fetching https://www.forbes.com/most-popular/feed/: Failed to perform, curl: (28) Connection timed out after 731562 milliseconds. See https://curl.se/libcurl/c/libcurl-errors.html first for more details.
Error fetching https://techpowerup.com/rss/news: Failed to perform, curl: (28) Connection timed out after 735636 milliseconds. See https://curl.se/libcurl/c/libcurl-errors.html first for more details.
Error fetching https://feeds.feedburner.com/ign/tv-articles: Failed to perform, curl: (28) Connection timed out after 730559 milliseconds. See https://curl.se/libcurl/c/libcurl-errors.html first for more details.
Error fetching https://insideevs.com/rss/articles/all: Failed to perform, curl: (28) Operation timed out after 733093 milliseconds with 0 bytes received. See https://curl.se/libcurl/c/libcurl-errors.html first for more details.
Error fetching https://pcguru.hu/rss: Failed to perform, curl: (28) Resolving timed out after 729751 milliseconds. See https://curl.se/libcurl/c/libcurl-errors.html first for more details.
Error fetching https://decrypt.co/feed: Failed to perform, curl: (28) Connection timed out after 732550 milliseconds. See https://curl.se/libcurl/c/libcurl-errors.html first for more details.
Error fetching https://gsplus.hu/site/rss/rss.xml: Failed to perform, curl: (28) Resolving timed out after 729560 milliseconds. See https://curl.se/libcurl/c/libcurl-errors.html first for more details.
Error fetching https://welovebudapest.com/feed/: Failed to perform, curl: (28) Operation timed out after 737178 milliseconds with 0 bytes received. See https://curl.se/libcurl/c/libcurl-errors.html first for more details.
Error fetching https://www.livescience.com/feeds/all: Failed to perform, curl: (28) Operation timed out after 735889 milliseconds with 35951 out of 196270 bytes received. See https://curl.se/libcurl/c/libcurl-errors.html first for more details.
Error fetching https://www.gamingbible.com/index.rss: Failed to perform, curl: (28) Operation timed out after 733564 milliseconds with 0 bytes received. See https://curl.se/libcurl/c/libcurl-errors.html first for more details.
Error fetching https://hvg.hu/rss: Failed to perform, curl: (28) Operation timed out after 731591 milliseconds with 0 bytes received. See https://curl.se/libcurl/c/libcurl-errors.html first for more details.
Error fetching https://velvet.hu/feed: HTTP Error 404: Not Found
Error fetching https://femina.hu/feed: HTTP Error 404: Not Found
Error fetching https://cliffhanger.hu/feed: HTTP Error 403: 
Error fetching https://hwsw.hu/hirek/rss: HTTP Error 404: 
Error fetching https://instylemen.hu/feed: HTTP Error 404: 
Error fetching https://index.hu/tudomany/til/rss/: Failed to perform, curl: (28) Connection timed out after 10003 milliseconds. See https://curl.se/libcurl/c/libcurl-errors.html first for more details.
Error fetching https://faroutmagazine.co.uk/icon.svg: Failed to perform, curl: (28) Operation timed out after 25003 milliseconds with 0 bytes received. See https://curl.se/libcurl/c/libcurl-errors.html first for more details.
[03:51:04] Summarizer: [DownloadWorker-9] SKIP (duplicate title): Friss! Az Ötöslottó nyerőszámai a 29. já...
[03:51:06] Summarizer: [DownloadWorker-8] SKIP (duplicate title): Láttál már ázott vakondot? Megéri!...
[03:51:08] Summarizer: [Batch] 5 item(s) missing from response → marked for reprocessing
[03:51:09] Summarizer: [DownloadWorker-1] SKIP (duplicate title): Az NB I.-ben nem lesz hidratációs szünet...
[03:51:09] Summarizer: [DownloadWorker-0] SKIP (duplicate title): MLB All-Star Village Breaks Records And ...
[03:51:13] Summarizer: [DownloadWorker-7] SKIP (duplicate title): Kansas City Royals’ Prospect L.P. Langev...
[03:51:16] Summarizer: [Batch] 2 item(s) missing from response → marked for reprocessing
[03:51:24] Summarizer: [DownloadWorker-8] SKIP (duplicate title): Three Unique Women United By Abstraction...
[03:51:31] Summarizer: [DownloadWorker-5] SKIP (duplicate title): Court Keeps Piece Of Church State Wall I...
[04:28:11] Image_Downloader: Download failed (https://image.forbes.com/images/forbes-logo.png): HTTPSConnectionPool(host='image.forbes.com', port=443): Max retries exceeded with url: /images/forbes-logo.png (Caused by NameResolutionError("HTTPSConnection(host='image.forbes.com', port=443): Failed to resolve 'image.forbes.com' ([Errno 8] nodename nor servname provided, or not known)"))
[04:28:11] Image_Downloader: Download failed (https://raw.githubusercontent.com/Derushir/Kepek/main/67c6357751300334f52e35f893ac854f/news/egyoras-uzemszunet-utan-ujraindult-a-waymo-robotaxi-szolgalt.jpg): 404 Client Error: Not Found for url: https://raw.githubusercontent.com/Derushir/Kepek/main/67c6357751300334f52e35f893ac854f/news/egyoras-uzemszunet-utan-ujraindult-a-waymo-robotaxi-szolgalt.jpg
[04:28:11] Image_Downloader: Download failed (https://raw.githubusercontent.com/Derushir/Kepek/main/67c6357751300334f52e35f893ac854f/news/eszak-amerikai-piacra-lep-a-liugong-elektromos-nehezgepekkel.jpg): 404 Client Error: Not Found for url: https://raw.githubusercontent.com/Derushir/Kepek/main/67c6357751300334f52e35f893ac854f/news/eszak-amerikai-piacra-lep-a-liugong-elektromos-nehezgepekkel.jpg
[04:28:11] Image_Downloader: Download failed (https://raw.githubusercontent.com/Derushir/Kepek/main/67c6357751300334f52e35f893ac854f/news/szeptember-kozepere-varhato-az-iphone-18-pro-bemutatoja-a-ko.jpg): 404 Client Error: Not Found for url: https://raw.githubusercontent.com/Derushir/Kepek/main/67c6357751300334f52e35f893ac854f/news/szeptember-kozepere-varhato-az-iphone-18-pro-bemutatoja-a-ko.jpg
[04:28:11] Image_Downloader: Download failed (https://raw.githubusercontent.com/Derushir/Kepek/main/67c6357751300334f52e35f893ac854f/news/rekordot-dontott-a-philadelphiai-mlb-all-star-village-latoga.jpg): 404 Client Error: Not Found for url: https://raw.githubusercontent.com/Derushir/Kepek/main/67c6357751300334f52e35f893ac854f/news/rekordot-dontott-a-philadelphiai-mlb-all-star-village-latoga.jpg
[04:28:11] Image_Downloader: Download failed (https://raw.githubusercontent.com/Derushir/Kepek/main/67c6357751300334f52e35f893ac854f/news/az-elektromos-autok-technologiai-fejlodese-messze-lehagyta-a.jpg): 404 Client Error: Not Found for url: https://raw.githubusercontent.com/Derushir/Kepek/main/67c6357751300334f52e35f893ac854f/news/az-elektromos-autok-technologiai-fejlodese-messze-lehagyta-a.jpg
[04:28:11] Image_Downloader: Download failed (https://raw.githubusercontent.com/Derushir/Kepek/main/67c6357751300334f52e35f893ac854f/news/a-rivian-r2-t-valasztottak-az-egyik-legjobb-elektromos-auton.jpg): 404 Client Error: Not Found for url: https://raw.githubusercontent.com/Derushir/Kepek/main/67c6357751300334f52e35f893ac854f/news/a-rivian-r2-t-valasztottak-az-egyik-legjobb-elektromos-auton.jpg
[04:28:11] Image_Downloader: Download failed (https://raw.githubusercontent.com/Derushir/Kepek/main/67c6357751300334f52e35f893ac854f/news/ket-amerikai-katona-vesztette-eletet-irani-tamadasban-jordan.jpg): 404 Client Error: Not Found for url: https://raw.githubusercontent.com/Derushir/Kepek/main/67c6357751300334f52e35f893ac854f/news/ket-amerikai-katona-vesztette-eletet-irani-tamadasban-jordan.jpg
[04:28:11] Image_Downloader: Download failed (https://raw.githubusercontent.com/Derushir/Kepek/main/67c6357751300334f52e35f893ac854f/news/attores-az-hiv-vakcina-kutatasaban-uj-strategia-a-szeleskoru.jpg): 404 Client Error: Not Found for url: https://raw.githubusercontent.com/Derushir/Kepek/main/67c6357751300334f52e35f893ac854f/news/attores-az-hiv-vakcina-kutatasaban-uj-strategia-a-szeleskoru.jpg
[04:28:11] Image_Downloader: Download failed (https://raw.githubusercontent.com/Derushir/Kepek/main/67c6357751300334f52e35f893ac854f/news/sulyos-erdotuzek-pusztitanak-nemetorszagban-es-norvegiaban.jpg): 404 Client Error: Not Found for url: https://raw.githubusercontent.com/Derushir/Kepek/main/67c6357751300334f52e35f893ac854f/news/sulyos-erdotuzek-pusztitanak-nemetorszagban-es-norvegiaban.jpg
[04:28:11] Image_Downloader: Download failed (https://raw.githubusercontent.com/Derushir/Kepek/main/67c6357751300334f52e35f893ac854f/news/sejtszintu-lagyulas-teszi-lehetove-a-venusz-legycsapoja-vill.jpg): 404 Client Error: Not Found for url: https://raw.githubusercontent.com/Derushir/Kepek/main/67c6357751300334f52e35f893ac854f/news/sejtszintu-lagyulas-teszi-lehetove-a-venusz-legycsapoja-vill.jpg
[04:28:11] Image_Downloader: Download failed (https://raw.githubusercontent.com/Derushir/Kepek/main/67c6357751300334f52e35f893ac854f/news/slate-truck-a-legolcsobb-elektromos-kisteherauto.jpg): 404 Client Error: Not Found for url: https://raw.githubusercontent.com/Derushir/Kepek/main/67c6357751300334f52e35f893ac854f/news/slate-truck-a-legolcsobb-elektromos-kisteherauto.jpg
[04:28:11] Image_Downloader: Download failed (https://raw.githubusercontent.com/Derushir/Kepek/main/67c6357751300334f52e35f893ac854f/news/uj-intezkedesekkel-kuzd-a-kronikus-keszpenzhiany-ellen-kuba.jpg): 404 Client Error: Not Found for url: https://raw.githubusercontent.com/Derushir/Kepek/main/67c6357751300334f52e35f893ac854f/news/uj-intezkedesekkel-kuzd-a-kronikus-keszpenzhiany-ellen-kuba.jpg
[04:28:11] Image_Downloader: Download failed (https://raw.githubusercontent.com/Derushir/Kepek/main/67c6357751300334f52e35f893ac854f/news/viber-esim-fizikai-sim-kartya-nelkul-is-elerheto-kulfoldi-ad.jpg): 404 Client Error: Not Found for url: https://raw.githubusercontent.com/Derushir/Kepek/main/67c6357751300334f52e35f893ac854f/news/viber-esim-fizikai-sim-kartya-nelkul-is-elerheto-kulfoldi-ad.jpg
[04:28:11] Image_Downloader: Download failed (https://raw.githubusercontent.com/Derushir/Kepek/main/67c6357751300334f52e35f893ac854f/news/visszavonulo-elektromos-modellek-az-amerikai-piacon.jpg): 404 Client Error: Not Found for url: https://raw.githubusercontent.com/Derushir/Kepek/main/67c6357751300334f52e35f893ac854f/news/visszavonulo-elektromos-modellek-az-amerikai-piacon.jpg
[04:28:11] Image_Downloader: Download failed (https://raw.githubusercontent.com/Derushir/Kepek/main/67c6357751300334f52e35f893ac854f/news/a-kinai-moonshot-ai-uj-kimi-modellje-aggodalmat-keltett-az-a.jpg): 404 Client Error: Not Found for url: https://raw.githubusercontent.com/Derushir/Kepek/main/67c6357751300334f52e35f893ac854f/news/a-kinai-moonshot-ai-uj-kimi-modellje-aggodalmat-keltett-az-a.jpg
[04:28:11] Image_Downloader: Download failed (https://raw.githubusercontent.com/Derushir/Kepek/main/67c6357751300334f52e35f893ac854f/news/tobb-mint-75-millio-spamgyanus-zenet-tavolitott-el-a-spotify.jpg): 404 Client Error: Not Found for url: https://raw.githubusercontent.com/Derushir/Kepek/main/67c6357751300334f52e35f893ac854f/news/tobb-mint-75-millio-spamgyanus-zenet-tavolitott-el-a-spotify.jpg
[04:28:11] Image_Downloader: Download failed (https://raw.githubusercontent.com/Derushir/Kepek/main/67c6357751300334f52e35f893ac854f/news/jelentosen-dragult-a-vizkutfuras-magyarorszagon.jpg): 404 Client Error: Not Found for url: https://raw.githubusercontent.com/Derushir/Kepek/main/67c6357751300334f52e35f893ac854f/news/jelentosen-dragult-a-vizkutfuras-magyarorszagon.jpg
[04:28:11] Image_Downloader: Download failed (https://raw.githubusercontent.com/Derushir/Kepek/main/67c6357751300334f52e35f893ac854f/news/szabo-bence-atadta-a-neki-gyujtott-adomanyokat-a-hintalovon-.jpg): 404 Client Error: Not Found for url: https://raw.githubusercontent.com/Derushir/Kepek/main/67c6357751300334f52e35f893ac854f/news/szabo-bence-atadta-a-neki-gyujtott-adomanyokat-a-hintalovon-.jpg
[04:28:11] Image_Downloader: Download failed (https://raw.githubusercontent.com/Derushir/Kepek/main/67c6357751300334f52e35f893ac854f/news/onvezeto-elektromos-funyiroval-terjeszkedik-a-honda-az-ipari.jpg): 404 Client Error: Not Found for url: https://raw.githubusercontent.com/Derushir/Kepek/main/67c6357751300334f52e35f893ac854f/news/onvezeto-elektromos-funyiroval-terjeszkedik-a-honda-az-ipari.jpg
[04:28:13] Image_Downloader: Download failed (https://raw.githubusercontent.com/Derushir/Kepek/main/67c6357751300334f52e35f893ac854f/news/kulturalis-programajanlo-nyari-esemenyek-budapesten-es-korny.webp): 404 Client Error: Not Found for url: https://raw.githubusercontent.com/Derushir/Kepek/main/67c6357751300334f52e35f893ac854f/news/kulturalis-programajanlo-nyari-esemenyek-budapesten-es-korny.webp
[04:28:15] Image_Downloader: Download failed (https://raw.githubusercontent.com/Derushir/Kepek/main/67c6357751300334f52e35f893ac854f/news/nolan-odusszeiaja-rekordot-dontott-az-ev-masodik-legjobb-nyi.jpg): 404 Client Error: Not Found for url: https://raw.githubusercontent.com/Derushir/Kepek/main/67c6357751300334f52e35f893ac854f/news/nolan-odusszeiaja-rekordot-dontott-az-ev-masodik-legjobb-nyi.jpg
[04:28:15] Image_Downloader: Download failed (https://raw.githubusercontent.com/Derushir/Kepek/main/67c6357751300334f52e35f893ac854f/news/kilenc-hires-szinesz-aki-egesz-filmeken-keresztul-csak-zavar.webp): 404 Client Error: Not Found for url: https://raw.githubusercontent.com/Derushir/Kepek/main/67c6357751300334f52e35f893ac854f/news/kilenc-hires-szinesz-aki-egesz-filmeken-keresztul-csak-zavar.webp
[04:28:15] Image_Downloader: Download failed (https://raw.githubusercontent.com/Derushir/Kepek/main/67c6357751300334f52e35f893ac854f/news/a-modern-warfare-univerzumban-jatszodik-majd-a-call-of-duty-.jpg): 404 Client Error: Not Found for url: https://raw.githubusercontent.com/Derushir/Kepek/main/67c6357751300334f52e35f893ac854f/news/a-modern-warfare-univerzumban-jatszodik-majd-a-call-of-duty-.jpg
[04:28:15] Image_Downloader: Download failed (https://raw.githubusercontent.com/Derushir/Kepek/main/67c6357751300334f52e35f893ac854f/news/intel-core-ultra-200s-plus-korrekcio-a-processzorpiacon.jpg): 404 Client Error: Not Found for url: https://raw.githubusercontent.com/Derushir/Kepek/main/67c6357751300334f52e35f893ac854f/news/intel-core-ultra-200s-plus-korrekcio-a-processzorpiacon.jpg
[04:28:15] Image_Downloader: Download failed (https://raw.githubusercontent.com/Derushir/Kepek/main/67c6357751300334f52e35f893ac854f/news/forge-of-the-fae-zelda-stilusu-rpg-stardew-valley-hangulatta.jpg): 404 Client Error: Not Found for url: https://raw.githubusercontent.com/Derushir/Kepek/main/67c6357751300334f52e35f893ac854f/news/forge-of-the-fae-zelda-stilusu-rpg-stardew-valley-hangulatta.jpg
[04:28:15] Image_Downloader: Download failed (https://raw.githubusercontent.com/Derushir/Kepek/main/67c6357751300334f52e35f893ac854f/news/harom-rendkivuli-muveszno-absztrakt-tarlata-a-bard-college-h.jpg): 404 Client Error: Not Found for url: https://raw.githubusercontent.com/Derushir/Kepek/main/67c6357751300334f52e35f893ac854f/news/harom-rendkivuli-muveszno-absztrakt-tarlata-a-bard-college-h.jpg
[04:28:15] Image_Downloader: Download failed (https://raw.githubusercontent.com/Derushir/Kepek/main/67c6357751300334f52e35f893ac854f/news/ot-ikonikus-sorozatfinale-amely-maig-kerdeseket-hagy-maga-ut.webp): 404 Client Error: Not Found for url: https://raw.githubusercontent.com/Derushir/Kepek/main/67c6357751300334f52e35f893ac854f/news/ot-ikonikus-sorozatfinale-amely-maig-kerdeseket-hagy-maga-ut.webp
[04:28:15] Image_Downloader: Download failed (https://raw.githubusercontent.com/Derushir/Kepek/main/67c6357751300334f52e35f893ac854f/news/bezar-a-final-fantasy-xiv-mobilos-valtozata-meg-a-globalis-r.jpg): 404 Client Error: Not Found for url: https://raw.githubusercontent.com/Derushir/Kepek/main/67c6357751300334f52e35f893ac854f/news/bezar-a-final-fantasy-xiv-mobilos-valtozata-meg-a-globalis-r.jpg
[04:28:15] Image_Downloader: Download failed (https://raw.githubusercontent.com/Derushir/Kepek/main/67c6357751300334f52e35f893ac854f/news/iden-osszel-erkezik-a-witcher-no-mans-land-tarsasjatek.jpg): 404 Client Error: Not Found for url: https://raw.githubusercontent.com/Derushir/Kepek/main/67c6357751300334f52e35f893ac854f/news/iden-osszel-erkezik-a-witcher-no-mans-land-tarsasjatek.jpg
[04:28:15] Image_Downloader: Download failed (https://raw.githubusercontent.com/Derushir/Kepek/main/67c6357751300334f52e35f893ac854f/news/uj-mod-teszi-bejarhatova-a-gta-5-epuleteinek-nagy-reszet.jpg): 404 Client Error: Not Found for url: https://raw.githubusercontent.com/Derushir/Kepek/main/67c6357751300334f52e35f893ac854f/news/uj-mod-teszi-bejarhatova-a-gta-5-epuleteinek-nagy-reszet.jpg
[04:28:15] Image_Downloader: Download failed (https://raw.githubusercontent.com/Derushir/Kepek/main/67c6357751300334f52e35f893ac854f/news/kesobb-meg-erkezhet-az-assassins-creed-freedom-cry-felujitas.jpg): 404 Client Error: Not Found for url: https://raw.githubusercontent.com/Derushir/Kepek/main/67c6357751300334f52e35f893ac854f/news/kesobb-meg-erkezhet-az-assassins-creed-freedom-cry-felujitas.jpg
[04:28:16] Image_Downloader: Download failed (https://raw.githubusercontent.com/Derushir/Kepek/main/67c6357751300334f52e35f893ac854f/news/megerkeztek-a-raidek-az-erenshor-cimu-szimulalt-mmo-ba.jpg): 404 Client Error: Not Found for url: https://raw.githubusercontent.com/Derushir/Kepek/main/67c6357751300334f52e35f893ac854f/news/megerkeztek-a-raidek-az-erenshor-cimu-szimulalt-mmo-ba.jpg
[04:28:16] Image_Downloader: Download failed (https://raw.githubusercontent.com/Derushir/Kepek/main/67c6357751300334f52e35f893ac854f/news/az-imdb-n-is-sikeres-christopher-nolan-odusszeia-cimu-filmje.jpg): 404 Client Error: Not Found for url: https://raw.githubusercontent.com/Derushir/Kepek/main/67c6357751300334f52e35f893ac854f/news/az-imdb-n-is-sikeres-christopher-nolan-odusszeia-cimu-filmje.jpg
[04:28:16] Image_Downloader: Download failed (https://raw.githubusercontent.com/Derushir/Kepek/main/67c6357751300334f52e35f893ac854f/news/vitatott-donteseket-iger-a-megasztar-uj-zsurije.jpg): 404 Client Error: Not Found for url: https://raw.githubusercontent.com/Derushir/Kepek/main/67c6357751300334f52e35f893ac854f/news/vitatott-donteseket-iger-a-megasztar-uj-zsurije.jpg
[04:28:16] Image_Downloader: Download failed (https://www.mafab.hu/static/images/article/the-dink-apple-tv.jpg): 404 Client Error: Not Found for url: https://www.mafab.hu/static/images/article/the-dink-apple-tv.jpg
[04:28:16] Image_Downloader: Download failed (https://raw.githubusercontent.com/Derushir/Kepek/main/67c6357751300334f52e35f893ac854f/news/a-csaladi-kapcsolatok-megszakitasa-mi-all-a-hatterben.jpg): 404 Client Error: Not Found for url: https://raw.githubusercontent.com/Derushir/Kepek/main/67c6357751300334f52e35f893ac854f/news/a-csaladi-kapcsolatok-megszakitasa-mi-all-a-hatterben.jpg
[04:28:17] Image_Downloader: Download failed (https://raw.githubusercontent.com/Derushir/Kepek/main/67c6357751300334f52e35f893ac854f/news/tarsadalmi-elvarasok-es-a-noi-intim-szortelenites-osszefugge.jpg): 404 Client Error: Not Found for url: https://raw.githubusercontent.com/Derushir/Kepek/main/67c6357751300334f52e35f893ac854f/news/tarsadalmi-elvarasok-es-a-noi-intim-szortelenites-osszefugge.jpg
[04:28:17] Image_Downloader: Download failed (https://raw.githubusercontent.com/Derushir/Kepek/main/67c6357751300334f52e35f893ac854f/news/arak-a-horvatorszagi-krk-szigeten-ennyibe-kerul-az-etkezes-i.png): 404 Client Error: Not Found for url: https://raw.githubusercontent.com/Derushir/Kepek/main/67c6357751300334f52e35f893ac854f/news/arak-a-horvatorszagi-krk-szigeten-ennyibe-kerul-az-etkezes-i.png
[04:28:17] Image_Downloader: Download failed (https://raw.githubusercontent.com/Derushir/Kepek/main/67c6357751300334f52e35f893ac854f/news/elveszett-gazdatlan-csomagok-vasara-nyilt-az-arkadban.jpg): 404 Client Error: Not Found for url: https://raw.githubusercontent.com/Derushir/Kepek/main/67c6357751300334f52e35f893ac854f/news/elveszett-gazdatlan-csomagok-vasara-nyilt-az-arkadban.jpg
[04:28:19] Image_Downloader: Download failed (https://raw.githubusercontent.com/Derushir/Kepek/main/67c6357751300334f52e35f893ac854f/news/a-mikroagresszio-ot-alattomos-formaja-a-munkahelyi-es-tarsad.jpg): 404 Client Error: Not Found for url: https://raw.githubusercontent.com/Derushir/Kepek/main/67c6357751300334f52e35f893ac854f/news/a-mikroagresszio-ot-alattomos-formaja-a-munkahelyi-es-tarsad.jpg
[04:28:19] Image_Downloader: Download failed (https://raw.githubusercontent.com/Derushir/Kepek/main/67c6357751300334f52e35f893ac854f/news/pikans-feliratu-rendszamot-kapott-egy-floridai-nyugdijas-a-h.jpg): 404 Client Error: Not Found for url: https://raw.githubusercontent.com/Derushir/Kepek/main/67c6357751300334f52e35f893ac854f/news/pikans-feliratu-rendszamot-kapott-egy-floridai-nyugdijas-a-h.jpg
[04:28:19] Image_Downloader: Download failed (https://raw.githubusercontent.com/Derushir/Kepek/main/67c6357751300334f52e35f893ac854f/news/folyamatos-vercukormeres-a-dexcom-g6-es-az-uj-g7-technologia.jpg): 404 Client Error: Not Found for url: https://raw.githubusercontent.com/Derushir/Kepek/main/67c6357751300334f52e35f893ac854f/news/folyamatos-vercukormeres-a-dexcom-g6-es-az-uj-g7-technologia.jpg
[04:28:19] Image_Downloader: Download failed (https://raw.githubusercontent.com/Derushir/Kepek/main/67c6357751300334f52e35f893ac854f/news/miert-alszunk-el-filmnezes-kozben-nem-feltetlenul-a-faradtsa.jpg): 404 Client Error: Not Found for url: https://raw.githubusercontent.com/Derushir/Kepek/main/67c6357751300334f52e35f893ac854f/news/miert-alszunk-el-filmnezes-kozben-nem-feltetlenul-a-faradtsa.jpg
[04:28:19] Image_Downloader: Download failed (https://raw.githubusercontent.com/Derushir/Kepek/main/67c6357751300334f52e35f893ac854f/news/biztonsagi-or-tessekelt-ki-egy-anyat-a-boltbol-a-ruhazata-mi.jpg): 404 Client Error: Not Found for url: https://raw.githubusercontent.com/Derushir/Kepek/main/67c6357751300334f52e35f893ac854f/news/biztonsagi-or-tessekelt-ki-egy-anyat-a-boltbol-a-ruhazata-mi.jpg
[04:28:19] Image_Downloader: Download failed (https://raw.githubusercontent.com/Derushir/Kepek/main/67c6357751300334f52e35f893ac854f/news/kesha-tobb-mint-ezer-fogbol-allo-bizarr-gyujtemenyt-tart-ott.jpg): 404 Client Error: Not Found for url: https://raw.githubusercontent.com/Derushir/Kepek/main/67c6357751300334f52e35f893ac854f/news/kesha-tobb-mint-ezer-fogbol-allo-bizarr-gyujtemenyt-tart-ott.jpg
[04:28:19] Image_Downloader: Download failed (https://raw.githubusercontent.com/Derushir/Kepek/main/67c6357751300334f52e35f893ac854f/news/modosultak-az-nb-i-szabalyai-nincs-hidratacios-szunet-es-eny.jpg): 404 Client Error: Not Found for url: https://raw.githubusercontent.com/Derushir/Kepek/main/67c6357751300334f52e35f893ac854f/news/modosultak-az-nb-i-szabalyai-nincs-hidratacios-szunet-es-eny.jpg
[04:28:19] Image_Downloader: Download failed (https://raw.githubusercontent.com/Derushir/Kepek/main/67c6357751300334f52e35f893ac854f/news/az-mlsz-az-uefa-gyakorlatat-koveti-a-magyar-bajnoksagban.jpg): 404 Client Error: Not Found for url: https://raw.githubusercontent.com/Derushir/Kepek/main/67c6357751300334f52e35f893ac854f/news/az-mlsz-az-uefa-gyakorlatat-koveti-a-magyar-bajnoksagban.jpg
[04:28:20] Image_Downloader: Download failed (https://raw.githubusercontent.com/Derushir/Kepek/main/67c6357751300334f52e35f893ac854f/news/a-kansas-city-royals-igeretes-de-kiszamithatatlan-dobotehets.jpg): 404 Client Error: Not Found for url: https://raw.githubusercontent.com/Derushir/Kepek/main/67c6357751300334f52e35f893ac854f/news/a-kansas-city-royals-igeretes-de-kiszamithatatlan-dobotehets.jpg
[04:28:20] Image_Downloader: Download failed (https://raw.githubusercontent.com/Derushir/Kepek/main/67c6357751300334f52e35f893ac854f/news/morgan-rogers-az-aston-villatol-a-chelsea-hez-igazolt-137-mi.jpg): 404 Client Error: Not Found for url: https://raw.githubusercontent.com/Derushir/Kepek/main/67c6357751300334f52e35f893ac854f/news/morgan-rogers-az-aston-villatol-a-chelsea-hez-igazolt-137-mi.jpg
[04:28:20] Image_Downloader: Download failed (https://raw.githubusercontent.com/Derushir/Kepek/main/67c6357751300334f52e35f893ac854f/news/sarga-zaszlo-akadalyozta-charles-leclerc-t-a-belga-f1-idomer.jpg): 404 Client Error: Not Found for url: https://raw.githubusercontent.com/Derushir/Kepek/main/67c6357751300334f52e35f893ac854f/news/sarga-zaszlo-akadalyozta-charles-leclerc-t-a-belga-f1-idomer.jpg
[04:28:20] Image_Downloader: Download failed (https://raw.githubusercontent.com/Derushir/Kepek/main/67c6357751300334f52e35f893ac854f/news/aaron-judge-serulese-komoly-veszelyt-jelent-a-new-york-yanke.jpg): 404 Client Error: Not Found for url: https://raw.githubusercontent.com/Derushir/Kepek/main/67c6357751300334f52e35f893ac854f/news/aaron-judge-serulese-komoly-veszelyt-jelent-a-new-york-yanke.jpg
[04:28:20] Image_Downloader: Download failed (https://raw.githubusercontent.com/Derushir/Kepek/main/67c6357751300334f52e35f893ac854f/news/george-russell-elegedetlen-a-mercedesnel-tapasztalt-rejtelye.jpg): 404 Client Error: Not Found for url: https://raw.githubusercontent.com/Derushir/Kepek/main/67c6357751300334f52e35f893ac854f/news/george-russell-elegedetlen-a-mercedesnel-tapasztalt-rejtelye.jpg
[04:28:20] Image_Downloader: Download failed (https://raw.githubusercontent.com/Derushir/Kepek/main/67c6357751300334f52e35f893ac854f/news/nfl-jatekosok-kovetelik-a-termeszetes-gyep-hasznalatat.jpg): 404 Client Error: Not Found for url: https://raw.githubusercontent.com/Derushir/Kepek/main/67c6357751300334f52e35f893ac854f/news/nfl-jatekosok-kovetelik-a-termeszetes-gyep-hasznalatat.jpg
