[00:06:17] Summarizer: [Batch] 4 item(s) missing from response → marked for reprocessing
[00:06:27] Summarizer: [Batch] 1 item(s) missing from response → marked for reprocessing
[00:06:34] Summarizer: [Batch] 3 item(s) missing from response → marked for reprocessing
[00:06:51] Summarizer: [Batch] 2 item(s) missing from response → marked for reprocessing
[00:06:51] Summarizer: [Perplexity] ⚠️ PAIRING FAIL: 'https://infostart.hu/inforadio/napinfo/adasok/2026/03/01/napinfo-2026-marcius-1' not found. KEEPING ITEM (Fallback).
[00:06:51] Summarizer: [Perplexity] ⚠️ PAIRING FAIL: 'https://www.hirkereso.hu/tech/friss/' not found. KEEPING ITEM (Fallback).
[00:07:58] Summarizer: [Batch] 1 item(s) missing from response → marked for reprocessing
[00:08:24] Summarizer: [Batch] 2 item(s) missing from response → marked for reprocessing
[00:08:24] Summarizer: [GeminiSelenium] ⚠️ PAIRING FAIL: 'https://prohardver.hu/hir/mwc_2026_muholdakkal_tomne_ki_a_telekom_a_lefedet.html' not found. KEEPING ITEM (Fallback).
[00:08:37] Summarizer: [Batch] 2 item(s) missing from response → marked for reprocessing
[00:09:05] Summarizer: [DownloadWorker-4] SKIP (duplicate title): Filmek, képek, díjak...
[00:09:07] Summarizer: [Batch] 1 item(s) missing from response → marked for reprocessing
[00:09:32] Summarizer: [Batch] 1 item(s) missing from response → marked for reprocessing
[00:09:37] Summarizer: [Batch] 3 item(s) missing from response → marked for reprocessing
[00:09:59] Summarizer: [Batch] No response from API (attempt 1/3)
[00:10:20] Summarizer: [Batch] 1 item(s) missing from response → marked for reprocessing
[00:10:27] Summarizer: [Batch] 2 item(s) missing from response → marked for reprocessing
[00:10:59] Summarizer: [Batch] No response from API (attempt 1/3)
[00:11:06] Summarizer: [Batch] No response from API (attempt 1/3)
[00:11:08] Summarizer: [Batch] Invalid JSON (attempt 1/3)
[00:11:08] Summarizer: [Batch] Invalid JSON error: json.loads failed (pass 1): Expecting ',' delimiter: line 5 column 307 (char 462)
[00:11:08] Summarizer: [Batch] Invalid JSON error: json.loads failed (pass 2): Expecting ',' delimiter: line 5 column 307 (char 462)
[00:11:08] Summarizer: [Batch] Invalid JSON error: json.loads failed (pass 3): Expecting ',' delimiter: line 5 column 307 (char 462)
[00:11:08] Summarizer: [Batch] Invalid JSON error: Iterative repair stuck at round 2: Expecting property name enclosed in double quotes: line 5 column 308 (char 463)
[00:11:08] Summarizer: [Batch] Invalid JSON error: Final parse error: JSONDecodeError("Expecting ',' delimiter: line 5 column 307 (char 462)")
[00:11:09] Summarizer: [Batch] No response from API (attempt 2/3)
[00:11:12] Summarizer: [DownloadWorker-7] SKIP (duplicate title): Film magazin...
[00:11:16] Summarizer: [Batch] No response from API (attempt 2/3)
[00:11:19] Summarizer: [Batch] No response from API (attempt 3/3)
[00:11:21] Summarizer: [Batch] No response from API (attempt 1/3)
[00:11:26] Summarizer: [Batch] Invalid JSON (attempt 2/3)
[00:11:26] Summarizer: [Batch] Invalid JSON error: json.loads failed (pass 1): Expecting ',' delimiter: line 5 column 311 (char 463)
[00:11:26] Summarizer: [Batch] Invalid JSON error: json.loads failed (pass 2): Expecting ',' delimiter: line 5 column 311 (char 463)
[00:11:26] Summarizer: [Batch] Invalid JSON error: json.loads failed (pass 3): Expecting ',' delimiter: line 5 column 311 (char 463)
[00:11:26] Summarizer: [Batch] Invalid JSON error: Iterative repair stuck at round 2: Expecting property name enclosed in double quotes: line 5 column 312 (char 464)
[00:11:26] Summarizer: [Batch] Invalid JSON error: Final parse error: JSONDecodeError("Expecting ',' delimiter: line 5 column 311 (char 463)")
[00:11:26] Summarizer: [Batch] No response from API (attempt 3/3)
[00:11:31] Summarizer: [Batch] No response from API (attempt 1/3)
[00:11:32] Summarizer: [Batch] No response from API (attempt 2/3)
[00:11:41] Summarizer: [Batch] No response from API (attempt 2/3)
[00:11:42] Summarizer: [Batch] No response from API (attempt 3/3)
[00:11:45] Summarizer: [Batch] Invalid JSON (attempt 3/3)
[00:11:45] Summarizer: [Batch] Invalid JSON error: json.loads failed (pass 1): Expecting ',' delimiter: line 5 column 339 (char 494)
[00:11:45] Summarizer: [Batch] Invalid JSON error: json.loads failed (pass 2): Expecting ',' delimiter: line 5 column 339 (char 494)
[00:11:45] Summarizer: [Batch] Invalid JSON error: json.loads failed (pass 3): Expecting ',' delimiter: line 5 column 339 (char 494)
[00:11:45] Summarizer: [Batch] Invalid JSON error: Iterative repair stuck at round 2: Expecting property name enclosed in double quotes: line 5 column 340 (char 495)
[00:11:45] Summarizer: [Batch] Invalid JSON error: Final parse error: JSONDecodeError("Expecting ',' delimiter: line 5 column 339 (char 494)")
[00:11:47] Summarizer: [Batch] No response from API (attempt 1/3)
[00:11:49] Summarizer: [Batch] 3 item(s) missing from response → marked for reprocessing
[00:11:52] Summarizer: [Batch] No response from API (attempt 3/3)
[00:11:57] Summarizer: [Batch] No response from API (attempt 1/3)
[00:11:57] Summarizer: [Batch] No response from API (attempt 2/3)
[00:12:07] Summarizer: [Batch] No response from API (attempt 2/3)
[00:12:07] Summarizer: [Batch] No response from API (attempt 3/3)
[00:12:13] Summarizer: [Batch] No response from API (attempt 1/3)
[00:12:13] Summarizer: [DownloadWorker-9] SKIP (duplicate title): Fél év alatt letarolta a lakáspiacot az ...
[00:12:27] Summarizer: [Batch] 1 item(s) missing from response → marked for reprocessing
[00:12:32] Summarizer: [Batch] 1 item(s) missing from response → marked for reprocessing
[00:12:59] Summarizer: [Batch] 1 item(s) missing from response → marked for reprocessing
[00:12:59] Summarizer: [Perplexity] ⚠️ PAIRING FAIL: 'https://mafab.hu/movies/28-years-later-part-2-the-bone-temple-663896.html?utm_source=topStreamingClick' not found. KEEPING ITEM (Fallback).
[00:13:01] Summarizer: [Batch] 🔧 No balanced array found, but recovered 3 individual object(s)
[00:13:01] Summarizer: [Batch] 1 item(s) missing from response → marked for reprocessing
[00:13:06] Summarizer: [DownloadWorker-8] SKIP (duplicate title): Csoda olasz módra...
[00:13:13] Summarizer: [Batch] No response from API (attempt 1/3)
[00:13:19] Summarizer: [DownloadWorker-7] SKIP (duplicate title): Filmek, képek, díjak...
[00:13:23] Summarizer: [DownloadWorker-6] SKIP (duplicate title): The Defender Sport EV is almost here as ...
[00:13:23] Summarizer: [Batch] No response from API (attempt 2/3)
[00:13:30] Summarizer: [Batch] No response from API (attempt 1/3)
[00:13:34] Summarizer: [Batch] No response from API (attempt 3/3)
[00:13:40] Summarizer: [Batch] No response from API (attempt 2/3)
[00:13:50] Summarizer: [Batch] No response from API (attempt 3/3)
[00:14:01] Summarizer: [DownloadWorker-2] SKIP (duplicate title): Filmek, képek, díjak...
[00:14:34] Summarizer: [DownloadWorker-5] SKIP (duplicate title): Kritikák, videók, szereplők...
[00:14:35] Summarizer: [Batch] No response from API (attempt 1/3)
[00:14:40] Summarizer: [Batch] 1 item(s) missing from response → marked for reprocessing
[00:14:45] Summarizer: [Batch] No response from API (attempt 2/3)
[00:14:56] Summarizer: [Batch] No response from API (attempt 3/3)
[00:15:29] Summarizer: [Batch] No response from API (attempt 1/3)
[00:15:39] Summarizer: [Batch] No response from API (attempt 2/3)
[00:15:42] Summarizer: [Batch] No response from API (attempt 1/3)
[00:15:49] Summarizer: [Batch] No response from API (attempt 3/3)
[00:16:37] Summarizer: [Batch] Invalid JSON (attempt 1/3)
[00:16:37] Summarizer: [Batch] Invalid JSON error: json.loads failed (pass 1): Expecting ',' delimiter: line 5 column 353 (char 474)
[00:16:37] Summarizer: [Batch] Invalid JSON error: json.loads failed (pass 2): Expecting ',' delimiter: line 5 column 353 (char 474)
[00:16:37] Summarizer: [Batch] Invalid JSON error: json.loads failed (pass 3): Expecting ',' delimiter: line 5 column 353 (char 474)
[00:16:37] Summarizer: [Batch] Invalid JSON error: Iterative repair stuck at round 2: Expecting property name enclosed in double quotes: line 5 column 354 (char 475)
[00:16:37] Summarizer: [Batch] Invalid JSON error: Final parse error: JSONDecodeError("Expecting ',' delimiter: line 5 column 353 (char 474)")
