[02:46:45] Summarizer: [Batch] 2 item(s) missing from response → marked for reprocessing
[08:40:16] Summarizer: [Batch] No response from API (attempt 1/3)
[08:56:31] Summarizer: [Batch] No response from API (attempt 1/3)
[08:57:00] Summarizer: [Batch] No response from API (attempt 2/3)
[08:57:24] Summarizer: [DownloadWorker-1] SKIP (duplicate title): Articles & Guides...
[09:13:09] Summarizer: [Batch] 🔧 No balanced array found, but recovered 2 individual object(s)
[09:13:09] Summarizer: [Batch] 5 item(s) missing from response → marked for reprocessing
[09:13:09] Summarizer: [Batch] No response from API (attempt 3/3)
[09:13:22] Summarizer: [DownloadWorker-6] SKIP (duplicate title): Ezekkel játszottak a PC-s és konzolos já...
[09:13:36] Summarizer: [Batch] 3 item(s) missing from response → marked for reprocessing
[09:13:53] Summarizer: [Batch] No response from API (attempt 1/3)
[09:13:53] Summarizer: [Batch] No response from API (attempt 1/3)
[09:17:29] Summarizer: [Batch] No response from API (attempt 1/3)
[09:18:02] Summarizer: [DownloadWorker-1] SKIP (duplicate title): Filmek, képek, díjak...
[09:20:38] Summarizer: [Batch] 2 item(s) missing from response → marked for reprocessing
[09:20:38] Summarizer: [FreeGeminiAPI] ⚠️ PAIRING FAIL: 'https://hvg.hu/tudomany/2026/02/23/horse-powertrain-uj-hibrid-hajtaslanc-megujulo-uzemanyag-h12' not found. KEEPING ITEM (Fallback).
[09:20:53] Summarizer: [DownloadWorker-8] SKIP (duplicate title): Online Jegyvásárlás...
[09:21:00] Summarizer: [Batch] No response from API (attempt 2/3)
[09:21:03] Summarizer: [DownloadWorker-8] SKIP (duplicate title): Kritikák, videók, szereplők...
[09:21:19] Summarizer: [Batch] 1 item(s) missing from response → marked for reprocessing
[09:21:40] Summarizer: [Batch] 4 item(s) missing from response → marked for reprocessing
[09:22:09] Summarizer: [DownloadWorker-5] SKIP (duplicate title): Articles & Guides...
[09:22:10] Summarizer: [DownloadWorker-8] SKIP (duplicate title): Crypto.com Receives Conditional Approval...
[09:22:11] Summarizer: [Batch] 2 item(s) missing from response → marked for reprocessing
[09:22:12] Summarizer: [Batch] 2 item(s) missing from response → marked for reprocessing
[09:22:24] Summarizer: TIMEOUT (180s) - backend call took too long
[09:23:13] Summarizer: [Batch] 4 item(s) missing from response → marked for reprocessing
[09:23:18] Summarizer: [DownloadWorker-6] SKIP (duplicate title): Economx.hu...
[09:23:24] Summarizer: [DownloadWorker-1] SKIP (duplicate title): Crypto.com Secures Conditional Approval ...
[09:23:37] Summarizer: [Batch] Invalid JSON (attempt 1/3)
[09:23:37] Summarizer: [Batch] Invalid JSON error: No JSON payload found in response.
[09:23:37] Summarizer: [Batch] No JSON payload, but response is 959 chars - attempting repair...
[09:23:41] Summarizer: [Batch] No response from API (attempt 1/3)
[09:24:17] Summarizer: [DownloadWorker-4] SKIP (duplicate title): Cryptio Software Review : Crypto Account...
[09:24:18] Summarizer: [Batch] 3 item(s) missing from response → marked for reprocessing
[09:24:45] Summarizer: [Batch] 4 item(s) missing from response → marked for reprocessing
[09:24:59] Summarizer: [Batch] 2 item(s) missing from response → marked for reprocessing
[09:25:07] Summarizer: [Batch] 4 item(s) missing from response → marked for reprocessing
[09:25:23] Summarizer: [Batch] 3 item(s) missing from response → marked for reprocessing
[09:26:16] Summarizer: [Batch] 6 item(s) missing from response → marked for reprocessing
[09:26:19] Summarizer: [Batch] 🔧 No balanced array found, but recovered 5 individual object(s)
[09:26:19] Summarizer: [Batch] 2 item(s) missing from response → marked for reprocessing
[09:26:24] Summarizer: [DownloadWorker-0] SKIP (duplicate title): Minden fejlemény, amit a(z) ecomonitor t...
[09:26:27] Summarizer: [Batch] 2 item(s) missing from response → marked for reprocessing
[09:27:05] Summarizer: [Batch] No response from API (attempt 1/3)
[09:27:07] Summarizer: [Batch] 🔧 No balanced array found, but recovered 1 individual object(s)
[09:27:07] Summarizer: [Batch] 6 item(s) missing from response → marked for reprocessing
[09:27:28] Summarizer: [Batch] 2 item(s) missing from response → marked for reprocessing
[09:27:35] Summarizer: [Batch] 1 item(s) missing from response → marked for reprocessing
[09:27:37] Summarizer: [Batch] No response from API (attempt 2/3)
[09:28:05] Summarizer: [Batch] 2 item(s) missing from response → marked for reprocessing
[09:28:21] Summarizer: [Batch] No response from API (attempt 3/3)
[09:28:31] Summarizer: [DownloadWorker-9] SKIP (duplicate title): Articles & Guides...
[09:28:37] Summarizer: [Batch] 3 item(s) missing from response → marked for reprocessing
[09:28:37] Summarizer: [Batch] 1 item(s) missing from response → marked for reprocessing
[09:28:48] Summarizer: [Batch] No response from API (attempt 1/3)
[09:28:59] Summarizer: [Batch] 3 item(s) missing from response → marked for reprocessing
[09:29:19] Summarizer: [Batch] Invalid JSON (attempt 1/3)
[09:29:19] Summarizer: [Batch] Invalid JSON error: No JSON payload found in response.
[09:29:19] Summarizer: [Batch] Skipping repair: No JSON payload found (response too short).
[09:29:37] Summarizer: [DownloadWorker-7] SKIP (duplicate title): Moziműsor...
[09:29:56] Summarizer: [Batch] 3 item(s) missing from response → marked for reprocessing
[09:30:34] Summarizer: [Batch] 1 item(s) missing from response → marked for reprocessing
[09:30:41] Summarizer: [DownloadWorker-3] SKIP (duplicate title): Articles & Guides...
[09:30:49] Summarizer: [DownloadWorker-5] SKIP (duplicate title): Felhasználói adatlap...
[09:30:58] Summarizer: [Batch] 2 item(s) missing from response → marked for reprocessing
[09:31:31] Summarizer: [Batch] 1 item(s) missing from response → marked for reprocessing
[09:31:32] Summarizer: [Batch] 1 item(s) missing from response → marked for reprocessing
[09:31:39] Summarizer: [DownloadWorker-0] SKIP (duplicate title): TV műsor...
[09:31:46] Summarizer: [DownloadWorker-4] SKIP (duplicate title): Articles & Guides...
[09:31:59] Summarizer: [Batch] 1 item(s) missing from response → marked for reprocessing
[09:32:08] Summarizer: [Batch] 4 item(s) missing from response → marked for reprocessing
[09:32:19] Summarizer: [Batch] No response from API (attempt 1/3)
[09:32:29] Summarizer: [Batch] No response from API (attempt 2/3)
[09:32:40] Summarizer: [Batch] No response from API (attempt 3/3)
[09:32:41] Summarizer: [Batch] No response from API (attempt 1/3)
[09:32:44] Summarizer: [Batch] 1 item(s) missing from response → marked for reprocessing
[09:32:51] Summarizer: [Batch] 1 item(s) missing from response → marked for reprocessing
[09:33:16] Summarizer: [Batch] 2 item(s) missing from response → marked for reprocessing
[09:33:19] Summarizer: [Batch] 1 item(s) missing from response → marked for reprocessing
[09:33:34] Summarizer: [Batch] Invalid JSON (attempt 1/3)
[09:33:34] Summarizer: [Batch] Invalid JSON error: No JSON payload found in response.
[09:33:34] Summarizer: [Batch] Skipping repair: No JSON payload found (response too short).
[09:34:05] Summarizer: [Batch] 2 item(s) missing from response → marked for reprocessing
[09:34:23] Summarizer: [Batch] 2 item(s) missing from response → marked for reprocessing
[09:34:26] Summarizer: [Batch] 1 item(s) missing from response → marked for reprocessing
[09:34:41] Summarizer: [Batch] 1 item(s) missing from response → marked for reprocessing
[09:34:41] Summarizer: [FreeGeminiAPI] ⚠️ PAIRING FAIL: 'https://www.portfolio.hu/gazdasag/20260223_evakualtak-egy-iskolat-mezokovesden-23-diak-es-egy-tanar-panaszkodott-rosszulletre-819930' not found. KEEPING ITEM (Fallback).
[09:34:53] Image_Downloader: Download failed (https://www.mafab.hu/img/images/1(95).JPG): 404 Client Error: Not Found for url: https://www.mafab.hu/img/images/1(95).JPG
[09:34:58] Image_Downloader: Download failed (https://pcdn.hu/articles/images-xl/h/o/r/horvatorszag-strand-nyaralas-turizmus-tengerpart-605034.jpg): HTTPSConnectionPool(host='pcdn.hu', port=443): Read timed out. (read timeout=20)
[09:36:07] Image_Downloader: Download failed (https://www.mafab.hu/img/images/1(95).JPG): 404 Client Error: Not Found for url: https://www.mafab.hu/img/images/1(95).JPG
