
--- RSS Fetch Errors at 2026-07-20 00:27:34 ---
Error fetching https://techpowerup.com/rss/news: HTTP Error 403: 
Error fetching https://prog.hu/site/backend/proghu-rss.xml: Failed to perform, curl: (60) SSL certificate problem: unable to get local issuer certificate. See https://curl.se/libcurl/c/libcurl-errors.html first for more details.
Error fetching https://www.drive.com.au/feed/: HTTP Error 403: 
Error fetching https://leetgaming.com/feed/: Failed to perform, curl: (28) Connection timed out after 10003 milliseconds. See https://curl.se/libcurl/c/libcurl-errors.html first for more details.
Error fetching https://velvet.hu/feed: HTTP Error 404: Not Found
Error fetching https://cliffhanger.hu/feed: HTTP Error 403: 
Error fetching https://prog.hu/hirek/rss: Failed to perform, curl: (60) SSL certificate problem: unable to get local issuer certificate. See https://curl.se/libcurl/c/libcurl-errors.html first for more details.
Error fetching https://femina.hu/feed: Failed to perform, curl: (28) Connection timed out after 10002 milliseconds. See https://curl.se/libcurl/c/libcurl-errors.html first for more details.
Error fetching https://hwsw.hu/hirek/rss: Failed to perform, curl: (28) Connection timed out after 10001 milliseconds. See https://curl.se/libcurl/c/libcurl-errors.html first for more details.
Error fetching https://instylemen.hu/feed: Failed to perform, curl: (28) Connection timed out after 10003 milliseconds. See https://curl.se/libcurl/c/libcurl-errors.html first for more details.
Error fetching https://www.playboy.com/read/classics/feed: Failed to perform, curl: (28) Connection timed out after 10003 milliseconds. See https://curl.se/libcurl/c/libcurl-errors.html first for more details.

--- RSS Fetch Errors at 2026-07-20 00:59:52 ---
Error fetching https://techpowerup.com/rss/news: HTTP Error 403: 
Error fetching https://www.drive.com.au/feed/: HTTP Error 403: 
Error fetching https://www.sciencedaily.com/rss/all.xml: Failed to perform, curl: (28) Resolving timed out after 1019003 milliseconds. See https://curl.se/libcurl/c/libcurl-errors.html first for more details.
Error fetching https://www.nasa.gov/rss/dyn/breaking_news.rss: Failed to perform, curl: (28) Connection timed out after 1018892 milliseconds. See https://curl.se/libcurl/c/libcurl-errors.html first for more details.
Error fetching https://bitcoinmagazine.com/.rss/full/: Failed to perform, curl: (28) Operation timed out after 1016890 milliseconds with 0 bytes received. See https://curl.se/libcurl/c/libcurl-errors.html first for more details.
Error fetching https://www.cnet.com/rss/news/: Failed to perform, curl: (28) Connection timed out after 1020896 milliseconds. See https://curl.se/libcurl/c/libcurl-errors.html first for more details.
Error fetching https://www.space.com/feeds/all: Failed to perform, curl: (28) Resolving timed out after 1018892 milliseconds. See https://curl.se/libcurl/c/libcurl-errors.html first for more details.
Error fetching https://electrek.co/feed/: Failed to perform, curl: (28) Operation timed out after 1017893 milliseconds with 0 bytes received. See https://curl.se/libcurl/c/libcurl-errors.html first for more details.
Error fetching https://insideevs.com/rss/articles/all: Failed to perform, curl: (28) Operation timed out after 1017970 milliseconds with 0 bytes received. See https://curl.se/libcurl/c/libcurl-errors.html first for more details.
Error fetching https://hvg.hu/rss: Failed to perform, curl: (28) Resolving timed out after 1015891 milliseconds. See https://curl.se/libcurl/c/libcurl-errors.html first for more details.
Error fetching https://feeds.forbes.com/real-time/feed2/: Failed to perform, curl: (28) Connection timed out after 1016459 milliseconds. See https://curl.se/libcurl/c/libcurl-errors.html first for more details.
Error fetching https://www.forbes.com/most-popular/feed/: Failed to perform, curl: (28) Connection timed out after 1016367 milliseconds. See https://curl.se/libcurl/c/libcurl-errors.html first for more details.
Error fetching https://www.livescience.com/feeds/all: Failed to perform, curl: (28) Resolving timed out after 1019896 milliseconds. See https://curl.se/libcurl/c/libcurl-errors.html first for more details.
Error fetching https://drive.hu/rss: Failed to perform, curl: (28) Resolving timed out after 1016141 milliseconds. See https://curl.se/libcurl/c/libcurl-errors.html first for more details.
Error fetching https://pcguru.hu/rss: Failed to perform, curl: (28) Connection timed out after 1016204 milliseconds. See https://curl.se/libcurl/c/libcurl-errors.html first for more details.
Error fetching https://insideevs.com/rss/news/all/: Failed to perform, curl: (28) Resolving timed out after 1017894 milliseconds. See https://curl.se/libcurl/c/libcurl-errors.html first for more details.
Error fetching https://leetgaming.com/feed/: Failed to perform, curl: (28) Connection timed out after 1024891 milliseconds. See https://curl.se/libcurl/c/libcurl-errors.html first for more details.
Error fetching https://hwsw.hu/xml/latest_news_rss.xml: Failed to perform, curl: (28) Connection timed out after 1024890 milliseconds. See https://curl.se/libcurl/c/libcurl-errors.html first for more details.
Error fetching https://index.hu/24ora/rss: Failed to perform, curl: (28) Connection timed out after 1024892 milliseconds. See https://curl.se/libcurl/c/libcurl-errors.html first for more details.
Error fetching https://cointelegraph.com/rss: Failed to perform, curl: (28) Resolving timed out after 1017764 milliseconds. See https://curl.se/libcurl/c/libcurl-errors.html first for more details.
Error fetching https://techcrunch.com/feed: Failed to perform, curl: (28) Resolving timed out after 1015891 milliseconds. See https://curl.se/libcurl/c/libcurl-errors.html first for more details.
Error fetching https://bitcoinmagazine.com/feed: Failed to perform, curl: (28) Operation timed out after 1016831 milliseconds with 0 bytes received. See https://curl.se/libcurl/c/libcurl-errors.html first for more details.
Error fetching https://prog.hu/site/backend/proghu-rss.xml: Failed to perform, curl: (60) SSL certificate problem: unable to get local issuer certificate. See https://curl.se/libcurl/c/libcurl-errors.html first for more details.
Error fetching https://femina.hu/feed: HTTP Error 404: Not Found
Error fetching https://velvet.hu/feed: HTTP Error 404: Not Found
Error fetching https://cliffhanger.hu/feed: HTTP Error 403: 
Error fetching https://hwsw.hu/hirek/rss: HTTP Error 404: 
Error fetching https://prog.hu/hirek/rss: Failed to perform, curl: (60) SSL certificate problem: unable to get local issuer certificate. See https://curl.se/libcurl/c/libcurl-errors.html first for more details.
Error fetching https://instylemen.hu/feed: HTTP Error 404: 
[01:00:00] Summarizer: [DownloadWorker-8] SKIP (duplicate title): A hét alakítása...
[01:00:01] Summarizer: [Batch] 1 item(s) missing from response → marked for reprocessing
[01:00:02] Summarizer: [DownloadWorker-9] SKIP (duplicate title): A nap legfontosabb hírei – 2026. 07. 19....
[01:00:04] Summarizer: [DownloadWorker-6] SKIP (duplicate title): A nap legfontosabb hírei – 2026. 07. 19....
[01:00:04] Summarizer: [Batch] 1 item(s) missing from response → marked for reprocessing
[01:00:08] Summarizer: [Batch] 1 item(s) missing from response → marked for reprocessing
[01:00:11] Summarizer: [Batch] 1 item(s) missing from response → marked for reprocessing
[01:00:12] Summarizer: [DownloadWorker-8] SKIP (duplicate title): Kellemes nyári idő várható a jövő héten...
[01:00:14] Summarizer: [Batch] 2 item(s) missing from response → marked for reprocessing
[01:00:18] Summarizer: [Batch] 1 item(s) missing from response → marked for reprocessing
[01:00:19] Summarizer: [DownloadWorker-9] SKIP (duplicate title): A hét alakítása...
[01:16:59] Summarizer: [DownloadWorker-2] SKIP (duplicate title): AI-kvíz: melyik szakmát rajzolta le a me...
[01:17:05] Summarizer: [DownloadWorker-0] SKIP (duplicate title): Hazai Streaming & VOD-Premierek – 2026. ...
[01:17:05] Summarizer: [MissingDetector] ⚠️ PAIRING FAIL: 'https://www.pcgamer.com/games/fps/cliff-bleszinski-says-ego-played-a-role-in-lawbreakers-failure-people-are-loyal-to-the-game-but-they-re-not-necessarily-loyal-to-the-person/' not found. KEEPING ITEM (Fallback).
[01:17:05] Summarizer: [Batch] 2 item(s) missing from response → marked for reprocessing
[01:17:05] Summarizer: [FreeGeminiAPI_2] ⚠️ PAIRING FAIL: 'https://www.pcgamer.com/games/fps/cliff-bleszinski-says-ego-played-a-role-in-lawbreakers-failure-people-are-loyal-to-the-game-but-they-re-not-necessarily-loyal-to-the-person/' not found. KEEPING ITEM (Fallback).
[01:17:09] Summarizer: [DownloadWorker-5] SKIP (duplicate title): Hazai Streaming & VOD-Premierek – 2026. ...
[01:17:11] Summarizer: [DownloadWorker-1] SKIP (duplicate title): AI-kvíz: melyik szakmát rajzolta le a me...
[01:17:22] Summarizer: [Batch] 1 item(s) missing from response → marked for reprocessing
[01:17:27] Summarizer: [DownloadWorker-5] SKIP (duplicate title): Kellemes nyári idő várható a jövő héten...
[01:17:30] Summarizer: [MissingDetector] ⚠️ PAIRING FAIL: 'https://www.economx.hu/ingatlan/velencei-to-ingasztan-kiszaradas-piac-vizhiany-epitkezes-iszap/' not found. KEEPING ITEM (Fallback).
[01:17:30] Summarizer: [Batch] 1 item(s) missing from response → marked for reprocessing
[01:17:30] Summarizer: [FreeGeminiAPI_2] ⚠️ PAIRING FAIL: 'https://www.economx.hu/ingatlan/velencei-to-ingasztan-kiszaradas-piac-vizhiany-epitkezes-iszap/' not found. KEEPING ITEM (Fallback).
[01:17:31] Summarizer: [Batch] 1 item(s) missing from response → marked for reprocessing
[01:17:32] Summarizer: [Batch] 3 item(s) missing from response → marked for reprocessing
[01:54:55] Summarizer: TIMEOUT (180s) - backend call took too long
[01:54:55] Summarizer: [Batch] No response from API (attempt 1/3)
[01:54:59] Summarizer: TIMEOUT (180s) - backend call took too long
[01:54:59] Summarizer: [Batch] No response from API (attempt 1/3)
[01:55:01] Summarizer: TIMEOUT (180s) - backend call took too long
[01:55:01] Summarizer: [Batch] No response from API (attempt 1/3)
[01:55:11] Summarizer: [Batch] 2 item(s) missing from response → marked for reprocessing
[01:55:17] Summarizer: [Batch] 3 item(s) missing from response → marked for reprocessing
[02:10:55] Image_Downloader: Download failed (https://www.mafab.hu/static/2026t/199/15/46851_1784469241.5282.jpg): ('Connection aborted.', ConnectionResetError(54, 'Connection reset by peer'))
[02:11:16] Summarizer: TIMEOUT (180s) - backend call took too long
[02:11:16] Summarizer: [Batch] No response from API (attempt 1/3)
[02:11:18] Summarizer: TIMEOUT (180s) - backend call took too long
[02:11:18] Summarizer: [Batch] No response from API (attempt 1/3)
[02:11:18] Summarizer: TIMEOUT (180s) - backend call took too long
[02:11:18] Summarizer: [Batch] No response from API (attempt 1/3)
[02:11:35] Summarizer: [Batch] 1 item(s) missing from response → marked for reprocessing
[02:11:35] Summarizer: [Batch] 1 item(s) missing from response → marked for reprocessing
[03:02:57] Summarizer: TIMEOUT (180s) - backend call took too long
[03:02:57] Summarizer: [Batch] No response from API (attempt 1/3)
[03:02:58] Summarizer: TIMEOUT (180s) - backend call took too long
[03:02:58] Summarizer: [Batch] No response from API (attempt 1/3)
[03:03:00] Summarizer: TIMEOUT (180s) - backend call took too long
[03:03:00] Summarizer: [Batch] No response from API (attempt 1/3)
[03:03:13] Summarizer: [Batch] 2 item(s) missing from response → marked for reprocessing
[03:03:13] Summarizer: [MissingDetector] ⚠️ PAIRING FAIL: 'https://telex.hu/sport/20260719/foci-vb-vilagbajnoksag-futball-donto-new-york-spanyolorszag-argentina-lionel-messi-lamine-yamal' not found. KEEPING ITEM (Fallback).
[03:03:13] Summarizer: [Batch] 3 item(s) missing from response → marked for reprocessing
[03:03:13] Summarizer: [FreeGeminiAPI_1] ⚠️ PAIRING FAIL: 'https://telex.hu/sport/20260719/foci-vb-vilagbajnoksag-futball-donto-new-york-spanyolorszag-argentina-lionel-messi-lamine-yamal' not found. KEEPING ITEM (Fallback).
[03:03:17] Summarizer: [Batch] 1 item(s) missing from response → marked for reprocessing
[03:03:21] Summarizer: [Batch] 1 item(s) missing from response → marked for reprocessing
[03:03:23] Summarizer: [Batch] 2 item(s) missing from response → marked for reprocessing
[03:19:27] Summarizer: [MissingDetector] ⚠️ PAIRING FAIL: 'https://port.hu/cikk/mozi/szineszek-akik-nem-voltak-hajlandóak-megerinteni-egymast-a-kamerak-elott/article-128282' not found. KEEPING ITEM (Fallback).
[03:19:27] Summarizer: [Batch] 1 item(s) missing from response → marked for reprocessing
[03:19:27] Summarizer: [FreeGeminiAPI_2] ⚠️ PAIRING FAIL: 'https://port.hu/cikk/mozi/szineszek-akik-nem-voltak-hajlandóak-megerinteni-egymast-a-kamerak-elott/article-128282' not found. KEEPING ITEM (Fallback).
[03:19:37] Summarizer: TIMEOUT (180s) - backend call took too long
[03:19:37] Summarizer: [Batch] No response from API (attempt 1/3)
[03:19:38] Summarizer: TIMEOUT (180s) - backend call took too long
[03:19:38] Summarizer: [Batch] No response from API (attempt 1/3)
[03:19:38] Summarizer: TIMEOUT (180s) - backend call took too long
[03:19:38] Summarizer: [Batch] No response from API (attempt 1/3)
[03:19:54] Summarizer: [Batch] 2 item(s) missing from response → marked for reprocessing
[03:19:56] Image_Downloader: Download failed (https://pbs.twimg.com/media/Cm-xWSpJkAA-v0y.jpg): 404 Client Error: Not Found for url: https://pbs.twimg.com/media/Cm-xWSpJkAA-v0y.jpg
[03:37:03] Summarizer: [Batch] No response from API (attempt 1/3)
[03:37:03] Summarizer: [Batch] No response from API (attempt 1/3)
[03:37:18] Summarizer: [Batch] 3 item(s) missing from response → marked for reprocessing
[03:37:20] Summarizer: [Batch] 1 item(s) missing from response → marked for reprocessing
[03:37:21] Summarizer: Reprocessing 2 pairing failures from data.json
[03:37:25] Summarizer: Reprocessing 2 pairing failures from data.json

--- RSS Fetch Errors at 2026-07-20 04:09:34 ---
Error fetching https://techpowerup.com/rss/news: HTTP Error 403: 
Error fetching https://leetgaming.com/feed/: Failed to perform, curl: (28) Connection timed out after 10001 milliseconds. See https://curl.se/libcurl/c/libcurl-errors.html first for more details.
Error fetching https://index.hu/sitemap/friss.xml: Failed to perform, curl: (28) Connection timed out after 10002 milliseconds. See https://curl.se/libcurl/c/libcurl-errors.html first for more details.
Error fetching https://hwsw.hu/xml/latest_news_rss.xml: Failed to perform, curl: (28) Connection timed out after 10003 milliseconds. See https://curl.se/libcurl/c/libcurl-errors.html first for more details.
Error fetching https://www.drive.com.au/feed/: HTTP Error 403: 
Error fetching https://prog.hu/site/backend/proghu-rss.xml: Failed to perform, curl: (60) SSL certificate problem: unable to get local issuer certificate. See https://curl.se/libcurl/c/libcurl-errors.html first for more details.
Error fetching https://www.cnet.com/rss/news/: Failed to perform, curl: (28) Connection timed out after 10003 milliseconds. See https://curl.se/libcurl/c/libcurl-errors.html first for more details.
Error fetching https://24.hu/feed/: Failed to perform, curl: (28) Connection timed out after 10003 milliseconds. See https://curl.se/libcurl/c/libcurl-errors.html first for more details.
Error fetching https://prog.hu/hirek/rss: Failed to perform, curl: (60) SSL certificate problem: unable to get local issuer certificate. See https://curl.se/libcurl/c/libcurl-errors.html first for more details.
Error fetching https://velvet.hu/feed: HTTP Error 404: Not Found
Error fetching https://cliffhanger.hu/feed: HTTP Error 403: 
Error fetching https://femina.hu/feed: HTTP Error 404: Not Found
Error fetching https://instylemen.hu/feed: HTTP Error 404: 
Error fetching https://hwsw.hu/hirek/rss: HTTP Error 404: 
Error fetching https://mafab.hu/rss: Failed to perform, curl: (28) Connection timed out after 916964 milliseconds. See https://curl.se/libcurl/c/libcurl-errors.html first for more details.
[04:09:44] Summarizer: [DownloadWorker-1] SKIP (duplicate title): Az ingatlanpiacot is megrogyasztotta az ...
[04:09:45] Summarizer: [DownloadWorker-4] SKIP (duplicate title): Képeken a foci-vb záróünnepsége...
[04:09:45] Summarizer: [Batch] 3 item(s) missing from response → marked for reprocessing
[04:25:37] Summarizer: [DownloadWorker-7] SKIP (duplicate title): What's the best summer-themed videogame ...
[04:25:40] Summarizer: [DownloadWorker-9] SKIP (duplicate title): ‘The Odyssey’ Backlash Is Another Ridicu...
[04:25:43] Summarizer: [DownloadWorker-6] SKIP (duplicate title): Cliff Bleszinski says ego played a role ...
[04:25:52] Summarizer: [Batch] No response from API (attempt 1/3)
[04:25:57] Summarizer: [DownloadWorker-8] SKIP (duplicate title): 4 Phrases To Push Back On Your Boss With...
[04:26:02] Image_Downloader: Download failed (https://cdn.mos.cms.futurecdn.net/h9g6w7j9Y5s8z9k5G8T69e-1200-80.jpg): 404 Client Error: Not Found for url: https://cdn.mos.cms.futurecdn.net/h9g6w7j9Y5s8z9k5G8T69e-1200-80.jpg
[04:26:03] Image_Downloader: Download failed (https://economx.hu/media/cache/article_main/uploads/article/172464/velencei-to-ingatlan-1.jpg): 404 Client Error: Not Found for url: https://www.economx.hu/media/cache/article_main/uploads/article/172464/velencei-to-ingatlan-1.jpg
[04:26:11] Summarizer: [Batch] 4 item(s) missing from response → marked for reprocessing
[04:41:57] Image_Downloader: Download failed (https://raw.githubusercontent.com/Derushir/Kepek/main/67c6357751300334f52e35f893ac854f/news/a-3d-biztonsagi-reteg-hozhatja-el-a-ketrec-nelkuli-robotok-k.jpg): 404 Client Error: Not Found for url: https://raw.githubusercontent.com/Derushir/Kepek/main/67c6357751300334f52e35f893ac854f/news/a-3d-biztonsagi-reteg-hozhatja-el-a-ketrec-nelkuli-robotok-k.jpg
[04:41:59] Image_Downloader: Download failed (https://raw.githubusercontent.com/Derushir/Kepek/main/67c6357751300334f52e35f893ac854f/news/a-2026-os-varakozasokon-felul-teljesito-tozsdei-novekedes-ko.jpg): 404 Client Error: Not Found for url: https://raw.githubusercontent.com/Derushir/Kepek/main/67c6357751300334f52e35f893ac854f/news/a-2026-os-varakozasokon-felul-teljesito-tozsdei-novekedes-ko.jpg
[04:41:59] Image_Downloader: Download failed (https://raw.githubusercontent.com/Derushir/Kepek/main/67c6357751300334f52e35f893ac854f/news/het-film-amely-megmentette-a-sajat-mufajat-a-feledestol.webp): 404 Client Error: Not Found for url: https://raw.githubusercontent.com/Derushir/Kepek/main/67c6357751300334f52e35f893ac854f/news/het-film-amely-megmentette-a-sajat-mufajat-a-feledestol.webp
[04:41:59] Image_Downloader: Download failed (https://raw.githubusercontent.com/Derushir/Kepek/main/67c6357751300334f52e35f893ac854f/news/fordulat-a-magyar-autopiacon-miert-erdemesebb-uj-autot-valas.jpg): 404 Client Error: Not Found for url: https://raw.githubusercontent.com/Derushir/Kepek/main/67c6357751300334f52e35f893ac854f/news/fordulat-a-magyar-autopiacon-miert-erdemesebb-uj-autot-valas.jpg
[04:42:01] Image_Downloader: Download failed (https://cdn.mos.cms.futurecdn.net/h9g6w7j9Y5s8z9k5G8T69e-1200-80.jpg): 404 Client Error: Not Found for url: https://cdn.mos.cms.futurecdn.net/h9g6w7j9Y5s8z9k5G8T69e-1200-80.jpg
[04:42:01] Image_Downloader: Download failed (https://economx.hu/media/cache/article_main/uploads/article/172464/velencei-to-ingatlan-1.jpg): 404 Client Error: Not Found for url: https://www.economx.hu/media/cache/article_main/uploads/article/172464/velencei-to-ingatlan-1.jpg
