
--- RSS Fetch Errors at 2026-06-29 00:04:06 ---
Error fetching https://www.drive.com.au/feed/: HTTP Error 403: 
Error fetching https://leetgaming.com/feed/: Failed to perform, curl: (28) Connection timed out after 10003 milliseconds. See https://curl.se/libcurl/c/libcurl-errors.html first for more details.
[00:04:11] Summarizer: [DownloadWorker-4] SKIP (duplicate title): SpaceX sends 24 Starlink satellites into...
[00:05:03] Image_Downloader: Download failed (https://i.cdn29.hu/apix_collect_c/ngg_images/2508/13/apple_logo_170224_1_original_760x425_cover.jpg): HTTPSConnectionPool(host='i.cdn29.hu', port=443): Read timed out. (read timeout=5)
[00:05:10] Summarizer: [Batch] No response from API (attempt 1/3)
[00:05:11] Image_Downloader: Download failed (https://assets.4cdn.hu/kraken/8MMKCVtTTHZ4GWB0s-lg.jpeg): HTTPSConnectionPool(host='assets.4cdn.hu', port=443): Read timed out. (read timeout=5)
[00:05:18] Image_Downloader: Download failed (https://www.cnet.com/a/img/resize/da1a04062d66089af68db19384bdf50638fcc8bb/hub/2024/02/13/57dc7fb7-65aa-4d7a-b223-076541f41ee1/240213-yt-phone-batteries-v04.jpg?auto=webp&fit=crop&height=675&width=1200): HTTPSConnectionPool(host='www.cnet.com', port=443): Read timed out. (read timeout=5)
[00:05:31] Summarizer: [DownloadWorker-4] SKIP (duplicate title): Today's NYT Connections Hints, Answers a...
[00:05:44] Summarizer: [MissingDetector] ⚠️ PAIRING FAIL: 'https://444.hu/2026/06/28/tizenegyen-haltak-meg-miutan-egy-ejtőernyosoket-szallito-repulogep-lezuhant-franciaorszagban?utm_source=rss_feed&utm_medium=rss&utm_campaign=rss_syndication' not found. KEEPING ITEM (Fallback).
[00:05:44] Summarizer: [Batch] 1 item(s) missing from response → marked for reprocessing
[00:05:44] Summarizer: [FreeGeminiAPI_3] ⚠️ PAIRING FAIL: 'https://444.hu/2026/06/28/tizenegyen-haltak-meg-miutan-egy-ejtőernyosoket-szallito-repulogep-lezuhant-franciaorszagban?utm_source=rss_feed&utm_medium=rss&utm_campaign=rss_syndication' not found. KEEPING ITEM (Fallback).
[00:05:47] Image_Downloader: Download failed (https://assets.4cdn.hu/kraken/8MM2ErETE2HjGWB0s-lg.jpeg): 'latin-1' codec can't encode character '\u0151' in position 62: ordinal not in range(256)
[00:05:52] Summarizer: [MissingDetector] ⚠️ PAIRING FAIL: 'https://electrek.co/2026/06/28/survey-sunday-with-nearly-a-trillion-dollars-will-effon-try-to-make-things-right/' not found. KEEPING ITEM (Fallback).
[00:05:52] Summarizer: [Batch] 1 item(s) missing from response → marked for reprocessing
[00:05:52] Summarizer: [FreeGeminiAPI_1] ⚠️ PAIRING FAIL: 'https://electrek.co/2026/06/28/survey-sunday-with-nearly-a-trillion-dollars-will-effon-try-to-make-things-right/' not found. KEEPING ITEM (Fallback).
[00:05:54] Summarizer: [DownloadWorker-4] SKIP (duplicate title): Today’s NYT Connections Hints And Answer...
[00:06:02] Summarizer: [MissingDetector] ⚠️ PAIRING FAIL: 'https://24.hu/belfold/20260628/velencei-to-vizszint-hoseg/' not found. KEEPING ITEM (Fallback).
[00:06:02] Summarizer: [Batch] 1 item(s) missing from response → marked for reprocessing
[00:06:02] Summarizer: [FreeGeminiAPI_2] ⚠️ PAIRING FAIL: 'https://24.hu/belfold/20260628/velencei-to-vizszint-hoseg/' not found. KEEPING ITEM (Fallback).
[00:06:15] Summarizer: [DownloadWorker-9] SKIP (duplicate title): Újra csökkenteni kellett a paksi atomerő...
[00:06:22] Summarizer: [Batch] 1 item(s) missing from response → marked for reprocessing
[00:06:29] Summarizer: [MissingDetector] ⚠️ PAIRING FAIL: 'https://telex.hu/sport/20260628/del-afrika-kanada-foci-vb-2026' not found. KEEPING ITEM (Fallback).
[00:06:29] Summarizer: [Batch] 2 item(s) missing from response → marked for reprocessing
[00:06:29] Summarizer: [FreeGeminiAPI_2] ⚠️ PAIRING FAIL: 'https://telex.hu/sport/20260628/del-afrika-kanada-foci-vb-2026' not found. KEEPING ITEM (Fallback).
[00:06:39] Summarizer: [Batch] 1 item(s) missing from response → marked for reprocessing
[00:06:50] Summarizer: [Batch] 1 item(s) missing from response → marked for reprocessing
[00:07:06] Summarizer: Reprocessing 4 pairing failures from data.json

--- RSS Fetch Errors at 2026-06-29 00:14:48 ---
Error fetching https://www.drive.com.au/feed/: HTTP Error 403: 
Error fetching https://leetgaming.com/feed/: Failed to perform, curl: (28) Connection timed out after 10003 milliseconds. See https://curl.se/libcurl/c/libcurl-errors.html first for more details.
Error fetching https://cliffhanger.hu/feed: HTTP Error 403: 
Error fetching https://velvet.hu/feed: HTTP Error 404: Not Found
Error fetching https://femina.hu/feed: HTTP Error 404: Not Found
Error fetching https://hwsw.hu/hirek/rss: HTTP Error 404: 
Error fetching https://instylemen.hu/feed: HTTP Error 404: 
Error fetching https://index.hu/tudomany/til/rss/: Failed to perform, curl: (28) Connection timed out after 10002 milliseconds. See https://curl.se/libcurl/c/libcurl-errors.html first for more details.
[00:14:55] Summarizer: [DownloadWorker-3] SKIP (duplicate title): Tizenegyen haltak meg, miután egy ejtőer...
[00:14:56] Summarizer: [DownloadWorker-0] SKIP (duplicate title): 007 First Light – játékteszt...
[00:14:57] Summarizer: [DownloadWorker-2] SKIP (duplicate title): Történelmi mélyponton a Velencei-tó vízs...
[00:14:59] Summarizer: [DownloadWorker-8] SKIP (duplicate title): Megtaláltuk a legcukibb argentin szurkol...
[00:15:01] Summarizer: [DownloadWorker-3] SKIP (duplicate title): Survey Sunday: with nearly a trillion do...
[00:15:02] Summarizer: [DownloadWorker-9] SKIP (duplicate title): Tizenegyen haltak meg, miután egy ejtőer...
[00:15:02] Summarizer: [Batch] 3 item(s) missing from response → marked for reprocessing
[00:15:08] Summarizer: [DownloadWorker-9] SKIP (duplicate title): A hét röhögései (606.)...
[00:15:10] Summarizer: [DownloadWorker-4] SKIP (duplicate title): Cannes Lions 2026: It Was Hot. The Creat...
[00:15:14] Summarizer: [DownloadWorker-9] SKIP (duplicate title): Az új Heti Hetes 7 tanulsága...
[00:15:18] Summarizer: [DownloadWorker-1] SKIP (duplicate title): Pszichológusok szerint ez az 5 legjobb m...
[00:15:26] Summarizer: [Batch] 2 item(s) missing from response → marked for reprocessing
[00:15:28] Summarizer: [Batch] 1 item(s) missing from response → marked for reprocessing
[00:15:35] Summarizer: [Batch] 3 item(s) missing from response → marked for reprocessing
[00:15:46] Summarizer: [DownloadWorker-2] SKIP (duplicate title): Nézzünk animációt?: The Doomies...
[00:15:50] Summarizer: [DownloadWorker-0] SKIP (duplicate title): Magyar nézettség (2026. június 15-21.)...
[00:15:57] Summarizer: [Batch] 2 item(s) missing from response → marked for reprocessing
[00:15:58] Summarizer: [Batch] 2 item(s) missing from response → marked for reprocessing
[00:16:28] Image_Downloader: Download failed (https://raw.githubusercontent.com/Derushir/Kepek/main/67c6357751300334f52e35f893ac854f/news/rekordkozeli-hoseg-terheli-a-magyar-villamosenergia-rendszer.jpg): 404 Client Error: Not Found for url: https://raw.githubusercontent.com/Derushir/Kepek/main/67c6357751300334f52e35f893ac854f/news/rekordkozeli-hoseg-terheli-a-magyar-villamosenergia-rendszer.jpg
[00:16:28] Image_Downloader: Download failed (https://raw.githubusercontent.com/Derushir/Kepek/main/67c6357751300334f52e35f893ac854f/news/telefonmentes-koncertekre-torekszik-az-edinburgh-internation.jpg): 404 Client Error: Not Found for url: https://raw.githubusercontent.com/Derushir/Kepek/main/67c6357751300334f52e35f893ac854f/news/telefonmentes-koncertekre-torekszik-az-edinburgh-internation.jpg
[00:16:28] Image_Downloader: Download failed (https://raw.githubusercontent.com/Derushir/Kepek/main/67c6357751300334f52e35f893ac854f/news/hajos-andras-szerint-a-ner-vagyon-jelentos-resze-kulfoldon-l.jpg): 404 Client Error: Not Found for url: https://raw.githubusercontent.com/Derushir/Kepek/main/67c6357751300334f52e35f893ac854f/news/hajos-andras-szerint-a-ner-vagyon-jelentos-resze-kulfoldon-l.jpg
[00:16:28] Image_Downloader: Download failed (https://raw.githubusercontent.com/Derushir/Kepek/main/67c6357751300334f52e35f893ac854f/news/lada-tetobol-keszult-legfek-a-garage-54-legujabb-kiserletebe.jpg): 404 Client Error: Not Found for url: https://raw.githubusercontent.com/Derushir/Kepek/main/67c6357751300334f52e35f893ac854f/news/lada-tetobol-keszult-legfek-a-garage-54-legujabb-kiserletebe.jpg
[00:16:28] Image_Downloader: Download failed (https://raw.githubusercontent.com/Derushir/Kepek/main/67c6357751300334f52e35f893ac854f/news/fogyatekkal-elok-foglalkoztatasa-a-megtakaritasi-korlatok-ak.jpg): 404 Client Error: Not Found for url: https://raw.githubusercontent.com/Derushir/Kepek/main/67c6357751300334f52e35f893ac854f/news/fogyatekkal-elok-foglalkoztatasa-a-megtakaritasi-korlatok-ak.jpg
[00:16:29] Image_Downloader: Download failed (https://raw.githubusercontent.com/Derushir/Kepek/main/67c6357751300334f52e35f893ac854f/news/szigeti-oriasnoves-a-skot-okorszem-evolucios-kulonlegessege.jpg): 404 Client Error: Not Found for url: https://raw.githubusercontent.com/Derushir/Kepek/main/67c6357751300334f52e35f893ac854f/news/szigeti-oriasnoves-a-skot-okorszem-evolucios-kulonlegessege.jpg
[00:16:29] Image_Downloader: Download failed (https://raw.githubusercontent.com/Derushir/Kepek/main/67c6357751300334f52e35f893ac854f/news/budapesten-22-ideiglenes-ivokutat-helyeztek-uzembe-a-hoseg-m.jpg): 404 Client Error: Not Found for url: https://raw.githubusercontent.com/Derushir/Kepek/main/67c6357751300334f52e35f893ac854f/news/budapesten-22-ideiglenes-ivokutat-helyeztek-uzembe-a-hoseg-m.jpg
[00:16:30] Image_Downloader: Download failed (https://raw.githubusercontent.com/Derushir/Kepek/main/67c6357751300334f52e35f893ac854f/news/romai-kori-minerva-szentelyt-tartak-fel-egy-spanyolorszagi-k.jpg): 404 Client Error: Not Found for url: https://raw.githubusercontent.com/Derushir/Kepek/main/67c6357751300334f52e35f893ac854f/news/romai-kori-minerva-szentelyt-tartak-fel-egy-spanyolorszagi-k.jpg
[00:16:30] Image_Downloader: Download failed (https://raw.githubusercontent.com/Derushir/Kepek/main/67c6357751300334f52e35f893ac854f/news/napfogyatkozasok-magyarorszagon-2026-ban-es-2027-ben-is-resz.jpg): 404 Client Error: Not Found for url: https://raw.githubusercontent.com/Derushir/Kepek/main/67c6357751300334f52e35f893ac854f/news/napfogyatkozasok-magyarorszagon-2026-ban-es-2027-ben-is-resz.jpg
[00:16:31] Image_Downloader: Download failed (https://raw.githubusercontent.com/Derushir/Kepek/main/67c6357751300334f52e35f893ac854f/news/musorszunetre-vonul-a-hetedik-sor-kozepe-filmes-oldal.jpg): 404 Client Error: Not Found for url: https://raw.githubusercontent.com/Derushir/Kepek/main/67c6357751300334f52e35f893ac854f/news/musorszunetre-vonul-a-hetedik-sor-kozepe-filmes-oldal.jpg
[00:16:31] Image_Downloader: Download failed (https://raw.githubusercontent.com/Derushir/Kepek/main/67c6357751300334f52e35f893ac854f/news/erkezik-a-mancs-orjarat-a-dinofilm-magyar-szinkronos-elozete.gif): 404 Client Error: Not Found for url: https://raw.githubusercontent.com/Derushir/Kepek/main/67c6357751300334f52e35f893ac854f/news/erkezik-a-mancs-orjarat-a-dinofilm-magyar-szinkronos-elozete.gif
[00:16:31] Image_Downloader: Download failed (https://raw.githubusercontent.com/Derushir/Kepek/main/67c6357751300334f52e35f893ac854f/news/trapped-in-a-dating-sim-a-kulonleges-iszekai-anime-bemutatas.gif): 404 Client Error: Not Found for url: https://raw.githubusercontent.com/Derushir/Kepek/main/67c6357751300334f52e35f893ac854f/news/trapped-in-a-dating-sim-a-kulonleges-iszekai-anime-bemutatas.gif
[00:16:31] Image_Downloader: Download failed (https://raw.githubusercontent.com/Derushir/Kepek/main/67c6357751300334f52e35f893ac854f/news/star-city-urkutatas-es-hideghaborus-paranoia-az-apple-uj-sor.webp): 404 Client Error: Not Found for url: https://raw.githubusercontent.com/Derushir/Kepek/main/67c6357751300334f52e35f893ac854f/news/star-city-urkutatas-es-hideghaborus-paranoia-az-apple-uj-sor.webp
[00:16:31] Image_Downloader: Download failed (https://raw.githubusercontent.com/Derushir/Kepek/main/67c6357751300334f52e35f893ac854f/news/vfx-trukkok-a-prehisztorikus-bolygo-jegkorszakos-evadaban.gif): 404 Client Error: Not Found for url: https://raw.githubusercontent.com/Derushir/Kepek/main/67c6357751300334f52e35f893ac854f/news/vfx-trukkok-a-prehisztorikus-bolygo-jegkorszakos-evadaban.gif
[00:16:31] Image_Downloader: Download failed (https://raw.githubusercontent.com/Derushir/Kepek/main/67c6357751300334f52e35f893ac854f/news/keseru-karacsony-pedro-almodovar-legujabb-filmdramaja.jpg): 404 Client Error: Not Found for url: https://raw.githubusercontent.com/Derushir/Kepek/main/67c6357751300334f52e35f893ac854f/news/keseru-karacsony-pedro-almodovar-legujabb-filmdramaja.jpg
[00:16:31] Image_Downloader: Download failed (https://raw.githubusercontent.com/Derushir/Kepek/main/67c6357751300334f52e35f893ac854f/news/gordon-ramsay-gasztro-reality-versenyenek-elozetesei.gif): 404 Client Error: Not Found for url: https://raw.githubusercontent.com/Derushir/Kepek/main/67c6357751300334f52e35f893ac854f/news/gordon-ramsay-gasztro-reality-versenyenek-elozetesei.gif
[00:16:31] Image_Downloader: Download failed (https://raw.githubusercontent.com/Derushir/Kepek/main/67c6357751300334f52e35f893ac854f/news/a-masik-bennet-lany-jane-austen-adaptacio-az-hbo-musoran.gif): 404 Client Error: Not Found for url: https://raw.githubusercontent.com/Derushir/Kepek/main/67c6357751300334f52e35f893ac854f/news/a-masik-bennet-lany-jane-austen-adaptacio-az-hbo-musoran.gif
[00:16:32] Image_Downloader: Download failed (https://raw.githubusercontent.com/Derushir/Kepek/main/67c6357751300334f52e35f893ac854f/news/harmadik-evadaval-folytatodik-a-dallas-cowboys-pomponlanyait.gif): 404 Client Error: Not Found for url: https://raw.githubusercontent.com/Derushir/Kepek/main/67c6357751300334f52e35f893ac854f/news/harmadik-evadaval-folytatodik-a-dallas-cowboys-pomponlanyait.gif
[00:16:32] Image_Downloader: Download failed (https://raw.githubusercontent.com/Derushir/Kepek/main/67c6357751300334f52e35f893ac854f/news/az-atkeles-cimu-haborus-film-a-kinai-polgarhaboru-legendas-m.webp): 404 Client Error: Not Found for url: https://raw.githubusercontent.com/Derushir/Kepek/main/67c6357751300334f52e35f893ac854f/news/az-atkeles-cimu-haborus-film-a-kinai-polgarhaboru-legendas-m.webp
[00:16:33] Image_Downloader: Download failed (https://raw.githubusercontent.com/Derushir/Kepek/main/67c6357751300334f52e35f893ac854f/news/elozetest-kapott-a-chainsaw-man-folytatasa.gif): 404 Client Error: Not Found for url: https://raw.githubusercontent.com/Derushir/Kepek/main/67c6357751300334f52e35f893ac854f/news/elozetest-kapott-a-chainsaw-man-folytatasa.gif
[00:16:34] Image_Downloader: Download failed (https://raw.githubusercontent.com/Derushir/Kepek/main/67c6357751300334f52e35f893ac854f/news/a-kronikus-szegyenerzet-pszichologiai-hattere-es-kezelese.jpg): 404 Client Error: Not Found for url: https://raw.githubusercontent.com/Derushir/Kepek/main/67c6357751300334f52e35f893ac854f/news/a-kronikus-szegyenerzet-pszichologiai-hattere-es-kezelese.jpg
[00:16:35] Image_Downloader: Download failed (https://raw.githubusercontent.com/Derushir/Kepek/main/67c6357751300334f52e35f893ac854f/news/bak-telihold-a-realitas-es-a-felelossegvallalas-idoszaka.jpg): 404 Client Error: Not Found for url: https://raw.githubusercontent.com/Derushir/Kepek/main/67c6357751300334f52e35f893ac854f/news/bak-telihold-a-realitas-es-a-felelossegvallalas-idoszaka.jpg
[00:16:35] Image_Downloader: Download failed (https://raw.githubusercontent.com/Derushir/Kepek/main/67c6357751300334f52e35f893ac854f/news/pszichologusok-figyelmeztetnek-a-beszelnunk-kell-uzenet-karo.jpg): 404 Client Error: Not Found for url: https://raw.githubusercontent.com/Derushir/Kepek/main/67c6357751300334f52e35f893ac854f/news/pszichologusok-figyelmeztetnek-a-beszelnunk-kell-uzenet-karo.jpg
[00:16:35] Image_Downloader: Download failed (https://raw.githubusercontent.com/Derushir/Kepek/main/67c6357751300334f52e35f893ac854f/news/a-feher-farmer-stilusos-kombinalasa-5-bevalt-modszer-a-nyari.jpg): 404 Client Error: Not Found for url: https://raw.githubusercontent.com/Derushir/Kepek/main/67c6357751300334f52e35f893ac854f/news/a-feher-farmer-stilusos-kombinalasa-5-bevalt-modszer-a-nyari.jpg
[00:16:35] Image_Downloader: Download failed (https://raw.githubusercontent.com/Derushir/Kepek/main/67c6357751300334f52e35f893ac854f/news/miert-sargul-a-muskatli-levele-utmutato-a-novenyapolashoz.jpg): 404 Client Error: Not Found for url: https://raw.githubusercontent.com/Derushir/Kepek/main/67c6357751300334f52e35f893ac854f/news/miert-sargul-a-muskatli-levele-utmutato-a-novenyapolashoz.jpg
[00:16:35] Image_Downloader: Download failed (https://raw.githubusercontent.com/Derushir/Kepek/main/67c6357751300334f52e35f893ac854f/news/a-hoguta-eletveszelyes-allapot-ezek-a-legfontosabb-tunetek-e.jpg): 404 Client Error: Not Found for url: https://raw.githubusercontent.com/Derushir/Kepek/main/67c6357751300334f52e35f893ac854f/news/a-hoguta-eletveszelyes-allapot-ezek-a-legfontosabb-tunetek-e.jpg
[00:16:35] Image_Downloader: Download failed (https://raw.githubusercontent.com/Derushir/Kepek/main/67c6357751300334f52e35f893ac854f/news/a-swatt-partners-kornyezetbarat-luxusotthont-tervezett-kalif.jpg): 404 Client Error: Not Found for url: https://raw.githubusercontent.com/Derushir/Kepek/main/67c6357751300334f52e35f893ac854f/news/a-swatt-partners-kornyezetbarat-luxusotthont-tervezett-kalif.jpg
[00:16:35] Image_Downloader: Download failed (https://raw.githubusercontent.com/Derushir/Kepek/main/67c6357751300334f52e35f893ac854f/news/zold-infrastruktura-mint-a-varosi-hoseg-elleni-leghatekonyab.jpg): 404 Client Error: Not Found for url: https://raw.githubusercontent.com/Derushir/Kepek/main/67c6357751300334f52e35f893ac854f/news/zold-infrastruktura-mint-a-varosi-hoseg-elleni-leghatekonyab.jpg
[00:16:35] Image_Downloader: Download failed (https://raw.githubusercontent.com/Derushir/Kepek/main/67c6357751300334f52e35f893ac854f/news/hatekony-pakolas-nyaralashoz-a-kapszulagardrob-es-a-3x3x3-mo.jpg): 404 Client Error: Not Found for url: https://raw.githubusercontent.com/Derushir/Kepek/main/67c6357751300334f52e35f893ac854f/news/hatekony-pakolas-nyaralashoz-a-kapszulagardrob-es-a-3x3x3-mo.jpg
[00:16:35] Image_Downloader: Download failed (https://raw.githubusercontent.com/Derushir/Kepek/main/67c6357751300334f52e35f893ac854f/news/megoszto-kijelentest-tett-aap-rocky-egy-arizonai-koncertjen.png): 404 Client Error: Not Found for url: https://raw.githubusercontent.com/Derushir/Kepek/main/67c6357751300334f52e35f893ac854f/news/megoszto-kijelentest-tett-aap-rocky-egy-arizonai-koncertjen.png
[00:16:36] Image_Downloader: Download failed (https://raw.githubusercontent.com/Derushir/Kepek/main/67c6357751300334f52e35f893ac854f/news/forma-1-brit-nagydij-julius-3-es-5-kozott-zajlik-a-silversto.jpg): 404 Client Error: Not Found for url: https://raw.githubusercontent.com/Derushir/Kepek/main/67c6357751300334f52e35f893ac854f/news/forma-1-brit-nagydij-julius-3-es-5-kozott-zajlik-a-silversto.jpg
[00:16:36] Image_Downloader: Download failed (https://raw.githubusercontent.com/Derushir/Kepek/main/67c6357751300334f52e35f893ac854f/news/mohamed-salah-combhajlito-serulest-szenvedett-kerdeses-a-jat.jpg): 404 Client Error: Not Found for url: https://raw.githubusercontent.com/Derushir/Kepek/main/67c6357751300334f52e35f893ac854f/news/mohamed-salah-combhajlito-serulest-szenvedett-kerdeses-a-jat.jpg
