
--- RSS Fetch Errors at 2026-07-16 00:18:26 ---
Error fetching https://techpowerup.com/rss/news: HTTP Error 403: 
Error fetching https://www.drive.com.au/feed/: HTTP Error 403: 
Error fetching https://leetgaming.com/feed/: Failed to perform, curl: (28) Connection timed out after 10003 milliseconds. See https://curl.se/libcurl/c/libcurl-errors.html first for more details.
Error fetching https://prohardver.hu/hirfolyam/hirek/rss.xml: Failed to perform, curl: (28) Connection timed out after 10002 milliseconds. See https://curl.se/libcurl/c/libcurl-errors.html first for more details.
Error fetching https://femina.hu/feed: HTTP Error 404: Not Found
Error fetching https://velvet.hu/feed: HTTP Error 404: Not Found
Error fetching https://cliffhanger.hu/feed: HTTP Error 403: 
Error fetching https://hwsw.hu/hirek/rss: HTTP Error 404: 
Error fetching https://instylemen.hu/feed: HTTP Error 404: 
[00:50:14] Image_Downloader: Download failed (https://www.mafab.hu/static/2026t/193/06/46755_1783918514.1698.jpg): ('Connection aborted.', ConnectionResetError(54, 'Connection reset by peer'))
[00:50:14] Image_Downloader: Download failed (https://cdn.mos.cms.futurecdn.net/yEMK6QNhtXcquwrZJYVkoB-1920-80.jpg): ('Connection aborted.', ConnectionResetError(54, 'Connection reset by peer'))
[00:50:32] Summarizer: [DownloadWorker-5] SKIP (duplicate title): Milk Road...
[00:50:35] Summarizer: [Batch] 2 item(s) missing from response → marked for reprocessing
[00:50:40] Summarizer: [Batch] 3 item(s) missing from response → marked for reprocessing
[00:50:46] Summarizer: [Batch] 1 item(s) missing from response → marked for reprocessing
[01:06:56] Summarizer: [DownloadWorker-8] SKIP (duplicate title): House of The Dragon: a 3. évad könyves s...
[01:22:26] Summarizer: [DownloadWorker-2] SKIP (duplicate title): A Skandináv lottó nyerőszámai a 29. héte...
[01:39:48] Summarizer: TIMEOUT (180s) - backend call took too long
[01:39:48] Summarizer: [Batch] No response from API (attempt 1/3)
[01:55:17] Summarizer: [Batch] 2 item(s) missing from response → marked for reprocessing
[01:55:31] Summarizer: [Batch] 2 item(s) missing from response → marked for reprocessing
[01:55:36] Summarizer: TIMEOUT (180s) - backend call took too long
[01:55:36] Summarizer: [Batch] No response from API (attempt 1/3)
[01:55:40] Summarizer: TIMEOUT (180s) - backend call took too long
[01:55:40] Summarizer: [Batch] No response from API (attempt 1/3)
[01:55:47] Summarizer: [Batch] 1 item(s) missing from response → marked for reprocessing
[01:55:57] Summarizer: [Batch] 1 item(s) missing from response → marked for reprocessing
[01:55:59] Summarizer: [Batch] 3 item(s) missing from response → marked for reprocessing
[02:14:20] Summarizer: TIMEOUT (180s) - backend call took too long
[02:14:20] Summarizer: [Batch] No response from API (attempt 1/3)
[02:14:20] Summarizer: TIMEOUT (180s) - backend call took too long
[02:14:20] Summarizer: [Batch] No response from API (attempt 1/3)
[02:14:22] Summarizer: TIMEOUT (180s) - backend call took too long
[02:14:22] Summarizer: [Batch] No response from API (attempt 1/3)
[02:30:43] Summarizer: [MissingDetector] ⚠️ PAIRING FAIL: 'https://esport1.hu/news/2026/07/15/gaming-kiakadtak-a-jatekosok-mert-tul-sok-ram-ot-ker-a-beast-of-reincarnation-tzeus' not found. KEEPING ITEM (Fallback).
[02:30:43] Summarizer: [Batch] 1 item(s) missing from response → marked for reprocessing
[02:30:43] Summarizer: [FreeGeminiAPI_3] ⚠️ PAIRING FAIL: 'https://esport1.hu/news/2026/07/15/gaming-kiakadtak-a-jatekosok-mert-tul-sok-ram-ot-ker-a-beast-of-reincarnation-tzeus' not found. KEEPING ITEM (Fallback).
[02:30:44] Summarizer: [Batch] 1 item(s) missing from response → marked for reprocessing

--- RSS Fetch Errors at 2026-07-16 03:05:37 ---
Error fetching https://techpowerup.com/rss/news: HTTP Error 403: 
Error fetching https://www.drive.com.au/feed/: HTTP Error 403: 
Error fetching https://leetgaming.com/feed/: Failed to perform, curl: (28) Connection timed out after 10003 milliseconds. See https://curl.se/libcurl/c/libcurl-errors.html first for more details.
Error fetching https://media.sg.hu/rss/rss.xml: Failed to perform, curl: (28) Operation timed out after 25003 milliseconds with 1360 out of 11733 bytes received. See https://curl.se/libcurl/c/libcurl-errors.html first for more details.
Error fetching https://cliffhanger.hu/feed: HTTP Error 403: 
Error fetching https://femina.hu/feed: HTTP Error 404: Not Found
Error fetching https://velvet.hu/feed: HTTP Error 404: Not Found
Error fetching https://hwsw.hu/hirek/rss: HTTP Error 404: 
Error fetching https://instylemen.hu/feed: HTTP Error 404: 
Error fetching https://www.playboy.com/read/celebrities/feed: Failed to perform, curl: (28) Connection timed out after 10003 milliseconds. See https://curl.se/libcurl/c/libcurl-errors.html first for more details.
[03:22:28] Summarizer: [DownloadWorker-1] SKIP (duplicate title): Szijjártó és a 444 legnagyobb közös pill...
[03:22:29] Summarizer: [DownloadWorker-3] SKIP (duplicate title): Riadót fújt a Mi Hazánk: lassan elfogyna...
[03:22:29] Summarizer: [DownloadWorker-6] SKIP (duplicate title): Lautaro Martínez döntőbe fejelte a címvé...
[03:22:29] Summarizer: [DownloadWorker-2] SKIP (duplicate title): 35 évesen elölről: „Elfogadom, hogy havi...
[03:22:33] Summarizer: [DownloadWorker-6] SKIP (duplicate title): Carmen Electra Looks Back At Her Most Me...
[03:22:33] Summarizer: [DownloadWorker-0] SKIP (duplicate title): Kölök portré...
[03:22:35] Summarizer: [Batch] 4 item(s) missing from response → marked for reprocessing
[03:22:39] Summarizer: [DownloadWorker-0] SKIP (duplicate title): Ez a 4 csillagjegy túl sokat ad a külsős...
[03:22:42] Summarizer: [DownloadWorker-9] SKIP (duplicate title): A Lucky főcíme...
[03:22:46] Summarizer: [DownloadWorker-7] SKIP (duplicate title): Különleges holdnapok jönnek: most alapoz...
[03:22:46] Summarizer: [DownloadWorker-0] SKIP (duplicate title): We Tested 200+ Beds To Find The Best Kin...
[03:22:48] Summarizer: [Batch] 2 item(s) missing from response → marked for reprocessing
[03:22:53] Summarizer: [DownloadWorker-1] SKIP (duplicate title): Az anime is sorozat: Sparks of Tomorrow...
[03:22:58] Summarizer: [Batch] 2 item(s) missing from response → marked for reprocessing
[03:39:14] Image_Downloader: Download failed (https://techcrunch.com/wp-content/uploads/2018/02/tc-backlight-e1689786273147.png?w=1200): 404 Client Error: Not Found for url: https://techcrunch.com/wp-content/uploads/2018/02/tc-backlight-e1689786273147.png?w=1200
[03:39:19] Summarizer: TIMEOUT (180s) - backend call took too long
[03:39:19] Summarizer: [Batch] No response from API (attempt 1/3)
[03:39:21] Summarizer: TIMEOUT (180s) - backend call took too long
[03:39:21] Summarizer: [Batch] No response from API (attempt 1/3)
[03:39:21] Summarizer: TIMEOUT (180s) - backend call took too long
[03:39:21] Summarizer: [Batch] No response from API (attempt 1/3)
[03:39:38] Summarizer: [MissingDetector] ⚠️ PAIRING FAIL: 'https://www.forbes.com/sites/mikestubgs/2026/07/15/league-of-legends-icon-faker-becomes-esports-world-cup-ambassador/' not found. KEEPING ITEM (Fallback).
[03:39:38] Summarizer: [Batch] 1 item(s) missing from response → marked for reprocessing
[03:39:38] Summarizer: [FreeGeminiAPI_3] ⚠️ PAIRING FAIL: 'https://www.forbes.com/sites/mikestubgs/2026/07/15/league-of-legends-icon-faker-becomes-esports-world-cup-ambassador/' not found. KEEPING ITEM (Fallback).
[03:39:40] Summarizer: [Batch] 1 item(s) missing from response → marked for reprocessing
[03:39:44] Summarizer: Reprocessing 1 pairing failures from data.json
[03:39:48] Summarizer: [MissingDetector] ⚠️ PAIRING FAIL: 'https://www.penzcentrum.hu/sport/20260715/keszen-all-tuchel-a-nagyon-fontos-meccsre-elmondta-a-velemenyet-messirol-es-sajatjairól-is-1202275' not found. KEEPING ITEM (Fallback).
[03:39:48] Summarizer: [Batch] 1 item(s) missing from response → marked for reprocessing
[03:39:48] Summarizer: [FreeGeminiAPI_1] ⚠️ PAIRING FAIL: 'https://www.penzcentrum.hu/sport/20260715/keszen-all-tuchel-a-nagyon-fontos-meccsre-elmondta-a-velemenyet-messirol-es-sajatjairól-is-1202275' not found. KEEPING ITEM (Fallback).
[03:39:52] Image_Downloader: Download failed (https://techcrunch.com/wp-content/uploads/2018/02/tc-backlight-e1689786273147.png?w=1200): 404 Client Error: Not Found for url: https://techcrunch.com/wp-content/uploads/2018/02/tc-backlight-e1689786273147.png?w=1200
[03:39:56] Summarizer: Reprocessing 3 pairing failures from data.json
