[00:08:16] Summarizer: [Batch] 1 item(s) missing from response → marked for reprocessing
[00:08:26] Summarizer: [Batch] 1 item(s) missing from response → marked for reprocessing
[00:08:34] Summarizer: [Batch] 1 item(s) missing from response → marked for reprocessing
[00:09:29] Image_Downloader: Download failed (https://media.sg.hu/kep/2026_03/har1.jpg): 404 Client Error: Not Found for url: https://media.sg.hu/kep/2026_03/har1.jpg
[00:09:31] Summarizer: [Batch] Minor issues fixed: 4
[00:09:31] Summarizer: [MissingDetector] ⚠️ PAIRING FAIL: '' not found. KEEPING ITEM (Fallback).
[00:09:31] Summarizer: [MissingDetector] ⚠️ PAIRING FAIL: '' not found. KEEPING ITEM (Fallback).
[00:09:31] Summarizer: [MissingDetector] ⚠️ PAIRING FAIL: '' not found. KEEPING ITEM (Fallback).
[00:09:31] Summarizer: [MissingDetector] ⚠️ PAIRING FAIL: '' not found. KEEPING ITEM (Fallback).
[00:09:31] Summarizer: [Batch] 4 item(s) missing from response → marked for reprocessing
[00:09:31] Summarizer: [GeminiSelenium] ⚠️ PAIRING FAIL: '' not found. KEEPING ITEM (Fallback).
[00:09:31] Summarizer: [GeminiSelenium] ⚠️ PAIRING FAIL: '' not found. KEEPING ITEM (Fallback).
[00:09:31] Summarizer: [GeminiSelenium] ⚠️ PAIRING FAIL: '' not found. KEEPING ITEM (Fallback).
[00:09:31] Summarizer: [GeminiSelenium] ⚠️ PAIRING FAIL: '' not found. KEEPING ITEM (Fallback).
[00:10:01] Summarizer: [Batch] 1 item(s) missing from response → marked for reprocessing
[00:10:21] Summarizer: [Batch] 1 item(s) missing from response → marked for reprocessing
[00:10:38] Summarizer: [Batch] 1 item(s) missing from response → marked for reprocessing
[00:10:46] Summarizer: [DownloadWorker-4] Download failed https://www.cnet.com/tech/do-you-know-all-of-these...: Set changed size during iterat
[00:11:00] Summarizer: [DownloadWorker-2] SKIP (duplicate title): Kritikák, videók, szereplők...
[00:11:29] Image_Downloader: Download failed (https://telex.hu/belfold/2026/03/26/null/null): 404 Client Error: Not Found for url: https://telex.hu/belfold/2026/03/26/null/null
[00:11:30] Summarizer: [MissingDetector] ⚠️ PAIRING FAIL: 'https://hvg.hu/tudomany/20260326_barna-zsirszovet-kutatas-kaloria-egetese-fogyokuras-modswerek-slit-3-plxna1' not found. KEEPING ITEM (Fallback).
[00:11:30] Summarizer: [Batch] 1 item(s) missing from response → marked for reprocessing
[00:11:30] Summarizer: [GeminiSelenium] ⚠️ PAIRING FAIL: 'https://hvg.hu/tudomany/20260326_barna-zsirszovet-kutatas-kaloria-egetese-fogyokuras-modswerek-slit-3-plxna1' not found. KEEPING ITEM (Fallback).
[00:11:53] Summarizer: [Batch] 1 item(s) missing from response → marked for reprocessing
[00:11:53] Summarizer: [Batch] 1 item(s) missing from response → marked for reprocessing
[00:11:54] Summarizer: [DownloadWorker-7] Download failed https://www.cnet.com/tech/services-and-software/ai...: Set changed size during iterat
[00:11:56] Summarizer: [DownloadWorker-7] SKIP (duplicate title): A nap legfontosabb hírei – 2026. március...
[00:11:58] Summarizer: [DownloadWorker-1] SKIP (duplicate title): What’s Up: April 2026 Skywatching Tips f...
[00:12:05] Summarizer: [DownloadWorker-2] SKIP (duplicate title): TV műsor...
[00:12:43] Summarizer: [Batch] 2 item(s) missing from response → marked for reprocessing
[00:13:00] Summarizer: [Batch] 1 item(s) missing from response → marked for reprocessing
[00:13:01] Summarizer: [MissingDetector] ⚠️ PAIRING FAIL: 'https://www.portfolio.hu/gazdasag/20260326/2030-ig-el-fogjuk-erni-hogy-legyen-jegmentes-napja-az-eszaki-sarknum-827002' not found. KEEPING ITEM (Fallback).
[00:13:01] Summarizer: [Batch] 2 item(s) missing from response → marked for reprocessing
[00:13:01] Summarizer: [FreeGeminiAPI] ⚠️ PAIRING FAIL: 'https://www.portfolio.hu/gazdasag/20260326/2030-ig-el-fogjuk-erni-hogy-legyen-jegmentes-napja-az-eszaki-sarknum-827002' not found. KEEPING ITEM (Fallback).
[00:13:08] Summarizer: [DownloadWorker-8] SKIP (duplicate title): Ranking The Top 13 Games of All Time on ...
[00:13:11] Summarizer: [Batch] 2 item(s) missing from response → marked for reprocessing
[00:13:21] Summarizer: [DownloadWorker-8] SKIP (duplicate title): Sorozatjunkie...
[00:13:31] Summarizer: [DownloadWorker-6] SKIP (duplicate title): Felhasználói adatlap...
[00:13:39] Summarizer: [Batch] 2 item(s) missing from response → marked for reprocessing
[00:14:03] Summarizer: [Batch] 1 item(s) missing from response → marked for reprocessing
[00:14:07] Summarizer: [Batch] No response from API (attempt 1/3)
[00:14:13] Summarizer: [Batch] No response from API (attempt 1/3)
[00:14:20] Summarizer: [DownloadWorker-6] SKIP (duplicate title): Felhasználói adatlap...
[00:14:21] Summarizer: [Batch] 🔧 No balanced array found, but recovered 5 individual object(s)
[00:14:21] Summarizer: [Batch] 5 item(s) missing from response → marked for reprocessing
[00:14:22] Summarizer: [DownloadWorker-1] SKIP (duplicate title): Simon Gerovich Confirmed As A Bitcoin 20...
[00:15:07] Summarizer: [Batch] 1 item(s) missing from response → marked for reprocessing
[00:15:09] Summarizer: [Batch] No response from API (attempt 1/3)
[00:15:14] Summarizer: [DownloadWorker-3] SKIP (duplicate title): Francia lovagrendi kitüntetést kapott En...
[00:15:33] Summarizer: [Batch] 🔧 No balanced array found, but recovered 2 individual object(s)
[00:15:33] Summarizer: [Batch] 8 item(s) missing from response → marked for reprocessing
[00:17:25] Summarizer: [Batch] No response from API (attempt 1/3)
[00:17:53] Summarizer: [Batch] Minor issues fixed: 1
[00:17:55] Summarizer: [Batch] 1 item(s) missing from response → marked for reprocessing
[00:18:36] Summarizer: [Batch] No response from API (attempt 1/3)
[00:18:47] Summarizer: [Batch] No response from API (attempt 1/3)
[00:18:47] Summarizer: [Batch] No response from API (attempt 2/3)
[00:19:02] Image_Downloader: Download failed (https://www.mupa.hu/assets/images/news/2026/03/26/wagner-napok-fischer-adam-utolso-ring-tetralogia-mupa.jpg): 404 Client Error: Not Found for url: https://mupa.hu/assets/images/news/2026/03/26/wagner-napok-fischer-adam-utolso-ring-tetralogia-mupa.jpg
