[00:09:15] Summarizer: [Batch] 2 item(s) missing from response → marked for reprocessing
[00:09:38] Summarizer: [DownloadWorker-0] SKIP (duplicate title): 'Marshals' Release Schedule: When Episod...
[00:10:08] Summarizer: [Batch] 2 item(s) missing from response → marked for reprocessing
[00:10:16] Summarizer: [Batch] 2 item(s) missing from response → marked for reprocessing
[00:10:16] Summarizer: [Batch] 3 item(s) missing from response → marked for reprocessing
[00:10:22] Summarizer: [DownloadWorker-5] SKIP (duplicate title): Újdonságok a Netflixen: 11 premierfilm é...
[00:10:22] Summarizer: [DownloadWorker-3] SKIP (duplicate title): TV műsor...
[00:10:26] Summarizer: [Batch] 1 item(s) missing from response → marked for reprocessing
[00:10:27] Summarizer: [DownloadWorker-1] SKIP (duplicate title): Tavaszi szél: Az ébredés...
[00:10:37] Summarizer: [Batch] 1 item(s) missing from response → marked for reprocessing
[00:10:42] Summarizer: [Batch] 1 item(s) missing from response → marked for reprocessing
[00:10:49] Summarizer: [Batch] 1 item(s) missing from response → marked for reprocessing
[00:10:56] Summarizer: [MissingDetector] ⚠️ PAIRING FAIL: 'https://kokenyhaz.com' not found. KEEPING ITEM (Fallback).
[00:10:56] Summarizer: [Batch] 3 item(s) missing from response → marked for reprocessing
[00:10:56] Summarizer: [FreeGeminiAPI_3] ⚠️ PAIRING FAIL: 'https://kokenyhaz.com' not found. KEEPING ITEM (Fallback).
[00:10:56] Summarizer: [Batch] 4 item(s) missing from response → marked for reprocessing
[00:11:09] Summarizer: [Batch] 2 item(s) missing from response → marked for reprocessing
[00:11:19] Summarizer: [Batch] 2 item(s) missing from response → marked for reprocessing
[00:11:22] Summarizer: [DownloadWorker-9] SKIP (duplicate title): Délelőtti videó 1.: Ted...
[00:11:22] Summarizer: [DownloadWorker-1] SKIP (duplicate title): Fekete zsákban találták meg a Szőlő utca...
[00:11:28] Summarizer: [Batch] 3 item(s) missing from response → marked for reprocessing
[00:11:29] Summarizer: [Batch] 3 item(s) missing from response → marked for reprocessing
[00:11:31] Summarizer: [DownloadWorker-1] SKIP (duplicate title): Kvíz: mennyire ismered a túraútvonalakat...
[00:11:34] Summarizer: [DownloadWorker-1] SKIP (duplicate title): Napi üzenet vasárnap – 2026. 04. 12. | M...
[00:11:39] Summarizer: [Batch] 3 item(s) missing from response → marked for reprocessing
[00:11:46] Summarizer: [Batch] 3 item(s) missing from response → marked for reprocessing
[00:11:57] Summarizer: [Batch] 2 item(s) missing from response → marked for reprocessing
[00:12:02] Summarizer: [Batch] 2 item(s) missing from response → marked for reprocessing
[00:12:04] Summarizer: [MissingDetector] ⚠️ PAIRING FAIL: 'https://www.sorozatjunkie.hu/2026/04/12/sentenced-to-be-a-hero-vege-az-1-evad-1-evadnak/' not found. KEEPING ITEM (Fallback).
[00:12:04] Summarizer: [Batch] 3 item(s) missing from response → marked for reprocessing
[00:12:04] Summarizer: [FreeGeminiAPI_2] ⚠️ PAIRING FAIL: 'https://www.sorozatjunkie.hu/2026/04/12/sentenced-to-be-a-hero-vege-az-1-evad-1-evadnak/' not found. KEEPING ITEM (Fallback).
[00:12:10] Summarizer: [Batch] 1 item(s) missing from response → marked for reprocessing
[00:12:23] Summarizer: [Batch] 1 item(s) missing from response → marked for reprocessing
[00:12:25] Summarizer: [Batch] 1 item(s) missing from response → marked for reprocessing
[00:12:30] Summarizer: Reprocessing 2 pairing failures from data.json
[00:14:37] Image_Downloader: Download failed (https://animeaddicts.hu/images/news/11200.jpg): 404 Client Error: Not Found for url: https://animeaddicts.hu/images/news/11200.jpg
