[10:57:49] Summarizer: [DownloadWorker-3] SKIP (duplicate title): [TESZT] Life is Strange: Reunion...
[10:58:29] Image_Downloader: Download failed (https://i.cdn29.hu/apix_collect_c/ngg_images/2604/01/android_125304_1_original_760x425_cover.jpg): HTTPSConnectionPool(host='i.cdn29.hu', port=443): Read timed out. (read timeout=20)
[10:58:30] Summarizer: [Batch] 1 item(s) missing from response → marked for reprocessing
[10:58:33] Summarizer: [Batch] 4 item(s) missing from response → marked for reprocessing
[10:59:00] Image_Downloader: Download failed (https://i.cdn29.hu/apix_collect_c/ngg_images/2505/07/gta_6_gta_vi_160539_10_original_760x425_cover.jpg): HTTPSConnectionPool(host='i.cdn29.hu', port=443): Read timed out. (read timeout=20)
[10:59:07] Summarizer: [DownloadWorker-0] SKIP (duplicate title): Ettől az egy állattól retteg a 99 éves t...
[10:59:09] Summarizer: [DownloadWorker-4] SKIP (duplicate title): 18 Must-Follow OnlyFans Babes Accounts i...
[10:59:30] Summarizer: [Batch] 1 item(s) missing from response → marked for reprocessing
[10:59:50] Summarizer: [Batch] 4 item(s) missing from response → marked for reprocessing
[11:00:31] Summarizer: [DownloadWorker-5] SKIP (duplicate title): TRADING ECONOMICS...
[11:01:32] Summarizer: [DownloadWorker-8] SKIP (duplicate title): Itt vannak a világsztárok titkos szépség...
[11:01:36] Summarizer: TIMEOUT (180s) - backend call took too long
[11:01:40] Image_Downloader: Download failed (https://assets.telex.hu/images/20260402/1775114275-temp-3c4tcg3sn951clNjgCd_facebook.jpg): HTTPSConnectionPool(host='assets.telex.hu', port=443): Read timed out. (read timeout=20)
[11:02:02] Summarizer: [DownloadWorker-8] SKIP (duplicate title): TRADING ECONOMICS...
[11:02:05] Image_Downloader: Download failed (https://cdn.decrypt.co/resize/1024/height/512/wp-content/uploads/2025/06/Chart4_green-gID_7.png): HTTPSConnectionPool(host='cdn.decrypt.co', port=443): Read timed out. (read timeout=20)
[11:02:07] Summarizer: [Batch] 3 item(s) missing from response → marked for reprocessing
[11:02:39] Summarizer: [Batch] 4 item(s) missing from response → marked for reprocessing
[11:02:55] Summarizer: [DownloadWorker-7] SKIP (duplicate title): TRADING ECONOMICS...
[11:03:07] Summarizer: [Batch] 3 item(s) missing from response → marked for reprocessing
[11:03:47] Image_Downloader: Download failed (https://i.cdn29.hu/apix_collect_c/ngg_images/2604/01/celine_dion_205355_1_original_760x425_cover.jpg): HTTPSConnectionPool(host='i.cdn29.hu', port=443): Read timed out. (read timeout=20)
[11:03:52] Summarizer: [Batch] 1 item(s) missing from response → marked for reprocessing
[11:04:26] Summarizer: [DownloadWorker-3] SKIP (duplicate title): Még néhány napig ingyen behúzhatod ezt a...
[11:04:29] Summarizer: [DownloadWorker-8] SKIP (duplicate title): 18 Must-Follow MILF & Mature OnlyFans Ac...
[11:04:35] Summarizer: [Batch] 🔧 No balanced array found, but recovered 5 individual object(s)
[11:04:35] Summarizer: [Batch] 5 item(s) missing from response → marked for reprocessing
[11:04:50] Summarizer: [DownloadWorker-9] SKIP (duplicate title): Watch NASA's Artemis II Launch to the Mo...
[11:05:06] Summarizer: [Batch] 3 item(s) missing from response → marked for reprocessing
[11:05:18] Summarizer: [DownloadWorker-9] SKIP (duplicate title): 18 Must-Follow Asian OnlyFans Accounts i...
[11:06:29] Summarizer: [Batch] 🔧 No balanced array found, but recovered 6 individual object(s)
[11:06:29] Summarizer: [Batch] 4 item(s) missing from response → marked for reprocessing
[11:06:45] Summarizer: [Batch] 1 item(s) missing from response → marked for reprocessing
[11:06:45] Summarizer: [DownloadWorker-2] SKIP (duplicate title): Áprilisi újdonságok az HBO MAX hazai kín...
[11:06:51] Summarizer: [Batch] 4 item(s) missing from response → marked for reprocessing
[11:07:10] Summarizer: [Batch] 5 item(s) missing from response → marked for reprocessing
[11:07:13] Image_Downloader: Download failed (https://www.economx.hu/neon/media/images/GettyImages-1220059467.format-jpeg.max-3840x2160.jpg): HTTPSConnectionPool(host='www.economx.hu', port=443): Read timed out. (read timeout=20)
[11:07:23] Summarizer: [Batch] No response from API (attempt 1/3)
[11:07:37] Summarizer: [Batch] 3 item(s) missing from response → marked for reprocessing
[11:08:42] Summarizer: [Batch] No response from API (attempt 1/3)
[11:08:42] Summarizer: [Batch] 2 item(s) missing from response → marked for reprocessing
[11:09:06] Summarizer: [Batch] 3 item(s) missing from response → marked for reprocessing
[11:09:40] Image_Downloader: Download failed (https://assets.telex.hu/images/20260402/1775112356-temp-g1baf8b903da9GoOJPC_facebook.jpg): HTTPSConnectionPool(host='assets.telex.hu', port=443): Read timed out. (read timeout=20)
[11:09:41] Image_Downloader: Download failed (https://i.cdn29.hu/apix_collect_c/ngg_images/2501/30/wordpress_092903_1_original_760x425_cover.jpg): HTTPSConnectionPool(host='i.cdn29.hu', port=443): Read timed out. (read timeout=20)
[11:10:30] Summarizer: [Batch] 🔧 No balanced array found, but recovered 5 individual object(s)
[11:10:30] Summarizer: [Batch] 5 item(s) missing from response → marked for reprocessing
[11:10:53] Summarizer: [Batch] 4 item(s) missing from response → marked for reprocessing
[11:11:52] Summarizer: TIMEOUT (180s) - backend call took too long
[11:11:54] Summarizer: [Batch] 5 item(s) missing from response → marked for reprocessing
[11:12:17] Summarizer: [Batch] 🔧 No balanced array found, but recovered 6 individual object(s)
[11:12:17] Summarizer: [Batch] 1 item(s) missing from response → marked for reprocessing
[11:13:07] Summarizer: [Batch] 🔧 No balanced array found, but recovered 2 individual object(s)
[11:13:07] Summarizer: [Batch] 8 item(s) missing from response → marked for reprocessing
[11:13:24] Summarizer: [Batch] 4 item(s) missing from response → marked for reprocessing
[11:13:42] Summarizer: [Batch] 4 item(s) missing from response → marked for reprocessing
[11:14:16] Summarizer: [Batch] 3 item(s) missing from response → marked for reprocessing
[11:14:51] Summarizer: [Batch] 3 item(s) missing from response → marked for reprocessing
[11:16:30] Summarizer: [Batch] 🔧 No balanced array found, but recovered 3 individual object(s)
[11:16:30] Summarizer: [Batch] 7 item(s) missing from response → marked for reprocessing
[11:16:54] Summarizer: [Batch] Minor issues fixed: 1
[11:16:54] Summarizer: [Batch] 4 item(s) missing from response → marked for reprocessing
[11:18:12] Summarizer: [Batch] 🔧 No balanced array found, but recovered 4 individual object(s)
[11:18:12] Summarizer: [Batch] 6 item(s) missing from response → marked for reprocessing
[11:20:00] Summarizer: [Batch] 🔧 No balanced array found, but recovered 3 individual object(s)
[11:20:00] Summarizer: [Batch] 7 item(s) missing from response → marked for reprocessing
[11:20:31] Summarizer: [Batch] No response from API (attempt 2/3)
[11:20:45] Summarizer: [Batch] Invalid JSON (attempt 1/3)
[11:20:45] Summarizer: [Batch] Invalid JSON error: JSON payload exists but could not extract a balanced JSON array segment.
[11:20:45] Summarizer: [Batch] Attempting JSON repair...
[11:21:32] Summarizer: [Batch] 1 item(s) missing from response → marked for reprocessing
