
--- RSS Fetch Errors at 2026-06-12 00:52:20 ---
Error fetching https://www.drive.com.au/feed/: HTTP Error 403: 
[00:52:33] Summarizer: [DownloadWorker-0] SKIP (duplicate title): National Geographic...
[00:52:33] Summarizer: [Batch] 2 item(s) missing from response → marked for reprocessing
[00:52:40] Summarizer: [DownloadWorker-6] SKIP (duplicate title): Koncert.hu...
[00:52:46] Summarizer: [Batch] 3 item(s) missing from response → marked for reprocessing
[00:52:50] Summarizer: [DownloadWorker-2] SKIP (duplicate title): Milk Road...
[00:52:50] Summarizer: [Batch] 4 item(s) missing from response → marked for reprocessing
[00:52:56] Summarizer: [Batch] 3 item(s) missing from response → marked for reprocessing
[00:52:58] Summarizer: [DownloadWorker-2] SKIP (duplicate title): Bay Area Times...
[00:52:59] Summarizer: [Batch] 3 item(s) missing from response → marked for reprocessing
[00:53:01] Summarizer: [DownloadWorker-1] SKIP (duplicate title): Film magazin...
[00:53:02] Summarizer: [DownloadWorker-0] SKIP (duplicate title): Koncert.hu...
[00:53:16] Summarizer: [DownloadWorker-7] SKIP (duplicate title): TRADING ECONOMICS...
[00:53:22] Summarizer: [DownloadWorker-6] SKIP (duplicate title): Femina.hu...
[00:53:24] Summarizer: [DownloadWorker-3] SKIP (duplicate title): GitHub availability report: May 2026...
[00:53:30] Summarizer: [Batch] 3 item(s) missing from response → marked for reprocessing
[00:53:31] Summarizer: [DownloadWorker-6] SKIP (duplicate title): Milk Road...
[00:53:33] Summarizer: [DownloadWorker-5] SKIP (duplicate title): 18 Must-Follow Sexting OnlyFans Accounts...
[00:53:36] Summarizer: [Batch] 1 item(s) missing from response → marked for reprocessing
[00:53:36] Summarizer: [DownloadWorker-3] SKIP (duplicate title): Leet...
[00:53:45] Summarizer: [Batch] 2 item(s) missing from response → marked for reprocessing
[00:53:46] Summarizer: [DownloadWorker-3] SKIP (duplicate title): Koncert.hu...
[00:53:48] Summarizer: [DownloadWorker-1] SKIP (duplicate title): Kicsit másként fog kinézni az egyik fősz...
[00:53:48] Summarizer: [DownloadWorker-5] SKIP (duplicate title): Raketa.hu...
[00:53:50] Summarizer: [DownloadWorker-6] SKIP (duplicate title): Az Európai Unió ideiglenes intézkedéssel...
[00:53:51] Summarizer: [DownloadWorker-5] SKIP (duplicate title): Articles & Guides...
[00:53:53] Summarizer: [DownloadWorker-9] SKIP (duplicate title): WMN...
[00:53:55] Summarizer: [DownloadWorker-4] SKIP (duplicate title): Femina.hu...
[00:53:57] Summarizer: [Batch] 3 item(s) missing from response → marked for reprocessing
[00:54:02] Summarizer: [DownloadWorker-2] SKIP (duplicate title): Bay Area Times...
[00:54:02] Summarizer: [Batch] 2 item(s) missing from response → marked for reprocessing
[00:54:03] Summarizer: [DownloadWorker-8] SKIP (duplicate title): Filmek - Hétvégi bevételi listák (USA) -...
[00:54:06] Summarizer: [DownloadWorker-4] SKIP (duplicate title): Leet...
[00:54:07] Summarizer: [Batch] 1 item(s) missing from response → marked for reprocessing
[00:54:07] Summarizer: [Batch] 1 item(s) missing from response → marked for reprocessing
[00:54:11] Summarizer: [Batch] 3 item(s) missing from response → marked for reprocessing
[00:54:30] Summarizer: [DownloadWorker-2] SKIP (duplicate title): Raketa.hu...
[00:54:33] Summarizer: [DownloadWorker-5] SKIP (duplicate title): TRADING ECONOMICS...
[00:54:36] Summarizer: [DownloadWorker-5] SKIP (duplicate title): WMN...
[00:54:38] Summarizer: [Batch] 1 item(s) missing from response → marked for reprocessing
[00:54:38] Summarizer: [DownloadWorker-8] SKIP (duplicate title): Femina.hu...
[00:54:44] Summarizer: [DownloadWorker-1] SKIP (duplicate title): 18 Must-Follow Fitness OnlyFans Accounts...
[00:54:45] Summarizer: [DownloadWorker-7] SKIP (duplicate title): Mit nézzek? Csak SZERDÁN 10 új film és s...
[00:54:46] Summarizer: [Batch] 1 item(s) missing from response → marked for reprocessing
[00:54:47] Summarizer: [DownloadWorker-8] SKIP (duplicate title): 54 (film, 1998) | Kritikák, videók, szer...
[00:54:50] Summarizer: [DownloadWorker-4] SKIP (duplicate title): The Batman – Part II...
[00:54:53] Summarizer: [DownloadWorker-3] SKIP (duplicate title): Jön egy új éra? Taylor Swift friss fotói...
[00:54:55] Summarizer: [Batch] 1 item(s) missing from response → marked for reprocessing
[00:54:56] Summarizer: [Batch] 1 item(s) missing from response → marked for reprocessing
[00:54:58] Summarizer: [DownloadWorker-1] SKIP (duplicate title): TRADING ECONOMICS...
[00:55:03] Summarizer: [DownloadWorker-7] SKIP (duplicate title): Femina.hu...
[00:55:04] Summarizer: [MissingDetector] ⚠️ PAIRING FAIL: 'https://www.koncert.hu/koncert/zsido-kulturalis-fesztivál-2026--biro-eszter-csakanyi-eszter-horgas-eszter-es-a-classjazz-band-1463986' not found. KEEPING ITEM (Fallback).
[00:55:04] Summarizer: [Batch] 1 item(s) missing from response → marked for reprocessing
[00:55:04] Summarizer: [FreeGeminiAPI_1] ⚠️ PAIRING FAIL: 'https://www.koncert.hu/koncert/zsido-kulturalis-fesztivál-2026--biro-eszter-csakanyi-eszter-horgas-eszter-es-a-classjazz-band-1463986' not found. KEEPING ITEM (Fallback).
[00:55:05] Summarizer: [DownloadWorker-0] SKIP (duplicate title): WMN...
[00:55:11] Summarizer: [Batch] 2 item(s) missing from response → marked for reprocessing
[00:55:11] Summarizer: [Batch] 2 item(s) missing from response → marked for reprocessing
[00:55:13] Summarizer: [Batch] 3 item(s) missing from response → marked for reprocessing
[00:55:18] Summarizer: [Batch] 1 item(s) missing from response → marked for reprocessing
[00:55:18] Summarizer: [DownloadWorker-3] SKIP (duplicate title): TRADING ECONOMICS...
[00:55:22] Summarizer: [DownloadWorker-3] SKIP (duplicate title): Ezeket a filmeket ajánljuk a tévében csü...
[00:55:23] Summarizer: [DownloadWorker-4] SKIP (duplicate title): WMN...
[00:55:23] Summarizer: [Batch] 1 item(s) missing from response → marked for reprocessing
[00:55:23] Summarizer: [DownloadWorker-8] SKIP (duplicate title): Femina.hu...
[00:55:27] Image_Downloader: Download failed (https://www.travelmagazin.hu/wp-content/uploads/2016/01/wp-1453659661691.jpeg): 404 Client Error: Not Found for url: https://www.travelmagazin.hu/wp-content/uploads/2016/01/wp-1453659661691.jpeg
[00:55:31] Summarizer: [MissingDetector] ⚠️ PAIRING FAIL: 'https://index.hu/mindekozben/poszt/20260611/ambrus-attila-megszolalt-a-valasarol-elarulta-mi-vezetett-a-dontesukig-nem-akarom-szepiteni-a-helyzetet/' not found. KEEPING ITEM (Fallback).
[00:55:31] Summarizer: [Batch] 3 item(s) missing from response → marked for reprocessing
[00:55:31] Summarizer: [FreeGeminiAPI_1] ⚠️ PAIRING FAIL: 'https://index.hu/mindekozben/poszt/20260611/ambrus-attila-megszolalt-a-valasarol-elarulta-mi-vezetett-a-dontesukig-nem-akarom-szepiteni-a-helyzetet/' not found. KEEPING ITEM (Fallback).
[00:55:31] Summarizer: [Batch] 3 item(s) missing from response → marked for reprocessing
[00:55:34] Summarizer: [Batch] 2 item(s) missing from response → marked for reprocessing
[00:55:37] Summarizer: [DownloadWorker-7] SKIP (duplicate title): A nap legfontosabb hírei – 2026.06.11....
[00:55:39] Summarizer: [DownloadWorker-0] SKIP (duplicate title): Femina.hu...
[00:55:40] Summarizer: [DownloadWorker-2] SKIP (duplicate title): WMN...
[00:55:47] Summarizer: [Batch] 4 item(s) missing from response → marked for reprocessing
[00:55:48] Summarizer: [DownloadWorker-0] SKIP (duplicate title): TRADING ECONOMICS...
[00:55:58] Summarizer: [DownloadWorker-1] SKIP (duplicate title): WMN...
[00:55:58] Summarizer: [DownloadWorker-7] SKIP (duplicate title): Enola Holmes 3....
[00:55:59] Summarizer: [DownloadWorker-3] SKIP (duplicate title): Femina.hu...
[00:56:00] Summarizer: [Batch] 3 item(s) missing from response → marked for reprocessing
[00:56:05] Summarizer: [Batch] 1 item(s) missing from response → marked for reprocessing
[00:56:08] Summarizer: [DownloadWorker-5] SKIP (duplicate title): Femina.hu...
[00:56:10] Summarizer: [DownloadWorker-7] SKIP (duplicate title): WMN...
[00:56:10] Summarizer: [DownloadWorker-0] SKIP (duplicate title): Horoszkóp | nlc...
[00:56:15] Summarizer: [Batch] 1 item(s) missing from response → marked for reprocessing
[00:56:17] Summarizer: [DownloadWorker-8] SKIP (duplicate title): WMN...
[00:56:18] Summarizer: [DownloadWorker-1] SKIP (duplicate title): Femina.hu...
[00:56:18] Summarizer: [DownloadWorker-0] SKIP (duplicate title): 170 ezer magyar autót vonhat ki a forgal...
[00:56:21] Summarizer: [DownloadWorker-7] SKIP (duplicate title): Femina.hu...
[00:56:24] Summarizer: [Batch] 1 item(s) missing from response → marked for reprocessing
[00:56:24] Summarizer: [DownloadWorker-8] SKIP (duplicate title): Femina.hu...
[00:56:28] Summarizer: [Batch] 1 item(s) missing from response → marked for reprocessing
[00:56:29] Summarizer: [DownloadWorker-7] SKIP (duplicate title): WMN...
[00:56:30] Summarizer: [DownloadWorker-1] SKIP (duplicate title): Femina.hu...
[00:56:30] Image_Downloader: Download failed (https://marieclaire.hu/uploads/2026/06/Kullancs_7-scaled.jpg): HTTPSConnectionPool(host='marieclaire.hu', port=443): Max retries exceeded with url: /uploads/2026/06/Kullancs_7-scaled.jpg (Caused by NewConnectionError("HTTPSConnection(host='marieclaire.hu', port=443): Failed to establish a new connection: [Errno 61] Connection refused"))
[00:56:31] Summarizer: [DownloadWorker-5] SKIP (duplicate title): Új dinoszauruszmaradványokat fedeztek fe...
[00:56:31] Summarizer: [Batch] 2 item(s) missing from response → marked for reprocessing
[00:56:32] Image_Downloader: Download failed (https://nlc.hu/uploads/2026/06/majusi-hoseg.jpg): HTTPSConnectionPool(host='nlc.hu', port=443): Max retries exceeded with url: /uploads/2026/06/majusi-hoseg.jpg (Caused by NewConnectionError("HTTPSConnection(host='nlc.hu', port=443): Failed to establish a new connection: [Errno 61] Connection refused"))
[00:56:57] Summarizer: Reprocessing 1 pairing failures from data.json
[01:07:14] Image_Downloader: Download failed (https://raw.githubusercontent.com/Derushir/Kepek/main/67c6357751300334f52e35f893ac854f/news/noi-szurkolokat-serto-megjegyzest-tett-az-m4-sport-szakertoj.jpg): 404 Client Error: Not Found for url: https://raw.githubusercontent.com/Derushir/Kepek/main/67c6357751300334f52e35f893ac854f/news/noi-szurkolokat-serto-megjegyzest-tett-az-m4-sport-szakertoj.jpg
[01:07:14] Image_Downloader: Download failed (https://raw.githubusercontent.com/Derushir/Kepek/main/67c6357751300334f52e35f893ac854f/news/jelentos-megszoritasokkal-tervezne-az-eu-2028-2034-kozotti-k.jpg): 404 Client Error: Not Found for url: https://raw.githubusercontent.com/Derushir/Kepek/main/67c6357751300334f52e35f893ac854f/news/jelentos-megszoritasokkal-tervezne-az-eu-2028-2034-kozotti-k.jpg
[01:07:14] Image_Downloader: Download failed (https://raw.githubusercontent.com/Derushir/Kepek/main/67c6357751300334f52e35f893ac854f/news/tudatos-tervezessel-olcsobban-utazhato-meg-milano-mint-londo.jpg): 404 Client Error: Not Found for url: https://raw.githubusercontent.com/Derushir/Kepek/main/67c6357751300334f52e35f893ac854f/news/tudatos-tervezessel-olcsobban-utazhato-meg-milano-mint-londo.jpg
[01:07:14] Image_Downloader: Download failed (https://raw.githubusercontent.com/Derushir/Kepek/main/67c6357751300334f52e35f893ac854f/news/a-tisza-part-kampanykoltesei-meghaladtak-a-dk-es-a-mi-hazank.jpg): 404 Client Error: Not Found for url: https://raw.githubusercontent.com/Derushir/Kepek/main/67c6357751300334f52e35f893ac854f/news/a-tisza-part-kampanykoltesei-meghaladtak-a-dk-es-a-mi-hazank.jpg
[01:07:14] Image_Downloader: Download failed (https://raw.githubusercontent.com/Derushir/Kepek/main/67c6357751300334f52e35f893ac854f/news/jelentos-kedvezmennyel-erheto-el-a-felujitott-sony-wh-1000xm.jpg): 404 Client Error: Not Found for url: https://raw.githubusercontent.com/Derushir/Kepek/main/67c6357751300334f52e35f893ac854f/news/jelentos-kedvezmennyel-erheto-el-a-felujitott-sony-wh-1000xm.jpg
[01:07:14] Image_Downloader: Download failed (https://raw.githubusercontent.com/Derushir/Kepek/main/67c6357751300334f52e35f893ac854f/news/sulyos-emberi-jogi-aggalyok-kenyszersterilizaciok-roma-nok-k.jpg): 404 Client Error: Not Found for url: https://raw.githubusercontent.com/Derushir/Kepek/main/67c6357751300334f52e35f893ac854f/news/sulyos-emberi-jogi-aggalyok-kenyszersterilizaciok-roma-nok-k.jpg
[01:07:14] Image_Downloader: Download failed (https://raw.githubusercontent.com/Derushir/Kepek/main/67c6357751300334f52e35f893ac854f/news/szabadon-atrendezheto-a-profilracs-az-instagramon.webp): 404 Client Error: Not Found for url: https://raw.githubusercontent.com/Derushir/Kepek/main/67c6357751300334f52e35f893ac854f/news/szabadon-atrendezheto-a-profilracs-az-instagramon.webp
[01:07:14] Image_Downloader: Download failed (https://raw.githubusercontent.com/Derushir/Kepek/main/67c6357751300334f52e35f893ac854f/news/magyar-gripenek-emelkedtek-a-magasba-egy-izraeli-utasszallit.jpg): 404 Client Error: Not Found for url: https://raw.githubusercontent.com/Derushir/Kepek/main/67c6357751300334f52e35f893ac854f/news/magyar-gripenek-emelkedtek-a-magasba-egy-izraeli-utasszallit.jpg
[01:07:14] Image_Downloader: Download failed (https://raw.githubusercontent.com/Derushir/Kepek/main/67c6357751300334f52e35f893ac854f/news/ezert-haromszog-alaku-az-elsobbsegadas-kotelezo-kozuti-jelzo.jpg): 404 Client Error: Not Found for url: https://raw.githubusercontent.com/Derushir/Kepek/main/67c6357751300334f52e35f893ac854f/news/ezert-haromszog-alaku-az-elsobbsegadas-kotelezo-kozuti-jelzo.jpg
[01:07:14] Image_Downloader: Download failed (https://raw.githubusercontent.com/Derushir/Kepek/main/67c6357751300334f52e35f893ac854f/news/egeszsegugyi-okok-miatt-lemondott-paszto-polgarmestere.jpg): 404 Client Error: Not Found for url: https://raw.githubusercontent.com/Derushir/Kepek/main/67c6357751300334f52e35f893ac854f/news/egeszsegugyi-okok-miatt-lemondott-paszto-polgarmestere.jpg
[01:07:14] Image_Downloader: Download failed (https://raw.githubusercontent.com/Derushir/Kepek/main/67c6357751300334f52e35f893ac854f/news/korlatlan-adatforgalmat-kinal-a-firefox-vpn-szolgaltatasa-ny.jpg): 404 Client Error: Not Found for url: https://raw.githubusercontent.com/Derushir/Kepek/main/67c6357751300334f52e35f893ac854f/news/korlatlan-adatforgalmat-kinal-a-firefox-vpn-szolgaltatasa-ny.jpg
[01:07:14] Image_Downloader: Download failed (https://raw.githubusercontent.com/Derushir/Kepek/main/67c6357751300334f52e35f893ac854f/news/vilagszinten-a-legjobbak-kozott-a-budapesti-hotel-moments.jpg): 404 Client Error: Not Found for url: https://raw.githubusercontent.com/Derushir/Kepek/main/67c6357751300334f52e35f893ac854f/news/vilagszinten-a-legjobbak-kozott-a-budapesti-hotel-moments.jpg
[01:07:14] Image_Downloader: Download failed (https://raw.githubusercontent.com/Derushir/Kepek/main/67c6357751300334f52e35f893ac854f/news/uj-negyportos-thunderbolt-5-hub-erkezik-a-startechcom-tol.jpg): 404 Client Error: Not Found for url: https://raw.githubusercontent.com/Derushir/Kepek/main/67c6357751300334f52e35f893ac854f/news/uj-negyportos-thunderbolt-5-hub-erkezik-a-startechcom-tol.jpg
[01:07:14] Image_Downloader: Download failed (https://raw.githubusercontent.com/Derushir/Kepek/main/67c6357751300334f52e35f893ac854f/news/google-befektetesek-virginiaban-munkahelyteremtes-es-energia.png): 404 Client Error: Not Found for url: https://raw.githubusercontent.com/Derushir/Kepek/main/67c6357751300334f52e35f893ac854f/news/google-befektetesek-virginiaban-munkahelyteremtes-es-energia.png
[01:07:14] Image_Downloader: Download failed (https://raw.githubusercontent.com/Derushir/Kepek/main/67c6357751300334f52e35f893ac854f/news/magyar-bobtail-nyerte-a-vilag-legszebb-kutyaja-cimet-bologna.jpg): 404 Client Error: Not Found for url: https://raw.githubusercontent.com/Derushir/Kepek/main/67c6357751300334f52e35f893ac854f/news/magyar-bobtail-nyerte-a-vilag-legszebb-kutyaja-cimet-bologna.jpg
[01:07:14] Image_Downloader: Download failed (https://raw.githubusercontent.com/Derushir/Kepek/main/67c6357751300334f52e35f893ac854f/news/kritikus-hangok-a-hat-es-nyolcosztalyos-gimnaziumi-kepzesekr.jpg): 404 Client Error: Not Found for url: https://raw.githubusercontent.com/Derushir/Kepek/main/67c6357751300334f52e35f893ac854f/news/kritikus-hangok-a-hat-es-nyolcosztalyos-gimnaziumi-kepzesekr.jpg
[01:07:14] Image_Downloader: Download failed (https://www.travelmagazin.hu/wp-content/uploads/2016/01/wp-1453659661691.jpeg): 404 Client Error: Not Found for url: https://www.travelmagazin.hu/wp-content/uploads/2016/01/wp-1453659661691.jpeg
[01:07:15] Image_Downloader: Download failed (https://raw.githubusercontent.com/Derushir/Kepek/main/67c6357751300334f52e35f893ac854f/news/tankonyvekkel-bovulhet-a-google-notebooklm-tudastara.jpg): 404 Client Error: Not Found for url: https://raw.githubusercontent.com/Derushir/Kepek/main/67c6357751300334f52e35f893ac854f/news/tankonyvekkel-bovulhet-a-google-notebooklm-tudastara.jpg
[01:07:16] Image_Downloader: Download failed (https://raw.githubusercontent.com/Derushir/Kepek/main/67c6357751300334f52e35f893ac854f/news/az-egyesult-allamok-tortenelmenek-legnagyobb-napelemgyara-ep.jpg): 404 Client Error: Not Found for url: https://raw.githubusercontent.com/Derushir/Kepek/main/67c6357751300334f52e35f893ac854f/news/az-egyesult-allamok-tortenelmenek-legnagyobb-napelemgyara-ep.jpg
[01:07:16] Image_Downloader: Download failed (https://raw.githubusercontent.com/Derushir/Kepek/main/67c6357751300334f52e35f893ac854f/news/katonai-dronok-fejlesztesehez-hasznaltak-fel-a-pokemon-go-ad.jpg): 404 Client Error: Not Found for url: https://raw.githubusercontent.com/Derushir/Kepek/main/67c6357751300334f52e35f893ac854f/news/katonai-dronok-fejlesztesehez-hasznaltak-fel-a-pokemon-go-ad.jpg
[01:07:16] Image_Downloader: Download failed (https://raw.githubusercontent.com/Derushir/Kepek/main/67c6357751300334f52e35f893ac854f/news/innovativ-gorgo-nelkuli-eger-erkezik-a-kickstarterre.jpg): 404 Client Error: Not Found for url: https://raw.githubusercontent.com/Derushir/Kepek/main/67c6357751300334f52e35f893ac854f/news/innovativ-gorgo-nelkuli-eger-erkezik-a-kickstarterre.jpg
[01:07:16] Image_Downloader: Download failed (https://raw.githubusercontent.com/Derushir/Kepek/main/67c6357751300334f52e35f893ac854f/news/spacex-egymillio-muholdbol-allo-ur-adatkozpontot-tervez-elon.jpg): 404 Client Error: Not Found for url: https://raw.githubusercontent.com/Derushir/Kepek/main/67c6357751300334f52e35f893ac854f/news/spacex-egymillio-muholdbol-allo-ur-adatkozpontot-tervez-elon.jpg
[01:07:16] Image_Downloader: Download failed (https://raw.githubusercontent.com/Derushir/Kepek/main/67c6357751300334f52e35f893ac854f/news/zsaner-nelkuli-hajlithato-kijelzos-technologian-dolgozik-a-h.jpg): 404 Client Error: Not Found for url: https://raw.githubusercontent.com/Derushir/Kepek/main/67c6357751300334f52e35f893ac854f/news/zsaner-nelkuli-hajlithato-kijelzos-technologian-dolgozik-a-h.jpg
[01:07:16] Image_Downloader: Download failed (https://raw.githubusercontent.com/Derushir/Kepek/main/67c6357751300334f52e35f893ac854f/news/jelentosen-dragult-a-chevy-equinox-ev-lizingje-juniusban.webp): 404 Client Error: Not Found for url: https://raw.githubusercontent.com/Derushir/Kepek/main/67c6357751300334f52e35f893ac854f/news/jelentosen-dragult-a-chevy-equinox-ev-lizingje-juniusban.webp
[01:07:16] Image_Downloader: Download failed (https://raw.githubusercontent.com/Derushir/Kepek/main/67c6357751300334f52e35f893ac854f/news/hagyomanyos-kialakitasu-de-csucskategorias-okostelefont-fejl.jpg): 404 Client Error: Not Found for url: https://raw.githubusercontent.com/Derushir/Kepek/main/67c6357751300334f52e35f893ac854f/news/hagyomanyos-kialakitasu-de-csucskategorias-okostelefont-fejl.jpg
[01:07:17] Image_Downloader: Download failed (https://raw.githubusercontent.com/Derushir/Kepek/main/67c6357751300334f52e35f893ac854f/news/a-backrooms-rendezoje-kane-parsons-szerint-a-generativ-ai-me.jpg): 404 Client Error: Not Found for url: https://raw.githubusercontent.com/Derushir/Kepek/main/67c6357751300334f52e35f893ac854f/news/a-backrooms-rendezoje-kane-parsons-szerint-a-generativ-ai-me.jpg
[01:07:17] Image_Downloader: Download failed (https://raw.githubusercontent.com/Derushir/Kepek/main/67c6357751300334f52e35f893ac854f/news/a-nasa-muszaki-oktatasi-nappal-osztonzi-a-jovo-szakembereit.jpg): 404 Client Error: Not Found for url: https://raw.githubusercontent.com/Derushir/Kepek/main/67c6357751300334f52e35f893ac854f/news/a-nasa-muszaki-oktatasi-nappal-osztonzi-a-jovo-szakembereit.jpg
[01:07:17] Image_Downloader: Download failed (https://raw.githubusercontent.com/Derushir/Kepek/main/67c6357751300334f52e35f893ac854f/news/uj-gamma-sugarzas-erzekelo-technologiat-tesztel-a-nasa-2027-.jpg): 404 Client Error: Not Found for url: https://raw.githubusercontent.com/Derushir/Kepek/main/67c6357751300334f52e35f893ac854f/news/uj-gamma-sugarzas-erzekelo-technologiat-tesztel-a-nasa-2027-.jpg
[01:07:17] Image_Downloader: Download failed (https://raw.githubusercontent.com/Derushir/Kepek/main/67c6357751300334f52e35f893ac854f/news/nem-karos-a-kornyezetre-a-jegkarmerseklo-rendszerben-hasznal.jpg): 404 Client Error: Not Found for url: https://raw.githubusercontent.com/Derushir/Kepek/main/67c6357751300334f52e35f893ac854f/news/nem-karos-a-kornyezetre-a-jegkarmerseklo-rendszerben-hasznal.jpg
[01:07:17] Image_Downloader: Download failed (https://raw.githubusercontent.com/Derushir/Kepek/main/67c6357751300334f52e35f893ac854f/news/a-fold-alatti-gombahalozat-hossza-a-tejutrendszer-10-szazale.png): 404 Client Error: Not Found for url: https://raw.githubusercontent.com/Derushir/Kepek/main/67c6357751300334f52e35f893ac854f/news/a-fold-alatti-gombahalozat-hossza-a-tejutrendszer-10-szazale.png
[01:07:17] Image_Downloader: Download failed (https://raw.githubusercontent.com/Derushir/Kepek/main/67c6357751300334f52e35f893ac854f/news/a-tuberkulozis-elleni-vedooltas-javithatja-a-cukorbetegek-in.jpg): 404 Client Error: Not Found for url: https://raw.githubusercontent.com/Derushir/Kepek/main/67c6357751300334f52e35f893ac854f/news/a-tuberkulozis-elleni-vedooltas-javithatja-a-cukorbetegek-in.jpg
[01:07:17] Image_Downloader: Download failed (https://raw.githubusercontent.com/Derushir/Kepek/main/67c6357751300334f52e35f893ac854f/news/emberen-tesztelik-a-sejtszintu-oregedesgatlo-genterapiat.jpg): 404 Client Error: Not Found for url: https://raw.githubusercontent.com/Derushir/Kepek/main/67c6357751300334f52e35f893ac854f/news/emberen-tesztelik-a-sejtszintu-oregedesgatlo-genterapiat.jpg
[01:07:17] Image_Downloader: Download failed (https://raw.githubusercontent.com/Derushir/Kepek/main/67c6357751300334f52e35f893ac854f/news/szupernova-maradvanyt-fedezhettek-fel-a-tejutrendszer-kozpon.jpg): 404 Client Error: Not Found for url: https://raw.githubusercontent.com/Derushir/Kepek/main/67c6357751300334f52e35f893ac854f/news/szupernova-maradvanyt-fedezhettek-fel-a-tejutrendszer-kozpon.jpg
[01:07:18] Image_Downloader: Download failed (https://raw.githubusercontent.com/Derushir/Kepek/main/67c6357751300334f52e35f893ac854f/news/csoportos-cseveges-funkcioval-bovult-a-bluesky.jpg): 404 Client Error: Not Found for url: https://raw.githubusercontent.com/Derushir/Kepek/main/67c6357751300334f52e35f893ac854f/news/csoportos-cseveges-funkcioval-bovult-a-bluesky.jpg
[01:07:18] Image_Downloader: Download failed (https://raw.githubusercontent.com/Derushir/Kepek/main/67c6357751300334f52e35f893ac854f/news/700-ezer-eves-allati-dns-t-talaltak-kanadai-urulekmintakban.jpg): 404 Client Error: Not Found for url: https://raw.githubusercontent.com/Derushir/Kepek/main/67c6357751300334f52e35f893ac854f/news/700-ezer-eves-allati-dns-t-talaltak-kanadai-urulekmintakban.jpg
[01:07:18] Image_Downloader: Download failed (https://raw.githubusercontent.com/Derushir/Kepek/main/67c6357751300334f52e35f893ac854f/news/evolucios-kockazat-miert-veszelyes-a-szules-az-emlosoknel.jpg): 404 Client Error: Not Found for url: https://raw.githubusercontent.com/Derushir/Kepek/main/67c6357751300334f52e35f893ac854f/news/evolucios-kockazat-miert-veszelyes-a-szules-az-emlosoknel.jpg
[01:07:18] Image_Downloader: Download failed (https://raw.githubusercontent.com/Derushir/Kepek/main/67c6357751300334f52e35f893ac854f/news/junius-12-en-latvanyos-bolygoegyuttallas-lesz-megfigyelheto-.jpg): 404 Client Error: Not Found for url: https://raw.githubusercontent.com/Derushir/Kepek/main/67c6357751300334f52e35f893ac854f/news/junius-12-en-latvanyos-bolygoegyuttallas-lesz-megfigyelheto-.jpg
[01:07:18] Image_Downloader: Download failed (https://raw.githubusercontent.com/Derushir/Kepek/main/67c6357751300334f52e35f893ac854f/news/tobb-mint-70-uj-fajt-azonositottak-az-angolai-lisima-fennsik.jpg): 404 Client Error: Not Found for url: https://raw.githubusercontent.com/Derushir/Kepek/main/67c6357751300334f52e35f893ac854f/news/tobb-mint-70-uj-fajt-azonositottak-az-angolai-lisima-fennsik.jpg
[01:07:18] Image_Downloader: Download failed (https://raw.githubusercontent.com/Derushir/Kepek/main/67c6357751300334f52e35f893ac854f/news/tobb-mint-450-eves-szolotoke-el-es-terem-maribor-sziveben.jpg): 404 Client Error: Not Found for url: https://raw.githubusercontent.com/Derushir/Kepek/main/67c6357751300334f52e35f893ac854f/news/tobb-mint-450-eves-szolotoke-el-es-terem-maribor-sziveben.jpg
[01:07:19] Image_Downloader: Download failed (https://raw.githubusercontent.com/Derushir/Kepek/main/67c6357751300334f52e35f893ac854f/news/nasa-mernok-az-artemis-missziok-kulisszai-mogott.jpg): 404 Client Error: Not Found for url: https://raw.githubusercontent.com/Derushir/Kepek/main/67c6357751300334f52e35f893ac854f/news/nasa-mernok-az-artemis-missziok-kulisszai-mogott.jpg
[01:07:19] Image_Downloader: Download failed (https://raw.githubusercontent.com/Derushir/Kepek/main/67c6357751300334f52e35f893ac854f/news/altatas-kozben-is-aktiv-marad-az-agy-nyelvi-feldolgozo-kozpo.jpg): 404 Client Error: Not Found for url: https://raw.githubusercontent.com/Derushir/Kepek/main/67c6357751300334f52e35f893ac854f/news/altatas-kozben-is-aktiv-marad-az-agy-nyelvi-feldolgozo-kozpo.jpg
[01:07:19] Image_Downloader: Download failed (https://raw.githubusercontent.com/Derushir/Kepek/main/67c6357751300334f52e35f893ac854f/news/a-modern-oroszlanok-dns-eben-maig-kimutathato-a-barlangi-oro.jpg): 404 Client Error: Not Found for url: https://raw.githubusercontent.com/Derushir/Kepek/main/67c6357751300334f52e35f893ac854f/news/a-modern-oroszlanok-dns-eben-maig-kimutathato-a-barlangi-oro.jpg
[01:07:19] Image_Downloader: Download failed (https://raw.githubusercontent.com/Derushir/Kepek/main/67c6357751300334f52e35f893ac854f/news/nemzetkozi-elismerest-kapott-a-budapesti-pintxo-spanyol-ette.jpg): 404 Client Error: Not Found for url: https://raw.githubusercontent.com/Derushir/Kepek/main/67c6357751300334f52e35f893ac854f/news/nemzetkozi-elismerest-kapott-a-budapesti-pintxo-spanyol-ette.jpg
[01:07:20] Image_Downloader: Download failed (https://raw.githubusercontent.com/Derushir/Kepek/main/67c6357751300334f52e35f893ac854f/news/kulteri-helyszinre-koltozik-a-great-american-beer-festival-2.jpg): 404 Client Error: Not Found for url: https://raw.githubusercontent.com/Derushir/Kepek/main/67c6357751300334f52e35f893ac854f/news/kulteri-helyszinre-koltozik-a-great-american-beer-festival-2.jpg
[01:07:20] Image_Downloader: Download failed (https://raw.githubusercontent.com/Derushir/Kepek/main/67c6357751300334f52e35f893ac854f/news/feleves-melyponton-az-arany-ara-a-kamatemelesi-varakozasok-m.jpg): 404 Client Error: Not Found for url: https://raw.githubusercontent.com/Derushir/Kepek/main/67c6357751300334f52e35f893ac854f/news/feleves-melyponton-az-arany-ara-a-kamatemelesi-varakozasok-m.jpg
[01:07:20] Image_Downloader: Download failed (https://raw.githubusercontent.com/Derushir/Kepek/main/67c6357751300334f52e35f893ac854f/news/kerdeses-a-globalis-hajozas-normalizalodasa-a-hormuzi-szoros.jpg): 404 Client Error: Not Found for url: https://raw.githubusercontent.com/Derushir/Kepek/main/67c6357751300334f52e35f893ac854f/news/kerdeses-a-globalis-hajozas-normalizalodasa-a-hormuzi-szoros.jpg
[01:07:20] Image_Downloader: Download failed (https://raw.githubusercontent.com/Derushir/Kepek/main/67c6357751300334f52e35f893ac854f/news/keszenletben-a-tengeri-szallitmanyozok-a-hormuzi-szoros-megn.jpg): 404 Client Error: Not Found for url: https://raw.githubusercontent.com/Derushir/Kepek/main/67c6357751300334f52e35f893ac854f/news/keszenletben-a-tengeri-szallitmanyozok-a-hormuzi-szoros-megn.jpg
[01:07:20] Image_Downloader: Download failed (https://raw.githubusercontent.com/Derushir/Kepek/main/67c6357751300334f52e35f893ac854f/news/diplomat-nem-igenylo-magas-fizetesu-szakmak-a-2026-os-vilagb.jpg): 404 Client Error: Not Found for url: https://raw.githubusercontent.com/Derushir/Kepek/main/67c6357751300334f52e35f893ac854f/news/diplomat-nem-igenylo-magas-fizetesu-szakmak-a-2026-os-vilagb.jpg
[01:07:20] Image_Downloader: Download failed (https://raw.githubusercontent.com/Derushir/Kepek/main/67c6357751300334f52e35f893ac854f/news/elektromos-kamionokkal-zolditi-logisztikajat-a-haribo.jpg): 404 Client Error: Not Found for url: https://raw.githubusercontent.com/Derushir/Kepek/main/67c6357751300334f52e35f893ac854f/news/elektromos-kamionokkal-zolditi-logisztikajat-a-haribo.jpg
[01:07:21] Image_Downloader: Download failed (https://raw.githubusercontent.com/Derushir/Kepek/main/67c6357751300334f52e35f893ac854f/news/35-milliard-dollaros-finanszirozast-kapott-az-arkansasi-nape.jpg): 404 Client Error: Not Found for url: https://raw.githubusercontent.com/Derushir/Kepek/main/67c6357751300334f52e35f893ac854f/news/35-milliard-dollaros-finanszirozast-kapott-az-arkansasi-nape.jpg
[01:07:21] Image_Downloader: Download failed (https://raw.githubusercontent.com/Derushir/Kepek/main/67c6357751300334f52e35f893ac854f/news/bizonytalan-a-spacex-befektetok-helyzete-a-bonyolult-kozveti.jpg): 404 Client Error: Not Found for url: https://raw.githubusercontent.com/Derushir/Kepek/main/67c6357751300334f52e35f893ac854f/news/bizonytalan-a-spacex-befektetok-helyzete-a-bonyolult-kozveti.jpg
[01:07:21] Image_Downloader: Download failed (https://raw.githubusercontent.com/Derushir/Kepek/main/67c6357751300334f52e35f893ac854f/news/adozasi-fordulat-a-sirius-solutions-ugy-donthet-a-kulfoldi-u.jpg): 404 Client Error: Not Found for url: https://raw.githubusercontent.com/Derushir/Kepek/main/67c6357751300334f52e35f893ac854f/news/adozasi-fordulat-a-sirius-solutions-ugy-donthet-a-kulfoldi-u.jpg
[01:07:21] Image_Downloader: Download failed (https://raw.githubusercontent.com/Derushir/Kepek/main/67c6357751300334f52e35f893ac854f/news/kibertamadas-erte-a-novo-nordisk-gyogyszergyartot-szemelyes-.jpg): 404 Client Error: Not Found for url: https://raw.githubusercontent.com/Derushir/Kepek/main/67c6357751300334f52e35f893ac854f/news/kibertamadas-erte-a-novo-nordisk-gyogyszergyartot-szemelyes-.jpg
[01:07:22] Image_Downloader: Download failed (https://raw.githubusercontent.com/Derushir/Kepek/main/67c6357751300334f52e35f893ac854f/news/fabien-frankel-elegedetlen-karaktere-fejlodesevel-a-sarkanyo.webp): 404 Client Error: Not Found for url: https://raw.githubusercontent.com/Derushir/Kepek/main/67c6357751300334f52e35f893ac854f/news/fabien-frankel-elegedetlen-karaktere-fejlodesevel-a-sarkanyo.webp
[01:07:22] Image_Downloader: Download failed (https://raw.githubusercontent.com/Derushir/Kepek/main/67c6357751300334f52e35f893ac854f/news/bucsuzik-az-all-american-az-utolso-evadhoz-erkezett-a-cw-sor.gif): 404 Client Error: Not Found for url: https://raw.githubusercontent.com/Derushir/Kepek/main/67c6357751300334f52e35f893ac854f/news/bucsuzik-az-all-american-az-utolso-evadhoz-erkezett-a-cw-sor.gif
[01:07:22] Image_Downloader: Download failed (https://raw.githubusercontent.com/Derushir/Kepek/main/67c6357751300334f52e35f893ac854f/news/75-eves-a-legendas-szinesz-don-johnson.jpg): 404 Client Error: Not Found for url: https://raw.githubusercontent.com/Derushir/Kepek/main/67c6357751300334f52e35f893ac854f/news/75-eves-a-legendas-szinesz-don-johnson.jpg
[01:07:22] Image_Downloader: Download failed (https://raw.githubusercontent.com/Derushir/Kepek/main/67c6357751300334f52e35f893ac854f/news/a-metallica-eljatszotta-a-pokolgep-totalis-metaljat-budapest.png): 404 Client Error: Not Found for url: https://raw.githubusercontent.com/Derushir/Kepek/main/67c6357751300334f52e35f893ac854f/news/a-metallica-eljatszotta-a-pokolgep-totalis-metaljat-budapest.png
[01:07:22] Image_Downloader: Download failed (https://raw.githubusercontent.com/Derushir/Kepek/main/67c6357751300334f52e35f893ac854f/news/youtube-rol-a-mozivaszonra-ket-fiatal-rendezo-dontotte-meg-a.jpg): 404 Client Error: Not Found for url: https://raw.githubusercontent.com/Derushir/Kepek/main/67c6357751300334f52e35f893ac854f/news/youtube-rol-a-mozivaszonra-ket-fiatal-rendezo-dontotte-meg-a.jpg
[01:07:22] Image_Downloader: Download failed (https://raw.githubusercontent.com/Derushir/Kepek/main/67c6357751300334f52e35f893ac854f/news/arnold-schwarzenegger-bucsufilmkent-tekint-az-uj-conan-a-bar.jpg): 404 Client Error: Not Found for url: https://raw.githubusercontent.com/Derushir/Kepek/main/67c6357751300334f52e35f893ac854f/news/arnold-schwarzenegger-bucsufilmkent-tekint-az-uj-conan-a-bar.jpg
[01:07:23] Image_Downloader: Download failed (https://raw.githubusercontent.com/Derushir/Kepek/main/67c6357751300334f52e35f893ac854f/news/uj-reszletek-a-stuart-fails-to-save-the-universe-sorozatrol.gif): 404 Client Error: Not Found for url: https://raw.githubusercontent.com/Derushir/Kepek/main/67c6357751300334f52e35f893ac854f/news/uj-reszletek-a-stuart-fails-to-save-the-universe-sorozatrol.gif
[01:07:23] Image_Downloader: Download failed (https://raw.githubusercontent.com/Derushir/Kepek/main/67c6357751300334f52e35f893ac854f/news/nezettsegi-adatok-az-rtl-megelozte-a-tv2-t-a-fomusoridos-ver.webp): 404 Client Error: Not Found for url: https://raw.githubusercontent.com/Derushir/Kepek/main/67c6357751300334f52e35f893ac854f/news/nezettsegi-adatok-az-rtl-megelozte-a-tv2-t-a-fomusoridos-ver.webp
[01:07:23] Image_Downloader: Download failed (https://raw.githubusercontent.com/Derushir/Kepek/main/67c6357751300334f52e35f893ac854f/news/nick-jonas-jimmy-fallon-sip-and-sing-kihivasaban.gif): 404 Client Error: Not Found for url: https://raw.githubusercontent.com/Derushir/Kepek/main/67c6357751300334f52e35f893ac854f/news/nick-jonas-jimmy-fallon-sip-and-sing-kihivasaban.gif
[01:07:23] Image_Downloader: Download failed (https://raw.githubusercontent.com/Derushir/Kepek/main/67c6357751300334f52e35f893ac854f/news/sammy-hagar-maynard-james-keenant-a-tool-enekeset-nevezte-a-.jpg): 404 Client Error: Not Found for url: https://raw.githubusercontent.com/Derushir/Kepek/main/67c6357751300334f52e35f893ac854f/news/sammy-hagar-maynard-james-keenant-a-tool-enekeset-nevezte-a-.jpg
[01:07:23] Image_Downloader: Download failed (https://raw.githubusercontent.com/Derushir/Kepek/main/67c6357751300334f52e35f893ac854f/news/gyurcsany-ferenc-dedikalta-sajat-konyvet-schiffer-andrasnak-.jpg): 404 Client Error: Not Found for url: https://raw.githubusercontent.com/Derushir/Kepek/main/67c6357751300334f52e35f893ac854f/news/gyurcsany-ferenc-dedikalta-sajat-konyvet-schiffer-andrasnak-.jpg
[01:07:24] Image_Downloader: Download failed (https://raw.githubusercontent.com/Derushir/Kepek/main/67c6357751300334f52e35f893ac854f/news/james-mcavoy-szivesen-eljatszotta-volna-a-fiatal-jean-luc-pi.webp): 404 Client Error: Not Found for url: https://raw.githubusercontent.com/Derushir/Kepek/main/67c6357751300334f52e35f893ac854f/news/james-mcavoy-szivesen-eljatszotta-volna-a-fiatal-jean-luc-pi.webp
[01:07:24] Image_Downloader: Download failed (https://raw.githubusercontent.com/Derushir/Kepek/main/67c6357751300334f52e35f893ac854f/news/a-kilencvenes-evekben-reneszanszat-elte-jack-kerouac-munkass.jpg): 404 Client Error: Not Found for url: https://raw.githubusercontent.com/Derushir/Kepek/main/67c6357751300334f52e35f893ac854f/news/a-kilencvenes-evekben-reneszanszat-elte-jack-kerouac-munkass.jpg
[01:07:24] Image_Downloader: Download failed (https://raw.githubusercontent.com/Derushir/Kepek/main/67c6357751300334f52e35f893ac854f/news/filmkritika-obsession-feszult-thriller-a-megszallottsagrol.jpg): 404 Client Error: Not Found for url: https://raw.githubusercontent.com/Derushir/Kepek/main/67c6357751300334f52e35f893ac854f/news/filmkritika-obsession-feszult-thriller-a-megszallottsagrol.jpg
[01:07:24] Image_Downloader: Download failed (https://raw.githubusercontent.com/Derushir/Kepek/main/67c6357751300334f52e35f893ac854f/news/anima-sound-system-koncert-a-rumbach-zsinagogaban-kulonleges.jpg): 404 Client Error: Not Found for url: https://raw.githubusercontent.com/Derushir/Kepek/main/67c6357751300334f52e35f893ac854f/news/anima-sound-system-koncert-a-rumbach-zsinagogaban-kulonleges.jpg
[01:07:24] Image_Downloader: Download failed (https://raw.githubusercontent.com/Derushir/Kepek/main/67c6357751300334f52e35f893ac854f/news/az-ismeretlen-tamadok-a-netflix-tiz-legnezettebb-filmje-koze.jpg): 404 Client Error: Not Found for url: https://raw.githubusercontent.com/Derushir/Kepek/main/67c6357751300334f52e35f893ac854f/news/az-ismeretlen-tamadok-a-netflix-tiz-legnezettebb-filmje-koze.jpg
[01:07:24] Image_Downloader: Download failed (https://raw.githubusercontent.com/Derushir/Kepek/main/67c6357751300334f52e35f893ac854f/news/25-ev-utan-ujra-kozos-zenen-jay-z-es-eminem.jpg): 404 Client Error: Not Found for url: https://raw.githubusercontent.com/Derushir/Kepek/main/67c6357751300334f52e35f893ac854f/news/25-ev-utan-ujra-kozos-zenen-jay-z-es-eminem.jpg
[01:07:24] Image_Downloader: Download failed (https://raw.githubusercontent.com/Derushir/Kepek/main/67c6357751300334f52e35f893ac854f/news/a-widows-bay-az-ev-elso-nagy-televizios-sikere-az-apple-tv-o.jpg): 404 Client Error: Not Found for url: https://raw.githubusercontent.com/Derushir/Kepek/main/67c6357751300334f52e35f893ac854f/news/a-widows-bay-az-ev-elso-nagy-televizios-sikere-az-apple-tv-o.jpg
[01:07:24] Image_Downloader: Download failed (https://raw.githubusercontent.com/Derushir/Kepek/main/67c6357751300334f52e35f893ac854f/news/augusztusban-erkezik-a-lioness-3-evada-nicole-kidman-es-zoe-.jpg): 404 Client Error: Not Found for url: https://raw.githubusercontent.com/Derushir/Kepek/main/67c6357751300334f52e35f893ac854f/news/augusztusban-erkezik-a-lioness-3-evada-nicole-kidman-es-zoe-.jpg
[01:07:25] Image_Downloader: Download failed (https://raw.githubusercontent.com/Derushir/Kepek/main/67c6357751300334f52e35f893ac854f/news/the-boroughs-spielberg-stilusu-rejtelyek-nyugdijasokkal-a-ne.gif): 404 Client Error: Not Found for url: https://raw.githubusercontent.com/Derushir/Kepek/main/67c6357751300334f52e35f893ac854f/news/the-boroughs-spielberg-stilusu-rejtelyek-nyugdijasokkal-a-ne.gif
[01:07:26] Image_Downloader: Download failed (https://raw.githubusercontent.com/Derushir/Kepek/main/67c6357751300334f52e35f893ac854f/news/a-keresztapa-stilusaban-mutatkozott-be-a-pixar-uj-macskas-fi.jpg): 404 Client Error: Not Found for url: https://raw.githubusercontent.com/Derushir/Kepek/main/67c6357751300334f52e35f893ac854f/news/a-keresztapa-stilusaban-mutatkozott-be-a-pixar-uj-macskas-fi.jpg
[01:07:26] Image_Downloader: Download failed (https://raw.githubusercontent.com/Derushir/Kepek/main/67c6357751300334f52e35f893ac854f/news/bob-dylan-szerint-chuck-berry-volt-a-rock-and-roll-shakespea.jpg): 404 Client Error: Not Found for url: https://raw.githubusercontent.com/Derushir/Kepek/main/67c6357751300334f52e35f893ac854f/news/bob-dylan-szerint-chuck-berry-volt-a-rock-and-roll-shakespea.jpg
[01:07:27] Image_Downloader: Download failed (https://raw.githubusercontent.com/Derushir/Kepek/main/67c6357751300334f52e35f893ac854f/news/karaktervaltas-a-veszhelyzet-pittsburghben-harmadik-evadaban.webp): 404 Client Error: Not Found for url: https://raw.githubusercontent.com/Derushir/Kepek/main/67c6357751300334f52e35f893ac854f/news/karaktervaltas-a-veszhelyzet-pittsburghben-harmadik-evadaban.webp
[01:07:27] Image_Downloader: Download failed (https://raw.githubusercontent.com/Derushir/Kepek/main/67c6357751300334f52e35f893ac854f/news/rozsa-miklos-filmzenei-munkassaga-es-muveszi-oroksege.jpg): 404 Client Error: Not Found for url: https://raw.githubusercontent.com/Derushir/Kepek/main/67c6357751300334f52e35f893ac854f/news/rozsa-miklos-filmzenei-munkassaga-es-muveszi-oroksege.jpg
[01:07:27] Image_Downloader: Download failed (https://raw.githubusercontent.com/Derushir/Kepek/main/67c6357751300334f52e35f893ac854f/news/netflix-dokumentumfilm-sorozat-mutatja-be-a-brit-sportvilag-.gif): 404 Client Error: Not Found for url: https://raw.githubusercontent.com/Derushir/Kepek/main/67c6357751300334f52e35f893ac854f/news/netflix-dokumentumfilm-sorozat-mutatja-be-a-brit-sportvilag-.gif
[01:07:28] Image_Downloader: Download failed (https://raw.githubusercontent.com/Derushir/Kepek/main/67c6357751300334f52e35f893ac854f/news/masodik-evadot-kap-a-widows-bay-az-apple-tv-on.jpg): 404 Client Error: Not Found for url: https://raw.githubusercontent.com/Derushir/Kepek/main/67c6357751300334f52e35f893ac854f/news/masodik-evadot-kap-a-widows-bay-az-apple-tv-on.jpg
[01:07:28] Image_Downloader: Download failed (https://raw.githubusercontent.com/Derushir/Kepek/main/67c6357751300334f52e35f893ac854f/news/olivia-wilde-dominakent-ter-vissza-gregg-araki-uj-thrillereb.jpg): 404 Client Error: Not Found for url: https://raw.githubusercontent.com/Derushir/Kepek/main/67c6357751300334f52e35f893ac854f/news/olivia-wilde-dominakent-ter-vissza-gregg-araki-uj-thrillereb.jpg
[01:07:28] Image_Downloader: Download failed (https://raw.githubusercontent.com/Derushir/Kepek/main/67c6357751300334f52e35f893ac854f/news/dupla-jubileumi-koncerttel-es-uj-albummal-unnepli-45-evfordu.jpg): 404 Client Error: Not Found for url: https://raw.githubusercontent.com/Derushir/Kepek/main/67c6357751300334f52e35f893ac854f/news/dupla-jubileumi-koncerttel-es-uj-albummal-unnepli-45-evfordu.jpg
[01:07:28] Image_Downloader: Download failed (https://raw.githubusercontent.com/Derushir/Kepek/main/67c6357751300334f52e35f893ac854f/news/szerzoi-jogi-vita-alakult-ki-egy-nepszeru-sminktechnika-kisa.jpg): 404 Client Error: Not Found for url: https://raw.githubusercontent.com/Derushir/Kepek/main/67c6357751300334f52e35f893ac854f/news/szerzoi-jogi-vita-alakult-ki-egy-nepszeru-sminktechnika-kisa.jpg
[01:07:28] Image_Downloader: Download failed (https://raw.githubusercontent.com/Derushir/Kepek/main/67c6357751300334f52e35f893ac854f/news/ingyenes-jazzkoncertekkel-indul-a-nyar-a-budapesti-hollan-er.jpg): 404 Client Error: Not Found for url: https://raw.githubusercontent.com/Derushir/Kepek/main/67c6357751300334f52e35f893ac854f/news/ingyenes-jazzkoncertekkel-indul-a-nyar-a-budapesti-hollan-er.jpg
[01:07:29] Image_Downloader: Download failed (https://raw.githubusercontent.com/Derushir/Kepek/main/67c6357751300334f52e35f893ac854f/news/robert-de-niro-filmes-ajanloi-olasz-klasszikusok-a-kozeppont.jpg): 404 Client Error: Not Found for url: https://raw.githubusercontent.com/Derushir/Kepek/main/67c6357751300334f52e35f893ac854f/news/robert-de-niro-filmes-ajanloi-olasz-klasszikusok-a-kozeppont.jpg
[01:07:29] Image_Downloader: Download failed (https://raw.githubusercontent.com/Derushir/Kepek/main/67c6357751300334f52e35f893ac854f/news/jelentos-frissitest-kapott-a-dragons-dogma-2-konnyebbe-valt-.jpg): 404 Client Error: Not Found for url: https://raw.githubusercontent.com/Derushir/Kepek/main/67c6357751300334f52e35f893ac854f/news/jelentos-frissitest-kapott-a-dragons-dogma-2-konnyebbe-valt-.jpg
[01:07:29] Image_Downloader: Download failed (https://raw.githubusercontent.com/Derushir/Kepek/main/67c6357751300334f52e35f893ac854f/news/punisher-a-zombik-ellen-erkezik-a-marvel-zombies-war-zone-ke.jpg): 404 Client Error: Not Found for url: https://raw.githubusercontent.com/Derushir/Kepek/main/67c6357751300334f52e35f893ac854f/news/punisher-a-zombik-ellen-erkezik-a-marvel-zombies-war-zone-ke.jpg
[01:07:30] Image_Downloader: Download failed (https://raw.githubusercontent.com/Derushir/Kepek/main/67c6357751300334f52e35f893ac854f/news/2027-re-csuszhat-a-resident-evil-requiem-dlc-megjelenese.jpg): 404 Client Error: Not Found for url: https://raw.githubusercontent.com/Derushir/Kepek/main/67c6357751300334f52e35f893ac854f/news/2027-re-csuszhat-a-resident-evil-requiem-dlc-megjelenese.jpg
[01:07:30] Image_Downloader: Download failed (https://raw.githubusercontent.com/Derushir/Kepek/main/67c6357751300334f52e35f893ac854f/news/a-clutch-cimu-autos-jatek-a-forza-horizon-stilusat-otvozi-a-.jpg): 404 Client Error: Not Found for url: https://raw.githubusercontent.com/Derushir/Kepek/main/67c6357751300334f52e35f893ac854f/news/a-clutch-cimu-autos-jatek-a-forza-horizon-stilusat-otvozi-a-.jpg
[01:07:30] Image_Downloader: Download failed (https://raw.githubusercontent.com/Derushir/Kepek/main/67c6357751300334f52e35f893ac854f/news/csalodast-kelto-az-alien-isolation-2-elso-demoja-a-szakertok.jpg): 404 Client Error: Not Found for url: https://raw.githubusercontent.com/Derushir/Kepek/main/67c6357751300334f52e35f893ac854f/news/csalodast-kelto-az-alien-isolation-2-elso-demoja-a-szakertok.jpg
[01:07:30] Image_Downloader: Download failed (https://raw.githubusercontent.com/Derushir/Kepek/main/67c6357751300334f52e35f893ac854f/news/zsido-kulturalis-fesztival-2026-biro-eszter-csakanyi-eszter-.jpg): 404 Client Error: Not Found for url: https://raw.githubusercontent.com/Derushir/Kepek/main/67c6357751300334f52e35f893ac854f/news/zsido-kulturalis-fesztival-2026-biro-eszter-csakanyi-eszter-.jpg
[01:07:31] Image_Downloader: Download failed (https://raw.githubusercontent.com/Derushir/Kepek/main/67c6357751300334f52e35f893ac854f/news/eve-frontier-hardcore-urszimulatorra-alakul-az-eve-online-sp.jpg): 404 Client Error: Not Found for url: https://raw.githubusercontent.com/Derushir/Kepek/main/67c6357751300334f52e35f893ac854f/news/eve-frontier-hardcore-urszimulatorra-alakul-az-eve-online-sp.jpg
[01:07:31] Image_Downloader: Download failed (https://raw.githubusercontent.com/Derushir/Kepek/main/67c6357751300334f52e35f893ac854f/news/jelentos-jatekmenet-fejlesztesek-erkeznek-az-ea-sports-colle.jpg): 404 Client Error: Not Found for url: https://raw.githubusercontent.com/Derushir/Kepek/main/67c6357751300334f52e35f893ac854f/news/jelentos-jatekmenet-fejlesztesek-erkeznek-az-ea-sports-colle.jpg
[01:07:32] Image_Downloader: Download failed (https://raw.githubusercontent.com/Derushir/Kepek/main/67c6357751300334f52e35f893ac854f/news/bizonytalansag-ovezi-a-gta-6-arkepzeset-a-szakertok-dragulas.jpg): 404 Client Error: Not Found for url: https://raw.githubusercontent.com/Derushir/Kepek/main/67c6357751300334f52e35f893ac854f/news/bizonytalansag-ovezi-a-gta-6-arkepzeset-a-szakertok-dragulas.jpg
[01:07:32] Image_Downloader: Download failed (https://cdn1.faroutmagazine.co.uk/uploads/1/2024/10/Sammy-Hagar-Musician-Singer-Van-Halen-03-Far-Out-Magazine.jpg): HTTPSConnectionPool(host='cdn1.faroutmagazine.co.uk', port=443): Read timed out. (read timeout=5)
[01:07:32] Image_Downloader: Download failed (https://raw.githubusercontent.com/Derushir/Kepek/main/67c6357751300334f52e35f893ac854f/news/bebe-rexha-fuggetlen-eloadokent-adja-ki-dirty-blonde-cimu-al.jpg): 404 Client Error: Not Found for url: https://raw.githubusercontent.com/Derushir/Kepek/main/67c6357751300334f52e35f893ac854f/news/bebe-rexha-fuggetlen-eloadokent-adja-ki-dirty-blonde-cimu-al.jpg
[01:07:32] Image_Downloader: Download failed (https://raw.githubusercontent.com/Derushir/Kepek/main/67c6357751300334f52e35f893ac854f/news/a-phantom-blade-zero-fejlesztoi-szerint-a-gta-6-nem-befolyas.jpg): 404 Client Error: Not Found for url: https://raw.githubusercontent.com/Derushir/Kepek/main/67c6357751300334f52e35f893ac854f/news/a-phantom-blade-zero-fejlesztoi-szerint-a-gta-6-nem-befolyas.jpg
[01:07:32] Image_Downloader: Download failed (https://raw.githubusercontent.com/Derushir/Kepek/main/67c6357751300334f52e35f893ac854f/news/penzert-cserebe-megkerulheto-lesz-a-fable-hirnevrendszere.jpg): 404 Client Error: Not Found for url: https://raw.githubusercontent.com/Derushir/Kepek/main/67c6357751300334f52e35f893ac854f/news/penzert-cserebe-megkerulheto-lesz-a-fable-hirnevrendszere.jpg
[01:07:33] Image_Downloader: Download failed (https://raw.githubusercontent.com/Derushir/Kepek/main/67c6357751300334f52e35f893ac854f/news/jelentos-frissitest-kapott-a-quake-champions-a-jatek-30-evfo.jpg): 404 Client Error: Not Found for url: https://raw.githubusercontent.com/Derushir/Kepek/main/67c6357751300334f52e35f893ac854f/news/jelentos-frissitest-kapott-a-quake-champions-a-jatek-30-evfo.jpg
[01:07:33] Image_Downloader: Download failed (https://raw.githubusercontent.com/Derushir/Kepek/main/67c6357751300334f52e35f893ac854f/news/jelentos-leepitesekre-keszul-az-xbox-a-profitabilitas-helyre.jpg): 404 Client Error: Not Found for url: https://raw.githubusercontent.com/Derushir/Kepek/main/67c6357751300334f52e35f893ac854f/news/jelentos-leepitesekre-keszul-az-xbox-a-profitabilitas-helyre.jpg
[01:07:33] Image_Downloader: Download failed (https://raw.githubusercontent.com/Derushir/Kepek/main/67c6357751300334f52e35f893ac854f/news/uj-240-hz-es-oled-gamer-monitort-dobott-piacra-az-lg-webos-t.jpg): 404 Client Error: Not Found for url: https://raw.githubusercontent.com/Derushir/Kepek/main/67c6357751300334f52e35f893ac854f/news/uj-240-hz-es-oled-gamer-monitort-dobott-piacra-az-lg-webos-t.jpg
[01:07:33] Image_Downloader: Download failed (https://raw.githubusercontent.com/Derushir/Kepek/main/67c6357751300334f52e35f893ac854f/news/300-millio-dollaros-tokegyujtest-inditott-a-bitmine-95-szaza.png): 404 Client Error: Not Found for url: https://raw.githubusercontent.com/Derushir/Kepek/main/67c6357751300334f52e35f893ac854f/news/300-millio-dollaros-tokegyujtest-inditott-a-bitmine-95-szaza.png
[01:07:33] Image_Downloader: Download failed (https://raw.githubusercontent.com/Derushir/Kepek/main/67c6357751300334f52e35f893ac854f/news/technikai-elemzesek-alapjan-1-dollar-ala-csokkenhet-az-xrp-a.jpg): 404 Client Error: Not Found for url: https://raw.githubusercontent.com/Derushir/Kepek/main/67c6357751300334f52e35f893ac854f/news/technikai-elemzesek-alapjan-1-dollar-ala-csokkenhet-az-xrp-a.jpg
[01:07:33] Image_Downloader: Download failed (https://raw.githubusercontent.com/Derushir/Kepek/main/67c6357751300334f52e35f893ac854f/news/a-ripple-vezerigazgatoja-biralta-jamie-dimont-a-kriptotorven.jpg): 404 Client Error: Not Found for url: https://raw.githubusercontent.com/Derushir/Kepek/main/67c6357751300334f52e35f893ac854f/news/a-ripple-vezerigazgatoja-biralta-jamie-dimont-a-kriptotorven.jpg
[01:07:34] Image_Downloader: Download failed (https://raw.githubusercontent.com/Derushir/Kepek/main/67c6357751300334f52e35f893ac854f/news/a-coinbase-figyelmeztet-a-kvantumszamitogepek-veszelyeztethe.png): 404 Client Error: Not Found for url: https://raw.githubusercontent.com/Derushir/Kepek/main/67c6357751300334f52e35f893ac854f/news/a-coinbase-figyelmeztet-a-kvantumszamitogepek-veszelyeztethe.png
[01:07:35] Image_Downloader: Download failed (https://raw.githubusercontent.com/Derushir/Kepek/main/67c6357751300334f52e35f893ac854f/news/rekordszintu-az-ether-hataridos-allomanya-a-binance-en.jpg): 404 Client Error: Not Found for url: https://raw.githubusercontent.com/Derushir/Kepek/main/67c6357751300334f52e35f893ac854f/news/rekordszintu-az-ether-hataridos-allomanya-a-binance-en.jpg
[01:07:35] Image_Downloader: Download failed (https://raw.githubusercontent.com/Derushir/Kepek/main/67c6357751300334f52e35f893ac854f/news/blokk-alapu-piacteret-indit-a-citi-a-magancegek-reszvenyeihe.png): 404 Client Error: Not Found for url: https://raw.githubusercontent.com/Derushir/Kepek/main/67c6357751300334f52e35f893ac854f/news/blokk-alapu-piacteret-indit-a-citi-a-magancegek-reszvenyeihe.png
[01:07:35] Image_Downloader: Download failed (https://raw.githubusercontent.com/Derushir/Kepek/main/67c6357751300334f52e35f893ac854f/news/kriptoplatformok-teszik-elerhetove-a-spacex-reszvenyeit-a-to.png): 404 Client Error: Not Found for url: https://raw.githubusercontent.com/Derushir/Kepek/main/67c6357751300334f52e35f893ac854f/news/kriptoplatformok-teszik-elerhetove-a-spacex-reszvenyeit-a-to.png
[01:07:35] Image_Downloader: Download failed (https://raw.githubusercontent.com/Derushir/Kepek/main/67c6357751300334f52e35f893ac854f/news/kritikus-biztonsagi-res-a-zcash-halozataban-veszelyben-az-or.png): 404 Client Error: Not Found for url: https://raw.githubusercontent.com/Derushir/Kepek/main/67c6357751300334f52e35f893ac854f/news/kritikus-biztonsagi-res-a-zcash-halozataban-veszelyben-az-or.png
[01:07:35] Image_Downloader: Download failed (https://raw.githubusercontent.com/Derushir/Kepek/main/67c6357751300334f52e35f893ac854f/news/a-formalis-verifikacio-lehet-a-kriptopenzugyek-biztonsagi-al.png): 404 Client Error: Not Found for url: https://raw.githubusercontent.com/Derushir/Kepek/main/67c6357751300334f52e35f893ac854f/news/a-formalis-verifikacio-lehet-a-kriptopenzugyek-biztonsagi-al.png
[01:07:35] Image_Downloader: Download failed (https://raw.githubusercontent.com/Derushir/Kepek/main/67c6357751300334f52e35f893ac854f/news/veszelyes-trendek-az-europai-drogpiacon-heti-egy-uj-szer-jel.jpg): 404 Client Error: Not Found for url: https://raw.githubusercontent.com/Derushir/Kepek/main/67c6357751300334f52e35f893ac854f/news/veszelyes-trendek-az-europai-drogpiacon-heti-egy-uj-szer-jel.jpg
[01:07:36] Image_Downloader: Download failed (https://raw.githubusercontent.com/Derushir/Kepek/main/67c6357751300334f52e35f893ac854f/news/genetikai-okok-allhatnak-a-glp-1-alapu-fogyokuras-injekciok-.jpg): 404 Client Error: Not Found for url: https://raw.githubusercontent.com/Derushir/Kepek/main/67c6357751300334f52e35f893ac854f/news/genetikai-okok-allhatnak-a-glp-1-alapu-fogyokuras-injekciok-.jpg
[01:07:36] Image_Downloader: Download failed (https://raw.githubusercontent.com/Derushir/Kepek/main/67c6357751300334f52e35f893ac854f/news/apa-es-fia-vilagrekordot-dontott-kerekparos-vilagkoruli-utja.jpg): 404 Client Error: Not Found for url: https://raw.githubusercontent.com/Derushir/Kepek/main/67c6357751300334f52e35f893ac854f/news/apa-es-fia-vilagrekordot-dontott-kerekparos-vilagkoruli-utja.jpg
[01:07:36] Image_Downloader: Download failed (https://raw.githubusercontent.com/Derushir/Kepek/main/67c6357751300334f52e35f893ac854f/news/ezek-a-2026-os-nyar-meghatarozo-divatszinei.jpg): 404 Client Error: Not Found for url: https://raw.githubusercontent.com/Derushir/Kepek/main/67c6357751300334f52e35f893ac854f/news/ezek-a-2026-os-nyar-meghatarozo-divatszinei.jpg
[01:07:37] Image_Downloader: Download failed (https://raw.githubusercontent.com/Derushir/Kepek/main/67c6357751300334f52e35f893ac854f/news/ennyi-napozas-szukseges-a-megfelelo-d-vitamin-szint-elereseh.jpg): 404 Client Error: Not Found for url: https://raw.githubusercontent.com/Derushir/Kepek/main/67c6357751300334f52e35f893ac854f/news/ennyi-napozas-szukseges-a-megfelelo-d-vitamin-szint-elereseh.jpg
[01:07:37] Image_Downloader: Download failed (https://raw.githubusercontent.com/Derushir/Kepek/main/67c6357751300334f52e35f893ac854f/news/utos-tartalom-cimmel-erkezett-japan-sorozat-a-netflixre.gif): HTTPSConnectionPool(host='raw.githubusercontent.com', port=443): Read timed out. (read timeout=5)
[01:07:37] Image_Downloader: Download failed (https://raw.githubusercontent.com/Derushir/Kepek/main/67c6357751300334f52e35f893ac854f/news/egeszsegugyi-kockazatok-mit-erdemes-tudni-a-hajfestekek-ossz.jpg): 404 Client Error: Not Found for url: https://raw.githubusercontent.com/Derushir/Kepek/main/67c6357751300334f52e35f893ac854f/news/egeszsegugyi-kockazatok-mit-erdemes-tudni-a-hajfestekek-ossz.jpg
[01:07:37] Image_Downloader: Download failed (https://raw.githubusercontent.com/Derushir/Kepek/main/67c6357751300334f52e35f893ac854f/news/vr-szemuvegekkel-csokkentik-a-gyermekek-korhazi-szorongasat.jpg): 404 Client Error: Not Found for url: https://raw.githubusercontent.com/Derushir/Kepek/main/67c6357751300334f52e35f893ac854f/news/vr-szemuvegekkel-csokkentik-a-gyermekek-korhazi-szorongasat.jpg
[01:07:37] Image_Downloader: Download failed (https://raw.githubusercontent.com/Derushir/Kepek/main/67c6357751300334f52e35f893ac854f/news/ventilator-es-a-pango-viz-felszamolasa-igy-vedekezzunk-hatek.jpg): 404 Client Error: Not Found for url: https://raw.githubusercontent.com/Derushir/Kepek/main/67c6357751300334f52e35f893ac854f/news/ventilator-es-a-pango-viz-felszamolasa-igy-vedekezzunk-hatek.jpg
[01:07:38] Image_Downloader: Download failed (https://raw.githubusercontent.com/Derushir/Kepek/main/67c6357751300334f52e35f893ac854f/news/a-new-york-i-divat-uj-szimboluma-a-knicks-polo.jpg): 404 Client Error: Not Found for url: https://raw.githubusercontent.com/Derushir/Kepek/main/67c6357751300334f52e35f893ac854f/news/a-new-york-i-divat-uj-szimboluma-a-knicks-polo.jpg
[01:07:38] Image_Downloader: Download failed (https://raw.githubusercontent.com/Derushir/Kepek/main/67c6357751300334f52e35f893ac854f/news/augusztus-5-en-nyit-ujra-a-koppenhagai-noma-etterem.jpg): 404 Client Error: Not Found for url: https://raw.githubusercontent.com/Derushir/Kepek/main/67c6357751300334f52e35f893ac854f/news/augusztus-5-en-nyit-ujra-a-koppenhagai-noma-etterem.jpg
[01:07:38] Image_Downloader: Download failed (https://cdn.mos.cms.futurecdn.net/KetS9StAePjViAw3WE46vH-1920-80.jpg): HTTPSConnectionPool(host='cdn.mos.cms.futurecdn.net', port=443): Read timed out. (read timeout=5)
[01:07:38] Image_Downloader: Download failed (https://raw.githubusercontent.com/Derushir/Kepek/main/67c6357751300334f52e35f893ac854f/news/autizmusbarat-cirkuszi-eloadast-tartanak-a-fovarosi-nagycirk.jpg): 404 Client Error: Not Found for url: https://raw.githubusercontent.com/Derushir/Kepek/main/67c6357751300334f52e35f893ac854f/news/autizmusbarat-cirkuszi-eloadast-tartanak-a-fovarosi-nagycirk.jpg
[01:07:38] Image_Downloader: Download failed (https://raw.githubusercontent.com/Derushir/Kepek/main/67c6357751300334f52e35f893ac854f/news/a-modern-ferfiaknak-a-csaladi-munkamegosztasban-is-helyt-kel.jpg): 404 Client Error: Not Found for url: https://raw.githubusercontent.com/Derushir/Kepek/main/67c6357751300334f52e35f893ac854f/news/a-modern-ferfiaknak-a-csaladi-munkamegosztasban-is-helyt-kel.jpg
[01:07:38] Image_Downloader: Download failed (https://raw.githubusercontent.com/Derushir/Kepek/main/67c6357751300334f52e35f893ac854f/news/negyven-ev-felett-az-ertekrend-es-az-eletcelok-valnak-a-park.jpg): 404 Client Error: Not Found for url: https://raw.githubusercontent.com/Derushir/Kepek/main/67c6357751300334f52e35f893ac854f/news/negyven-ev-felett-az-ertekrend-es-az-eletcelok-valnak-a-park.jpg
[01:07:39] Image_Downloader: Download failed (https://raw.githubusercontent.com/Derushir/Kepek/main/67c6357751300334f52e35f893ac854f/news/a-testsulycsokkento-gyogyszerek-ternyerese-mellett-no-a-telt.jpg): 404 Client Error: Not Found for url: https://raw.githubusercontent.com/Derushir/Kepek/main/67c6357751300334f52e35f893ac854f/news/a-testsulycsokkento-gyogyszerek-ternyerese-mellett-no-a-telt.jpg
[01:07:40] Image_Downloader: Download failed (https://raw.githubusercontent.com/Derushir/Kepek/main/67c6357751300334f52e35f893ac854f/news/badacsonyi-turaajanlo-9-kihagyhatatlan-latnivalo-a-balaton-f.jpg): 404 Client Error: Not Found for url: https://raw.githubusercontent.com/Derushir/Kepek/main/67c6357751300334f52e35f893ac854f/news/badacsonyi-turaajanlo-9-kihagyhatatlan-latnivalo-a-balaton-f.jpg
[01:07:40] Image_Downloader: Download failed (https://raw.githubusercontent.com/Derushir/Kepek/main/67c6357751300334f52e35f893ac854f/news/miert-marad-a-fifa-road-to-world-cup-98-minden-idok-egyik-le.jpg): 404 Client Error: Not Found for url: https://raw.githubusercontent.com/Derushir/Kepek/main/67c6357751300334f52e35f893ac854f/news/miert-marad-a-fifa-road-to-world-cup-98-minden-idok-egyik-le.jpg
[01:07:40] Image_Downloader: Download failed (https://raw.githubusercontent.com/Derushir/Kepek/main/67c6357751300334f52e35f893ac854f/news/jennifer-lopez-a-ben-affleckkel-valo-valas-nehezsegeirol-val.jpg): 404 Client Error: Not Found for url: https://raw.githubusercontent.com/Derushir/Kepek/main/67c6357751300334f52e35f893ac854f/news/jennifer-lopez-a-ben-affleckkel-valo-valas-nehezsegeirol-val.jpg
[01:07:41] Image_Downloader: Download failed (https://raw.githubusercontent.com/Derushir/Kepek/main/67c6357751300334f52e35f893ac854f/news/perrie-edwards-allitja-zayn-malik-megcsalta-ot-gigi-hadiddal.jpg): 404 Client Error: Not Found for url: https://raw.githubusercontent.com/Derushir/Kepek/main/67c6357751300334f52e35f893ac854f/news/perrie-edwards-allitja-zayn-malik-megcsalta-ot-gigi-hadiddal.jpg
[01:07:41] Image_Downloader: Download failed (https://raw.githubusercontent.com/Derushir/Kepek/main/67c6357751300334f52e35f893ac854f/news/memhullamot-inditott-a-2026-os-labdarugo-vb-megnyitojan-lato.jpg): 404 Client Error: Not Found for url: https://raw.githubusercontent.com/Derushir/Kepek/main/67c6357751300334f52e35f893ac854f/news/memhullamot-inditott-a-2026-os-labdarugo-vb-megnyitojan-lato.jpg
[01:07:41] Image_Downloader: Download failed (https://raw.githubusercontent.com/Derushir/Kepek/main/67c6357751300334f52e35f893ac854f/news/egyutt-szurkolt-az-nba-donton-sydney-sweeney-es-scooter-brau.jpg): 404 Client Error: Not Found for url: https://raw.githubusercontent.com/Derushir/Kepek/main/67c6357751300334f52e35f893ac854f/news/egyutt-szurkolt-az-nba-donton-sydney-sweeney-es-scooter-brau.jpg
[01:07:41] Image_Downloader: Download failed (https://raw.githubusercontent.com/Derushir/Kepek/main/67c6357751300334f52e35f893ac854f/news/ujabb-gyermek-hagyja-el-brad-pitt-vezeteknevet.webp): 404 Client Error: Not Found for url: https://raw.githubusercontent.com/Derushir/Kepek/main/67c6357751300334f52e35f893ac854f/news/ujabb-gyermek-hagyja-el-brad-pitt-vezeteknevet.webp
[01:07:41] Image_Downloader: Download failed (https://raw.githubusercontent.com/Derushir/Kepek/main/67c6357751300334f52e35f893ac854f/news/bucsuzott-a-bajnokok-ligajatol-a-ferencvaros-ferfi-vizilabda.jpg): 404 Client Error: Not Found for url: https://raw.githubusercontent.com/Derushir/Kepek/main/67c6357751300334f52e35f893ac854f/news/bucsuzott-a-bajnokok-ligajatol-a-ferencvaros-ferfi-vizilabda.jpg
[01:07:41] Image_Downloader: Download failed (https://raw.githubusercontent.com/Derushir/Kepek/main/67c6357751300334f52e35f893ac854f/news/nyolc-tonna-elelmiszerrel-erkezik-a-norveg-valogatott-a-labd.jpg): 404 Client Error: Not Found for url: https://raw.githubusercontent.com/Derushir/Kepek/main/67c6357751300334f52e35f893ac854f/news/nyolc-tonna-elelmiszerrel-erkezik-a-norveg-valogatott-a-labd.jpg
[01:07:41] Image_Downloader: Download failed (https://raw.githubusercontent.com/Derushir/Kepek/main/67c6357751300334f52e35f893ac854f/news/a-futball-taktikai-forradalma-a-2026-os-vilagbajnoksag-tukre.jpg): 404 Client Error: Not Found for url: https://raw.githubusercontent.com/Derushir/Kepek/main/67c6357751300334f52e35f893ac854f/news/a-futball-taktikai-forradalma-a-2026-os-vilagbajnoksag-tukre.jpg
[01:07:42] Image_Downloader: Download failed (https://raw.githubusercontent.com/Derushir/Kepek/main/67c6357751300334f52e35f893ac854f/news/napoly-a-vilag-legjobb-varosa-a-futballelmeny-szempontjabol.jpg): 404 Client Error: Not Found for url: https://raw.githubusercontent.com/Derushir/Kepek/main/67c6357751300334f52e35f893ac854f/news/napoly-a-vilag-legjobb-varosa-a-futballelmeny-szempontjabol.jpg
[01:07:46] Image_Downloader: Download failed (https://raw.githubusercontent.com/Derushir/Kepek/main/67c6357751300334f52e35f893ac854f/news/hat-europai-uti-cel-ahol-elkerulheto-a-nyari-tomegturizmus.jpg): 404 Client Error: Not Found for url: https://raw.githubusercontent.com/Derushir/Kepek/main/67c6357751300334f52e35f893ac854f/news/hat-europai-uti-cel-ahol-elkerulheto-a-nyari-tomegturizmus.jpg
[01:07:47] Image_Downloader: Download failed (https://raw.githubusercontent.com/Derushir/Kepek/main/67c6357751300334f52e35f893ac854f/news/hatekony-kommunikacios-strategiak-neurodivergens-munkavallal.jpg): 404 Client Error: Not Found for url: https://raw.githubusercontent.com/Derushir/Kepek/main/67c6357751300334f52e35f893ac854f/news/hatekony-kommunikacios-strategiak-neurodivergens-munkavallal.jpg
[01:08:08] Image_Downloader: Download failed (https://starity.hu/images/articles/800x600/jlo-a-ben-affleckkel-tortent-valasarol-probaltam-csendben-sirni-06111215.jpg): HTTPSConnectionPool(host='starity.hu', port=443): Read timed out.
[01:08:39] Image_Downloader: Download failed (https://www.travelmagazin.hu/wp-content/uploads/2016/01/wp-1453659661691.jpeg): 404 Client Error: Not Found for url: https://www.travelmagazin.hu/wp-content/uploads/2016/01/wp-1453659661691.jpeg
