
--- RSS Fetch Errors at 2026-02-22 12:14:15 ---
Error fetching https://hwsw.hu/xml/latest_news_rss.xml: Failed to perform, curl: (28) Connection timed out after 15003 milliseconds. See https://curl.se/libcurl/c/libcurl-errors.html first for more details.
[12:30:49] Summarizer: [Batch] 1 item(s) missing from response → marked for reprocessing
[12:30:51] Summarizer: [Batch] No response from API (attempt 1/3)
[12:47:41] Summarizer: [Batch] No response from API (attempt 1/3)
[12:48:04] Summarizer: [Batch] No response from API (attempt 1/3)
[12:48:04] Summarizer: [Batch] No response from API (attempt 2/3)
[13:05:25] Summarizer: [Batch] No response from API (attempt 3/3)
[13:06:09] Summarizer: [Batch] 2 item(s) missing from response → marked for reprocessing
[13:06:09] Summarizer: [GeminiSelenium] ⚠️ PAIRING FAIL: 'https://index.hu/belfold/2026/02/22/csepel-lomtalanítás-budapest-nyomorultak-parizs-europa-szemet-mohu/' not found. KEEPING ITEM (Fallback).
[13:06:23] Summarizer: [Batch] 3 item(s) missing from response → marked for reprocessing
[13:23:17] Summarizer: [Batch] No response from API (attempt 1/3)
[13:23:46] Summarizer: [Batch] No response from API (attempt 1/3)
[13:40:30] Summarizer: [Batch] No response from API (attempt 2/3)
[13:49:13] Summarizer: [Batch] No response from API (attempt 3/3)
[14:01:09] Summarizer: [Batch] No response from API (attempt 1/3)
[14:01:09] Summarizer: [Batch] No response from API (attempt 1/3)
[14:18:55] Summarizer: [Batch] 1 item(s) missing from response → marked for reprocessing
[14:18:55] Summarizer: [GeminiSelenium] ⚠️ PAIRING FAIL: 'https://totalcar.hu/hirek/2026/02/22/havidijert-toyota-kulcs-lehet-az-iphone-odból/' not found. KEEPING ITEM (Fallback).
[14:19:13] Summarizer: [Batch] No response from API (attempt 2/3)
[14:19:13] Summarizer: [Batch] No response from API (attempt 2/3)
[14:35:31] Summarizer: [Batch] No response from API (attempt 3/3)
