
--- RSS Fetch Errors at 2026-07-17 00:51:49 ---
Error fetching https://index.hu/tudomany/rss/: Failed to perform, curl: (28) Operation timed out after 1027275 milliseconds with 0 bytes received. See https://curl.se/libcurl/c/libcurl-errors.html first for more details.
Error fetching https://hwsw.hu/xml/latest_news_rss.xml: Failed to perform, curl: (28) Connection timed out after 1027275 milliseconds. See https://curl.se/libcurl/c/libcurl-errors.html first for more details.
Error fetching https://index.hu/sitemap/friss.xml: Failed to perform, curl: (28) Operation timed out after 1027353 milliseconds with 0 bytes received. See https://curl.se/libcurl/c/libcurl-errors.html first for more details.
Error fetching https://index.hu/belfold/rss/: Failed to perform, curl: (28) Operation timed out after 1027391 milliseconds with 0 bytes received. See https://curl.se/libcurl/c/libcurl-errors.html first for more details.
Error fetching https://index.hu/kulfold/rss/: Failed to perform, curl: (28) Operation timed out after 1027434 milliseconds with 0 bytes received. See https://curl.se/libcurl/c/libcurl-errors.html first for more details.
Error fetching https://index.hu/24ora/rss: Failed to perform, curl: (28) Resolving timed out after 1027634 milliseconds. See https://curl.se/libcurl/c/libcurl-errors.html first for more details.
Error fetching https://444.hu/category/belfold/feed: Failed to perform, curl: (28) Resolving timed out after 1027632 milliseconds. See https://curl.se/libcurl/c/libcurl-errors.html first for more details.
Error fetching https://www.pcwplus.hu/site/rss/rss.xml: Failed to perform, curl: (28) Resolving timed out after 1027632 milliseconds. See https://curl.se/libcurl/c/libcurl-errors.html first for more details.
Error fetching https://hu.ign.com/feed.xml: Failed to perform, curl: (28) Resolving timed out after 1027634 milliseconds. See https://curl.se/libcurl/c/libcurl-errors.html first for more details.
Error fetching https://sg.hu/plain/rss.xml: Failed to perform, curl: (28) Resolving timed out after 1026552 milliseconds. See https://curl.se/libcurl/c/libcurl-errors.html first for more details.
Error fetching https://prohardver.hu/hirfolyam/anyagok/rss.xml: Failed to perform, curl: (28) Resolving timed out after 1027632 milliseconds. See https://curl.se/libcurl/c/libcurl-errors.html first for more details.
Error fetching https://media.sg.hu/rss/rss.xml: Failed to perform, curl: (28) Resolving timed out after 1027634 milliseconds. See https://curl.se/libcurl/c/libcurl-errors.html first for more details.
Error fetching https://leetgaming.com/feed/: Failed to perform, curl: (28) Resolving timed out after 1027633 milliseconds. See https://curl.se/libcurl/c/libcurl-errors.html first for more details.
Error fetching https://sg.hu/rss: Failed to perform, curl: (28) Resolving timed out after 1027634 milliseconds. See https://curl.se/libcurl/c/libcurl-errors.html first for more details.
Error fetching https://www.portfolio.hu/rss/all.xml: Failed to perform, curl: (28) Resolving timed out after 1026634 milliseconds. See https://curl.se/libcurl/c/libcurl-errors.html first for more details.
Error fetching https://www.portfolio.hu/rss/: Failed to perform, curl: (28) Resolving timed out after 1026634 milliseconds. See https://curl.se/libcurl/c/libcurl-errors.html first for more details.
Error fetching https://www.penzcentrum.hu/rss: Failed to perform, curl: (28) Resolving timed out after 1026634 milliseconds. See https://curl.se/libcurl/c/libcurl-errors.html first for more details.
Error fetching https://hold.hu/holdblog/feed: Failed to perform, curl: (28) Resolving timed out after 1026809 milliseconds. See https://curl.se/libcurl/c/libcurl-errors.html first for more details.
Error fetching https://forbes.hu/feed/: Failed to perform, curl: (28) Resolving timed out after 1026823 milliseconds. See https://curl.se/libcurl/c/libcurl-errors.html first for more details.
Error fetching https://totalcar.hu/24ora/rss/: Failed to perform, curl: (28) Resolving timed out after 1026634 milliseconds. See https://curl.se/libcurl/c/libcurl-errors.html first for more details.
Error fetching https://www.drive.com.au/feed/: HTTP Error 403: 
Error fetching https://techpowerup.com/rss/news: HTTP Error 403: 
Error fetching https://velvet.hu/feed: HTTP Error 404: Not Found
Error fetching https://femina.hu/feed: HTTP Error 404: Not Found
Error fetching https://cliffhanger.hu/feed: HTTP Error 403: 
Error fetching https://instylemen.hu/feed: HTTP Error 404: 
Error fetching https://hwsw.hu/hirek/rss: Failed to perform, curl: (28) Connection timed out after 10003 milliseconds. See https://curl.se/libcurl/c/libcurl-errors.html first for more details.
Error fetching https://index.hu/tudomany/til/rss/: Failed to perform, curl: (28) Connection timed out after 10003 milliseconds. See https://curl.se/libcurl/c/libcurl-errors.html first for more details.
[00:51:58] Summarizer: [DownloadWorker-9] SKIP (duplicate title): Milk Road...
[01:08:32] Summarizer: [Batch] 1 item(s) missing from response → marked for reprocessing
[01:25:53] Summarizer: [Batch] 3 item(s) missing from response → marked for reprocessing
[01:26:06] Summarizer: [Batch] 3 item(s) missing from response → marked for reprocessing
[01:26:14] Summarizer: [DownloadWorker-3] SKIP (duplicate title): Két teljes játékot ad most ingyen az Epi...
[01:43:28] Summarizer: [DownloadWorker-9] SKIP (duplicate title): Egy nagyon mókás játékot ad ingyen az Ep...
[01:43:32] Summarizer: [DownloadWorker-5] SKIP (duplicate title): We Build LEGO The Lord of the Rings: Min...
[02:01:29] Summarizer: TIMEOUT (180s) - backend call took too long
[02:01:29] Summarizer: [Batch] No response from API (attempt 1/3)
[02:18:13] Summarizer: TIMEOUT (180s) - backend call took too long
[02:18:13] Summarizer: [Batch] No response from API (attempt 1/3)
[02:36:36] Summarizer: TIMEOUT (180s) - backend call took too long
[02:36:36] Summarizer: [Batch] No response from API (attempt 1/3)
[02:36:52] Summarizer: [Batch] 2 item(s) missing from response → marked for reprocessing
[02:37:00] Summarizer: [MissingDetector] ⚠️ PAIRING FAIL: 'https://port.hu/cikk/mozi/ime-a-film-amiben-tom-cruise-nem-volt-hajlandó-szerepet-vallalni/article-128890' not found. KEEPING ITEM (Fallback).
[02:37:00] Summarizer: [Batch] 1 item(s) missing from response → marked for reprocessing
[02:37:00] Summarizer: [FreeGeminiAPI_3] ⚠️ PAIRING FAIL: 'https://port.hu/cikk/mozi/ime-a-film-amiben-tom-cruise-nem-volt-hajlandó-szerepet-vallalni/article-128890' not found. KEEPING ITEM (Fallback).
[03:11:32] Summarizer: TIMEOUT (180s) - backend call took too long
[03:11:32] Summarizer: [Batch] No response from API (attempt 1/3)
[03:26:59] Summarizer: [Batch] 2 item(s) missing from response → marked for reprocessing
[03:27:12] Summarizer: [Batch] 4 item(s) missing from response → marked for reprocessing
[03:27:19] Summarizer: [Batch] 1 item(s) missing from response → marked for reprocessing
[03:27:26] Summarizer: TIMEOUT (180s) - backend call took too long
[03:27:26] Summarizer: [Batch] No response from API (attempt 1/3)
[03:43:07] Image_Downloader: Download failed (https://imageio.forbes.com/specials-images/imageserve/6a59424ec14fb5b20d7f5a4d/0x0.jpg?format=jpg&height=900&width=1600&fit=bounds): ('Connection aborted.', ConnectionResetError(54, 'Connection reset by peer'))
[03:43:17] Summarizer: [Batch] 1 item(s) missing from response → marked for reprocessing
[03:43:31] Summarizer: [Batch] 2 item(s) missing from response → marked for reprocessing
[03:43:46] Summarizer: TIMEOUT (180s) - backend call took too long
[03:43:46] Summarizer: [Batch] No response from API (attempt 1/3)
[03:43:46] Summarizer: [MissingDetector] ⚠️ PAIRING FAIL: 'https://www.cnet.com/tech/mobile/samsung-galaxy-z-flip-8-rumor-roundup-what-we-know-about-the-july-22-unpacked/' not found. KEEPING ITEM (Fallback).
[03:43:46] Summarizer: [Batch] 1 item(s) missing from response → marked for reprocessing
[03:43:46] Summarizer: [FreeGeminiAPI_2] ⚠️ PAIRING FAIL: 'https://www.cnet.com/tech/mobile/samsung-galaxy-z-flip-8-rumor-roundup-what-we-know-about-the-july-22-unpacked/' not found. KEEPING ITEM (Fallback).
[04:01:05] Summarizer: [Batch] 1 item(s) missing from response → marked for reprocessing
[04:03:08] Summarizer: [Batch] 2 item(s) missing from response → marked for reprocessing
[04:03:15] Summarizer: [MissingDetector] ⚠️ PAIRING FAIL: 'https://www.portfolio.hu/deviza/20260716/estere-erosodett-de-majdnem-kethonapos-melyponton-is-jart-a-magyar-deviza-850008' not found. KEEPING ITEM (Fallback).
[04:03:15] Summarizer: [Batch] 1 item(s) missing from response → marked for reprocessing
[04:03:15] Summarizer: [FreeGeminiAPI_3] ⚠️ PAIRING FAIL: 'https://www.portfolio.hu/deviza/20260716/estere-erosodett-de-majdnem-kethonapos-melyponton-is-jart-a-magyar-deviza-850008' not found. KEEPING ITEM (Fallback).
[04:03:22] Summarizer: [Batch] 1 item(s) missing from response → marked for reprocessing
[04:03:40] Summarizer: [Batch] 1 item(s) missing from response → marked for reprocessing

--- RSS Fetch Errors at 2026-07-17 04:20:01 ---
Error fetching https://techpowerup.com/rss/news: HTTP Error 403: 
Error fetching https://www.drive.com.au/feed/: HTTP Error 403: 
Error fetching https://leetgaming.com/feed/: Failed to perform, curl: (28) Connection timed out after 10003 milliseconds. See https://curl.se/libcurl/c/libcurl-errors.html first for more details.
Error fetching https://hvg.hu/rss: Failed to perform, curl: (28) Operation timed out after 1037638 milliseconds with 4098 bytes received. See https://curl.se/libcurl/c/libcurl-errors.html first for more details.
Error fetching https://bitcoinmagazine.com/.rss/full/: Failed to perform, curl: (28) Operation timed out after 1038641 milliseconds with 162 bytes received. See https://curl.se/libcurl/c/libcurl-errors.html first for more details.
Error fetching https://velvet.hu/feed: HTTP Error 404: Not Found
Error fetching https://www.playboy.com/wp-json/oembed/1.0/embed?url=https%3A%2F%2Fwww.playboy.com%2F&format=xml: Failed to perform, curl: (28) Connection timed out after 938938 milliseconds. See https://curl.se/libcurl/c/libcurl-errors.html first for more details.
Error fetching https://hwsw.hu/hirek/rss: Failed to perform, curl: (28) Connection timed out after 941929 milliseconds. See https://curl.se/libcurl/c/libcurl-errors.html first for more details.
Error fetching https://cliffhanger.hu/feed: Failed to perform, curl: (28) Resolving timed out after 941929 milliseconds. See https://curl.se/libcurl/c/libcurl-errors.html first for more details.
Error fetching https://sokszinuvidek.24.hu/?oembed=true&format=xml&url=https%3A%2F%2Fsokszinuvidek.24.hu%2F: Failed to perform, curl: (28) Resolving timed out after 941928 milliseconds. See https://curl.se/libcurl/c/libcurl-errors.html first for more details.
Error fetching https://funzine.hu/feed: Failed to perform, curl: (28) Resolving timed out after 941929 milliseconds. See https://curl.se/libcurl/c/libcurl-errors.html first for more details.
Error fetching https://femina.hu/feed: Failed to perform, curl: (28) Connection timed out after 941951 milliseconds. See https://curl.se/libcurl/c/libcurl-errors.html first for more details.
Error fetching https://roadster.hu/feed: Failed to perform, curl: (28) Resolving timed out after 938130 milliseconds. See https://curl.se/libcurl/c/libcurl-errors.html first for more details.
Error fetching https://nlc.hu/feed: Failed to perform, curl: (28) Resolving timed out after 942039 milliseconds. See https://curl.se/libcurl/c/libcurl-errors.html first for more details.
Error fetching https://totalcar.hu/feed: Failed to perform, curl: (28) Connection timed out after 942045 milliseconds. See https://curl.se/libcurl/c/libcurl-errors.html first for more details.
Error fetching https://instylemen.hu/feed: Failed to perform, curl: (28) Resolving timed out after 937926 milliseconds. See https://curl.se/libcurl/c/libcurl-errors.html first for more details.
Error fetching https://wmn.hu/feed/: Failed to perform, curl: (28) Resolving timed out after 939929 milliseconds. See https://curl.se/libcurl/c/libcurl-errors.html first for more details.
Error fetching https://www.economx.hu/feed: Failed to perform, curl: (28) Operation timed out after 942111 milliseconds with 0 bytes received. See https://curl.se/libcurl/c/libcurl-errors.html first for more details.
Error fetching https://fhm.com/feed: Failed to perform, curl: (28) Operation timed out after 942144 milliseconds with 0 bytes received. See https://curl.se/libcurl/c/libcurl-errors.html first for more details.
Error fetching https://starity.hu/magazin/rss/: Failed to perform, curl: (28) Connection timed out after 940490 milliseconds. See https://curl.se/libcurl/c/libcurl-errors.html first for more details.
Error fetching https://sokszinuvidek.24.hu/feed/: Failed to perform, curl: (28) Connection timed out after 942169 milliseconds. See https://curl.se/libcurl/c/libcurl-errors.html first for more details.
Error fetching https://sorozatjunkie.hu/feed: Failed to perform, curl: (28) Resolving timed out after 938795 milliseconds. See https://curl.se/libcurl/c/libcurl-errors.html first for more details.
Error fetching https://marieclaire.hu/feed: Failed to perform, curl: (28) Connection timed out after 942394 milliseconds. See https://curl.se/libcurl/c/libcurl-errors.html first for more details.
Error fetching https://player.hu/feed: Failed to perform, curl: (28) Connection timed out after 938598 milliseconds. See https://curl.se/libcurl/c/libcurl-errors.html first for more details.
Error fetching https://offmedia.hu/feed: Failed to perform, curl: (28) Connection timed out after 942415 milliseconds. See https://curl.se/libcurl/c/libcurl-errors.html first for more details.
Error fetching https://aihirfolyam.hu/feed: Failed to perform, curl: (28) Connection timed out after 942422 milliseconds. See https://curl.se/libcurl/c/libcurl-errors.html first for more details.
[04:20:16] Summarizer: [Batch] No response from API (attempt 1/3)
[04:20:16] Summarizer: [Batch] No response from API (attempt 1/3)

--- RSS Fetch Errors at 2026-07-17 04:20:17 ---
Error fetching https://techpowerup.com/rss/news: HTTP Error 403: 
Error fetching https://www.drive.com.au/feed/: HTTP Error 403: 
Error fetching https://leetgaming.com/feed/: Failed to perform, curl: (28) Connection timed out after 10003 milliseconds. See https://curl.se/libcurl/c/libcurl-errors.html first for more details.
Error fetching https://femina.hu/feed: HTTP Error 404: Not Found
Error fetching https://instylemen.hu/feed: HTTP Error 404: 
Error fetching https://velvet.hu/feed: HTTP Error 404: Not Found
Error fetching https://hwsw.hu/hirek/rss: HTTP Error 404: 
Error fetching https://bankless.com/feed: Failed to perform, curl: (28) Connection timed out after 940939 milliseconds. See https://curl.se/libcurl/c/libcurl-errors.html first for more details.
Error fetching https://travelmagazin.hu/feed: Failed to perform, curl: (28) Connection timed out after 942155 milliseconds. See https://curl.se/libcurl/c/libcurl-errors.html first for more details.
Error fetching https://caravantimes.co.uk/feed: Failed to perform, curl: (28) Operation timed out after 941356 milliseconds with 0 bytes received. See https://curl.se/libcurl/c/libcurl-errors.html first for more details.
Error fetching https://cliffhanger.hu/feed: Failed to perform, curl: (28) Operation timed out after 946836 milliseconds with 0 bytes received. See https://curl.se/libcurl/c/libcurl-errors.html first for more details.
Error fetching https://mafab.hu/rss: Failed to perform, curl: (28) Resolving timed out after 938029 milliseconds. See https://curl.se/libcurl/c/libcurl-errors.html first for more details.
Error fetching https://wmn.hu/feed/: Failed to perform, curl: (28) Operation timed out after 939928 milliseconds with 0 bytes received. See https://curl.se/libcurl/c/libcurl-errors.html first for more details.
[04:20:19] Summarizer: [MissingDetector] ⚠️ PAIRING FAIL: 'https://www.cnet.com/tech/mobile/samsung-galaxy-z-flip-8-rumor-roundup-what-we-ve-heard-ahead-of-the-july-22-unpacked' not found. KEEPING ITEM (Fallback).
[04:20:19] Summarizer: [Batch] 4 item(s) missing from response → marked for reprocessing
[04:20:19] Summarizer: [FreeGeminiAPI_1] ⚠️ PAIRING FAIL: 'https://www.cnet.com/tech/mobile/samsung-galaxy-z-flip-8-rumor-roundup-what-we-ve-heard-ahead-of-the-july-22-unpacked' not found. KEEPING ITEM (Fallback).
[04:20:21] Summarizer: [DownloadWorker-6] SKIP (duplicate title): Experience the legacy of Estadio Azteca ...
[04:20:21] Summarizer: [DownloadWorker-2] SKIP (duplicate title): A hegyvidéki önkormányzat szerint életve...
[04:20:23] Summarizer: [Batch] 4 item(s) missing from response → marked for reprocessing
[04:20:27] Summarizer: [DownloadWorker-6] SKIP (duplicate title): Let's play a quick round of 'Which game ...
[04:20:27] Summarizer: [DownloadWorker-9] SKIP (duplicate title): Honda Just Axed Its Last EV In The U.S....
[04:20:27] Summarizer: [MissingDetector] ⚠️ PAIRING FAIL: 'https://www.cnet.com/tech/mobile/samsung-galaxy-z-flip-8-rumor-roundup-what-we-ve-heard-ahead-of-the-july-22-unpacked' not found. KEEPING ITEM (Fallback).
[04:20:27] Summarizer: [Batch] 4 item(s) missing from response → marked for reprocessing
[04:20:27] Summarizer: [FreeGeminiAPI_1] ⚠️ PAIRING FAIL: 'https://www.cnet.com/tech/mobile/samsung-galaxy-z-flip-8-rumor-roundup-what-we-ve-heard-ahead-of-the-july-22-unpacked' not found. KEEPING ITEM (Fallback).
[04:20:27] Summarizer: [DownloadWorker-3] SKIP (duplicate title): Segway Max G3 e-scooter at $1,000 2026 l...
[04:35:39] Image_Downloader: Download failed (https://marieclaire.hu/uploads/2026/07/a-tokeletes-fenek-titka.jpg): ("Connection broken: ConnectionResetError(54, 'Connection reset by peer')", ConnectionResetError(54, 'Connection reset by peer'))
[04:35:40] Summarizer: [DownloadWorker-6] SKIP (duplicate title): Dohánygyár#12 – Mit hagyott maga után a ...
[04:35:41] Summarizer: [DownloadWorker-5] SKIP (duplicate title): Samsung Galaxy Z Flip 8 Rumor Roundup: W...
[04:35:42] Summarizer: [DownloadWorker-8] SKIP (duplicate title): Samsung Galaxy Z Flip 8 Rumor Roundup: W...
[04:35:42] Summarizer: [DownloadWorker-7] SKIP (duplicate title): Pompás popsi: hogyan lehet csodásan gömb...
[04:35:44] Summarizer: [DownloadWorker-2] SKIP (duplicate title): Kiara Lord különös dolgot mesélt Puzsér ...
[04:35:44] Summarizer: [DownloadWorker-6] SKIP (duplicate title): Honda Just Axed Its Last EV In The U.S....
[04:35:46] Summarizer: [DownloadWorker-8] SKIP (duplicate title): Polly Pocket Bridgerton...
[04:35:48] Summarizer: [DownloadWorker-9] SKIP (duplicate title): Nordstrom’s Anniversary Sale Is Now Open...
[04:35:49] Summarizer: [DownloadWorker-6] SKIP (duplicate title): Segway Max G3 e-scooter at $1,000 2026 l...
[04:35:50] Summarizer: [Batch] 1 item(s) missing from response → marked for reprocessing
[04:35:53] Summarizer: [DownloadWorker-8] SKIP (duplicate title): Let's play a quick round of 'Which game ...
[04:35:56] Summarizer: [Batch] 2 item(s) missing from response → marked for reprocessing
[04:35:57] Summarizer: [DownloadWorker-2] SKIP (duplicate title): Why FIFA Locks Down Content While Coache...
[04:35:58] Summarizer: [DownloadWorker-6] SKIP (duplicate title): How This Cosmetic Mogul Built A $1.2B Bu...
[04:36:04] Summarizer: [Batch] 2 item(s) missing from response → marked for reprocessing
[04:36:05] Summarizer: [DownloadWorker-0] SKIP (duplicate title): Why FIFA Locks Down Content While Coache...
[04:36:07] Image_Downloader: Download failed (https://cdn.bankless.com/openGraph/the-stablecoin-logic-of-stripe-s-paypal-bid-1784223011.png): 404 Client Error: Not Found for url: https://cdn.bankless.com/openGraph/the-stablecoin-logic-of-stripe-s-paypal-bid-1784223011.png
[04:36:08] Summarizer: [MissingDetector] ⚠️ PAIRING FAIL: 'https://port.hu/cikk/mozi/ime-a-film-amiben-tom-cruise-nem-volt-hajlandó-szerepet-vallalni/article-128890' not found. KEEPING ITEM (Fallback).
[04:36:08] Summarizer: [Batch] 1 item(s) missing from response → marked for reprocessing
[04:36:08] Summarizer: [FreeGeminiAPI_2] ⚠️ PAIRING FAIL: 'https://port.hu/cikk/mozi/ime-a-film-amiben-tom-cruise-nem-volt-hajlandó-szerepet-vallalni/article-128890' not found. KEEPING ITEM (Fallback).
[04:36:10] Summarizer: [Batch] 2 item(s) missing from response → marked for reprocessing
[04:36:12] Summarizer: [DownloadWorker-8] SKIP (duplicate title): How This Cosmetic Mogul Built A $1.2B Bu...
[04:36:15] Summarizer: [Batch] 3 item(s) missing from response → marked for reprocessing
[04:36:18] Summarizer: [DownloadWorker-7] SKIP (duplicate title): Nordstrom’s Anniversary Sale Is Now Open...
[05:08:16] Summarizer: TIMEOUT (180s) - backend call took too long
[05:08:16] Summarizer: [Batch] No response from API (attempt 1/3)
[05:08:16] Summarizer: TIMEOUT (180s) - backend call took too long
[05:08:16] Summarizer: TIMEOUT (180s) - backend call took too long
[05:08:16] Summarizer: [Batch] No response from API (attempt 2/3)
[05:08:16] Summarizer: [Batch] No response from API (attempt 2/3)
[05:08:17] Summarizer: TIMEOUT (180s) - backend call took too long
[05:08:17] Summarizer: [Batch] No response from API (attempt 1/3)
[05:14:19] Summarizer: [Batch] 4 item(s) missing from response → marked for reprocessing
[05:14:21] Summarizer: [MissingDetector] ⚠️ PAIRING FAIL: 'https://port.hu/cikk/mozi/ime-a-film-amiben-tom-cruise-nem-volt-hajlandó-szerepet-vallalni/article-128890' not found. KEEPING ITEM (Fallback).
[05:14:21] Summarizer: [Batch] 4 item(s) missing from response → marked for reprocessing
[05:14:21] Summarizer: [FreeGeminiAPI_1] ⚠️ PAIRING FAIL: 'https://port.hu/cikk/mozi/ime-a-film-amiben-tom-cruise-nem-volt-hajlandó-szerepet-vallalni/article-128890' not found. KEEPING ITEM (Fallback).
[05:14:22] Summarizer: Reprocessing 3 pairing failures from data.json
[05:14:30] Summarizer: Reprocessing 3 pairing failures from data.json
[05:14:49] Summarizer: TIMEOUT (180s) - backend call took too long
[05:14:49] Summarizer: [Batch] No response from API (attempt 1/3)
[05:30:19] Summarizer: Reprocessing 4 pairing failures from data.json
