
--- RSS Fetch Errors at 2026-06-30 00:03:43 ---
Error fetching https://index.hu/kulfold/rss/: Failed to perform, curl: (28) Connection timed out after 10001 milliseconds. See https://curl.se/libcurl/c/libcurl-errors.html first for more details.
Error fetching https://qubit.hu/feed: Failed to perform, curl: (28) Connection timed out after 10000 milliseconds. See https://curl.se/libcurl/c/libcurl-errors.html first for more details.
Error fetching https://leetgaming.com/feed/: Failed to perform, curl: (28) Connection timed out after 10003 milliseconds. See https://curl.se/libcurl/c/libcurl-errors.html first for more details.
Error fetching https://sg.hu/rss: Failed to perform, curl: (28) Resolving timed out after 10001 milliseconds. See https://curl.se/libcurl/c/libcurl-errors.html first for more details.
Error fetching https://hwsw.hu/xml/latest_news_rss.xml: Failed to perform, curl: (28) Connection timed out after 10003 milliseconds. See https://curl.se/libcurl/c/libcurl-errors.html first for more details.
Error fetching https://techcrunch.com/feed: Failed to perform, curl: (56) Connection closed abruptly. See https://curl.se/libcurl/c/libcurl-errors.html first for more details.
Error fetching https://www.drive.com.au/feed/: Failed to perform, curl: (28) Connection timed out after 10003 milliseconds. See https://curl.se/libcurl/c/libcurl-errors.html first for more details.
Error fetching https://bitcoinmagazine.com/.rss/full/: Failed to perform, curl: (28) Connection timed out after 10003 milliseconds. See https://curl.se/libcurl/c/libcurl-errors.html first for more details.
Error fetching https://bitcoinmagazine.com/feed: Failed to perform, curl: (28) Connection timed out after 10003 milliseconds. See https://curl.se/libcurl/c/libcurl-errors.html first for more details.
Error fetching https://feeds.feedburner.com/ign/movies-articles: Failed to perform, curl: (28) Connection timed out after 10003 milliseconds. See https://curl.se/libcurl/c/libcurl-errors.html first for more details.
Error fetching https://hwsw.hu/hirek/rss: HTTP Error 404: 
Error fetching https://femina.hu/feed: HTTP Error 404: Not Found
Error fetching https://velvet.hu/feed: HTTP Error 404: Not Found
Error fetching https://cliffhanger.hu/feed: HTTP Error 403: 
Error fetching https://instylemen.hu/feed: HTTP Error 404: 
Error fetching https://instylemen.hu/feed: HTTP Error 404: 

--- RSS Fetch Errors at 2026-06-30 00:03:46 ---
Error fetching https://index.hu/24ora/rss: Failed to perform, curl: (28) Connection timed out after 10003 milliseconds. See https://curl.se/libcurl/c/libcurl-errors.html first for more details.
Error fetching https://444.hu/feed: Failed to perform, curl: (28) Connection timed out after 10003 milliseconds. See https://curl.se/libcurl/c/libcurl-errors.html first for more details.
Error fetching https://sg.hu/plain/rss.xml: Failed to perform, curl: (28) Connection timed out after 10002 milliseconds. See https://curl.se/libcurl/c/libcurl-errors.html first for more details.
Error fetching https://leetgaming.com/feed/: Failed to perform, curl: (28) Connection timed out after 10004 milliseconds. See https://curl.se/libcurl/c/libcurl-errors.html first for more details.
Error fetching https://telex.hu/rss: Failed to perform, curl: (28) Connection timed out after 10003 milliseconds. See https://curl.se/libcurl/c/libcurl-errors.html first for more details.
Error fetching https://telex.hu/rss/archivum?filters=%7B%22superTagSlugs%22%3A%5B%22eszkombajn%22%5D%2C%22parentId%22%3A%5B%22null%22%5D%7D&perPage=10: Failed to perform, curl: (28) Connection timed out after 10003 milliseconds. See https://curl.se/libcurl/c/libcurl-errors.html first for more details.
Error fetching https://index.hu/tudomany/rss/: Failed to perform, curl: (28) Connection timed out after 10003 milliseconds. See https://curl.se/libcurl/c/libcurl-errors.html first for more details.
Error fetching https://hold.hu/holdblog/feed: Failed to perform, curl: (28) Resolving timed out after 10003 milliseconds. See https://curl.se/libcurl/c/libcurl-errors.html first for more details.
Error fetching https://www.penzcentrum.hu/rss: Failed to perform, curl: (28) Connection timed out after 10003 milliseconds. See https://curl.se/libcurl/c/libcurl-errors.html first for more details.
Error fetching https://esport1.hu/rss: Failed to perform, curl: (28) Resolving timed out after 10002 milliseconds. See https://curl.se/libcurl/c/libcurl-errors.html first for more details.
Error fetching https://www.drive.com.au/feed/: HTTP Error 403: 
Error fetching https://www.cnet.com/rss/news/: Failed to perform, curl: (28) Connection timed out after 10001 milliseconds. See https://curl.se/libcurl/c/libcurl-errors.html first for more details.
Error fetching https://www.sciencedaily.com/rss/all.xml: Failed to perform, curl: (28) Resolving timed out after 10003 milliseconds. See https://curl.se/libcurl/c/libcurl-errors.html first for more details.
Error fetching https://pcguru.hu/rss: Failed to perform, curl: (28) Resolving timed out after 10004 milliseconds. See https://curl.se/libcurl/c/libcurl-errors.html first for more details.
Error fetching https://techcrunch.com/feed: Failed to perform, curl: (28) Connection timed out after 10002 milliseconds. See https://curl.se/libcurl/c/libcurl-errors.html first for more details.
Error fetching https://feeds.feedburner.com/ign/movies-articles: Failed to perform, curl: (28) Connection timed out after 10003 milliseconds. See https://curl.se/libcurl/c/libcurl-errors.html first for more details.
Error fetching https://cliffhanger.hu/feed: HTTP Error 403: 
Error fetching https://femina.hu/feed: HTTP Error 404: Not Found
Error fetching https://hwsw.hu/hirek/rss: HTTP Error 404: 
Error fetching https://velvet.hu/feed: HTTP Error 404: Not Found
Error fetching https://instylemen.hu/feed: HTTP Error 404: 
Error fetching https://instylemen.hu/feed: HTTP Error 404: 
Error fetching https://www.economx.hu/feed: Failed to perform, curl: (28) Connection timed out after 10003 milliseconds. See https://curl.se/libcurl/c/libcurl-errors.html first for more details.
Error fetching https://starity.hu/magazin/rss/: Failed to perform, curl: (28) Connection timed out after 10002 milliseconds. See https://curl.se/libcurl/c/libcurl-errors.html first for more details.
Error fetching https://starity.hu/magazin/rss/: Failed to perform, curl: (28) Connection timed out after 10002 milliseconds. See https://curl.se/libcurl/c/libcurl-errors.html first for more details.
Error fetching https://www.playboy.com/read/celebrities/feed: Failed to perform, curl: (28) Connection timed out after 10002 milliseconds. See https://curl.se/libcurl/c/libcurl-errors.html first for more details.
[00:04:13] Image_Downloader: Download failed (https://ng.24.hu/uploads/2026/06/Christian-Ziegler-Max-Planck-Institute-of-Animal-Behavior.jpg): HTTPSConnectionPool(host='ng.24.hu', port=443): Max retries exceeded with url: /uploads/2026/06/Christian-Ziegler-Max-Planck-Institute-of-Animal-Behavior.jpg (Caused by NewConnectionError("HTTPSConnection(host='ng.24.hu', port=443): Failed to establish a new connection: [Errno 61] Connection refused"))
[00:04:24] Summarizer: [Batch] 1 item(s) missing from response → marked for reprocessing
[00:04:25] Image_Downloader: Download failed (https://s.24.hu/app/uploads/sites/11/2026/06/290532495_2271199486361679_6079196199071670452_n-e1657524470607-1024x575-1.jpg): HTTPSConnectionPool(host='s.24.hu', port=443): Max retries exceeded with url: /app/uploads/sites/11/2026/06/290532495_2271199486361679_6079196199071670452_n-e1657524470607-1024x575-1.jpg (Caused by NewConnectionError("HTTPSConnection(host='s.24.hu', port=443): Failed to establish a new connection: [Errno 61] Connection refused"))
[00:04:27] Summarizer: [Batch] 1 item(s) missing from response → marked for reprocessing
[00:04:28] Image_Downloader: Download failed (https://s.24.hu/app/uploads/2026/06/central-1098666019-1-e1782763482918-1440x810_wm.jpg): HTTPSConnectionPool(host='s.24.hu', port=443): Max retries exceeded with url: /app/uploads/2026/06/central-1098666019-1-e1782763482918-1440x810_wm.jpg (Caused by NewConnectionError("HTTPSConnection(host='s.24.hu', port=443): Failed to establish a new connection: [Errno 61] Connection refused"))
[00:04:32] Image_Downloader: Download failed (https://s.24.hu/app/uploads/sites/11/2026/06/290532495_2271199486361679_6079196199071670452_n-e1657524470607-1024x575-1.jpg): HTTPSConnectionPool(host='s.24.hu', port=443): Max retries exceeded with url: /app/uploads/sites/11/2026/06/290532495_2271199486361679_6079196199071670452_n-e1657524470607-1024x575-1.jpg (Caused by NewConnectionError("HTTPSConnection(host='s.24.hu', port=443): Failed to establish a new connection: [Errno 61] Connection refused"))
[00:04:45] Summarizer: [DownloadWorker-5] SKIP (duplicate title): Megérkezett a Ransom Canyon 2. évadának ...
[00:04:49] Summarizer: [DownloadWorker-6] SKIP (duplicate title): AMD Software Adrenalin 26.6.4 WHQL Drive...
[00:05:21] Summarizer: [DownloadWorker-3] SKIP (duplicate title): Júliusi újdonságok az HBO MAX hazai kíná...
[00:05:23] Summarizer: [DownloadWorker-7] SKIP (duplicate title): Távozó tartalmak a hazai streamingen: 20...
[00:05:29] Summarizer: [Batch] 1 item(s) missing from response → marked for reprocessing
[00:05:31] Summarizer: [DownloadWorker-6] SKIP (duplicate title): AMD Software Adrenalin 26.6.4 WHQL Drive...
[00:05:31] Summarizer: [Batch] 2 item(s) missing from response → marked for reprocessing
[00:05:32] Image_Downloader: Download failed (https://nlc.hu/uploads/2026/06/mars.jpeg): HTTPSConnectionPool(host='nlc.hu', port=443): Max retries exceeded with url: /uploads/2026/06/mars.jpeg (Caused by NewConnectionError("HTTPSConnection(host='nlc.hu', port=443): Failed to establish a new connection: [Errno 61] Connection refused"))
[00:05:35] Image_Downloader: Download failed (https://totalcar.hu/media/images/s-l1600_6_result_0trnXgV.format-jpeg.max-3840x2160.jpg): HTTPSConnectionPool(host='totalcar.hu', port=443): Max retries exceeded with url: /media/images/s-l1600_6_result_0trnXgV.format-jpeg.max-3840x2160.jpg (Caused by NewConnectionError("HTTPSConnection(host='totalcar.hu', port=443): Failed to establish a new connection: [Errno 61] Connection refused"))
[00:05:36] Image_Downloader: Download failed (https://i0.wp.com/electrek.co/wp-content/uploads/sites/3/2026/06/hitachi-energy-large-power-transformer.jpg?resize=1200%2C628&quality=82&strip=all&ssl=1): HTTPSConnectionPool(host='i0.wp.com', port=443): Max retries exceeded with url: /electrek.co/wp-content/uploads/sites/3/2026/06/hitachi-energy-large-power-transformer.jpg?resize=1200%2C628&quality=82&strip=all&ssl=1 (Caused by NewConnectionError("HTTPSConnection(host='i0.wp.com', port=443): Failed to establish a new connection: [Errno 61] Connection refused"))
[00:05:36] Summarizer: [Batch] 2 item(s) missing from response → marked for reprocessing
[00:05:38] Summarizer: [DownloadWorker-7] SKIP (duplicate title): Highlights from Git 2.55...
[00:05:40] Summarizer: [DownloadWorker-9] SKIP (duplicate title): Az Apple TV 2026-ban...
[00:05:40] Image_Downloader: Download failed (https://github.blog/wp-content/uploads/2026/01/generic-github-security-invertocat.png): HTTPSConnectionPool(host='github.blog', port=443): Max retries exceeded with url: /wp-content/uploads/2026/01/generic-github-security-invertocat.png (Caused by NewConnectionError("HTTPSConnection(host='github.blog', port=443): Failed to establish a new connection: [Errno 61] Connection refused"))
[00:05:41] Image_Downloader: Download failed (https://futurism.com/wp-content/uploads/2026/06/wyldfyre-wildfires-california-prediction-market.jpg?w=1200): HTTPSConnectionPool(host='futurism.com', port=443): Max retries exceeded with url: /wp-content/uploads/2026/06/wyldfyre-wildfires-california-prediction-market.jpg?w=1200 (Caused by NewConnectionError("HTTPSConnection(host='futurism.com', port=443): Failed to establish a new connection: [Errno 61] Connection refused"))
[00:05:41] Image_Downloader: Download failed (https://s.24.hu/app/uploads/2026/06/gettyimages-2283896124-e1782765392211-1440x810_wm.jpg): HTTPSConnectionPool(host='s.24.hu', port=443): Max retries exceeded with url: /app/uploads/2026/06/gettyimages-2283896124-e1782765392211-1440x810_wm.jpg (Caused by NewConnectionError("HTTPSConnection(host='s.24.hu', port=443): Failed to establish a new connection: [Errno 61] Connection refused"))
[00:05:43] Summarizer: [DownloadWorker-5] SKIP (duplicate title): Highlights from Git 2.55...
[00:05:43] Summarizer: [Batch] 1 item(s) missing from response → marked for reprocessing
[00:05:45] Summarizer: [Batch] 3 item(s) missing from response → marked for reprocessing
[00:05:49] Summarizer: [Batch] 3 item(s) missing from response → marked for reprocessing
[00:05:51] Summarizer: [Batch] 1 item(s) missing from response → marked for reprocessing
[00:05:58] Summarizer: [Batch] 1 item(s) missing from response → marked for reprocessing
[00:06:27] Image_Downloader: Download failed (https://www.mafab.hu/static/thumb/w1000/2026t/139/13/747348_1779274839.3763.jpg): HTTPSConnectionPool(host='www.mafab.hu', port=443): Read timed out. (read timeout=5)
[00:06:28] Image_Downloader: Download failed (https://resizer.ladbiblegroup.com/ogimage/v3/assets/bltbc1876152fcd9f07/blt4019b1f2db815d11/6a428f64042151627445bf4a/Venom_boss_battle_in_Spider-Man_2.jpg): HTTPSConnectionPool(host='resizer.ladbiblegroup.com', port=443): Read timed out. (read timeout=5)
[00:06:35] Summarizer: [Batch] No response from API (attempt 1/3)
[00:06:36] Summarizer: [DownloadWorker-3] SKIP (duplicate title): Távozó tartalmak a hazai streamingen: 20...
[00:06:37] Image_Downloader: Download failed (https://cdn.decrypt.co/resize/1024/height/512/wp-content/uploads/2025/06/xrp-decrypt-style-02-gID_7.jpg): HTTPSConnectionPool(host='cdn.decrypt.co', port=443): Read timed out. (read timeout=5)
[00:06:39] Summarizer: [Batch] No response from API (attempt 1/3)
[00:06:42] Image_Downloader: Download failed (https://cdn.bankless.com/openGraph/the-case-for-a-second-ethereum-r-d-lab-1782755587.png): HTTPSConnectionPool(host='cdn.bankless.com', port=443): Read timed out. (read timeout=5)
[00:06:49] Image_Downloader: Download failed (https://cdn.mos.cms.futurecdn.net/7vVmSLUgtBDQThYMeSDqoM-1920-80.jpg): HTTPSConnectionPool(host='cdn.mos.cms.futurecdn.net', port=443): Read timed out. (read timeout=5)
[00:06:54] Summarizer: [DownloadWorker-6] SKIP (duplicate title): Az Apple TV 2026-ban...
[00:06:58] Summarizer: [Batch] 1 item(s) missing from response → marked for reprocessing
[00:07:01] Summarizer: [Batch] No response from API (attempt 1/3)
[00:07:11] Summarizer: [DownloadWorker-5] SKIP (duplicate title): A nap legfontosabb hírei – 2026.06.29....
[00:07:11] Summarizer: [DownloadWorker-7] SKIP (duplicate title): Júliusi újdonságok az HBO MAX hazai kíná...
[00:07:12] Summarizer: [DownloadWorker-0] SKIP (duplicate title): A nap legfontosabb hírei – 2026.06.29....
[00:07:17] Summarizer: [Batch] 1 item(s) missing from response → marked for reprocessing
[00:07:25] Summarizer: [DownloadWorker-3] SKIP (duplicate title): Ezeket a filmeket ajánljuk a tévében hét...
[00:07:33] Summarizer: [MissingDetector] ⚠️ PAIRING FAIL: 'https://24.hu/sport/foci/2026/06/29/real-madvid-nico-paz-como-atigazolas/' not found. KEEPING ITEM (Fallback).
[00:07:33] Summarizer: [Batch] 1 item(s) missing from response → marked for reprocessing
[00:07:33] Summarizer: [FreeGeminiAPI_1] ⚠️ PAIRING FAIL: 'https://24.hu/sport/foci/2026/06/29/real-madvid-nico-paz-como-atigazolas/' not found. KEEPING ITEM (Fallback).
[00:07:37] Summarizer: [Batch] 3 item(s) missing from response → marked for reprocessing
[00:07:42] Image_Downloader: Download failed (https://assets.4cdn.hu/kraken/8MNNTzfFqBq7174k2s-lg.jpeg): HTTPSConnectionPool(host='assets.4cdn.hu', port=443): Read timed out. (read timeout=5)
[00:07:50] Summarizer: [Batch] 2 item(s) missing from response → marked for reprocessing
[00:07:51] Image_Downloader: Download failed (https://i.cdn29.hu/apix_collect_c/ngg_images/2606/29/firenzei_szorny_161303_1_original_760x425_cover.jpg): HTTPSConnectionPool(host='i.cdn29.hu', port=443): Read timed out. (read timeout=5)
[00:07:55] Image_Downloader: Download failed (https://i.cdn29.hu/apix_collect_c/ngg_images/2606/29/jaguar_land_rover_125447_1_original_760x425_cover.jpg): HTTPSConnectionPool(host='i.cdn29.hu', port=443): Read timed out. (read timeout=5)
[00:08:00] Image_Downloader: Download failed (https://s3-images.ctmedia.io/media/article-covers/hi-us-senate-infrastructure-bill-doom-and-gloom-for-crypto-clarity-act.jpg): HTTPSConnectionPool(host='s3-images.ctmedia.io', port=443): Read timed out. (read timeout=5)
[00:08:09] Image_Downloader: Download failed (https://cdn.mos.cms.futurecdn.net/3SpKtAQm4F4xLgkgK6BYP3-1920-80.jpg): HTTPSConnectionPool(host='cdn.mos.cms.futurecdn.net', port=443): Read timed out. (read timeout=5)
[00:08:15] Summarizer: [Batch] No response from API (attempt 1/3)
[00:08:16] Image_Downloader: Download failed (https://cdn.decrypt.co/resize/1024/height/512/wp-content/uploads/2025/08/us-capitol-decrypt-style-02-gID_7.jpg): HTTPSConnectionPool(host='cdn.decrypt.co', port=443): Read timed out. (read timeout=5)
[00:08:23] Image_Downloader: Download failed (https://kep.cdn.index.hu/1/0/7019/70192/701928/70192827_5178713_a8f81974168762537f5121d31ddba848_wm.jpg): HTTPSConnectionPool(host='kep.cdn.index.hu', port=443): Read timed out. (read timeout=5)
[00:08:25] Summarizer: [DownloadWorker-6] SKIP (duplicate title): Ezeket a filmeket ajánljuk a tévében hét...
[00:08:30] Summarizer: [Batch] 3 item(s) missing from response → marked for reprocessing
[00:08:39] Summarizer: [Batch] 1 item(s) missing from response → marked for reprocessing
[00:08:41] Summarizer: [Batch] 1 item(s) missing from response → marked for reprocessing
[00:08:45] Image_Downloader: Download failed (https://electrek.co/wp-content/uploads/sites/3/2026/06/BMW-iX5-leaks.jpg): 404 Client Error: Not Found for url: https://electrek.co/wp-content/uploads/sites/3/2026/06/BMW-iX5-leaks.jpg
[00:08:49] Image_Downloader: Download failed (https://cdn.mos.cms.futurecdn.net/LkKaz9NM264ZAiU6CCxKWg-1920-80.jpg): HTTPSConnectionPool(host='cdn.mos.cms.futurecdn.net', port=443): Read timed out. (read timeout=5)
[00:08:54] Image_Downloader: Download failed (https://cdn.decrypt.co/resize/1024/height/512/wp-content/uploads/2025/06/xrp-decrypt-style-02-gID_7.jpg): HTTPSConnectionPool(host='cdn.decrypt.co', port=443): Read timed out. (read timeout=5)
[00:08:57] Summarizer: [Batch] No response from API (attempt 1/3)
[00:09:09] Image_Downloader: Download failed (https://cdn.decrypt.co/resize/1024/height/512/wp-content/uploads/2025/11/China-USA-gID_7.jpg): HTTPSConnectionPool(host='cdn.decrypt.co', port=443): Read timed out. (read timeout=5)
[00:09:10] Summarizer: [Batch] No response from API (attempt 1/3)
[00:09:14] Image_Downloader: Download failed (https://img.index.hu/imgfrm/0/0/0/0.jpg): 404 Client Error: Not Found for url: https://img.index.hu/imgfrm/0/0/0/0.jpg
[00:09:22] Image_Downloader: Download failed (https://kep.cdn.index.hu/1/0/7024/70245/702451/70245141_5182517_cf7fd441baf64a63840c402819d047a9_wm.jpg): HTTPSConnectionPool(host='kep.cdn.index.hu', port=443): Read timed out. (read timeout=5)
[00:09:34] Image_Downloader: Download failed (https://cdn.decrypt.co/resize/1024/height/512/wp-content/uploads/2025/09/gavin-newsom-decrypt-style-01-gID_7.jpg): HTTPSConnectionPool(host='cdn.decrypt.co', port=443): Read timed out. (read timeout=5)
[00:09:37] Summarizer: [Batch] 1 item(s) missing from response → marked for reprocessing
[00:09:44] Summarizer: [Batch] 2 item(s) missing from response → marked for reprocessing
[00:09:44] Summarizer: [DownloadWorker-3] SKIP (duplicate title): The 10 Most Anticipated TV Shows to Stre...
[00:09:46] Summarizer: [DownloadWorker-2] SKIP (duplicate title): The 10 Most Anticipated TV Shows to Stre...
[00:09:47] Summarizer: [Batch] No response from API (attempt 2/3)
[00:09:48] Summarizer: [MissingDetector] ⚠️ PAIRING FAIL: 'http://index.hu/belfold/20260629/peto-attila-gyermekvedelem-aktivista-bantalmazott-11-eves-kisfiu/' not found. KEEPING ITEM (Fallback).
[00:09:48] Summarizer: [Batch] 1 item(s) missing from response → marked for reprocessing
[00:09:48] Summarizer: [FreeGeminiAPI_2] ⚠️ PAIRING FAIL: 'http://index.hu/belfold/20260629/peto-attila-gyermekvedelem-aktivista-bantalmazott-11-eves-kisfiu/' not found. KEEPING ITEM (Fallback).
[00:09:53] Summarizer: [MissingDetector] ⚠️ PAIRING FAIL: 'https://www.penzcentrum.hu/egeszseg/20260629/sotet-titok-derult-ki-a-magyarok-kedvenc-ragogumijairól-pillanatok-alatt-bejut-a-szervezetbe-a-veszelyes-anyag-1201267' not found. KEEPING ITEM (Fallback).
[00:09:53] Summarizer: [Batch] 1 item(s) missing from response → marked for reprocessing
[00:09:53] Summarizer: [FreeGeminiAPI_3] ⚠️ PAIRING FAIL: 'https://www.penzcentrum.hu/egeszseg/20260629/sotet-titok-derult-ki-a-magyarok-kedvenc-ragogumijairól-pillanatok-alatt-bejut-a-szervezetbe-a-veszelyes-anyag-1201267' not found. KEEPING ITEM (Fallback).
[00:10:03] Image_Downloader: Download failed (https://cdn.mos.cms.futurecdn.net/q5J5ZvsuPQrgbpVb3SeMxe-1920-80.jpg): HTTPSConnectionPool(host='cdn.mos.cms.futurecdn.net', port=443): Read timed out. (read timeout=5)
[00:10:14] Image_Downloader: Download failed (https://techcrunch.com/wp-content/uploads/2026/06/tidal-brand.jpg?w=720): HTTPSConnectionPool(host='techcrunch.com', port=443): Read timed out. (read timeout=5)
[00:10:20] Image_Downloader: Download failed (https://cdn.mos.cms.futurecdn.net/FShtLk5FyuFYxeXx77cEin-1714-80.jpg): HTTPSConnectionPool(host='cdn.mos.cms.futurecdn.net', port=443): Read timed out. (read timeout=5)
[00:10:21] Image_Downloader: Download failed (https://kep.cdn.index.hu/1/0/6951/69511/695116/69511635_5129579_9e4dd355f3ec088dea9c3513a61ad9bd_wm.jpg): HTTPSConnectionPool(host='kep.cdn.index.hu', port=443): Read timed out. (read timeout=5)
[00:10:34] Image_Downloader: Download failed (https://kep.cdn.index.hu/1/0/7025/70250/702502/70250285_5182891_79f9b508f6e9d987207bd88b5f14d5ac_wm.jpg): HTTPSConnectionPool(host='kep.cdn.index.hu', port=443): Read timed out. (read timeout=5)
[00:10:34] Image_Downloader: Download failed (https://pcdn.hu/articles/images-xl/g/e/t/gettyimages-2283212853-839004.jpg): HTTPSConnectionPool(host='pcdn.hu', port=443): Read timed out. (read timeout=5)
[00:10:48] Summarizer: Reprocessing 1 pairing failures from data.json
[00:10:48] Summarizer: Reprocessing 2 pairing failures from data.json
