[00:09:33] Summarizer: [Batch] 1 item(s) missing from response → marked for reprocessing
[00:09:56] Summarizer: [Batch] 2 item(s) missing from response → marked for reprocessing
[00:11:05] Summarizer: [Batch] 2 item(s) missing from response → marked for reprocessing
[00:11:24] Summarizer: [DownloadWorker-8] SKIP (duplicate title): Délelőtti videó 5.: Crooks...
[00:11:29] Summarizer: [DownloadWorker-1] SKIP (duplicate title): Nőtt a béke esélye, emelkedtek a tőzsdék...
[00:11:30] Summarizer: [DownloadWorker-3] SKIP (duplicate title): Milk Road...
[00:11:34] Summarizer: [DownloadWorker-6] SKIP (duplicate title): TRADING ECONOMICS...
[00:11:55] Summarizer: [DownloadWorker-1] SKIP (duplicate title): April 2026 Satellite Puzzler...
[00:11:58] Summarizer: [DownloadWorker-9] SKIP (duplicate title): Milk Road...
[00:12:00] Summarizer: [DownloadWorker-6] SKIP (duplicate title): Napi üzenet kedd – 2026. 04. 14. | Marie...
[00:12:01] Summarizer: [DownloadWorker-4] SKIP (duplicate title): TRADING ECONOMICS...
[00:12:02] Summarizer: [DownloadWorker-1] SKIP (duplicate title): Mouse: P.I. for Hire Review...
[00:12:19] Summarizer: [DownloadWorker-2] SKIP (duplicate title): TRADING ECONOMICS...
[00:12:31] Summarizer: [DownloadWorker-8] SKIP (duplicate title): Délelőtti videó 4.: The Madison 1. évad...
[00:12:34] Summarizer: TIMEOUT (180s) - backend call took too long
[00:12:34] Summarizer: [Batch] No response from API (attempt 1/3)
[00:12:40] Summarizer: [DownloadWorker-4] SKIP (duplicate title): TRADING ECONOMICS...
[00:13:10] Summarizer: [Batch] 1 item(s) missing from response → marked for reprocessing
[00:13:11] Summarizer: TIMEOUT (180s) - backend call took too long
[00:13:11] Summarizer: [Batch] No response from API (attempt 1/3)
[00:13:17] Summarizer: [DownloadWorker-6] SKIP (duplicate title): Elhunyt a Winnetou és a Bádogdob színész...
[00:13:24] Summarizer: [MissingDetector] ⚠️ PAIRING FAIL: 'https://telex.hu/techtud/20260414/orias-hangyaszsun-ausztralia-kovulet' not found. KEEPING ITEM (Fallback).
[00:13:24] Summarizer: [Batch] 1 item(s) missing from response → marked for reprocessing
[00:13:24] Summarizer: [FreeGeminiAPI_3] ⚠️ PAIRING FAIL: 'https://telex.hu/techtud/20260414/orias-hangyaszsun-ausztralia-kovulet' not found. KEEPING ITEM (Fallback).
[00:13:53] Summarizer: [Batch] 2 item(s) missing from response → marked for reprocessing
[00:13:58] Summarizer: [Batch] 1 item(s) missing from response → marked for reprocessing
[00:13:59] Summarizer: [Batch] 4 item(s) missing from response → marked for reprocessing
[00:14:19] Summarizer: [MissingDetector] ⚠️ PAIRING FAIL: 'https://www.mafab.hu/hu/article/uj-elozetest-kapott-az-ehezok-viadala-az-aratas-hajnala-meg-iden-a-mozikban-49' not found. KEEPING ITEM (Fallback).
[00:14:19] Summarizer: [Batch] 3 item(s) missing from response → marked for reprocessing
[00:14:19] Summarizer: [FreeGeminiAPI_3] ⚠️ PAIRING FAIL: 'https://www.mafab.hu/hu/article/uj-elozetest-kapott-az-ehezok-viadala-az-aratas-hajnala-meg-iden-a-mozikban-49' not found. KEEPING ITEM (Fallback).
[00:14:22] Summarizer: [Batch] 3 item(s) missing from response → marked for reprocessing
[00:14:23] Summarizer: [Batch] 1 item(s) missing from response → marked for reprocessing
[00:14:33] Summarizer: [Batch] 1 item(s) missing from response → marked for reprocessing
[00:14:44] Summarizer: [Batch] 3 item(s) missing from response → marked for reprocessing
[00:14:46] Summarizer: [Batch] 1 item(s) missing from response → marked for reprocessing
[00:14:56] Summarizer: [Batch] 2 item(s) missing from response → marked for reprocessing
[00:15:03] Summarizer: [Batch] 1 item(s) missing from response → marked for reprocessing
[00:16:18] Summarizer: [Batch] 1 item(s) missing from response → marked for reprocessing
[00:16:23] Summarizer: [Batch] 2 item(s) missing from response → marked for reprocessing
[00:16:34] Summarizer: [Batch] 2 item(s) missing from response → marked for reprocessing
[00:17:10] Summarizer: [Batch] 1 item(s) missing from response → marked for reprocessing
[00:17:22] Summarizer: [Batch] 3 item(s) missing from response → marked for reprocessing
[00:17:36] Summarizer: [Batch] 1 item(s) missing from response → marked for reprocessing
[00:17:53] Summarizer: [Batch] 1 item(s) missing from response → marked for reprocessing
[00:17:58] Summarizer: TIMEOUT (180s) - backend call took too long
[00:17:58] Summarizer: [Batch] No response from API (attempt 1/3)
[00:18:04] Summarizer: [MissingDetector] ⚠️ PAIRING FAIL: 'http://starity.hu/magazin/103489-megerkezett-az-aratas-hajnala-eloztezese/?utm_source=starity.hu&utm_medium=rss&utm_campaign=starityrss' not found. KEEPING ITEM (Fallback).
[00:18:04] Summarizer: [Batch] 1 item(s) missing from response → marked for reprocessing
[00:18:04] Summarizer: [FreeGeminiAPI_3] ⚠️ PAIRING FAIL: 'http://starity.hu/magazin/103489-megerkezett-az-aratas-hajnala-eloztezese/?utm_source=starity.hu&utm_medium=rss&utm_campaign=starityrss' not found. KEEPING ITEM (Fallback).
[00:18:08] Summarizer: [Batch] 1 item(s) missing from response → marked for reprocessing
[00:19:10] Summarizer: [MissingDetector] ⚠️ PAIRING FAIL: 'https://nlc.hu/sztarok/2026/04/14/geszti-peter-tisza-gyozelem-velemeny/' not found. KEEPING ITEM (Fallback).
[00:19:10] Summarizer: [Batch] 1 item(s) missing from response → marked for reprocessing
[00:19:10] Summarizer: [FreeGeminiAPI_1] ⚠️ PAIRING FAIL: 'https://nlc.hu/sztarok/2026/04/14/geszti-peter-tisza-gyozelem-velemeny/' not found. KEEPING ITEM (Fallback).
[00:19:14] Summarizer: [Batch] 1 item(s) missing from response → marked for reprocessing
[00:19:21] Summarizer: [MissingDetector] ⚠️ PAIRING FAIL: 'https://faroutmagazine.co.uk/how-a-british-electrician-ended-up-as-jack-nicholson-body-double/' not found. KEEPING ITEM (Fallback).
[00:19:21] Summarizer: [MissingDetector] ⚠️ PAIRING FAIL: 'https://port.hu/cikk/tv/a-dallas-egyik-legnagyobb-sztarjat-eloszor-kirugtak-majd-megis-visszavették-a-sorozatba/article-125256' not found. KEEPING ITEM (Fallback).
[00:19:21] Summarizer: [Batch] 4 item(s) missing from response → marked for reprocessing
[00:19:21] Summarizer: [FreeGeminiAPI_1] ⚠️ PAIRING FAIL: 'https://faroutmagazine.co.uk/how-a-british-electrician-ended-up-as-jack-nicholson-body-double/' not found. KEEPING ITEM (Fallback).
[00:19:21] Summarizer: [FreeGeminiAPI_1] ⚠️ PAIRING FAIL: 'https://port.hu/cikk/tv/a-dallas-egyik-legnagyobb-sztarjat-eloszor-kirugtak-majd-megis-visszavették-a-sorozatba/article-125256' not found. KEEPING ITEM (Fallback).
[00:19:33] Summarizer: [Batch] 3 item(s) missing from response → marked for reprocessing
[00:21:05] Summarizer: TIMEOUT (180s) - backend call took too long
[00:21:05] Summarizer: [Batch] No response from API (attempt 1/3)
[00:21:16] Summarizer: [Batch] 2 item(s) missing from response → marked for reprocessing
[00:21:31] Summarizer: [Batch] 1 item(s) missing from response → marked for reprocessing
[00:21:38] Summarizer: [Batch] 3 item(s) missing from response → marked for reprocessing
[00:22:34] Summarizer: TIMEOUT (180s) - backend call took too long
[00:22:34] Summarizer: [Batch] No response from API (attempt 1/3)
[00:22:58] Summarizer: [Batch] 2 item(s) missing from response → marked for reprocessing
[00:23:01] Summarizer: Reprocessing 6 pairing failures from data.json

--- RSS Fetch Errors at 2026-04-15 06:02:44 ---
Error fetching https://prog.hu/site/backend/proghu-rss.xml: Failed to perform, curl: (28) Connection timed out after 15003 milliseconds. See https://curl.se/libcurl/c/libcurl-errors.html first for more details.
[06:03:34] Summarizer: [Batch] 4 item(s) missing from response → marked for reprocessing
[06:03:41] Summarizer: [DownloadWorker-4] SKIP (duplicate title): Még jobb lett a tökéletes Porsche...
[06:03:48] Summarizer: [DownloadWorker-6] SKIP (duplicate title): &#8220;Those are my legs&#8221;: how a B...
[06:03:49] Summarizer: [DownloadWorker-4] SKIP (duplicate title): Megérkezett Az aratás hajnala előzetese!...
[06:04:05] Summarizer: [DownloadWorker-8] SKIP (duplicate title): Madarak a kertben: melyik hoz szerencsét...
[06:04:08] Summarizer: [DownloadWorker-8] SKIP (duplicate title): BYD Shark 6 cab-chassis has Australia to...
[06:04:09] Summarizer: [DownloadWorker-8] SKIP (duplicate title): Meglepő vallomás: Vanessa Hudgens ezért ...
[06:04:09] Summarizer: [DownloadWorker-6] SKIP (duplicate title): Délelőtti videó 1.: Star Wars: Maul – Sh...
[06:04:09] Summarizer: [Batch] 2 item(s) missing from response → marked for reprocessing
[06:04:10] Image_Downloader: Download failed (https://media.gettyimages.com): 400 Client Error: Bad Request for url: https://media.gettyimages.com/
[06:04:10] Summarizer: [DownloadWorker-5] SKIP (duplicate title): Hajdú Péter legkisebb gyereke is már ekk...
[06:04:20] Summarizer: [DownloadWorker-2] SKIP (duplicate title): 10 classic rock albums artists refuse to...
[06:04:21] Summarizer: [DownloadWorker-6] SKIP (duplicate title): Robert Pattinson az Alkonyatról: "Nagyon...
[06:04:23] Summarizer: [Batch] 2 item(s) missing from response → marked for reprocessing
[06:04:25] Summarizer: [DownloadWorker-6] SKIP (duplicate title): Szoboszlai Dominik kislánya: új mérföldk...
[06:04:26] Summarizer: [DownloadWorker-2] SKIP (duplicate title): Így ért véget a Gotham...
[06:04:30] Summarizer: [DownloadWorker-2] SKIP (duplicate title): Hulu: 24 of the Absolute Best Shows You ...
[06:04:31] Summarizer: [DownloadWorker-6] SKIP (duplicate title): 10 directors who hate the best movie of ...
[06:04:31] Summarizer: [DownloadWorker-2] SKIP (duplicate title): Ezt a 10 rövid lánynevet szinte senki se...
[06:04:32] Summarizer: [DownloadWorker-6] SKIP (duplicate title): Horoszkóp: a 12 csillagjegy titkos gyeng...
[06:04:36] Summarizer: [Batch] 2 item(s) missing from response → marked for reprocessing
[06:04:38] Summarizer: [DownloadWorker-9] SKIP (duplicate title): Geszti Péter: „Magyarország lerázta magá...
[06:04:45] Summarizer: [DownloadWorker-9] SKIP (duplicate title): The five worst moments of animal cruelty...
[06:04:47] Summarizer: [DownloadWorker-6] SKIP (duplicate title): Pomponok...
[06:04:49] Summarizer: [Batch] 2 item(s) missing from response → marked for reprocessing
[06:04:49] Summarizer: [Batch] 2 item(s) missing from response → marked for reprocessing
[06:04:49] Image_Downloader: Download failed (https://forbes.hu/wp-content/uploads/2026/04/credo_ventures.jpg): 530 Server Error: <none> for url: https://hu.forbesmedia.cz/uploads/2026/04/credo_ventures.jpg
[06:04:54] Summarizer: [Batch] 5 item(s) missing from response → marked for reprocessing
[06:04:56] Summarizer: [DownloadWorker-7] SKIP (duplicate title): Daredevil: Born Again Season 2, Episode ...
[06:05:01] Summarizer: [Batch] 1 item(s) missing from response → marked for reprocessing
[06:05:07] Summarizer: [Batch] 1 item(s) missing from response → marked for reprocessing
[06:05:10] Summarizer: [DownloadWorker-6] SKIP (duplicate title): 2026 Audi Q5 TFSI 150kW Sportback review...
[06:05:12] Summarizer: [DownloadWorker-6] SKIP (duplicate title): Etna túra - Travel Magazin...
[06:05:14] Summarizer: [Batch] 1 item(s) missing from response → marked for reprocessing
[06:05:14] Summarizer: [Batch] 5 item(s) missing from response → marked for reprocessing
[06:05:16] Summarizer: [DownloadWorker-5] SKIP (duplicate title): The Popular Bluetti AC70 768Wh LiFePO4 P...
[06:08:31] Summarizer: Reprocessing 3 pairing failures from data.json
[12:04:57] Summarizer: [DownloadWorker-5] SKIP (duplicate title): 2026 Toyota bZ4X Touring price and specs...
[12:05:00] Summarizer: [DownloadWorker-3] SKIP (duplicate title): Új és régi kedvencekkel ünnepel a Duna v...
[12:05:09] Summarizer: [DownloadWorker-8] SKIP (duplicate title): SOLARAMA – big proof from Aptera and big...
[12:05:20] Summarizer: [DownloadWorker-1] SKIP (duplicate title): 2026 MG S6 EV: Model Y, Sealion 7 rival ...
[12:05:41] Summarizer: [DownloadWorker-6] SKIP (duplicate title): Kvíz: 10 nyelvújítás előtti magyar szó –...
[12:05:42] Summarizer: [DownloadWorker-7] SKIP (duplicate title): 2027 Porsche 911 GT3 S/C revealed as ope...
[12:06:06] Summarizer: [DownloadWorker-0] SKIP (duplicate title): The End of a Beautiful Friendship...
[12:06:07] Summarizer: [DownloadWorker-9] SKIP (duplicate title): Leet...
[12:06:08] Summarizer: [DownloadWorker-8] SKIP (duplicate title): Freelander joins Jaecoo, Omoda, and Lepa...
[12:06:26] Summarizer: [DownloadWorker-8] SKIP (duplicate title): Leet...
[12:06:43] Summarizer: [DownloadWorker-6] SKIP (duplicate title): Leet...
[12:06:57] Summarizer: [DownloadWorker-1] SKIP (duplicate title): Leet...
[12:07:01] Summarizer: [DownloadWorker-7] SKIP (duplicate title): Leet...
[12:07:09] Summarizer: [DownloadWorker-4] SKIP (duplicate title): Leet...
[12:07:11] Summarizer: TIMEOUT (180s) - backend call took too long
[12:07:11] Summarizer: [Batch] No response from API (attempt 1/3)
[12:07:41] Summarizer: TIMEOUT (180s) - backend call took too long
[12:07:41] Summarizer: [Batch] No response from API (attempt 1/3)
[12:08:06] Summarizer: TIMEOUT (180s) - backend call took too long
[12:08:06] Summarizer: [Batch] No response from API (attempt 1/3)
[12:09:30] Summarizer: [Batch] 3 item(s) missing from response → marked for reprocessing
[12:10:52] Summarizer: TIMEOUT (180s) - backend call took too long
[12:10:52] Summarizer: [Batch] No response from API (attempt 2/3)
[12:11:54] Summarizer: [Batch] 2 item(s) missing from response → marked for reprocessing
[12:12:31] Summarizer: TIMEOUT (180s) - backend call took too long
[12:12:31] Summarizer: [Batch] No response from API (attempt 1/3)
[12:15:41] Summarizer: TIMEOUT (180s) - backend call took too long
[12:15:41] Summarizer: [Batch] No response from API (attempt 1/3)
[12:15:42] Summarizer: TIMEOUT (180s) - backend call took too long
[12:15:42] Summarizer: [Batch] No response from API (attempt 2/3)
[12:16:04] Summarizer: [Batch] 1 item(s) missing from response → marked for reprocessing
[12:17:02] Summarizer: TIMEOUT (180s) - backend call took too long
[12:17:02] Summarizer: [Batch] No response from API (attempt 1/3)
[12:18:52] Summarizer: TIMEOUT (180s) - backend call took too long
[12:18:52] Summarizer: [Batch] No response from API (attempt 2/3)
[12:19:06] Summarizer: TIMEOUT (180s) - backend call took too long
[12:19:06] Summarizer: [Batch] No response from API (attempt 1/3)
[12:19:53] Summarizer: [Batch] 1 item(s) missing from response → marked for reprocessing
[12:21:24] Summarizer: [Batch] Minor issues fixed: 1
[12:23:06] Summarizer: [Batch] 1 item(s) missing from response → marked for reprocessing
[12:24:26] Summarizer: TIMEOUT (180s) - backend call took too long
[12:24:26] Summarizer: [Batch] No response from API (attempt 1/3)
[12:25:06] Summarizer: [Batch] 1 item(s) missing from response → marked for reprocessing
[12:25:10] Summarizer: [MissingDetector] ⚠️ PAIRING FAIL: 'https://cointelegraph.com/news/kraken-boss-hints-ipo-plan-still-on?utm_source=rss_feed&utm_medium=rss_campaign=rss_partner_inbound' not found. KEEPING ITEM (Fallback).
[12:25:10] Summarizer: [Batch] 2 item(s) missing from response → marked for reprocessing
[12:25:10] Summarizer: [FreeGeminiAPI_2] ⚠️ PAIRING FAIL: 'https://cointelegraph.com/news/kraken-boss-hints-ipo-plan-still-on?utm_source=rss_feed&utm_medium=rss_campaign=rss_partner_inbound' not found. KEEPING ITEM (Fallback).
[12:26:23] Summarizer: Reprocessing 1 pairing failures from data.json
