[01:40:25] Summarizer: [DownloadWorker-3] SKIP (duplicate title): Legjobb filmek...
[01:46:14] Summarizer: [Batch] No response from API (attempt 1/3)
[01:46:25] Summarizer: [Batch] Invalid JSON (attempt 1/3)
[01:46:25] Summarizer: [Batch] Invalid JSON error: No JSON payload found in response.
[01:46:25] Summarizer: [Batch] Skipping repair: No JSON payload found (response too short).
[01:58:31] Summarizer: [Batch] 🔧 No balanced array found, but recovered 3 individual object(s)
[01:58:31] Summarizer: [Batch] 4 item(s) missing from response → marked for reprocessing
[01:58:51] Summarizer: [Batch] No response from API (attempt 2/3)
[01:58:51] Summarizer: [Batch] No response from API (attempt 1/3)
[01:59:02] Summarizer: [Batch] No response from API (attempt 2/3)
[01:59:11] Summarizer: [Batch] 3 item(s) missing from response → marked for reprocessing
[01:59:12] Summarizer: [Batch] No response from API (attempt 3/3)
[01:59:12] Summarizer: [Batch] No response from API (attempt 1/3)
[01:59:23] Summarizer: [Batch] No response from API (attempt 2/3)
[02:16:01] Summarizer: [Batch] 🔧 No balanced array found, but recovered 3 individual object(s)
[02:16:01] Summarizer: [Batch] 5 item(s) missing from response → marked for reprocessing
[02:16:01] Summarizer: [GeminiSelenium] ⚠️ PAIRING FAIL: 'https://www.vezess.hu/vezetunk/2026/02/24/hihetetlen-but-a-vilag-legkisebb-dizelmotorja-elfer-a-tenyerunkben' not found. KEEPING ITEM (Fallback).
[02:16:02] Summarizer: [Batch] No response from API (attempt 3/3)
[02:16:04] Summarizer: [Batch] No response from API (attempt 1/3)
[02:16:14] Summarizer: [Batch] No response from API (attempt 2/3)
[02:16:24] Summarizer: [Batch] No response from API (attempt 3/3)
[02:16:25] Summarizer: [Batch] No response from API (attempt 1/3)
[02:16:35] Summarizer: [Batch] No response from API (attempt 2/3)
[02:16:44] Summarizer: [Batch] 1 item(s) missing from response → marked for reprocessing
[02:16:45] Summarizer: [Batch] No response from API (attempt 3/3)
[02:31:50] Image_Downloader: ❌ Failed to upload: ('Connection aborted.', ConnectionResetError(54, 'Connection reset by peer'))
[02:31:51] Summarizer: [Batch] No response from API (attempt 1/3)
[02:32:01] Summarizer: [Batch] No response from API (attempt 2/3)
[02:32:12] Summarizer: [Batch] No response from API (attempt 3/3)
[02:32:12] Summarizer: [Batch] No response from API (attempt 1/3)
[02:32:22] Summarizer: [Batch] No response from API (attempt 2/3)
[02:32:29] Summarizer: [Batch] 1 item(s) missing from response → marked for reprocessing
[02:32:33] Summarizer: [Batch] No response from API (attempt 3/3)
[02:32:33] Summarizer: [Batch] No response from API (attempt 1/3)
[02:47:13] Image_Downloader: ❌ Failed to upload: ('Connection aborted.', ConnectionResetError(54, 'Connection reset by peer'))
[02:47:13] Summarizer: [Batch] No response from API (attempt 1/3)
[02:47:26] Image_Downloader: ❌ Failed to upload: HTTPSConnectionPool(host='api.imgbb.com', port=443): Read timed out. (read timeout=60)
[02:47:51] Summarizer: [Batch] 3 item(s) missing from response → marked for reprocessing
[02:47:51] Summarizer: [GeminiSelenium] ⚠️ PAIRING FAIL: 'https://www.gsplus.hu/masvilag/daniel-radcliffe-meg-nem-arulja-el-a-fianak-o-volt-harry-potter-378717.html' not found. KEEPING ITEM (Fallback).
[02:48:03] Summarizer: [Batch] 🔧 No balanced array found, but recovered 6 individual object(s)
[02:48:03] Summarizer: [Batch] 1 item(s) missing from response → marked for reprocessing
[02:48:29] Summarizer: [Batch] 1 item(s) missing from response → marked for reprocessing
[02:48:34] Summarizer: [Batch] 2 item(s) missing from response → marked for reprocessing
[02:48:34] Summarizer: [Batch] No response from API (attempt 1/3)
[02:48:44] Summarizer: [Batch] No response from API (attempt 2/3)
[02:48:55] Summarizer: [Batch] No response from API (attempt 3/3)
[02:48:55] Summarizer: [Batch] 🔧 No balanced array found, but recovered 3 individual object(s)
[02:48:55] Summarizer: [Batch] 5 item(s) missing from response → marked for reprocessing
[02:48:55] Summarizer: [GeminiSelenium] ⚠️ PAIRING FAIL: 'https://hvg.hu/vilag/20260224-bulgaria-valasztas-beavatkozas-orosz-dezinformacio' not found. KEEPING ITEM (Fallback).
[02:48:55] Summarizer: [Batch] No response from API (attempt 1/3)
[02:49:05] Summarizer: [Batch] No response from API (attempt 2/3)
[02:49:16] Summarizer: [Batch] No response from API (attempt 3/3)
[02:49:16] Summarizer: [Batch] No response from API (attempt 1/3)
[02:49:21] Summarizer: [Batch] 1 item(s) missing from response → marked for reprocessing
[02:49:26] Summarizer: [Batch] No response from API (attempt 2/3)
[02:49:27] Summarizer: [Batch] 4 item(s) missing from response → marked for reprocessing
[02:49:37] Summarizer: [Batch] No response from API (attempt 3/3)
[02:49:37] Summarizer: [Batch] No response from API (attempt 1/3)
[02:49:48] Summarizer: [Batch] No response from API (attempt 2/3)
[02:49:58] Summarizer: [Batch] No response from API (attempt 3/3)
[02:49:58] Summarizer: [Batch] No response from API (attempt 1/3)
[02:50:04] Summarizer: [Batch] 2 item(s) missing from response → marked for reprocessing
[02:50:09] Summarizer: [Batch] No response from API (attempt 2/3)
[02:50:13] Summarizer: [Batch] 2 item(s) missing from response → marked for reprocessing
[02:50:13] Summarizer: [GeminiSelenium] ⚠️ PAIRING FAIL: 'https://444.hu/2026/02/24/honapokkal-a-nagy-ekszerrablás-után-lemondott-a-louvre-igazgatoja' not found. KEEPING ITEM (Fallback).
[03:06:24] Summarizer: [Batch] No response from API (attempt 3/3)
[03:06:25] Summarizer: [Batch] No response from API (attempt 1/3)
[03:06:35] Summarizer: [Batch] No response from API (attempt 2/3)
[03:06:46] Summarizer: [Batch] No response from API (attempt 3/3)
[03:06:59] Summarizer: [DownloadWorker-9] SKIP (duplicate title): Filmek, képek, díjak...
[03:07:13] Summarizer: [Batch] No response from API (attempt 3/3)
[03:07:14] Summarizer: [Batch] No response from API (attempt 1/3)
[03:24:24] Summarizer: [Batch] 4 item(s) missing from response → marked for reprocessing
[03:24:54] Summarizer: [Batch] 1 item(s) missing from response → marked for reprocessing
[03:25:02] Summarizer: [Batch] No response from API (attempt 1/3)
[03:25:03] Summarizer: [Batch] 3 item(s) missing from response → marked for reprocessing
[03:25:03] Summarizer: [FreeGeminiAPI] ⚠️ PAIRING FAIL: 'https://www.gsplus.hu/uzlet/a-sarah-bond-tavozasa-utan-az-xboxon-belul-now-a-belso-feszultsegek-is-felszinre-kerultek-378722.html' not found. KEEPING ITEM (Fallback).
[03:41:04] Summarizer: [Batch] 🔧 No balanced array found, but recovered 3 individual object(s)
[03:41:04] Summarizer: [Batch] 4 item(s) missing from response → marked for reprocessing
[03:41:09] Summarizer: [Batch] No response from API (attempt 2/3)
[03:41:40] Summarizer: [Batch] 1 item(s) missing from response → marked for reprocessing
[03:48:25] Summarizer: [Batch] 🔧 No balanced array found, but recovered 1 individual object(s)
[03:48:25] Summarizer: [Batch] 2 item(s) missing from response → marked for reprocessing
[03:49:02] Summarizer: [Batch] 🔧 No balanced array found, but recovered 6 individual object(s)
[03:49:02] Summarizer: [Batch] 1 item(s) missing from response → marked for reprocessing
[04:05:37] Summarizer: [Batch] No response from API (attempt 3/3)
[04:05:37] Summarizer: [Batch] No response from API (attempt 1/3)
