[00:06:29] Summarizer: [Batch] No response from API (attempt 1/3)
[00:08:09] Image_Downloader: Download failed (https://cdn.mos.cms.futurecdn.net/4VxxvRNuynJQZRe53d6ncc-720-80.jpg): HTTPSConnectionPool(host='cdn.mos.cms.futurecdn.net', port=443): Read timed out. (read timeout=20)
[00:08:14] Summarizer: [Batch] 1 item(s) missing from response → marked for reprocessing
[00:08:29] Summarizer: [Batch] No response from API (attempt 1/3)
[00:09:03] Summarizer: [Batch] 2 item(s) missing from response → marked for reprocessing
[00:09:17] Summarizer: [Batch] 1 item(s) missing from response → marked for reprocessing
[00:10:11] Summarizer: [DownloadWorker-9] SKIP (duplicate title): Őrületesen nagy főnyeremény vár a mai sz...
[00:10:12] Summarizer: [Batch] 3 item(s) missing from response → marked for reprocessing
[00:10:56] Summarizer: [Batch] 1 item(s) missing from response → marked for reprocessing
[00:11:14] Summarizer: [Batch] 3 item(s) missing from response → marked for reprocessing
[00:11:40] Summarizer: [Batch] 1 item(s) missing from response → marked for reprocessing
[00:12:08] Summarizer: [Batch] 3 item(s) missing from response → marked for reprocessing
[00:12:09] Summarizer: TIMEOUT (180s) - backend call took too long
[00:12:09] Summarizer: [Batch] No response from API (attempt 1/3)
[00:12:22] Summarizer: [Batch] 🔧 No balanced array found, but recovered 5 individual object(s)
[00:12:22] Summarizer: [Batch] 2 item(s) missing from response → marked for reprocessing
[00:12:27] Summarizer: [DownloadWorker-3] SKIP (duplicate title): Kritikák, videók, szereplők...
[00:12:30] Summarizer: [Batch] 2 item(s) missing from response → marked for reprocessing
[00:12:46] Summarizer: [Batch] 1 item(s) missing from response → marked for reprocessing
[00:13:05] Summarizer: [Batch] No response from API (attempt 1/3)
[00:13:05] Summarizer: [DownloadWorker-9] SKIP (duplicate title): Visszatérhet Ezio az új Assassin’s Creed...
[00:13:51] Summarizer: [Batch] 1 item(s) missing from response → marked for reprocessing
[00:14:04] Summarizer: [Batch] 🔧 No balanced array found, but recovered 3 individual object(s)
[00:14:04] Summarizer: [Batch] 7 item(s) missing from response → marked for reprocessing
[00:14:16] Summarizer: [Batch] Invalid JSON (attempt 1/3)
[00:14:16] Summarizer: [Batch] Invalid JSON error: No JSON payload found in response.
[00:14:16] Summarizer: [Batch] No JSON payload, but response is 1051 chars - attempting repair...
[00:14:27] Summarizer: [DownloadWorker-8] SKIP (duplicate title): Filmek, képek, díjak...
[00:14:36] Summarizer: [Batch] 2 item(s) missing from response → marked for reprocessing
[00:15:00] Summarizer: [Batch] 3 item(s) missing from response → marked for reprocessing
[00:15:05] Summarizer: [Batch] 1 item(s) missing from response → marked for reprocessing
[00:15:07] Summarizer: [Batch] 1 item(s) missing from response → marked for reprocessing
[00:15:15] Summarizer: [DownloadWorker-1] SKIP (duplicate title): Frankenstein – A modern Prométheusz...
[00:15:19] Summarizer: TIMEOUT (180s) - backend call took too long
[00:15:19] Summarizer: [Batch] No response from API (attempt 2/3)
[00:15:29] Summarizer: [Batch] No response from API (attempt 1/3)
[00:15:41] Summarizer: [Batch] 2 item(s) missing from response → marked for reprocessing
[00:16:00] Summarizer: [Batch] 🔧 No balanced array found, but recovered 6 individual object(s)
[00:16:00] Summarizer: [Batch] 1 item(s) missing from response → marked for reprocessing
[00:16:11] Summarizer: [Batch] 4 item(s) missing from response → marked for reprocessing
[00:16:22] Summarizer: [Batch] 🔧 No balanced array found, but recovered 4 individual object(s)
[00:16:22] Summarizer: [Batch] 2 item(s) missing from response → marked for reprocessing
[00:18:29] Summarizer: TIMEOUT (180s) - backend call took too long
[00:18:29] Summarizer: [Batch] No response from API (attempt 3/3)
[00:21:34] Summarizer: TIMEOUT (180s) - backend call took too long
[00:21:34] Summarizer: [Batch] No response from API (attempt 1/3)
[00:24:45] Summarizer: TIMEOUT (180s) - backend call took too long
[00:24:45] Summarizer: [Batch] No response from API (attempt 2/3)
[00:27:55] Summarizer: TIMEOUT (180s) - backend call took too long
[00:27:55] Summarizer: [Batch] No response from API (attempt 3/3)
