
--- RSS Fetch Errors at 2026-07-12 00:34:20 ---
Error fetching https://techpowerup.com/rss/news: HTTP Error 403: 
Error fetching https://www.drive.com.au/feed/: HTTP Error 403: 
Error fetching https://leetgaming.com/feed/: Failed to perform, curl: (28) Connection timed out after 10003 milliseconds. See https://curl.se/libcurl/c/libcurl-errors.html first for more details.
Error fetching https://welovebudapest.com/feed/: Failed to perform, curl: (28) Connection timed out after 10003 milliseconds. See https://curl.se/libcurl/c/libcurl-errors.html first for more details.
Error fetching https://24.hu/feed/: Failed to perform, curl: (28) Connection timed out after 10002 milliseconds. See https://curl.se/libcurl/c/libcurl-errors.html first for more details.
Error fetching https://femina.hu/feed: HTTP Error 404: Not Found
Error fetching https://velvet.hu/feed: HTTP Error 404: Not Found
Error fetching https://hwsw.hu/hirek/rss: HTTP Error 404: 
Error fetching https://instylemen.hu/feed: HTTP Error 404: 
Error fetching https://cliffhanger.hu/feed: Failed to perform, curl: (28) Connection timed out after 10003 milliseconds. See https://curl.se/libcurl/c/libcurl-errors.html first for more details.
Error fetching https://mafab.hu/rss: Failed to perform, curl: (28) Operation timed out after 924166 milliseconds with 0 bytes received. See https://curl.se/libcurl/c/libcurl-errors.html first for more details.
[00:51:11] Summarizer: [DownloadWorker-7] SKIP (duplicate title): Milk Road...
[00:51:24] Summarizer: [Batch] 1 item(s) missing from response → marked for reprocessing
[00:51:24] Summarizer: [DownloadWorker-9] SKIP (duplicate title): Miért pont Adam Sandler adta össze Taylo...
[00:51:32] Summarizer: [DownloadWorker-2] SKIP (duplicate title): Milk Road...
[01:07:59] Summarizer: [Batch] 3 item(s) missing from response → marked for reprocessing
[01:08:10] Summarizer: [DownloadWorker-0] SKIP (duplicate title): Újdonságok a Netflixen: 6 premierfilm és...
[01:08:25] Summarizer: [DownloadWorker-7] SKIP (duplicate title): Eltávolították Balog Zoltán nevét a buda...
[01:08:30] Summarizer: [Batch] 2 item(s) missing from response → marked for reprocessing
[01:08:30] Summarizer: [DownloadWorker-9] SKIP (duplicate title): Ezeket a filmeket ajánljuk szombatra a t...
[01:08:37] Summarizer: [Batch] 1 item(s) missing from response → marked for reprocessing
[01:53:12] Summarizer: TIMEOUT (180s) - backend call took too long
[01:53:12] Summarizer: [Batch] No response from API (attempt 1/3)
[02:09:54] Summarizer: TIMEOUT (180s) - backend call took too long
[02:09:54] Summarizer: [Batch] No response from API (attempt 1/3)
[02:09:59] Summarizer: TIMEOUT (180s) - backend call took too long
[02:09:59] Summarizer: [Batch] No response from API (attempt 1/3)
[02:10:16] Summarizer: [Batch] 1 item(s) missing from response → marked for reprocessing
[02:10:17] Summarizer: [Batch] 3 item(s) missing from response → marked for reprocessing
[02:10:22] Summarizer: [Batch] 3 item(s) missing from response → marked for reprocessing
[02:10:24] Summarizer: [MissingDetector] ⚠️ PAIRING FAIL: 'https://www.portfolio.hu/gazdasag/20260711/a-heim-pal-ban-jart-hegedus-zsolt-es-egy-uj-csucstechnologias-keszulek-erkezeserol-beszelt-848980' not found. KEEPING ITEM (Fallback).
[02:10:24] Summarizer: [MissingDetector] ⚠️ PAIRING FAIL: 'https://telex.hu/belfold/20260711/nyerges-csenge-toroczkai-laszlo-fidelitas-megafon' not found. KEEPING ITEM (Fallback).
[02:10:24] Summarizer: [Batch] 2 item(s) missing from response → marked for reprocessing
[02:10:24] Summarizer: [FreeGeminiAPI_2] ⚠️ PAIRING FAIL: 'https://www.portfolio.hu/gazdasag/20260711/a-heim-pal-ban-jart-hegedus-zsolt-es-egy-uj-csucstechnologias-keszulek-erkezeserol-beszelt-848980' not found. KEEPING ITEM (Fallback).
[02:10:24] Summarizer: [FreeGeminiAPI_2] ⚠️ PAIRING FAIL: 'https://telex.hu/belfold/20260711/nyerges-csenge-toroczkai-laszlo-fidelitas-megafon' not found. KEEPING ITEM (Fallback).
[02:10:28] Summarizer: [Batch] 1 item(s) missing from response → marked for reprocessing
[02:12:30] Summarizer: TIMEOUT (180s) - backend call took too long
[02:12:30] Summarizer: [Batch] No response from API (attempt 1/3)
[02:28:24] Summarizer: [Batch] 2 item(s) missing from response → marked for reprocessing
[02:28:29] Summarizer: Reprocessing 2 pairing failures from data.json

--- RSS Fetch Errors at 2026-07-12 03:17:19 ---
Error fetching https://techpowerup.com/rss/news: HTTP Error 403: 
Error fetching https://www.drive.com.au/feed/: HTTP Error 403: 
Error fetching https://leetgaming.com/feed/: Failed to perform, curl: (28) Connection timed out after 10003 milliseconds. See https://curl.se/libcurl/c/libcurl-errors.html first for more details.
Error fetching https://github.blog/feed/: Failed to perform, curl: (56) Connection closed abruptly. See https://curl.se/libcurl/c/libcurl-errors.html first for more details.
Error fetching https://esport1.hu/rss: Failed to perform, curl: (28) Connection timed out after 10002 milliseconds. See https://curl.se/libcurl/c/libcurl-errors.html first for more details.
Error fetching https://velvet.hu/feed: HTTP Error 404: Not Found
Error fetching https://hwsw.hu/hirek/rss: HTTP Error 404: 
Error fetching https://femina.hu/feed: Failed to perform, curl: (28) Connection timed out after 10001 milliseconds. See https://curl.se/libcurl/c/libcurl-errors.html first for more details.
Error fetching https://cliffhanger.hu/feed: Failed to perform, curl: (28) Connection timed out after 10002 milliseconds. See https://curl.se/libcurl/c/libcurl-errors.html first for more details.
Error fetching https://roadster.hu/feed: Failed to perform, curl: (28) Connection timed out after 10002 milliseconds. See https://curl.se/libcurl/c/libcurl-errors.html first for more details.
Error fetching https://sorozatjunkie.hu/feed: Failed to perform, curl: (28) Operation timed out after 930965 milliseconds with 4098 out of 6269 bytes received. See https://curl.se/libcurl/c/libcurl-errors.html first for more details.
Error fetching https://instylemen.hu/feed: Failed to perform, curl: (28) Operation timed out after 930178 milliseconds with 0 bytes received. See https://curl.se/libcurl/c/libcurl-errors.html first for more details.
[03:17:28] Summarizer: [DownloadWorker-4] SKIP (duplicate title): Megmutatta átalakult testét Elliot Page...
[03:17:31] Summarizer: [DownloadWorker-1] SKIP (duplicate title): Veteránok, versenyautók és egy kör a Hun...
[03:17:34] Summarizer: [DownloadWorker-2] SKIP (duplicate title): Ezek voltak a nap legfontosabb hírei...
[03:17:35] Summarizer: [DownloadWorker-0] SKIP (duplicate title): Schjelderup csibészes megoldása után nem...
[03:17:37] Summarizer: [Batch] 3 item(s) missing from response → marked for reprocessing
[03:17:38] Summarizer: [DownloadWorker-8] SKIP (duplicate title): Démoni megszállottság, atomháború, és go...
[03:17:38] Summarizer: [DownloadWorker-1] SKIP (duplicate title): Radnai Márk bejelentette, új weboldal fe...
[03:17:44] Summarizer: [Batch] 1 item(s) missing from response → marked for reprocessing
[03:17:48] Summarizer: [DownloadWorker-3] SKIP (duplicate title): Skip Japan’s Tourist Circuit And Walk Th...
[03:17:57] Summarizer: [DownloadWorker-2] SKIP (duplicate title): NYT ‘Connections’ Hints And Answers For ...
[03:18:03] Summarizer: [DownloadWorker-9] SKIP (duplicate title): Karch Kiraly Knows Winning Teams Are Bui...

--- RSS Fetch Errors at 2026-07-12 06:48:36 ---
Error fetching https://www.drive.com.au/feed/: HTTP Error 403: 
Error fetching https://techpowerup.com/rss/news: Failed to perform, curl: (28) Operation timed out after 1030173 milliseconds with 0 bytes received. See https://curl.se/libcurl/c/libcurl-errors.html first for more details.
Error fetching https://totalcar.hu/24ora/rss/: Failed to perform, curl: (28) Operation timed out after 1030622 milliseconds with 0 bytes received. See https://curl.se/libcurl/c/libcurl-errors.html first for more details.
Error fetching https://www.portfolio.hu/rss/: Failed to perform, curl: (28) Operation timed out after 1030826 milliseconds with 0 bytes received. See https://curl.se/libcurl/c/libcurl-errors.html first for more details.
Error fetching https://hold.hu/holdblog/feed: Failed to perform, curl: (28) Connection timed out after 1030817 milliseconds. See https://curl.se/libcurl/c/libcurl-errors.html first for more details.
Error fetching https://leetgaming.com/feed/: Failed to perform, curl: (28) Connection timed out after 1031868 milliseconds. See https://curl.se/libcurl/c/libcurl-errors.html first for more details.
Error fetching https://velvet.hu/feed: HTTP Error 404: Not Found
Error fetching https://cliffhanger.hu/feed: HTTP Error 403: 
Error fetching https://femina.hu/feed: HTTP Error 404: Not Found
Error fetching https://instylemen.hu/feed: HTTP Error 404: 
Error fetching https://hwsw.hu/hirek/rss: HTTP Error 404: 
[06:48:42] Summarizer: [DownloadWorker-3] SKIP (duplicate title): Mi volt a hét csalódása?...
[06:48:50] Summarizer: [DownloadWorker-9] SKIP (duplicate title): Melyik volt a hét legjobb sorozatepizódj...
[06:48:51] Summarizer: [MissingDetector] ⚠️ PAIRING FAIL: 'https://www.penzcentrum.hu/sport/20260712/oszinten-vallott-visszavonulasirol-berki-krisztian-nem-akartam-a-futottak-meg-kategoriaba-kerulni-1201576' not found. KEEPING ITEM (Fallback).
[06:48:51] Summarizer: [Batch] 1 item(s) missing from response → marked for reprocessing
[06:48:51] Summarizer: [FreeGeminiAPI_1] ⚠️ PAIRING FAIL: 'https://www.penzcentrum.hu/sport/20260712/oszinten-vallott-visszavonulasirol-berki-krisztian-nem-akartam-a-futottak-meg-kategoriaba-kerulni-1201576' not found. KEEPING ITEM (Fallback).
[06:48:52] Summarizer: [DownloadWorker-3] SKIP (duplicate title): Ezek a programok garantáltan rendbe rakj...
[06:48:56] Summarizer: [DownloadWorker-1] SKIP (duplicate title): Yale scientists may have found how Parki...
[06:48:56] Summarizer: [Batch] 2 item(s) missing from response → marked for reprocessing
[06:48:58] Summarizer: [DownloadWorker-7] SKIP (duplicate title): Sneaker chain files for Chapter 11 bankr...
[07:05:01] Summarizer: [Batch] Minor issues fixed: 1
[07:05:01] Summarizer: [Batch] 1 item(s) missing from response → marked for reprocessing
[07:05:06] Summarizer: [Batch] 2 item(s) missing from response → marked for reprocessing
[07:05:11] Summarizer: [Batch] 3 item(s) missing from response → marked for reprocessing
[07:05:25] Summarizer: [Batch] 3 item(s) missing from response → marked for reprocessing
[07:05:29] Summarizer: [Batch] 1 item(s) missing from response → marked for reprocessing
[07:24:34] Summarizer: TIMEOUT (180s) - backend call took too long
[07:24:34] Summarizer: [Batch] No response from API (attempt 1/3)
[07:24:49] Summarizer: [Batch] 3 item(s) missing from response → marked for reprocessing
[07:24:53] Summarizer: Reprocessing 1 pairing failures from data.json

--- RSS Fetch Errors at 2026-07-12 09:07:17 ---
Error fetching https://www.drive.com.au/feed/: HTTP Error 403: 
Error fetching https://techpowerup.com/rss/news: HTTP Error 403: 
Error fetching https://leetgaming.com/feed/: Failed to perform, curl: (28) Connection timed out after 10003 milliseconds. See https://curl.se/libcurl/c/libcurl-errors.html first for more details.
Error fetching https://velvet.hu/feed: HTTP Error 404: Not Found
Error fetching https://hwsw.hu/hirek/rss: HTTP Error 404: 
Error fetching https://femina.hu/feed: HTTP Error 404: Not Found
Error fetching https://cliffhanger.hu/feed: HTTP Error 403: 
Error fetching https://instylemen.hu/feed: HTTP Error 404: 
