
--- RSS Fetch Errors at 2026-06-27 00:14:56 ---
Error fetching https://www.drive.com.au/feed/: HTTP Error 403: 
Error fetching https://leetgaming.com/feed/: Failed to perform, curl: (28) Connection timed out after 10003 milliseconds. See https://curl.se/libcurl/c/libcurl-errors.html first for more details.
Error fetching https://hwsw.hu/xml/latest_news_rss.xml: Failed to perform, curl: (28) Connection timed out after 10003 milliseconds. See https://curl.se/libcurl/c/libcurl-errors.html first for more details.
[00:16:06] Summarizer: [DownloadWorker-4] SKIP (duplicate title): Szombaton megszűnik a közmédia vezetőine...
[00:16:12] Summarizer: [Batch] 1 item(s) missing from response → marked for reprocessing
[00:16:15] Summarizer: [DownloadWorker-9] SKIP (duplicate title): TikTok’s road to becoming a super app...
[00:16:23] Image_Downloader: Download failed (https://cdn.mos.cms.futurecdn.net/bPHDmbYeLE3xB63PiucnUX-2000-80.jpg): HTTPSConnectionPool(host='cdn.mos.cms.futurecdn.net', port=443): Read timed out. (read timeout=5)
[00:16:37] Summarizer: [DownloadWorker-9] SKIP (duplicate title): Még néhány napig ingyen behúzhatod ezt a...
[00:16:43] Summarizer: [DownloadWorker-4] SKIP (duplicate title): WWE Night Of Champions 2026 – Full Card,...
[00:16:44] Image_Downloader: Download failed (https://twitter.com/thinkercar/status/1805908354790477824): 404 Client Error: Not Found for url: https://x.com/thinkercar/status/1805908354790477824
[00:16:45] Summarizer: [Batch] 1 item(s) missing from response → marked for reprocessing
[00:16:46] Summarizer: [DownloadWorker-7] SKIP (duplicate title): Tesla (TSLA) Q2 2026 delivery consensus:...
[00:16:49] Summarizer: [DownloadWorker-5] SKIP (duplicate title): 28 év után végre megoldódott a Resident ...
[00:16:57] Summarizer: [Batch] 1 item(s) missing from response → marked for reprocessing
[00:17:01] Summarizer: [DownloadWorker-8] SKIP (duplicate title): Szombaton megszűnik a közmédia vezetőine...
[00:17:03] Summarizer: [Batch] 2 item(s) missing from response → marked for reprocessing
[00:17:04] Summarizer: [Batch] 2 item(s) missing from response → marked for reprocessing
[00:17:16] Summarizer: [Batch] 1 item(s) missing from response → marked for reprocessing
[00:17:25] Summarizer: [Batch] 1 item(s) missing from response → marked for reprocessing
[00:17:26] Summarizer: [DownloadWorker-8] SKIP (duplicate title): Szombattól megszűnik a kutakon a benzin ...
[00:17:32] Summarizer: [Batch] 1 item(s) missing from response → marked for reprocessing
[00:19:01] Summarizer: [Batch] No response from API (attempt 1/3)
[00:19:17] Summarizer: [Batch] No response from API (attempt 1/3)
[00:20:02] Summarizer: [Batch] No response from API (attempt 1/3)
[00:20:19] Summarizer: [Batch] 3 item(s) missing from response → marked for reprocessing
[00:20:44] Summarizer: [Batch] No response from API (attempt 2/3)
