[00:13:03] Summarizer: [Batch] No response from API (attempt 1/3)
[00:13:10] Image_Downloader: ❌ All API keys exhausted (rate limit on all)
[00:13:12] Image_Downloader: ❌ All API keys exhausted (rate limit on all)
[00:13:14] Summarizer: [Batch] No response from API (attempt 2/3)
[00:13:26] Summarizer: [Batch] No response from API (attempt 3/3)
[00:13:28] Summarizer: [Batch] No response from API (attempt 1/3)
[00:13:29] Summarizer: [Batch] 3 item(s) missing from response → marked for reprocessing
[00:13:40] Summarizer: [Batch] No response from API (attempt 2/3)
[00:13:45] Summarizer: [MissingDetector] ⚠️ PAIRING FAIL: 'https://www.nasa.gov/image-article/solving-asteroid-bennu-mysteries' not found. KEEPING ITEM (Fallback).
[00:13:45] Summarizer: [Batch] 1 item(s) missing from response → marked for reprocessing
[00:13:45] Summarizer: [FreeGeminiAPI] ⚠️ PAIRING FAIL: 'https://www.nasa.gov/image-article/solving-asteroid-bennu-mysteries' not found. KEEPING ITEM (Fallback).
[00:13:51] Summarizer: [Batch] No response from API (attempt 3/3)
[00:14:05] Summarizer: [Batch] No response from API (attempt 1/3)
[00:14:17] Summarizer: [Batch] No response from API (attempt 2/3)
[00:14:28] Summarizer: [Batch] No response from API (attempt 3/3)
[00:14:30] Summarizer: [Batch] No response from API (attempt 1/3)
[00:14:41] Summarizer: [Batch] No response from API (attempt 2/3)
[00:14:45] Summarizer: [Batch] 3 item(s) missing from response → marked for reprocessing
[00:14:53] Summarizer: [Batch] No response from API (attempt 3/3)
[00:15:04] Summarizer: [MissingDetector] ⚠️ PAIRING FAIL: 'https://www.gsplus.hu/masvilag/marvel-mcu-spider-mand-brand-new-day-pokember-vadiuj-nap-betekintis-379671.html' not found. KEEPING ITEM (Fallback).
[00:15:04] Summarizer: [Batch] 1 item(s) missing from response → marked for reprocessing
[00:15:04] Summarizer: [FreeGeminiAPI] ⚠️ PAIRING FAIL: 'https://www.gsplus.hu/masvilag/marvel-mcu-spider-mand-brand-new-day-pokember-vadiuj-nap-betekintis-379671.html' not found. KEEPING ITEM (Fallback).
[00:15:14] Summarizer: [Batch] No response from API (attempt 1/3)
[00:15:26] Summarizer: [Batch] No response from API (attempt 2/3)
[00:15:37] Summarizer: [Batch] No response from API (attempt 3/3)
[00:15:39] Summarizer: [Batch] No response from API (attempt 1/3)
[00:15:51] Summarizer: [Batch] No response from API (attempt 2/3)
[00:15:55] Summarizer: [Batch] 1 item(s) missing from response → marked for reprocessing
[00:16:02] Summarizer: [Batch] No response from API (attempt 3/3)
[00:16:16] Summarizer: [Batch] No response from API (attempt 1/3)
[00:16:28] Summarizer: [Batch] No response from API (attempt 2/3)
[00:16:40] Summarizer: [Batch] No response from API (attempt 3/3)
[00:16:46] Summarizer: [Batch] No response from API (attempt 1/3)
[00:16:57] Summarizer: [Batch] No response from API (attempt 2/3)
[00:17:09] Summarizer: [Batch] No response from API (attempt 3/3)
[00:17:23] Summarizer: [Batch] No response from API (attempt 1/3)
[00:17:32] Summarizer: [Batch] 🔧 No balanced array found, but recovered 5 individual object(s)
[00:17:32] Summarizer: [Batch] 5 item(s) missing from response → marked for reprocessing
[00:17:34] Summarizer: [Batch] No response from API (attempt 2/3)
[00:17:46] Summarizer: [Batch] No response from API (attempt 3/3)
[00:17:53] Summarizer: [Batch] No response from API (attempt 1/3)
[00:18:01] Summarizer: [Batch] 1 item(s) missing from response → marked for reprocessing
[00:18:05] Summarizer: [Batch] No response from API (attempt 2/3)
[00:18:12] Summarizer: [Batch] 🔧 No balanced array found, but recovered 4 individual object(s)
[00:18:12] Summarizer: [Batch] 3 item(s) missing from response → marked for reprocessing
[00:18:17] Summarizer: [Batch] No response from API (attempt 3/3)
[00:18:30] Summarizer: [Batch] No response from API (attempt 1/3)
[00:18:42] Summarizer: [Batch] No response from API (attempt 2/3)
[00:18:54] Summarizer: [Batch] No response from API (attempt 3/3)
[00:19:00] Summarizer: [Batch] No response from API (attempt 1/3)
[00:19:12] Summarizer: [Batch] No response from API (attempt 2/3)
[00:19:23] Summarizer: [Batch] No response from API (attempt 3/3)
[00:19:37] Summarizer: [Batch] No response from API (attempt 1/3)
[00:19:49] Summarizer: [Batch] No response from API (attempt 2/3)
[00:20:00] Summarizer: [Batch] No response from API (attempt 3/3)
[00:20:07] Summarizer: [Batch] No response from API (attempt 1/3)
[00:20:19] Summarizer: [Batch] No response from API (attempt 2/3)
[00:20:31] Summarizer: [Batch] No response from API (attempt 3/3)
[00:20:38] Summarizer: [Batch] No response from API (attempt 1/3)
[00:20:49] Summarizer: [Batch] No response from API (attempt 2/3)
[00:21:01] Summarizer: [Batch] No response from API (attempt 3/3)
[00:21:57] Summarizer: [Batch] No response from API (attempt 1/3)
[00:22:05] Summarizer: [Batch] 2 item(s) missing from response → marked for reprocessing
[00:22:09] Summarizer: [Batch] No response from API (attempt 2/3)
[00:22:15] Summarizer: [Batch] 1 item(s) missing from response → marked for reprocessing
[00:22:16] Summarizer: [Batch] 2 item(s) missing from response → marked for reprocessing
[00:22:20] Summarizer: [Batch] No response from API (attempt 3/3)
[00:22:24] Summarizer: [DownloadWorker-3] SKIP (duplicate title): Kritikák, videók, szereplők...
[00:22:27] Summarizer: [Batch] No response from API (attempt 1/3)
[00:22:37] Summarizer: [DownloadWorker-3] SKIP (duplicate title): Jack Mallers Confirmed As A Bitcoin 2026...
[00:22:38] Summarizer: [Batch] 1 item(s) missing from response → marked for reprocessing
[00:22:39] Summarizer: [Batch] No response from API (attempt 2/3)
[00:22:40] Summarizer: [DownloadWorker-3] SKIP (duplicate title): Leet...
[00:22:51] Summarizer: [Batch] No response from API (attempt 3/3)
[00:22:53] Summarizer: [Batch] No response from API (attempt 1/3)
[00:23:02] Summarizer: [MissingDetector] ⚠️ PAIRING FAIL: 'https://index.hu/belfold/2026/03/17/ketfarku-kutya-part-kampanypenz-bukas-egyeni-jeloltek-ajanloivek-nemeti-valasztasi-iroda-valasztas-2026/' not found. KEEPING ITEM (Fallback).
[00:23:02] Summarizer: [Batch] 1 item(s) missing from response → marked for reprocessing
[00:23:02] Summarizer: [Perplexity] ⚠️ PAIRING FAIL: 'https://index.hu/belfold/2026/03/17/ketfarku-kutya-part-kampanypenz-bukas-egyeni-jeloltek-ajanloivek-nemeti-valasztasi-iroda-valasztas-2026/' not found. KEEPING ITEM (Fallback).
[00:23:02] Summarizer: [DownloadWorker-3] SKIP (duplicate title): napi, heti, havi, hétvégi nlc horoszkóp...
[00:23:04] Summarizer: [Batch] No response from API (attempt 2/3)
[00:23:04] Summarizer: [DownloadWorker-7] SKIP (duplicate title): Kritikák, videók, szereplők...
[00:23:16] Summarizer: [Batch] No response from API (attempt 3/3)
[00:23:30] Summarizer: [Batch] No response from API (attempt 1/3)
[00:23:36] Summarizer: [DownloadWorker-5] SKIP (duplicate title): Enyhe emelkedéssel próbálkoznak az ameri...
[00:23:41] Summarizer: [Batch] No response from API (attempt 2/3)
[00:23:45] Summarizer: [DownloadWorker-7] SKIP (duplicate title): Leet...
[00:23:51] Summarizer: [DownloadWorker-7] SKIP (duplicate title): Filmek, képek, díjak...
[00:23:53] Summarizer: [Batch] No response from API (attempt 3/3)
[00:24:00] Summarizer: [Batch] No response from API (attempt 1/3)
[00:24:10] Summarizer: [Batch] 1 item(s) missing from response → marked for reprocessing
[00:24:12] Summarizer: [Batch] No response from API (attempt 2/3)
[00:24:24] Summarizer: [Batch] No response from API (attempt 3/3)
[00:24:30] Summarizer: [Batch] No response from API (attempt 1/3)
[00:24:35] Summarizer: [DownloadWorker-3] SKIP (duplicate title): Online Jegyvásárlás...
[00:24:42] Summarizer: [Batch] No response from API (attempt 2/3)
[00:24:53] Summarizer: [Batch] No response from API (attempt 3/3)
[00:25:01] Summarizer: [Batch] No response from API (attempt 1/3)
[00:25:12] Summarizer: [Batch] No response from API (attempt 2/3)
[00:25:24] Summarizer: [Batch] No response from API (attempt 3/3)
[00:25:31] Summarizer: [Batch] No response from API (attempt 1/3)
[00:25:34] Summarizer: [DownloadWorker-3] SKIP (duplicate title): Kritikák, videók, szereplők...
[00:25:38] Summarizer: [Batch] 🔧 No balanced array found, but recovered 5 individual object(s)
[00:25:38] Summarizer: [Batch] 5 item(s) missing from response → marked for reprocessing
[00:25:43] Summarizer: [Batch] No response from API (attempt 2/3)
[00:25:55] Summarizer: [Batch] No response from API (attempt 3/3)
[00:26:02] Summarizer: [Batch] No response from API (attempt 1/3)
[00:26:13] Summarizer: [Batch] No response from API (attempt 2/3)
[00:26:25] Summarizer: [Batch] No response from API (attempt 3/3)
[00:26:46] Summarizer: [Batch] No response from API (attempt 1/3)
[00:26:58] Summarizer: [Batch] No response from API (attempt 2/3)
[00:26:59] Summarizer: [Batch] 1 item(s) missing from response → marked for reprocessing
[00:27:09] Summarizer: [Batch] No response from API (attempt 3/3)
[00:27:16] Summarizer: [Batch] No response from API (attempt 1/3)
[00:27:28] Summarizer: [Batch] No response from API (attempt 2/3)
[00:27:40] Summarizer: [Batch] No response from API (attempt 3/3)
[00:27:47] Summarizer: [Batch] No response from API (attempt 1/3)
[00:27:48] Summarizer: [Batch] 1 item(s) missing from response → marked for reprocessing
[00:27:58] Summarizer: [Batch] No response from API (attempt 2/3)
[00:28:04] Summarizer: [Batch] 1 item(s) missing from response → marked for reprocessing
[00:28:10] Summarizer: [Batch] No response from API (attempt 3/3)
[00:28:12] Summarizer: [DownloadWorker-2] SKIP (duplicate title): Leet...
[00:28:16] Summarizer: [Batch] 1 item(s) missing from response → marked for reprocessing
[00:33:34] Image_Downloader: ❌ All API keys exhausted (rate limit on all)
[00:33:34] Image_Downloader: ❌ All API keys exhausted (rate limit on all)
[00:33:35] Image_Downloader: ❌ All API keys exhausted (rate limit on all)
[00:33:35] Image_Downloader: ❌ All API keys exhausted (rate limit on all)
[00:33:35] Image_Downloader: ❌ All API keys exhausted (rate limit on all)
[00:33:36] Image_Downloader: ❌ All API keys exhausted (rate limit on all)
[00:33:36] Image_Downloader: ❌ All API keys exhausted (rate limit on all)
[00:33:36] Image_Downloader: ❌ All API keys exhausted (rate limit on all)
[00:33:36] Image_Downloader: ❌ All API keys exhausted (rate limit on all)
[00:33:36] Image_Downloader: ❌ All API keys exhausted (rate limit on all)
[00:33:36] Image_Downloader: ❌ All API keys exhausted (rate limit on all)
[00:33:37] Image_Downloader: ❌ All API keys exhausted (rate limit on all)
[00:33:37] Image_Downloader: ❌ All API keys exhausted (rate limit on all)
[00:33:37] Image_Downloader: ❌ All API keys exhausted (rate limit on all)
[00:33:37] Image_Downloader: ❌ All API keys exhausted (rate limit on all)
[00:33:38] Image_Downloader: ❌ All API keys exhausted (rate limit on all)
[00:33:38] Image_Downloader: ❌ All API keys exhausted (rate limit on all)
[00:33:38] Image_Downloader: ❌ All API keys exhausted (rate limit on all)
[00:33:38] Image_Downloader: ❌ All API keys exhausted (rate limit on all)
[00:33:38] Image_Downloader: ❌ All API keys exhausted (rate limit on all)
