
--- RSS Fetch Errors at 2026-07-10 00:34:59 ---
Error fetching https://leetgaming.com/feed/: Failed to perform, curl: (28) Connection timed out after 10003 milliseconds. See https://curl.se/libcurl/c/libcurl-errors.html first for more details.
Error fetching https://444.hu/category/tudomany/feed: Failed to perform, curl: (28) Connection timed out after 10003 milliseconds. See https://curl.se/libcurl/c/libcurl-errors.html first for more details.
Error fetching https://sg.hu/plain/rss.xml: Failed to perform, curl: (28) Connection timed out after 10003 milliseconds. See https://curl.se/libcurl/c/libcurl-errors.html first for more details.
Error fetching https://www.drive.com.au/feed/: HTTP Error 403: 
Error fetching https://insideevs.com/rss/news/all/: Failed to perform, curl: (28) Connection timed out after 923761 milliseconds. See https://curl.se/libcurl/c/libcurl-errors.html first for more details.
Error fetching https://drive.hu/rss: Failed to perform, curl: (28) Connection timed out after 920937 milliseconds. See https://curl.se/libcurl/c/libcurl-errors.html first for more details.
Error fetching https://www.cnet.com/rss/all/: Failed to perform, curl: (28) Connection timed out after 926948 milliseconds. See https://curl.se/libcurl/c/libcurl-errors.html first for more details.
Error fetching https://github.blog/feed/: Failed to perform, curl: (28) Connection timed out after 924940 milliseconds. See https://curl.se/libcurl/c/libcurl-errors.html first for more details.
Error fetching https://welovebudapest.com/feed/: Failed to perform, curl: (28) Operation timed out after 928151 milliseconds with 0 bytes received. See https://curl.se/libcurl/c/libcurl-errors.html first for more details.
Error fetching https://techcrunch.com/feed: Failed to perform, curl: (28) Connection timed out after 920784 milliseconds. See https://curl.se/libcurl/c/libcurl-errors.html first for more details.
Error fetching https://cointelegraph.com/rss: Failed to perform, curl: (28) Connection timed out after 922992 milliseconds. See https://curl.se/libcurl/c/libcurl-errors.html first for more details.
Error fetching https://feeds.feedburner.com/ign/games-all: Failed to perform, curl: (28) Resolving timed out after 919938 milliseconds. See https://curl.se/libcurl/c/libcurl-errors.html first for more details.
Error fetching https://hvg.hu/rss: Failed to perform, curl: (28) Resolving timed out after 920938 milliseconds. See https://curl.se/libcurl/c/libcurl-errors.html first for more details.
Error fetching https://electrek.co/feed/: Failed to perform, curl: (28) Connection timed out after 924465 milliseconds. See https://curl.se/libcurl/c/libcurl-errors.html first for more details.
Error fetching https://bitcoinmagazine.com/.rss/full/: Failed to perform, curl: (28) Connection timed out after 921992 milliseconds. See https://curl.se/libcurl/c/libcurl-errors.html first for more details.
Error fetching https://bitcoinmagazine.com/feed: Failed to perform, curl: (28) Connection timed out after 921967 milliseconds. See https://curl.se/libcurl/c/libcurl-errors.html first for more details.
Error fetching https://www.space.com/feeds/all: Failed to perform, curl: (28) Operation timed out after 925582 milliseconds with 0 bytes received. See https://curl.se/libcurl/c/libcurl-errors.html first for more details.
Error fetching https://www.forbes.com/most-popular/feed/: Failed to perform, curl: (28) Resolving timed out after 921938 milliseconds. See https://curl.se/libcurl/c/libcurl-errors.html first for more details.
Error fetching https://feeds.forbes.com/real-time/feed2/: Failed to perform, curl: (28) Resolving timed out after 921939 milliseconds. See https://curl.se/libcurl/c/libcurl-errors.html first for more details.
Error fetching https://pcguru.hu/rss: Failed to perform, curl: (28) Resolving timed out after 921939 milliseconds. See https://curl.se/libcurl/c/libcurl-errors.html first for more details.
Error fetching https://vezess.hu/rss: Failed to perform, curl: (28) Connection timed out after 925529 milliseconds. See https://curl.se/libcurl/c/libcurl-errors.html first for more details.
Error fetching https://www.sciencedaily.com/rss/top.xml: Failed to perform, curl: (28) Operation timed out after 925645 milliseconds with 0 bytes received. See https://curl.se/libcurl/c/libcurl-errors.html first for more details.
Error fetching https://insideevs.com/rss/articles/all: Failed to perform, curl: (28) Connection timed out after 924502 milliseconds. See https://curl.se/libcurl/c/libcurl-errors.html first for more details.
Error fetching https://feeds.feedburner.com/ign/all: Failed to perform, curl: (28) Resolving timed out after 920937 milliseconds. See https://curl.se/libcurl/c/libcurl-errors.html first for more details.
Error fetching https://feeds.feedburner.com/ign/movies-articles: Failed to perform, curl: (28) Connection timed out after 10002 milliseconds. See https://curl.se/libcurl/c/libcurl-errors.html first for more details.
Error fetching https://velvet.hu/feed: HTTP Error 404: Not Found
Error fetching https://femina.hu/feed: HTTP Error 404: Not Found
Error fetching https://cliffhanger.hu/feed: HTTP Error 403: 
Error fetching https://hwsw.hu/hirek/rss: HTTP Error 404: 
Error fetching https://player.hu/feed: Failed to perform, curl: (28) Connection timed out after 10002 milliseconds. See https://curl.se/libcurl/c/libcurl-errors.html first for more details.
Error fetching https://instylemen.hu/feed: Failed to perform, curl: (28) Connection timed out after 10003 milliseconds. See https://curl.se/libcurl/c/libcurl-errors.html first for more details.
Error fetching https://www.playboy.com/read/celebrities/feed: Failed to perform, curl: (28) Connection timed out after 10002 milliseconds. See https://curl.se/libcurl/c/libcurl-errors.html first for more details.
Error fetching https://www.playboy.com/wp-json/oembed/1.0/embed?url=https%3A%2F%2Fwww.playboy.com%2F&format=xml: Failed to perform, curl: (28) Connection timed out after 10002 milliseconds. See https://curl.se/libcurl/c/libcurl-errors.html first for more details.
Error fetching https://www.playboy.com/read/classics/feed: Failed to perform, curl: (28) Connection timed out after 10002 milliseconds. See https://curl.se/libcurl/c/libcurl-errors.html first for more details.
Error fetching https://faroutmagazine.co.uk/icon.svg: Failed to perform, curl: (28) Connection timed out after 10002 milliseconds. See https://curl.se/libcurl/c/libcurl-errors.html first for more details.
Error fetching https://hetediksor.hu/feed/: Failed to perform, curl: (28) Connection timed out after 10002 milliseconds. See https://curl.se/libcurl/c/libcurl-errors.html first for more details.
