[00:06:09] Summarizer: [Batch] No response from API (attempt 1/3)
[00:06:49] Summarizer: [Batch] Invalid JSON (attempt 1/3)
[00:06:49] Summarizer: [Batch] Invalid JSON error: JSON payload exists but could not extract a balanced JSON array segment.
[00:06:58] Summarizer: [Batch] No response from API (attempt 1/3)
[00:07:00] Summarizer: [Batch] No response from API (attempt 1/3)
[00:22:10] Summarizer: [Batch] Invalid JSON (attempt 2/3)
[00:22:10] Summarizer: [Batch] Invalid JSON error: No JSON payload found in response.
[00:22:10] Summarizer: [Batch] Skipping repair: No JSON payload found (response too short).
[00:22:15] Summarizer: [Batch] No response from API (attempt 2/3)
[00:22:16] Summarizer: [Batch] No response from API (attempt 2/3)
[00:22:20] Summarizer: [Batch] No response from API (attempt 1/3)
[00:22:25] Summarizer: [Batch] No response from API (attempt 3/3)
[00:22:25] Summarizer: [Batch] No response from API (attempt 1/3)
[00:22:26] Summarizer: [Batch] No response from API (attempt 3/3)
[00:22:27] Summarizer: [Batch] No response from API (attempt 1/3)
[00:22:36] Summarizer: [Batch] No response from API (attempt 2/3)
[00:22:37] Summarizer: [Batch] No response from API (attempt 2/3)
[00:22:46] Summarizer: [Batch] No response from API (attempt 3/3)
[00:22:47] Summarizer: [Batch] No response from API (attempt 3/3)
[00:38:43] Summarizer: [Batch] No response from API (attempt 2/3)
[00:38:44] Summarizer: [Batch] No response from API (attempt 1/3)
[00:38:59] Summarizer: [Batch] No response from API (attempt 1/3)
[00:38:59] Summarizer: [Batch] No response from API (attempt 1/3)
[00:39:09] Summarizer: [Batch] No response from API (attempt 2/3)
[00:39:09] Summarizer: [Batch] No response from API (attempt 2/3)
[00:39:14] Summarizer: [Batch] Invalid JSON (attempt 2/3)
[00:39:14] Summarizer: [Batch] Invalid JSON error: No JSON payload found in response.
[00:39:14] Summarizer: [Batch] Skipping repair: No JSON payload found (response too short).
[00:40:42] Summarizer: [Batch] 🔧 No balanced array found, but recovered 1 individual object(s)
[00:40:42] Summarizer: [Batch] 2 item(s) missing from response → marked for reprocessing
[00:41:16] Summarizer: [Batch] 1 item(s) missing from response → marked for reprocessing
[00:41:16] Summarizer: [FreeGeminiAPI] ⚠️ PAIRING FAIL: 'https://telex.hu/after/2026/02/22/bafta-egyik-csata-a-masik-után-hat-dij-robert-aramayo-jessie-buckley-sean-penn' not found. KEEPING ITEM (Fallback).
[00:56:14] Summarizer: [Batch] No response from API (attempt 1/3)
[00:56:29] Summarizer: [Batch] No response from API (attempt 1/3)
[00:56:29] Image_Downloader: Download failed (https://img.hvg.hu/Img/8133bb77-3fc3-490f-b374-cb198a0455cc/86e23344-a2c4-4715-a8c0-2f5ff7528776.jpg): ('Connection aborted.', ConnectionResetError(54, 'Connection reset by peer'))
[01:05:10] Summarizer: [Batch] No response from API (attempt 1/3)
[01:05:10] Summarizer: [Batch] No response from API (attempt 2/3)
[01:05:10] Summarizer: [Batch] No response from API (attempt 2/3)
[01:21:27] Summarizer: [Batch] 🔧 No balanced array found, but recovered 1 individual object(s)
[01:21:27] Summarizer: [Batch] 2 item(s) missing from response → marked for reprocessing
[01:21:56] Summarizer: [Batch] No response from API (attempt 3/3)
[06:02:32] Summarizer: [DownloadWorker-5] SKIP (duplicate title): Kényelmes otthont faragtak egy csuklós b...
[06:02:35] Summarizer: [Batch] 1 item(s) missing from response → marked for reprocessing
[06:02:41] Summarizer: [DownloadWorker-4] SKIP (duplicate title): A DK megint hatalmasat rúgott a magyarsá...
[06:12:51] Summarizer: [Batch] No response from API (attempt 1/3)
[06:13:05] Summarizer: [DownloadWorker-5] SKIP (duplicate title): Xos new Class 6 MDEV approaches diesel p...
[06:13:07] Summarizer: [DownloadWorker-9] SKIP (duplicate title): Can the creator economy stay afloat in a...
[06:13:08] Summarizer: [DownloadWorker-3] SKIP (duplicate title): Vajon nálunk működne ez a jogosítvány mó...
[06:13:11] Summarizer: [DownloadWorker-6] SKIP (duplicate title): What Happened in Hulu's 'Paradise'? Here...
[06:13:13] Summarizer: [DownloadWorker-9] SKIP (duplicate title): Disagreement Means a DAO Is Healthy: Cur...
[06:13:25] Summarizer: [Batch] Invalid JSON (attempt 1/3)
[06:13:25] Summarizer: [Batch] Invalid JSON error: No JSON payload found in response.
[06:13:25] Summarizer: [Batch] No JSON payload, but response is 725 chars - attempting repair...
[06:13:33] Summarizer: [Batch] No response from API (attempt 1/3)
[06:30:00] Summarizer: [Batch] No response from API (attempt 2/3)
[06:30:01] Summarizer: [Batch] No response from API (attempt 2/3)
[06:30:05] Summarizer: [Batch] No response from API (attempt 2/3)
[06:30:15] Summarizer: [Batch] No response from API (attempt 3/3)
[06:30:15] Summarizer: [Batch] No response from API (attempt 1/3)
[06:30:26] Summarizer: [Batch] No response from API (attempt 2/3)
[06:30:29] Summarizer: [DownloadWorker-4] SKIP (duplicate title): BitGo Selected To Issue FYUSD Dollar-Peg...
[06:30:34] Summarizer: [DownloadWorker-4] SKIP (duplicate title): A MÁV nem árulja el, hogy miért siklott ...
[06:30:36] Summarizer: [Batch] No response from API (attempt 3/3)
[06:30:37] Summarizer: [DownloadWorker-9] SKIP (duplicate title): The devs of a promising Slay the Spire-a...
[06:30:37] Summarizer: [Batch] No response from API (attempt 1/3)
[06:46:22] Summarizer: [Batch] 🔧 No balanced array found, but recovered 1 individual object(s)
[06:46:22] Summarizer: [Batch] 6 item(s) missing from response → marked for reprocessing
[06:46:23] Summarizer: [Batch] No response from API (attempt 2/3)
[06:46:29] Summarizer: [DownloadWorker-2] SKIP (duplicate title): Mini Countryman wins Best Small SUV Unde...
[06:46:31] Summarizer: [DownloadWorker-3] SKIP (duplicate title): „Nagyon régóta élek ezzel, mondhatni fek...
[06:46:33] Summarizer: [Batch] No response from API (attempt 3/3)
[06:46:39] Summarizer: [Batch] No response from API (attempt 1/3)
[06:46:49] Summarizer: [Batch] No response from API (attempt 2/3)
[06:46:51] Summarizer: [Batch] No response from API (attempt 3/3)
[06:46:55] Summarizer: [Batch] 1 item(s) missing from response → marked for reprocessing
[06:46:59] Summarizer: [Batch] No response from API (attempt 3/3)
[07:02:29] Summarizer: [DownloadWorker-5] SKIP (duplicate title): Polestar 4 wins Best Electric Vehicle Un...
[07:02:30] Summarizer: [DownloadWorker-0] SKIP (duplicate title): New Blood CEO Dave Oshry says he's 'alwa...
[07:02:32] Summarizer: [DownloadWorker-5] SKIP (duplicate title): Indie publisher alleges TikTok is AI-gen...
[07:03:03] Summarizer: [Batch] Invalid JSON (attempt 1/3)
[07:03:03] Summarizer: [Batch] Invalid JSON error: json.loads failed (pass 1): Expecting ',' delimiter: line 5 column 199 (char 311)
[07:03:03] Summarizer: [Batch] Invalid JSON error: json.loads failed (pass 2): Expecting ',' delimiter: line 5 column 199 (char 311)
[07:03:03] Summarizer: [Batch] Invalid JSON error: json.loads failed (pass 3): Expecting ',' delimiter: line 5 column 199 (char 311)
[07:03:03] Summarizer: [Batch] Invalid JSON error: Iterative repair stuck at round 2: Expecting property name enclosed in double quotes: line 5 column 200 (char 312)
[07:03:03] Summarizer: [Batch] Invalid JSON error: Final parse error: JSONDecodeError("Expecting ',' delimiter: line 5 column 199 (char 311)")
[07:13:52] Summarizer: [Batch] Invalid JSON (attempt 2/3)
[07:13:52] Summarizer: [Batch] Invalid JSON error: No JSON payload found in response.
[07:13:52] Summarizer: [Batch] Skipping repair: No JSON payload found (response too short).
[07:14:25] Summarizer: [Batch] No response from API (attempt 1/3)
[07:32:21] Summarizer: [Batch] No response from API (attempt 2/3)
[07:49:22] Summarizer: [Batch] No response from API (attempt 3/3)
[08:15:27] Summarizer: [Batch] No response from API (attempt 1/3)
