
--- RSS Fetch Errors at 2026-07-23 00:25:37 ---
Error fetching https://www.portfolio.hu/rss/: HTTP Error 404: 
Error fetching https://techpowerup.com/rss/news: HTTP Error 403: 
Error fetching https://www.drive.com.au/feed/: HTTP Error 403: 
Error fetching https://leetgaming.com/feed/: Failed to perform, curl: (28) Connection timed out after 10003 milliseconds. See https://curl.se/libcurl/c/libcurl-errors.html first for more details.
Error fetching https://velvet.hu/feed: HTTP Error 404: Not Found
Error fetching https://femina.hu/feed: HTTP Error 404: Not Found
Error fetching https://cliffhanger.hu/feed: HTTP Error 403: 
Error fetching https://hwsw.hu/hirek/rss: HTTP Error 404: 
Error fetching https://instylemen.hu/feed: HTTP Error 404: 
Error fetching https://bankless.com/feed: HTTP Error 500: 
[00:41:22] Summarizer: [DownloadWorker-8] SKIP (duplicate title): 35+ fergeteges hétvégi program Budapeste...
[00:41:25] Summarizer: [Batch] 4 item(s) missing from response → marked for reprocessing
[00:41:31] Summarizer: [DownloadWorker-4] SKIP (duplicate title): Q2 2026 earnings call: Remarks from our ...
[00:41:32] Summarizer: [Batch] 2 item(s) missing from response → marked for reprocessing
[00:41:49] Summarizer: [Batch] 4 item(s) missing from response → marked for reprocessing
[00:48:57] Summarizer: [DownloadWorker-5] SKIP (duplicate title): Új mérettel rázta fel a hajtogatható tel...
[00:49:07] Summarizer: [DownloadWorker-5] SKIP (duplicate title): Megérkezett a Pókember: Vadonatúj nap vé...
[00:49:08] Summarizer: [DownloadWorker-0] SKIP (duplicate title): Új párja van Olivia Rodrigonak...
[00:49:12] Summarizer: [MissingDetector] ⚠️ PAIRING FAIL: 'https://www.koncert.hu/hirek/zenei-hir/balatonszemesen-avatjak-fel-magyarorszag-elso-freddie-mercury-szobrath-15329' not found. KEEPING ITEM (Fallback).
[00:49:12] Summarizer: [Batch] 1 item(s) missing from response → marked for reprocessing
[00:49:12] Summarizer: [FreeGeminiAPI_3] ⚠️ PAIRING FAIL: 'https://www.koncert.hu/hirek/zenei-hir/balatonszemesen-avatjak-fel-magyarorszag-elso-freddie-mercury-szobrath-15329' not found. KEEPING ITEM (Fallback).
[01:05:41] Summarizer: [DownloadWorker-8] SKIP (duplicate title): Franklin Templeton Says Agentic AI Is Cr...
[01:06:10] Summarizer: [DownloadWorker-0] SKIP (duplicate title): Hivatali visszaélés miatt indult nyomozá...
[01:06:20] Summarizer: [DownloadWorker-6] SKIP (duplicate title): Délelőtti videó 1.: LEGO One Piece...
[01:40:05] Summarizer: TIMEOUT (180s) - backend call took too long
[01:40:05] Summarizer: [Batch] No response from API (attempt 1/3)
[01:40:08] Summarizer: TIMEOUT (180s) - backend call took too long
[01:40:08] Summarizer: [Batch] No response from API (attempt 1/3)
[01:40:25] Summarizer: [MissingDetector] ⚠️ PAIRING FAIL: 'https://444.hu/2026/07/22/poloskak-helyett-csotanyok-utcara-mentek-india-magukra-hagyott-fiataljai-a-rendorseg-kokemenyen-csapott-le-rajuk?utm_source=rss_feed&utm_medium=rss&rss_campaign=rss_syndication' not found. KEEPING ITEM (Fallback).
[01:40:25] Summarizer: [Batch] 1 item(s) missing from response → marked for reprocessing
[01:40:25] Summarizer: [FreeGeminiAPI_1] ⚠️ PAIRING FAIL: 'https://444.hu/2026/07/22/poloskak-helyett-csotanyok-utcara-mentek-india-magukra-hagyott-fiataljai-a-rendorseg-kokemenyen-csapott-le-rajuk?utm_source=rss_feed&utm_medium=rss&rss_campaign=rss_syndication' not found. KEEPING ITEM (Fallback).
[01:56:27] Image_Downloader: Download failed (https://esport1.hu/images/fb_share/6a60f6d5cd23d_6a60f6d5cd1f7-para-horrorjatek-lesz-a-black-lake-most-megjott-hozza-az-elso-elozetes.jpg): ('Connection aborted.', ConnectionResetError(54, 'Connection reset by peer'))
[01:56:45] Summarizer: TIMEOUT (180s) - backend call took too long
[01:56:45] Summarizer: [Batch] No response from API (attempt 1/3)
[02:46:16] Summarizer: TIMEOUT (180s) - backend call took too long
[02:46:16] Summarizer: [Batch] No response from API (attempt 1/3)
[02:46:23] Summarizer: TIMEOUT (180s) - backend call took too long
[02:46:23] Summarizer: [Batch] No response from API (attempt 1/3)
[03:02:45] Summarizer: [Batch] 2 item(s) missing from response → marked for reprocessing
[03:03:10] Summarizer: TIMEOUT (180s) - backend call took too long
[03:03:10] Summarizer: [Batch] No response from API (attempt 1/3)
[03:03:27] Summarizer: [MissingDetector] ⚠️ PAIRING FAIL: 'https://port.hu/cikk/stream/a-sarkanyok-haza-most-bizonyithatja-hogy-tanult-a-tronok-harca-hibaiból/article-129088' not found. KEEPING ITEM (Fallback).
[03:03:27] Summarizer: [Batch] 1 item(s) missing from response → marked for reprocessing
[03:03:27] Summarizer: [FreeGeminiAPI_3] ⚠️ PAIRING FAIL: 'https://port.hu/cikk/stream/a-sarkanyok-haza-most-bizonyithatja-hogy-tanult-a-tronok-harca-hibaiból/article-129088' not found. KEEPING ITEM (Fallback).
[03:03:31] Image_Downloader: Download failed (https://bitcoinmagazine.com/wp-content/uploads/2026/07/tn-7.webp): 404 Client Error: Not Found for url: https://bitcoinmagazine.com/wp-content/uploads/2026/07/tn-7.webp
[03:03:32] Summarizer: [MissingDetector] ⚠️ PAIRING FAIL: 'https://telex.hu/after/2026/07/22/10-ev-utan-fluor-ismet-a-petofi-radio-ban-jart' not found. KEEPING ITEM (Fallback).
[03:03:32] Summarizer: [Batch] 3 item(s) missing from response → marked for reprocessing
[03:03:32] Summarizer: [FreeGeminiAPI_2] ⚠️ PAIRING FAIL: 'https://telex.hu/after/2026/07/22/10-ev-utan-fluor-ismet-a-petofi-radio-ban-jart' not found. KEEPING ITEM (Fallback).
[03:03:36] Summarizer: [MissingDetector] ⚠️ PAIRING FAIL: 'https://esport1.hu/news/2026/07/22/gaming-egy-streamer-teljesen-kifektette-a-path-of-exile-2-t-az-elborult-otletavec-tzeus' not found. KEEPING ITEM (Fallback).
[03:03:36] Summarizer: [Batch] 1 item(s) missing from response → marked for reprocessing
[03:03:36] Summarizer: [FreeGeminiAPI_3] ⚠️ PAIRING FAIL: 'https://esport1.hu/news/2026/07/22/gaming-egy-streamer-teljesen-kifektette-a-path-of-exile-2-t-az-elborult-otletavec-tzeus' not found. KEEPING ITEM (Fallback).

--- RSS Fetch Errors at 2026-07-23 03:54:29 ---
Error fetching https://www.portfolio.hu/rss/: HTTP Error 404: 
Error fetching https://techpowerup.com/rss/news: HTTP Error 403: 
Error fetching https://leetgaming.com/feed/: Failed to perform, curl: (28) Connection timed out after 10002 milliseconds. See https://curl.se/libcurl/c/libcurl-errors.html first for more details.
Error fetching https://www.drive.com.au/feed/: HTTP Error 403: 
Error fetching https://velvet.hu/feed: HTTP Error 404: Not Found
Error fetching https://cliffhanger.hu/feed: HTTP Error 403: 
Error fetching https://femina.hu/feed: HTTP Error 404: Not Found
Error fetching https://hwsw.hu/hirek/rss: HTTP Error 404: 
Error fetching https://instylemen.hu/feed: HTTP Error 404: 
Error fetching https://bankless.com/feed: HTTP Error 500: 
[03:54:34] Summarizer: TIMEOUT (180s) - backend call took too long
[03:54:34] Summarizer: [Batch] No response from API (attempt 2/3)
[03:54:52] Summarizer: [DownloadWorker-8] SKIP (duplicate title): Balatonszemesen avatják fel Magyarország...
[04:11:44] Summarizer: [DownloadWorker-2] SKIP (duplicate title): Négycsillagos kényelem két keréken – új ...
[04:11:45] Summarizer: [DownloadWorker-1] SKIP (duplicate title): Breitling Honors James Bond’s Favorite A...
[04:11:58] Summarizer: [DownloadWorker-9] SKIP (duplicate title): Loic Nego debütáló meccsének első félide...
[04:12:13] Summarizer: [Batch] 2 item(s) missing from response → marked for reprocessing
[04:12:13] Summarizer: [DownloadWorker-8] SKIP (duplicate title): Beside Baskets Are Taking Over Tiktok. H...
[04:12:17] Summarizer: TIMEOUT (180s) - backend call took too long
[04:12:17] Summarizer: [Batch] No response from API (attempt 1/3)
[04:12:20] Summarizer: [Batch] 2 item(s) missing from response → marked for reprocessing
[04:12:21] Summarizer: TIMEOUT (180s) - backend call took too long
[04:12:21] Summarizer: [Batch] No response from API (attempt 1/3)
[04:12:22] Summarizer: [Batch] 2 item(s) missing from response → marked for reprocessing
[04:28:11] Summarizer: [Batch] 2 item(s) missing from response → marked for reprocessing
[04:28:16] Summarizer: [Batch] 1 item(s) missing from response → marked for reprocessing
[04:28:18] Summarizer: [MissingDetector] ⚠️ PAIRING FAIL: 'https://24.hu/sport/2026/07/22/uszzo-eb-kos-hubert-milak-kristof-nyilatkozat/' not found. KEEPING ITEM (Fallback).
[04:28:18] Summarizer: [Batch] 2 item(s) missing from response → marked for reprocessing
[04:28:18] Summarizer: [FreeGeminiAPI_2] ⚠️ PAIRING FAIL: 'https://24.hu/sport/2026/07/22/uszzo-eb-kos-hubert-milak-kristof-nyilatkozat/' not found. KEEPING ITEM (Fallback).
[04:28:26] Summarizer: [Batch] 1 item(s) missing from response → marked for reprocessing
[04:28:32] Summarizer: [Batch] 1 item(s) missing from response → marked for reprocessing
[04:28:34] Summarizer: [Batch] 1 item(s) missing from response → marked for reprocessing
[04:28:39] Summarizer: [Batch] 2 item(s) missing from response → marked for reprocessing
[04:28:47] Summarizer: [MissingDetector] ⚠️ PAIRING FAIL: 'https://www.penzcentrum.hu/karrier/20260722/igy-lehetsekes-a-tb-jogviszony-ellenorzese-online-is-lekerdezheto-a-tarsadalombiztositasi-jogviszony-1202675' not found. KEEPING ITEM (Fallback).
[04:28:47] Summarizer: [Batch] 4 item(s) missing from response → marked for reprocessing
[04:28:47] Summarizer: [FreeGeminiAPI_3] ⚠️ PAIRING FAIL: 'https://www.penzcentrum.hu/karrier/20260722/igy-lehetsekes-a-tb-jogviszony-ellenorzese-online-is-lekerdezheto-a-tarsadalombiztositasi-jogviszony-1202675' not found. KEEPING ITEM (Fallback).
[05:01:09] Summarizer: TIMEOUT (180s) - backend call took too long
[05:01:09] Summarizer: [Batch] No response from API (attempt 1/3)
[05:01:10] Summarizer: TIMEOUT (180s) - backend call took too long
[05:01:10] Summarizer: [Batch] No response from API (attempt 1/3)
[05:01:25] Summarizer: [Batch] 2 item(s) missing from response → marked for reprocessing
[05:16:54] Summarizer: [MissingDetector] ⚠️ PAIRING FAIL: 'https://444.hu/2026/07/22/a-horvatok-szerint-itt-az-ido-benyujtani-a-tortenelmi-szamlat-montenegroknak' not found. KEEPING ITEM (Fallback).
[05:16:54] Summarizer: [Batch] 3 item(s) missing from response → marked for reprocessing
[05:16:54] Summarizer: [FreeGeminiAPI_1] ⚠️ PAIRING FAIL: 'https://444.hu/2026/07/22/a-horvatok-szerint-itt-az-ido-benyujtani-a-tortenelmi-szamlat-montenegroknak' not found. KEEPING ITEM (Fallback).
[05:17:01] Summarizer: [Batch] 1 item(s) missing from response → marked for reprocessing
[05:17:05] Summarizer: TIMEOUT (180s) - backend call took too long
[05:17:05] Summarizer: [Batch] No response from API (attempt 1/3)
[05:17:08] Summarizer: TIMEOUT (180s) - backend call took too long
[05:17:08] Summarizer: [Batch] No response from API (attempt 1/3)
[05:17:09] Summarizer: [Batch] 1 item(s) missing from response → marked for reprocessing
[05:17:32] Summarizer: [Batch] 2 item(s) missing from response → marked for reprocessing
[05:33:33] Summarizer: [MissingDetector] ⚠️ PAIRING FAIL: 'https://www.portfolio.hu/bank/20260722/hirtelen-elleptek-az-ugyeszek-a-hires-bank-kozponti-irodajat-milliardos-adocsalast-kovethettek-el-a-botranyos-penzugyi-trukkezessel-nemetorszagban-851308' not found. KEEPING ITEM (Fallback).
[05:33:33] Summarizer: [Batch] 4 item(s) missing from response → marked for reprocessing
[05:33:33] Summarizer: [FreeGeminiAPI_1] ⚠️ PAIRING FAIL: 'https://www.portfolio.hu/bank/20260722/hirtelen-elleptek-az-ugyeszek-a-hires-bank-kozponti-irodajat-milliardos-adocsalast-kovethettek-el-a-botranyos-penzugyi-trukkezessel-nemetorszagban-851308' not found. KEEPING ITEM (Fallback).
[05:33:41] Summarizer: TIMEOUT (180s) - backend call took too long
[05:33:41] Summarizer: [Batch] No response from API (attempt 1/3)
[05:33:41] Summarizer: TIMEOUT (180s) - backend call took too long
[05:33:41] Summarizer: [Batch] No response from API (attempt 1/3)
[05:33:49] Summarizer: [Batch] 1 item(s) missing from response → marked for reprocessing
[05:33:57] Summarizer: [Batch] 1 item(s) missing from response → marked for reprocessing
[06:06:47] Summarizer: TIMEOUT (180s) - backend call took too long
[06:06:47] Summarizer: [Batch] No response from API (attempt 1/3)
[06:06:57] Summarizer: [Batch] No response from API (attempt 1/3)
[06:06:57] Summarizer: [Batch] No response from API (attempt 1/3)
[06:06:57] Summarizer: [Batch] No response from API (attempt 1/3)
[06:06:58] Summarizer: [Batch] No response from API (attempt 1/3)
[06:06:58] Summarizer: [Batch] No response from API (attempt 1/3)
[06:13:32] Summarizer: [Batch] 2 item(s) missing from response → marked for reprocessing
[06:13:33] Summarizer: [Batch] 1 item(s) missing from response → marked for reprocessing
[06:13:33] Summarizer: [Batch] 1 item(s) missing from response → marked for reprocessing
[06:13:40] Summarizer: [Batch] 1 item(s) missing from response → marked for reprocessing
[06:13:48] Summarizer: [MissingDetector] ⚠️ PAIRING FAIL: 'https://telex.hu/gazdasag/20260722/mol-uj-europa-alapitvany-kekva-megszunes' not found. KEEPING ITEM (Fallback).
[06:13:48] Summarizer: [Batch] 1 item(s) missing from response → marked for reprocessing
[06:13:48] Summarizer: [FreeGeminiAPI_2] ⚠️ PAIRING FAIL: 'https://telex.hu/gazdasag/20260722/mol-uj-europa-alapitvany-kekva-megszunes' not found. KEEPING ITEM (Fallback).
[06:13:49] Summarizer: [Batch] 2 item(s) missing from response → marked for reprocessing
[06:13:55] Image_Downloader: Download failed (https://i.cdn29.hu/apix_collect_c/ngg_images/2605/06/asha_sharma_xbox_ceo_064726_1_original_760x425_cover.jpg): HTTPSConnectionPool(host='i.cdn29.hu', port=443): Read timed out. (read timeout=5)
[06:13:56] Image_Downloader: Download failed (https://pcdn.hu/articles/images-xl/4/9/a/49ad4c45-eaa1-4f96-ac88-beee0de89ada-831264.jpg): HTTPSConnectionPool(host='pcdn.hu', port=443): Read timed out. (read timeout=5)
[06:30:27] Image_Downloader: Download failed (https://kep.cdn.index.hu/1/0/6867/68671/686716/68671687_5068821_62a3166da9886003c8ad052803eaa238_wm.jpg): ("Connection broken: ConnectionResetError(54, 'Connection reset by peer')", ConnectionResetError(54, 'Connection reset by peer'))

--- RSS Fetch Errors at 2026-07-23 06:30:27 ---
Error fetching https://www.portfolio.hu/rss/: HTTP Error 404: 
Error fetching https://techpowerup.com/rss/news: HTTP Error 403: 
Error fetching https://www.drive.com.au/feed/: HTTP Error 403: 
Error fetching https://leetgaming.com/feed/: Failed to perform, curl: (28) Connection timed out after 10003 milliseconds. See https://curl.se/libcurl/c/libcurl-errors.html first for more details.
Error fetching https://velvet.hu/feed: HTTP Error 404: Not Found
Error fetching https://femina.hu/feed: HTTP Error 404: Not Found
Error fetching https://hwsw.hu/hirek/rss: HTTP Error 404: 
Error fetching https://cliffhanger.hu/feed: HTTP Error 403: 
Error fetching https://instylemen.hu/feed: HTTP Error 404: 
Error fetching https://index.hu/tudomany/til/rss/: Failed to perform, curl: (28) Connection timed out after 10002 milliseconds. See https://curl.se/libcurl/c/libcurl-errors.html first for more details.
Error fetching https://mafab.hu/rss: Failed to perform, curl: (28) Connection timed out after 991454 milliseconds. See https://curl.se/libcurl/c/libcurl-errors.html first for more details.
Error fetching https://caravantimes.co.uk/feed: Failed to perform, curl: (28) Operation timed out after 994086 milliseconds with 0 bytes received. See https://curl.se/libcurl/c/libcurl-errors.html first for more details.
Error fetching https://bankless.com/feed: Failed to perform, curl: (28) Operation timed out after 994141 milliseconds with 10934 bytes received. See https://curl.se/libcurl/c/libcurl-errors.html first for more details.
[06:30:28] Image_Downloader: Download failed (https://techcrunch.com/wp-content/uploads/2026/07/banner.png?resize=1200,750): HTTPSConnectionPool(host='techcrunch.com', port=443): Read timed out. (read timeout=5)
[06:30:28] Image_Downloader: Download failed (https://pcdn.hu/articles/images-xl/g/e/t/gettyimages-2267545281-843366.jpg): ('Connection aborted.', ConnectionResetError(54, 'Connection reset by peer'))
[06:30:31] Summarizer: [Batch] No response from API (attempt 1/3)
[06:31:00] Summarizer: [MissingDetector] ⚠️ PAIRING FAIL: 'https://www.portfolio.hu/uzlet/20260722/kiszivargott-a-tervezet-kemeny-korlatozast-vezetne-be-az-egyesult-allamok-az-elnok-kriptos-uzleteire-851448' not found. KEEPING ITEM (Fallback).
[06:31:00] Summarizer: [Batch] 1 item(s) missing from response → marked for reprocessing
[06:31:00] Summarizer: [FreeGeminiAPI_3] ⚠️ PAIRING FAIL: 'https://www.portfolio.hu/uzlet/20260722/kiszivargott-a-tervezet-kemeny-korlatozast-vezetne-be-az-egyesult-allamok-az-elnok-kriptos-uzleteire-851448' not found. KEEPING ITEM (Fallback).
[06:31:06] Image_Downloader: Download failed (https://pcdn.hu/articles/images-xl/i/m/g/img-1558-842848.jpg): HTTPSConnectionPool(host='pcdn.hu', port=443): Read timed out. (read timeout=5)
[06:46:55] Image_Downloader: Download failed (https://pcdn.hu/articles/images-xl/g/e/t/gettyimages-2040270613-tozsde-grafikon-reszvenyarfolyam-arfolyam-befektetes-penzugy-keresked-840608.jpg): HTTPSConnectionPool(host='pcdn.hu', port=443): Read timed out. (read timeout=5)
[06:47:10] Summarizer: [DownloadWorker-2] SKIP (duplicate title): Balatonszemesen avatják fel Magyarország...
[06:47:12] Summarizer: [DownloadWorker-4] SKIP (duplicate title): Tizennégy tengeri teknősfiókát mentettek...
[06:47:13] Summarizer: [DownloadWorker-9] SKIP (duplicate title): Breitling Honors James Bond’s Favorite A...
[06:47:23] Summarizer: [Batch] 2 item(s) missing from response → marked for reprocessing
[06:47:28] Summarizer: [DownloadWorker-5] SKIP (duplicate title): Négycsillagos kényelem két keréken – új ...
[06:47:31] Summarizer: [DownloadWorker-1] SKIP (duplicate title): 3 csillagjegy, akik a zodiákus legfeledé...
[06:47:31] Summarizer: [DownloadWorker-5] SKIP (duplicate title): Délelőtti videó 2.: The Undeclared War...
[06:47:39] Summarizer: [DownloadWorker-3] SKIP (duplicate title): Kós Hubert: Nem vesz el semmit Milák Kri...
[06:47:39] Summarizer: [Batch] 1 item(s) missing from response → marked for reprocessing
[06:47:40] Summarizer: [DownloadWorker-0] SKIP (duplicate title): Phillies Owner Sends ‘Horrible’ Rob Thom...
[06:47:41] Summarizer: [Batch] 1 item(s) missing from response → marked for reprocessing
[06:47:44] Summarizer: [DownloadWorker-0] SKIP (duplicate title): Mint egy szuperhős...
[06:47:45] Summarizer: [Batch] 2 item(s) missing from response → marked for reprocessing
[06:47:46] Summarizer: [DownloadWorker-8] SKIP (duplicate title): Loic Nego debütáló meccsének első félide...
[06:47:48] Summarizer: [DownloadWorker-8] SKIP (duplicate title): Wednesday: Book of Outcasts...
[06:47:48] Summarizer: [Batch] 2 item(s) missing from response → marked for reprocessing
[06:47:52] Summarizer: [Batch] 4 item(s) missing from response → marked for reprocessing
[06:47:53] Summarizer: [Batch] 2 item(s) missing from response → marked for reprocessing
[07:05:14] Image_Downloader: Download failed (https://pcdn.hu/articles/images-lg/h/i/a/hiaba-no-a-termeles-draga-maradhat-az-olaj-294151.jpg): ("Connection broken: ConnectionResetError(54, 'Connection reset by peer')", ConnectionResetError(54, 'Connection reset by peer'))
[07:05:14] Summarizer: [DownloadWorker-5] SKIP (duplicate title): Conan O’Brien @ Jimmy Kimmel...
[07:05:16] Summarizer: [DownloadWorker-7] SKIP (duplicate title): StarCraft 2 is included in Blizzard's Bl...
[07:05:17] Summarizer: [DownloadWorker-0] SKIP (duplicate title): Best WordPress Hosting for Building a Su...
[07:05:22] Summarizer: [MissingDetector] ⚠️ PAIRING FAIL: 'https://www.forbes.com/sites/shivaramrajgolog/2026/07/22/spacex-got-an-esg-rating-of-ccc-but-how-many-billions-is-ccc-worth/' not found. KEEPING ITEM (Fallback).
[07:05:22] Summarizer: [Batch] 1 item(s) missing from response → marked for reprocessing
[07:05:22] Summarizer: [FreeGeminiAPI_1] ⚠️ PAIRING FAIL: 'https://www.forbes.com/sites/shivaramrajgolog/2026/07/22/spacex-got-an-esg-rating-of-ccc-but-how-many-billions-is-ccc-worth/' not found. KEEPING ITEM (Fallback).
[07:05:24] Summarizer: [DownloadWorker-7] SKIP (duplicate title): Save $100 Off a Like New Asus ROG Xbox A...
[07:05:26] Summarizer: [DownloadWorker-3] SKIP (duplicate title): Beside Baskets Are Taking Over Tiktok. H...
[07:05:30] Summarizer: [Batch] 2 item(s) missing from response → marked for reprocessing
[07:05:37] Summarizer: TIMEOUT (180s) - backend call took too long
[07:05:37] Summarizer: [Batch] No response from API (attempt 2/3)
[07:05:39] Summarizer: [MissingDetector] ⚠️ PAIRING FAIL: 'https://telex.hu/after/2026/07/22/10-ev-utan-fluor-ismet-a-petofi-radio-ban-jart' not found. KEEPING ITEM (Fallback).
[07:05:39] Summarizer: [Batch] 2 item(s) missing from response → marked for reprocessing
[07:05:39] Summarizer: [FreeGeminiAPI_1] ⚠️ PAIRING FAIL: 'https://telex.hu/after/2026/07/22/10-ev-utan-fluor-ismet-a-petofi-radio-ban-jart' not found. KEEPING ITEM (Fallback).
[07:05:50] Summarizer: [DownloadWorker-1] SKIP (duplicate title): Table Mountain’s Watershed Principle For...
[07:05:59] Summarizer: TIMEOUT (180s) - backend call took too long
[07:05:59] Summarizer: [Batch] No response from API (attempt 1/3)
[07:06:04] Summarizer: [Batch] 1 item(s) missing from response → marked for reprocessing
[07:06:14] Summarizer: TIMEOUT (180s) - backend call took too long
[07:06:14] Summarizer: [Batch] No response from API (attempt 1/3)
[07:06:14] Summarizer: [Batch] 1 item(s) missing from response → marked for reprocessing
[07:14:16] Summarizer: Reprocessing 6 pairing failures from data.json
[07:14:19] Image_Downloader: Download failed (https://images.unsplash.com/photo-1621508654612-30191831e33d): 404 Client Error: Not Found for url: https://images.unsplash.com/photo-1621508654612-30191831e33d
[07:30:29] Summarizer: TIMEOUT (180s) - backend call took too long
[07:30:29] Summarizer: [Batch] No response from API (attempt 1/3)
[07:30:48] Summarizer: [MissingDetector] ⚠️ PAIRING FAIL: 'https://www.portfolio.hu/bank/20260720/vegre-megleptek-sokakat-erintö-valtozas-jott-a-revolut-bankkartyainal-850768' not found. KEEPING ITEM (Fallback).
[07:30:48] Summarizer: [Batch] 1 item(s) missing from response → marked for reprocessing
[07:30:48] Summarizer: [FreeGeminiAPI_3] ⚠️ PAIRING FAIL: 'https://www.portfolio.hu/bank/20260720/vegre-megleptek-sokakat-erintö-valtozas-jott-a-revolut-bankkartyainal-850768' not found. KEEPING ITEM (Fallback).
[07:30:53] Summarizer: Reprocessing 10 pairing failures from data.json
[07:47:08] Summarizer: TIMEOUT (180s) - backend call took too long
[07:47:08] Summarizer: [Batch] No response from API (attempt 1/3)
[07:47:25] Summarizer: [MissingDetector] ⚠️ PAIRING FAIL: 'https://www.ign.com/articles/dont-watch-the-brilliantly-disgusting-clayface-trailer-while-you-re-eating' not found. KEEPING ITEM (Fallback).
[07:47:25] Summarizer: [Batch] 1 item(s) missing from response → marked for reprocessing
[07:47:25] Summarizer: [FreeGeminiAPI_2] ⚠️ PAIRING FAIL: 'https://www.ign.com/articles/dont-watch-the-brilliantly-disgusting-clayface-trailer-while-you-re-eating' not found. KEEPING ITEM (Fallback).
[07:47:30] Summarizer: Reprocessing 11 pairing failures from data.json
[07:55:21] Summarizer: Reprocessing stopped early (time limit), 10 items remaining.
