[00:06:42] Summarizer: [Batch] No response from API (attempt 1/3)
[00:06:51] Summarizer: [Batch] 1 item(s) missing from response → marked for reprocessing
[00:06:51] Image_Downloader: ❌ All API keys exhausted (rate limit on all)
[00:06:54] Summarizer: [Batch] No response from API (attempt 2/3)
[00:07:05] Summarizer: [Batch] No response from API (attempt 3/3)
[00:07:06] Summarizer: [Batch] 5 item(s) missing from response → marked for reprocessing
[00:07:48] Summarizer: [Batch] No response from API (attempt 1/3)
[00:08:00] Summarizer: [Batch] No response from API (attempt 2/3)
[00:08:11] Summarizer: [Batch] No response from API (attempt 3/3)
[00:09:04] Summarizer: [Batch] 1 item(s) missing from response → marked for reprocessing
[00:09:08] Summarizer: [Batch] No response from API (attempt 1/3)
[00:09:20] Summarizer: [Batch] No response from API (attempt 2/3)
[00:09:31] Summarizer: [Batch] No response from API (attempt 3/3)
[00:09:42] Summarizer: [Batch] 1 item(s) missing from response → marked for reprocessing
[00:09:44] Summarizer: [Batch] No response from API (attempt 1/3)
[00:09:56] Summarizer: [Batch] No response from API (attempt 2/3)
[00:10:07] Summarizer: [Batch] No response from API (attempt 3/3)
[00:10:09] Summarizer: [Batch] No response from API (attempt 1/3)
[00:10:21] Summarizer: [Batch] No response from API (attempt 2/3)
[00:10:25] Summarizer: [Batch] 2 item(s) missing from response → marked for reprocessing
[00:10:33] Summarizer: [Batch] No response from API (attempt 3/3)
[00:10:40] Summarizer: [Batch] No response from API (attempt 1/3)
[00:10:48] Summarizer: [Batch] 2 item(s) missing from response → marked for reprocessing
[00:10:51] Summarizer: [Batch] No response from API (attempt 2/3)
[00:11:03] Summarizer: [Batch] No response from API (attempt 3/3)
[00:11:10] Summarizer: [Batch] No response from API (attempt 1/3)
[00:11:16] Summarizer: [DownloadWorker-6] SKIP (duplicate title): Filmek, képek, díjak...
[00:11:21] Summarizer: [Batch] No response from API (attempt 2/3)
[00:11:26] Summarizer: [Batch] 1 item(s) missing from response → marked for reprocessing
[00:11:30] Summarizer: [Batch] Invalid JSON (attempt 1/3)
[00:11:30] Summarizer: [Batch] Invalid JSON error: json.loads failed (pass 1): Expecting value: line 5 column 16 (char 148)
[00:11:30] Summarizer: [Batch] Invalid JSON error: json.loads failed (pass 2): Expecting value: line 5 column 16 (char 148)
[00:11:30] Summarizer: [Batch] Invalid JSON error: json.loads failed (pass 3): Expecting value: line 5 column 16 (char 148)
[00:11:30] Summarizer: [Batch] Invalid JSON error: Iterative repair stuck at round 3: Expecting property name enclosed in double quotes: line 5 column 21 (char 153)
[00:11:30] Summarizer: [Batch] Invalid JSON error: Final parse error: JSONDecodeError('Expecting value: line 5 column 16 (char 148)')
[00:11:30] Summarizer: [Batch] Attempting JSON repair...
[00:11:32] Summarizer: [Batch] No response from API (attempt 3/3)
[00:11:34] Summarizer: [Batch] No response from API (attempt 1/3)
[00:11:46] Summarizer: [Batch] No response from API (attempt 2/3)
[00:11:57] Summarizer: [Batch] No response from API (attempt 3/3)
[00:12:11] Summarizer: [Batch] No response from API (attempt 1/3)
[00:12:22] Summarizer: [Batch] No response from API (attempt 2/3)
[00:12:34] Summarizer: [Batch] No response from API (attempt 3/3)
[00:12:35] Summarizer: [Batch] No response from API (attempt 1/3)
[00:12:47] Summarizer: [Batch] No response from API (attempt 2/3)
[00:12:58] Summarizer: [Batch] No response from API (attempt 3/3)
[00:12:58] Summarizer: [Batch] 1 item(s) missing from response → marked for reprocessing
[00:13:13] Summarizer: [Batch] No response from API (attempt 1/3)
[00:13:19] Summarizer: [DownloadWorker-0] SKIP (duplicate title): Filmek, képek, díjak...
[00:13:24] Summarizer: [Batch] No response from API (attempt 2/3)
[00:13:36] Summarizer: [Batch] No response from API (attempt 3/3)
[00:13:43] Summarizer: [Batch] No response from API (attempt 1/3)
[00:13:50] Summarizer: [Batch] 3 item(s) missing from response → marked for reprocessing
[00:13:54] Summarizer: [Batch] No response from API (attempt 2/3)
[00:14:06] Summarizer: [Batch] No response from API (attempt 3/3)
[00:14:19] Summarizer: [Batch] No response from API (attempt 1/3)
[00:14:31] Summarizer: [Batch] No response from API (attempt 2/3)
[00:14:42] Summarizer: [Batch] No response from API (attempt 3/3)
[00:14:49] Summarizer: [Batch] No response from API (attempt 1/3)
[00:14:54] Summarizer: [Batch] 1 item(s) missing from response → marked for reprocessing
[00:15:01] Summarizer: [Batch] No response from API (attempt 2/3)
[00:15:12] Summarizer: [Batch] No response from API (attempt 3/3)
[00:15:20] Summarizer: [DownloadWorker-5] SKIP (duplicate title): Véget ért az online szakasz, megvan a Ti...
[00:15:26] Summarizer: [Batch] No response from API (attempt 1/3)
[00:15:32] Summarizer: [DownloadWorker-4] SKIP (duplicate title): Filmek, képek, díjak...
[00:15:38] Summarizer: [Batch] No response from API (attempt 2/3)
[00:15:49] Summarizer: [Batch] No response from API (attempt 3/3)
[00:16:38] Summarizer: [Batch] No response from API (attempt 1/3)
[00:16:49] Summarizer: [Batch] No response from API (attempt 2/3)
[00:17:01] Summarizer: [Batch] No response from API (attempt 3/3)
[00:17:36] Summarizer: [Batch] No response from API (attempt 1/3)
[00:17:48] Summarizer: [Batch] No response from API (attempt 2/3)
[00:17:59] Summarizer: [Batch] No response from API (attempt 3/3)
[00:18:42] Summarizer: [Batch] No response from API (attempt 1/3)
[00:18:53] Summarizer: [Batch] No response from API (attempt 2/3)
[00:19:05] Summarizer: [Batch] No response from API (attempt 3/3)
[00:20:23] Image_Downloader: ❌ All API keys exhausted (rate limit on all)
[00:20:23] Image_Downloader: ❌ All API keys exhausted (rate limit on all)
[00:20:23] Image_Downloader: ❌ All API keys exhausted (rate limit on all)
[00:20:23] Image_Downloader: ❌ All API keys exhausted (rate limit on all)
[00:20:24] Image_Downloader: ❌ All API keys exhausted (rate limit on all)
[00:20:24] Image_Downloader: ❌ All API keys exhausted (rate limit on all)
[00:20:24] Image_Downloader: ❌ All API keys exhausted (rate limit on all)
[00:20:24] Image_Downloader: ❌ All API keys exhausted (rate limit on all)
[00:20:24] Image_Downloader: ❌ All API keys exhausted (rate limit on all)
[00:20:24] Image_Downloader: ❌ All API keys exhausted (rate limit on all)
[00:20:24] Image_Downloader: ❌ All API keys exhausted (rate limit on all)
[00:20:24] Image_Downloader: ❌ All API keys exhausted (rate limit on all)
[00:20:24] Image_Downloader: ❌ All API keys exhausted (rate limit on all)
[00:20:24] Image_Downloader: ❌ All API keys exhausted (rate limit on all)
[00:20:24] Image_Downloader: ❌ All API keys exhausted (rate limit on all)
[00:20:25] Image_Downloader: ❌ All API keys exhausted (rate limit on all)
[00:20:25] Image_Downloader: ❌ All API keys exhausted (rate limit on all)
[00:20:25] Image_Downloader: ❌ All API keys exhausted (rate limit on all)
[00:20:25] Image_Downloader: ❌ All API keys exhausted (rate limit on all)
[00:20:25] Image_Downloader: ❌ All API keys exhausted (rate limit on all)
