
--- RSS Fetch Errors at 2026-07-11 00:42:49 ---
Error fetching https://techpowerup.com/rss/news: HTTP Error 403: 
Error fetching https://www.drive.com.au/feed/: HTTP Error 403: 
Error fetching https://leetgaming.com/feed/: Failed to perform, curl: (28) Connection timed out after 10003 milliseconds. See https://curl.se/libcurl/c/libcurl-errors.html first for more details.
Error fetching https://velvet.hu/feed: HTTP Error 404: Not Found
Error fetching https://femina.hu/feed: HTTP Error 404: Not Found
Error fetching https://cliffhanger.hu/feed: HTTP Error 403: 
Error fetching https://instylemen.hu/feed: HTTP Error 404: 
Error fetching https://index.hu/tudomany/til/rss/: Failed to perform, curl: (28) Connection timed out after 10001 milliseconds. See https://curl.se/libcurl/c/libcurl-errors.html first for more details.
Error fetching https://www.maxim.com/feed: Failed to perform, curl: (28) Connection timed out after 10002 milliseconds. See https://curl.se/libcurl/c/libcurl-errors.html first for more details.
Error fetching https://hwsw.hu/hirek/rss: Failed to perform, curl: (28) Connection timed out after 10003 milliseconds. See https://curl.se/libcurl/c/libcurl-errors.html first for more details.
Error fetching https://sokszinuvidek.24.hu/?oembed=true&format=xml&url=https%3A%2F%2Fsokszinuvidek.24.hu%2F: Failed to perform, curl: (28) Connection timed out after 10003 milliseconds. See https://curl.se/libcurl/c/libcurl-errors.html first for more details.
[00:43:12] Summarizer: [Batch] 4 item(s) missing from response → marked for reprocessing
[00:43:18] Summarizer: [Batch] 2 item(s) missing from response → marked for reprocessing
[00:43:21] Summarizer: [DownloadWorker-7] SKIP (duplicate title): Circle (CRCL) Wins Final OCC Approval fo...
[00:43:25] Summarizer: [MissingDetector] ⚠️ PAIRING FAIL: 'https://www.pcguru.hu/hirek/tech-hatalmasat-ugorhatnak-uzemidobe-a-xiaomi-kovetkezo-csucskeszulekei-tbr/102288' not found. KEEPING ITEM (Fallback).
[00:43:25] Summarizer: [Batch] 1 item(s) missing from response → marked for reprocessing
[00:43:25] Summarizer: [FreeGeminiAPI_1] ⚠️ PAIRING FAIL: 'https://www.pcguru.hu/hirek/tech-hatalmasat-ugorhatnak-uzemidobe-a-xiaomi-kovetkezo-csucskeszulekei-tbr/102288' not found. KEEPING ITEM (Fallback).
[00:43:26] Image_Downloader: Download failed (http://default): HTTPConnectionPool(host='default', port=80): Max retries exceeded with url: / (Caused by NameResolutionError("HTTPConnection(host='default', port=80): Failed to resolve 'default' ([Errno 8] nodename nor servname provided, or not known)"))
[00:43:39] Summarizer: [DownloadWorker-9] SKIP (duplicate title): Circle Wins OCC Approval for National Tr...
[00:43:40] Summarizer: [Batch] 1 item(s) missing from response → marked for reprocessing
[00:43:42] Summarizer: [DownloadWorker-9] SKIP (duplicate title): Családi filmek a tévében szombatra...
[00:56:31] Image_Downloader: Download failed (https://s.24.hu/app/uploads/2026/07/debre20260320014-e1783712503374-1440x810_wm.jpg): ("Connection broken: ConnectionResetError(54, 'Connection reset by peer')", ConnectionResetError(54, 'Connection reset by peer'))
[00:56:31] Image_Downloader: Download failed (https://techcrunch.com/wp-content/uploads/2026/07/Copy-of-DumbCo-Launch-Party-Dinner-58-of-64.jpg?resize=1200,796): ('Connection aborted.', ConnectionResetError(54, 'Connection reset by peer'))
[00:56:50] Summarizer: [MissingDetector] ⚠️ PAIRING FAIL: 'https://www.pcgamer.com/gaming-industry/id-software-provides-proof-of-life-says-it-still-has-the-crew-we-need-to-build-the-games-and-tech-we-re-known-for-after-massive-layoffs/' not found. KEEPING ITEM (Fallback).
[00:56:50] Summarizer: [Batch] 2 item(s) missing from response → marked for reprocessing
[00:56:50] Summarizer: [FreeGeminiAPI_3] ⚠️ PAIRING FAIL: 'https://www.pcgamer.com/gaming-industry/id-software-provides-proof-of-life-says-it-still-has-the-crew-we-need-to-build-the-games-and-tech-we-re-known-for-after-massive-layoffs/' not found. KEEPING ITEM (Fallback).
[00:57:03] Summarizer: [DownloadWorker-8] SKIP (duplicate title): What To Watch This Weekend: New Shows An...
[00:57:03] Summarizer: [DownloadWorker-0] SKIP (duplicate title): How to Play the Grand Theft Auto Games i...
[00:57:17] Summarizer: [DownloadWorker-1] SKIP (duplicate title): Szeleczky Ádám lett a Duna ideiglenes cs...
[00:57:24] Summarizer: [DownloadWorker-3] SKIP (duplicate title): Get a Travel-Friendly Orico Power Strip ...
[00:57:30] Summarizer: [Batch] 1 item(s) missing from response → marked for reprocessing
[00:57:37] Summarizer: [Batch] 1 item(s) missing from response → marked for reprocessing
[01:47:39] Summarizer: TIMEOUT (180s) - backend call took too long
[01:47:39] Summarizer: [Batch] No response from API (attempt 1/3)
[01:47:40] Summarizer: TIMEOUT (180s) - backend call took too long
[01:47:40] Summarizer: [Batch] No response from API (attempt 1/3)
[01:48:08] Image_Downloader: Download failed (https://www.mafab.hu/static/thumb/w1000/2025t/336/11/688525_1764759589.4837.jpg): HTTPSConnectionPool(host='www.mafab.hu', port=443): Read timed out. (read timeout=5)
[01:48:08] Image_Downloader: Download failed (https://assets.4cdn.hu/kraken/8MektKf9Vh4X1Ofvms-lg.jpeg): HTTPSConnectionPool(host='assets.4cdn.hu', port=443): Read timed out. (read timeout=5)
[01:48:20] Summarizer: [MissingDetector] ⚠️ PAIRING FAIL: 'https://index.hu/belfold/2026/07/10/dobrev-klara-micheael-mcgrath-targyalas-magyarorszar-unios-forrasok/' not found. KEEPING ITEM (Fallback).
[01:48:20] Summarizer: [Batch] 2 item(s) missing from response → marked for reprocessing
[01:48:20] Summarizer: [FreeGeminiAPI_2] ⚠️ PAIRING FAIL: 'https://index.hu/belfold/2026/07/10/dobrev-klara-micheael-mcgrath-targyalas-magyarorszar-unios-forrasok/' not found. KEEPING ITEM (Fallback).
[02:04:29] Summarizer: TIMEOUT (180s) - backend call took too long
[02:04:29] Summarizer: [Batch] No response from API (attempt 1/3)
[02:04:45] Summarizer: [Batch] 2 item(s) missing from response → marked for reprocessing
[02:54:21] Summarizer: TIMEOUT (180s) - backend call took too long
[02:54:21] Summarizer: [Batch] No response from API (attempt 1/3)
[02:54:21] Summarizer: TIMEOUT (180s) - backend call took too long
[02:54:21] Summarizer: [Batch] No response from API (attempt 1/3)
[03:12:20] Summarizer: Reprocessing 3 pairing failures from data.json

--- RSS Fetch Errors at 2026-07-11 03:46:38 ---
Error fetching https://www.drive.com.au/feed/: HTTP Error 403: 
Error fetching https://techpowerup.com/rss/news: HTTP Error 403: 
Error fetching https://leetgaming.com/feed/: Failed to perform, curl: (28) Connection timed out after 10003 milliseconds. See https://curl.se/libcurl/c/libcurl-errors.html first for more details.
Error fetching https://velvet.hu/feed: HTTP Error 404: Not Found
Error fetching https://femina.hu/feed: HTTP Error 404: Not Found
Error fetching https://hwsw.hu/hirek/rss: HTTP Error 404: 
Error fetching https://instylemen.hu/feed: HTTP Error 404: 
Error fetching https://cliffhanger.hu/feed: HTTP Error 403: 
Error fetching https://sokszinuvidek.24.hu/?oembed=true&format=xml&url=https%3A%2F%2Fsokszinuvidek.24.hu%2F: Failed to perform, curl: (28) Connection timed out after 968185 milliseconds. See https://curl.se/libcurl/c/libcurl-errors.html first for more details.
Error fetching https://sokszinuvidek.24.hu/feed/: Failed to perform, curl: (28) Connection timed out after 968186 milliseconds. See https://curl.se/libcurl/c/libcurl-errors.html first for more details.
[03:51:21] Summarizer: [Batch] 2 item(s) missing from response → marked for reprocessing
[03:51:33] Summarizer: [DownloadWorker-2] SKIP (duplicate title): Using Your iPhone at Night? Here's How Y...
[03:51:37] Image_Downloader: Download failed (https://static.wikia.nocookie.net/doom/images/3/34/Id_Software_logo.png): 404 Client Error: Not Found for url: https://static.wikia.nocookie.net/doom/images/3/34/Id_Software_logo.png
[03:51:40] Summarizer: [Batch] 1 item(s) missing from response → marked for reprocessing
[03:52:00] Summarizer: [DownloadWorker-8] SKIP (duplicate title): India a Prime Video-n...
[03:52:01] Image_Downloader: Download failed (https://media.gettyimages.com/id/sarki_feny_illusztracio): 400 Client Error: Bad Request for url: https://media.gettyimages.com/id/sarki_feny_illusztracio
[03:52:03] Summarizer: [DownloadWorker-0] SKIP (duplicate title): The latest AI news we announced in June ...
[03:52:04] Summarizer: [DownloadWorker-6] SKIP (duplicate title): Elhunyt Bonnie Tyler, a „Total Eclipse o...
[03:52:04] Summarizer: [DownloadWorker-4] SKIP (duplicate title): Dobrev Klára: Az uniós pénzeket nem Orbá...
[03:52:30] Summarizer: [DownloadWorker-9] SKIP (duplicate title): A férfi, aki bejön nekünk: Mehringer Mar...
[03:52:38] Summarizer: [DownloadWorker-2] SKIP (duplicate title): id Software provides proof of life, says...
[03:52:39] Summarizer: [DownloadWorker-0] SKIP (duplicate title): Milk Road...
[03:52:41] Summarizer: [Batch] 1 item(s) missing from response → marked for reprocessing
[03:52:42] Summarizer: [DownloadWorker-7] SKIP (duplicate title): Kiderült, mikor láthatjuk a Rick és Mort...
[03:52:43] Summarizer: [DownloadWorker-3] SKIP (duplicate title): Idén lett 20 éves a Lucasfilm Animation...
[03:52:43] Summarizer: [DownloadWorker-2] SKIP (duplicate title): Volkswagen’s EV van makes a surprise com...
[03:52:43] Summarizer: [DownloadWorker-9] SKIP (duplicate title): Little Nightmares III – The Backstage DL...
[03:52:45] Summarizer: [DownloadWorker-0] SKIP (duplicate title): Do You Need Special Gear To Enjoy Online...
[03:52:46] Summarizer: [DownloadWorker-5] SKIP (duplicate title): 'This All Could Have Been Avoided': Dem ...
[03:52:48] Summarizer: [DownloadWorker-5] SKIP (duplicate title): Milk Road...
[03:52:49] Summarizer: [DownloadWorker-9] SKIP (duplicate title): What's The Best EV We've Ever Tested?...
[03:52:49] Summarizer: [Batch] 1 item(s) missing from response → marked for reprocessing
[03:52:53] Summarizer: [DownloadWorker-2] SKIP (duplicate title): Emmy-díjra jelölték Rév Marcellt...
[03:52:53] Summarizer: [Batch] 1 item(s) missing from response → marked for reprocessing
[03:52:55] Summarizer: [DownloadWorker-5] SKIP (duplicate title): Hétvégi szerelmi horoszkóp: nagy vallomá...
[03:52:57] Summarizer: [DownloadWorker-4] SKIP (duplicate title): Podcast: Rivian goes to market, Xiaomi g...
[03:52:57] Summarizer: [DownloadWorker-0] SKIP (duplicate title): 3 Norwegian Cities Every World Cup Fan S...
[03:52:57] Summarizer: [DownloadWorker-7] SKIP (duplicate title): Egészen durva fizetéscsökkenést is késze...
[03:52:58] Summarizer: [DownloadWorker-5] SKIP (duplicate title): Ez már tényleg a Super Mario 2 utolsó el...
[03:53:00] Summarizer: [Batch] 2 item(s) missing from response → marked for reprocessing
[03:53:03] Summarizer: [DownloadWorker-3] SKIP (duplicate title): Az Intel gyorsabb Core Ultra processzoro...
[03:53:07] Summarizer: [Batch] 2 item(s) missing from response → marked for reprocessing
[03:53:07] Summarizer: [DownloadWorker-0] SKIP (duplicate title): Milk Road...
[03:53:07] Summarizer: [DownloadWorker-2] SKIP (duplicate title): A Microsoft összeolvasztja a Windows és ...
[03:53:11] Summarizer: [DownloadWorker-4] SKIP (duplicate title): Új Street Fighter-kedvcsináló érkezett...
[03:53:14] Summarizer: [DownloadWorker-1] SKIP (duplicate title): Az Európai Unió be fogja tiltani a mezte...
[04:09:06] Summarizer: [DownloadWorker-9] SKIP (duplicate title): Milk Road...
[04:09:07] Summarizer: [DownloadWorker-2] SKIP (duplicate title): A szoftvercégek szerint a mesterséges in...
[04:09:11] Summarizer: [DownloadWorker-8] SKIP (duplicate title): Új előzetest kaptak Spielberg földönkívü...
[04:09:12] Summarizer: [DownloadWorker-6] SKIP (duplicate title): The Very Best of Playboy’s July Covers...
[04:09:13] Summarizer: [DownloadWorker-7] SKIP (duplicate title): Milk Road...
[04:09:16] Summarizer: [DownloadWorker-5] SKIP (duplicate title): Az első előzetes a Denzel Washington akc...
[04:25:36] Image_Downloader: Download failed (https://raw.githubusercontent.com/Derushir/Kepek/main/67c6357751300334f52e35f893ac854f/news/a-mars-belso-szerkezete-sokkal-osszetettebb-mint-korabban-hi.jpg): ('Connection aborted.', ConnectionResetError(54, 'Connection reset by peer'))
[04:25:36] Image_Downloader: Download failed (https://raw.githubusercontent.com/Derushir/Kepek/main/67c6357751300334f52e35f893ac854f/news/hatekonyabb-kijelzok-johetnek-a-kvantumpontos-led-eknek-kosz.jpg): ('Connection aborted.', ConnectionResetError(54, 'Connection reset by peer'))
[04:25:42] Image_Downloader: Download failed (https://raw.githubusercontent.com/Derushir/Kepek/main/67c6357751300334f52e35f893ac854f/news/a-playboy-juliusi-cimlapjan-sophie-saint-autorestaurator-sze.jpg): 404 Client Error: Not Found for url: https://raw.githubusercontent.com/Derushir/Kepek/main/67c6357751300334f52e35f893ac854f/news/a-playboy-juliusi-cimlapjan-sophie-saint-autorestaurator-sze.jpg
[04:25:44] Image_Downloader: Download failed (http://default): HTTPConnectionPool(host='default', port=80): Max retries exceeded with url: / (Caused by NameResolutionError("HTTPConnection(host='default', port=80): Failed to resolve 'default' ([Errno 8] nodename nor servname provided, or not known)"))
[04:26:18] Image_Downloader: Download failed (http://default): HTTPConnectionPool(host='default', port=80): Max retries exceeded with url: / (Caused by NameResolutionError("HTTPConnection(host='default', port=80): Failed to resolve 'default' ([Errno 8] nodename nor servname provided, or not known)"))
