[00:07:17] Summarizer: [Batch] 1 item(s) missing from response → marked for reprocessing
[00:07:43] Summarizer: [MissingDetector] ⚠️ PAIRING FAIL: 'https://www.portfolio.hu/gazdasag/20260328/eletbe-lepett-a-veszforgatókönyv-csucson-uzemel-a-kulcsfontossagu-koolajvezetek-827346' not found. KEEPING ITEM (Fallback).
[00:07:43] Summarizer: [Batch] 3 item(s) missing from response → marked for reprocessing
[00:07:43] Summarizer: [GeminiSelenium] ⚠️ PAIRING FAIL: 'https://www.portfolio.hu/gazdasag/20260328/eletbe-lepett-a-veszforgatókönyv-csucson-uzemel-a-kulcsfontossagu-koolajvezetek-827346' not found. KEEPING ITEM (Fallback).
[00:07:51] Summarizer: [Batch] 1 item(s) missing from response → marked for reprocessing
[00:08:05] Summarizer: [Batch] 1 item(s) missing from response → marked for reprocessing
[00:08:26] Summarizer: [DownloadWorker-8] SKIP (duplicate title): Kritikák, videók, szereplők...
[00:08:33] Summarizer: [DownloadWorker-5] SKIP (duplicate title): Starity.hu...
[00:08:34] Summarizer: [DownloadWorker-0] SKIP (duplicate title): Ausztria betiltja a közösségi médiát a 1...
[00:08:41] Summarizer: [DownloadWorker-1] SKIP (duplicate title): Félelmetes sebességgel száguld a Kreutz-...
[00:08:48] Summarizer: [Batch] Minor issues fixed: 6
[00:08:48] Summarizer: [MissingDetector] ⚠️ PAIRING FAIL: '' not found. KEEPING ITEM (Fallback).
[00:08:48] Summarizer: [MissingDetector] ⚠️ PAIRING FAIL: '' not found. KEEPING ITEM (Fallback).
[00:08:48] Summarizer: [MissingDetector] ⚠️ PAIRING FAIL: '' not found. KEEPING ITEM (Fallback).
[00:08:48] Summarizer: [MissingDetector] ⚠️ PAIRING FAIL: '' not found. KEEPING ITEM (Fallback).
[00:08:48] Summarizer: [MissingDetector] ⚠️ PAIRING FAIL: '' not found. KEEPING ITEM (Fallback).
[00:08:48] Summarizer: [MissingDetector] ⚠️ PAIRING FAIL: '' not found. KEEPING ITEM (Fallback).
[00:08:48] Summarizer: [Batch] 7 item(s) missing from response → marked for reprocessing
[00:08:48] Summarizer: [GeminiSelenium] ⚠️ PAIRING FAIL: '' not found. KEEPING ITEM (Fallback).
[00:08:48] Summarizer: [GeminiSelenium] ⚠️ PAIRING FAIL: '' not found. KEEPING ITEM (Fallback).
[00:08:48] Summarizer: [GeminiSelenium] ⚠️ PAIRING FAIL: '' not found. KEEPING ITEM (Fallback).
[00:08:48] Summarizer: [GeminiSelenium] ⚠️ PAIRING FAIL: '' not found. KEEPING ITEM (Fallback).
[00:08:48] Summarizer: [GeminiSelenium] ⚠️ PAIRING FAIL: '' not found. KEEPING ITEM (Fallback).
[00:08:48] Summarizer: [GeminiSelenium] ⚠️ PAIRING FAIL: '' not found. KEEPING ITEM (Fallback).
[00:08:52] Summarizer: [MissingDetector] ⚠️ PAIRING FAIL: 'https://instylemen.hu/galler-nelkuli-dzseki-ferfiaknak-2026-tavas-193900' not found. KEEPING ITEM (Fallback).
[00:08:52] Summarizer: [Batch] 1 item(s) missing from response → marked for reprocessing
[00:08:52] Summarizer: [FreeGeminiAPI] ⚠️ PAIRING FAIL: 'https://instylemen.hu/galler-nelkuli-dzseki-ferfiaknak-2026-tavas-193900' not found. KEEPING ITEM (Fallback).
[00:08:59] Summarizer: [Batch] 3 item(s) missing from response → marked for reprocessing
[00:09:01] Summarizer: [DownloadWorker-7] SKIP (duplicate title): Kritikák, videók, szereplők...
[00:09:11] Summarizer: [DownloadWorker-6] SKIP (duplicate title): Kritikák, videók, szereplők...
[00:09:12] Summarizer: [DownloadWorker-9] SKIP (duplicate title): Húszéves a Szájbergyerek, két koncertre ...
[00:09:16] Summarizer: [DownloadWorker-0] SKIP (duplicate title): Napi üzenet szombat – 2026. 03. 28....
[00:09:20] Summarizer: [DownloadWorker-6] SKIP (duplicate title): Melyik volt a hét legjobb sorozatepizódj...
[00:09:20] Summarizer: [DownloadWorker-2] SKIP (duplicate title): Már az idő a városi luxus – jó lokációt,...
[00:09:27] Summarizer: [DownloadWorker-4] SKIP (duplicate title): Délelőtti videó 3.: Clickbait...
[00:09:35] Summarizer: [DownloadWorker-2] SKIP (duplicate title): A Paradise 2. évadjának karakterei...
[00:09:39] Summarizer: [DownloadWorker-0] SKIP (duplicate title): Kritikák, videók, szereplők...
[00:09:44] Summarizer: [Batch] 2 item(s) missing from response → marked for reprocessing
[00:09:49] Summarizer: [Batch] 1 item(s) missing from response → marked for reprocessing
[00:10:09] Summarizer: [Batch] 1 item(s) missing from response → marked for reprocessing
[00:10:19] Summarizer: [MissingDetector] ⚠️ PAIRING FAIL: 'https://www.instylemen.hu/10-legjobb-ikonicus-videojatek-gonosz-gaming-193763' not found. KEEPING ITEM (Fallback).
[00:10:19] Summarizer: [Batch] 1 item(s) missing from response → marked for reprocessing
[00:10:19] Summarizer: [FreeGeminiAPI] ⚠️ PAIRING FAIL: 'https://www.instylemen.hu/10-legjobb-ikonicus-videojatek-gonosz-gaming-193763' not found. KEEPING ITEM (Fallback).
[00:10:32] Summarizer: [Batch] 2 item(s) missing from response → marked for reprocessing
[00:10:52] Summarizer: [Batch] No response from API (attempt 1/3)
[00:10:52] Summarizer: [Batch] 1 item(s) missing from response → marked for reprocessing
[00:10:57] Summarizer: [DownloadWorker-7] SKIP (duplicate title): Kritikák, videók, szereplők...
[00:11:21] Summarizer: [Batch] 2 item(s) missing from response → marked for reprocessing
[00:11:50] Summarizer: [Batch] 1 item(s) missing from response → marked for reprocessing
[00:12:17] Summarizer: [MissingDetector] ⚠️ PAIRING FAIL: 'https://hvg.hu/kultura/2026/03/28/carson-coma-koncert-purgatorium-album-valasztasok-visszaszamlalas' not found. KEEPING ITEM (Fallback).
[00:12:17] Summarizer: [Batch] 1 item(s) missing from response → marked for reprocessing
[00:12:17] Summarizer: [GeminiSelenium] ⚠️ PAIRING FAIL: 'https://hvg.hu/kultura/2026/03/28/carson-coma-koncert-purgatorium-album-valasztasok-visszaszamlalas' not found. KEEPING ITEM (Fallback).
[00:12:32] Summarizer: [Batch] 1 item(s) missing from response → marked for reprocessing
[00:12:39] Summarizer: [Batch] 2 item(s) missing from response → marked for reprocessing
[00:13:04] Summarizer: [Batch] 1 item(s) missing from response → marked for reprocessing
[00:13:31] Summarizer: [Batch] Minor issues fixed: 1
[00:13:31] Summarizer: [MissingDetector] ⚠️ PAIRING FAIL: '[gyanús link eltávolítva]' not found. KEEPING ITEM (Fallback).
[00:13:31] Summarizer: [Batch] 1 item(s) missing from response → marked for reprocessing
[00:13:31] Summarizer: [GeminiSelenium] ⚠️ PAIRING FAIL: '[gyanús link eltávolítva]' not found. KEEPING ITEM (Fallback).
[00:14:25] Summarizer: [Batch] Minor issues fixed: 1
[00:14:25] Summarizer: [MissingDetector] ⚠️ PAIRING FAIL: '[gyanús link eltávolítva]' not found. KEEPING ITEM (Fallback).
[00:14:25] Summarizer: [Batch] 1 item(s) missing from response → marked for reprocessing
[00:14:25] Summarizer: [GeminiSelenium] ⚠️ PAIRING FAIL: '[gyanús link eltávolítva]' not found. KEEPING ITEM (Fallback).
[00:14:38] Summarizer: [Batch] 1 item(s) missing from response → marked for reprocessing
[00:14:45] Summarizer: [Batch] 4 item(s) missing from response → marked for reprocessing
[00:15:52] Summarizer: [Batch] Minor issues fixed: 3
[00:15:52] Summarizer: [MissingDetector] ⚠️ PAIRING FAIL: '[gyanús link eltávolítva]' not found. KEEPING ITEM (Fallback).
[00:15:52] Summarizer: [MissingDetector] ⚠️ PAIRING FAIL: '[gyanús link eltávolítva]' not found. KEEPING ITEM (Fallback).
[00:15:52] Summarizer: [MissingDetector] ⚠️ PAIRING FAIL: '[gyanús link eltávolítva]' not found. KEEPING ITEM (Fallback).
[00:15:52] Summarizer: [Batch] 3 item(s) missing from response → marked for reprocessing
[00:15:52] Summarizer: [Perplexity] ⚠️ PAIRING FAIL: '[gyanús link eltávolítva]' not found. KEEPING ITEM (Fallback).
[00:15:52] Summarizer: [Perplexity] ⚠️ PAIRING FAIL: '[gyanús link eltávolítva]' not found. KEEPING ITEM (Fallback).
[00:15:52] Summarizer: [Perplexity] ⚠️ PAIRING FAIL: '[gyanús link eltávolítva]' not found. KEEPING ITEM (Fallback).
[03:03:42] Summarizer: [Batch] No response from API (attempt 1/3)
[03:04:43] Summarizer: Reprocessing 11 pairing failures from data.json
[03:08:09] Summarizer: TIMEOUT (60s) - backend call took too long
[03:18:33] Image_Downloader: Download failed (https://img0.hvg.hu/image.aspx?id=96860368-8032-4916-8339-090954b9d885&view=7d259583-3690-4429-b37e-075485345747): 404 Client Error: Not Found for url: https://img0.hvg.hu/image.aspx?id=96860368-8032-4916-8339-090954b9d885&view=7d259583-3690-4429-b37e-075485345747
[03:18:33] Image_Downloader: Download failed (https://sg.hu/kepek/2024/08/sony_playstation_5_slim.jpg): 404 Client Error: Not Found for url: https://sg.hu/kepek/2024/08/sony_playstation_5_slim.jpg
[03:18:33] Image_Downloader: Download failed (https://s1.starity.hu/images/articles/600x315/visszater-tom-holland-pokembere-itt-a-spider-man-brand-new-day-elozetese-1731671239.jpg): HTTPSConnectionPool(host='s1.starity.hu', port=443): Max retries exceeded with url: /images/articles/600x315/visszater-tom-holland-pokembere-itt-a-spider-man-brand-new-day-elozetese-1731671239.jpg (Caused by SSLError(SSLCertVerificationError(1, "[SSL: CERTIFICATE_VERIFY_FAILED] certificate verify failed: Hostname mismatch, certificate is not valid for 's1.starity.hu'. (_ssl.c:1081)")))
[03:18:33] Image_Downloader: Download failed (https://static01.nyt.com/images/2024/10/25/multimedia/25sci-nasa-astronaut-hospitalized-qjbw/25sci-nasa-astronaut-hospitalized-qjbw-facebookJumbo.jpg): 404 Client Error: Not Found for url: https://static01.nyt.com/images/2024/10/25/multimedia/25sci-nasa-astronaut-hospitalized-qjbw/25sci-nasa-astronaut-hospitalized-qjbw-facebookJumbo.jpg
[03:18:33] Image_Downloader: Download failed (https://gsplus.hu/adatlap/jatekok/crimson-desert/boritokep.jpg): 404 Client Error: Not Found for url: https://www.gsplus.hu/adatlap/jatekok/crimson-desert/boritokep.jpg
[03:18:34] Image_Downloader: Download failed (https://thezone.hu/wp-content/uploads/2024/11/infiniti-qx65-1.jpg): HTTPSConnectionPool(host='thezone.hu', port=443): Max retries exceeded with url: /wp-content/uploads/2024/11/infiniti-qx65-1.jpg (Caused by SSLError(SSLCertVerificationError(1, "[SSL: CERTIFICATE_VERIFY_FAILED] certificate verify failed: Hostname mismatch, certificate is not valid for 'thezone.hu'. (_ssl.c:1081)")))
