
--- RSS Fetch Errors at 2026-06-26 01:02:31 ---
Error fetching https://www.drive.com.au/feed/: HTTP Error 403: 
Error fetching https://leetgaming.com/feed/: Failed to perform, curl: (28) Connection timed out after 10004 milliseconds. See https://curl.se/libcurl/c/libcurl-errors.html first for more details.
Error fetching https://velvet.hu/feed: HTTP Error 404: Not Found
Error fetching https://femina.hu/feed: HTTP Error 404: Not Found
Error fetching https://hwsw.hu/hirek/rss: HTTP Error 404: 
Error fetching https://instylemen.hu/feed: HTTP Error 404: 
Error fetching https://cliffhanger.hu/feed: Failed to perform, curl: (28) Connection timed out after 10003 milliseconds. See https://curl.se/libcurl/c/libcurl-errors.html first for more details.
[01:20:13] Summarizer: [MissingDetector] ⚠️ PAIRING FAIL: 'https://www.pcgamer.com/games/you-can-finally-turn-riots-vanguard-anti-cheat-off-when-you-re-not-playing-a-game' not found. KEEPING ITEM (Fallback).
[01:20:13] Summarizer: [Batch] 4 item(s) missing from response → marked for reprocessing
[01:20:13] Summarizer: [FreeGeminiAPI_2] ⚠️ PAIRING FAIL: 'https://www.pcgamer.com/games/you-can-finally-turn-riots-vanguard-anti-cheat-off-when-you-re-not-playing-a-game' not found. KEEPING ITEM (Fallback).
[01:20:15] Summarizer: [DownloadWorker-8] SKIP (duplicate title): Az Európai Unió be fogja tiltani a mezte...
[01:20:22] Summarizer: [Batch] 3 item(s) missing from response → marked for reprocessing
[01:20:23] Summarizer: [DownloadWorker-8] SKIP (duplicate title): Elon Muské a történelem legdrágább álma...
[01:20:25] Summarizer: [DownloadWorker-4] SKIP (duplicate title): A gyártósortól az üzletek polcaiig – hog...
[01:20:28] Summarizer: [DownloadWorker-5] SKIP (duplicate title): Milk Road...
[01:35:59] Summarizer: [Batch] 3 item(s) missing from response → marked for reprocessing
[01:36:04] Summarizer: [Batch] 4 item(s) missing from response → marked for reprocessing
[01:36:10] Summarizer: [DownloadWorker-5] SKIP (duplicate title): Az IBM bemutatta a világ első 1 nanométe...
[01:36:10] Summarizer: [Batch] 4 item(s) missing from response → marked for reprocessing
[01:36:10] Summarizer: [DownloadWorker-0] SKIP (duplicate title): Egészen durva fizetéscsökkenést is késze...
[01:36:13] Summarizer: [DownloadWorker-9] SKIP (duplicate title): Do You Need Special Gear To Enjoy Online...
[01:36:16] Summarizer: [Batch] 2 item(s) missing from response → marked for reprocessing
[01:36:17] Summarizer: [DownloadWorker-7] SKIP (duplicate title): Milk Road...
[01:53:12] Summarizer: [DownloadWorker-8] SKIP (duplicate title): Délelőtti videó 5.: Funboys...
[01:53:15] Summarizer: [DownloadWorker-3] SKIP (duplicate title): Milk Road...
[01:53:17] Summarizer: [DownloadWorker-5] SKIP (duplicate title): Végleges: a SpaceX felvásárolja a Cursor...
[01:53:33] Summarizer: [DownloadWorker-9] SKIP (duplicate title): A Microsoft összeolvasztja a Windows és ...
[01:53:41] Summarizer: [DownloadWorker-4] SKIP (duplicate title): Milk Road...
[01:53:42] Summarizer: [DownloadWorker-3] SKIP (duplicate title): A Salesforce 3,6 milliárd dollárért felv...
[02:09:53] Summarizer: [DownloadWorker-3] SKIP (duplicate title): Ez már tényleg a Super Mario 2 utolsó el...
[02:09:57] Summarizer: [DownloadWorker-8] SKIP (duplicate title): NASA Welcomes Botswana as 68th Artemis A...
[02:10:07] Summarizer: [DownloadWorker-7] SKIP (duplicate title): Milk Road...
[02:10:23] Summarizer: TIMEOUT (180s) - backend call took too long
[02:10:23] Summarizer: [Batch] No response from API (attempt 1/3)
[02:10:23] Summarizer: [DownloadWorker-2] SKIP (duplicate title): Új előzetest kaptak Spielberg földönkívü...
[02:10:24] Summarizer: [DownloadWorker-9] SKIP (duplicate title): Milk Road...
[02:25:39] Summarizer: [DownloadWorker-1] SKIP (duplicate title): A szoftvercégek szerint a mesterséges in...
[02:25:40] Summarizer: [Batch] 4 item(s) missing from response → marked for reprocessing
[02:25:47] Summarizer: [Batch] 2 item(s) missing from response → marked for reprocessing
[02:25:51] Summarizer: [DownloadWorker-7] SKIP (duplicate title): Végkielégítés nélkül maradnak a Szuveren...
[02:25:54] Summarizer: [DownloadWorker-3] SKIP (duplicate title): Új Street Fighter-kedvcsináló érkezett...
[02:25:55] Summarizer: [Batch] 2 item(s) missing from response → marked for reprocessing
[02:26:04] Summarizer: [Batch] 1 item(s) missing from response → marked for reprocessing
[02:26:06] Summarizer: TIMEOUT (180s) - backend call took too long
[02:26:06] Summarizer: [Batch] No response from API (attempt 1/3)
[02:26:07] Summarizer: [DownloadWorker-9] SKIP (duplicate title): Az első előzetes a Denzel Washington akc...
[02:26:13] Summarizer: [DownloadWorker-6] SKIP (duplicate title): Az Intel gyorsabb Core Ultra processzoro...
[02:26:18] Summarizer: [DownloadWorker-5] SKIP (duplicate title): Kiderült, mikor láthatjuk a Rick és Mort...
[02:26:21] Summarizer: [Batch] 1 item(s) missing from response → marked for reprocessing
[02:26:22] Summarizer: [DownloadWorker-3] SKIP (duplicate title): These LEGO Transformers Sets Are Discoun...
[02:26:25] Summarizer: [Batch] 4 item(s) missing from response → marked for reprocessing
[02:26:35] Summarizer: [DownloadWorker-5] SKIP (duplicate title): NYT ‘Pips’ Hints, Answers And Walkthroug...
[02:26:45] Summarizer: TIMEOUT (180s) - backend call took too long
[02:26:45] Summarizer: [Batch] No response from API (attempt 1/3)
[02:26:47] Summarizer: [Batch] 1 item(s) missing from response → marked for reprocessing
[02:26:56] Summarizer: [Batch] 1 item(s) missing from response → marked for reprocessing
[02:27:03] Summarizer: [Batch] 1 item(s) missing from response → marked for reprocessing
[02:27:07] Image_Downloader: Download failed (https://cdn.akamai.steamstatic.com/steam/apps/1111111/header.jpg): 404 Client Error: Not Found for url: https://cdn.akamai.steamstatic.com/steam/apps/1111111/header.jpg
[02:27:13] Summarizer: [Batch] 3 item(s) missing from response → marked for reprocessing
[02:27:15] Summarizer: [Batch] 2 item(s) missing from response → marked for reprocessing
[02:27:19] Summarizer: [Batch] 3 item(s) missing from response → marked for reprocessing
[02:27:22] Summarizer: [Batch] 3 item(s) missing from response → marked for reprocessing
[02:27:23] Summarizer: [Batch] 1 item(s) missing from response → marked for reprocessing
[02:27:41] Summarizer: [Batch] 1 item(s) missing from response → marked for reprocessing
[02:27:48] Image_Downloader: Download failed (https://www.nasa.gov/wp-content/uploads/2026/06/jsc2026e395621.jpg): HTTPSConnectionPool(host='www.nasa.gov', port=443): Read timed out. (read timeout=20)
[02:27:49] Summarizer: [Batch] 2 item(s) missing from response → marked for reprocessing
[02:27:51] Summarizer: [Batch] 1 item(s) missing from response → marked for reprocessing
[02:27:54] Summarizer: [MissingDetector] ⚠️ PAIRING FAIL: 'https://www.space.com/space-exploration/human-spaceflight/i-got-a-sneak-peek-at-space-shuttle-endeavour-s-new-home-and-its-breathtaking' not found. KEEPING ITEM (Fallback).
[02:27:54] Summarizer: [MissingDetector] ⚠️ PAIRING FAIL: 'https://hvg.hu/tudomany/20260625_kapu_tibor-vezetes-urugynokseg-hunor-program' not found. KEEPING ITEM (Fallback).
[02:27:54] Summarizer: [Batch] 2 item(s) missing from response → marked for reprocessing
[02:27:54] Summarizer: [FreeGeminiAPI_3] ⚠️ PAIRING FAIL: 'https://www.space.com/space-exploration/human-spaceflight/i-got-a-sneak-peek-at-space-shuttle-endeavour-s-new-home-and-its-breathtaking' not found. KEEPING ITEM (Fallback).
[02:27:54] Summarizer: [FreeGeminiAPI_3] ⚠️ PAIRING FAIL: 'https://hvg.hu/tudomany/20260625_kapu_tibor-vezetes-urugynokseg-hunor-program' not found. KEEPING ITEM (Fallback).
[02:27:57] Summarizer: [Batch] 2 item(s) missing from response → marked for reprocessing
[02:28:07] Summarizer: [Batch] 1 item(s) missing from response → marked for reprocessing
[02:28:09] Summarizer: [Batch] 1 item(s) missing from response → marked for reprocessing
[02:28:12] Summarizer: [Batch] 3 item(s) missing from response → marked for reprocessing
[02:28:19] Summarizer: [Batch] 2 item(s) missing from response → marked for reprocessing
[02:28:20] Summarizer: [Batch] 1 item(s) missing from response → marked for reprocessing
[02:28:26] Summarizer: [Batch] 1 item(s) missing from response → marked for reprocessing
[02:28:27] Summarizer: [Batch] 1 item(s) missing from response → marked for reprocessing
[03:18:56] Summarizer: TIMEOUT (180s) - backend call took too long
[03:18:56] Summarizer: [Batch] No response from API (attempt 1/3)
[03:18:58] Summarizer: TIMEOUT (180s) - backend call took too long
[03:18:58] Summarizer: [Batch] No response from API (attempt 1/3)
[03:18:59] Summarizer: TIMEOUT (180s) - backend call took too long
[03:18:59] Summarizer: [Batch] No response from API (attempt 1/3)
[03:19:14] Summarizer: [Batch] 1 item(s) missing from response → marked for reprocessing
[03:19:23] Summarizer: [Batch] 1 item(s) missing from response → marked for reprocessing
[03:19:29] Summarizer: [Batch] 2 item(s) missing from response → marked for reprocessing
[03:19:38] Summarizer: Reprocessing 2 pairing failures from data.json

--- RSS Fetch Errors at 2026-06-26 03:19:52 ---
Error fetching https://www.drive.com.au/feed/: HTTP Error 403: 
Error fetching https://leetgaming.com/feed/: Failed to perform, curl: (28) Connection timed out after 10003 milliseconds. See https://curl.se/libcurl/c/libcurl-errors.html first for more details.
Error fetching https://prog.hu/site/backend/proghu-rss.xml: Failed to perform, curl: (28) Resolving timed out after 10000 milliseconds. See https://curl.se/libcurl/c/libcurl-errors.html first for more details.
Error fetching https://femina.hu/feed: HTTP Error 404: Not Found
Error fetching https://velvet.hu/feed: HTTP Error 404: Not Found
Error fetching https://hwsw.hu/hirek/rss: HTTP Error 404: 
Error fetching https://instylemen.hu/feed: HTTP Error 404: 
Error fetching https://cliffhanger.hu/feed: HTTP Error 403: 
[03:20:16] Summarizer: [Batch] 2 item(s) missing from response → marked for reprocessing
[03:20:33] Summarizer: [Batch] 1 item(s) missing from response → marked for reprocessing
[03:20:43] Summarizer: [DownloadWorker-1] SKIP (duplicate title): How to Throw a Themed Game Night With a ...
[03:20:47] Summarizer: [DownloadWorker-2] SKIP (duplicate title): Emberhúst kóstolna Varga Viktor Pápua Új...
[03:20:48] Summarizer: [Batch] 1 item(s) missing from response → marked for reprocessing
[03:20:49] Summarizer: [DownloadWorker-0] SKIP (duplicate title): Élő polip kóstolgatás nélkül is izgalmas...
[03:20:49] Summarizer: [DownloadWorker-6] SKIP (duplicate title): A Great Italian Sparkling Wine Master Wh...
[03:20:51] Summarizer: [DownloadWorker-8] SKIP (duplicate title): Óriási hiba volt a NER-től beleállni az ...
[03:20:52] Summarizer: [DownloadWorker-4] SKIP (duplicate title): The Women of the World Cup, 2006...
[03:20:56] Summarizer: [Batch] 2 item(s) missing from response → marked for reprocessing
[03:20:57] Summarizer: [DownloadWorker-7] SKIP (duplicate title): Délelőtti videó 6.: Her Last Broadcast: ...
[03:20:59] Summarizer: [DownloadWorker-5] SKIP (duplicate title): Themed Game Night Ideas That Turn Your L...
[03:20:59] Summarizer: [DownloadWorker-3] SKIP (duplicate title): These Products Dodged Apple's Price Hike...
[03:21:00] Summarizer: [DownloadWorker-4] SKIP (duplicate title): 5 csillagjegy, akiknek lelki megkönnyebb...
[03:21:01] Summarizer: [Batch] 1 item(s) missing from response → marked for reprocessing
[03:21:03] Summarizer: [DownloadWorker-1] SKIP (duplicate title): 10 Men’s Summer Fragrances Worth Wearing...
[03:21:05] Summarizer: [Batch] 1 item(s) missing from response → marked for reprocessing
[03:21:11] Summarizer: [DownloadWorker-0] SKIP (duplicate title): 1 hét múlva indul a VéNégy Fesztivál Nag...
[03:21:17] Summarizer: [DownloadWorker-4] SKIP (duplicate title): Why Tech Alone Can’t Fix Broken Food Sys...
[03:21:17] Summarizer: [Batch] 1 item(s) missing from response → marked for reprocessing
[03:21:21] Summarizer: [Batch] 1 item(s) missing from response → marked for reprocessing
[03:21:21] Summarizer: [DownloadWorker-6] SKIP (duplicate title): A Popular Italian Red Wine Is Finally Be...
[03:21:23] Summarizer: [Batch] 1 item(s) missing from response → marked for reprocessing
[03:21:24] Summarizer: [DownloadWorker-5] SKIP (duplicate title): 15 Picnic-Themed Playboy Shoots...
[03:21:25] Summarizer: [Batch] 1 item(s) missing from response → marked for reprocessing
