
--- RSS Fetch Errors at 2026-07-06 00:02:43 ---
Error fetching https://www.drive.com.au/feed/: HTTP Error 403: 
Error fetching https://index.hu/24ora/rss: Failed to perform, curl: (28) Connection timed out after 10002 milliseconds. See https://curl.se/libcurl/c/libcurl-errors.html first for more details.
Error fetching https://qubit.hu/feed: Failed to perform, curl: (28) Connection timed out after 10003 milliseconds. See https://curl.se/libcurl/c/libcurl-errors.html first for more details.
Error fetching https://leetgaming.com/feed/: Failed to perform, curl: (28) Connection timed out after 10002 milliseconds. See https://curl.se/libcurl/c/libcurl-errors.html first for more details.
Error fetching https://sg.hu/rss: Failed to perform, curl: (28) Operation timed out after 25003 milliseconds with 0 bytes received. See https://curl.se/libcurl/c/libcurl-errors.html first for more details.
Error fetching https://hwsw.hu/xml/latest_news_rss.xml: Failed to perform, curl: (28) Operation timed out after 25003 milliseconds with 0 bytes received. See https://curl.se/libcurl/c/libcurl-errors.html first for more details.
Error fetching https://forbes.hu/feed/: Failed to perform, curl: (28) Operation timed out after 25003 milliseconds with 0 bytes received. See https://curl.se/libcurl/c/libcurl-errors.html first for more details.
Error fetching https://femina.hu/feed: HTTP Error 404: Not Found
Error fetching https://cliffhanger.hu/feed: HTTP Error 403: 
Error fetching https://velvet.hu/feed: HTTP Error 404: Not Found
Error fetching https://prog.hu/hirek/rss: Failed to perform, curl: (28) Connection timed out after 10002 milliseconds. See https://curl.se/libcurl/c/libcurl-errors.html first for more details.
Error fetching https://sorozatjunkie.hu/feed: Failed to perform, curl: (28) Connection timed out after 10001 milliseconds. See https://curl.se/libcurl/c/libcurl-errors.html first for more details.
Error fetching https://hwsw.hu/hirek/rss: Failed to perform, curl: (28) Connection timed out after 10003 milliseconds. See https://curl.se/libcurl/c/libcurl-errors.html first for more details.
Error fetching https://instylemen.hu/feed: HTTP Error 404: 
[00:03:13] Summarizer: [DownloadWorker-2] SKIP (duplicate title): A nap legfontosabb hírei – 2026. július ...
[00:03:14] Summarizer: [DownloadWorker-4] SKIP (duplicate title): This Week in Gaming (Week 28)...
[00:03:15] Summarizer: [DownloadWorker-3] SKIP (duplicate title): Ez a kedvelt hidratálási szokás többet á...
[00:03:22] Summarizer: [MissingDetector] ⚠️ PAIRING FAIL: 'https://www.pcguru.hu/hirek/132-orszag-nem-lesz-elerheto-az-uj-marvel-jatek-a-sony-abszurd-kovetelesenek-koszonhetoen-tzeus/102157' not found. KEEPING ITEM (Fallback).
[00:03:22] Summarizer: [Batch] 1 item(s) missing from response → marked for reprocessing
[00:03:22] Summarizer: [FreeGeminiAPI_2] ⚠️ PAIRING FAIL: 'https://www.pcguru.hu/hirek/132-orszag-nem-lesz-elerheto-az-uj-marvel-jatek-a-sony-abszurd-kovetelesenek-koszonhetoen-tzeus/102157' not found. KEEPING ITEM (Fallback).
[00:03:24] Summarizer: [Batch] 2 item(s) missing from response → marked for reprocessing
[00:03:28] Summarizer: [Batch] 3 item(s) missing from response → marked for reprocessing
[00:03:31] Image_Downloader: Download failed (https://vezess2.p3k.hu/app/uploads/2026/07/gettyimages-2274991146.jpg): HTTPSConnectionPool(host='vezess2.p3k.hu', port=443): Max retries exceeded with url: /app/uploads/2026/07/gettyimages-2274991146.jpg (Caused by NewConnectionError("HTTPSConnection(host='vezess2.p3k.hu', port=443): Failed to establish a new connection: [Errno 61] Connection refused"))
[00:03:31] Image_Downloader: Download failed (https://www.pcguru.hu/images/news/2026-07/132_orszagban_nem_lesz_elerheto_az_uj_marvel_jatek_a_sony_abszurd_kovetelesenek_koszonhetoen_1783262679_ce795273f29e3e4bbbf0.jpg): HTTPSConnectionPool(host='www.pcguru.hu', port=443): Max retries exceeded with url: /images/news/2026-07/132_orszagban_nem_lesz_elerheto_az_uj_marvel_jatek_a_sony_abszurd_kovetelesenek_koszonhetoen_1783262679_ce795273f29e3e4bbbf0.jpg (Caused by NewConnectionError("HTTPSConnection(host='www.pcguru.hu', port=443): Failed to establish a new connection: [Errno 61] Connection refused"))
[00:03:33] Image_Downloader: Download failed (https://s.24.hu/app/uploads/2026/07/central-0880959306-e1783278760286-1440x810_wm.jpg): HTTPSConnectionPool(host='s.24.hu', port=443): Max retries exceeded with url: /app/uploads/2026/07/central-0880959306-e1783278760286-1440x810_wm.jpg (Caused by NewConnectionError("HTTPSConnection(host='s.24.hu', port=443): Failed to establish a new connection: [Errno 61] Connection refused"))
[00:03:47] Summarizer: [Batch] 2 item(s) missing from response → marked for reprocessing
[00:04:00] Summarizer: [Batch] 2 item(s) missing from response → marked for reprocessing
[00:04:08] Summarizer: [Batch] 3 item(s) missing from response → marked for reprocessing

--- RSS Fetch Errors at 2026-07-06 00:04:15 ---
Error fetching https://sg.hu/rss: Failed to perform, curl: (28) Connection timed out after 10001 milliseconds. See https://curl.se/libcurl/c/libcurl-errors.html first for more details.
Error fetching https://leetgaming.com/feed/: Failed to perform, curl: (28) Connection timed out after 10002 milliseconds. See https://curl.se/libcurl/c/libcurl-errors.html first for more details.
Error fetching https://index.hu/kulfold/rss/: Failed to perform, curl: (28) Connection timed out after 10003 milliseconds. See https://curl.se/libcurl/c/libcurl-errors.html first for more details.
Error fetching https://www.drive.com.au/feed/: HTTP Error 403: 
Error fetching https://prog.hu/site/backend/proghu-rss.xml: Failed to perform, curl: (28) Connection timed out after 10003 milliseconds. See https://curl.se/libcurl/c/libcurl-errors.html first for more details.
Error fetching https://media.sg.hu/rss/rss.xml: Failed to perform, curl: (28) Operation timed out after 25003 milliseconds with 0 bytes received. See https://curl.se/libcurl/c/libcurl-errors.html first for more details.
Error fetching https://velvet.hu/feed: HTTP Error 404: Not Found
Error fetching https://cliffhanger.hu/feed: HTTP Error 403: 
Error fetching https://hwsw.hu/hirek/rss: HTTP Error 404: 
Error fetching https://femina.hu/feed: HTTP Error 404: Not Found
Error fetching https://instylemen.hu/feed: HTTP Error 404: 
Error fetching https://prog.hu/hirek/rss: Failed to perform, curl: (28) Connection timed out after 10003 milliseconds. See https://curl.se/libcurl/c/libcurl-errors.html first for more details.
Error fetching https://sorozatjunkie.hu/feed: Failed to perform, curl: (28) Connection timed out after 10003 milliseconds. See https://curl.se/libcurl/c/libcurl-errors.html first for more details.
Error fetching https://player.hu/feed: Failed to perform, curl: (28) Connection timed out after 10003 milliseconds. See https://curl.se/libcurl/c/libcurl-errors.html first for more details.
[00:04:25] Summarizer: [DownloadWorker-7] SKIP (duplicate title): A bizonytalanban az idő végtelenné válik...
[00:04:25] Summarizer: [DownloadWorker-4] SKIP (duplicate title): Milliók életét határozhatják meg ezek a ...
[00:04:30] Summarizer: [DownloadWorker-1] SKIP (duplicate title): Vb-nyolcaddöntő: Brazília–Norvégia 0-2 (...
[00:04:31] Summarizer: [DownloadWorker-4] SKIP (duplicate title): Ki kicsoda a Száz év magányban? Így néz ...
[00:04:31] Summarizer: [DownloadWorker-6] SKIP (duplicate title): Rákérdeztek a szomszédaiknál, miért szex...
[00:04:32] Summarizer: [Batch] 4 item(s) missing from response → marked for reprocessing
[00:04:33] Summarizer: [DownloadWorker-8] SKIP (duplicate title): One of our favorite Half-Life 2 mods is ...
[00:04:40] Summarizer: [DownloadWorker-6] SKIP (duplicate title): Brigador devs think it's crucial that th...
[00:04:41] Summarizer: [MissingDetector] ⚠️ PAIRING FAIL: 'https://www.pcgamer.com/games/fps/one-of-our-favorite-half-life-2-mods-is-getting-a-stealth-game-prequel-where-you-re-a-combine-assassin-preying-on-the-human-resistance' not found. KEEPING ITEM (Fallback).
[00:04:41] Summarizer: [Batch] 1 item(s) missing from response → marked for reprocessing
[00:04:41] Summarizer: [FreeGeminiAPI_1] ⚠️ PAIRING FAIL: 'https://www.pcgamer.com/games/fps/one-of-our-favorite-half-life-2-mods-is-getting-a-stealth-game-prequel-where-you-re-a-combine-assassin-preying-on-the-human-resistance' not found. KEEPING ITEM (Fallback).
[00:04:50] Summarizer: [DownloadWorker-2] SKIP (duplicate title): Phillies Reunite With Veteran Backstop Q...
[00:04:52] Summarizer: Reprocessing 1 pairing failures from data.json
[00:05:27] Summarizer: [DownloadWorker-0] SKIP (duplicate title): Mini Suites Give NYC Office Tenants Max ...
[00:05:51] Summarizer: [DownloadWorker-5] SKIP (duplicate title): The 5 Biggest Problems With ‘FROM’ Seaso...
[00:05:56] Summarizer: Reprocessing 2 pairing failures from data.json
[00:06:20] Image_Downloader: Download failed (https://cdn.mos.cms.futurecdn.net/yV6mYjT4zDqV4tW9u9G5iJ-1200-80.jpg): 404 Client Error: Not Found for url: https://cdn.mos.cms.futurecdn.net/yV6mYjT4zDqV4tW9u9G5iJ-1200-80.jpg
[00:06:22] Image_Downloader: Download failed (https://raw.githubusercontent.com/Derushir/Kepek/main/67c6357751300334f52e35f893ac854f/news/naomi-osaka-kiejtette-a-vilagelso-aryna-sabalenkat-a-2026-os.jpg): 404 Client Error: Not Found for url: https://raw.githubusercontent.com/Derushir/Kepek/main/67c6357751300334f52e35f893ac854f/news/naomi-osaka-kiejtette-a-vilagelso-aryna-sabalenkat-a-2026-os.jpg
