[00:11:28] Summarizer: [Batch] 1 item(s) missing from response → marked for reprocessing
[00:11:46] Summarizer: [Batch] 3 item(s) missing from response → marked for reprocessing
[00:11:53] Summarizer: [Batch] 4 item(s) missing from response → marked for reprocessing
[00:12:20] Summarizer: [MissingDetector] ⚠️ PAIRING FAIL: 'https://hvg.hu/kultura/20260324_mondd-meg-mit-csinalsz-ime-a-sziami-andfriends-jelenlegi-felallasaner-utolso-dala' not found. KEEPING ITEM (Fallback).
[00:12:20] Summarizer: [Batch] 1 item(s) missing from response → marked for reprocessing
[00:12:20] Summarizer: [FreeGeminiAPI] ⚠️ PAIRING FAIL: 'https://hvg.hu/kultura/20260324_mondd-meg-mit-csinalsz-ime-a-sziami-andfriends-jelenlegi-felallasaner-utolso-dala' not found. KEEPING ITEM (Fallback).
[00:12:47] Summarizer: [Batch] 🔧 No balanced array found, but recovered 7 individual object(s)
[00:12:47] Summarizer: [Batch] 3 item(s) missing from response → marked for reprocessing
[00:14:23] Summarizer: [Batch] Invalid JSON (attempt 1/3)
[00:14:23] Summarizer: [Batch] Invalid JSON error: json.loads failed (pass 1): Expecting property name enclosed in double quotes: line 5 column 741 (char 861)
[00:14:23] Summarizer: [Batch] Invalid JSON error: json.loads failed (pass 2): Expecting ',' delimiter: line 5 column 152 (char 272)
[00:14:23] Summarizer: [Batch] Invalid JSON error: json.loads failed (pass 3): Expecting ',' delimiter: line 5 column 152 (char 272)
[00:14:23] Summarizer: [Batch] Invalid JSON error: Iterative repair stuck at round 2: Expecting property name enclosed in double quotes: line 5 column 153 (char 273)
[00:14:23] Summarizer: [Batch] Invalid JSON error: Final parse error: JSONDecodeError("Expecting ',' delimiter: line 5 column 152 (char 272)")
[00:14:23] Summarizer: [Batch] Attempting JSON repair...
[00:14:52] Summarizer: [DownloadWorker-2] SKIP (duplicate title): A nap legfontosabb hírei – 2026. 03. 24....
[00:14:52] Summarizer: [DownloadWorker-8] SKIP (duplicate title): Mountain Dew Baron Kupa IV: LoL-osok fig...
[00:15:06] Summarizer: [Batch] 4 item(s) missing from response → marked for reprocessing
[00:15:37] Summarizer: [Batch] 1 item(s) missing from response → marked for reprocessing
[00:15:41] Summarizer: [Batch] Invalid JSON (attempt 2/3)
[00:15:41] Summarizer: [Batch] Invalid JSON error: JSON payload exists but could not extract a balanced JSON array segment.
[00:15:41] Summarizer: [Batch] Attempting JSON repair...
[00:15:53] Summarizer: [Batch] 1 item(s) missing from response → marked for reprocessing
[00:16:10] Summarizer: [MissingDetector] ⚠️ PAIRING FAIL: 'https://444.hu/2026/03/24/lazar-nyiltan-beszelt-arrol-hogy-ossze-kell-fogniuk-a-mi-hazankkal' not found. KEEPING ITEM (Fallback).
[00:16:10] Summarizer: [Batch] 2 item(s) missing from response → marked for reprocessing
[00:16:10] Summarizer: [FreeGeminiAPI] ⚠️ PAIRING FAIL: 'https://444.hu/2026/03/24/lazar-nyiltan-beszelt-arrol-hogy-ossze-kell-fogniuk-a-mi-hazankkal' not found. KEEPING ITEM (Fallback).
[00:16:11] Summarizer: [DownloadWorker-5] SKIP (duplicate title): Délelőtti videó 3.: Rooster...
[00:16:17] Summarizer: [Batch] 2 item(s) missing from response → marked for reprocessing
[00:16:19] Summarizer: [DownloadWorker-3] SKIP (duplicate title): Kritikák, videók, szereplők...
[00:16:20] Summarizer: [Batch] Invalid JSON (attempt 1/3)
[00:16:20] Summarizer: [Batch] Invalid JSON error: No JSON payload found in response.
[00:16:20] Summarizer: [Batch] No JSON payload, but response is 8847 chars - attempting repair...
[00:17:10] Summarizer: [Batch] 1 item(s) missing from response → marked for reprocessing
[00:17:18] Summarizer: [DownloadWorker-3] SKIP (duplicate title): Leet...
[00:17:31] Summarizer: [Batch] 2 item(s) missing from response → marked for reprocessing
[00:17:32] Summarizer: [Batch] Invalid JSON (attempt 2/3)
[00:17:32] Summarizer: [Batch] Invalid JSON error: No JSON payload found in response.
[00:17:32] Summarizer: [Batch] No JSON payload, but response is 8986 chars - attempting repair...
[00:17:53] Summarizer: [Batch] 3 item(s) missing from response → marked for reprocessing
[00:18:17] Summarizer: [Batch] 2 item(s) missing from response → marked for reprocessing
[00:19:07] Summarizer: [DownloadWorker-0] SKIP (duplicate title): Emelkedett az olajár, estek a tőzsdék...
[00:19:10] Summarizer: [Batch] 1 item(s) missing from response → marked for reprocessing
[00:19:15] Summarizer: [MissingDetector] ⚠️ PAIRING FAIL: 'https://www.pcgamer.com/games/rpg/even-after-za-ums-messy-breakup-the-writing-team-still-has-a-cadre-of-sad-communists-but-you-won-t-have-to-play-zero-parades-as-one-if-you-dont-want-to/' not found. KEEPING ITEM (Fallback).
[00:19:15] Summarizer: [Batch] 1 item(s) missing from response → marked for reprocessing
[00:19:15] Summarizer: [FreeGeminiAPI] ⚠️ PAIRING FAIL: 'https://www.pcgamer.com/games/rpg/even-after-za-ums-messy-breakup-the-writing-team-still-has-a-cadre-of-sad-communists-but-you-won-t-have-to-play-zero-parades-as-one-if-you-dont-want-to/' not found. KEEPING ITEM (Fallback).
[00:19:35] Summarizer: [Batch] 1 item(s) missing from response → marked for reprocessing
[00:19:36] Summarizer: [DownloadWorker-3] SKIP (duplicate title): Hivatalos: Mohamed Szalah a szezon végén...
[00:19:40] Summarizer: [MissingDetector] ⚠️ PAIRING FAIL: 'https://index.hu/belfold/2026/03/24/alkotmanybirosag-valasztasi-campaign-kifogas-tisza-part-kozmedia-selyegyenloseg/' not found. KEEPING ITEM (Fallback).
[00:19:40] Summarizer: [Batch] 1 item(s) missing from response → marked for reprocessing
[00:19:40] Summarizer: [FreeGeminiAPI] ⚠️ PAIRING FAIL: 'https://index.hu/belfold/2026/03/24/alkotmanybirosag-valasztasi-campaign-kifogas-tisza-part-kozmedia-selyegyenloseg/' not found. KEEPING ITEM (Fallback).
[00:20:11] Summarizer: [Batch] 1 item(s) missing from response → marked for reprocessing
[00:20:35] Summarizer: [Batch] Invalid JSON (attempt 1/3)
[00:20:35] Summarizer: [Batch] Invalid JSON error: json.loads failed (pass 1): Expecting ',' delimiter: line 5 column 189 (char 319)
[00:20:35] Summarizer: [Batch] Invalid JSON error: json.loads failed (pass 2): Expecting ',' delimiter: line 5 column 189 (char 319)
[00:20:35] Summarizer: [Batch] Invalid JSON error: json.loads failed (pass 3): Expecting ',' delimiter: line 5 column 189 (char 319)
[00:20:35] Summarizer: [Batch] Invalid JSON error: Iterative repair stuck at round 2: Expecting property name enclosed in double quotes: line 5 column 190 (char 320)
[00:20:35] Summarizer: [Batch] Invalid JSON error: Final parse error: JSONDecodeError("Expecting ',' delimiter: line 5 column 189 (char 319)")

--- RSS Fetch Errors at 2026-03-25 09:26:55 ---
Error fetching https://index.hu/sitemap/friss.xml: Failed to perform, curl: (28) Connection timed out after 15002 milliseconds. See https://curl.se/libcurl/c/libcurl-errors.html first for more details.
Error fetching https://hwsw.hu/xml/latest_news_rss.xml: Failed to perform, curl: (28) Connection timed out after 15003 milliseconds. See https://curl.se/libcurl/c/libcurl-errors.html first for more details.
Error fetching https://techcrunch.com/feed: Failed to perform, curl: (28) Connection timed out after 15003 milliseconds. See https://curl.se/libcurl/c/libcurl-errors.html first for more details.
[09:28:22] Image_Downloader: Download failed (https://kep.cdn.index.hu/1/0/6110/61109/611090/61109063_4520337_ff0ec1878358482d6db01ee054df1468_wm.jpg): HTTPSConnectionPool(host='kep.cdn.index.hu', port=443): Read timed out. (read timeout=20)
[09:29:25] Image_Downloader: Download failed (https://cdn.mos.cms.futurecdn.net/ZLfBFxp7NvWUk3vNgLLGrn-1643-80.jpg): HTTPSConnectionPool(host='cdn.mos.cms.futurecdn.net', port=443): Read timed out. (read timeout=20)
[09:30:06] Summarizer: [DownloadWorker-4] SKIP (duplicate title): Az Alkotmánybíróság szerint az M1 Híradó...
[09:30:18] Summarizer: [DownloadWorker-4] SKIP (duplicate title): Pókember mindenkit behálózott, történelm...
[09:30:19] Summarizer: [Batch] No response from API (attempt 1/3)
[09:30:34] Summarizer: [DownloadWorker-4] SKIP (duplicate title): TV műsor...
[09:30:46] Summarizer: [DownloadWorker-4] SKIP (duplicate title): Online Jegyvásárlás...
[09:31:07] Summarizer: [Batch] No response from API (attempt 2/3)
[09:31:15] Summarizer: [DownloadWorker-7] SKIP (duplicate title): Filmek, képek, díjak...
[09:31:19] Summarizer: [DownloadWorker-3] SKIP (duplicate title): Mazda open to Chinese-made electric ute ...
[09:31:36] Summarizer: [DownloadWorker-2] SKIP (duplicate title): 3 Ways Students Can Get Involved With Ar...
[09:31:50] Summarizer: [DownloadWorker-7] SKIP (duplicate title): Kit kaptak el a csalival?...
[09:32:24] Summarizer: [Batch] 🔧 No balanced array found, but recovered 8 individual object(s)
[09:32:24] Summarizer: [Batch] 2 item(s) missing from response → marked for reprocessing
[09:32:28] Summarizer: [DownloadWorker-5] SKIP (duplicate title): Why cheaper fuel could damage your car...
[09:32:28] Summarizer: [Batch] 2 item(s) missing from response → marked for reprocessing
[09:32:39] Summarizer: [DownloadWorker-3] SKIP (duplicate title): 2025 November Triumph...
[09:32:42] Summarizer: [DownloadWorker-8] SKIP (duplicate title): Lázár nyíltan beszélt arról, hogy össze ...
[09:32:50] Summarizer: [DownloadWorker-3] SKIP (duplicate title): Gyógyító a levegő ezen a varázslatos kir...
[09:32:53] Summarizer: [DownloadWorker-4] SKIP (duplicate title): Európa is létezik: The Hunt...
[09:33:23] Summarizer: [Batch] No response from API (attempt 1/3)
[09:34:05] Summarizer: [DownloadWorker-8] SKIP (duplicate title): Országszerte már 72 üzlettel várja vásár...
[09:34:28] Summarizer: [DownloadWorker-4] SKIP (duplicate title): Itt van a szomszédban a világ egyik legj...
[09:34:52] Summarizer: [DownloadWorker-0] SKIP (duplicate title): Online Jegyvásárlás...
[09:34:58] Summarizer: [Batch] 3 item(s) missing from response → marked for reprocessing
[09:35:07] Image_Downloader: Download failed (https://hold.hu/holdblog/wp-content/uploads/2025/07/milliardos-penz-gazdag.png): 403 Client Error: Forbidden for url: https://hold.hu/holdblog/wp-content/uploads/2025/07/milliardos-penz-gazdag.png
[09:35:24] Summarizer: [DownloadWorker-1] SKIP (duplicate title): Három választókörzetben visszalépnek a D...
[09:35:25] Summarizer: TIMEOUT (180s) - backend call took too long
[09:35:25] Summarizer: [Batch] No response from API (attempt 1/3)
[09:37:29] Summarizer: [Batch] 1 item(s) missing from response → marked for reprocessing
[09:37:33] Summarizer: [Batch] 3 item(s) missing from response → marked for reprocessing
[09:37:33] Summarizer: [Batch] 1 item(s) missing from response → marked for reprocessing
[09:38:01] Summarizer: [Batch] 2 item(s) missing from response → marked for reprocessing
[09:38:02] Image_Downloader: Download failed (https://hold.hu/holdblog/wp-content/uploads/2023/10/energia_olaj_beruhazas.png): 403 Client Error: Forbidden for url: https://hold.hu/holdblog/wp-content/uploads/2023/10/energia_olaj_beruhazas.png
[09:38:04] Summarizer: [Batch] 1 item(s) missing from response → marked for reprocessing
[09:38:23] Summarizer: [Batch] 4 item(s) missing from response → marked for reprocessing
[09:38:44] Summarizer: [Batch] 2 item(s) missing from response → marked for reprocessing
[09:39:10] Summarizer: [Batch] 2 item(s) missing from response → marked for reprocessing
[09:39:11] Image_Downloader: Download failed (https://hold.hu/holdblog/wp-content/uploads/2026/03/ai-fejlodes-ember.png): 403 Client Error: Forbidden for url: https://hold.hu/holdblog/wp-content/uploads/2026/03/ai-fejlodes-ember.png
[09:39:35] Summarizer: [Batch] 1 item(s) missing from response → marked for reprocessing
[09:39:39] Summarizer: [Batch] 1 item(s) missing from response → marked for reprocessing
[09:40:12] Image_Downloader: Download failed (https://kep.cdn.index.hu/1/0/6845/68453/684531/68453191_5053015_747b9dd4b404d9a1034c94355f6295e9_wm.jpg): HTTPSConnectionPool(host='kep.cdn.index.hu', port=443): Read timed out. (read timeout=20)
[09:40:15] Image_Downloader: Download failed (https://cdn.decrypt.co/resize/1024/height/512/wp-content/uploads/2025/08/Open-AI-decrypt-style-01-gID_7.png): HTTPSConnectionPool(host='cdn.decrypt.co', port=443): Read timed out. (read timeout=20)
[09:40:29] Summarizer: [Batch] 🔧 No balanced array found, but recovered 2 individual object(s)
[09:40:29] Summarizer: [Batch] 5 item(s) missing from response → marked for reprocessing
[09:40:45] Summarizer: [Batch] No response from API (attempt 1/3)
[09:41:07] Summarizer: [Batch] 3 item(s) missing from response → marked for reprocessing
[09:42:06] Image_Downloader: Download failed (https://kep.cdn.index.hu/1/0/6845/68453/684530/68453051_5053009_d4324263064b890d1a146aab1c13c9fd_wm.jpg): HTTPSConnectionPool(host='kep.cdn.index.hu', port=443): Read timed out. (read timeout=20)
[09:42:24] Summarizer: [Batch] No response from API (attempt 1/3)
[09:42:48] Summarizer: [Batch] 2 item(s) missing from response → marked for reprocessing
[09:43:11] Image_Downloader: Download failed (https://hold.hu/holdblog/wp-content/uploads/2026/03/ai-varos-telepules.png): 403 Client Error: Forbidden for url: https://hold.hu/holdblog/wp-content/uploads/2026/03/ai-varos-telepules.png
[09:43:27] Summarizer: TIMEOUT (180s) - backend call took too long
[09:43:27] Summarizer: [Batch] No response from API (attempt 1/3)
[09:46:38] Summarizer: TIMEOUT (180s) - backend call took too long
[09:46:38] Summarizer: [Batch] No response from API (attempt 2/3)
[09:49:48] Summarizer: TIMEOUT (180s) - backend call took too long
[09:49:48] Summarizer: [Batch] No response from API (attempt 3/3)
