
--- RSS Fetch Errors at 2026-06-15 01:13:06 ---
Error fetching https://www.drive.com.au/feed/: HTTP Error 403: 
Error fetching https://leetgaming.com/feed/: Failed to perform, curl: (28) Connection timed out after 10001 milliseconds. See https://curl.se/libcurl/c/libcurl-errors.html first for more details.
[01:13:11] Summarizer: [DownloadWorker-5] SKIP (duplicate title): Aki ilyen felvágottat vásárolt, ne fogya...
[01:13:28] Summarizer: [Batch] 3 item(s) missing from response → marked for reprocessing
[01:13:35] Summarizer: [DownloadWorker-9] SKIP (duplicate title): Femina.hu...
[01:13:37] Summarizer: [Batch] 2 item(s) missing from response → marked for reprocessing
[01:13:46] Summarizer: [Batch] 4 item(s) missing from response → marked for reprocessing
[01:13:51] Summarizer: [DownloadWorker-0] SKIP (duplicate title): A hét röhögései (604.)...
[01:13:56] Summarizer: [DownloadWorker-1] SKIP (duplicate title): Délelőtti videó 5.: Dorohedoro...
[01:13:58] Summarizer: [DownloadWorker-3] SKIP (duplicate title): A szövetség (film, 2023) | Kritikák, vid...
[01:14:04] Summarizer: [Batch] 1 item(s) missing from response → marked for reprocessing
[01:14:05] Summarizer: [DownloadWorker-6] SKIP (duplicate title): Femina.hu...
[01:14:07] Summarizer: [DownloadWorker-3] SKIP (duplicate title): Ez a népszerű edzés utáni szokás többet ...
[01:14:14] Summarizer: [DownloadWorker-6] SKIP (duplicate title): TRADING ECONOMICS...
[01:14:17] Summarizer: [Batch] 2 item(s) missing from response → marked for reprocessing
[01:14:18] Summarizer: [DownloadWorker-6] SKIP (duplicate title): Femina.hu...
[01:14:20] Summarizer: [DownloadWorker-2] SKIP (duplicate title): Ádám almái (film, 2005) | Kritikák, vide...
[01:14:23] Summarizer: [DownloadWorker-9] SKIP (duplicate title): Folytatódik a Heti hetes...
[01:14:25] Summarizer: [MissingDetector] ⚠️ PAIRING FAIL: 'https://telex.hu/sport/20260614/nemetorszag-curacao-foci-vb-csoportkor' not found. KEEPING ITEM (Fallback).
[01:14:25] Summarizer: [Batch] 1 item(s) missing from response → marked for reprocessing
[01:14:25] Summarizer: [FreeGeminiAPI_3] ⚠️ PAIRING FAIL: 'https://telex.hu/sport/20260614/nemetorszag-curacao-foci-vb-csoportkor' not found. KEEPING ITEM (Fallback).
[01:14:31] Summarizer: [DownloadWorker-8] SKIP (duplicate title): TRADING ECONOMICS...
[01:14:34] Summarizer: [Batch] 1 item(s) missing from response → marked for reprocessing
[01:14:36] Summarizer: [DownloadWorker-7] SKIP (duplicate title): Femina.hu...
[01:14:36] Summarizer: [Batch] 4 item(s) missing from response → marked for reprocessing
[01:14:42] Summarizer: [DownloadWorker-9] SKIP (duplicate title): Délelőtti videó 1.: Rick and Morty...
[01:14:42] Summarizer: [DownloadWorker-6] SKIP (duplicate title): TRADING ECONOMICS...
[01:14:44] Summarizer: [DownloadWorker-4] SKIP (duplicate title): Femina.hu...
[01:14:53] Summarizer: [DownloadWorker-3] SKIP (duplicate title): Femina.hu...
[01:14:59] Summarizer: [Batch] 2 item(s) missing from response → marked for reprocessing
[01:15:01] Summarizer: [Batch] 2 item(s) missing from response → marked for reprocessing
[01:15:03] Summarizer: [DownloadWorker-7] SKIP (duplicate title): Femina.hu...
[01:15:08] Summarizer: [DownloadWorker-1] SKIP (duplicate title): Femina.hu...
[01:15:09] Summarizer: [MissingDetector] ⚠️ PAIRING FAIL: 'https://player.hu/sport-3/a-foci-vb-sztarja-lett-a-szurkolok-dekazo-rendor' not found. KEEPING ITEM (Fallback).
[01:15:09] Summarizer: [Batch] 1 item(s) missing from response → marked for reprocessing
[01:15:09] Summarizer: [FreeGeminiAPI_1] ⚠️ PAIRING FAIL: 'https://player.hu/sport-3/a-foci-vb-sztarja-lett-a-szurkolok-dekazo-rendor' not found. KEEPING ITEM (Fallback).
[01:15:12] Summarizer: [DownloadWorker-8] SKIP (duplicate title): Femina.hu...
[01:15:13] Summarizer: [DownloadWorker-4] SKIP (duplicate title): Night Nurse (film, 2026) | Kritikák, vid...
[01:15:14] Summarizer: [DownloadWorker-9] SKIP (duplicate title): Megint lefejezték a dunavecsei Mária-szo...
[01:15:15] Summarizer: [Batch] 1 item(s) missing from response → marked for reprocessing
[01:15:17] Summarizer: [DownloadWorker-9] SKIP (duplicate title): Femina.hu...
[01:15:18] Summarizer: [DownloadWorker-9] SKIP (duplicate title): Délelőtti videó 6.: Faceoff: Inside The ...
[01:15:21] Summarizer: [DownloadWorker-9] SKIP (duplicate title): Ütős tartalom  (sorozat, 2026) | Kritiká...
[01:15:22] Summarizer: [DownloadWorker-0] SKIP (duplicate title): Femina.hu...
[01:15:25] Summarizer: [MissingDetector] ⚠️ PAIRING FAIL: 'https://port.hu/cikk/mozi/ime-a-foszerep-amit-sean-connery-megepo-modon-nagyon-utalt/article-126968' not found. KEEPING ITEM (Fallback).
[01:15:25] Summarizer: [Batch] 2 item(s) missing from response → marked for reprocessing
[01:15:25] Summarizer: [FreeGeminiAPI_3] ⚠️ PAIRING FAIL: 'https://port.hu/cikk/mozi/ime-a-foszerep-amit-sean-connery-megepo-modon-nagyon-utalt/article-126968' not found. KEEPING ITEM (Fallback).
[01:15:26] Summarizer: [DownloadWorker-9] SKIP (duplicate title): Femina.hu...
[01:15:29] Summarizer: [DownloadWorker-5] SKIP (duplicate title): Femina.hu...
[01:15:29] Summarizer: [Batch] 1 item(s) missing from response → marked for reprocessing
[01:15:32] Summarizer: [Batch] 3 item(s) missing from response → marked for reprocessing
[01:15:32] Summarizer: [Batch] 3 item(s) missing from response → marked for reprocessing
[01:15:32] Summarizer: [DownloadWorker-9] SKIP (duplicate title): Femina.hu...
[01:15:34] Summarizer: [Batch] 3 item(s) missing from response → marked for reprocessing
[01:15:36] Image_Downloader: Download failed (https://telex.hu/sport/2026/06/14/null/null): 404 Client Error: Not Found for url: https://telex.hu/sport/2026/06/14/null/null
[01:15:36] Summarizer: [DownloadWorker-5] SKIP (duplicate title): Femina.hu...
[01:15:39] Summarizer: [Batch] 2 item(s) missing from response → marked for reprocessing
[01:15:42] Summarizer: [Batch] 2 item(s) missing from response → marked for reprocessing
[01:15:44] Summarizer: [Batch] 4 item(s) missing from response → marked for reprocessing
[01:15:53] Summarizer: [Batch] 4 item(s) missing from response → marked for reprocessing
[01:16:01] Summarizer: [Batch] 2 item(s) missing from response → marked for reprocessing
[01:16:01] Summarizer: [Batch] 2 item(s) missing from response → marked for reprocessing
[01:16:12] Summarizer: [Batch] 3 item(s) missing from response → marked for reprocessing
[01:16:34] Summarizer: Reprocessing 3 pairing failures from data.json
[01:24:57] Image_Downloader: Download failed (https://raw.githubusercontent.com/Derushir/Kepek/main/67c6357751300334f52e35f893ac854f/news/ausztral-fejlesztesu-napelemes-off-road-kempingauto-a-volksw.jpg): 404 Client Error: Not Found for url: https://raw.githubusercontent.com/Derushir/Kepek/main/67c6357751300334f52e35f893ac854f/news/ausztral-fejlesztesu-napelemes-off-road-kempingauto-a-volksw.jpg
[01:24:57] Image_Downloader: Download failed (https://raw.githubusercontent.com/Derushir/Kepek/main/67c6357751300334f52e35f893ac854f/news/sulyos-karokat-okozott-a-del-dunantuli-szupercellas-jegeso.jpg): 404 Client Error: Not Found for url: https://raw.githubusercontent.com/Derushir/Kepek/main/67c6357751300334f52e35f893ac854f/news/sulyos-karokat-okozott-a-del-dunantuli-szupercellas-jegeso.jpg
[01:24:57] Image_Downloader: Download failed (https://raw.githubusercontent.com/Derushir/Kepek/main/67c6357751300334f52e35f893ac854f/news/riaszto-adatok-a-diakok-tobbsege-erintett-az-iskolai-bantalm.jpg): 404 Client Error: Not Found for url: https://raw.githubusercontent.com/Derushir/Kepek/main/67c6357751300334f52e35f893ac854f/news/riaszto-adatok-a-diakok-tobbsege-erintett-az-iskolai-bantalm.jpg
[01:24:57] Image_Downloader: Download failed (https://raw.githubusercontent.com/Derushir/Kepek/main/67c6357751300334f52e35f893ac854f/news/a-duke-egyetem-kutatoi-20-labu-mozgekony-robotot-fejlesztett.webp): 404 Client Error: Not Found for url: https://raw.githubusercontent.com/Derushir/Kepek/main/67c6357751300334f52e35f893ac854f/news/a-duke-egyetem-kutatoi-20-labu-mozgekony-robotot-fejlesztett.webp
[01:24:57] Image_Downloader: Download failed (https://raw.githubusercontent.com/Derushir/Kepek/main/67c6357751300334f52e35f893ac854f/news/uj-mesterseges-intelligenciara-epulo-kepgenerator-jelent-meg.png): 404 Client Error: Not Found for url: https://raw.githubusercontent.com/Derushir/Kepek/main/67c6357751300334f52e35f893ac854f/news/uj-mesterseges-intelligenciara-epulo-kepgenerator-jelent-meg.png
[01:24:57] Image_Downloader: Download failed (https://raw.githubusercontent.com/Derushir/Kepek/main/67c6357751300334f52e35f893ac854f/news/timothee-chalamet-a-knicks-nba-gyozelmet-az-oscar-dijak-fole.jpg): 404 Client Error: Not Found for url: https://raw.githubusercontent.com/Derushir/Kepek/main/67c6357751300334f52e35f893ac854f/news/timothee-chalamet-a-knicks-nba-gyozelmet-az-oscar-dijak-fole.jpg
[01:24:57] Image_Downloader: Download failed (https://raw.githubusercontent.com/Derushir/Kepek/main/67c6357751300334f52e35f893ac854f/news/ismeretlen-klatratot-azonositottak-az-elso-atomrobbantas-hel.jpg): 404 Client Error: Not Found for url: https://raw.githubusercontent.com/Derushir/Kepek/main/67c6357751300334f52e35f893ac854f/news/ismeretlen-klatratot-azonositottak-az-elso-atomrobbantas-hel.jpg
[01:24:57] Image_Downloader: Download failed (https://raw.githubusercontent.com/Derushir/Kepek/main/67c6357751300334f52e35f893ac854f/news/ujraindulhat-a-rac-furdo-rekonstrukcioja-budapesten.jpg): 404 Client Error: Not Found for url: https://raw.githubusercontent.com/Derushir/Kepek/main/67c6357751300334f52e35f893ac854f/news/ujraindulhat-a-rac-furdo-rekonstrukcioja-budapesten.jpg
[01:24:57] Image_Downloader: Download failed (https://raw.githubusercontent.com/Derushir/Kepek/main/67c6357751300334f52e35f893ac854f/news/sundar-pichai-uzenete-a-stanford-vegzoseinek-optimizmus-es-n.jpg): 404 Client Error: Not Found for url: https://raw.githubusercontent.com/Derushir/Kepek/main/67c6357751300334f52e35f893ac854f/news/sundar-pichai-uzenete-a-stanford-vegzoseinek-optimizmus-es-n.jpg
[01:24:57] Image_Downloader: Download failed (https://raw.githubusercontent.com/Derushir/Kepek/main/67c6357751300334f52e35f893ac854f/news/drive-thru-ettermet-nyitott-mohacson-a-simons-burger.jpg): 404 Client Error: Not Found for url: https://raw.githubusercontent.com/Derushir/Kepek/main/67c6357751300334f52e35f893ac854f/news/drive-thru-ettermet-nyitott-mohacson-a-simons-burger.jpg
[01:24:57] Image_Downloader: Download failed (https://raw.githubusercontent.com/Derushir/Kepek/main/67c6357751300334f52e35f893ac854f/news/miert-nem-fenyeget-az-emberisegre-a-mesterseges-intelligenci.jpg): 404 Client Error: Not Found for url: https://raw.githubusercontent.com/Derushir/Kepek/main/67c6357751300334f52e35f893ac854f/news/miert-nem-fenyeget-az-emberisegre-a-mesterseges-intelligenci.jpg
[01:24:57] Image_Downloader: Download failed (https://raw.githubusercontent.com/Derushir/Kepek/main/67c6357751300334f52e35f893ac854f/news/140-ezer-forintos-birsag-jart-a-143-kmoraval-szaguldo-ferrar.jpg): 404 Client Error: Not Found for url: https://raw.githubusercontent.com/Derushir/Kepek/main/67c6357751300334f52e35f893ac854f/news/140-ezer-forintos-birsag-jart-a-143-kmoraval-szaguldo-ferrar.jpg
[01:24:57] Image_Downloader: Download failed (https://raw.githubusercontent.com/Derushir/Kepek/main/67c6357751300334f52e35f893ac854f/news/lefejezett-csontvazakat-talaltak-egy-7000-eves-szlovakiai-to.jpg): 404 Client Error: Not Found for url: https://raw.githubusercontent.com/Derushir/Kepek/main/67c6357751300334f52e35f893ac854f/news/lefejezett-csontvazakat-talaltak-egy-7000-eves-szlovakiai-to.jpg
[01:24:57] Image_Downloader: Download failed (https://raw.githubusercontent.com/Derushir/Kepek/main/67c6357751300334f52e35f893ac854f/news/budapesten-landolt-a-vilag-egyik-legnagyobb-teherszallito-re.jpg): 404 Client Error: Not Found for url: https://raw.githubusercontent.com/Derushir/Kepek/main/67c6357751300334f52e35f893ac854f/news/budapesten-landolt-a-vilag-egyik-legnagyobb-teherszallito-re.jpg
[01:24:57] Image_Downloader: Download failed (https://raw.githubusercontent.com/Derushir/Kepek/main/67c6357751300334f52e35f893ac854f/news/meghan-markle-tiszteletet-fejezte-ki-baratnoje-elhunyt-gyerm.jpg): 404 Client Error: Not Found for url: https://raw.githubusercontent.com/Derushir/Kepek/main/67c6357751300334f52e35f893ac854f/news/meghan-markle-tiszteletet-fejezte-ki-baratnoje-elhunyt-gyerm.jpg
[01:24:57] Image_Downloader: Download failed (https://raw.githubusercontent.com/Derushir/Kepek/main/67c6357751300334f52e35f893ac854f/news/a-z-generacio-jogosan-aggodik-az-ai-alapu-munkaero-automatiz.jpg): 404 Client Error: Not Found for url: https://raw.githubusercontent.com/Derushir/Kepek/main/67c6357751300334f52e35f893ac854f/news/a-z-generacio-jogosan-aggodik-az-ai-alapu-munkaero-automatiz.jpg
[01:24:57] Image_Downloader: Download failed (https://raw.githubusercontent.com/Derushir/Kepek/main/67c6357751300334f52e35f893ac854f/news/azsiai-lodarazs-es-veszelyes-mehatka-fenyegeti-a-magyar-mehe.jpg): 404 Client Error: Not Found for url: https://raw.githubusercontent.com/Derushir/Kepek/main/67c6357751300334f52e35f893ac854f/news/azsiai-lodarazs-es-veszelyes-mehatka-fenyegeti-a-magyar-mehe.jpg
[01:24:57] Image_Downloader: Download failed (https://raw.githubusercontent.com/Derushir/Kepek/main/67c6357751300334f52e35f893ac854f/news/sikeresen-indult-a-japan-h3-hordozoraketa-hat-muholddal-a-fe.webp): 404 Client Error: Not Found for url: https://raw.githubusercontent.com/Derushir/Kepek/main/67c6357751300334f52e35f893ac854f/news/sikeresen-indult-a-japan-h3-hordozoraketa-hat-muholddal-a-fe.webp
[01:24:57] Image_Downloader: Download failed (https://raw.githubusercontent.com/Derushir/Kepek/main/67c6357751300334f52e35f893ac854f/news/nincs-telitalalat-a-hatos-lotton-625-millio-forintra-no-a-fo.jpg): 404 Client Error: Not Found for url: https://raw.githubusercontent.com/Derushir/Kepek/main/67c6357751300334f52e35f893ac854f/news/nincs-telitalalat-a-hatos-lotton-625-millio-forintra-no-a-fo.jpg
[01:24:57] Image_Downloader: Download failed (https://raw.githubusercontent.com/Derushir/Kepek/main/67c6357751300334f52e35f893ac854f/news/tobb-mint-4-millio-forint-kozpenzbe-kerult-gulyas-gergely-ma.jpg): 404 Client Error: Not Found for url: https://raw.githubusercontent.com/Derushir/Kepek/main/67c6357751300334f52e35f893ac854f/news/tobb-mint-4-millio-forint-kozpenzbe-kerult-gulyas-gergely-ma.jpg
[01:25:00] Image_Downloader: Download failed (https://raw.githubusercontent.com/Derushir/Kepek/main/67c6357751300334f52e35f893ac854f/news/567-millio-eves-fossziliak-segitenek-megerteni-a-korai-allat.jpg): 404 Client Error: Not Found for url: https://raw.githubusercontent.com/Derushir/Kepek/main/67c6357751300334f52e35f893ac854f/news/567-millio-eves-fossziliak-segitenek-megerteni-a-korai-allat.jpg
[01:25:00] Image_Downloader: Download failed (https://raw.githubusercontent.com/Derushir/Kepek/main/67c6357751300334f52e35f893ac854f/news/arany-ekszerekkel-teli-kelta-fejedelmi-sirra-bukkantak-nemet.jpg): 404 Client Error: Not Found for url: https://raw.githubusercontent.com/Derushir/Kepek/main/67c6357751300334f52e35f893ac854f/news/arany-ekszerekkel-teli-kelta-fejedelmi-sirra-bukkantak-nemet.jpg
[01:25:00] Image_Downloader: Download failed (https://raw.githubusercontent.com/Derushir/Kepek/main/67c6357751300334f52e35f893ac854f/news/csokkenoben-a-magyar-lakaspiaci-tulertekeltseg-de-a-piac-tov.jpg): 404 Client Error: Not Found for url: https://raw.githubusercontent.com/Derushir/Kepek/main/67c6357751300334f52e35f893ac854f/news/csokkenoben-a-magyar-lakaspiaci-tulertekeltseg-de-a-piac-tov.jpg
[01:25:00] Image_Downloader: Download failed (https://raw.githubusercontent.com/Derushir/Kepek/main/67c6357751300334f52e35f893ac854f/news/szigorodik-az-ai-alapu-jelzaloghitelezes-szabalyozasa.jpg): 404 Client Error: Not Found for url: https://raw.githubusercontent.com/Derushir/Kepek/main/67c6357751300334f52e35f893ac854f/news/szigorodik-az-ai-alapu-jelzaloghitelezes-szabalyozasa.jpg
[01:25:00] Image_Downloader: Download failed (https://raw.githubusercontent.com/Derushir/Kepek/main/67c6357751300334f52e35f893ac854f/news/vallalati-ertekteremtes-miert-sikeresek-egyes-cegek-mig-maso.jpg): 404 Client Error: Not Found for url: https://raw.githubusercontent.com/Derushir/Kepek/main/67c6357751300334f52e35f893ac854f/news/vallalati-ertekteremtes-miert-sikeresek-egyes-cegek-mig-maso.jpg
[01:25:01] Image_Downloader: Download failed (https://raw.githubusercontent.com/Derushir/Kepek/main/67c6357751300334f52e35f893ac854f/news/vasuti-sinek-fole-epitenek-uj-varosnegyedet-torontoban.jpg): 404 Client Error: Not Found for url: https://raw.githubusercontent.com/Derushir/Kepek/main/67c6357751300334f52e35f893ac854f/news/vasuti-sinek-fole-epitenek-uj-varosnegyedet-torontoban.jpg
[01:25:01] Image_Downloader: Download failed (https://raw.githubusercontent.com/Derushir/Kepek/main/67c6357751300334f52e35f893ac854f/news/hadiipari-profilra-valt-a-rheinmetall-eladja-polgari-uzletag.jpg): 404 Client Error: Not Found for url: https://raw.githubusercontent.com/Derushir/Kepek/main/67c6357751300334f52e35f893ac854f/news/hadiipari-profilra-valt-a-rheinmetall-eladja-polgari-uzletag.jpg
[01:25:01] Image_Downloader: Download failed (https://raw.githubusercontent.com/Derushir/Kepek/main/67c6357751300334f52e35f893ac854f/news/sztarok-es-uzleti-modell-igy-lett-sikeres-az-elektromos-e1-m.jpg): 404 Client Error: Not Found for url: https://raw.githubusercontent.com/Derushir/Kepek/main/67c6357751300334f52e35f893ac854f/news/sztarok-es-uzleti-modell-igy-lett-sikeres-az-elektromos-e1-m.jpg
[01:25:01] Image_Downloader: Download failed (https://raw.githubusercontent.com/Derushir/Kepek/main/67c6357751300334f52e35f893ac854f/news/tobb-mint-szaz-elektromos-scania-teherautot-vasarol-a-wibax.jpg): 404 Client Error: Not Found for url: https://raw.githubusercontent.com/Derushir/Kepek/main/67c6357751300334f52e35f893ac854f/news/tobb-mint-szaz-elektromos-scania-teherautot-vasarol-a-wibax.jpg
[01:25:01] Image_Downloader: Download failed (https://raw.githubusercontent.com/Derushir/Kepek/main/67c6357751300334f52e35f893ac854f/news/kockazatos-az-ai-hasznalata-a-banki-szektorban-a-szakertok-a.jpg): 404 Client Error: Not Found for url: https://raw.githubusercontent.com/Derushir/Kepek/main/67c6357751300334f52e35f893ac854f/news/kockazatos-az-ai-hasznalata-a-banki-szektorban-a-szakertok-a.jpg
[01:25:01] Image_Downloader: Download failed (https://raw.githubusercontent.com/Derushir/Kepek/main/67c6357751300334f52e35f893ac854f/news/a-spacex-piaci-erteke-meghaladta-a-teslaet-a-tozsdei-bevezet.jpg): 404 Client Error: Not Found for url: https://raw.githubusercontent.com/Derushir/Kepek/main/67c6357751300334f52e35f893ac854f/news/a-spacex-piaci-erteke-meghaladta-a-teslaet-a-tozsdei-bevezet.jpg
[01:25:01] Image_Downloader: Download failed (https://raw.githubusercontent.com/Derushir/Kepek/main/67c6357751300334f52e35f893ac854f/news/nobel-dijas-kozgazdasz-biralta-a-spacex-tozsdei-ertekeleset.jpg): 404 Client Error: Not Found for url: https://raw.githubusercontent.com/Derushir/Kepek/main/67c6357751300334f52e35f893ac854f/news/nobel-dijas-kozgazdasz-biralta-a-spacex-tozsdei-ertekeleset.jpg
[01:25:01] Image_Downloader: Download failed (https://raw.githubusercontent.com/Derushir/Kepek/main/67c6357751300334f52e35f893ac854f/news/dolly-parton-bevallotta-melyik-filmjenek-forgatasa-volt-szam.jpg): 404 Client Error: Not Found for url: https://raw.githubusercontent.com/Derushir/Kepek/main/67c6357751300334f52e35f893ac854f/news/dolly-parton-bevallotta-melyik-filmjenek-forgatasa-volt-szam.jpg
[01:25:01] Image_Downloader: Download failed (https://raw.githubusercontent.com/Derushir/Kepek/main/67c6357751300334f52e35f893ac854f/news/megerkezett-az-utolso-elozetes-az-eloszereplos-moana-filmhez.jpg): 404 Client Error: Not Found for url: https://raw.githubusercontent.com/Derushir/Kepek/main/67c6357751300334f52e35f893ac854f/news/megerkezett-az-utolso-elozetes-az-eloszereplos-moana-filmhez.jpg
[01:25:01] Image_Downloader: Download failed (https://raw.githubusercontent.com/Derushir/Kepek/main/67c6357751300334f52e35f893ac854f/news/malcolm-mcdowell-megbanta-hogy-visszautasitotta-hitchcock-fr.jpg): 404 Client Error: Not Found for url: https://raw.githubusercontent.com/Derushir/Kepek/main/67c6357751300334f52e35f893ac854f/news/malcolm-mcdowell-megbanta-hogy-visszautasitotta-hitchcock-fr.jpg
[01:25:01] Image_Downloader: Download failed (https://raw.githubusercontent.com/Derushir/Kepek/main/67c6357751300334f52e35f893ac854f/news/jack-lemmon-daphne-kent-nyujtott-alakitasa-az-1959-es-van-ak.jpg): 404 Client Error: Not Found for url: https://raw.githubusercontent.com/Derushir/Kepek/main/67c6357751300334f52e35f893ac854f/news/jack-lemmon-daphne-kent-nyujtott-alakitasa-az-1959-es-van-ak.jpg
[01:25:01] Image_Downloader: Download failed (https://raw.githubusercontent.com/Derushir/Kepek/main/67c6357751300334f52e35f893ac854f/news/hell-grind-15-ember-ket-het-alatt-keszitett-mesterseges-inte.gif): 404 Client Error: Not Found for url: https://raw.githubusercontent.com/Derushir/Kepek/main/67c6357751300334f52e35f893ac854f/news/hell-grind-15-ember-ket-het-alatt-keszitett-mesterseges-inte.gif
[01:25:01] Image_Downloader: Download failed (https://raw.githubusercontent.com/Derushir/Kepek/main/67c6357751300334f52e35f893ac854f/news/keith-richards-szerint-a-rolling-stones-1997-es-bridges-to-b.jpg): 404 Client Error: Not Found for url: https://raw.githubusercontent.com/Derushir/Kepek/main/67c6357751300334f52e35f893ac854f/news/keith-richards-szerint-a-rolling-stones-1997-es-bridges-to-b.jpg
[01:25:02] Image_Downloader: Download failed (https://raw.githubusercontent.com/Derushir/Kepek/main/67c6357751300334f52e35f893ac854f/news/a-parks-tarsasjatek-masodik-kiadasa-letisztultabb-szabalyok-.jpg): 404 Client Error: Not Found for url: https://raw.githubusercontent.com/Derushir/Kepek/main/67c6357751300334f52e35f893ac854f/news/a-parks-tarsasjatek-masodik-kiadasa-letisztultabb-szabalyok-.jpg
[01:25:02] Image_Downloader: Download failed (https://raw.githubusercontent.com/Derushir/Kepek/main/67c6357751300334f52e35f893ac854f/news/a-meg-fognak-olni-cimu-film-az-hbo-max-toplistajanak-elere-u.png): 404 Client Error: Not Found for url: https://raw.githubusercontent.com/Derushir/Kepek/main/67c6357751300334f52e35f893ac854f/news/a-meg-fognak-olni-cimu-film-az-hbo-max-toplistajanak-elere-u.png
[01:25:03] Image_Downloader: Download failed (https://raw.githubusercontent.com/Derushir/Kepek/main/67c6357751300334f52e35f893ac854f/news/bette-davis-kezdetben-nem-bizott-a-fiatal-ron-howard-rendezo.jpg): 404 Client Error: Not Found for url: https://raw.githubusercontent.com/Derushir/Kepek/main/67c6357751300334f52e35f893ac854f/news/bette-davis-kezdetben-nem-bizott-a-fiatal-ron-howard-rendezo.jpg
[01:25:03] Image_Downloader: Download failed (https://raw.githubusercontent.com/Derushir/Kepek/main/67c6357751300334f52e35f893ac854f/news/sean-connery-sosem-kedvelte-a-james-bond-szerepet.webp): 404 Client Error: Not Found for url: https://raw.githubusercontent.com/Derushir/Kepek/main/67c6357751300334f52e35f893ac854f/news/sean-connery-sosem-kedvelte-a-james-bond-szerepet.webp
[01:25:03] Image_Downloader: Download failed (https://raw.githubusercontent.com/Derushir/Kepek/main/67c6357751300334f52e35f893ac854f/news/eletem-legjobb-szama-paul-rudd-uj-filmje-a-zene-es-az-elisme.webp): 404 Client Error: Not Found for url: https://raw.githubusercontent.com/Derushir/Kepek/main/67c6357751300334f52e35f893ac854f/news/eletem-legjobb-szama-paul-rudd-uj-filmje-a-zene-es-az-elisme.webp
[01:25:03] Image_Downloader: Download failed (https://raw.githubusercontent.com/Derushir/Kepek/main/67c6357751300334f52e35f893ac854f/news/jason-derulo-budapest-park-koncertje-profi-show-es-varatlan-.jpg): 404 Client Error: Not Found for url: https://raw.githubusercontent.com/Derushir/Kepek/main/67c6357751300334f52e35f893ac854f/news/jason-derulo-budapest-park-koncertje-profi-show-es-varatlan-.jpg
[01:25:04] Image_Downloader: Download failed (https://raw.githubusercontent.com/Derushir/Kepek/main/67c6357751300334f52e35f893ac854f/news/dustin-hoffman-egy-kutyak-parzasi-szokasabol-meritett-ihlete.jpg): 404 Client Error: Not Found for url: https://raw.githubusercontent.com/Derushir/Kepek/main/67c6357751300334f52e35f893ac854f/news/dustin-hoffman-egy-kutyak-parzasi-szokasabol-meritett-ihlete.jpg
[01:25:04] Image_Downloader: Download failed (https://raw.githubusercontent.com/Derushir/Kepek/main/67c6357751300334f52e35f893ac854f/news/3d-s-mualkotassa-alakitottak-egy-1965-os-ford-mustangot.jpg): 404 Client Error: Not Found for url: https://raw.githubusercontent.com/Derushir/Kepek/main/67c6357751300334f52e35f893ac854f/news/3d-s-mualkotassa-alakitottak-egy-1965-os-ford-mustangot.jpg
[01:25:04] Image_Downloader: Download failed (https://raw.githubusercontent.com/Derushir/Kepek/main/67c6357751300334f52e35f893ac854f/news/a-metallica-budapesti-koncertjei-rekordot-dontottek-a-puskas.webp): 404 Client Error: Not Found for url: https://raw.githubusercontent.com/Derushir/Kepek/main/67c6357751300334f52e35f893ac854f/news/a-metallica-budapesti-koncertjei-rekordot-dontottek-a-puskas.webp
[01:25:04] Image_Downloader: Download failed (https://raw.githubusercontent.com/Derushir/Kepek/main/67c6357751300334f52e35f893ac854f/news/a-leleplezes-napja-nyitott-az-elen-a-horrorfilmek-dominaljak.png): 404 Client Error: Not Found for url: https://raw.githubusercontent.com/Derushir/Kepek/main/67c6357751300334f52e35f893ac854f/news/a-leleplezes-napja-nyitott-az-elen-a-horrorfilmek-dominaljak.png
[01:25:04] Image_Downloader: Download failed (https://raw.githubusercontent.com/Derushir/Kepek/main/67c6357751300334f52e35f893ac854f/news/visszajaro-penz-egy-ejszakai-muszak-tortenete.jpg): 404 Client Error: Not Found for url: https://raw.githubusercontent.com/Derushir/Kepek/main/67c6357751300334f52e35f893ac854f/news/visszajaro-penz-egy-ejszakai-muszak-tortenete.jpg
[01:25:04] Image_Downloader: Download failed (https://raw.githubusercontent.com/Derushir/Kepek/main/67c6357751300334f52e35f893ac854f/news/zog-uj-animacios-sorozat-a-bbc-kinalataban.gif): 404 Client Error: Not Found for url: https://raw.githubusercontent.com/Derushir/Kepek/main/67c6357751300334f52e35f893ac854f/news/zog-uj-animacios-sorozat-a-bbc-kinalataban.gif
[01:25:04] Image_Downloader: Download failed (https://raw.githubusercontent.com/Derushir/Kepek/main/67c6357751300334f52e35f893ac854f/news/nyolc-sorozat-amely-tulszarnyalta-az-alapjaul-szolgalo-filme.webp): 404 Client Error: Not Found for url: https://raw.githubusercontent.com/Derushir/Kepek/main/67c6357751300334f52e35f893ac854f/news/nyolc-sorozat-amely-tulszarnyalta-az-alapjaul-szolgalo-filme.webp
[01:25:05] Image_Downloader: Download failed (https://raw.githubusercontent.com/Derushir/Kepek/main/67c6357751300334f52e35f893ac854f/news/harry-styles-a-mentalis-kimerultseg-miatt-vonult-remetesegbe.jpg): 404 Client Error: Not Found for url: https://raw.githubusercontent.com/Derushir/Kepek/main/67c6357751300334f52e35f893ac854f/news/harry-styles-a-mentalis-kimerultseg-miatt-vonult-remetesegbe.jpg
[01:25:05] Image_Downloader: Download failed (https://raw.githubusercontent.com/Derushir/Kepek/main/67c6357751300334f52e35f893ac854f/news/jelentos-magyar-szinhazi-alkotok-es-szineszek-tavoztak-a-202.webp): 404 Client Error: Not Found for url: https://raw.githubusercontent.com/Derushir/Kepek/main/67c6357751300334f52e35f893ac854f/news/jelentos-magyar-szinhazi-alkotok-es-szineszek-tavoztak-a-202.webp
[01:25:05] Image_Downloader: Download failed (https://raw.githubusercontent.com/Derushir/Kepek/main/67c6357751300334f52e35f893ac854f/news/linda-ronstadt-elarulta-miert-gyulolte-enekelni-legnagyobb-s.jpg): 404 Client Error: Not Found for url: https://raw.githubusercontent.com/Derushir/Kepek/main/67c6357751300334f52e35f893ac854f/news/linda-ronstadt-elarulta-miert-gyulolte-enekelni-legnagyobb-s.jpg
[01:25:05] Image_Downloader: Download failed (https://raw.githubusercontent.com/Derushir/Kepek/main/67c6357751300334f52e35f893ac854f/news/timothee-chalamet-ideges-volt-a-beautiful-boy-forgatasan-ste.jpg): 404 Client Error: Not Found for url: https://raw.githubusercontent.com/Derushir/Kepek/main/67c6357751300334f52e35f893ac854f/news/timothee-chalamet-ideges-volt-a-beautiful-boy-forgatasan-ste.jpg
[01:25:05] Image_Downloader: Download failed (https://raw.githubusercontent.com/Derushir/Kepek/main/67c6357751300334f52e35f893ac854f/news/a-digitalis-kieges-miatt-ternek-vissza-a-fizikai-adathordozo.jpg): 404 Client Error: Not Found for url: https://raw.githubusercontent.com/Derushir/Kepek/main/67c6357751300334f52e35f893ac854f/news/a-digitalis-kieges-miatt-ternek-vissza-a-fizikai-adathordozo.jpg
[01:25:05] Image_Downloader: Download failed (https://raw.githubusercontent.com/Derushir/Kepek/main/67c6357751300334f52e35f893ac854f/news/jim-carrey-cia-kikepzest-kapott-a-grincs-forgatasa-alatt-a-s.jpg): 404 Client Error: Not Found for url: https://raw.githubusercontent.com/Derushir/Kepek/main/67c6357751300334f52e35f893ac854f/news/jim-carrey-cia-kikepzest-kapott-a-grincs-forgatasa-alatt-a-s.jpg
[01:25:05] Image_Downloader: Download failed (https://raw.githubusercontent.com/Derushir/Kepek/main/67c6357751300334f52e35f893ac854f/news/samara-weaving-minden-forgatasra-magaval-viszi-a-playstation.jpg): 404 Client Error: Not Found for url: https://raw.githubusercontent.com/Derushir/Kepek/main/67c6357751300334f52e35f893ac854f/news/samara-weaving-minden-forgatasra-magaval-viszi-a-playstation.jpg
[01:25:05] Image_Downloader: Download failed (https://raw.githubusercontent.com/Derushir/Kepek/main/67c6357751300334f52e35f893ac854f/news/007-first-light-az-io-interactive-sikeresen-tamasztotta-fel-.jpg): 404 Client Error: Not Found for url: https://raw.githubusercontent.com/Derushir/Kepek/main/67c6357751300334f52e35f893ac854f/news/007-first-light-az-io-interactive-sikeresen-tamasztotta-fel-.jpg
[01:25:05] Image_Downloader: Download failed (https://raw.githubusercontent.com/Derushir/Kepek/main/67c6357751300334f52e35f893ac854f/news/a-final-fantasy-14-zenekara-a-the-primals-eloben-lepett-fel-.jpg): 404 Client Error: Not Found for url: https://raw.githubusercontent.com/Derushir/Kepek/main/67c6357751300334f52e35f893ac854f/news/a-final-fantasy-14-zenekara-a-the-primals-eloben-lepett-fel-.jpg
[01:25:07] Image_Downloader: Download failed (https://raw.githubusercontent.com/Derushir/Kepek/main/67c6357751300334f52e35f893ac854f/news/penzugyi-nehezsegek-az-xboxnal-a-game-pass-modell-kihivasai.jpg): 404 Client Error: Not Found for url: https://raw.githubusercontent.com/Derushir/Kepek/main/67c6357751300334f52e35f893ac854f/news/penzugyi-nehezsegek-az-xboxnal-a-game-pass-modell-kihivasai.jpg
[01:25:07] Image_Downloader: Download failed (https://raw.githubusercontent.com/Derushir/Kepek/main/67c6357751300334f52e35f893ac854f/news/harry-krueger-a-returnal-rendezoje-a-jatekfejlesztesrol-es-k.png): 404 Client Error: Not Found for url: https://raw.githubusercontent.com/Derushir/Kepek/main/67c6357751300334f52e35f893ac854f/news/harry-krueger-a-returnal-rendezoje-a-jatekfejlesztesrol-es-k.png
[01:25:09] Image_Downloader: Download failed (https://raw.githubusercontent.com/Derushir/Kepek/main/67c6357751300334f52e35f893ac854f/news/uj-stardew-valley-mod-teszi-lehetove-az-elvalt-hazastarsakka.jpg): 404 Client Error: Not Found for url: https://raw.githubusercontent.com/Derushir/Kepek/main/67c6357751300334f52e35f893ac854f/news/uj-stardew-valley-mod-teszi-lehetove-az-elvalt-hazastarsakka.jpg
[01:25:09] Image_Downloader: Download failed (https://raw.githubusercontent.com/Derushir/Kepek/main/67c6357751300334f52e35f893ac854f/news/embers-of-the-uncrowned-baldurs-gate-es-elden-ring-kevereke-.jpg): 404 Client Error: Not Found for url: https://raw.githubusercontent.com/Derushir/Kepek/main/67c6357751300334f52e35f893ac854f/news/embers-of-the-uncrowned-baldurs-gate-es-elden-ring-kevereke-.jpg
[01:25:09] Image_Downloader: Download failed (https://raw.githubusercontent.com/Derushir/Kepek/main/67c6357751300334f52e35f893ac854f/news/egymillio-peldanyban-kelt-el-negy-nap-alatt-a-meccha-chamele.jpg): 404 Client Error: Not Found for url: https://raw.githubusercontent.com/Derushir/Kepek/main/67c6357751300334f52e35f893ac854f/news/egymillio-peldanyban-kelt-el-negy-nap-alatt-a-meccha-chamele.jpg
[01:25:09] Image_Downloader: Download failed (https://raw.githubusercontent.com/Derushir/Kepek/main/67c6357751300334f52e35f893ac854f/news/rio-mare-insalatissime-praktikus-es-gyors-ebedmegoldas-a-roh.png): 404 Client Error: Not Found for url: https://raw.githubusercontent.com/Derushir/Kepek/main/67c6357751300334f52e35f893ac854f/news/rio-mare-insalatissime-praktikus-es-gyors-ebedmegoldas-a-roh.png
[01:25:09] Image_Downloader: Download failed (https://raw.githubusercontent.com/Derushir/Kepek/main/67c6357751300334f52e35f893ac854f/news/vibracios-trening-nem-fogyokuras-csodaszer-de-hasznos-kieges.jpg): 404 Client Error: Not Found for url: https://raw.githubusercontent.com/Derushir/Kepek/main/67c6357751300334f52e35f893ac854f/news/vibracios-trening-nem-fogyokuras-csodaszer-de-hasznos-kieges.jpg
[01:25:09] Image_Downloader: Download failed (https://raw.githubusercontent.com/Derushir/Kepek/main/67c6357751300334f52e35f893ac854f/news/a-tartos-rekedtseg-es-torokfajas-a-fej-nyaki-daganatok-korai.jpg): 404 Client Error: Not Found for url: https://raw.githubusercontent.com/Derushir/Kepek/main/67c6357751300334f52e35f893ac854f/news/a-tartos-rekedtseg-es-torokfajas-a-fej-nyaki-daganatok-korai.jpg
[01:25:09] Image_Downloader: Download failed (https://raw.githubusercontent.com/Derushir/Kepek/main/67c6357751300334f52e35f893ac854f/news/a-szuloi-elvarasok-nyomasa-a-tovabbtanulas-es-a-karriervalas.jpg): 404 Client Error: Not Found for url: https://raw.githubusercontent.com/Derushir/Kepek/main/67c6357751300334f52e35f893ac854f/news/a-szuloi-elvarasok-nyomasa-a-tovabbtanulas-es-a-karriervalas.jpg
[01:25:10] Image_Downloader: Download failed (https://raw.githubusercontent.com/Derushir/Kepek/main/67c6357751300334f52e35f893ac854f/news/harmadszorra-is-ikreket-szult-egy-nemet-no.jpg): 404 Client Error: Not Found for url: https://raw.githubusercontent.com/Derushir/Kepek/main/67c6357751300334f52e35f893ac854f/news/harmadszorra-is-ikreket-szult-egy-nemet-no.jpg
[01:25:10] Image_Downloader: Download failed (https://raw.githubusercontent.com/Derushir/Kepek/main/67c6357751300334f52e35f893ac854f/news/az-alvas-mint-uj-luxuscikk-miert-lett-statuszszimbolum-a-pih.jpg): 404 Client Error: Not Found for url: https://raw.githubusercontent.com/Derushir/Kepek/main/67c6357751300334f52e35f893ac854f/news/az-alvas-mint-uj-luxuscikk-miert-lett-statuszszimbolum-a-pih.jpg
[01:25:11] Image_Downloader: Download failed (https://raw.githubusercontent.com/Derushir/Kepek/main/67c6357751300334f52e35f893ac854f/news/szalami-visszahivas-a-lidlben-e-coli-bakterium-gyanuja-miatt.jpg): 404 Client Error: Not Found for url: https://raw.githubusercontent.com/Derushir/Kepek/main/67c6357751300334f52e35f893ac854f/news/szalami-visszahivas-a-lidlben-e-coli-bakterium-gyanuja-miatt.jpg
[01:25:11] Image_Downloader: Download failed (https://raw.githubusercontent.com/Derushir/Kepek/main/67c6357751300334f52e35f893ac854f/news/a-nappali-feny-kulcsfontossagu-a-minosegi-ejszakai-alvashoz.jpg): 404 Client Error: Not Found for url: https://raw.githubusercontent.com/Derushir/Kepek/main/67c6357751300334f52e35f893ac854f/news/a-nappali-feny-kulcsfontossagu-a-minosegi-ejszakai-alvashoz.jpg
[01:25:11] Image_Downloader: Download failed (https://raw.githubusercontent.com/Derushir/Kepek/main/67c6357751300334f52e35f893ac854f/news/telihold-a-sagrada-familia-mogott-igy-keszult-a-vilaghiru-as.jpg): 404 Client Error: Not Found for url: https://raw.githubusercontent.com/Derushir/Kepek/main/67c6357751300334f52e35f893ac854f/news/telihold-a-sagrada-familia-mogott-igy-keszult-a-vilaghiru-as.jpg
[01:25:12] Image_Downloader: Download failed (https://raw.githubusercontent.com/Derushir/Kepek/main/67c6357751300334f52e35f893ac854f/news/luxusvaltozatban-szuletett-ujja-a-mercedes-benz-unimog.jpg): 404 Client Error: Not Found for url: https://raw.githubusercontent.com/Derushir/Kepek/main/67c6357751300334f52e35f893ac854f/news/luxusvaltozatban-szuletett-ujja-a-mercedes-benz-unimog.jpg
[01:25:12] Image_Downloader: Download failed (https://raw.githubusercontent.com/Derushir/Kepek/main/67c6357751300334f52e35f893ac854f/news/zold-szint-a-konyhaba-a-feng-shui-szerint-igy-vonzhato-be-a-.jpg): 404 Client Error: Not Found for url: https://raw.githubusercontent.com/Derushir/Kepek/main/67c6357751300334f52e35f893ac854f/news/zold-szint-a-konyhaba-a-feng-shui-szerint-igy-vonzhato-be-a-.jpg
[01:25:12] Image_Downloader: Download failed (https://raw.githubusercontent.com/Derushir/Kepek/main/67c6357751300334f52e35f893ac854f/news/het-gyakori-nyari-hiba-amivel-veszelyeztetjuk-hazi-kedvencun.jpg): 404 Client Error: Not Found for url: https://raw.githubusercontent.com/Derushir/Kepek/main/67c6357751300334f52e35f893ac854f/news/het-gyakori-nyari-hiba-amivel-veszelyeztetjuk-hazi-kedvencun.jpg
[01:25:12] Image_Downloader: Download failed (https://raw.githubusercontent.com/Derushir/Kepek/main/67c6357751300334f52e35f893ac854f/news/rekordaron-3-millio-dollarert-kelt-el-egy-ritka-super-mario-.jpg): 404 Client Error: Not Found for url: https://raw.githubusercontent.com/Derushir/Kepek/main/67c6357751300334f52e35f893ac854f/news/rekordaron-3-millio-dollarert-kelt-el-egy-ritka-super-mario-.jpg
[01:25:13] Image_Downloader: Download failed (https://raw.githubusercontent.com/Derushir/Kepek/main/67c6357751300334f52e35f893ac854f/news/ai-eszkozok-hasznalata-a-medicare-tervek-szemelyre-szabasaho.jpg): 404 Client Error: Not Found for url: https://raw.githubusercontent.com/Derushir/Kepek/main/67c6357751300334f52e35f893ac854f/news/ai-eszkozok-hasznalata-a-medicare-tervek-szemelyre-szabasaho.jpg
[01:25:13] Image_Downloader: Download failed (https://raw.githubusercontent.com/Derushir/Kepek/main/67c6357751300334f52e35f893ac854f/news/tippek-a-hangulatos-terasz-es-kerti-oazis-kialakitasahoz.jpg): 404 Client Error: Not Found for url: https://raw.githubusercontent.com/Derushir/Kepek/main/67c6357751300334f52e35f893ac854f/news/tippek-a-hangulatos-terasz-es-kerti-oazis-kialakitasahoz.jpg
[01:25:13] Image_Downloader: Download failed (https://raw.githubusercontent.com/Derushir/Kepek/main/67c6357751300334f52e35f893ac854f/news/nyari-fazont-kaptak-az-alpakak-a-nemetorszagi-allatkertben.jpg): 404 Client Error: Not Found for url: https://raw.githubusercontent.com/Derushir/Kepek/main/67c6357751300334f52e35f893ac854f/news/nyari-fazont-kaptak-az-alpakak-a-nemetorszagi-allatkertben.jpg
[01:25:14] Image_Downloader: Download failed (https://raw.githubusercontent.com/Derushir/Kepek/main/67c6357751300334f52e35f893ac854f/news/a-nok-lathatatlan-terhei-miert-fenntarthatatlan-a-csaladi-pr.jpg): 404 Client Error: Not Found for url: https://raw.githubusercontent.com/Derushir/Kepek/main/67c6357751300334f52e35f893ac854f/news/a-nok-lathatatlan-terhei-miert-fenntarthatatlan-a-csaladi-pr.jpg
[01:25:14] Image_Downloader: Download failed (https://raw.githubusercontent.com/Derushir/Kepek/main/67c6357751300334f52e35f893ac854f/news/masodik-gyermekevel-varandos-kafi-rea-milla.jpg): 404 Client Error: Not Found for url: https://raw.githubusercontent.com/Derushir/Kepek/main/67c6357751300334f52e35f893ac854f/news/masodik-gyermekevel-varandos-kafi-rea-milla.jpg
[01:25:15] Image_Downloader: Download failed (https://raw.githubusercontent.com/Derushir/Kepek/main/67c6357751300334f52e35f893ac854f/news/muszaki-hiba-okozta-a-forma-1-es-bajnoki-ellovas-andrea-kimi.jpg): 404 Client Error: Not Found for url: https://raw.githubusercontent.com/Derushir/Kepek/main/67c6357751300334f52e35f893ac854f/news/muszaki-hiba-okozta-a-forma-1-es-bajnoki-ellovas-andrea-kimi.jpg
[01:25:15] Image_Downloader: Download failed (https://raw.githubusercontent.com/Derushir/Kepek/main/67c6357751300334f52e35f893ac854f/news/miert-lehet-elonyosebb-a-sotetkek-a-feketenel-az-oltozkodesb.jpg): 404 Client Error: Not Found for url: https://raw.githubusercontent.com/Derushir/Kepek/main/67c6357751300334f52e35f893ac854f/news/miert-lehet-elonyosebb-a-sotetkek-a-feketenel-az-oltozkodesb.jpg
[01:25:15] Image_Downloader: Download failed (https://raw.githubusercontent.com/Derushir/Kepek/main/67c6357751300334f52e35f893ac854f/news/ot-evnyi-kutatomunka-fekszik-a-2026-os-vilagbajnoksag-gyepsz.jpg): 404 Client Error: Not Found for url: https://raw.githubusercontent.com/Derushir/Kepek/main/67c6357751300334f52e35f893ac854f/news/ot-evnyi-kutatomunka-fekszik-a-2026-os-vilagbajnoksag-gyepsz.jpg
[01:25:15] Image_Downloader: Download failed (https://raw.githubusercontent.com/Derushir/Kepek/main/67c6357751300334f52e35f893ac854f/news/marc-cucurella-a-real-madridhoz-igazol-a-vilagbajnoksag-utan.jpg): 404 Client Error: Not Found for url: https://raw.githubusercontent.com/Derushir/Kepek/main/67c6357751300334f52e35f893ac854f/news/marc-cucurella-a-real-madridhoz-igazol-a-vilagbajnoksag-utan.jpg
[01:25:15] Image_Downloader: Download failed (https://raw.githubusercontent.com/Derushir/Kepek/main/67c6357751300334f52e35f893ac854f/news/lewis-hamilton-serulten-versenyzett-a-barcelonai-gyozelme-el.jpg): 404 Client Error: Not Found for url: https://raw.githubusercontent.com/Derushir/Kepek/main/67c6357751300334f52e35f893ac854f/news/lewis-hamilton-serulten-versenyzett-a-barcelonai-gyozelme-el.jpg
[01:25:16] Image_Downloader: Download failed (https://raw.githubusercontent.com/Derushir/Kepek/main/67c6357751300334f52e35f893ac854f/news/pszichologiai-okokbol-hatekonyabb-a-telefonhivas-mint-az-uze.jpg): 404 Client Error: Not Found for url: https://raw.githubusercontent.com/Derushir/Kepek/main/67c6357751300334f52e35f893ac854f/news/pszichologiai-okokbol-hatekonyabb-a-telefonhivas-mint-az-uze.jpg
[01:25:17] Image_Downloader: Download failed (https://raw.githubusercontent.com/Derushir/Kepek/main/67c6357751300334f52e35f893ac854f/news/buntetest-kaptak-a-forma-1-es-pilotak-a-barcelonai-futam-uta.jpg): 404 Client Error: Not Found for url: https://raw.githubusercontent.com/Derushir/Kepek/main/67c6357751300334f52e35f893ac854f/news/buntetest-kaptak-a-forma-1-es-pilotak-a-barcelonai-futam-uta.jpg
[01:25:17] Image_Downloader: Download failed (https://resizer.ladbiblegroup.com/ogimage/v3/assets/bltbc1876152fcd9f07/blte5cc283755a48ba6/6a2ec9ff42e36f91200971f8/embers-of-the-uncrowned.jpg): HTTPSConnectionPool(host='resizer.ladbiblegroup.com', port=443): Read timed out. (read timeout=5)
[01:25:17] Image_Downloader: Download failed (https://raw.githubusercontent.com/Derushir/Kepek/main/67c6357751300334f52e35f893ac854f/news/tortenelmi-helyszinen-philadelphiaban-csap-ossze-elefantcson.jpg): 404 Client Error: Not Found for url: https://raw.githubusercontent.com/Derushir/Kepek/main/67c6357751300334f52e35f893ac854f/news/tortenelmi-helyszinen-philadelphiaban-csap-ossze-elefantcson.jpg
[01:25:18] Image_Downloader: Download failed (https://raw.githubusercontent.com/Derushir/Kepek/main/67c6357751300334f52e35f893ac854f/news/az-orosz-pedikur-elonyei-es-kockazatai.jpg): 404 Client Error: Not Found for url: https://raw.githubusercontent.com/Derushir/Kepek/main/67c6357751300334f52e35f893ac854f/news/az-orosz-pedikur-elonyei-es-kockazatai.jpg
[01:25:19] Image_Downloader: Download failed (https://raw.githubusercontent.com/Derushir/Kepek/main/67c6357751300334f52e35f893ac854f/news/a-2026-os-vilagbajnoksag-legemlekezetesebb-reklamfilmjei.webp): 404 Client Error: Not Found for url: https://raw.githubusercontent.com/Derushir/Kepek/main/67c6357751300334f52e35f893ac854f/news/a-2026-os-vilagbajnoksag-legemlekezetesebb-reklamfilmjei.webp
[01:25:20] Image_Downloader: Download failed (https://raw.githubusercontent.com/Derushir/Kepek/main/67c6357751300334f52e35f893ac854f/news/elhunyt-dennis-reinbold-az-indy-500-legendas-csapatfonoke.jpg): 404 Client Error: Not Found for url: https://raw.githubusercontent.com/Derushir/Kepek/main/67c6357751300334f52e35f893ac854f/news/elhunyt-dennis-reinbold-az-indy-500-legendas-csapatfonoke.jpg
[01:25:20] Image_Downloader: Download failed (https://raw.githubusercontent.com/Derushir/Kepek/main/67c6357751300334f52e35f893ac854f/news/katalin-hercegne-diana-stilusat-idezte-a-trooping-the-colour.jpg): 404 Client Error: Not Found for url: https://raw.githubusercontent.com/Derushir/Kepek/main/67c6357751300334f52e35f893ac854f/news/katalin-hercegne-diana-stilusat-idezte-a-trooping-the-colour.jpg
[01:25:21] Image_Downloader: Download failed (https://raw.githubusercontent.com/Derushir/Kepek/main/67c6357751300334f52e35f893ac854f/news/borbely-alexandra-es-nagy-ervin-parkapcsolati-feszultsegeiro.jpg): HTTPSConnectionPool(host='raw.githubusercontent.com', port=443): Read timed out. (read timeout=5)
[01:25:26] Image_Downloader: Download failed (https://player.hu/uploads/2026/06/rendor-dekazik-vb.jpg): 404 Client Error: Not Found for url: https://player.hu/uploads/2026/06/rendor-dekazik-vb.jpg
[01:25:27] Image_Downloader: Download failed (https://wmn.hu/picture/136786/normal/395/00395172.jpeg): HTTPSConnectionPool(host='wmn.hu', port=443): Read timed out. (read timeout=5)
