[15:41:54] Summarizer: [DownloadWorker-9] SKIP (duplicate title): Milk Road...
[15:41:59] Summarizer: [DownloadWorker-7] SKIP (duplicate title): 2026 Toyota RAV4 review: Australian firs...
[15:42:03] Summarizer: [DownloadWorker-9] SKIP (duplicate title): The Jeep Wagoneer S Is Not Getting A 202...
[15:42:11] Summarizer: [DownloadWorker-5] SKIP (duplicate title): TRADING ECONOMICS...
[15:42:15] Summarizer: [Batch] 1 item(s) missing from response → marked for reprocessing
[15:42:17] Summarizer: [DownloadWorker-0] SKIP (duplicate title): 10 érdekesség Jack Nicholsonról, amiről ...
[15:42:33] Summarizer: [DownloadWorker-2] SKIP (duplicate title): Milk Road...
[15:42:44] Summarizer: [Batch] 2 item(s) missing from response → marked for reprocessing
[15:42:47] Summarizer: [DownloadWorker-0] SKIP (duplicate title): Hot or Not, Stock Market Edition: 04/21/...
[15:42:50] Summarizer: [DownloadWorker-2] SKIP (duplicate title): TRADING ECONOMICS...
[15:43:06] Summarizer: [DownloadWorker-2] SKIP (duplicate title): Ajánld fel adód 1%-át a Qubitnak!...
[15:43:07] Summarizer: [DownloadWorker-9] SKIP (duplicate title): Milk Road...
[15:43:27] Summarizer: [DownloadWorker-0] SKIP (duplicate title): TRADING ECONOMICS...
[15:43:29] Summarizer: [DownloadWorker-6] SKIP (duplicate title): Délelőtti videó 1.: Lanterns...
[15:43:30] Summarizer: [Batch] 2 item(s) missing from response → marked for reprocessing
[15:43:42] Summarizer: [Batch] 1 item(s) missing from response → marked for reprocessing
[15:44:14] Summarizer: [MissingDetector] ⚠️ PAIRING FAIL: 'https://roadster.hu/a-jazz-multja-es-jovoje-egyetlen-lelegzetelállito-esten-talalkozik-a-mupa-szinpadan' not found. KEEPING ITEM (Fallback).
[15:44:14] Summarizer: [Batch] 1 item(s) missing from response → marked for reprocessing
[15:44:14] Summarizer: [FreeGeminiAPI_3] ⚠️ PAIRING FAIL: 'https://roadster.hu/a-jazz-multja-es-jovoje-egyetlen-lelegzetelállito-esten-talalkozik-a-mupa-szinpadan' not found. KEEPING ITEM (Fallback).
[15:44:20] Summarizer: [Batch] 2 item(s) missing from response → marked for reprocessing
[15:44:46] Summarizer: [DownloadWorker-0] SKIP (duplicate title): Milk Road...
[15:44:58] Summarizer: [DownloadWorker-7] SKIP (duplicate title): TRADING ECONOMICS...
[15:44:59] Summarizer: [Batch] 3 item(s) missing from response → marked for reprocessing
[15:45:14] Summarizer: [DownloadWorker-9] SKIP (duplicate title): Hatósági vizsgálatot kér maga ellen a Sz...
[15:45:14] Summarizer: [DownloadWorker-4] SKIP (duplicate title): Milk Road...
[15:45:19] Summarizer: [Batch] 2 item(s) missing from response → marked for reprocessing
[15:45:25] Summarizer: [Batch] 2 item(s) missing from response → marked for reprocessing
[15:45:26] Summarizer: [DownloadWorker-5] SKIP (duplicate title): TRADING ECONOMICS...
[15:45:27] Summarizer: [DownloadWorker-0] SKIP (duplicate title): Miért nem bírjuk a végtelen meetingeket?...
[15:45:35] Summarizer: [DownloadWorker-3] SKIP (duplicate title): Milk Road...
[15:45:38] Summarizer: [DownloadWorker-8] SKIP (duplicate title): Lebuktak - Kendall Jenner és Jacob Elord...
[15:45:46] Summarizer: [DownloadWorker-9] SKIP (duplicate title): TRADING ECONOMICS...
[15:45:49] Summarizer: [Batch] 1 item(s) missing from response → marked for reprocessing
[15:45:58] Summarizer: [DownloadWorker-7] SKIP (duplicate title): Milk Road...
[15:46:02] Summarizer: [DownloadWorker-7] SKIP (duplicate title): Bitcoin Bollinger Bands Setting Up BTC P...
[15:46:07] Summarizer: [DownloadWorker-1] SKIP (duplicate title): TRADING ECONOMICS...
[15:46:18] Summarizer: [DownloadWorker-6] SKIP (duplicate title): Milk Road...
[15:46:30] Summarizer: [DownloadWorker-8] SKIP (duplicate title): Áprilisban Irány Peking!...
[15:46:32] Summarizer: [DownloadWorker-2] SKIP (duplicate title): Horoszkóp | nlc...
[15:46:37] Summarizer: [DownloadWorker-7] SKIP (duplicate title): Milk Road...
[15:46:42] Summarizer: [MissingDetector] ⚠️ PAIRING FAIL: 'https://ng.24.hu/tudomany/20260421/gravitacio-himivarsejt-elteved/' not found. KEEPING ITEM (Fallback).
[15:46:42] Summarizer: [Batch] 1 item(s) missing from response → marked for reprocessing
[15:46:42] Summarizer: [FreeGeminiAPI_3] ⚠️ PAIRING FAIL: 'https://ng.24.hu/tudomany/20260421/gravitacio-himivarsejt-elteved/' not found. KEEPING ITEM (Fallback).
[15:46:49] Summarizer: [DownloadWorker-1] SKIP (duplicate title): Best AT&T Plans: How to Choose and Which...
[15:46:50] Summarizer: [DownloadWorker-9] SKIP (duplicate title): Milk Road...
[15:46:53] Summarizer: [DownloadWorker-6] SKIP (duplicate title): Leet...
[15:46:58] Summarizer: [Batch] 1 item(s) missing from response → marked for reprocessing
[15:47:00] Summarizer: [DownloadWorker-3] SKIP (duplicate title): Milk Road...
[15:47:06] Summarizer: [DownloadWorker-4] SKIP (duplicate title): Elon Musk figyelmen kívül hagyta a franc...
[15:47:10] Summarizer: [DownloadWorker-4] SKIP (duplicate title): Milk Road...
[15:47:30] Summarizer: [DownloadWorker-8] SKIP (duplicate title): From: kezdett a 4. évad...
[15:47:36] Summarizer: [DownloadWorker-9] SKIP (duplicate title): Új dinoszauruszmaradványokat fedeztek fe...
[15:47:43] Summarizer: [MissingDetector] ⚠️ PAIRING FAIL: 'https://www.gsplus.hu/masvilag/a-mandalori-negyedyik-evad-mandalori-es-grogu-jon-favreau-star-wars-381186.html' not found. KEEPING ITEM (Fallback).
[15:47:43] Summarizer: [Batch] 2 item(s) missing from response → marked for reprocessing
[15:47:43] Summarizer: [FreeGeminiAPI_2] ⚠️ PAIRING FAIL: 'https://www.gsplus.hu/masvilag/a-mandalori-negyedyik-evad-mandalori-es-grogu-jon-favreau-star-wars-381186.html' not found. KEEPING ITEM (Fallback).
[15:48:26] Summarizer: [Batch] 2 item(s) missing from response → marked for reprocessing
[15:48:28] Summarizer: [Batch] 2 item(s) missing from response → marked for reprocessing
[15:48:54] Summarizer: [Batch] 1 item(s) missing from response → marked for reprocessing
[15:48:56] Summarizer: [Batch] 1 item(s) missing from response → marked for reprocessing
[15:49:13] Summarizer: [Batch] 2 item(s) missing from response → marked for reprocessing
[15:49:38] Summarizer: [MissingDetector] ⚠️ PAIRING FAIL: 'https://444.hu/2026/04/22/emmanuel-macron-levelet-kuldott-krasznahorkai-laszlonak-akit-orommel-fogadna-az-elysee-palotaban?utm_source=rss_feed&utm_campaign=rss_syndication' not found. KEEPING ITEM (Fallback).
[15:49:38] Summarizer: [Batch] 1 item(s) missing from response → marked for reprocessing
[15:49:38] Summarizer: [FreeGeminiAPI_1] ⚠️ PAIRING FAIL: 'https://444.hu/2026/04/22/emmanuel-macron-levelet-kuldott-krasznahorkai-laszlonak-akit-orommel-fogadna-az-elysee-palotaban?utm_source=rss_feed&utm_campaign=rss_syndication' not found. KEEPING ITEM (Fallback).
[15:49:40] Summarizer: [Batch] 1 item(s) missing from response → marked for reprocessing
[15:49:53] Summarizer: [Batch] 1 item(s) missing from response → marked for reprocessing
[15:50:07] Summarizer: [MissingDetector] ⚠️ PAIRING FAIL: 'https://totalcar.hu/hirek/2026/04/22/911-dakar-stilus-egy-90-loerős-varosi-ferdehatuban/' not found. KEEPING ITEM (Fallback).
[15:50:07] Summarizer: [Batch] 1 item(s) missing from response → marked for reprocessing
[15:50:07] Summarizer: [FreeGeminiAPI_3] ⚠️ PAIRING FAIL: 'https://totalcar.hu/hirek/2026/04/22/911-dakar-stilus-egy-90-loerős-varosi-ferdehatuban/' not found. KEEPING ITEM (Fallback).
[15:50:30] Summarizer: [Batch] 1 item(s) missing from response → marked for reprocessing
[15:50:44] Summarizer: [Batch] 2 item(s) missing from response → marked for reprocessing
[15:50:59] Summarizer: [Batch] 1 item(s) missing from response → marked for reprocessing
[15:51:08] Summarizer: [Batch] 2 item(s) missing from response → marked for reprocessing
[15:52:23] Summarizer: [Batch] 1 item(s) missing from response → marked for reprocessing
[15:52:25] Summarizer: [Batch] No response from API (attempt 1/3)
[15:52:58] Summarizer: [Batch] No response from API (attempt 1/3)
[15:53:48] Summarizer: [Batch] 1 item(s) missing from response → marked for reprocessing
[15:53:49] Summarizer: [Batch] 1 item(s) missing from response → marked for reprocessing
[15:54:29] Summarizer: [Batch] 2 item(s) missing from response → marked for reprocessing
[15:54:49] Summarizer: [MissingDetector] ⚠️ PAIRING FAIL: 'https://www.space.com/astronomy/mars/nasas-dat-nasas-curiosity-rover-finds-building-blocks-of-life-on-mars-scientists-arent-sure-how-they-got-there' not found. KEEPING ITEM (Fallback).
[15:54:49] Summarizer: [Batch] 1 item(s) missing from response → marked for reprocessing
[15:54:49] Summarizer: [FreeGeminiAPI_3] ⚠️ PAIRING FAIL: 'https://www.space.com/astronomy/mars/nasas-dat-nasas-curiosity-rover-finds-building-blocks-of-life-on-mars-scientists-arent-sure-how-they-got-there' not found. KEEPING ITEM (Fallback).
[15:55:19] Summarizer: [Batch] No response from API (attempt 1/3)
[15:55:46] Summarizer: [Batch] No response from API (attempt 1/3)
[15:56:03] Summarizer: [Batch] 2 item(s) missing from response → marked for reprocessing
[15:56:06] Summarizer: [Batch] No response from API (attempt 1/3)
[15:56:24] Summarizer: [Batch] 1 item(s) missing from response → marked for reprocessing
[15:56:31] Summarizer: [Batch] 1 item(s) missing from response → marked for reprocessing
[15:56:58] Summarizer: [Batch] 1 item(s) missing from response → marked for reprocessing
[15:57:08] Image_Downloader: Download failed (https://media.sg.hu/kep/2026_04/0422fire2.jpg): HTTPSConnectionPool(host='media.sg.hu', port=443): Read timed out. (read timeout=5)
[15:57:14] Summarizer: [Batch] 3 item(s) missing from response → marked for reprocessing
[15:57:17] Summarizer: [MissingDetector] ⚠️ PAIRING FAIL: 'https://port.hu/cikk/mozi/anne-hathaway-megszolalt-a-neveletlen-hercegnő-3-rol-ez-a-helyzet-most-a-folytatassal/article-125618' not found. KEEPING ITEM (Fallback).
[15:57:17] Summarizer: [Batch] 1 item(s) missing from response → marked for reprocessing
[15:57:17] Summarizer: [FreeGeminiAPI_2] ⚠️ PAIRING FAIL: 'https://port.hu/cikk/mozi/anne-hathaway-megszolalt-a-neveletlen-hercegnő-3-rol-ez-a-helyzet-most-a-folytatassal/article-125618' not found. KEEPING ITEM (Fallback).
[15:57:26] Image_Downloader: Download failed (https://media.port.hu/images/001/811/370.webp): 'latin-1' codec can't encode character '\u0151' in position 71: ordinal not in range(256)
[15:57:32] Summarizer: [MissingDetector] ⚠️ PAIRING FAIL: 'https://sg.hu/cikkek/it-tech/165257/tim-cook-lemond-az-apple-vezerigazgatoi-posztjarol' not found. KEEPING ITEM (Fallback).
[15:57:32] Summarizer: [Batch] 1 item(s) missing from response → marked for reprocessing
[15:57:32] Summarizer: [FreeGeminiAPI_2] ⚠️ PAIRING FAIL: 'https://sg.hu/cikkek/it-tech/165257/tim-cook-lemond-az-apple-vezerigazgatoi-posztjarol' not found. KEEPING ITEM (Fallback).
[15:57:41] Summarizer: [Batch] 1 item(s) missing from response → marked for reprocessing
[15:57:46] Summarizer: [Batch] No response from API (attempt 1/3)
[15:58:01] Summarizer: [Batch] 2 item(s) missing from response → marked for reprocessing
[15:58:03] Summarizer: [MissingDetector] ⚠️ PAIRING FAIL: 'https://faroutmagazine.co.uk/series-too-violent-tv-kurt-rssell-career-defining-crossroad/' not found. KEEPING ITEM (Fallback).
[15:58:03] Summarizer: [Batch] 1 item(s) missing from response → marked for reprocessing
[15:58:03] Summarizer: [FreeGeminiAPI_1] ⚠️ PAIRING FAIL: 'https://faroutmagazine.co.uk/series-too-violent-tv-kurt-rssell-career-defining-crossroad/' not found. KEEPING ITEM (Fallback).
[15:58:11] Summarizer: [MissingDetector] ⚠️ PAIRING FAIL: 'https://www.ign.com/articles/pokemon-tcg-perfect-order-etbs-and-more-reach-all-time-low-pen-resale-markets' not found. KEEPING ITEM (Fallback).
[15:58:11] Summarizer: [Batch] 1 item(s) missing from response → marked for reprocessing
[15:58:11] Summarizer: [FreeGeminiAPI_2] ⚠️ PAIRING FAIL: 'https://www.ign.com/articles/pokemon-tcg-perfect-order-etbs-and-more-reach-all-time-low-pen-resale-markets' not found. KEEPING ITEM (Fallback).
[15:58:20] Summarizer: [Batch] 1 item(s) missing from response → marked for reprocessing
[15:58:39] Summarizer: [Batch] 3 item(s) missing from response → marked for reprocessing
[15:58:42] Summarizer: [Batch] 3 item(s) missing from response → marked for reprocessing
[15:58:57] Summarizer: [Batch] 1 item(s) missing from response → marked for reprocessing
[15:58:57] Summarizer: [MissingDetector] ⚠️ PAIRING FAIL: 'https://cointelegraph.com/news/coinbase-says-algorand-aptos-better-prepped-for-quantum-threat?utm_source=rss_feed&medium=rss&campaign=rss_partner_inbound' not found. KEEPING ITEM (Fallback).
[15:58:57] Summarizer: [Batch] 1 item(s) missing from response → marked for reprocessing
[15:58:57] Summarizer: [FreeGeminiAPI_3] ⚠️ PAIRING FAIL: 'https://cointelegraph.com/news/coinbase-says-algorand-aptos-better-prepped-for-quantum-threat?utm_source=rss_feed&medium=rss&campaign=rss_partner_inbound' not found. KEEPING ITEM (Fallback).
[15:59:22] Image_Downloader: Download failed (https://www.sciencedaily.com/images/1920/goflow-ocean-current-map.webp): HTTPSConnectionPool(host='www.sciencedaily.com', port=443): Read timed out. (read timeout=5)
[15:59:57] Image_Downloader: Download failed (https://assets.telex.hu/images/20260421/1776777349-temp-7tradlrhd60u8fhokih_facebook.jpg): HTTPSConnectionPool(host='assets.telex.hu', port=443): Read timed out. (read timeout=5)
[16:00:07] Summarizer: [Batch] 1 item(s) missing from response → marked for reprocessing
[16:00:20] Summarizer: Reprocessing 11 pairing failures from data.json
[16:05:21] Image_Downloader: Download failed (https://raw.githubusercontent.com/Derushir/Kepek/main/67c6357751300334f52e35f893ac854f/news/emmanuel-macron-levelben-koszontotte-krasznahorkai-laszlo-ir.jpg): 404 Client Error: Not Found for url: https://raw.githubusercontent.com/Derushir/Kepek/main/67c6357751300334f52e35f893ac854f/news/emmanuel-macron-levelben-koszontotte-krasznahorkai-laszlo-ir.jpg
[16:05:21] Image_Downloader: Download failed (https://raw.githubusercontent.com/Derushir/Kepek/main/67c6357751300334f52e35f893ac854f/news/paygo-bankkartyas-fizetes-minden-budapesti-metroallomason.jpg): 404 Client Error: Not Found for url: https://raw.githubusercontent.com/Derushir/Kepek/main/67c6357751300334f52e35f893ac854f/news/paygo-bankkartyas-fizetes-minden-budapesti-metroallomason.jpg
[16:05:21] Image_Downloader: Download failed (https://raw.githubusercontent.com/Derushir/Kepek/main/67c6357751300334f52e35f893ac854f/news/adathalasz-csalok-elnek-vissza-az-mvm-next-nevevel.jpg): 404 Client Error: Not Found for url: https://raw.githubusercontent.com/Derushir/Kepek/main/67c6357751300334f52e35f893ac854f/news/adathalasz-csalok-elnek-vissza-az-mvm-next-nevevel.jpg
[16:05:22] Image_Downloader: Download failed (https://raw.githubusercontent.com/Derushir/Kepek/main/67c6357751300334f52e35f893ac854f/news/mult-es-jelen-talalkozasa-a-fertorakosi-barlangszinhaz-torte.jpg): 404 Client Error: Not Found for url: https://raw.githubusercontent.com/Derushir/Kepek/main/67c6357751300334f52e35f893ac854f/news/mult-es-jelen-talalkozasa-a-fertorakosi-barlangszinhaz-torte.jpg
[16:05:22] Image_Downloader: Download failed (https://raw.githubusercontent.com/Derushir/Kepek/main/67c6357751300334f52e35f893ac854f/news/eletveszelyes-szlalomozas-az-m1-es-autopalya-tereleseben.jpg): 404 Client Error: Not Found for url: https://raw.githubusercontent.com/Derushir/Kepek/main/67c6357751300334f52e35f893ac854f/news/eletveszelyes-szlalomozas-az-m1-es-autopalya-tereleseben.jpg
[16:05:22] Image_Downloader: Download failed (https://raw.githubusercontent.com/Derushir/Kepek/main/67c6357751300334f52e35f893ac854f/news/bombariadok-tobb-montenegroi-iskolaban-es-a-podgoricai-repul.jpg): 404 Client Error: Not Found for url: https://raw.githubusercontent.com/Derushir/Kepek/main/67c6357751300334f52e35f893ac854f/news/bombariadok-tobb-montenegroi-iskolaban-es-a-podgoricai-repul.jpg
[16:05:22] Image_Downloader: Download failed (https://raw.githubusercontent.com/Derushir/Kepek/main/67c6357751300334f52e35f893ac854f/news/sikeresen-zarult-a-2026-os-amts-autos-kiallitas.jpg): 404 Client Error: Not Found for url: https://raw.githubusercontent.com/Derushir/Kepek/main/67c6357751300334f52e35f893ac854f/news/sikeresen-zarult-a-2026-os-amts-autos-kiallitas.jpg
[16:05:23] Image_Downloader: Download failed (https://raw.githubusercontent.com/Derushir/Kepek/main/67c6357751300334f52e35f893ac854f/news/uj-oppo-tablagepek-pad-5-pro-es-pad-mini-erkezik-144-hz-es-k.jpg): 404 Client Error: Not Found for url: https://raw.githubusercontent.com/Derushir/Kepek/main/67c6357751300334f52e35f893ac854f/news/uj-oppo-tablagepek-pad-5-pro-es-pad-mini-erkezik-144-hz-es-k.jpg
[16:05:24] Image_Downloader: Download failed (https://raw.githubusercontent.com/Derushir/Kepek/main/67c6357751300334f52e35f893ac854f/news/kockazatos-a-vilagurbe-telepiteni-a-spacex-adatkozpontjait.jpg): 404 Client Error: Not Found for url: https://raw.githubusercontent.com/Derushir/Kepek/main/67c6357751300334f52e35f893ac854f/news/kockazatos-a-vilagurbe-telepiteni-a-spacex-adatkozpontjait.jpg
[16:05:24] Image_Downloader: Download failed (https://raw.githubusercontent.com/Derushir/Kepek/main/67c6357751300334f52e35f893ac854f/news/40-millio-dollaros-befektetest-kapott-az-emberi-tanulasi-fol.jpg): 404 Client Error: Not Found for url: https://raw.githubusercontent.com/Derushir/Kepek/main/67c6357751300334f52e35f893ac854f/news/40-millio-dollaros-befektetest-kapott-az-emberi-tanulasi-fol.jpg
[16:05:24] Image_Downloader: Download failed (https://raw.githubusercontent.com/Derushir/Kepek/main/67c6357751300334f52e35f893ac854f/news/750-millio-dollaros-ai-alapot-inditott-a-google-cloud.jpg): 404 Client Error: Not Found for url: https://raw.githubusercontent.com/Derushir/Kepek/main/67c6357751300334f52e35f893ac854f/news/750-millio-dollaros-ai-alapot-inditott-a-google-cloud.jpg
[16:05:24] Image_Downloader: Download failed (https://raw.githubusercontent.com/Derushir/Kepek/main/67c6357751300334f52e35f893ac854f/news/mesterseges-intelligenciaval-bovul-a-google-terkep-vallalati.png): 404 Client Error: Not Found for url: https://raw.githubusercontent.com/Derushir/Kepek/main/67c6357751300334f52e35f893ac854f/news/mesterseges-intelligenciaval-bovul-a-google-terkep-vallalati.png
[16:05:26] Image_Downloader: Download failed (https://raw.githubusercontent.com/Derushir/Kepek/main/67c6357751300334f52e35f893ac854f/news/kabelrengeteg-az-otthonban-mit-erdemes-kidobni-es-mit-megtar.jpg): 404 Client Error: Not Found for url: https://raw.githubusercontent.com/Derushir/Kepek/main/67c6357751300334f52e35f893ac854f/news/kabelrengeteg-az-otthonban-mit-erdemes-kidobni-es-mit-megtar.jpg
[16:05:26] Image_Downloader: Download failed (https://raw.githubusercontent.com/Derushir/Kepek/main/67c6357751300334f52e35f893ac854f/news/asztali-szintu-pcie-bovitest-kap-a-framework-laptop-16.jpg): 404 Client Error: Not Found for url: https://raw.githubusercontent.com/Derushir/Kepek/main/67c6357751300334f52e35f893ac854f/news/asztali-szintu-pcie-bovitest-kap-a-framework-laptop-16.jpg
[16:05:27] Image_Downloader: Download failed (https://raw.githubusercontent.com/Derushir/Kepek/main/67c6357751300334f52e35f893ac854f/news/megujult-a-volkswagen-id3-neo-nagyobb-hatotav-es-atalakitott.jpg): 404 Client Error: Not Found for url: https://raw.githubusercontent.com/Derushir/Kepek/main/67c6357751300334f52e35f893ac854f/news/megujult-a-volkswagen-id3-neo-nagyobb-hatotav-es-atalakitott.jpg
[16:05:27] Image_Downloader: Download failed (https://raw.githubusercontent.com/Derushir/Kepek/main/67c6357751300334f52e35f893ac854f/news/alcazott-elektromos-byd-kamiont-teszteltek-debrecen-belvaros.jpg): 404 Client Error: Not Found for url: https://raw.githubusercontent.com/Derushir/Kepek/main/67c6357751300334f52e35f893ac854f/news/alcazott-elektromos-byd-kamiont-teszteltek-debrecen-belvaros.jpg
[16:05:27] Image_Downloader: Download failed (https://raw.githubusercontent.com/Derushir/Kepek/main/67c6357751300334f52e35f893ac854f/news/uj-540-loeros-v6-os-hibrid-motort-fejlesztett-a-renault-es-a.jpg): 404 Client Error: Not Found for url: https://raw.githubusercontent.com/Derushir/Kepek/main/67c6357751300334f52e35f893ac854f/news/uj-540-loeros-v6-os-hibrid-motort-fejlesztett-a-renault-es-a.jpg
[16:05:27] Image_Downloader: Download failed (https://raw.githubusercontent.com/Derushir/Kepek/main/67c6357751300334f52e35f893ac854f/news/letszamleepitest-hajt-vegre-a-redwood-materials-az-energiata.jpg): 404 Client Error: Not Found for url: https://raw.githubusercontent.com/Derushir/Kepek/main/67c6357751300334f52e35f893ac854f/news/letszamleepitest-hajt-vegre-a-redwood-materials-az-energiata.jpg
[16:05:28] Image_Downloader: Download failed (https://raw.githubusercontent.com/Derushir/Kepek/main/67c6357751300334f52e35f893ac854f/news/600-kw-os-toltesi-teljesitmenyu-elektromosauto-toltot-mutato.jpg): 404 Client Error: Not Found for url: https://raw.githubusercontent.com/Derushir/Kepek/main/67c6357751300334f52e35f893ac854f/news/600-kw-os-toltesi-teljesitmenyu-elektromosauto-toltot-mutato.jpg
[16:05:28] Image_Downloader: Download failed (https://raw.githubusercontent.com/Derushir/Kepek/main/67c6357751300334f52e35f893ac854f/news/valtoztathato-rekeszerteku-kamerat-kaphat-az-iphone-18-pro.jpg): 404 Client Error: Not Found for url: https://raw.githubusercontent.com/Derushir/Kepek/main/67c6357751300334f52e35f893ac854f/news/valtoztathato-rekeszerteku-kamerat-kaphat-az-iphone-18-pro.jpg
[16:05:29] Image_Downloader: Download failed (https://raw.githubusercontent.com/Derushir/Kepek/main/67c6357751300334f52e35f893ac854f/news/uj-minositest-kapott-a-samsung-qd-oled-technologiaja.jpg): 404 Client Error: Not Found for url: https://raw.githubusercontent.com/Derushir/Kepek/main/67c6357751300334f52e35f893ac854f/news/uj-minositest-kapott-a-samsung-qd-oled-technologiaja.jpg
[16:05:29] Image_Downloader: Download failed (https://raw.githubusercontent.com/Derushir/Kepek/main/67c6357751300334f52e35f893ac854f/news/asus-proart-pa32usd-professzionalis-qd-oled-monitor-240-hz-e.jpg): 404 Client Error: Not Found for url: https://raw.githubusercontent.com/Derushir/Kepek/main/67c6357751300334f52e35f893ac854f/news/asus-proart-pa32usd-professzionalis-qd-oled-monitor-240-hz-e.jpg
[16:05:29] Image_Downloader: Download failed (https://raw.githubusercontent.com/Derushir/Kepek/main/67c6357751300334f52e35f893ac854f/news/kompakt-es-sokoldalu-megjelent-a-gmktec-nucbox-g11-mini-pc.jpg): 404 Client Error: Not Found for url: https://raw.githubusercontent.com/Derushir/Kepek/main/67c6357751300334f52e35f893ac854f/news/kompakt-es-sokoldalu-megjelent-a-gmktec-nucbox-g11-mini-pc.jpg
[16:05:29] Image_Downloader: Download failed (https://raw.githubusercontent.com/Derushir/Kepek/main/67c6357751300334f52e35f893ac854f/news/a-tsmc-2029-ben-indithatja-el-az-1-nanometer-alatti-csipgyar.jpg): 404 Client Error: Not Found for url: https://raw.githubusercontent.com/Derushir/Kepek/main/67c6357751300334f52e35f893ac854f/news/a-tsmc-2029-ben-indithatja-el-az-1-nanometer-alatti-csipgyar.jpg
[16:05:30] Image_Downloader: Download failed (https://raw.githubusercontent.com/Derushir/Kepek/main/67c6357751300334f52e35f893ac854f/news/automatikus-ertesitesnemitas-a-youtube-on-a-inaktiv-csatorna.png): 404 Client Error: Not Found for url: https://raw.githubusercontent.com/Derushir/Kepek/main/67c6357751300334f52e35f893ac854f/news/automatikus-ertesitesnemitas-a-youtube-on-a-inaktiv-csatorna.png
[16:05:30] Image_Downloader: Download failed (https://raw.githubusercontent.com/Derushir/Kepek/main/67c6357751300334f52e35f893ac854f/news/akcios-az-apple-airpods-pro-3-20-szazalekos-kedvezmennyel-ka.jpg): 404 Client Error: Not Found for url: https://raw.githubusercontent.com/Derushir/Kepek/main/67c6357751300334f52e35f893ac854f/news/akcios-az-apple-airpods-pro-3-20-szazalekos-kedvezmennyel-ka.jpg
[16:05:31] Image_Downloader: Download failed (https://raw.githubusercontent.com/Derushir/Kepek/main/67c6357751300334f52e35f893ac854f/news/szelesebb-kor-szamara-teszi-elerhetove-az-intel-a-processzor.jpg): 404 Client Error: Not Found for url: https://raw.githubusercontent.com/Derushir/Kepek/main/67c6357751300334f52e35f893ac854f/news/szelesebb-kor-szamara-teszi-elerhetove-az-intel-a-processzor.jpg
[16:05:31] Image_Downloader: Download failed (https://raw.githubusercontent.com/Derushir/Kepek/main/67c6357751300334f52e35f893ac854f/news/elektromos-luxusautok-csataja-mercedes-c-osztaly-ev-vs-bmw-i.jpg): 404 Client Error: Not Found for url: https://raw.githubusercontent.com/Derushir/Kepek/main/67c6357751300334f52e35f893ac854f/news/elektromos-luxusautok-csataja-mercedes-c-osztaly-ev-vs-bmw-i.jpg
[16:05:31] Image_Downloader: Download failed (https://raw.githubusercontent.com/Derushir/Kepek/main/67c6357751300334f52e35f893ac854f/news/az-amazon-75-elektromos-kamionnal-boviti-logisztikai-flottaj.jpg): 404 Client Error: Not Found for url: https://raw.githubusercontent.com/Derushir/Kepek/main/67c6357751300334f52e35f893ac854f/news/az-amazon-75-elektromos-kamionnal-boviti-logisztikai-flottaj.jpg
[16:05:32] Image_Downloader: Download failed (https://raw.githubusercontent.com/Derushir/Kepek/main/67c6357751300334f52e35f893ac854f/news/a-windows-feladatkezelo-alkotoja-veletlenul-beegette-a-telef.jpg): 404 Client Error: Not Found for url: https://raw.githubusercontent.com/Derushir/Kepek/main/67c6357751300334f52e35f893ac854f/news/a-windows-feladatkezelo-alkotoja-veletlenul-beegette-a-telef.jpg
[16:05:33] Image_Downloader: Download failed (https://raw.githubusercontent.com/Derushir/Kepek/main/67c6357751300334f52e35f893ac854f/news/ujfajta-anyagallapotot-fedeztek-fel-az-uranusz-es-a-neptunus.webp): 404 Client Error: Not Found for url: https://raw.githubusercontent.com/Derushir/Kepek/main/67c6357751300334f52e35f893ac854f/news/ujfajta-anyagallapotot-fedeztek-fel-az-uranusz-es-a-neptunus.webp
[16:05:35] Image_Downloader: Download failed (https://raw.githubusercontent.com/Derushir/Kepek/main/67c6357751300334f52e35f893ac854f/news/tobbmilliard-dollaros-egyuttmukodes-a-google-felhojet-valasz.jpg): HTTPSConnectionPool(host='raw.githubusercontent.com', port=443): Read timed out. (read timeout=5)
[16:05:35] Image_Downloader: Download failed (https://raw.githubusercontent.com/Derushir/Kepek/main/67c6357751300334f52e35f893ac854f/news/japan-foldrengesbiztos-hazak-a-suritett-levegos-technologia-.jpg): 404 Client Error: Not Found for url: https://raw.githubusercontent.com/Derushir/Kepek/main/67c6357751300334f52e35f893ac854f/news/japan-foldrengesbiztos-hazak-a-suritett-levegos-technologia-.jpg
[16:05:36] Image_Downloader: Download failed (https://raw.githubusercontent.com/Derushir/Kepek/main/67c6357751300334f52e35f893ac854f/news/hamarosan-erkezik-az-ios-2642-frissites.jpg): HTTPSConnectionPool(host='raw.githubusercontent.com', port=443): Read timed out. (read timeout=5)
[16:05:39] Image_Downloader: Download failed (https://raw.githubusercontent.com/Derushir/Kepek/main/67c6357751300334f52e35f893ac854f/news/elkeszult-a-nasa-uj-forradalmi-nancy-grace-roman-urteleszkop.jpg): 404 Client Error: Not Found for url: https://raw.githubusercontent.com/Derushir/Kepek/main/67c6357751300334f52e35f893ac854f/news/elkeszult-a-nasa-uj-forradalmi-nancy-grace-roman-urteleszkop.jpg
[16:05:41] Image_Downloader: Download failed (https://raw.githubusercontent.com/Derushir/Kepek/main/67c6357751300334f52e35f893ac854f/news/tudomanyos-magyarazat-a-kutyak-furcsa-szokasaira.jpg): 404 Client Error: Not Found for url: https://raw.githubusercontent.com/Derushir/Kepek/main/67c6357751300334f52e35f893ac854f/news/tudomanyos-magyarazat-a-kutyak-furcsa-szokasaira.jpg
[16:05:41] Image_Downloader: Download failed (https://raw.githubusercontent.com/Derushir/Kepek/main/67c6357751300334f52e35f893ac854f/news/tizezer-nap-erejevel-tancolo-jetek-egy-kannibal-fekete-lyukn.png): 404 Client Error: Not Found for url: https://raw.githubusercontent.com/Derushir/Kepek/main/67c6357751300334f52e35f893ac854f/news/tizezer-nap-erejevel-tancolo-jetek-egy-kannibal-fekete-lyukn.png
[16:05:42] Image_Downloader: Download failed (https://raw.githubusercontent.com/Derushir/Kepek/main/67c6357751300334f52e35f893ac854f/news/juliusban-vegleg-leall-a-samsung-sajat-uzenetkuldo-alkalmaza.jpg): 404 Client Error: Not Found for url: https://raw.githubusercontent.com/Derushir/Kepek/main/67c6357751300334f52e35f893ac854f/news/juliusban-vegleg-leall-a-samsung-sajat-uzenetkuldo-alkalmaza.jpg
[16:05:44] Image_Downloader: Download failed (https://assets.telex.hu/images/20260421/1776777349-temp-7tradlrhd60u8fhokih_facebook.jpg): HTTPSConnectionPool(host='assets.telex.hu', port=443): Read timed out. (read timeout=5)
[16:05:45] Image_Downloader: Download failed (https://raw.githubusercontent.com/Derushir/Kepek/main/67c6357751300334f52e35f893ac854f/news/uj-megteveszto-megjelenesu-viperafajt-fedeztek-fel-mianmarba.webp): 404 Client Error: Not Found for url: https://raw.githubusercontent.com/Derushir/Kepek/main/67c6357751300334f52e35f893ac854f/news/uj-megteveszto-megjelenesu-viperafajt-fedeztek-fel-mianmarba.webp
[16:05:47] Image_Downloader: Download failed (https://raw.githubusercontent.com/Derushir/Kepek/main/67c6357751300334f52e35f893ac854f/news/feny-segitsegevel-formazhato-kristalyt-fejlesztettek-ki-a-ku.webp): 404 Client Error: Not Found for url: https://raw.githubusercontent.com/Derushir/Kepek/main/67c6357751300334f52e35f893ac854f/news/feny-segitsegevel-formazhato-kristalyt-fejlesztettek-ki-a-ku.webp
[16:05:50] Image_Downloader: Download failed (https://raw.githubusercontent.com/Derushir/Kepek/main/67c6357751300334f52e35f893ac854f/news/megerkeztek-az-elso-fekete-golyak-magyarorszagra.jpg): HTTPSConnectionPool(host='raw.githubusercontent.com', port=443): Read timed out. (read timeout=5)
[16:05:50] Image_Downloader: Download failed (https://raw.githubusercontent.com/Derushir/Kepek/main/67c6357751300334f52e35f893ac854f/news/kihalofelben-a-kombi-karosszeria-a-mercedes-is-fontolgatja-a.jpg): 404 Client Error: Not Found for url: https://raw.githubusercontent.com/Derushir/Kepek/main/67c6357751300334f52e35f893ac854f/news/kihalofelben-a-kombi-karosszeria-a-mercedes-is-fontolgatja-a.jpg
[16:05:52] Image_Downloader: Download failed (https://raw.githubusercontent.com/Derushir/Kepek/main/67c6357751300334f52e35f893ac854f/news/uj-merges-kigyofajta-felfedezese-kinaban-a-huaxi-zoldviperat.webp): HTTPSConnectionPool(host='raw.githubusercontent.com', port=443): Read timed out. (read timeout=5)
[16:05:53] Image_Downloader: Download failed (https://raw.githubusercontent.com/Derushir/Kepek/main/67c6357751300334f52e35f893ac854f/news/versenyhivatali-vizsgalat-indult-a-bookingcom-ellen-olaszors.jpg): HTTPSConnectionPool(host='raw.githubusercontent.com', port=443): Read timed out. (read timeout=5)
[16:05:53] Image_Downloader: Download failed (https://raw.githubusercontent.com/Derushir/Kepek/main/67c6357751300334f52e35f893ac854f/news/uj-felvetelek-a-foldrol-a-nasa-kozzetette-az-artemis-ii-kuld.jpg): HTTPSConnectionPool(host='raw.githubusercontent.com', port=443): Read timed out. (read timeout=5)
[16:05:55] Image_Downloader: Download failed (https://raw.githubusercontent.com/Derushir/Kepek/main/67c6357751300334f52e35f893ac854f/news/a-whole-foods-market-eloszor-forgalmaz-regenerativ-modon-ter.jpg): HTTPSConnectionPool(host='raw.githubusercontent.com', port=443): Read timed out. (read timeout=5)
[16:05:55] Image_Downloader: Download failed (https://raw.githubusercontent.com/Derushir/Kepek/main/67c6357751300334f52e35f893ac854f/news/stagflacios-felelmek-a-haborus-hirek-arnyekaban.jpg): 404 Client Error: Not Found for url: https://raw.githubusercontent.com/Derushir/Kepek/main/67c6357751300334f52e35f893ac854f/news/stagflacios-felelmek-a-haborus-hirek-arnyekaban.jpg
[16:05:55] Image_Downloader: Download failed (https://raw.githubusercontent.com/Derushir/Kepek/main/67c6357751300334f52e35f893ac854f/news/gyermekfejlodes-es-kognitiv-kutatasok-a-kis-tudosok-delutanj.jpg): HTTPSConnectionPool(host='raw.githubusercontent.com', port=443): Read timed out. (read timeout=5)
[16:05:56] Image_Downloader: Download failed (https://cdn.mos.cms.futurecdn.net/ugva9aKX7FMtMoqXyEVGCL-1920-80.jpg): HTTPSConnectionPool(host='cdn.mos.cms.futurecdn.net', port=443): Read timed out. (read timeout=5)
[16:05:57] Image_Downloader: Download failed (https://raw.githubusercontent.com/Derushir/Kepek/main/67c6357751300334f52e35f893ac854f/news/a-kinai-aito-csatlakozott-a-bmw-es-a-mercedes-benz-toltohalo.webp): HTTPSConnectionPool(host='raw.githubusercontent.com', port=443): Read timed out. (read timeout=5)
[16:05:59] Image_Downloader: Download failed (https://raw.githubusercontent.com/Derushir/Kepek/main/67c6357751300334f52e35f893ac854f/news/tobb-mint-10-ezer-dollarral-csokkentette-az-ev4-arat-a-kia.webp): 404 Client Error: Not Found for url: https://raw.githubusercontent.com/Derushir/Kepek/main/67c6357751300334f52e35f893ac854f/news/tobb-mint-10-ezer-dollarral-csokkentette-az-ev4-arat-a-kia.webp
[16:05:59] Image_Downloader: Download failed (https://raw.githubusercontent.com/Derushir/Kepek/main/67c6357751300334f52e35f893ac854f/news/hatarozatlan-idore-felfuggesztette-elektromos-modelljeinek-f.jpg): 404 Client Error: Not Found for url: https://raw.githubusercontent.com/Derushir/Kepek/main/67c6357751300334f52e35f893ac854f/news/hatarozatlan-idore-felfuggesztette-elektromos-modelljeinek-f.jpg
[16:05:59] Image_Downloader: Download failed (https://raw.githubusercontent.com/Derushir/Kepek/main/67c6357751300334f52e35f893ac854f/news/egyszeru-vervizsgalattal-kimutathato-lehet-az-alzheimer-kor-.webp): HTTPSConnectionPool(host='raw.githubusercontent.com', port=443): Read timed out. (read timeout=5)
[16:05:59] Image_Downloader: Download failed (https://player.hu/uploads/2026/04/samsung-1290x675.jpg): HTTPSConnectionPool(host='player.hu', port=443): Read timed out. (read timeout=5)
[16:06:01] Image_Downloader: Download failed (https://raw.githubusercontent.com/Derushir/Kepek/main/67c6357751300334f52e35f893ac854f/news/a-autogyartok-ujra-felfedezik-a-szedanokat-a-crossoverek-egy.jpg): 404 Client Error: Not Found for url: https://raw.githubusercontent.com/Derushir/Kepek/main/67c6357751300334f52e35f893ac854f/news/a-autogyartok-ujra-felfedezik-a-szedanokat-a-crossoverek-egy.jpg
[16:06:01] Image_Downloader: Download failed (https://raw.githubusercontent.com/Derushir/Kepek/main/67c6357751300334f52e35f893ac854f/news/magyarorszagon-is-megjelent-az-uj-audi-rs-5-43-millio-forint.jpg): 404 Client Error: Not Found for url: https://raw.githubusercontent.com/Derushir/Kepek/main/67c6357751300334f52e35f893ac854f/news/magyarorszagon-is-megjelent-az-uj-audi-rs-5-43-millio-forint.jpg
[16:06:01] Image_Downloader: Download failed (https://raw.githubusercontent.com/Derushir/Kepek/main/67c6357751300334f52e35f893ac854f/news/10-ezer-euros-keszpenzfizetesi-limitet-vezet-be-az-europai-u.jpg): 404 Client Error: Not Found for url: https://raw.githubusercontent.com/Derushir/Kepek/main/67c6357751300334f52e35f893ac854f/news/10-ezer-euros-keszpenzfizetesi-limitet-vezet-be-az-europai-u.jpg
[16:06:05] Image_Downloader: Download failed (https://raw.githubusercontent.com/Derushir/Kepek/main/67c6357751300334f52e35f893ac854f/news/tobb-mint-10-milliard-dollart-fektet-az-uber-az-onvezeto-tec.jpg): HTTPSConnectionPool(host='raw.githubusercontent.com', port=443): Read timed out. (read timeout=5)
[16:06:06] Image_Downloader: Download failed (https://assets.4cdn.hu/kraken/8Kctc4mdWcLg12umgs-lg.jpeg): HTTPSConnectionPool(host='assets.4cdn.hu', port=443): Read timed out. (read timeout=5)
[16:06:06] Image_Downloader: Download failed (https://raw.githubusercontent.com/Derushir/Kepek/main/67c6357751300334f52e35f893ac854f/news/bizonytalan-a-karakterek-sorsa-a-rooster-cimu-hbo-sorozat-ma.jpg): 404 Client Error: Not Found for url: https://raw.githubusercontent.com/Derushir/Kepek/main/67c6357751300334f52e35f893ac854f/news/bizonytalan-a-karakterek-sorsa-a-rooster-cimu-hbo-sorozat-ma.jpg
[16:06:08] Image_Downloader: Download failed (https://raw.githubusercontent.com/Derushir/Kepek/main/67c6357751300334f52e35f893ac854f/news/akcios-lego-star-wars-keszletek-a-majus-4-i-unnepseg-elott.jpg): HTTPSConnectionPool(host='raw.githubusercontent.com', port=443): Read timed out. (read timeout=5)
[16:06:08] Image_Downloader: Download failed (https://raw.githubusercontent.com/Derushir/Kepek/main/67c6357751300334f52e35f893ac854f/news/elektromos-autokkal-csokkentheto-a-haztartasi-villanyszamla.jpg): HTTPSConnectionPool(host='raw.githubusercontent.com', port=443): Read timed out. (read timeout=5)
[16:06:08] Image_Downloader: Download failed (https://raw.githubusercontent.com/Derushir/Kepek/main/67c6357751300334f52e35f893ac854f/news/archiv-fotok-az-1978-as-vilagelso-punk-muveszeti-kiallitasro.jpg): HTTPSConnectionPool(host='raw.githubusercontent.com', port=443): Read timed out. (read timeout=5)
[16:06:09] Image_Downloader: Download failed (https://raw.githubusercontent.com/Derushir/Kepek/main/67c6357751300334f52e35f893ac854f/news/megerkezett-az-atkozott-boszorkak-2-elso-hivatalos-elozetese.jpg): HTTPSConnectionPool(host='raw.githubusercontent.com', port=443): Read timed out. (read timeout=5)
[16:06:10] Image_Downloader: Download failed (https://raw.githubusercontent.com/Derushir/Kepek/main/67c6357751300334f52e35f893ac854f/news/elorendelheto-a-dungeons-dragons-uj-ravenloft-kiegeszitoje.jpg): 404 Client Error: Not Found for url: https://raw.githubusercontent.com/Derushir/Kepek/main/67c6357751300334f52e35f893ac854f/news/elorendelheto-a-dungeons-dragons-uj-ravenloft-kiegeszitoje.jpg
[16:06:12] Image_Downloader: Download failed (https://cdn.mos.cms.futurecdn.net/NEei5SVnvByjSNVsFuhUi6-1600-80.png): HTTPSConnectionPool(host='cdn.mos.cms.futurecdn.net', port=443): Read timed out. (read timeout=5)
[16:06:12] Image_Downloader: Download failed (https://raw.githubusercontent.com/Derushir/Kepek/main/67c6357751300334f52e35f893ac854f/news/a-fox-egykori-vezere-szerint-a-studiofonokok-katasztrofalisn.jpg): 404 Client Error: Not Found for url: https://raw.githubusercontent.com/Derushir/Kepek/main/67c6357751300334f52e35f893ac854f/news/a-fox-egykori-vezere-szerint-a-studiofonokok-katasztrofalisn.jpg
[16:06:12] Image_Downloader: Download failed (https://raw.githubusercontent.com/Derushir/Kepek/main/67c6357751300334f52e35f893ac854f/news/miert-az-allhatatossag-a-siker-kulcsa-a-robotikai-iparban.jpg): 404 Client Error: Not Found for url: https://raw.githubusercontent.com/Derushir/Kepek/main/67c6357751300334f52e35f893ac854f/news/miert-az-allhatatossag-a-siker-kulcsa-a-robotikai-iparban.jpg
[16:06:13] Image_Downloader: Download failed (https://raw.githubusercontent.com/Derushir/Kepek/main/67c6357751300334f52e35f893ac854f/news/varhato-nyari-blockbusterek-pokember-es-horrorra-akadva-rebo.jpg): 404 Client Error: Not Found for url: https://raw.githubusercontent.com/Derushir/Kepek/main/67c6357751300334f52e35f893ac854f/news/varhato-nyari-blockbusterek-pokember-es-horrorra-akadva-rebo.jpg
[16:06:14] Image_Downloader: Download failed (https://raw.githubusercontent.com/Derushir/Kepek/main/67c6357751300334f52e35f893ac854f/news/iden-majusban-rendezik-meg-a-house-pikniket-a-budaorsi-repul.jpg): HTTPSConnectionPool(host='raw.githubusercontent.com', port=443): Read timed out. (read timeout=5)
[16:06:15] Image_Downloader: Download failed (https://raw.githubusercontent.com/Derushir/Kepek/main/67c6357751300334f52e35f893ac854f/news/julius-3-an-erkezik-a-silo-harmadik-egyben-utolso-evada-az-a.png): 404 Client Error: Not Found for url: https://raw.githubusercontent.com/Derushir/Kepek/main/67c6357751300334f52e35f893ac854f/news/julius-3-an-erkezik-a-silo-harmadik-egyben-utolso-evada-az-a.png
[16:06:15] Image_Downloader: Download failed (https://raw.githubusercontent.com/Derushir/Kepek/main/67c6357751300334f52e35f893ac854f/news/a-foti-united-illusions-studio-a-vilag-legjobbjai-kozott-a-c.jpg): HTTPSConnectionPool(host='raw.githubusercontent.com', port=443): Read timed out. (read timeout=5)
[16:06:17] Image_Downloader: Download failed (https://raw.githubusercontent.com/Derushir/Kepek/main/67c6357751300334f52e35f893ac854f/news/intimitaskoordinatorok-segitettek-a-birodalom-cimu-sorozat-m.jpg): 404 Client Error: Not Found for url: https://raw.githubusercontent.com/Derushir/Kepek/main/67c6357751300334f52e35f893ac854f/news/intimitaskoordinatorok-segitettek-a-birodalom-cimu-sorozat-m.jpg
[16:06:18] Image_Downloader: Download failed (https://raw.githubusercontent.com/Derushir/Kepek/main/67c6357751300334f52e35f893ac854f/news/az-a24-studio-kesziti-az-uj-texasi-lancfureszes-meszarlas-fi.png): HTTPSConnectionPool(host='raw.githubusercontent.com', port=443): Read timed out. (read timeout=5)
[16:06:18] Image_Downloader: Download failed (https://raw.githubusercontent.com/Derushir/Kepek/main/67c6357751300334f52e35f893ac854f/news/hivatalosan-is-keszul-a-legenda-vagyok-2-resze.jpg): 404 Client Error: Not Found for url: https://raw.githubusercontent.com/Derushir/Kepek/main/67c6357751300334f52e35f893ac854f/news/hivatalosan-is-keszul-a-legenda-vagyok-2-resze.jpg
[16:06:19] Image_Downloader: Download failed (https://raw.githubusercontent.com/Derushir/Kepek/main/67c6357751300334f52e35f893ac854f/news/ryan-reynolds-megerositette-hogy-nem-keszul-tobb-onallo-dead.jpg): 404 Client Error: Not Found for url: https://raw.githubusercontent.com/Derushir/Kepek/main/67c6357751300334f52e35f893ac854f/news/ryan-reynolds-megerositette-hogy-nem-keszul-tobb-onallo-dead.jpg
[16:06:21] Image_Downloader: Download failed (https://raw.githubusercontent.com/Derushir/Kepek/main/67c6357751300334f52e35f893ac854f/news/a-paramount-exkluzivva-tette-az-uj-avatar-filmet-a-szinkrons.jpg): 404 Client Error: Not Found for url: https://raw.githubusercontent.com/Derushir/Kepek/main/67c6357751300334f52e35f893ac854f/news/a-paramount-exkluzivva-tette-az-uj-avatar-filmet-a-szinkrons.jpg
[16:06:21] Image_Downloader: Download failed (https://raw.githubusercontent.com/Derushir/Kepek/main/67c6357751300334f52e35f893ac854f/news/tisztatalan-cimmel-uj-szektas-thrillersorozat-erkezett-a-net.jpg): 404 Client Error: Not Found for url: https://raw.githubusercontent.com/Derushir/Kepek/main/67c6357751300334f52e35f893ac854f/news/tisztatalan-cimmel-uj-szektas-thrillersorozat-erkezett-a-net.jpg
[16:06:21] Image_Downloader: Download failed (https://raw.githubusercontent.com/Derushir/Kepek/main/67c6357751300334f52e35f893ac854f/news/mark-ruffalo-elszolasa-urleny-is-feltunhet-az-uj-pokember-fi.jpg): HTTPSConnectionPool(host='raw.githubusercontent.com', port=443): Read timed out. (read timeout=5)
[16:06:22] Image_Downloader: Download failed (https://raw.githubusercontent.com/Derushir/Kepek/main/67c6357751300334f52e35f893ac854f/news/harom-eve-a-listakon-post-malone-the-diamond-collection-cimu.jpg): 404 Client Error: Not Found for url: https://raw.githubusercontent.com/Derushir/Kepek/main/67c6357751300334f52e35f893ac854f/news/harom-eve-a-listakon-post-malone-the-diamond-collection-cimu.jpg
[16:06:23] Image_Downloader: Download failed (https://raw.githubusercontent.com/Derushir/Kepek/main/67c6357751300334f52e35f893ac854f/news/castiglion-del-bosco-a-toszkan-luxus-es-a-brunello-borok-tal.jpg): 404 Client Error: Not Found for url: https://raw.githubusercontent.com/Derushir/Kepek/main/67c6357751300334f52e35f893ac854f/news/castiglion-del-bosco-a-toszkan-luxus-es-a-brunello-borok-tal.jpg
[16:06:23] Image_Downloader: Download failed (https://www.mafab.hu/static/2026t/109/19/45448_1776707320.2179.jpg): HTTPSConnectionPool(host='www.mafab.hu', port=443): Read timed out. (read timeout=5)
[16:06:24] Image_Downloader: Download failed (https://media.port.hu/images/001/811/370.webp): 'latin-1' codec can't encode character '\u0151' in position 71: ordinal not in range(256)
[16:06:26] Image_Downloader: Download failed (https://raw.githubusercontent.com/Derushir/Kepek/main/67c6357751300334f52e35f893ac854f/news/kritika-a-riz-ahmed-foszereplesevel-keszult-gazdasagi-krimi-.jpg): 404 Client Error: Not Found for url: https://raw.githubusercontent.com/Derushir/Kepek/main/67c6357751300334f52e35f893ac854f/news/kritika-a-riz-ahmed-foszereplesevel-keszult-gazdasagi-krimi-.jpg
[16:06:28] Image_Downloader: Download failed (https://raw.githubusercontent.com/Derushir/Kepek/main/67c6357751300334f52e35f893ac854f/news/utmutato-az-xbox-game-pass-elofizetesekhez-melyiket-valasszu.jpg): 404 Client Error: Not Found for url: https://raw.githubusercontent.com/Derushir/Kepek/main/67c6357751300334f52e35f893ac854f/news/utmutato-az-xbox-game-pass-elofizetesekhez-melyiket-valasszu.jpg
[16:06:28] Image_Downloader: Download failed (https://raw.githubusercontent.com/Derushir/Kepek/main/67c6357751300334f52e35f893ac854f/news/kannibal-karakterek-a-videojatekokban-az-owlcat-szokatlan-ir.jpg): 404 Client Error: Not Found for url: https://raw.githubusercontent.com/Derushir/Kepek/main/67c6357751300334f52e35f893ac854f/news/kannibal-karakterek-a-videojatekokban-az-owlcat-szokatlan-ir.jpg
[16:06:29] Image_Downloader: Download failed (https://raw.githubusercontent.com/Derushir/Kepek/main/67c6357751300334f52e35f893ac854f/news/talalgatasok-a-zelda-film-titokzatos-szereploje-korul.jpg): 404 Client Error: Not Found for url: https://raw.githubusercontent.com/Derushir/Kepek/main/67c6357751300334f52e35f893ac854f/news/talalgatasok-a-zelda-film-titokzatos-szereploje-korul.jpg
[16:06:29] Image_Downloader: Download failed (https://raw.githubusercontent.com/Derushir/Kepek/main/67c6357751300334f52e35f893ac854f/news/2026-nyaran-erkezhet-az-x-men-97-animacios-sorozat-masodik-e.jpg): 404 Client Error: Not Found for url: https://raw.githubusercontent.com/Derushir/Kepek/main/67c6357751300334f52e35f893ac854f/news/2026-nyaran-erkezhet-az-x-men-97-animacios-sorozat-masodik-e.jpg
[16:06:30] Image_Downloader: Download failed (https://raw.githubusercontent.com/Derushir/Kepek/main/67c6357751300334f52e35f893ac854f/news/iden-erkezik-pc-re-az-aion-2-a-klasszikus-mmo-regota-vart-fo.jpg): HTTPSConnectionPool(host='raw.githubusercontent.com', port=443): Read timed out. (read timeout=5)
[16:06:31] Image_Downloader: Download failed (https://raw.githubusercontent.com/Derushir/Kepek/main/67c6357751300334f52e35f893ac854f/news/jelentosen-csokkentette-az-xbox-game-pass-arait-a-microsoft.jpg): 404 Client Error: Not Found for url: https://raw.githubusercontent.com/Derushir/Kepek/main/67c6357751300334f52e35f893ac854f/news/jelentosen-csokkentette-az-xbox-game-pass-arait-a-microsoft.jpg
[16:06:31] Image_Downloader: Download failed (https://raw.githubusercontent.com/Derushir/Kepek/main/67c6357751300334f52e35f893ac854f/news/diablo-4-lord-of-hatred-melyrehato-kiegeszito-uj-osztalyokka.jpg): 404 Client Error: Not Found for url: https://raw.githubusercontent.com/Derushir/Kepek/main/67c6357751300334f52e35f893ac854f/news/diablo-4-lord-of-hatred-melyrehato-kiegeszito-uj-osztalyokka.jpg
[16:06:32] Image_Downloader: Download failed (https://raw.githubusercontent.com/Derushir/Kepek/main/67c6357751300334f52e35f893ac854f/news/vr-jatek-keszul-the-boys-trigger-warning-cimmel.png): 404 Client Error: Not Found for url: https://raw.githubusercontent.com/Derushir/Kepek/main/67c6357751300334f52e35f893ac854f/news/vr-jatek-keszul-the-boys-trigger-warning-cimmel.png
[16:06:32] Image_Downloader: Download failed (https://media.sg.hu/kep/2024_04/dea3.jpg): HTTPSConnectionPool(host='media.sg.hu', port=443): Read timed out. (read timeout=5)
[16:06:36] Image_Downloader: Download failed (https://raw.githubusercontent.com/Derushir/Kepek/main/67c6357751300334f52e35f893ac854f/news/globalis-megjelenest-kap-az-aion-2-mmo-2026-ban.png): HTTPSConnectionPool(host='raw.githubusercontent.com', port=443): Read timed out. (read timeout=5)
[16:06:36] Image_Downloader: Download failed (https://raw.githubusercontent.com/Derushir/Kepek/main/67c6357751300334f52e35f893ac854f/news/ujabb-transformers-x-nfl-figurak-erkeznek-a-hasbro-kinalatab.jpg): HTTPSConnectionPool(host='raw.githubusercontent.com', port=443): Read timed out. (read timeout=5)
[16:06:37] Image_Downloader: Download failed (https://raw.githubusercontent.com/Derushir/Kepek/main/67c6357751300334f52e35f893ac854f/news/limitalt-kiadasu-xbox-kiegeszitok-erkeznek-a-forza-horizon-6.jpg): 404 Client Error: Not Found for url: https://raw.githubusercontent.com/Derushir/Kepek/main/67c6357751300334f52e35f893ac854f/news/limitalt-kiadasu-xbox-kiegeszitok-erkeznek-a-forza-horizon-6.jpg
[16:06:37] Image_Downloader: Download failed (https://raw.githubusercontent.com/Derushir/Kepek/main/67c6357751300334f52e35f893ac854f/news/sorozat-keszul-a-baldurs-gate-3-bol-az-hbo-gondozasaban.jpg): HTTPSConnectionPool(host='raw.githubusercontent.com', port=443): Read timed out. (read timeout=5)
[16:06:39] Image_Downloader: Download failed (https://raw.githubusercontent.com/Derushir/Kepek/main/67c6357751300334f52e35f893ac854f/news/kritikak-ertek-a-warhammer-40000-dawn-of-war-4-elozeteset-a-.jpg): 404 Client Error: Not Found for url: https://raw.githubusercontent.com/Derushir/Kepek/main/67c6357751300334f52e35f893ac854f/news/kritikak-ertek-a-warhammer-40000-dawn-of-war-4-elozeteset-a-.jpg
[16:06:43] Image_Downloader: Download failed (https://raw.githubusercontent.com/Derushir/Kepek/main/67c6357751300334f52e35f893ac854f/news/eletkor-ellenorzest-vezet-be-a-sony-a-playstation-online-kom.jpg): 404 Client Error: Not Found for url: https://raw.githubusercontent.com/Derushir/Kepek/main/67c6357751300334f52e35f893ac854f/news/eletkor-ellenorzest-vezet-be-a-sony-a-playstation-online-kom.jpg
[16:06:43] Image_Downloader: Download failed (https://raw.githubusercontent.com/Derushir/Kepek/main/67c6357751300334f52e35f893ac854f/news/ket-uj-projekten-is-dolgozik-az-11-bit-studios-a-frostpunk-e.jpg): 404 Client Error: Not Found for url: https://raw.githubusercontent.com/Derushir/Kepek/main/67c6357751300334f52e35f893ac854f/news/ket-uj-projekten-is-dolgozik-az-11-bit-studios-a-frostpunk-e.jpg
[16:06:47] Image_Downloader: Download failed (https://raw.githubusercontent.com/Derushir/Kepek/main/67c6357751300334f52e35f893ac854f/news/blood-message-cimmel-erkezik-az-unreal-engine-5-alapu-akcio-.jpg): 404 Client Error: Not Found for url: https://raw.githubusercontent.com/Derushir/Kepek/main/67c6357751300334f52e35f893ac854f/news/blood-message-cimmel-erkezik-az-unreal-engine-5-alapu-akcio-.jpg
[16:06:48] Image_Downloader: Download failed (https://raw.githubusercontent.com/Derushir/Kepek/main/67c6357751300334f52e35f893ac854f/news/uj-exosuit-ok-es-fegyverek-erkeznek-a-helldivers-2-be.jpg): 404 Client Error: Not Found for url: https://raw.githubusercontent.com/Derushir/Kepek/main/67c6357751300334f52e35f893ac854f/news/uj-exosuit-ok-es-fegyverek-erkeznek-a-helldivers-2-be.jpg
[16:06:52] Image_Downloader: Download failed (https://raw.githubusercontent.com/Derushir/Kepek/main/67c6357751300334f52e35f893ac854f/news/uj-steam-hardver-erkezhet-valve-kontrollert-sejtenek-a-hatte.jpg): HTTPSConnectionPool(host='raw.githubusercontent.com', port=443): Read timed out. (read timeout=20)
[16:06:52] Image_Downloader: Download failed (https://raw.githubusercontent.com/Derushir/Kepek/main/67c6357751300334f52e35f893ac854f/news/josh-brolin-majdnem-elhappolta-johnny-depp-karrierjet-a-21-j.jpg): HTTPSConnectionPool(host='raw.githubusercontent.com', port=443): Read timed out. (read timeout=20)
[16:06:52] Image_Downloader: Download failed (https://raw.githubusercontent.com/Derushir/Kepek/main/67c6357751300334f52e35f893ac854f/news/monitorvasarlasi-tanacsado-miert-erdemes-iden-fejleszteni.jpg): HTTPSConnectionPool(host='raw.githubusercontent.com', port=443): Read timed out.
[16:06:52] Image_Downloader: Download failed (https://raw.githubusercontent.com/Derushir/Kepek/main/67c6357751300334f52e35f893ac854f/news/dokumentumfilm-azonositotta-satoshi-nakamoto-lehetseges-alko.jpg): 404 Client Error: Not Found for url: https://raw.githubusercontent.com/Derushir/Kepek/main/67c6357751300334f52e35f893ac854f/news/dokumentumfilm-azonositotta-satoshi-nakamoto-lehetseges-alko.jpg
[16:06:54] Image_Downloader: Download failed (https://raw.githubusercontent.com/Derushir/Kepek/main/67c6357751300334f52e35f893ac854f/news/szovetsegi-birosag-ele-kerul-a-coinbase-es-new-york-allam-jo.jpg): 404 Client Error: Not Found for url: https://raw.githubusercontent.com/Derushir/Kepek/main/67c6357751300334f52e35f893ac854f/news/szovetsegi-birosag-ele-kerul-a-coinbase-es-new-york-allam-jo.jpg
[16:06:59] Image_Downloader: Download failed (https://raw.githubusercontent.com/Derushir/Kepek/main/67c6357751300334f52e35f893ac854f/news/ujra-elerhetoek-a-kripto-etn-ek-az-egyesult-kiralysagban-ado.jpg): 404 Client Error: Not Found for url: https://raw.githubusercontent.com/Derushir/Kepek/main/67c6357751300334f52e35f893ac854f/news/ujra-elerhetoek-a-kripto-etn-ek-az-egyesult-kiralysagban-ado.jpg
[16:07:00] Image_Downloader: Download failed (https://raw.githubusercontent.com/Derushir/Kepek/main/67c6357751300334f52e35f893ac854f/news/a-core-scientific-33-milliard-dollaros-kotvennyel-valt-a-mes.jpg): 404 Client Error: Not Found for url: https://raw.githubusercontent.com/Derushir/Kepek/main/67c6357751300334f52e35f893ac854f/news/a-core-scientific-33-milliard-dollaros-kotvennyel-valt-a-mes.jpg
[16:07:03] Image_Downloader: Download failed (https://raw.githubusercontent.com/Derushir/Kepek/main/67c6357751300334f52e35f893ac854f/news/basti-juli-szineszno-meghato-fotot-osztott-meg-16-honapos-un.jpg): 404 Client Error: Not Found for url: https://raw.githubusercontent.com/Derushir/Kepek/main/67c6357751300334f52e35f893ac854f/news/basti-juli-szineszno-meghato-fotot-osztott-meg-16-honapos-un.jpg
[16:07:03] Image_Downloader: Download failed (https://raw.githubusercontent.com/Derushir/Kepek/main/67c6357751300334f52e35f893ac854f/news/kontenerhaz-mentett-meg-egy-200-eves-spanyol-koepuletet.jpg): 404 Client Error: Not Found for url: https://raw.githubusercontent.com/Derushir/Kepek/main/67c6357751300334f52e35f893ac854f/news/kontenerhaz-mentett-meg-egy-200-eves-spanyol-koepuletet.jpg
[16:07:04] Image_Downloader: Download failed (https://raw.githubusercontent.com/Derushir/Kepek/main/67c6357751300334f52e35f893ac854f/news/hogyan-varazsolhatunk-analog-filmes-hatast-telefonos-fotoink.jpg): 404 Client Error: Not Found for url: https://raw.githubusercontent.com/Derushir/Kepek/main/67c6357751300334f52e35f893ac854f/news/hogyan-varazsolhatunk-analog-filmes-hatast-telefonos-fotoink.jpg
[16:07:05] Image_Downloader: Download failed (https://raw.githubusercontent.com/Derushir/Kepek/main/67c6357751300334f52e35f893ac854f/news/fold-napja-utmutato-a-helyes-ujrahasznositashoz.jpg): 404 Client Error: Not Found for url: https://raw.githubusercontent.com/Derushir/Kepek/main/67c6357751300334f52e35f893ac854f/news/fold-napja-utmutato-a-helyes-ujrahasznositashoz.jpg
[16:07:06] Image_Downloader: Download failed (https://raw.githubusercontent.com/Derushir/Kepek/main/67c6357751300334f52e35f893ac854f/news/egeszseges-es-taplalo-liofilizalt-sarkanygyumolcs-es-mez-kom.jpg): 404 Client Error: Not Found for url: https://raw.githubusercontent.com/Derushir/Kepek/main/67c6357751300334f52e35f893ac854f/news/egeszseges-es-taplalo-liofilizalt-sarkanygyumolcs-es-mez-kom.jpg
[16:07:06] Image_Downloader: Download failed (https://raw.githubusercontent.com/Derushir/Kepek/main/67c6357751300334f52e35f893ac854f/news/rejtett-veszelyforrasok-a-repulogepek-fedelzeten.jpg): 404 Client Error: Not Found for url: https://raw.githubusercontent.com/Derushir/Kepek/main/67c6357751300334f52e35f893ac854f/news/rejtett-veszelyforrasok-a-repulogepek-fedelzeten.jpg
[16:07:17] Image_Downloader: Download failed (https://raw.githubusercontent.com/Derushir/Kepek/main/67c6357751300334f52e35f893ac854f/news/hogyan-elezzuk-meg-profi-modon-a-konyhai-keseket-vizes-fenok.jpg): 404 Client Error: Not Found for url: https://raw.githubusercontent.com/Derushir/Kepek/main/67c6357751300334f52e35f893ac854f/news/hogyan-elezzuk-meg-profi-modon-a-konyhai-keseket-vizes-fenok.jpg
[16:07:18] Image_Downloader: Download failed (https://raw.githubusercontent.com/Derushir/Kepek/main/67c6357751300334f52e35f893ac854f/news/a-strava-a-szakertok-szerint-a-legjobb-valasztas-futok-es-ke.jpg): 404 Client Error: Not Found for url: https://raw.githubusercontent.com/Derushir/Kepek/main/67c6357751300334f52e35f893ac854f/news/a-strava-a-szakertok-szerint-a-legjobb-valasztas-futok-es-ke.jpg
[16:07:21] Image_Downloader: Download failed (https://raw.githubusercontent.com/Derushir/Kepek/main/67c6357751300334f52e35f893ac854f/news/carlos-alcaraz-es-a-psg-is-laureus-dijat-kapott-2026-ban.jpg): 404 Client Error: Not Found for url: https://raw.githubusercontent.com/Derushir/Kepek/main/67c6357751300334f52e35f893ac854f/news/carlos-alcaraz-es-a-psg-is-laureus-dijat-kapott-2026-ban.jpg
[16:07:25] Image_Downloader: Download failed (https://raw.githubusercontent.com/Derushir/Kepek/main/67c6357751300334f52e35f893ac854f/news/epres-panni-a-miss-balaton-verseny-zsurijeben-a-belso-erteke.jpg): 404 Client Error: Not Found for url: https://raw.githubusercontent.com/Derushir/Kepek/main/67c6357751300334f52e35f893ac854f/news/epres-panni-a-miss-balaton-verseny-zsurijeben-a-belso-erteke.jpg
[16:07:25] Image_Downloader: Download failed (https://raw.githubusercontent.com/Derushir/Kepek/main/67c6357751300334f52e35f893ac854f/news/dombovari-istvan-nevevel-es-ai-generalt-kepeivel-csalnak-fog.jpg): 404 Client Error: Not Found for url: https://raw.githubusercontent.com/Derushir/Kepek/main/67c6357751300334f52e35f893ac854f/news/dombovari-istvan-nevevel-es-ai-generalt-kepeivel-csalnak-fog.jpg
[16:07:26] Image_Downloader: Download failed (https://raw.githubusercontent.com/Derushir/Kepek/main/67c6357751300334f52e35f893ac854f/news/jennifer-aniston-gratulalt-volt-ferje-justin-theroux-gyermek.jpg): 404 Client Error: Not Found for url: https://raw.githubusercontent.com/Derushir/Kepek/main/67c6357751300334f52e35f893ac854f/news/jennifer-aniston-gratulalt-volt-ferje-justin-theroux-gyermek.jpg
[16:07:29] Image_Downloader: Download failed (https://raw.githubusercontent.com/Derushir/Kepek/main/67c6357751300334f52e35f893ac854f/news/pato-oward-kiabrandult-a-forma1-bol-az-uj-szabalyok-miatt.jpg): 404 Client Error: Not Found for url: https://raw.githubusercontent.com/Derushir/Kepek/main/67c6357751300334f52e35f893ac854f/news/pato-oward-kiabrandult-a-forma1-bol-az-uj-szabalyok-miatt.jpg
[16:08:02] Image_Downloader: Download failed (https://media.port.hu/images/001/811/370.webp): 'latin-1' codec can't encode character '\u0151' in position 71: ordinal not in range(256)
