
--- RSS Fetch Errors at 2026-06-13 02:30:58 ---
Error fetching https://www.drive.com.au/feed/: HTTP Error 403: 
[02:46:57] Summarizer: [DownloadWorker-9] SKIP (duplicate title): TV műsor...
[02:46:57] Summarizer: [Batch] No response from API (attempt 1/3)
[02:47:16] Summarizer: [MissingDetector] ⚠️ PAIRING FAIL: 'https://hvg.hu/tudomany/20260612_apple-siri-ai-mukodese-kapolat-felhasznalokkal-romantikus-kozeledes-tiltasa' not found. KEEPING ITEM (Fallback).
[02:47:16] Summarizer: [Batch] 2 item(s) missing from response → marked for reprocessing
[02:47:16] Summarizer: [FreeGeminiAPI_2] ⚠️ PAIRING FAIL: 'https://hvg.hu/tudomany/20260612_apple-siri-ai-mukodese-kapolat-felhasznalokkal-romantikus-kozeledes-tiltasa' not found. KEEPING ITEM (Fallback).
[02:47:17] Summarizer: [MissingDetector] ⚠️ PAIRING FAIL: 'https://www.pcgamer.com/hardware/handheld-gaming-pcs/arms-ray-traced-demo-of-its-neural-technologies-for-mobile-phone-gaming-proves-that-there-s-an-alternate-chip-for-handheld-gaming-pcs-to-use-outside-of-amd-or-intel' not found. KEEPING ITEM (Fallback).
[02:47:17] Summarizer: [Batch] 1 item(s) missing from response → marked for reprocessing
[02:47:17] Summarizer: [FreeGeminiAPI_1] ⚠️ PAIRING FAIL: 'https://www.pcgamer.com/hardware/handheld-gaming-pcs/arms-ray-traced-demo-of-its-neural-technologies-for-mobile-phone-gaming-proves-that-there-s-an-alternate-chip-for-handheld-gaming-pcs-to-use-outside-of-amd-or-intel' not found. KEEPING ITEM (Fallback).
[02:47:20] Summarizer: [Batch] 4 item(s) missing from response → marked for reprocessing
[02:47:22] Summarizer: [Batch] 4 item(s) missing from response → marked for reprocessing
[02:47:25] Summarizer: [DownloadWorker-1] SKIP (duplicate title): Ezekkel játszottak a PC-s és konzolos já...
[02:47:25] Summarizer: [DownloadWorker-9] SKIP (duplicate title): TRADING ECONOMICS...
[02:47:29] Summarizer: [DownloadWorker-2] SKIP (duplicate title): WMN...
[02:47:35] Summarizer: [DownloadWorker-0] SKIP (duplicate title): Délelőtti videó 5.: Ranma1/2...
[02:47:38] Summarizer: [DownloadWorker-7] SKIP (duplicate title): Femina.hu...
[02:47:39] Summarizer: [Batch] 1 item(s) missing from response → marked for reprocessing
[03:04:21] Summarizer: [DownloadWorker-1] SKIP (duplicate title): Megszállottság (film, 2026) | Kritikák, ...
[03:04:36] Summarizer: [Batch] 3 item(s) missing from response → marked for reprocessing
[03:04:53] Summarizer: [DownloadWorker-0] SKIP (duplicate title): TRADING ECONOMICS...
[03:04:54] Summarizer: [DownloadWorker-8] SKIP (duplicate title): Leet...
[03:05:02] Summarizer: [MissingDetector] ⚠️ PAIRING FAIL: 'https://sg.hu/cikkek/it-tech/165801/az-eu-brazilia-es-del-korea-fele-nyit-a-digitalis-szuverenitassal-erdekeben' not found. KEEPING ITEM (Fallback).
[03:05:02] Summarizer: [Batch] 1 item(s) missing from response → marked for reprocessing
[03:05:02] Summarizer: [FreeGeminiAPI_3] ⚠️ PAIRING FAIL: 'https://sg.hu/cikkek/it-tech/165801/az-eu-brazilia-es-del-korea-fele-nyit-a-digitalis-szuverenitassal-erdekeben' not found. KEEPING ITEM (Fallback).
[03:05:10] Summarizer: [DownloadWorker-0] SKIP (duplicate title): Délelőtti videó 6.: Secrets of The Bees...
[03:05:11] Summarizer: [DownloadWorker-2] SKIP (duplicate title): Femina.hu...
[03:20:46] Summarizer: [DownloadWorker-6] SKIP (duplicate title): Far Out Magazine...
[03:20:47] Summarizer: [Batch] 2 item(s) missing from response → marked for reprocessing
[03:20:56] Summarizer: [DownloadWorker-9] SKIP (duplicate title): 18 Must-Follow IG OnlyFans Accounts in 2...
[03:21:01] Summarizer: [DownloadWorker-7] SKIP (duplicate title): Hasznos segítőtárs vagy csak újabb stres...
[03:21:02] Summarizer: [DownloadWorker-9] SKIP (duplicate title): TRADING ECONOMICS...
[03:21:06] Summarizer: [Batch] 1 item(s) missing from response → marked for reprocessing
[03:21:09] Summarizer: [DownloadWorker-1] SKIP (duplicate title): Leet...
[03:21:15] Summarizer: [DownloadWorker-1] SKIP (duplicate title): Expand Your Home Gym With This Adjustabl...
[03:21:16] Summarizer: [DownloadWorker-7] SKIP (duplicate title): Femina.hu...
[03:21:24] Summarizer: [DownloadWorker-3] SKIP (duplicate title): 5 Stocks to Watch: Week of 6/15/2026...
[03:38:22] Summarizer: [DownloadWorker-5] SKIP (duplicate title): 18 Must-Follow Pornstar Snapchat Account...
[03:38:31] Summarizer: [DownloadWorker-4] SKIP (duplicate title): Leet...
[03:38:34] Summarizer: [DownloadWorker-8] SKIP (duplicate title): Elon Musk lett a világ első dollárbillio...
[03:38:35] Summarizer: [DownloadWorker-7] SKIP (duplicate title): Femina.hu...
[03:38:48] Summarizer: [DownloadWorker-3] SKIP (duplicate title): 18 Must-Follow Ohio OnlyFans Accounts in...
[03:38:51] Summarizer: [DownloadWorker-2] SKIP (duplicate title): TRADING ECONOMICS...
[03:38:56] Summarizer: [DownloadWorker-7] SKIP (duplicate title): Femina.hu...
[03:54:39] Summarizer: [DownloadWorker-8] SKIP (duplicate title): TRADING ECONOMICS...
[03:54:44] Summarizer: [DownloadWorker-2] SKIP (duplicate title): The Powerful Yet Compact JUFINX Cordless...
[03:54:54] Summarizer: TIMEOUT (180s) - backend call took too long
[03:54:54] Summarizer: [Batch] No response from API (attempt 1/3)
[03:54:54] Summarizer: [DownloadWorker-2] SKIP (duplicate title): Femina.hu...
[03:55:21] Summarizer: [Batch] 3 item(s) missing from response → marked for reprocessing
[04:12:25] Summarizer: [DownloadWorker-4] SKIP (duplicate title): TRADING ECONOMICS...
[04:12:33] Summarizer: [DownloadWorker-2] SKIP (duplicate title): Délelőtti videó 1.: Silo...
[04:12:34] Summarizer: [DownloadWorker-5] SKIP (duplicate title): Femina.hu...
[04:12:42] Summarizer: [DownloadWorker-5] SKIP (duplicate title): Femina.hu...
[04:12:51] Summarizer: [DownloadWorker-3] SKIP (duplicate title): Femina.hu...
[04:13:00] Summarizer: TIMEOUT (180s) - backend call took too long
[04:13:00] Summarizer: [Batch] No response from API (attempt 1/3)
[04:13:02] Summarizer: [DownloadWorker-7] SKIP (duplicate title): Femina.hu...
[04:13:03] Summarizer: [DownloadWorker-8] SKIP (duplicate title): Ázsia a Netflixen: Made with Love...
[04:13:04] Summarizer: [DownloadWorker-7] SKIP (duplicate title): Femina.hu...
[04:13:08] Summarizer: [DownloadWorker-1] SKIP (duplicate title): Femina.hu...
[04:29:30] Summarizer: [DownloadWorker-9] SKIP (duplicate title): 2026-os magyar sorozatos premiernaptár...
[04:29:31] Summarizer: [DownloadWorker-4] SKIP (duplicate title): Femina.hu...
[04:29:37] Summarizer: [DownloadWorker-8] SKIP (duplicate title): Femina.hu...
[04:29:47] Summarizer: [MissingDetector] ⚠️ PAIRING FAIL: 'https://www.mafab.hu/hub/article/10-stilusos-akcio-krimi-amit-latnod-kell-a-szurke-zona-elott-vagy-utan-13' not found. KEEPING ITEM (Fallback).
[04:29:47] Summarizer: [Batch] 1 item(s) missing from response → marked for reprocessing
[04:29:47] Summarizer: [FreeGeminiAPI_2] ⚠️ PAIRING FAIL: 'https://www.mafab.hu/hub/article/10-stilusos-akcio-krimi-amit-latnod-kell-a-szurke-zona-elott-vagy-utan-13' not found. KEEPING ITEM (Fallback).
[04:30:02] Summarizer: TIMEOUT (180s) - backend call took too long
[04:30:02] Summarizer: [Batch] No response from API (attempt 1/3)
[04:30:10] Summarizer: [Batch] 1 item(s) missing from response → marked for reprocessing
[05:00:04] Summarizer: TIMEOUT (180s) - backend call took too long
[05:00:04] Summarizer: [Batch] No response from API (attempt 1/3)
[05:00:19] Summarizer: [Batch] 3 item(s) missing from response → marked for reprocessing
[05:16:15] Summarizer: [Batch] No response from API (attempt 1/3)
[05:16:15] Summarizer: [Batch] No response from API (attempt 2/3)
[05:16:15] Summarizer: [Batch] No response from API (attempt 1/3)
[05:16:32] Summarizer: [Batch] 2 item(s) missing from response → marked for reprocessing
[05:16:39] Summarizer: [Batch] 3 item(s) missing from response → marked for reprocessing
[05:16:44] Summarizer: [Batch] 2 item(s) missing from response → marked for reprocessing
[05:16:46] Summarizer: [Batch] 1 item(s) missing from response → marked for reprocessing
[05:16:49] Summarizer: [Batch] 3 item(s) missing from response → marked for reprocessing
[05:16:52] Summarizer: [Batch] 2 item(s) missing from response → marked for reprocessing
[05:33:15] Image_Downloader: Download failed (https://pcdn.hu/articles/images-xl/d/k/a/dkacs20260415022-835698.jpg): ("Connection broken: ConnectionResetError(54, 'Connection reset by peer')", ConnectionResetError(54, 'Connection reset by peer'))
[05:33:15] Image_Downloader: Download failed (https://track.adform.net/adfserve/?bn=88652916;srctype=4;gdpr=${GDPR};gdpr_consent=${GDPR_CONSENT_50};ord=[timestamp]): ('Connection aborted.', ConnectionResetError(54, 'Connection reset by peer'))
[05:33:21] Summarizer: [Batch] 1 item(s) missing from response → marked for reprocessing
[05:33:27] Summarizer: [Batch] 2 item(s) missing from response → marked for reprocessing
[05:33:35] Summarizer: [Batch] 2 item(s) missing from response → marked for reprocessing
[05:33:43] Summarizer: [Batch] 1 item(s) missing from response → marked for reprocessing
[06:25:55] Summarizer: TIMEOUT (180s) - backend call took too long
[06:25:55] Summarizer: [Batch] No response from API (attempt 1/3)
[06:25:56] Summarizer: TIMEOUT (180s) - backend call took too long
[06:25:56] Summarizer: [Batch] No response from API (attempt 1/3)
[06:42:55] Summarizer: TIMEOUT (180s) - backend call took too long
[06:42:55] Summarizer: [Batch] No response from API (attempt 1/3)

--- RSS Fetch Errors at 2026-06-13 06:59:19 ---
Error fetching https://www.drive.com.au/feed/: HTTP Error 403: 
[06:59:43] Summarizer: [Batch] 2 item(s) missing from response → marked for reprocessing
[06:59:58] Summarizer: [Batch] 4 item(s) missing from response → marked for reprocessing
[07:00:05] Summarizer: [Batch] 3 item(s) missing from response → marked for reprocessing
[07:00:08] Summarizer: [DownloadWorker-3] SKIP (duplicate title): 20+ bakancslistás program és fesztivál a...
[07:00:10] Summarizer: [DownloadWorker-8] SKIP (duplicate title): Andreas Norling Believes the Future Belo...
[07:15:30] Summarizer: [DownloadWorker-0] SKIP (duplicate title): A sólyom utolsó röpte...
[07:15:33] Summarizer: [DownloadWorker-7] SKIP (duplicate title): Podcast: Rivian R2 first drive, BYD goes...
[07:15:37] Summarizer: [DownloadWorker-3] SKIP (duplicate title): A balatoni alvilág egyik urát még Ronald...
[07:15:38] Summarizer: [DownloadWorker-7] SKIP (duplicate title): Walking through a David Hockney painting...
[07:15:39] Summarizer: [DownloadWorker-3] SKIP (duplicate title): Itt a Social Network – A közösségi háló ...
[07:15:54] Summarizer: [Batch] 3 item(s) missing from response → marked for reprocessing
[07:15:55] Summarizer: [DownloadWorker-3] SKIP (duplicate title): LOVE ISLAND, JARED LETO AND RED FLAGS: F...
[07:16:04] Summarizer: [DownloadWorker-7] SKIP (duplicate title): Blue Heron – Egy nyár emléke – kritika...
[07:16:07] Summarizer: [DownloadWorker-3] SKIP (duplicate title): FHM Top 100 -...
[07:31:22] Summarizer: [Batch] No response from API (attempt 1/3)
[07:31:29] Summarizer: [DownloadWorker-4] SKIP (duplicate title): Jim Carrey és lökött karakterei a Trónok...
[07:31:32] Summarizer: [DownloadWorker-6] SKIP (duplicate title): Benny Blanco olyan helyen csókolta meg S...
[07:31:36] Summarizer: [DownloadWorker-3] SKIP (duplicate title): Dorama dallamok: She Was Pretty – írta H...
[07:31:43] Summarizer: [DownloadWorker-0] SKIP (duplicate title): Kvíz: felismered a ’90-es évek vígjátéka...
[07:31:44] Summarizer: TIMEOUT (180s) - backend call took too long
[07:31:44] Summarizer: [Batch] No response from API (attempt 2/3)
[07:31:45] Summarizer: TIMEOUT (180s) - backend call took too long
[07:31:45] Summarizer: [Batch] No response from API (attempt 2/3)
[07:31:50] Summarizer: [Batch] 2 item(s) missing from response → marked for reprocessing
[07:32:03] Summarizer: [Batch] 2 item(s) missing from response → marked for reprocessing
[07:40:10] Summarizer: [DownloadWorker-0] SKIP (duplicate title): Best 4th Of July Mattress Sales 2026...
[07:40:16] Summarizer: [DownloadWorker-8] SKIP (duplicate title): The GlenAllachie’s Latest Single Malt Sp...
[07:40:16] Summarizer: [DownloadWorker-5] SKIP (duplicate title): The 2015 movie that made Meryl Streep su...
[07:40:29] Summarizer: TIMEOUT (180s) - backend call took too long
[07:40:29] Summarizer: [Batch] No response from API (attempt 2/3)
[07:40:50] Summarizer: [DownloadWorker-8] SKIP (duplicate title): $1,000,000,000: What A $1 Trillion Means...
[07:40:51] Summarizer: [MissingDetector] ⚠️ PAIRING FAIL: 'https://24.hu/sport/foci/20260613/foci-vb-2026-diego-gomez-paraguay-elsirta-magat/' not found. KEEPING ITEM (Fallback).
[07:40:51] Summarizer: [Batch] 3 item(s) missing from response → marked for reprocessing
[07:40:51] Summarizer: [FreeGeminiAPI_3] ⚠️ PAIRING FAIL: 'https://24.hu/sport/foci/20260613/foci-vb-2026-diego-gomez-paraguay-elsirta-magat/' not found. KEEPING ITEM (Fallback).
[07:52:49] Summarizer: [DownloadWorker-3] SKIP (duplicate title): Best Sheets On Amazon 2026...
[07:53:02] Summarizer: TIMEOUT (180s) - backend call took too long
[07:53:02] Summarizer: [Batch] No response from API (attempt 1/3)
[07:53:09] Summarizer: TIMEOUT (180s) - backend call took too long
[07:53:09] Summarizer: [Batch] No response from API (attempt 1/3)
[07:55:48] Summarizer: [Batch] 3 item(s) missing from response → marked for reprocessing
[08:00:59] Summarizer: TIMEOUT (180s) - backend call took too long
[08:00:59] Summarizer: [Batch] No response from API (attempt 1/3)
[08:01:01] Summarizer: TIMEOUT (180s) - backend call took too long
[08:01:01] Summarizer: [Batch] No response from API (attempt 1/3)
[08:01:03] Summarizer: TIMEOUT (180s) - backend call took too long
[08:01:03] Summarizer: [Batch] No response from API (attempt 1/3)
[08:16:43] Summarizer: [Batch] 1 item(s) missing from response → marked for reprocessing
[08:17:00] Summarizer: [Batch] 4 item(s) missing from response → marked for reprocessing
[08:17:12] Summarizer: TIMEOUT (180s) - backend call took too long
[08:17:12] Summarizer: [Batch] No response from API (attempt 1/3)
[08:33:19] Summarizer: [Batch] 3 item(s) missing from response → marked for reprocessing
[08:34:09] Summarizer: TIMEOUT (180s) - backend call took too long
[08:34:09] Summarizer: [Batch] No response from API (attempt 1/3)
[08:34:31] Summarizer: TIMEOUT (180s) - backend call took too long
[08:34:31] Summarizer: [Batch] No response from API (attempt 1/3)
[08:34:32] Summarizer: [Batch] 3 item(s) missing from response → marked for reprocessing
[08:34:47] Summarizer: [Batch] 2 item(s) missing from response → marked for reprocessing
[08:35:03] Summarizer: [Batch] 2 item(s) missing from response → marked for reprocessing
[08:35:04] Summarizer: [Batch] 2 item(s) missing from response → marked for reprocessing
[08:42:42] Summarizer: TIMEOUT (180s) - backend call took too long
[08:42:42] Summarizer: [Batch] No response from API (attempt 2/3)
[08:43:10] Summarizer: [Batch] 2 item(s) missing from response → marked for reprocessing
[09:00:32] Summarizer: TIMEOUT (180s) - backend call took too long
[09:00:32] Summarizer: [Batch] No response from API (attempt 1/3)
[09:01:00] Summarizer: Reprocessing 4 pairing failures from data.json
[09:18:12] Summarizer: [Batch] No response from API (attempt 1/3)
[09:18:12] Summarizer: [Batch] No response from API (attempt 1/3)
[09:18:12] Summarizer: [Batch] No response from API (attempt 1/3)
[09:18:29] Summarizer: [Batch] 2 item(s) missing from response → marked for reprocessing
[09:18:30] Summarizer: [Batch] 2 item(s) missing from response → marked for reprocessing
[09:18:34] Summarizer: [Batch] 4 item(s) missing from response → marked for reprocessing
[09:18:35] Summarizer: [Batch] 2 item(s) missing from response → marked for reprocessing
[09:18:43] Summarizer: [Batch] 2 item(s) missing from response → marked for reprocessing
[09:18:47] Summarizer: [Batch] 2 item(s) missing from response → marked for reprocessing
[09:18:48] Summarizer: [Batch] 3 item(s) missing from response → marked for reprocessing
[09:19:06] Summarizer: Reprocessing 3 pairing failures from data.json

--- RSS Fetch Errors at 2026-06-13 12:34:37 ---
Error fetching https://www.drive.com.au/feed/: HTTP Error 403: 
Error fetching https://leetgaming.com/feed/: Failed to perform, curl: (28) Connection timed out after 10003 milliseconds. See https://curl.se/libcurl/c/libcurl-errors.html first for more details.
[12:51:50] Summarizer: [DownloadWorker-5] SKIP (duplicate title): Zorro álarca (film, 1998) | Kritikák, vi...
[12:51:50] Summarizer: [DownloadWorker-9] SKIP (duplicate title): Andrew Yang thinks the next big startup ...
[12:51:53] Summarizer: [DownloadWorker-8] SKIP (duplicate title): Kinek a vágyai alakítják a pornót? – Az ...
[12:51:58] Summarizer: [DownloadWorker-0] SKIP (duplicate title): 7 Best Free Milf Hookup Sites for Quick ...
[12:52:05] Summarizer: [Batch] 3 item(s) missing from response → marked for reprocessing
[12:52:13] Summarizer: [Batch] 4 item(s) missing from response → marked for reprocessing
[12:52:17] Summarizer: [DownloadWorker-3] SKIP (duplicate title): A Moonshot AI kiadta a Kimi K2.7-Code kó...
[12:52:17] Summarizer: [Batch] 2 item(s) missing from response → marked for reprocessing
[12:52:18] Summarizer: [DownloadWorker-2] SKIP (duplicate title): Kvíz: Hányat ismersz fel Bud Spencer fil...
[12:52:22] Summarizer: [DownloadWorker-9] SKIP (duplicate title): TRADING ECONOMICS...
[12:52:24] Summarizer: [DownloadWorker-5] SKIP (duplicate title): Cronos (film, 2026) | Kritikák, videók, ...
[13:03:52] Summarizer: [DownloadWorker-6] SKIP (duplicate title): Máig vitatják, hol nyílt meg Magyarorszá...
[13:03:52] Summarizer: [DownloadWorker-2] SKIP (duplicate title): Felhozó: Sugar 1. évad...
[13:03:54] Summarizer: [DownloadWorker-4] SKIP (duplicate title): Starity.hu...
[13:03:56] Summarizer: [DownloadWorker-2] SKIP (duplicate title): Kellemes nyári idő lesz szombaton...
[13:03:57] Summarizer: [DownloadWorker-0] SKIP (duplicate title): Femina.hu...
[13:03:59] Summarizer: [DownloadWorker-0] SKIP (duplicate title): TRADING ECONOMICS...
[13:04:00] Summarizer: [DownloadWorker-3] SKIP (duplicate title): Rolling Loud (film, 2026) | Kritikák, vi...
[13:04:03] Summarizer: [DownloadWorker-4] SKIP (duplicate title): Szombati programajánló...
[13:04:03] Summarizer: [DownloadWorker-9] SKIP (duplicate title): Sorozatjunkie...
[13:04:04] Summarizer: [DownloadWorker-6] SKIP (duplicate title): Kevin Hart And Ludacris Celebrates The W...
[13:04:05] Summarizer: [DownloadWorker-9] SKIP (duplicate title): Femina.hu...
[13:04:08] Summarizer: [DownloadWorker-0] SKIP (duplicate title): Off Campus  (sorozat, 2026) | Kritikák, ...
[13:04:09] Summarizer: [DownloadWorker-1] SKIP (duplicate title): TRADING ECONOMICS...
[13:04:12] Summarizer: [DownloadWorker-8] SKIP (duplicate title): Femina.hu...
[13:04:13] Summarizer: [DownloadWorker-4] SKIP (duplicate title): Today’s NYT Mini Hints And Answers For S...
[13:04:16] Summarizer: [DownloadWorker-6] SKIP (duplicate title): TV műsor...
[13:04:22] Summarizer: [DownloadWorker-9] SKIP (duplicate title): TRADING ECONOMICS...
[13:04:24] Summarizer: [DownloadWorker-3] SKIP (duplicate title): Most már tényleg nagyon aggódnak a fanok...
[13:04:24] Summarizer: [DownloadWorker-8] SKIP (duplicate title): Itt vannak a legjobb filmek a tévében sz...
[13:04:25] Summarizer: [DownloadWorker-5] SKIP (duplicate title): Femina.hu...
[13:04:25] Summarizer: [DownloadWorker-7] SKIP (duplicate title): Grand Theft Auto V...
[13:04:26] Summarizer: [DownloadWorker-2] SKIP (duplicate title): Délelőtti videó 4.: Heti hetes 19. évad ...
[13:04:26] Summarizer: [DownloadWorker-6] SKIP (duplicate title): TRADING ECONOMICS...
[13:04:29] Summarizer: [Batch] 2 item(s) missing from response → marked for reprocessing
[13:04:31] Summarizer: [DownloadWorker-6] SKIP (duplicate title): Femina.hu...
[13:04:33] Summarizer: [DownloadWorker-2] SKIP (duplicate title): Családi filmek a tévében szombatra...
[13:04:35] Summarizer: [MissingDetector] ⚠️ PAIRING FAIL: 'https://nlc.hu/szabadido/2026/06/13/varos-latkep-latnivalo-kviz/' not found. KEEPING ITEM (Fallback).
[13:04:35] Summarizer: [Batch] 1 item(s) missing from response → marked for reprocessing
[13:04:35] Summarizer: [FreeGeminiAPI_3] ⚠️ PAIRING FAIL: 'https://nlc.hu/szabadido/2026/06/13/varos-latkep-latnivalo-kviz/' not found. KEEPING ITEM (Fallback).
[13:04:35] Summarizer: [DownloadWorker-2] SKIP (duplicate title): Femina.hu...
[13:20:17] Summarizer: [DownloadWorker-8] SKIP (duplicate title): Femina.hu...
[13:20:17] Summarizer: [DownloadWorker-9] SKIP (duplicate title): Branch Furniture Discount Codes June 202...
[13:20:21] Summarizer: [DownloadWorker-4] SKIP (duplicate title): TRADING ECONOMICS...
[13:20:25] Summarizer: [DownloadWorker-5] SKIP (duplicate title): Femina.hu...
[13:20:25] Summarizer: [DownloadWorker-0] SKIP (duplicate title): Off Campus: ezért nem lett szőke Allie h...
[13:20:28] Summarizer: [DownloadWorker-3] SKIP (duplicate title): Femina.hu...
[13:20:33] Summarizer: [DownloadWorker-1] SKIP (duplicate title): Femina.hu...
[13:20:34] Summarizer: [DownloadWorker-2] SKIP (duplicate title): The high Robert Downey Jr has been chasi...
[13:20:37] Summarizer: [DownloadWorker-2] SKIP (duplicate title): Femina.hu...
[13:20:52] Summarizer: [DownloadWorker-6] SKIP (duplicate title): Femina.hu...
[13:20:53] Summarizer: [DownloadWorker-8] SKIP (duplicate title): Femina.hu...
[13:20:53] Summarizer: [DownloadWorker-4] SKIP (duplicate title): Today’s NYT Strands Hints, Spangram, Ans...
[13:20:55] Summarizer: [DownloadWorker-2] SKIP (duplicate title): Femina.hu...
[13:26:21] Summarizer: [DownloadWorker-5] SKIP (duplicate title): Aurora Alert: Northern States May See No...
[13:42:47] Summarizer: TIMEOUT (180s) - backend call took too long
[13:42:47] Summarizer: [Batch] No response from API (attempt 1/3)
[13:59:00] Summarizer: TIMEOUT (180s) - backend call took too long
[13:59:00] Summarizer: [Batch] No response from API (attempt 1/3)
[13:59:05] Summarizer: TIMEOUT (180s) - backend call took too long
[13:59:05] Summarizer: [Batch] No response from API (attempt 1/3)
[13:59:18] Summarizer: [Batch] 1 item(s) missing from response → marked for reprocessing
[14:23:01] Summarizer: [Batch] No response from API (attempt 2/3)
[14:23:01] Summarizer: [Batch] No response from API (attempt 2/3)
[14:23:01] Summarizer: [Batch] No response from API (attempt 1/3)
[14:23:24] Summarizer: [Batch] 1 item(s) missing from response → marked for reprocessing
[14:23:28] Summarizer: [MissingDetector] ⚠️ PAIRING FAIL: 'https://index.hu/kultur/2026/06/13/hollerung-gabor-budafoki-dohnanyi-zenekar-ugyvezeto-zeneigazgado-arutluk-kultbudapest/' not found. KEEPING ITEM (Fallback).
[14:23:28] Summarizer: [Batch] 3 item(s) missing from response → marked for reprocessing
[14:23:28] Summarizer: [FreeGeminiAPI_3] ⚠️ PAIRING FAIL: 'https://index.hu/kultur/2026/06/13/hollerung-gabor-budafoki-dohnanyi-zenekar-ugyvezeto-zeneigazgado-arutluk-kultbudapest/' not found. KEEPING ITEM (Fallback).
[15:15:27] Summarizer: TIMEOUT (180s) - backend call took too long
[15:15:27] Summarizer: [Batch] No response from API (attempt 1/3)
[15:15:31] Summarizer: TIMEOUT (180s) - backend call took too long
[15:15:31] Summarizer: [Batch] No response from API (attempt 1/3)
[15:15:36] Summarizer: TIMEOUT (180s) - backend call took too long
[15:15:36] Summarizer: [Batch] No response from API (attempt 1/3)
[15:16:04] Summarizer: [Batch] 1 item(s) missing from response → marked for reprocessing
[15:16:06] Summarizer: [Batch] 2 item(s) missing from response → marked for reprocessing
[15:16:20] Summarizer: [Batch] 1 item(s) missing from response → marked for reprocessing
[15:16:29] Summarizer: [MissingDetector] ⚠️ PAIRING FAIL: 'https://telex.hu/pr-cikk/2026/06/13/mar-okostelefonnal-is-keszithetz-mesteri-telefotokat-x' not found. KEEPING ITEM (Fallback).
[15:16:29] Summarizer: [Batch] 4 item(s) missing from response → marked for reprocessing
[15:16:29] Summarizer: [FreeGeminiAPI_3] ⚠️ PAIRING FAIL: 'https://telex.hu/pr-cikk/2026/06/13/mar-okostelefonnal-is-keszithetz-mesteri-telefotokat-x' not found. KEEPING ITEM (Fallback).
[15:16:35] Summarizer: [Batch] 3 item(s) missing from response → marked for reprocessing
[15:16:38] Summarizer: [Batch] 4 item(s) missing from response → marked for reprocessing
[15:16:41] Summarizer: [Batch] 3 item(s) missing from response → marked for reprocessing
[15:16:43] Summarizer: [Batch] 4 item(s) missing from response → marked for reprocessing
[15:28:18] Summarizer: [Batch] No response from API (attempt 1/3)
[15:28:18] Summarizer: [Batch] No response from API (attempt 1/3)
[15:28:18] Summarizer: [Batch] No response from API (attempt 1/3)
[15:28:34] Summarizer: [Batch] 2 item(s) missing from response → marked for reprocessing
[15:28:36] Summarizer: [Batch] 1 item(s) missing from response → marked for reprocessing
[15:28:37] Summarizer: [Batch] 2 item(s) missing from response → marked for reprocessing
[15:28:52] Summarizer: Reprocessing 2 pairing failures from data.json
[15:45:30] Summarizer: Reprocessing stopped early (time limit), 1 items remaining.

--- RSS Fetch Errors at 2026-06-13 18:31:26 ---
Error fetching https://www.drive.com.au/feed/: HTTP Error 403: 
Error fetching https://leetgaming.com/feed/: Failed to perform, curl: (28) Connection timed out after 10003 milliseconds. See https://curl.se/libcurl/c/libcurl-errors.html first for more details.
[18:31:45] Summarizer: [Batch] 4 item(s) missing from response → marked for reprocessing
[18:31:49] Summarizer: [Batch] 4 item(s) missing from response → marked for reprocessing
[18:47:56] Summarizer: [Batch] 1 item(s) missing from response → marked for reprocessing
[19:06:02] Summarizer: [DownloadWorker-6] SKIP (duplicate title): 18 Must-Follow Big Boobs OnlyFans Accoun...
[19:06:04] Summarizer: [DownloadWorker-7] SKIP (duplicate title): Elvis Costello’s unconventional list of ...
[19:06:07] Summarizer: [DownloadWorker-0] SKIP (duplicate title): Pilot: Heroes Reborn...
[19:06:08] Summarizer: [DownloadWorker-3] SKIP (duplicate title): Selz profilja...
[19:06:09] Summarizer: [DownloadWorker-1] SKIP (duplicate title): Termékvisszahívás: veszélyes baktérium l...
[19:06:09] Summarizer: [MissingDetector] ⚠️ PAIRING FAIL: 'https://prohardver.hu/hir/stalker_2_cost_of_hope_a_regi_sebek_ujra_felszakadnak.html' not found. KEEPING ITEM (Fallback).
[19:06:09] Summarizer: [Batch] 3 item(s) missing from response → marked for reprocessing
[19:06:09] Summarizer: [FreeGeminiAPI_2] ⚠️ PAIRING FAIL: 'https://prohardver.hu/hir/stalker_2_cost_of_hope_a_regi_sebek_ujra_felszakadnak.html' not found. KEEPING ITEM (Fallback).
[19:06:22] Summarizer: [Batch] 1 item(s) missing from response → marked for reprocessing
[19:06:24] Summarizer: [DownloadWorker-6] SKIP (duplicate title): Hétvégi szerelmi horoszkóp: itt az idő k...
[19:06:27] Summarizer: [Batch] 1 item(s) missing from response → marked for reprocessing
[19:06:28] Summarizer: [DownloadWorker-5] SKIP (duplicate title): What’s the deal with Tubi?...
[19:06:37] Summarizer: [DownloadWorker-6] SKIP (duplicate title): Délelőtti videó 2.: Julie and the Phanto...
[19:06:44] Summarizer: [Batch] 1 item(s) missing from response → marked for reprocessing
[19:06:47] Summarizer: [Batch] 2 item(s) missing from response → marked for reprocessing
[19:24:26] Summarizer: [DownloadWorker-0] SKIP (duplicate title): 18 Must-Follow Best Ass on OnlyFans Acco...
[19:24:34] Image_Downloader: Download failed (https://cdn.motor1.com/images/mgl/vx8Omb/s1/2023-volvo-v90-t8-recharge-plug-in-hybrid-charging.jpg): ("Connection broken: ConnectionResetError(54, 'Connection reset by peer')", ConnectionResetError(54, 'Connection reset by peer'))
[19:24:34] Summarizer: [Batch] No response from API (attempt 1/3)
[19:24:34] Summarizer: [DownloadWorker-2] SKIP (duplicate title): Julie és a Fantomok...
[19:24:36] Summarizer: [DownloadWorker-0] SKIP (duplicate title): Kipróbálták, hogy mit tud egy 38 éves S-...
[19:24:37] Summarizer: [Batch] 1 item(s) missing from response → marked for reprocessing
[19:24:38] Summarizer: [DownloadWorker-9] SKIP (duplicate title): Látványtuning a VW-csoport sportmárkájáh...
[19:24:45] Summarizer: [DownloadWorker-4] SKIP (duplicate title): Kvíz: melyik város látképe látható? A 10...
[19:24:48] Summarizer: [Batch] 1 item(s) missing from response → marked for reprocessing
[19:25:00] Summarizer: [DownloadWorker-0] SKIP (duplicate title): A 2024-es tízes listám...
[19:25:01] Summarizer: [Batch] 2 item(s) missing from response → marked for reprocessing
[19:25:04] Summarizer: [Batch] 1 item(s) missing from response → marked for reprocessing
[19:25:04] Summarizer: [DownloadWorker-6] SKIP (duplicate title): Simon G. Makes Memories You Can Hold In ...
[19:25:05] Summarizer: [DownloadWorker-8] SKIP (duplicate title): Julie és a Fantomok: A felkészülés...
[19:32:17] Summarizer: [DownloadWorker-2] SKIP (duplicate title): Everwood a TV2-n – írta Mammut...
[19:48:20] Summarizer: [DownloadWorker-1] SKIP (duplicate title): Kiderült, mit csinál Lannert Judit, amik...
[19:48:27] Summarizer: [DownloadWorker-2] SKIP (duplicate title): Paris Saint-Germain Targets FC Barcelona...
[20:20:30] Summarizer: TIMEOUT (180s) - backend call took too long
[20:20:30] Summarizer: [Batch] No response from API (attempt 1/3)
[20:20:32] Summarizer: TIMEOUT (180s) - backend call took too long
[20:20:32] Summarizer: [Batch] No response from API (attempt 1/3)
[20:20:34] Summarizer: TIMEOUT (180s) - backend call took too long
[20:20:34] Summarizer: [Batch] No response from API (attempt 1/3)
[20:20:51] Summarizer: [Batch] 1 item(s) missing from response → marked for reprocessing
[21:23:52] Summarizer: [Batch] No response from API (attempt 1/3)
[21:23:52] Summarizer: [Batch] No response from API (attempt 1/3)
[21:23:52] Summarizer: [Batch] No response from API (attempt 1/3)
[21:24:14] Summarizer: [Batch] 1 item(s) missing from response → marked for reprocessing
[21:24:20] Summarizer: [Batch] 3 item(s) missing from response → marked for reprocessing
[21:24:27] Summarizer: [Batch] 3 item(s) missing from response → marked for reprocessing
[21:26:20] Summarizer: [MissingDetector] ⚠️ PAIRING FAIL: 'https://telex.hu/sport/20260613/angol-es-skot-szurkolok-nagyon-draga-vb-utazas' not found. KEEPING ITEM (Fallback).
[21:26:20] Summarizer: [Batch] 3 item(s) missing from response → marked for reprocessing
[21:26:20] Summarizer: [FreeGeminiAPI_1] ⚠️ PAIRING FAIL: 'https://telex.hu/sport/20260613/angol-es-skot-szurkolok-nagyon-draga-vb-utazas' not found. KEEPING ITEM (Fallback).
[21:26:35] Summarizer: Reprocessing 2 pairing failures from data.json
