[00:18:07] Summarizer: [DownloadWorker-2] SKIP (duplicate title): Gyorsuló Arc meghajtót prezentált az Int...
[00:18:08] Summarizer: [DownloadWorker-9] SKIP (duplicate title): Rivian's $24 Billion Bet: Spend The Cash...
[00:18:10] Summarizer: [DownloadWorker-5] SKIP (duplicate title): Üdvözlünk a Prog.Hu-n!...
[00:18:11] Summarizer: [DownloadWorker-1] SKIP (duplicate title): See the whole picture and find the look ...
[00:18:13] Summarizer: [DownloadWorker-2] SKIP (duplicate title): A középkori magyar szendvics, amit Lacir...
[00:18:14] Summarizer: [DownloadWorker-6] SKIP (duplicate title): NASA Invites Media to Discuss Next Steps...
[00:18:16] Summarizer: [DownloadWorker-1] SKIP (duplicate title): AI-jal figyelné az amerikai Burger King,...
[00:18:21] Summarizer: [DownloadWorker-5] SKIP (duplicate title): DTF St. Louis Review...
[00:18:23] Summarizer: [DownloadWorker-2] SKIP (duplicate title): Kalandtúra kemény terepen...
[00:18:23] Summarizer: [DownloadWorker-0] SKIP (duplicate title): Megrázó vallomást tett A Nagy Ő Ginája a...
[00:18:23] Image_Downloader: ❌ All API keys exhausted (rate limit on all)
[00:18:23] Image_Downloader: ❌ All API keys exhausted (rate limit on all)
[00:18:24] Summarizer: [DownloadWorker-1] SKIP (duplicate title): A soha véget nem érő űrverseny – For All...
[00:18:24] Image_Downloader: ❌ All API keys exhausted (rate limit on all)
[00:18:24] Summarizer: [DownloadWorker-9] SKIP (duplicate title): Indiana Approves Bitcoin Investments In ...
[00:18:26] Summarizer: [DownloadWorker-4] SKIP (duplicate title): Fordít a Fradi? Minden a Groupama Arénáb...
[00:18:27] Summarizer: [DownloadWorker-7] SKIP (duplicate title): [EXKLUZÍV] Ezek a filmek és sorozatok ér...
[00:18:28] Summarizer: [DownloadWorker-9] SKIP (duplicate title): NASA’s ESCAPADE Ready to Study Space Wea...
[00:18:29] Summarizer: [DownloadWorker-6] SKIP (duplicate title): Tavaszi riasztás – Ijesztő adatok érkezt...
[00:18:33] Summarizer: [DownloadWorker-9] SKIP (duplicate title): Üdvözlünk a Prog.Hu-n!...
[00:18:42] Summarizer: [Batch] No response from API (attempt 1/3)
[00:18:53] Summarizer: [Batch] No response from API (attempt 2/3)
[00:18:57] Summarizer: [Batch] Invalid JSON (attempt 1/3)
[00:18:57] Summarizer: [Batch] Invalid JSON error: No JSON payload found in response.
[00:18:57] Summarizer: [Batch] No JSON payload, but response is 566 chars - attempting repair...
[00:19:02] Summarizer: [DownloadWorker-6] SKIP (duplicate title): Waymo's Expansion Is Leaving Tesla In Th...
[00:19:03] Summarizer: [Batch] No response from API (attempt 3/3)
[00:19:08] Summarizer: [Batch] No response from API (attempt 1/3)
[00:19:11] Summarizer: [DownloadWorker-5] SKIP (duplicate title): Coincall Review 2026: Fees, Pros, Cons, ...
[00:19:14] Summarizer: [DownloadWorker-6] SKIP (duplicate title): Articles & Guides...
[00:19:16] Summarizer: [DownloadWorker-6] SKIP (duplicate title): Táplálkozási szakértők elárulták, ekkor ...
[00:19:16] Summarizer: [DownloadWorker-8] SKIP (duplicate title): Securing the AI software supply chain: S...
[00:19:18] Summarizer: [Batch] No response from API (attempt 2/3)
[00:19:22] Summarizer: [DownloadWorker-5] SKIP (duplicate title): Ha nincs, magának keres kihívást a Mazda...
[00:19:23] Summarizer: [DownloadWorker-7] SKIP (duplicate title): Minden fejlemény, amit a(z) időjárás tém...
[00:19:25] Summarizer: [DownloadWorker-4] SKIP (duplicate title): Citi Wants To Bring Bitcoin Into Traditi...
[00:19:25] Summarizer: [DownloadWorker-7] SKIP (duplicate title): Üdvözlünk a Prog.Hu-n!...
[00:19:27] Summarizer: [DownloadWorker-6] SKIP (duplicate title): Íme egy dinoszaurusz, ami könnyebb volt,...
[00:19:27] Summarizer: [DownloadWorker-9] SKIP (duplicate title): Megérkezett az Év Játéka díj egyik nagy ...
[00:19:27] Summarizer: [Batch] Minor issues fixed: 1
[00:19:28] Summarizer: [Batch] No response from API (attempt 3/3)
[00:19:29] Summarizer: [Batch] No response from API (attempt 1/3)
[00:19:29] Summarizer: [Batch] 1 item(s) missing from response → marked for reprocessing
[00:19:39] Summarizer: [Batch] No response from API (attempt 2/3)
[00:19:41] Summarizer: [Batch] 4 item(s) missing from response → marked for reprocessing
[00:19:49] Summarizer: [Batch] No response from API (attempt 3/3)
[00:19:53] Summarizer: [Batch] 2 item(s) missing from response → marked for reprocessing
[00:20:02] Summarizer: [DownloadWorker-5] SKIP (duplicate title): Computers Running Windows 10 Aren't Safe...
[00:20:04] Summarizer: [DownloadWorker-7] SKIP (duplicate title): The Subaru Uncharted Is The Electric Cro...
[00:20:07] Summarizer: [Batch] 2 item(s) missing from response → marked for reprocessing
[00:20:15] Summarizer: [DownloadWorker-5] SKIP (duplicate title): NASA Names Acting Leaders for Two Key Hu...
[00:20:15] Summarizer: [Batch] No response from API (attempt 1/3)
[00:20:19] Summarizer: [DownloadWorker-9] SKIP (duplicate title): Újabb adriai várossal bővül a Wizz Air n...
[00:20:22] Summarizer: [DownloadWorker-0] SKIP (duplicate title): The Password That Lets Caterpillars Hide...
[00:20:22] Summarizer: [DownloadWorker-9] SKIP (duplicate title): Kutatások szerint ezek a tevékenységek n...
[00:20:26] Summarizer: [Batch] No response from API (attempt 2/3)
[00:20:26] Summarizer: [DownloadWorker-4] SKIP (duplicate title): Légy különleges, de ne emlékezetes! — To...
[00:20:27] Summarizer: [DownloadWorker-1] SKIP (duplicate title): Több százezer nőt érint, mégis kevesen é...
[00:20:29] Summarizer: [DownloadWorker-1] SKIP (duplicate title): 10 felejthetetlen tavaszváró program a t...
[00:20:30] Summarizer: [DownloadWorker-8] SKIP (duplicate title): Üdvözlünk a Prog.Hu-n!...
[00:20:31] Summarizer: [DownloadWorker-7] SKIP (duplicate title): Először figyelték meg, ahogy zivatarok s...
[00:20:36] Summarizer: [Batch] No response from API (attempt 3/3)
[00:20:36] Summarizer: [Batch] No response from API (attempt 1/3)
[00:20:38] Summarizer: [Batch] 1 item(s) missing from response → marked for reprocessing
[00:20:46] Summarizer: [Batch] No response from API (attempt 2/3)
[00:20:49] Summarizer: [Batch] 3 item(s) missing from response → marked for reprocessing
[00:20:56] Summarizer: [Batch] No response from API (attempt 3/3)
[00:21:00] Summarizer: [Batch] Invalid JSON (attempt 1/3)
[00:21:00] Summarizer: [Batch] Invalid JSON error: json.loads failed (pass 1): Expecting property name enclosed in double quotes: line 5 column 665 (char 782)
[00:21:00] Summarizer: [Batch] Invalid JSON error: json.loads failed (pass 2): Expecting property name enclosed in double quotes: line 5 column 665 (char 782)
[00:21:00] Summarizer: [Batch] Invalid JSON error: json.loads failed (pass 3): Expecting property name enclosed in double quotes: line 5 column 665 (char 782)
[00:21:00] Summarizer: [Batch] Invalid JSON error: Iterative repair stuck at round 1: Expecting property name enclosed in double quotes: line 5 column 665 (char 782)
[00:21:00] Summarizer: [Batch] Invalid JSON error: Final parse error: JSONDecodeError('Expecting property name enclosed in double quotes: line 5 column 665 (char 782)')
[00:21:00] Summarizer: [Batch] Attempting JSON repair...
[00:21:16] Summarizer: [Batch] No response from API (attempt 1/3)
[00:21:17] Summarizer: [DownloadWorker-5] SKIP (duplicate title): Kritikák, videók, szereplők...
[00:21:23] Summarizer: [DownloadWorker-4] SKIP (duplicate title): Megy össze a motor!...
[00:21:26] Summarizer: [Batch] No response from API (attempt 2/3)
[00:21:33] Summarizer: [DownloadWorker-7] SKIP (duplicate title): Üdvözlünk a Prog.Hu-n!...
[00:21:36] Summarizer: [Batch] No response from API (attempt 3/3)
[00:21:39] Summarizer: [DownloadWorker-9] SKIP (duplicate title): Kihúzták az ötös lottó nyerőszámait, 5,1...
[00:22:11] Summarizer: [Batch] Invalid JSON (attempt 1/3)
[00:22:11] Summarizer: [Batch] Invalid JSON error: No JSON payload found in response.
[00:22:11] Summarizer: [Batch] Skipping repair: No JSON payload found (response too short).
[00:22:28] Summarizer: [DownloadWorker-2] SKIP (duplicate title): Kiderült: ezért nem engedik a légitársas...
[00:22:32] Summarizer: [DownloadWorker-2] SKIP (duplicate title): Háromszoros energiasűrűségű Li-ion akkum...
[00:22:33] Summarizer: [DownloadWorker-9] SKIP (duplicate title): Automate repository tasks with GitHub Ag...
[00:22:34] Summarizer: [DownloadWorker-0] SKIP (duplicate title): Minden fejlemény, amit a(z) buksza témáj...
[00:22:36] Summarizer: [DownloadWorker-0] SKIP (duplicate title): Üdvözlünk a Prog.Hu-n!...
[00:22:38] Summarizer: [DownloadWorker-2] SKIP (duplicate title): Már a születés előtt kimutatható lehet a...
[00:22:40] Summarizer: [DownloadWorker-1] SKIP (duplicate title): ROLLUP: Prediction Market War | Base Lea...
[00:22:41] Summarizer: [DownloadWorker-5] SKIP (duplicate title): Here Goes the Nothing Phone 4a – Nothing...
[00:22:42] Summarizer: [DownloadWorker-2] SKIP (duplicate title): Elindult az első európai műholdas mobils...
[00:23:00] Summarizer: [Batch] 3 item(s) missing from response → marked for reprocessing
[00:23:10] Summarizer: [Batch] 5 item(s) missing from response → marked for reprocessing
[00:23:18] Summarizer: [DownloadWorker-3] SKIP (duplicate title): Why Lucid Needs Its $50,000 Midsize EV M...
[00:23:33] Summarizer: [Batch] 2 item(s) missing from response → marked for reprocessing
[00:23:34] Summarizer: [DownloadWorker-0] SKIP (duplicate title): A more intelligent Android on Samsung Ga...
[00:23:34] Summarizer: [DownloadWorker-8] SKIP (duplicate title): Continuous AI in practice: What develope...
[00:23:35] Summarizer: [DownloadWorker-0] SKIP (duplicate title): Üdvözlünk a Prog.Hu-n!...
[00:23:37] Summarizer: [DownloadWorker-0] SKIP (duplicate title): Telex: Észkombájn...
[00:23:43] Summarizer: [DownloadWorker-5] SKIP (duplicate title): Articles & Guides...
[00:23:45] Summarizer: [Batch] 6 item(s) missing from response → marked for reprocessing
[00:23:58] Summarizer: [Batch] 2 item(s) missing from response → marked for reprocessing
[00:23:58] Summarizer: [GeminiSelenium] ⚠️ PAIRING FAIL: 'https://funzine.hu/2026/02/23/kult/7-szenzációs-klasszikus-zenei-előadás-budapesten-a-szimfóniák-szerelmeseinek/' not found. KEEPING ITEM (Fallback).
[00:24:21] Summarizer: [Batch] No response from API (attempt 1/3)
[00:24:28] Summarizer: [DownloadWorker-6] SKIP (duplicate title): Húszmillió dollártól a legbecsületesebb ...
[00:24:29] Summarizer: [DownloadWorker-6] SKIP (duplicate title): Egy filmes szakértő megszólalt az intim ...
[00:24:31] Summarizer: [DownloadWorker-6] SKIP (duplicate title): YouTube feed...
[00:24:36] Summarizer: [Batch] No response from API (attempt 2/3)
[00:24:37] Summarizer: [Batch] 1 item(s) missing from response → marked for reprocessing
[00:24:39] Summarizer: [DownloadWorker-4] SKIP (duplicate title): GitHub availability report: January 2026...
[00:24:39] Summarizer: [DownloadWorker-8] SKIP (duplicate title): Üdvözlünk a Prog.Hu-n!...
[00:24:42] Summarizer: [DownloadWorker-4] SKIP (duplicate title): A Nagyi titka: SD-WAN...
[00:24:53] Summarizer: [DownloadWorker-0] SKIP (duplicate title): Hengerleállás, DPF-hiba röviddel vásárlá...
[00:24:54] Summarizer: [DownloadWorker-1] SKIP (duplicate title): Articles & Guides...
[00:24:55] Summarizer: [DownloadWorker-0] SKIP (duplicate title): Minden fejlemény, amit a(z) nyugdíj témá...
[00:24:57] Summarizer: [DownloadWorker-5] SKIP (duplicate title): Üdvözlünk a Prog.Hu-n!...
[00:25:05] Summarizer: [Batch] 1 item(s) missing from response → marked for reprocessing
[00:25:07] Summarizer: [Batch] 2 item(s) missing from response → marked for reprocessing
[00:25:40] Summarizer: [DownloadWorker-8] SKIP (duplicate title): Welcome to the Eternal September of open...
[00:25:41] Summarizer: [DownloadWorker-6] SKIP (duplicate title): Hatalmas Star Wars könyvdömping vár a ma...
[00:25:45] Summarizer: [DownloadWorker-3] SKIP (duplicate title): Minden fejlemény, amit a(z) tőzsde témáj...
[00:25:47] Summarizer: [DownloadWorker-6] SKIP (duplicate title): Üdvözlünk a Prog.Hu-n!...
[00:25:52] Summarizer: [Batch] Minor issues fixed: 1
[00:25:57] Summarizer: [DownloadWorker-2] SKIP (duplicate title): Articles & Guides...
[00:25:59] Summarizer: [DownloadWorker-2] SKIP (duplicate title): Legjobb filmek...
[00:26:15] Summarizer: [Batch] 1 item(s) missing from response → marked for reprocessing
[00:26:40] Summarizer: [DownloadWorker-1] SKIP (duplicate title): Bitwave Crypto Software Review : Crypto ...
[00:26:43] Summarizer: [DownloadWorker-0] SKIP (duplicate title): 2025: új szellők, fényes szellők...
[00:26:44] Summarizer: [DownloadWorker-1] SKIP (duplicate title): Nem a legjobb, de megengedheti magának —...
[00:26:47] Summarizer: [DownloadWorker-0] SKIP (duplicate title): Üdvözlünk a Prog.Hu-n!...
[00:26:49] Summarizer: [DownloadWorker-1] SKIP (duplicate title): Telex: Észkombájn...
[00:26:50] Summarizer: [DownloadWorker-1] SKIP (duplicate title): Forradalmi megoldást találtak a tudósok ...
[00:27:06] Summarizer: [DownloadWorker-7] SKIP (duplicate title): Articles & Guides...
[00:27:15] Summarizer: [DownloadWorker-7] SKIP (duplicate title): Öt literrel beéri az Omoda 5 új, hibrid ...
[00:27:22] Summarizer: [Batch] No response from API (attempt 1/3)
[00:27:27] Summarizer: [Batch] Invalid JSON (attempt 1/3)
[00:27:27] Summarizer: [Batch] Invalid JSON error: No JSON payload found in response.
[00:27:27] Summarizer: [Batch] No JSON payload, but response is 568 chars - attempting repair...
[00:27:43] Summarizer: [DownloadWorker-8] SKIP (duplicate title): Buy Dogecoin: Cheapest DOGE at Top 4 Exc...
[00:27:46] Summarizer: [DownloadWorker-8] SKIP (duplicate title): Üdvözlünk a Prog.Hu-n!...
[00:27:49] Summarizer: [DownloadWorker-3] SKIP (duplicate title): Exhibition on Screen: Caravaggio (film, ...
[00:27:50] Summarizer: [Batch] 1 item(s) missing from response → marked for reprocessing
[00:27:55] Summarizer: [DownloadWorker-4] SKIP (duplicate title): A botrány után a Ring visszalép a Flock ...
[00:27:58] Summarizer: [DownloadWorker-4] SKIP (duplicate title): Minden fejlemény, amit a(z) video témájá...
[00:28:11] Summarizer: [DownloadWorker-2] SKIP (duplicate title): Samsung Galaxy Unpacked 2026: The Galaxy...
[00:28:12] Summarizer: [DownloadWorker-2] SKIP (duplicate title): Üdvözlünk a Prog.Hu-n!...
[00:28:15] Summarizer: [DownloadWorker-2] SKIP (duplicate title): Top100 - Minden idők legjobb romantikus ...
[00:28:17] Summarizer: [DownloadWorker-2] SKIP (duplicate title): Kívül furcsa, belül okos...
[00:28:22] Summarizer: [DownloadWorker-2] SKIP (duplicate title): Üdvözlünk a Prog.Hu-n!...
[00:28:24] Summarizer: [DownloadWorker-2] SKIP (duplicate title): Telex: Péli-Koroknai Gergely...
[00:28:27] Summarizer: [Batch] 2 item(s) missing from response → marked for reprocessing
[00:28:29] Summarizer: [DownloadWorker-2] SKIP (duplicate title): Huszonhat év után végre magyarul is olva...
[00:28:30] Summarizer: [DownloadWorker-2] SKIP (duplicate title): Mi lesz veled új KRESZ?...
[00:28:34] Summarizer: [DownloadWorker-2] SKIP (duplicate title): Üdvözlünk a Prog.Hu-n!...
[00:28:39] Summarizer: [Batch] 1 item(s) missing from response → marked for reprocessing
[00:28:41] Summarizer: [DownloadWorker-2] SKIP (duplicate title): A csúcskategóriás telefonok már elég jók...
[00:28:44] Summarizer: [DownloadWorker-5] SKIP (duplicate title): Crypto Leverage And Margin Trading: Fees...
[00:28:44] Summarizer: [DownloadWorker-2] SKIP (duplicate title): Minden fejlemény, amit a(z) felsőoktatás...
[00:28:46] Summarizer: [Batch] 1 item(s) missing from response → marked for reprocessing
[00:29:13] Summarizer: [DownloadWorker-9] SKIP (duplicate title): Neve Campbell Has a 'Great Idea' for Scr...
[00:29:17] Summarizer: [DownloadWorker-0] SKIP (duplicate title): Ma Is Tanultam Valamit...
[00:29:49] Summarizer: [DownloadWorker-0] SKIP (duplicate title): Szemét dolog a szorongás, megakadályozza...
[00:30:06] Summarizer: [DownloadWorker-1] SKIP (duplicate title): Egy curlingkő 325 ezer forint, és a föld...
[00:30:10] Summarizer: [DownloadWorker-2] SKIP (duplicate title): Itt az élőszereplős Pókember-tévésorozat...
[00:30:21] Summarizer: [DownloadWorker-5] SKIP (duplicate title): A gyors böngészés nem minden, életeket m...
[00:30:22] Summarizer: [Batch] 🔧 No balanced array found, but recovered 1 individual object(s)
[00:30:22] Summarizer: [Batch] 1 item(s) missing from response → marked for reprocessing
[00:30:36] Summarizer: [DownloadWorker-2] SKIP (duplicate title): A legrosszabb Sikoly a második legtöbb b...
[00:30:47] Summarizer: [DownloadWorker-3] SKIP (duplicate title): Rekord bevételről számolt be az Nvidia, ...
[00:30:53] Summarizer: [Perplexity] ⚠️ PAIRING FAIL: 'https://24.hu/belfold/2026/02/25/a-nap-legfontosabb-hirei-2026-02-25/' not found. KEEPING ITEM (Fallback).
[00:30:53] Summarizer: [Perplexity] ⚠️ PAIRING FAIL: 'https://dailynewshungary.com/top-hungary-news-on-27-february-2026/' not found. KEEPING ITEM (Fallback).
[00:31:08] Summarizer: [Batch] Invalid JSON (attempt 1/3)
[00:31:08] Summarizer: [Batch] Invalid JSON error: No JSON payload found in response.
[00:31:08] Summarizer: [Batch] Skipping repair: No JSON payload found (response too short).
[00:31:21] Summarizer: [Batch] No response from API (attempt 1/3)
[00:31:23] Summarizer: [DownloadWorker-8] SKIP (duplicate title): Megvisel minket a Föld szívverése?...
[00:31:53] Summarizer: [Batch] Invalid JSON (attempt 2/3)
[00:31:53] Summarizer: [Batch] Invalid JSON error: JSON payload exists but could not extract a balanced JSON array segment.
[00:34:58] Summarizer: TIMEOUT (180s) - backend call took too long
[00:34:58] Summarizer: [Batch] No response from API (attempt 3/3)
[00:54:26] Image_Downloader: ❌ All API keys exhausted (rate limit on all)
[00:54:26] Image_Downloader: ❌ All API keys exhausted (rate limit on all)
[00:54:26] Image_Downloader: ❌ All API keys exhausted (rate limit on all)
[00:54:26] Image_Downloader: ❌ All API keys exhausted (rate limit on all)
[00:54:26] Image_Downloader: ❌ All API keys exhausted (rate limit on all)
[00:54:26] Image_Downloader: ❌ All API keys exhausted (rate limit on all)
[00:54:27] Image_Downloader: ❌ All API keys exhausted (rate limit on all)
[00:54:27] Image_Downloader: ❌ All API keys exhausted (rate limit on all)
[00:54:27] Image_Downloader: ❌ All API keys exhausted (rate limit on all)
[00:54:28] Image_Downloader: ❌ All API keys exhausted (rate limit on all)
[00:54:28] Image_Downloader: ❌ All API keys exhausted (rate limit on all)
[00:54:28] Image_Downloader: ❌ All API keys exhausted (rate limit on all)
[00:54:29] Image_Downloader: ❌ All API keys exhausted (rate limit on all)
[00:54:30] Image_Downloader: ❌ All API keys exhausted (rate limit on all)
[00:54:30] Image_Downloader: ❌ All API keys exhausted (rate limit on all)
[00:54:31] Image_Downloader: ❌ All API keys exhausted (rate limit on all)
[00:54:33] Image_Downloader: ❌ All API keys exhausted (rate limit on all)
[00:54:33] Image_Downloader: ❌ All API keys exhausted (rate limit on all)
[00:54:33] Image_Downloader: ❌ All API keys exhausted (rate limit on all)
[00:54:33] Image_Downloader: ❌ All API keys exhausted (rate limit on all)
