
--- RSS Fetch Errors at 2026-07-05 00:01:21 ---
Error fetching https://techpowerup.com/rss/news: HTTP Error 403: 
Error fetching https://www.drive.com.au/feed/: HTTP Error 403: 
Error fetching https://leetgaming.com/feed/: Failed to perform, curl: (28) Connection timed out after 10003 milliseconds. See https://curl.se/libcurl/c/libcurl-errors.html first for more details.
Error fetching https://cliffhanger.hu/feed: HTTP Error 403: 
Error fetching https://femina.hu/feed: HTTP Error 404: Not Found
Error fetching https://velvet.hu/feed: HTTP Error 404: Not Found
Error fetching https://instylemen.hu/feed: HTTP Error 404: 
Error fetching https://index.hu/tudomany/til/rss/: Failed to perform, curl: (28) Connection timed out after 10003 milliseconds. See https://curl.se/libcurl/c/libcurl-errors.html first for more details.
Error fetching https://hwsw.hu/hirek/rss: HTTP Error 404: 
[00:04:36] Summarizer: [DownloadWorker-7] SKIP (duplicate title): Mi volt a hét csalódása?...
[00:04:38] Summarizer: [DownloadWorker-6] SKIP (duplicate title): Milk Road...

--- RSS Fetch Errors at 2026-07-05 00:04:42 ---
Error fetching https://index.hu/tudomany/rss/: Failed to perform, curl: (28) Connection timed out after 10003 milliseconds. See https://curl.se/libcurl/c/libcurl-errors.html first for more details.
Error fetching https://telex.hu/rss/archivum?filters=%7B%22superTagSlugs%22%3A%5B%22eszkombajn%22%5D%2C%22parentId%22%3A%5B%22null%22%5D%7D&perPage=10: Failed to perform, curl: (28) Resolving timed out after 10003 milliseconds. See https://curl.se/libcurl/c/libcurl-errors.html first for more details.
Error fetching https://telex.hu/rss: Failed to perform, curl: (28) Connection timed out after 10003 milliseconds. See https://curl.se/libcurl/c/libcurl-errors.html first for more details.
Error fetching https://leetgaming.com/feed/: Failed to perform, curl: (28) Connection timed out after 10003 milliseconds. See https://curl.se/libcurl/c/libcurl-errors.html first for more details.
Error fetching https://sg.hu/plain/rss.xml: Failed to perform, curl: (28) Connection timed out after 10003 milliseconds. See https://curl.se/libcurl/c/libcurl-errors.html first for more details.
Error fetching https://444.hu/feed: Failed to perform, curl: (28) Connection timed out after 10002 milliseconds. See https://curl.se/libcurl/c/libcurl-errors.html first for more details.
Error fetching https://www.drive.com.au/feed/: HTTP Error 403: 
Error fetching https://hwsw.hu/xml/latest_news_rss.xml: Failed to perform, curl: (28) Connection timed out after 10002 milliseconds. See https://curl.se/libcurl/c/libcurl-errors.html first for more details.
Error fetching https://www.nasa.gov/rss/dyn/breaking_news.rss: Failed to perform, curl: (56) Connection closed abruptly. See https://curl.se/libcurl/c/libcurl-errors.html first for more details.
Error fetching https://techpowerup.com/rss/news: HTTP Error 403: 
Error fetching https://github.blog/feed/: Failed to perform, curl: (28) Connection timed out after 10003 milliseconds. See https://curl.se/libcurl/c/libcurl-errors.html first for more details.
Error fetching https://insideevs.com/rss/news/all/: Failed to perform, curl: (28) Connection timed out after 10000 milliseconds. See https://curl.se/libcurl/c/libcurl-errors.html first for more details.
Error fetching https://sg.hu/rss: Failed to perform, curl: (28) Operation timed out after 25003 milliseconds with 0 bytes received. See https://curl.se/libcurl/c/libcurl-errors.html first for more details.
Error fetching https://www.forbes.com/most-popular/feed/: Failed to perform, curl: (28) Connection timed out after 10002 milliseconds. See https://curl.se/libcurl/c/libcurl-errors.html first for more details.
Error fetching https://techcrunch.com/feed: Failed to perform, curl: (56) Connection closed abruptly. See https://curl.se/libcurl/c/libcurl-errors.html first for more details.
Error fetching https://hvg.hu/rss: Failed to perform, curl: (28) Connection timed out after 10002 milliseconds. See https://curl.se/libcurl/c/libcurl-errors.html first for more details.
Error fetching https://feeds.feedburner.com/ign/tech-articles: Failed to perform, curl: (28) Connection timed out after 10003 milliseconds. See https://curl.se/libcurl/c/libcurl-errors.html first for more details.
Error fetching https://velvet.hu/feed: HTTP Error 404: Not Found
Error fetching https://femina.hu/feed: HTTP Error 404: Not Found
Error fetching https://cliffhanger.hu/feed: HTTP Error 403: 
Error fetching https://instylemen.hu/feed: HTTP Error 404: 
Error fetching https://www.maxim.com/feed: Failed to perform, curl: (28) Resolving timed out after 10001 milliseconds. See https://curl.se/libcurl/c/libcurl-errors.html first for more details.
Error fetching https://hwsw.hu/hirek/rss: Failed to perform, curl: (28) Connection timed out after 10002 milliseconds. See https://curl.se/libcurl/c/libcurl-errors.html first for more details.
Error fetching https://wallstreetzen.com/blog/feed/: Failed to perform, curl: (7) Failed to connect to www.wallstreetzen.com port 443 after 2098 ms: Could not connect to server. See https://curl.se/libcurl/c/libcurl-errors.html first for more details.
[00:04:48] Summarizer: [DownloadWorker-6] SKIP (duplicate title): Melyik volt a hét legjobb sorozatepizódj...
[00:04:49] Summarizer: [DownloadWorker-9] SKIP (duplicate title): This Week In Space podcast: Episode 217 ...
[00:04:50] Summarizer: [DownloadWorker-3] SKIP (duplicate title): Milk Road...
[00:04:54] Summarizer: [Batch] 1 item(s) missing from response → marked for reprocessing
[00:04:55] Summarizer: [DownloadWorker-1] SKIP (duplicate title): Milk Road...
[00:04:55] Summarizer: [DownloadWorker-5] SKIP (duplicate title): Melyik volt a hét legjobb sorozatepizódj...
[00:04:58] Summarizer: [DownloadWorker-0] SKIP (duplicate title): Milk Road...
[00:05:04] Summarizer: [DownloadWorker-4] SKIP (duplicate title): Milk Road...
[00:05:05] Summarizer: [DownloadWorker-9] SKIP (duplicate title): This Week In Space podcast: Episode 217 ...
[00:05:05] Summarizer: [DownloadWorker-4] SKIP (duplicate title): Milk Road...
[00:05:06] Summarizer: [MissingDetector] ⚠️ PAIRING FAIL: 'https://www.gsplus.hu/hir/star-wars-galactic-racer-matt-webster-dlc-kampany-384581.html' not found. KEEPING ITEM (Fallback).
[00:05:06] Summarizer: [MissingDetector] ⚠️ PAIRING FAIL: 'https://cointelegraph.com/news/world-cup-drives-prediction-markets-to-record-june-trading-volumes?utm_source=rss_feed&utm_campaign=rss_partner_inbound' not found. KEEPING ITEM (Fallback).
[00:05:06] Summarizer: [Batch] 2 item(s) missing from response → marked for reprocessing
[00:05:06] Summarizer: [FreeGeminiAPI_1] ⚠️ PAIRING FAIL: 'https://www.gsplus.hu/hir/star-wars-galactic-racer-matt-webster-dlc-kampany-384581.html' not found. KEEPING ITEM (Fallback).
[00:05:06] Summarizer: [FreeGeminiAPI_1] ⚠️ PAIRING FAIL: 'https://cointelegraph.com/news/world-cup-drives-prediction-markets-to-record-june-trading-volumes?utm_source=rss_feed&utm_campaign=rss_partner_inbound' not found. KEEPING ITEM (Fallback).
[00:05:10] Summarizer: [Batch] 2 item(s) missing from response → marked for reprocessing
[00:05:10] Summarizer: [DownloadWorker-6] SKIP (duplicate title): Milk Road...
[00:05:11] Summarizer: [DownloadWorker-0] SKIP (duplicate title): Quordle Hints Today: Sunday, July 5 Clue...
[00:05:11] Summarizer: [Batch] 1 item(s) missing from response → marked for reprocessing
[00:05:12] Summarizer: [DownloadWorker-2] SKIP (duplicate title): Milk Road...
[00:05:12] Summarizer: [Batch] 2 item(s) missing from response → marked for reprocessing
[00:05:18] Summarizer: [Batch] 2 item(s) missing from response → marked for reprocessing
[00:05:19] Summarizer: [DownloadWorker-6] SKIP (duplicate title): Milk Road...
[00:05:22] Summarizer: [DownloadWorker-6] SKIP (duplicate title): Milk Road...
[00:05:23] Summarizer: [MissingDetector] ⚠️ PAIRING FAIL: 'https://marieclaire.hu/egeszseg/20260704/oregedes-visszaforditasa-tudomany/' not found. KEEPING ITEM (Fallback).
[00:05:23] Summarizer: [Batch] 1 item(s) missing from response → marked for reprocessing
[00:05:23] Summarizer: [FreeGeminiAPI_2] ⚠️ PAIRING FAIL: 'https://marieclaire.hu/egeszseg/20260704/oregedes-visszaforditasa-tudomany/' not found. KEEPING ITEM (Fallback).
[00:05:24] Summarizer: [DownloadWorker-8] SKIP (duplicate title): Milk Road...
[00:05:29] Summarizer: [DownloadWorker-4] SKIP (duplicate title): Milk Road...
[00:05:30] Summarizer: [DownloadWorker-9] SKIP (duplicate title): Milk Road...
[00:05:34] Summarizer: [MissingDetector] ⚠️ PAIRING FAIL: 'https://nlc.hu/eletmod/20260704/csotany-lakas-bejutas/' not found. KEEPING ITEM (Fallback).
[00:05:34] Summarizer: [Batch] 2 item(s) missing from response → marked for reprocessing
[00:05:34] Summarizer: [FreeGeminiAPI_2] ⚠️ PAIRING FAIL: 'https://nlc.hu/eletmod/20260704/csotany-lakas-bejutas/' not found. KEEPING ITEM (Fallback).
[00:05:35] Summarizer: [DownloadWorker-3] SKIP (duplicate title): Milk Road...
[00:05:36] Summarizer: [Batch] 1 item(s) missing from response → marked for reprocessing
[00:05:37] Summarizer: [DownloadWorker-6] SKIP (duplicate title): Milk Road...
[00:05:38] Summarizer: [DownloadWorker-6] SKIP (duplicate title): Milk Road...
[00:05:45] Summarizer: [DownloadWorker-8] SKIP (duplicate title): Milk Road...
[00:05:46] Summarizer: [DownloadWorker-3] SKIP (duplicate title): Milk Road...
[00:05:52] Summarizer: [DownloadWorker-4] SKIP (duplicate title): Milk Road...
[00:05:52] Summarizer: [MissingDetector] ⚠️ PAIRING FAIL: 'https://www.portfolio.hu/global/20260704/lecsapott-a-hokupola-pokoli-hoseg-miatt-maradnak-el-a-julius-4-ei-rendezvenyek-az-egyesult-allamok-847612' not found. KEEPING ITEM (Fallback).
[00:05:52] Summarizer: [Batch] 2 item(s) missing from response → marked for reprocessing
[00:05:52] Summarizer: [FreeGeminiAPI_3] ⚠️ PAIRING FAIL: 'https://www.portfolio.hu/global/20260704/lecsapott-a-hokupola-pokoli-hoseg-miatt-maradnak-el-a-julius-4-ei-rendezvenyek-az-egyesult-allamok-847612' not found. KEEPING ITEM (Fallback).
[00:05:53] Summarizer: [MissingDetector] ⚠️ PAIRING FAIL: 'https://index.hu/mindekebben/poszt/2026/07/04/a-digitalis-jatekok-sotet-jovoje-nagy-dillemmaja/' not found. KEEPING ITEM (Fallback).
[00:05:53] Summarizer: [Batch] 2 item(s) missing from response → marked for reprocessing
[00:05:53] Summarizer: [FreeGeminiAPI_1] ⚠️ PAIRING FAIL: 'https://index.hu/mindekebben/poszt/2026/07/04/a-digitalis-jatekok-sotet-jovoje-nagy-dillemmaja/' not found. KEEPING ITEM (Fallback).
[00:06:00] Summarizer: [DownloadWorker-7] SKIP (duplicate title): Milk Road...
[00:06:00] Summarizer: [Batch] 1 item(s) missing from response → marked for reprocessing
[00:06:02] Summarizer: [DownloadWorker-6] SKIP (duplicate title): Milk Road...
[00:06:03] Summarizer: [DownloadWorker-7] SKIP (duplicate title): Milk Road...
[00:06:05] Summarizer: [DownloadWorker-8] SKIP (duplicate title): Quordle Hints Today: Sunday, July 5 Clue...
[00:06:08] Summarizer: [DownloadWorker-1] SKIP (duplicate title): Milk Road...
[00:06:11] Summarizer: [DownloadWorker-9] SKIP (duplicate title): Milk Road...
[00:06:17] Summarizer: [DownloadWorker-8] SKIP (duplicate title): Milk Road...
[00:06:20] Summarizer: [DownloadWorker-2] SKIP (duplicate title): Milk Road...
[00:06:23] Summarizer: Reprocessing 5 pairing failures from data.json
[00:06:28] Summarizer: [DownloadWorker-6] SKIP (duplicate title): Milk Road...
[00:06:33] Summarizer: Reprocessing 1 pairing failures from data.json
[00:07:40] Image_Downloader: Download failed (https://marieclaire.hu/wp-content/uploads/2024/05/meduza-oregedes.jpg): 404 Client Error: Not Found for url: https://marieclaire.hu/wp-content/uploads/2024/05/meduza-oregedes.jpg
