[01:00:06] Summarizer: [DownloadWorker-4] SKIP (duplicate title): Femina.hu...
[01:00:12] Summarizer: [DownloadWorker-2] SKIP (duplicate title): TV műsor...
[01:00:15] Summarizer: [DownloadWorker-6] SKIP (duplicate title): Ezt nézték a magyar Netflix-felhasználók...
[01:00:30] Summarizer: [DownloadWorker-2] SKIP (duplicate title): BYD is upgrading its top selling EVs wit...
[01:00:34] Summarizer: [DownloadWorker-0] SKIP (duplicate title): The Tiny Firebat AM02 Ryzen 5 6600H Mini...
[01:00:37] Summarizer: [DownloadWorker-1] SKIP (duplicate title): Femina.hu...
[01:00:41] Summarizer: [DownloadWorker-8] SKIP (duplicate title): Délelőtti videó 3.: Falling...
[01:00:43] Summarizer: [Batch] 1 item(s) missing from response → marked for reprocessing
[01:00:54] Summarizer: [Batch] 4 item(s) missing from response → marked for reprocessing
[01:00:56] Summarizer: [DownloadWorker-9] SKIP (duplicate title): Femina.hu...
[01:01:00] Summarizer: [DownloadWorker-8] SKIP (duplicate title): Horoszkóp | nlc...
[01:01:12] Summarizer: [Batch] 2 item(s) missing from response → marked for reprocessing
[01:01:12] Summarizer: [DownloadWorker-9] SKIP (duplicate title): Femina.hu...
[01:01:35] Summarizer: [DownloadWorker-0] SKIP (duplicate title): This TSA-Compliant 28,000mAh 100W LiFePO...
[01:01:35] Summarizer: [DownloadWorker-3] SKIP (duplicate title): Femina.hu...
[01:01:39] Summarizer: [DownloadWorker-1] SKIP (duplicate title): Délelőtti videó 4.: Parkműsor: Az elvesz...
[01:01:42] Summarizer: [DownloadWorker-9] SKIP (duplicate title): MoonPay Acquires Dawn Labs, Launches AI ...
[01:01:51] Summarizer: [DownloadWorker-0] SKIP (duplicate title): Femina.hu...
[01:01:55] Summarizer: [DownloadWorker-0] SKIP (duplicate title): A nap legfontosabb hírei – 2026. május 1...
[01:01:58] Summarizer: [DownloadWorker-2] SKIP (duplicate title): Ezeket a filmeket és sorozatokat ne hagy...
[01:01:59] Summarizer: [DownloadWorker-3] SKIP (duplicate title): Femina.hu...
[01:02:04] Summarizer: [Batch] 1 item(s) missing from response → marked for reprocessing
[01:02:10] Summarizer: [DownloadWorker-8] SKIP (duplicate title): Femina.hu...
[01:02:11] Summarizer: [DownloadWorker-7] SKIP (duplicate title): Horoszkóp | nlc...
[01:02:16] Summarizer: [DownloadWorker-2] SKIP (duplicate title): Ezeket a filmeket ajánljuk a tévében hét...
[01:02:19] Summarizer: [Batch] 2 item(s) missing from response → marked for reprocessing
[01:02:19] Summarizer: [DownloadWorker-0] SKIP (duplicate title): Femina.hu...
[01:02:20] Summarizer: [DownloadWorker-2] SKIP (duplicate title): Második gyermekét várja a Ginny & Georgi...
[01:02:25] Summarizer: [DownloadWorker-9] SKIP (duplicate title): Femina.hu...
[01:02:28] Summarizer: [Batch] 1 item(s) missing from response → marked for reprocessing
[01:02:30] Summarizer: [DownloadWorker-3] SKIP (duplicate title): Femina.hu...
[01:02:35] Summarizer: [Batch] 2 item(s) missing from response → marked for reprocessing
[01:02:45] Summarizer: [Batch] 1 item(s) missing from response → marked for reprocessing
[01:03:17] Summarizer: [MissingDetector] ⚠️ PAIRING FAIL: 'https://www.mafab.hu/hu/article/no-1-az-hbo-maxon-rakaptak-a-magyar-nezok-a-sztarokkal-keszult-2025-os-romantikus-filmre-03' not found. KEEPING ITEM (Fallback).
[01:03:17] Summarizer: [Batch] 1 item(s) missing from response → marked for reprocessing
[01:03:17] Summarizer: [FreeGeminiAPI_1] ⚠️ PAIRING FAIL: 'https://www.mafab.hu/hu/article/no-1-az-hbo-maxon-rakaptak-a-magyar-nezok-a-sztarokkal-keszult-2025-os-romantikus-filmre-03' not found. KEEPING ITEM (Fallback).
[01:03:47] Image_Downloader: Download failed (https://www.mafab.hu/static/files/images/fb-custom-share/tara.jpg): 404 Client Error: Not Found for url: https://www.mafab.hu/static/files/images/fb-custom-share/tara.jpg
[01:03:54] Summarizer: TIMEOUT (180s) - backend call took too long
[01:03:54] Summarizer: [Batch] No response from API (attempt 1/3)
[01:04:19] Summarizer: [Batch] 3 item(s) missing from response → marked for reprocessing
[01:05:26] Summarizer: [Batch] 1 item(s) missing from response → marked for reprocessing
[01:05:30] Summarizer: [Batch] 1 item(s) missing from response → marked for reprocessing
[01:05:42] Summarizer: [Batch] 1 item(s) missing from response → marked for reprocessing
[01:05:57] Summarizer: [Batch] 2 item(s) missing from response → marked for reprocessing
[01:05:58] Summarizer: [Batch] 2 item(s) missing from response → marked for reprocessing
[01:06:04] Summarizer: [Batch] 1 item(s) missing from response → marked for reprocessing
[01:07:51] Summarizer: [Batch] 1 item(s) missing from response → marked for reprocessing
[01:07:59] Summarizer: [Batch] 3 item(s) missing from response → marked for reprocessing
[01:08:42] Summarizer: [MissingDetector] ⚠️ PAIRING FAIL: 'https://www.forbes.com/sites/noelburgess/2026/05/11/seattle-southside-sports-travel-hack-15-minutes-from-seattle/' not found. KEEPING ITEM (Fallback).
[01:08:42] Summarizer: [Batch] 1 item(s) missing from response → marked for reprocessing
[01:08:42] Summarizer: [FreeGeminiAPI_1] ⚠️ PAIRING FAIL: 'https://www.forbes.com/sites/noelburgess/2026/05/11/seattle-southside-sports-travel-hack-15-minutes-from-seattle/' not found. KEEPING ITEM (Fallback).
[01:08:50] Summarizer: [Batch] 2 item(s) missing from response → marked for reprocessing
[01:09:14] Summarizer: [Batch] 2 item(s) missing from response → marked for reprocessing
[01:09:44] Summarizer: [Batch] 2 item(s) missing from response → marked for reprocessing
[01:09:59] Summarizer: [MissingDetector] ⚠️ PAIRING FAIL: 'https://ng.24.hu/kultura/20260511/skocia-mesterseges-sziget-crannog/' not found. KEEPING ITEM (Fallback).
[01:09:59] Summarizer: [Batch] 4 item(s) missing from response → marked for reprocessing
[01:09:59] Summarizer: [FreeGeminiAPI_3] ⚠️ PAIRING FAIL: 'https://ng.24.hu/kultura/20260511/skocia-mesterseges-sziget-crannog/' not found. KEEPING ITEM (Fallback).
[01:10:00] Summarizer: [Batch] 3 item(s) missing from response → marked for reprocessing
[01:12:14] Summarizer: TIMEOUT (180s) - backend call took too long
[01:12:14] Summarizer: [Batch] No response from API (attempt 1/3)
[01:13:05] Summarizer: Reprocessing 2 pairing failures from data.json
[01:21:27] Image_Downloader: Download failed (https://raw.githubusercontent.com/Derushir/Kepek/main/67c6357751300334f52e35f893ac854f/news/krasznahorkai-laszlo-vehette-at-az-idei-artisjus-irodalmi-na.jpg): 404 Client Error: Not Found for url: https://raw.githubusercontent.com/Derushir/Kepek/main/67c6357751300334f52e35f893ac854f/news/krasznahorkai-laszlo-vehette-at-az-idei-artisjus-irodalmi-na.jpg
[01:21:27] Image_Downloader: Download failed (https://raw.githubusercontent.com/Derushir/Kepek/main/67c6357751300334f52e35f893ac854f/news/rolls-royce-repulogep-hajtomuvel-bovult-a-kozlekedesi-muzeum.jpg): 404 Client Error: Not Found for url: https://raw.githubusercontent.com/Derushir/Kepek/main/67c6357751300334f52e35f893ac854f/news/rolls-royce-repulogep-hajtomuvel-bovult-a-kozlekedesi-muzeum.jpg
[01:21:27] Image_Downloader: Download failed (https://raw.githubusercontent.com/Derushir/Kepek/main/67c6357751300334f52e35f893ac854f/news/forradalmi-hatekonysag-a-baidu-uj-ai-modellje-94-szazalekkal.jpg): 404 Client Error: Not Found for url: https://raw.githubusercontent.com/Derushir/Kepek/main/67c6357751300334f52e35f893ac854f/news/forradalmi-hatekonysag-a-baidu-uj-ai-modellje-94-szazalekkal.jpg
[01:21:27] Image_Downloader: Download failed (https://raw.githubusercontent.com/Derushir/Kepek/main/67c6357751300334f52e35f893ac854f/news/uj-lada-suv-tervrajzai-bukkantak-fel-orosz-szabadalmi-dokume.jpg): 404 Client Error: Not Found for url: https://raw.githubusercontent.com/Derushir/Kepek/main/67c6357751300334f52e35f893ac854f/news/uj-lada-suv-tervrajzai-bukkantak-fel-orosz-szabadalmi-dokume.jpg
[01:21:27] Image_Downloader: Download failed (https://raw.githubusercontent.com/Derushir/Kepek/main/67c6357751300334f52e35f893ac854f/news/milyen-mertekben-csokken-egy-elektromos-auto-hatotavja-50-ez.jpg): 404 Client Error: Not Found for url: https://raw.githubusercontent.com/Derushir/Kepek/main/67c6357751300334f52e35f893ac854f/news/milyen-mertekben-csokken-egy-elektromos-auto-hatotavja-50-ez.jpg
[01:21:27] Image_Downloader: Download failed (https://raw.githubusercontent.com/Derushir/Kepek/main/67c6357751300334f52e35f893ac854f/news/langolo-tartalykocsi-okozott-kaoszt-a-sziriai-hasakah-belvar.jpg): 404 Client Error: Not Found for url: https://raw.githubusercontent.com/Derushir/Kepek/main/67c6357751300334f52e35f893ac854f/news/langolo-tartalykocsi-okozott-kaoszt-a-sziriai-hasakah-belvar.jpg
[01:21:27] Image_Downloader: Download failed (https://raw.githubusercontent.com/Derushir/Kepek/main/67c6357751300334f52e35f893ac854f/news/surgos-intezkedeseket-iger-az-azbesztszennyezes-ugyeben-a-le.jpg): 404 Client Error: Not Found for url: https://raw.githubusercontent.com/Derushir/Kepek/main/67c6357751300334f52e35f893ac854f/news/surgos-intezkedeseket-iger-az-azbesztszennyezes-ugyeben-a-le.jpg
[01:21:27] Image_Downloader: Download failed (https://raw.githubusercontent.com/Derushir/Kepek/main/67c6357751300334f52e35f893ac854f/news/kulfoldi-autos-kalandturak-nepszerusege-ujra-hodit-a-szabads.jpg): 404 Client Error: Not Found for url: https://raw.githubusercontent.com/Derushir/Kepek/main/67c6357751300334f52e35f893ac854f/news/kulfoldi-autos-kalandturak-nepszerusege-ujra-hodit-a-szabads.jpg
[01:21:27] Image_Downloader: Download failed (https://raw.githubusercontent.com/Derushir/Kepek/main/67c6357751300334f52e35f893ac854f/news/ausztral-tesztek-buktattak-le-az-uj-audi-a6-allroad-prototip.jpg): 404 Client Error: Not Found for url: https://raw.githubusercontent.com/Derushir/Kepek/main/67c6357751300334f52e35f893ac854f/news/ausztral-tesztek-buktattak-le-az-uj-audi-a6-allroad-prototip.jpg
[01:21:27] Image_Downloader: Download failed (https://raw.githubusercontent.com/Derushir/Kepek/main/67c6357751300334f52e35f893ac854f/news/a-sajat-mesterseges-intelligenciaja-a-grok-cafolta-meg-elon-.jpg): 404 Client Error: Not Found for url: https://raw.githubusercontent.com/Derushir/Kepek/main/67c6357751300334f52e35f893ac854f/news/a-sajat-mesterseges-intelligenciaja-a-grok-cafolta-meg-elon-.jpg
[01:21:27] Image_Downloader: Download failed (https://raw.githubusercontent.com/Derushir/Kepek/main/67c6357751300334f52e35f893ac854f/news/nehez-sorsbol-a-feny-fele-juli-tortenete-az-sos-gyermekfalva.jpg): 404 Client Error: Not Found for url: https://raw.githubusercontent.com/Derushir/Kepek/main/67c6357751300334f52e35f893ac854f/news/nehez-sorsbol-a-feny-fele-juli-tortenete-az-sos-gyermekfalva.jpg
[01:21:27] Image_Downloader: Download failed (https://raw.githubusercontent.com/Derushir/Kepek/main/67c6357751300334f52e35f893ac854f/news/buszsavban-dugot-kerulo-autosokat-csaltak-csapdaba-manilaban.jpg): 404 Client Error: Not Found for url: https://raw.githubusercontent.com/Derushir/Kepek/main/67c6357751300334f52e35f893ac854f/news/buszsavban-dugot-kerulo-autosokat-csaltak-csapdaba-manilaban.jpg
[01:21:27] Image_Downloader: Download failed (https://raw.githubusercontent.com/Derushir/Kepek/main/67c6357751300334f52e35f893ac854f/news/visszaterhet-a-processzorba-integralt-memoria-az-intel-jovob.jpg): 404 Client Error: Not Found for url: https://raw.githubusercontent.com/Derushir/Kepek/main/67c6357751300334f52e35f893ac854f/news/visszaterhet-a-processzorba-integralt-memoria-az-intel-jovob.jpg
[01:21:28] Image_Downloader: Download failed (https://raw.githubusercontent.com/Derushir/Kepek/main/67c6357751300334f52e35f893ac854f/news/visszater-az-ikarus-gorogorszagba-elektromos-midibuszok-allt.jpg): 404 Client Error: Not Found for url: https://raw.githubusercontent.com/Derushir/Kepek/main/67c6357751300334f52e35f893ac854f/news/visszater-az-ikarus-gorogorszagba-elektromos-midibuszok-allt.jpg
[01:21:28] Image_Downloader: Download failed (https://raw.githubusercontent.com/Derushir/Kepek/main/67c6357751300334f52e35f893ac854f/news/uj-modularis-elektromos-hajtaslancot-fejlesztett-a-hyundai-m.jpg): 404 Client Error: Not Found for url: https://raw.githubusercontent.com/Derushir/Kepek/main/67c6357751300334f52e35f893ac854f/news/uj-modularis-elektromos-hajtaslancot-fejlesztett-a-hyundai-m.jpg
[01:21:28] Image_Downloader: Download failed (https://raw.githubusercontent.com/Derushir/Kepek/main/67c6357751300334f52e35f893ac854f/news/drasztikusan-emelkedett-a-litiumion-akkumulatorok-okozta-tuz.jpg): 404 Client Error: Not Found for url: https://raw.githubusercontent.com/Derushir/Kepek/main/67c6357751300334f52e35f893ac854f/news/drasztikusan-emelkedett-a-litiumion-akkumulatorok-okozta-tuz.jpg
[01:21:28] Image_Downloader: Download failed (https://raw.githubusercontent.com/Derushir/Kepek/main/67c6357751300334f52e35f893ac854f/news/fejlett-utvonaltervezo-szoftvert-kap-a-2026-os-lexus-es.jpg): 404 Client Error: Not Found for url: https://raw.githubusercontent.com/Derushir/Kepek/main/67c6357751300334f52e35f893ac854f/news/fejlett-utvonaltervezo-szoftvert-kap-a-2026-os-lexus-es.jpg
[01:21:28] Image_Downloader: Download failed (https://raw.githubusercontent.com/Derushir/Kepek/main/67c6357751300334f52e35f893ac854f/news/elektromos-kamionnal-keruli-meg-a-foldet-egy-nemet-vlogger.jpg): 404 Client Error: Not Found for url: https://raw.githubusercontent.com/Derushir/Kepek/main/67c6357751300334f52e35f893ac854f/news/elektromos-kamionnal-keruli-meg-a-foldet-egy-nemet-vlogger.jpg
[01:21:28] Image_Downloader: Download failed (https://raw.githubusercontent.com/Derushir/Kepek/main/67c6357751300334f52e35f893ac854f/news/uj-ejszakai-halokocsis-vonat-indult-berlin-es-parizs-kozott.jpg): 404 Client Error: Not Found for url: https://raw.githubusercontent.com/Derushir/Kepek/main/67c6357751300334f52e35f893ac854f/news/uj-ejszakai-halokocsis-vonat-indult-berlin-es-parizs-kozott.jpg
[01:21:28] Image_Downloader: Download failed (https://raw.githubusercontent.com/Derushir/Kepek/main/67c6357751300334f52e35f893ac854f/news/kulonleges-kozlekedesbiztonsagi-tabla-jelent-meg-egy-budapes.jpg): 404 Client Error: Not Found for url: https://raw.githubusercontent.com/Derushir/Kepek/main/67c6357751300334f52e35f893ac854f/news/kulonleges-kozlekedesbiztonsagi-tabla-jelent-meg-egy-budapes.jpg
[01:21:31] Image_Downloader: Download failed (https://raw.githubusercontent.com/Derushir/Kepek/main/67c6357751300334f52e35f893ac854f/news/haromba-hajthato-mobillal-kiserletezik-a-samsung-zsanerba-ep.jpg): 404 Client Error: Not Found for url: https://raw.githubusercontent.com/Derushir/Kepek/main/67c6357751300334f52e35f893ac854f/news/haromba-hajthato-mobillal-kiserletezik-a-samsung-zsanerba-ep.jpg
[01:21:31] Image_Downloader: Download failed (https://raw.githubusercontent.com/Derushir/Kepek/main/67c6357751300334f52e35f893ac854f/news/a-samsung-galaxy-z-trifold-szeriaba-visszaterhet-az-s-pen-ta.jpg): 404 Client Error: Not Found for url: https://raw.githubusercontent.com/Derushir/Kepek/main/67c6357751300334f52e35f893ac854f/news/a-samsung-galaxy-z-trifold-szeriaba-visszaterhet-az-s-pen-ta.jpg
[01:21:31] Image_Downloader: Download failed (https://raw.githubusercontent.com/Derushir/Kepek/main/67c6357751300334f52e35f893ac854f/news/tobb-mint-200-millio-dollaros-ertekkel-tamogatjak-a-robotika.jpg): 404 Client Error: Not Found for url: https://raw.githubusercontent.com/Derushir/Kepek/main/67c6357751300334f52e35f893ac854f/news/tobb-mint-200-millio-dollaros-ertekkel-tamogatjak-a-robotika.jpg
[01:21:31] Image_Downloader: Download failed (https://raw.githubusercontent.com/Derushir/Kepek/main/67c6357751300334f52e35f893ac854f/news/hatekonyak-e-a-legtisztitok-a-haziallatok-okozta-allergenek-.png): 404 Client Error: Not Found for url: https://raw.githubusercontent.com/Derushir/Kepek/main/67c6357751300334f52e35f893ac854f/news/hatekonyak-e-a-legtisztitok-a-haziallatok-okozta-allergenek-.png
[01:21:31] Image_Downloader: Download failed (https://raw.githubusercontent.com/Derushir/Kepek/main/67c6357751300334f52e35f893ac854f/news/kaoszba-fulladt-egy-stockholmi-kavezo-mesterseges-intelligen.png): 404 Client Error: Not Found for url: https://raw.githubusercontent.com/Derushir/Kepek/main/67c6357751300334f52e35f893ac854f/news/kaoszba-fulladt-egy-stockholmi-kavezo-mesterseges-intelligen.png
[01:21:32] Image_Downloader: Download failed (https://raw.githubusercontent.com/Derushir/Kepek/main/67c6357751300334f52e35f893ac854f/news/kiberbiztonsagi-tanacsok-a-canvas-oktatasi-platform-elleni-h.jpg): 404 Client Error: Not Found for url: https://raw.githubusercontent.com/Derushir/Kepek/main/67c6357751300334f52e35f893ac854f/news/kiberbiztonsagi-tanacsok-a-canvas-oktatasi-platform-elleni-h.jpg
[01:21:32] Image_Downloader: Download failed (https://raw.githubusercontent.com/Derushir/Kepek/main/67c6357751300334f52e35f893ac854f/news/langszoro-stilusu-propangazos-konyhai-faklya-akcioban.jpg): 404 Client Error: Not Found for url: https://raw.githubusercontent.com/Derushir/Kepek/main/67c6357751300334f52e35f893ac854f/news/langszoro-stilusu-propangazos-konyhai-faklya-akcioban.jpg
[01:21:32] Image_Downloader: Download failed (https://raw.githubusercontent.com/Derushir/Kepek/main/67c6357751300334f52e35f893ac854f/news/a-duracell-sajat-elektromos-autotolto-halozatot-indit-az-egy.jpg): 404 Client Error: Not Found for url: https://raw.githubusercontent.com/Derushir/Kepek/main/67c6357751300334f52e35f893ac854f/news/a-duracell-sajat-elektromos-autotolto-halozatot-indit-az-egy.jpg
[01:21:32] Image_Downloader: Download failed (https://raw.githubusercontent.com/Derushir/Kepek/main/67c6357751300334f52e35f893ac854f/news/adatgyujtes-es-fuggoseg-okozasa-miatt-pereli-a-netflixet-tex.jpg): 404 Client Error: Not Found for url: https://raw.githubusercontent.com/Derushir/Kepek/main/67c6357751300334f52e35f893ac854f/news/adatgyujtes-es-fuggoseg-okozasa-miatt-pereli-a-netflixet-tex.jpg
[01:21:32] Image_Downloader: Download failed (https://raw.githubusercontent.com/Derushir/Kepek/main/67c6357751300334f52e35f893ac854f/news/ujraindul-a-digg-ezuttal-ai-alapu-hiraggregatorkent.jpg): 404 Client Error: Not Found for url: https://raw.githubusercontent.com/Derushir/Kepek/main/67c6357751300334f52e35f893ac854f/news/ujraindul-a-digg-ezuttal-ai-alapu-hiraggregatorkent.jpg
[01:21:33] Image_Downloader: Download failed (https://raw.githubusercontent.com/Derushir/Kepek/main/67c6357751300334f52e35f893ac854f/news/elrettento-video-170-kmoras-tempoval-a-teherautok-kozott.jpg): 404 Client Error: Not Found for url: https://raw.githubusercontent.com/Derushir/Kepek/main/67c6357751300334f52e35f893ac854f/news/elrettento-video-170-kmoras-tempoval-a-teherautok-kozott.jpg
[01:21:33] Image_Downloader: Download failed (https://raw.githubusercontent.com/Derushir/Kepek/main/67c6357751300334f52e35f893ac854f/news/akar-2028-ig-is-varni-kell-az-apple-vision-pro-kovetkezo-gen.jpg): 404 Client Error: Not Found for url: https://raw.githubusercontent.com/Derushir/Kepek/main/67c6357751300334f52e35f893ac854f/news/akar-2028-ig-is-varni-kell-az-apple-vision-pro-kovetkezo-gen.jpg
[01:21:33] Image_Downloader: Download failed (https://raw.githubusercontent.com/Derushir/Kepek/main/67c6357751300334f52e35f893ac854f/news/leallt-a-tesla-model-s-es-model-x-gyartasa-a-gyar-atall-a-hu.jpg): 404 Client Error: Not Found for url: https://raw.githubusercontent.com/Derushir/Kepek/main/67c6357751300334f52e35f893ac854f/news/leallt-a-tesla-model-s-es-model-x-gyartasa-a-gyar-atall-a-hu.jpg
[01:21:33] Image_Downloader: Download failed (https://raw.githubusercontent.com/Derushir/Kepek/main/67c6357751300334f52e35f893ac854f/news/280-osi-koepitmenyt-tartak-fel-a-szudani-sivatagban.jpg): 404 Client Error: Not Found for url: https://raw.githubusercontent.com/Derushir/Kepek/main/67c6357751300334f52e35f893ac854f/news/280-osi-koepitmenyt-tartak-fel-a-szudani-sivatagban.jpg
[01:21:33] Image_Downloader: Download failed (https://raw.githubusercontent.com/Derushir/Kepek/main/67c6357751300334f52e35f893ac854f/news/a-beporzo-rovarok-drasztikus-csokkenese-elelmezesi-valsagot-.jpg): 404 Client Error: Not Found for url: https://raw.githubusercontent.com/Derushir/Kepek/main/67c6357751300334f52e35f893ac854f/news/a-beporzo-rovarok-drasztikus-csokkenese-elelmezesi-valsagot-.jpg
[01:21:33] Image_Downloader: Download failed (https://raw.githubusercontent.com/Derushir/Kepek/main/67c6357751300334f52e35f893ac854f/news/lovasz-laszlo-matematikus-eletmuverol-es-az-mi-szereperol-be.jpg): 404 Client Error: Not Found for url: https://raw.githubusercontent.com/Derushir/Kepek/main/67c6357751300334f52e35f893ac854f/news/lovasz-laszlo-matematikus-eletmuverol-es-az-mi-szereperol-be.jpg
[01:21:34] Image_Downloader: Download failed (https://raw.githubusercontent.com/Derushir/Kepek/main/67c6357751300334f52e35f893ac854f/news/a-mesterseges-intelligencia-korabban-eszlelheti-a-hasnyalmir.jpg): 404 Client Error: Not Found for url: https://raw.githubusercontent.com/Derushir/Kepek/main/67c6357751300334f52e35f893ac854f/news/a-mesterseges-intelligencia-korabban-eszlelheti-a-hasnyalmir.jpg
[01:21:34] Image_Downloader: Download failed (https://raw.githubusercontent.com/Derushir/Kepek/main/67c6357751300334f52e35f893ac854f/news/nasa-lunabotics-diakok-versenyeznek-holdi-banyaszrobotokkal.jpg): 404 Client Error: Not Found for url: https://raw.githubusercontent.com/Derushir/Kepek/main/67c6357751300334f52e35f893ac854f/news/nasa-lunabotics-diakok-versenyeznek-holdi-banyaszrobotokkal.jpg
[01:21:34] Image_Downloader: Download failed (https://raw.githubusercontent.com/Derushir/Kepek/main/67c6357751300334f52e35f893ac854f/news/kutatas-az-omega-3-kiegeszitok-karosak-lehetnek-az-alzheimer.jpg): 404 Client Error: Not Found for url: https://raw.githubusercontent.com/Derushir/Kepek/main/67c6357751300334f52e35f893ac854f/news/kutatas-az-omega-3-kiegeszitok-karosak-lehetnek-az-alzheimer.jpg
[01:21:34] Image_Downloader: Download failed (https://raw.githubusercontent.com/Derushir/Kepek/main/67c6357751300334f52e35f893ac854f/news/tobbmillionyi-vadmeh-el-egy-amerikai-temetoben.jpg): 404 Client Error: Not Found for url: https://raw.githubusercontent.com/Derushir/Kepek/main/67c6357751300334f52e35f893ac854f/news/tobbmillionyi-vadmeh-el-egy-amerikai-temetoben.jpg
[01:21:35] Image_Downloader: Download failed (https://raw.githubusercontent.com/Derushir/Kepek/main/67c6357751300334f52e35f893ac854f/news/csillagaszok-27-uj-ket-nap-korul-keringo-exobolygot-azonosit.jpg): 404 Client Error: Not Found for url: https://raw.githubusercontent.com/Derushir/Kepek/main/67c6357751300334f52e35f893ac854f/news/csillagaszok-27-uj-ket-nap-korul-keringo-exobolygot-azonosit.jpg
[01:21:35] Image_Downloader: Download failed (https://raw.githubusercontent.com/Derushir/Kepek/main/67c6357751300334f52e35f893ac854f/news/4500-eves-fermentalt-alkoholos-ital-maradvanyait-talaltak-me.jpg): 404 Client Error: Not Found for url: https://raw.githubusercontent.com/Derushir/Kepek/main/67c6357751300334f52e35f893ac854f/news/4500-eves-fermentalt-alkoholos-ital-maradvanyait-talaltak-me.jpg
[01:21:36] Image_Downloader: Download failed (https://raw.githubusercontent.com/Derushir/Kepek/main/67c6357751300334f52e35f893ac854f/news/sikeresen-dokkolt-a-kinai-tianzhou-10-teherurhajo-a-tiangong.jpg): 404 Client Error: Not Found for url: https://raw.githubusercontent.com/Derushir/Kepek/main/67c6357751300334f52e35f893ac854f/news/sikeresen-dokkolt-a-kinai-tianzhou-10-teherurhajo-a-tiangong.jpg
[01:21:36] Image_Downloader: Download failed (https://raw.githubusercontent.com/Derushir/Kepek/main/67c6357751300334f52e35f893ac854f/news/latvanyos-legi-osszecsapasok-naszidoszak-a-barna-retihejakna.jpg): 404 Client Error: Not Found for url: https://raw.githubusercontent.com/Derushir/Kepek/main/67c6357751300334f52e35f893ac854f/news/latvanyos-legi-osszecsapasok-naszidoszak-a-barna-retihejakna.jpg
[01:21:36] Image_Downloader: Download failed (https://raw.githubusercontent.com/Derushir/Kepek/main/67c6357751300334f52e35f893ac854f/news/fenykoveto-kepesseget-fedeztek-fel-egy-tengeri-allatnal.jpg): 404 Client Error: Not Found for url: https://raw.githubusercontent.com/Derushir/Kepek/main/67c6357751300334f52e35f893ac854f/news/fenykoveto-kepesseget-fedeztek-fel-egy-tengeri-allatnal.jpg
[01:21:36] Image_Downloader: Download failed (https://raw.githubusercontent.com/Derushir/Kepek/main/67c6357751300334f52e35f893ac854f/news/komposztalhato-aramkoroket-fejlesztettek-a-bme-kutatoi-az-el.jpg): 404 Client Error: Not Found for url: https://raw.githubusercontent.com/Derushir/Kepek/main/67c6357751300334f52e35f893ac854f/news/komposztalhato-aramkoroket-fejlesztettek-a-bme-kutatoi-az-el.jpg
[01:21:36] Image_Downloader: Download failed (https://raw.githubusercontent.com/Derushir/Kepek/main/67c6357751300334f52e35f893ac854f/news/uj-kozos-minosegbiztositasi-keretrendszert-adott-ki-a-nasa-e.jpg): 404 Client Error: Not Found for url: https://raw.githubusercontent.com/Derushir/Kepek/main/67c6357751300334f52e35f893ac854f/news/uj-kozos-minosegbiztositasi-keretrendszert-adott-ki-a-nasa-e.jpg
[01:21:36] Image_Downloader: Download failed (https://raw.githubusercontent.com/Derushir/Kepek/main/67c6357751300334f52e35f893ac854f/news/kifutyultek-az-egyetemi-szonokot-az-ai-jovojerol-szolo-optim.jpg): 404 Client Error: Not Found for url: https://raw.githubusercontent.com/Derushir/Kepek/main/67c6357751300334f52e35f893ac854f/news/kifutyultek-az-egyetemi-szonokot-az-ai-jovojerol-szolo-optim.jpg
[01:21:36] Image_Downloader: Download failed (https://raw.githubusercontent.com/Derushir/Kepek/main/67c6357751300334f52e35f893ac854f/news/nicholas-houghton-mernoki-munkaja-az-artemis-ii-legenysegene.jpg): 404 Client Error: Not Found for url: https://raw.githubusercontent.com/Derushir/Kepek/main/67c6357751300334f52e35f893ac854f/news/nicholas-houghton-mernoki-munkaja-az-artemis-ii-legenysegene.jpg
[01:21:36] Image_Downloader: Download failed (https://raw.githubusercontent.com/Derushir/Kepek/main/67c6357751300334f52e35f893ac854f/news/per-indult-a-netflix-ellen-adatgyujtesi-gyakorlata-es-fuggos.jpg): 404 Client Error: Not Found for url: https://raw.githubusercontent.com/Derushir/Kepek/main/67c6357751300334f52e35f893ac854f/news/per-indult-a-netflix-ellen-adatgyujtesi-gyakorlata-es-fuggos.jpg
[01:21:36] Image_Downloader: Download failed (https://raw.githubusercontent.com/Derushir/Kepek/main/67c6357751300334f52e35f893ac854f/news/a-mesterseges-intelligencia-beruhazasok-megteruleset-kerik-s.jpg): 404 Client Error: Not Found for url: https://raw.githubusercontent.com/Derushir/Kepek/main/67c6357751300334f52e35f893ac854f/news/a-mesterseges-intelligencia-beruhazasok-megteruleset-kerik-s.jpg
[01:21:37] Image_Downloader: Download failed (https://raw.githubusercontent.com/Derushir/Kepek/main/67c6357751300334f52e35f893ac854f/news/kinai-technologiaval-probaljak-menteni-a-nyugati-autogyartok.jpg): 404 Client Error: Not Found for url: https://raw.githubusercontent.com/Derushir/Kepek/main/67c6357751300334f52e35f893ac854f/news/kinai-technologiaval-probaljak-menteni-a-nyugati-autogyartok.jpg
[01:21:37] Image_Downloader: Download failed (https://raw.githubusercontent.com/Derushir/Kepek/main/67c6357751300334f52e35f893ac854f/news/citizen-science-kutatas-tarta-fel-a-hosszuszarnyu-balnak-rej.jpg): 404 Client Error: Not Found for url: https://raw.githubusercontent.com/Derushir/Kepek/main/67c6357751300334f52e35f893ac854f/news/citizen-science-kutatas-tarta-fel-a-hosszuszarnyu-balnak-rej.jpg
[01:21:37] Image_Downloader: Download failed (https://raw.githubusercontent.com/Derushir/Kepek/main/67c6357751300334f52e35f893ac854f/news/lelegzetelallito-asztrofoto-lyridak-a-tejut-oleleseben.jpg): 404 Client Error: Not Found for url: https://raw.githubusercontent.com/Derushir/Kepek/main/67c6357751300334f52e35f893ac854f/news/lelegzetelallito-asztrofoto-lyridak-a-tejut-oleleseben.jpg
[01:21:38] Image_Downloader: Download failed (https://raw.githubusercontent.com/Derushir/Kepek/main/67c6357751300334f52e35f893ac854f/news/a-ford-onallo-leanyvallalatot-alapitott-nagymeretu-akkumulat.webp): 404 Client Error: Not Found for url: https://raw.githubusercontent.com/Derushir/Kepek/main/67c6357751300334f52e35f893ac854f/news/a-ford-onallo-leanyvallalatot-alapitott-nagymeretu-akkumulat.webp
[01:21:39] Image_Downloader: Download failed (https://raw.githubusercontent.com/Derushir/Kepek/main/67c6357751300334f52e35f893ac854f/news/csuja-imre-cafolta-a-teljes-visszavonulasat-folytatja-a-forg.jpg): 404 Client Error: Not Found for url: https://raw.githubusercontent.com/Derushir/Kepek/main/67c6357751300334f52e35f893ac854f/news/csuja-imre-cafolta-a-teljes-visszavonulasat-folytatja-a-forg.jpg
[01:21:39] Image_Downloader: Download failed (https://raw.githubusercontent.com/Derushir/Kepek/main/67c6357751300334f52e35f893ac854f/news/elhunyt-jennifer-harmon-a-one-life-to-live-szinesznoje.jpg): 404 Client Error: Not Found for url: https://raw.githubusercontent.com/Derushir/Kepek/main/67c6357751300334f52e35f893ac854f/news/elhunyt-jennifer-harmon-a-one-life-to-live-szinesznoje.jpg
[01:21:39] Image_Downloader: Download failed (https://raw.githubusercontent.com/Derushir/Kepek/main/67c6357751300334f52e35f893ac854f/news/florence-pugh-foszereplesevel-keszul-a-the-midnight-library-.jpg): 404 Client Error: Not Found for url: https://raw.githubusercontent.com/Derushir/Kepek/main/67c6357751300334f52e35f893ac854f/news/florence-pugh-foszereplesevel-keszul-a-the-midnight-library-.jpg
[01:21:39] Image_Downloader: Download failed (https://raw.githubusercontent.com/Derushir/Kepek/main/67c6357751300334f52e35f893ac854f/news/megjelent-a-lego-uj-toy-story-slinky-dog-konyvtamasz-keszlet.jpg): 404 Client Error: Not Found for url: https://raw.githubusercontent.com/Derushir/Kepek/main/67c6357751300334f52e35f893ac854f/news/megjelent-a-lego-uj-toy-story-slinky-dog-konyvtamasz-keszlet.jpg
[01:21:39] Image_Downloader: Download failed (https://raw.githubusercontent.com/Derushir/Kepek/main/67c6357751300334f52e35f893ac854f/news/dave-filoni-szerint-a-rajongoknak-erdemes-turelemmel-varniuk.jpg): 404 Client Error: Not Found for url: https://raw.githubusercontent.com/Derushir/Kepek/main/67c6357751300334f52e35f893ac854f/news/dave-filoni-szerint-a-rajongoknak-erdemes-turelemmel-varniuk.jpg
[01:21:40] Image_Downloader: Download failed (https://raw.githubusercontent.com/Derushir/Kepek/main/67c6357751300334f52e35f893ac854f/news/a-give-it-away-a-red-hot-chili-peppers-meghatarozo-dala-flea.jpg): 404 Client Error: Not Found for url: https://raw.githubusercontent.com/Derushir/Kepek/main/67c6357751300334f52e35f893ac854f/news/a-give-it-away-a-red-hot-chili-peppers-meghatarozo-dala-flea.jpg
[01:21:40] Image_Downloader: Download failed (https://raw.githubusercontent.com/Derushir/Kepek/main/67c6357751300334f52e35f893ac854f/news/audemars-piguet-es-swatch-kollaboracio-erkezik-a-royal-pop-k.png): 404 Client Error: Not Found for url: https://raw.githubusercontent.com/Derushir/Kepek/main/67c6357751300334f52e35f893ac854f/news/audemars-piguet-es-swatch-kollaboracio-erkezik-a-royal-pop-k.png
[01:21:40] Image_Downloader: Download failed (https://raw.githubusercontent.com/Derushir/Kepek/main/67c6357751300334f52e35f893ac854f/news/a-kiberbiztonsagi-kockazatok-atalakitjak-a-vallalati-igazgat.jpg): 404 Client Error: Not Found for url: https://raw.githubusercontent.com/Derushir/Kepek/main/67c6357751300334f52e35f893ac854f/news/a-kiberbiztonsagi-kockazatok-atalakitjak-a-vallalati-igazgat.jpg
[01:21:41] Image_Downloader: Download failed (https://raw.githubusercontent.com/Derushir/Kepek/main/67c6357751300334f52e35f893ac854f/news/anne-hathaway-azt-keri-rajongoitol-hogy-ne-a-szinpadi-neven-.jpg): 404 Client Error: Not Found for url: https://raw.githubusercontent.com/Derushir/Kepek/main/67c6357751300334f52e35f893ac854f/news/anne-hathaway-azt-keri-rajongoitol-hogy-ne-a-szinpadi-neven-.jpg
[01:21:42] Image_Downloader: Download failed (https://images-assets.nasa.gov/image/KSC-20220524-PH-KLS01_0086/KSC-20220524-PH-KLS01_0086~large.jpg): HTTPSConnectionPool(host='images-assets.nasa.gov', port=443): Read timed out. (read timeout=5)
[01:21:42] Image_Downloader: Download failed (https://raw.githubusercontent.com/Derushir/Kepek/main/67c6357751300334f52e35f893ac854f/news/sammy-hagar-elarulta-hogy-titokban-nagy-prog-rock-rajongo.jpg): 404 Client Error: Not Found for url: https://raw.githubusercontent.com/Derushir/Kepek/main/67c6357751300334f52e35f893ac854f/news/sammy-hagar-elarulta-hogy-titokban-nagy-prog-rock-rajongo.jpg
[01:21:42] Image_Downloader: Download failed (https://raw.githubusercontent.com/Derushir/Kepek/main/67c6357751300334f52e35f893ac854f/news/naughty-business-spanyol-vigjatek-erkezett-a-prime-videora.jpg): 404 Client Error: Not Found for url: https://raw.githubusercontent.com/Derushir/Kepek/main/67c6357751300334f52e35f893ac854f/news/naughty-business-spanyol-vigjatek-erkezett-a-prime-videora.jpg
[01:21:42] Image_Downloader: Download failed (https://raw.githubusercontent.com/Derushir/Kepek/main/67c6357751300334f52e35f893ac854f/news/akcios-elektromos-kerekparok-es-hordozhato-eromuvek-a-heti-z.jpg): 404 Client Error: Not Found for url: https://raw.githubusercontent.com/Derushir/Kepek/main/67c6357751300334f52e35f893ac854f/news/akcios-elektromos-kerekparok-es-hordozhato-eromuvek-a-heti-z.jpg
[01:21:43] Image_Downloader: Download failed (https://raw.githubusercontent.com/Derushir/Kepek/main/67c6357751300334f52e35f893ac854f/news/az-okostelefonpiac-visszaeseset-hasznalja-ki-az-amd.png): HTTPSConnectionPool(host='raw.githubusercontent.com', port=443): Read timed out. (read timeout=5)
[01:21:43] Image_Downloader: Download failed (https://raw.githubusercontent.com/Derushir/Kepek/main/67c6357751300334f52e35f893ac854f/news/a-huncut-vilag-brad-pitt-palyafutasanak-elfeledett-kudarca.webp): 404 Client Error: Not Found for url: https://raw.githubusercontent.com/Derushir/Kepek/main/67c6357751300334f52e35f893ac854f/news/a-huncut-vilag-brad-pitt-palyafutasanak-elfeledett-kudarca.webp
[01:21:44] Image_Downloader: Download failed (https://raw.githubusercontent.com/Derushir/Kepek/main/67c6357751300334f52e35f893ac854f/news/ot-nagy-koltsegvetesu-film-amely-hatalmasat-bukott-a-mozipen.webp): 404 Client Error: Not Found for url: https://raw.githubusercontent.com/Derushir/Kepek/main/67c6357751300334f52e35f893ac854f/news/ot-nagy-koltsegvetesu-film-amely-hatalmasat-bukott-a-mozipen.webp
[01:21:44] Image_Downloader: Download failed (https://www.mafab.hu/movies/past-lives-712345/poster.jpg): HTTPSConnectionPool(host='www.mafab.hu', port=443): Read timed out. (read timeout=5)
[01:21:44] Image_Downloader: Download failed (https://raw.githubusercontent.com/Derushir/Kepek/main/67c6357751300334f52e35f893ac854f/news/60-ev-feletti-sztarok-ragyogtak-az-idei-met-galan.jpg): 404 Client Error: Not Found for url: https://raw.githubusercontent.com/Derushir/Kepek/main/67c6357751300334f52e35f893ac854f/news/60-ev-feletti-sztarok-ragyogtak-az-idei-met-galan.jpg
[01:21:45] Image_Downloader: Download failed (https://raw.githubusercontent.com/Derushir/Kepek/main/67c6357751300334f52e35f893ac854f/news/madison-sinclair-a-sikeres-roast-iro-a-szinfalak-mogotti-mun.jpg): 404 Client Error: Not Found for url: https://raw.githubusercontent.com/Derushir/Kepek/main/67c6357751300334f52e35f893ac854f/news/madison-sinclair-a-sikeres-roast-iro-a-szinfalak-mogotti-mun.jpg
[01:21:45] Image_Downloader: Download failed (https://www.mafab.hu/static/files/images/fb-custom-share/tara.jpg): 404 Client Error: Not Found for url: https://www.mafab.hu/static/files/images/fb-custom-share/tara.jpg
[01:21:45] Image_Downloader: Download failed (https://raw.githubusercontent.com/Derushir/Kepek/main/67c6357751300334f52e35f893ac854f/news/majus-vegen-erkezik-a-star-wars-a-mandalori-es-grogu-cimu-fi.jpg): 404 Client Error: Not Found for url: https://raw.githubusercontent.com/Derushir/Kepek/main/67c6357751300334f52e35f893ac854f/news/majus-vegen-erkezik-a-star-wars-a-mandalori-es-grogu-cimu-fi.jpg
[01:21:46] Image_Downloader: Download failed (https://raw.githubusercontent.com/Derushir/Kepek/main/67c6357751300334f52e35f893ac854f/news/oktoberben-erkezik-a-pentek-13-elozmenysorozata-a-crystal-la.jpg): 404 Client Error: Not Found for url: https://raw.githubusercontent.com/Derushir/Kepek/main/67c6357751300334f52e35f893ac854f/news/oktoberben-erkezik-a-pentek-13-elozmenysorozata-a-crystal-la.jpg
[01:21:46] Image_Downloader: Download failed (https://raw.githubusercontent.com/Derushir/Kepek/main/67c6357751300334f52e35f893ac854f/news/soha-el-nem-keszult-robin-williams-film-a-szemelyiseghasadas.jpg): 404 Client Error: Not Found for url: https://raw.githubusercontent.com/Derushir/Kepek/main/67c6357751300334f52e35f893ac854f/news/soha-el-nem-keszult-robin-williams-film-a-szemelyiseghasadas.jpg
[01:21:46] Image_Downloader: Download failed (https://raw.githubusercontent.com/Derushir/Kepek/main/67c6357751300334f52e35f893ac854f/news/quentin-tarantino-legnagyobb-felelme-az-1981-es-buddy-buddy-.jpg): 404 Client Error: Not Found for url: https://raw.githubusercontent.com/Derushir/Kepek/main/67c6357751300334f52e35f893ac854f/news/quentin-tarantino-legnagyobb-felelme-az-1981-es-buddy-buddy-.jpg
[01:21:47] Image_Downloader: Download failed (https://raw.githubusercontent.com/Derushir/Kepek/main/67c6357751300334f52e35f893ac854f/news/sztarparade-az-adidas-uj-vilagbajnoki-reklamfilmjeben.webp): 404 Client Error: Not Found for url: https://raw.githubusercontent.com/Derushir/Kepek/main/67c6357751300334f52e35f893ac854f/news/sztarparade-az-adidas-uj-vilagbajnoki-reklamfilmjeben.webp
[01:21:47] Image_Downloader: Download failed (https://raw.githubusercontent.com/Derushir/Kepek/main/67c6357751300334f52e35f893ac854f/news/jelentos-kedvezmenyekkel-indult-el-az-idei-live-nation-konce.webp): 404 Client Error: Not Found for url: https://raw.githubusercontent.com/Derushir/Kepek/main/67c6357751300334f52e35f893ac854f/news/jelentos-kedvezmenyekkel-indult-el-az-idei-live-nation-konce.webp
[01:21:47] Image_Downloader: Download failed (https://raw.githubusercontent.com/Derushir/Kepek/main/67c6357751300334f52e35f893ac854f/news/a-peacock-elinditja-elso-sajat-gyartasu-mikrodramait-a-nepsz.jpg): 404 Client Error: Not Found for url: https://raw.githubusercontent.com/Derushir/Kepek/main/67c6357751300334f52e35f893ac854f/news/a-peacock-elinditja-elso-sajat-gyartasu-mikrodramait-a-nepsz.jpg
[01:21:48] Image_Downloader: Download failed (https://raw.githubusercontent.com/Derushir/Kepek/main/67c6357751300334f52e35f893ac854f/news/john-wayne-majdnem-otthagyta-az-1967-es-the-war-wagon-forgat.jpg): 404 Client Error: Not Found for url: https://raw.githubusercontent.com/Derushir/Kepek/main/67c6357751300334f52e35f893ac854f/news/john-wayne-majdnem-otthagyta-az-1967-es-the-war-wagon-forgat.jpg
[01:21:49] Image_Downloader: Download failed (https://raw.githubusercontent.com/Derushir/Kepek/main/67c6357751300334f52e35f893ac854f/news/vita-a-jatekiparban-a-kiadok-tartanak-a-jatekok-megorzeset-t.jpg): 404 Client Error: Not Found for url: https://raw.githubusercontent.com/Derushir/Kepek/main/67c6357751300334f52e35f893ac854f/news/vita-a-jatekiparban-a-kiadok-tartanak-a-jatekok-megorzeset-t.jpg
[01:21:49] Image_Downloader: Download failed (https://raw.githubusercontent.com/Derushir/Kepek/main/67c6357751300334f52e35f893ac854f/news/a-jatekosok-az-rts-es-az-immersive-sim-mufajok-visszatereset.jpg): 404 Client Error: Not Found for url: https://raw.githubusercontent.com/Derushir/Kepek/main/67c6357751300334f52e35f893ac854f/news/a-jatekosok-az-rts-es-az-immersive-sim-mufajok-visszatereset.jpg
[01:21:49] Image_Downloader: Download failed (https://raw.githubusercontent.com/Derushir/Kepek/main/67c6357751300334f52e35f893ac854f/news/miert-valt-kultuszfilmme-a-meltatlanul-elfeledett-clockwatch.jpg): 404 Client Error: Not Found for url: https://raw.githubusercontent.com/Derushir/Kepek/main/67c6357751300334f52e35f893ac854f/news/miert-valt-kultuszfilmme-a-meltatlanul-elfeledett-clockwatch.jpg
[01:21:49] Image_Downloader: Download failed (https://raw.githubusercontent.com/Derushir/Kepek/main/67c6357751300334f52e35f893ac854f/news/nagy-learazast-kapott-a-subnautica-a-masodik-resz-erkezese-e.jpg): 404 Client Error: Not Found for url: https://raw.githubusercontent.com/Derushir/Kepek/main/67c6357751300334f52e35f893ac854f/news/nagy-learazast-kapott-a-subnautica-a-masodik-resz-erkezese-e.jpg
[01:21:49] Image_Downloader: Download failed (https://raw.githubusercontent.com/Derushir/Kepek/main/67c6357751300334f52e35f893ac854f/news/csalodast-kelto-a-squid-game-reality-masodik-evada.jpg): 404 Client Error: Not Found for url: https://raw.githubusercontent.com/Derushir/Kepek/main/67c6357751300334f52e35f893ac854f/news/csalodast-kelto-a-squid-game-reality-masodik-evada.jpg
[01:21:49] Image_Downloader: Download failed (https://raw.githubusercontent.com/Derushir/Kepek/main/67c6357751300334f52e35f893ac854f/news/a-cicaszem-smink-mint-a-hatalom-es-ambicio-szimboluma-az-uj-.jpg): HTTPSConnectionPool(host='raw.githubusercontent.com', port=443): Read timed out. (read timeout=5)
[01:21:49] Image_Downloader: Download failed (https://raw.githubusercontent.com/Derushir/Kepek/main/67c6357751300334f52e35f893ac854f/news/bruce-springsteen-szerint-chuck-berry-minden-idok-legnagyobb.jpg): 404 Client Error: Not Found for url: https://raw.githubusercontent.com/Derushir/Kepek/main/67c6357751300334f52e35f893ac854f/news/bruce-springsteen-szerint-chuck-berry-minden-idok-legnagyobb.jpg
[01:21:50] Image_Downloader: Download failed (https://raw.githubusercontent.com/Derushir/Kepek/main/67c6357751300334f52e35f893ac854f/news/kikerul-a-playstation-plus-kinalatabol-a-the-dark-pictures-l.jpg): 404 Client Error: Not Found for url: https://raw.githubusercontent.com/Derushir/Kepek/main/67c6357751300334f52e35f893ac854f/news/kikerul-a-playstation-plus-kinalatabol-a-the-dark-pictures-l.jpg
[01:21:51] Image_Downloader: Download failed (https://raw.githubusercontent.com/Derushir/Kepek/main/67c6357751300334f52e35f893ac854f/news/korabbi-gta-fejleszto-adta-ki-uj-termeszetkozpontu-sandbox-j.jpg): 404 Client Error: Not Found for url: https://raw.githubusercontent.com/Derushir/Kepek/main/67c6357751300334f52e35f893ac854f/news/korabbi-gta-fejleszto-adta-ki-uj-termeszetkozpontu-sandbox-j.jpg
[01:21:51] Image_Downloader: Download failed (https://raw.githubusercontent.com/Derushir/Kepek/main/67c6357751300334f52e35f893ac854f/news/aruhazi-hiba-miatt-korabban-jatszhato-az-uj-lego-batman.jpg): 404 Client Error: Not Found for url: https://raw.githubusercontent.com/Derushir/Kepek/main/67c6357751300334f52e35f893ac854f/news/aruhazi-hiba-miatt-korabban-jatszhato-az-uj-lego-batman.jpg
[01:21:51] Image_Downloader: Download failed (https://raw.githubusercontent.com/Derushir/Kepek/main/67c6357751300334f52e35f893ac854f/news/ryan-gosling-foszereplesevel-keszul-a-star-wars-starfighter-.jpg): 404 Client Error: Not Found for url: https://raw.githubusercontent.com/Derushir/Kepek/main/67c6357751300334f52e35f893ac854f/news/ryan-gosling-foszereplesevel-keszul-a-star-wars-starfighter-.jpg
[01:21:52] Image_Downloader: Download failed (https://raw.githubusercontent.com/Derushir/Kepek/main/67c6357751300334f52e35f893ac854f/news/szeptemberben-erkezhet-a-gears-of-war-e-day-a-triplemania-sz.jpg): 404 Client Error: Not Found for url: https://raw.githubusercontent.com/Derushir/Kepek/main/67c6357751300334f52e35f893ac854f/news/szeptemberben-erkezhet-a-gears-of-war-e-day-a-triplemania-sz.jpg
[01:21:52] Image_Downloader: Download failed (https://raw.githubusercontent.com/Derushir/Kepek/main/67c6357751300334f52e35f893ac854f/news/aaron-paul-csatlakozik-a-fallout-sorozat-harmadik-evadahoz.jpg): 404 Client Error: Not Found for url: https://raw.githubusercontent.com/Derushir/Kepek/main/67c6357751300334f52e35f893ac854f/news/aaron-paul-csatlakozik-a-fallout-sorozat-harmadik-evadahoz.jpg
[01:21:52] Image_Downloader: Download failed (https://raw.githubusercontent.com/Derushir/Kepek/main/67c6357751300334f52e35f893ac854f/news/oscar-es-emmy-dijas-sztarokkal-bovul-az-x-aktak-rebootjanak-.jpg): HTTPSConnectionPool(host='raw.githubusercontent.com', port=443): Read timed out. (read timeout=5)
[01:21:53] Image_Downloader: Download failed (https://raw.githubusercontent.com/Derushir/Kepek/main/67c6357751300334f52e35f893ac854f/news/a-mortal-kombat-2-cimu-filmben-vegleg-bucsut-intettek-cole-y.jpg): 404 Client Error: Not Found for url: https://raw.githubusercontent.com/Derushir/Kepek/main/67c6357751300334f52e35f893ac854f/news/a-mortal-kombat-2-cimu-filmben-vegleg-bucsut-intettek-cole-y.jpg
[01:21:53] Image_Downloader: Download failed (https://raw.githubusercontent.com/Derushir/Kepek/main/67c6357751300334f52e35f893ac854f/news/vegyes-fogadtatasban-reszesult-a-directive-8020-cimu-horrorj.jpg): 404 Client Error: Not Found for url: https://raw.githubusercontent.com/Derushir/Kepek/main/67c6357751300334f52e35f893ac854f/news/vegyes-fogadtatasban-reszesult-a-directive-8020-cimu-horrorj.jpg
[01:21:55] Image_Downloader: Download failed (https://raw.githubusercontent.com/Derushir/Kepek/main/67c6357751300334f52e35f893ac854f/news/harrison-ford-majdnem-eljatszotta-a-fogonoszt-a-cape-fearben.jpg): HTTPSConnectionPool(host='raw.githubusercontent.com', port=443): Read timed out. (read timeout=5)
[01:21:55] Image_Downloader: Download failed (https://cdn.mos.cms.futurecdn.net/MJJETFQqg3R3MKwupDsN4N-925-80.jpg): HTTPSConnectionPool(host='cdn.mos.cms.futurecdn.net', port=443): Read timed out. (read timeout=5)
[01:21:55] Image_Downloader: Download failed (https://raw.githubusercontent.com/Derushir/Kepek/main/67c6357751300334f52e35f893ac854f/news/jelentos-arcsokkentes-a-csucskategorias-lenovo-legion-rtx-50.jpg): 404 Client Error: Not Found for url: https://raw.githubusercontent.com/Derushir/Kepek/main/67c6357751300334f52e35f893ac854f/news/jelentos-arcsokkentes-a-csucskategorias-lenovo-legion-rtx-50.jpg
[01:21:55] Image_Downloader: Download failed (https://raw.githubusercontent.com/Derushir/Kepek/main/67c6357751300334f52e35f893ac854f/news/the-fallen-gods-igeretes-magyar-fejlesztesu-soulslite-arpg-e.jpg): 404 Client Error: Not Found for url: https://raw.githubusercontent.com/Derushir/Kepek/main/67c6357751300334f52e35f893ac854f/news/the-fallen-gods-igeretes-magyar-fejlesztesu-soulslite-arpg-e.jpg
[01:21:56] Image_Downloader: Download failed (https://raw.githubusercontent.com/Derushir/Kepek/main/67c6357751300334f52e35f893ac854f/news/sikeres-a-mouse-pi-for-hire-visszahozta-a-fejlesztesi-koltse.jpg): 404 Client Error: Not Found for url: https://raw.githubusercontent.com/Derushir/Kepek/main/67c6357751300334f52e35f893ac854f/news/sikeres-a-mouse-pi-for-hire-visszahozta-a-fejlesztesi-koltse.jpg
[01:21:56] Image_Downloader: Download failed (https://raw.githubusercontent.com/Derushir/Kepek/main/67c6357751300334f52e35f893ac854f/news/mar-berendelte-az-otodik-evadot-a-prime-video-a-reacher-soro.png): 404 Client Error: Not Found for url: https://raw.githubusercontent.com/Derushir/Kepek/main/67c6357751300334f52e35f893ac854f/news/mar-berendelte-az-otodik-evadot-a-prime-video-a-reacher-soro.png
[01:21:56] Image_Downloader: Download failed (https://raw.githubusercontent.com/Derushir/Kepek/main/67c6357751300334f52e35f893ac854f/news/tobb-mint-8000-evre-tiltottak-ki-egy-jatekost-a-forza-horizo.jpg): 404 Client Error: Not Found for url: https://raw.githubusercontent.com/Derushir/Kepek/main/67c6357751300334f52e35f893ac854f/news/tobb-mint-8000-evre-tiltottak-ki-egy-jatekost-a-forza-horizo.jpg
[01:21:56] Image_Downloader: Download failed (https://raw.githubusercontent.com/Derushir/Kepek/main/67c6357751300334f52e35f893ac854f/news/a-magyar-mozisikerlistak-elen-a-michael-es-az-ordog-pradat-v.jpg): 404 Client Error: Not Found for url: https://raw.githubusercontent.com/Derushir/Kepek/main/67c6357751300334f52e35f893ac854f/news/a-magyar-mozisikerlistak-elen-a-michael-es-az-ordog-pradat-v.jpg
[01:21:56] Image_Downloader: Download failed (https://cdn1.faroutmagazine.co.uk/uploads/1/2024/10/Sammy-Hagar-Musician-Singer-Van-Halen-Far-Out-Magazine.jpg): HTTPSConnectionPool(host='cdn1.faroutmagazine.co.uk', port=443): Read timed out. (read timeout=5)
[01:21:56] Image_Downloader: Download failed (https://raw.githubusercontent.com/Derushir/Kepek/main/67c6357751300334f52e35f893ac854f/news/keszuloben-az-amd-radeon-rx-9050-8-gb-vram-mal-erkezhet.jpg): 404 Client Error: Not Found for url: https://raw.githubusercontent.com/Derushir/Kepek/main/67c6357751300334f52e35f893ac854f/news/keszuloben-az-amd-radeon-rx-9050-8-gb-vram-mal-erkezhet.jpg
[01:21:56] Image_Downloader: Download failed (https://raw.githubusercontent.com/Derushir/Kepek/main/67c6357751300334f52e35f893ac854f/news/cody-rhodes-wwe-bajnok-jogi-figyelmeztetest-kapott-a-nintend.jpg): 404 Client Error: Not Found for url: https://raw.githubusercontent.com/Derushir/Kepek/main/67c6357751300334f52e35f893ac854f/news/cody-rhodes-wwe-bajnok-jogi-figyelmeztetest-kapott-a-nintend.jpg
[01:21:57] Image_Downloader: Download failed (https://raw.githubusercontent.com/Derushir/Kepek/main/67c6357751300334f52e35f893ac854f/news/utmutato-a-hidak-javitasahoz-es-a-felvonohid-leengedesehez-a.jpg): 404 Client Error: Not Found for url: https://raw.githubusercontent.com/Derushir/Kepek/main/67c6357751300334f52e35f893ac854f/news/utmutato-a-hidak-javitasahoz-es-a-felvonohid-leengedesehez-a.jpg
[01:21:57] Image_Downloader: Download failed (https://raw.githubusercontent.com/Derushir/Kepek/main/67c6357751300334f52e35f893ac854f/news/elkezdodott-a-solana-alpenglow-frissitesenek-tesztelese-a-ha.png): 404 Client Error: Not Found for url: https://raw.githubusercontent.com/Derushir/Kepek/main/67c6357751300334f52e35f893ac854f/news/elkezdodott-a-solana-alpenglow-frissitesenek-tesztelese-a-ha.png
[01:21:58] Image_Downloader: Download failed (https://raw.githubusercontent.com/Derushir/Kepek/main/67c6357751300334f52e35f893ac854f/news/februari-csucson-a-solana-etf-ek-bearamlasa-a-kereskedok-a-1.jpg): 404 Client Error: Not Found for url: https://raw.githubusercontent.com/Derushir/Kepek/main/67c6357751300334f52e35f893ac854f/news/februari-csucson-a-solana-etf-ek-bearamlasa-a-kereskedok-a-1.jpg
[01:21:58] Image_Downloader: Download failed (https://raw.githubusercontent.com/Derushir/Kepek/main/67c6357751300334f52e35f893ac854f/news/stohl-andras-es-kiss-kriszta-kulonkiadassal-jelentkezik-a-ti.webp): HTTPSConnectionPool(host='raw.githubusercontent.com', port=443): Read timed out. (read timeout=5)
[01:21:58] Image_Downloader: Download failed (https://raw.githubusercontent.com/Derushir/Kepek/main/67c6357751300334f52e35f893ac854f/news/a-kiralyi-csalad-es-a-media-hogyan-valt-a-monarchia-celebkul.jpg): 404 Client Error: Not Found for url: https://raw.githubusercontent.com/Derushir/Kepek/main/67c6357751300334f52e35f893ac854f/news/a-kiralyi-csalad-es-a-media-hogyan-valt-a-monarchia-celebkul.jpg
[01:21:58] Image_Downloader: Download failed (https://raw.githubusercontent.com/Derushir/Kepek/main/67c6357751300334f52e35f893ac854f/news/kritikak-ertek-a-mixtape-cimu-jatek-interaktiv-csokolozos-mi.jpg): 404 Client Error: Not Found for url: https://raw.githubusercontent.com/Derushir/Kepek/main/67c6357751300334f52e35f893ac854f/news/kritikak-ertek-a-mixtape-cimu-jatek-interaktiv-csokolozos-mi.jpg
[01:21:59] Image_Downloader: Download failed (https://raw.githubusercontent.com/Derushir/Kepek/main/67c6357751300334f52e35f893ac854f/news/negy-kulonbozo-steam-machine-modell-erkezesere-utalnak-a-fri.jpg): 404 Client Error: Not Found for url: https://raw.githubusercontent.com/Derushir/Kepek/main/67c6357751300334f52e35f893ac854f/news/negy-kulonbozo-steam-machine-modell-erkezesere-utalnak-a-fri.jpg
[01:21:59] Image_Downloader: Download failed (https://raw.githubusercontent.com/Derushir/Kepek/main/67c6357751300334f52e35f893ac854f/news/jarmufejlesztesi-kalauz-az-outbound-cimu-jatekhoz.jpg): 404 Client Error: Not Found for url: https://raw.githubusercontent.com/Derushir/Kepek/main/67c6357751300334f52e35f893ac854f/news/jarmufejlesztesi-kalauz-az-outbound-cimu-jatekhoz.jpg
[01:22:00] Image_Downloader: Download failed (https://raw.githubusercontent.com/Derushir/Kepek/main/67c6357751300334f52e35f893ac854f/news/globalis-kozossegi-tornat-indit-a-world-of-tanks-modern-armo.jpg): 404 Client Error: Not Found for url: https://raw.githubusercontent.com/Derushir/Kepek/main/67c6357751300334f52e35f893ac854f/news/globalis-kozossegi-tornat-indit-a-world-of-tanks-modern-armo.jpg
[01:22:01] Image_Downloader: Download failed (https://raw.githubusercontent.com/Derushir/Kepek/main/67c6357751300334f52e35f893ac854f/news/mit-jelentenek-a-szem-elott-uszkalo-apro-foltok.jpg): 404 Client Error: Not Found for url: https://raw.githubusercontent.com/Derushir/Kepek/main/67c6357751300334f52e35f893ac854f/news/mit-jelentenek-a-szem-elott-uszkalo-apro-foltok.jpg
[01:22:01] Image_Downloader: Download failed (https://raw.githubusercontent.com/Derushir/Kepek/main/67c6357751300334f52e35f893ac854f/news/kepernyomentes-szorakozas-yoto-player-vagy-toniebox.jpg): 404 Client Error: Not Found for url: https://raw.githubusercontent.com/Derushir/Kepek/main/67c6357751300334f52e35f893ac854f/news/kepernyomentes-szorakozas-yoto-player-vagy-toniebox.jpg
[01:22:01] Image_Downloader: Download failed (https://raw.githubusercontent.com/Derushir/Kepek/main/67c6357751300334f52e35f893ac854f/news/felszamolasi-eljaras-indult-a-stream-finance-kriptoalapnal.png): 404 Client Error: Not Found for url: https://raw.githubusercontent.com/Derushir/Kepek/main/67c6357751300334f52e35f893ac854f/news/felszamolasi-eljaras-indult-a-stream-finance-kriptoalapnal.png
[01:22:02] Image_Downloader: Download failed (https://raw.githubusercontent.com/Derushir/Kepek/main/67c6357751300334f52e35f893ac854f/news/miert-ne-lapitsuk-ossze-az-aluminiumdobozokat-szelektiv-gyuj.jpg): 404 Client Error: Not Found for url: https://raw.githubusercontent.com/Derushir/Kepek/main/67c6357751300334f52e35f893ac854f/news/miert-ne-lapitsuk-ossze-az-aluminiumdobozokat-szelektiv-gyuj.jpg
[01:22:03] Image_Downloader: Download failed (https://raw.githubusercontent.com/Derushir/Kepek/main/67c6357751300334f52e35f893ac854f/news/veszelyes-gyogyszerhatoanyagokat-talaltak-potencianovelokben.jpg): 404 Client Error: Not Found for url: https://raw.githubusercontent.com/Derushir/Kepek/main/67c6357751300334f52e35f893ac854f/news/veszelyes-gyogyszerhatoanyagokat-talaltak-potencianovelokben.jpg
[01:22:03] Image_Downloader: Download failed (https://raw.githubusercontent.com/Derushir/Kepek/main/67c6357751300334f52e35f893ac854f/news/megnyitotta-kapuit-a-fertodi-esterhazy-kastely-cziraky-margi.jpg): 404 Client Error: Not Found for url: https://raw.githubusercontent.com/Derushir/Kepek/main/67c6357751300334f52e35f893ac854f/news/megnyitotta-kapuit-a-fertodi-esterhazy-kastely-cziraky-margi.jpg
[01:22:03] Image_Downloader: Download failed (https://image.forbes.com/images/2024/05/22/seattle-southside.jpg): HTTPSConnectionPool(host='image.forbes.com', port=443): Max retries exceeded with url: /images/2024/05/22/seattle-southside.jpg (Caused by NameResolutionError("HTTPSConnection(host='image.forbes.com', port=443): Failed to resolve 'image.forbes.com' ([Errno 8] nodename nor servname provided, or not known)"))
[01:22:04] Image_Downloader: Download failed (https://raw.githubusercontent.com/Derushir/Kepek/main/67c6357751300334f52e35f893ac854f/news/javuloban-britney-spears-kapcsolata-a-csaladjaval.jpg): 404 Client Error: Not Found for url: https://raw.githubusercontent.com/Derushir/Kepek/main/67c6357751300334f52e35f893ac854f/news/javuloban-britney-spears-kapcsolata-a-csaladjaval.jpg
[01:22:04] Image_Downloader: Download failed (https://raw.githubusercontent.com/Derushir/Kepek/main/67c6357751300334f52e35f893ac854f/news/thistle-egeszseges-friss-etelek-hazhozszallitasa-elofizetess.png): 404 Client Error: Not Found for url: https://raw.githubusercontent.com/Derushir/Kepek/main/67c6357751300334f52e35f893ac854f/news/thistle-egeszseges-friss-etelek-hazhozszallitasa-elofizetess.png
[01:22:04] Image_Downloader: Download failed (https://raw.githubusercontent.com/Derushir/Kepek/main/67c6357751300334f52e35f893ac854f/news/a-pszichologusok-szerint-ezek-a-hosszu-tavu-elkotelezodes-le.jpg): 404 Client Error: Not Found for url: https://raw.githubusercontent.com/Derushir/Kepek/main/67c6357751300334f52e35f893ac854f/news/a-pszichologusok-szerint-ezek-a-hosszu-tavu-elkotelezodes-le.jpg
[01:22:04] Image_Downloader: Download failed (https://raw.githubusercontent.com/Derushir/Kepek/main/67c6357751300334f52e35f893ac854f/news/a-path-of-war-2-fejlesztoje-elismerte-hogy-a-gta-6-megjelene.jpg): 404 Client Error: Not Found for url: https://raw.githubusercontent.com/Derushir/Kepek/main/67c6357751300334f52e35f893ac854f/news/a-path-of-war-2-fejlesztoje-elismerte-hogy-a-gta-6-megjelene.jpg
[01:22:05] Image_Downloader: Download failed (https://raw.githubusercontent.com/Derushir/Kepek/main/67c6357751300334f52e35f893ac854f/news/anyak-napi-fotoval-jelentkezett-sandra-bullock.jpg): 404 Client Error: Not Found for url: https://raw.githubusercontent.com/Derushir/Kepek/main/67c6357751300334f52e35f893ac854f/news/anyak-napi-fotoval-jelentkezett-sandra-bullock.jpg
[01:22:05] Image_Downloader: Download failed (https://raw.githubusercontent.com/Derushir/Kepek/main/67c6357751300334f52e35f893ac854f/news/ujra-egyutt-cardi-b-es-stefon-diggs.jpg): 404 Client Error: Not Found for url: https://raw.githubusercontent.com/Derushir/Kepek/main/67c6357751300334f52e35f893ac854f/news/ujra-egyutt-cardi-b-es-stefon-diggs.jpg
[01:22:05] Image_Downloader: Download failed (https://raw.githubusercontent.com/Derushir/Kepek/main/67c6357751300334f52e35f893ac854f/news/mihalik-eniko-ritka-foton-mutatta-meg-kislanya-arcat.jpg): 404 Client Error: Not Found for url: https://raw.githubusercontent.com/Derushir/Kepek/main/67c6357751300334f52e35f893ac854f/news/mihalik-eniko-ritka-foton-mutatta-meg-kislanya-arcat.jpg
[01:22:05] Image_Downloader: Download failed (https://raw.githubusercontent.com/Derushir/Kepek/main/67c6357751300334f52e35f893ac854f/news/mesterseges-intelligenciaval-haritott-el-105-milliard-dollar.jpg): HTTPSConnectionPool(host='raw.githubusercontent.com', port=443): Read timed out. (read timeout=5)
[01:22:06] Image_Downloader: Download failed (https://cdn.decrypt.co/resize/1024/height/512/wp-content/uploads/2025/05/solana-decrypt-style-04-gID_7.png): HTTPSConnectionPool(host='cdn.decrypt.co', port=443): Read timed out. (read timeout=5)
[01:22:06] Image_Downloader: Download failed (https://raw.githubusercontent.com/Derushir/Kepek/main/67c6357751300334f52e35f893ac854f/news/ujra-a-legnepszerubb-nevek-kozott-a-franciska.jpg): 404 Client Error: Not Found for url: https://raw.githubusercontent.com/Derushir/Kepek/main/67c6357751300334f52e35f893ac854f/news/ujra-a-legnepszerubb-nevek-kozott-a-franciska.jpg
[01:22:06] Image_Downloader: Download failed (https://raw.githubusercontent.com/Derushir/Kepek/main/67c6357751300334f52e35f893ac854f/news/kylie-jenner-a-kozossegi-mediaban-osztott-meg-reszleteket-ra.jpg): 404 Client Error: Not Found for url: https://raw.githubusercontent.com/Derushir/Kepek/main/67c6357751300334f52e35f893ac854f/news/kylie-jenner-a-kozossegi-mediaban-osztott-meg-reszleteket-ra.jpg
[01:22:06] Image_Downloader: Download failed (https://raw.githubusercontent.com/Derushir/Kepek/main/67c6357751300334f52e35f893ac854f/news/dogos-miniruhakban-folytattak-a-bulizast-a-sztarok-a-met-gal.jpg): 404 Client Error: Not Found for url: https://raw.githubusercontent.com/Derushir/Kepek/main/67c6357751300334f52e35f893ac854f/news/dogos-miniruhakban-folytattak-a-bulizast-a-sztarok-a-met-gal.jpg
[01:22:06] Image_Downloader: Download failed (https://raw.githubusercontent.com/Derushir/Kepek/main/67c6357751300334f52e35f893ac854f/news/uj-parja-van-volgyi-zsuzsinak.jpg): 404 Client Error: Not Found for url: https://raw.githubusercontent.com/Derushir/Kepek/main/67c6357751300334f52e35f893ac854f/news/uj-parja-van-volgyi-zsuzsinak.jpg
[01:22:07] Image_Downloader: Download failed (https://raw.githubusercontent.com/Derushir/Kepek/main/67c6357751300334f52e35f893ac854f/news/a-manchester-city-szerzodtetne-a-hertha-16-eves-tehetseget.jpg): 404 Client Error: Not Found for url: https://raw.githubusercontent.com/Derushir/Kepek/main/67c6357751300334f52e35f893ac854f/news/a-manchester-city-szerzodtetne-a-hertha-16-eves-tehetseget.jpg
[01:22:07] Image_Downloader: Download failed (https://raw.githubusercontent.com/Derushir/Kepek/main/67c6357751300334f52e35f893ac854f/news/dina-marton-elete-formajaban-varja-a-szerdan-rajtolo-tour-de.jpg): 404 Client Error: Not Found for url: https://raw.githubusercontent.com/Derushir/Kepek/main/67c6357751300334f52e35f893ac854f/news/dina-marton-elete-formajaban-varja-a-szerdan-rajtolo-tour-de.jpg
[01:22:07] Image_Downloader: Download failed (https://raw.githubusercontent.com/Derushir/Kepek/main/67c6357751300334f52e35f893ac854f/news/blizzard-esemeny-erkezoben-a-world-of-warcraft-classic-plus.jpg): HTTPSConnectionPool(host='raw.githubusercontent.com', port=443): Read timed out. (read timeout=5)
[01:22:10] Image_Downloader: Download failed (https://raw.githubusercontent.com/Derushir/Kepek/main/67c6357751300334f52e35f893ac854f/news/elizabeth-hurley-es-billy-ray-cyrus-kapcsolata-a-voros-szony.jpg): 404 Client Error: Not Found for url: https://raw.githubusercontent.com/Derushir/Kepek/main/67c6357751300334f52e35f893ac854f/news/elizabeth-hurley-es-billy-ray-cyrus-kapcsolata-a-voros-szony.jpg
[01:22:12] Image_Downloader: Download failed (https://raw.githubusercontent.com/Derushir/Kepek/main/67c6357751300334f52e35f893ac854f/news/szerbia-elleni-vilagbajnoki-selejtezore-keszul-a-ferfi-kezil.jpg): 404 Client Error: Not Found for url: https://raw.githubusercontent.com/Derushir/Kepek/main/67c6357751300334f52e35f893ac854f/news/szerbia-elleni-vilagbajnoki-selejtezore-keszul-a-ferfi-kezil.jpg
[01:22:13] Image_Downloader: Download failed (https://raw.githubusercontent.com/Derushir/Kepek/main/67c6357751300334f52e35f893ac854f/news/andes-hantavirus-miatt-evakualtak-az-mv-hondius-utasait.jpg): HTTPSConnectionPool(host='raw.githubusercontent.com', port=443): Read timed out. (read timeout=5)
[01:22:13] Image_Downloader: Download failed (https://raw.githubusercontent.com/Derushir/Kepek/main/67c6357751300334f52e35f893ac854f/news/a-kriptotozsdek-az-elorejelzesi-piacok-fele-fordulnak-a-viss.png): HTTPSConnectionPool(host='raw.githubusercontent.com', port=443): Read timed out. (read timeout=5)
[01:22:14] Image_Downloader: Download failed (https://raw.githubusercontent.com/Derushir/Kepek/main/67c6357751300334f52e35f893ac854f/news/kiallitottak-az-nba-sztar-victor-wembanyamat-egy-szabalytala.jpg): HTTPSConnectionPool(host='raw.githubusercontent.com', port=443): Read timed out. (read timeout=5)
[01:22:15] Image_Downloader: Download failed (https://raw.githubusercontent.com/Derushir/Kepek/main/67c6357751300334f52e35f893ac854f/news/hansi-flick-sikeres-csapatepitese-a-barcelonanal.jpg): 404 Client Error: Not Found for url: https://raw.githubusercontent.com/Derushir/Kepek/main/67c6357751300334f52e35f893ac854f/news/hansi-flick-sikeres-csapatepitese-a-barcelonanal.jpg
[01:22:16] Image_Downloader: Download failed (https://raw.githubusercontent.com/Derushir/Kepek/main/67c6357751300334f52e35f893ac854f/news/kendall-jenner-es-jacob-elordi-kapcsolata-egyelore-kotetlen-.jpg): 404 Client Error: Not Found for url: https://raw.githubusercontent.com/Derushir/Kepek/main/67c6357751300334f52e35f893ac854f/news/kendall-jenner-es-jacob-elordi-kapcsolata-egyelore-kotetlen-.jpg
[01:22:19] Image_Downloader: Download failed (https://i.cdn29.hu/apix_collect_c/ngg_images/2511/12/steam_controller_steam_machine_192506_1_original_760x425_cover.jpg): HTTPSConnectionPool(host='i.cdn29.hu', port=443): Read timed out. (read timeout=5)
[01:22:20] Image_Downloader: Download failed (https://raw.githubusercontent.com/Derushir/Kepek/main/67c6357751300334f52e35f893ac854f/news/tenyek-es-szabalyok-a-bajnokok-ligaja-legendas-trofeajarol.jpg): 404 Client Error: Not Found for url: https://raw.githubusercontent.com/Derushir/Kepek/main/67c6357751300334f52e35f893ac854f/news/tenyek-es-szabalyok-a-bajnokok-ligaja-legendas-trofeajarol.jpg
[01:22:24] Image_Downloader: Download failed (https://cdn.mos.cms.futurecdn.net/qo7kYZCFbZZzcQXxBH76tM-1920-80.jpg): HTTPSConnectionPool(host='cdn.mos.cms.futurecdn.net', port=443): Read timed out. (read timeout=5)
[01:23:03] Image_Downloader: Download failed (https://www.mafab.hu/static/files/images/fb-custom-share/tara.jpg): 404 Client Error: Not Found for url: https://www.mafab.hu/static/files/images/fb-custom-share/tara.jpg
