[00:07:03] Image_Downloader: ❌ All API keys exhausted (rate limit on all)
[00:07:03] Image_Downloader: ❌ All API keys exhausted (rate limit on all)
[00:07:04] Image_Downloader: ❌ All API keys exhausted (rate limit on all)
[00:07:05] Image_Downloader: ❌ All API keys exhausted (rate limit on all)
[00:07:05] Image_Downloader: ❌ All API keys exhausted (rate limit on all)
[00:07:28] Summarizer: [Batch] 1 item(s) missing from response → marked for reprocessing
[00:07:37] Summarizer: [Batch] 🔧 No balanced array found, but recovered 8 individual object(s)
[00:07:37] Summarizer: [Batch] 3 item(s) missing from response → marked for reprocessing
[00:07:50] Summarizer: [Batch] Invalid JSON (attempt 1/3)
[00:07:50] Summarizer: [Batch] Invalid JSON error: JSON payload exists but could not extract a balanced JSON array segment.
[00:08:15] Summarizer: [Batch] 1 item(s) missing from response → marked for reprocessing
[00:08:28] Summarizer: [Batch] 3 item(s) missing from response → marked for reprocessing
[00:08:38] Summarizer: [Batch] 🔧 No balanced array found, but recovered 5 individual object(s)
[00:08:38] Summarizer: [Batch] 2 item(s) missing from response → marked for reprocessing
[00:09:07] Summarizer: [MissingDetector] ⚠️ PAIRING FAIL: 'https://www.ign.com/articles/predator-badlands-director-dan-trachtenberg-explains-why-he-held-his-ground-on-sidekick-character-bud-despite-his-editor-telling-him- staffers-he-sounded-like-jar-jar-binks' not found. KEEPING ITEM (Fallback).
[00:09:07] Summarizer: [Batch] 1 item(s) missing from response → marked for reprocessing
[00:09:07] Summarizer: [FreeGeminiAPI] ⚠️ PAIRING FAIL: 'https://www.ign.com/articles/predator-badlands-director-dan-trachtenberg-explains-why-he-held-his-ground-on-sidekick-character-bud-despite-his-editor-telling-him- staffers-he-sounded-like-jar-jar-binks' not found. KEEPING ITEM (Fallback).
[00:09:35] Summarizer: [Batch] 1 item(s) missing from response → marked for reprocessing
[00:10:01] Summarizer: [DownloadWorker-5] SKIP (duplicate title): Kilökte a Telex újságíróit Csákberény po...
[00:10:11] Summarizer: [DownloadWorker-9] SKIP (duplicate title): Kritikák, videók, szereplők...
[00:10:30] Summarizer: [Batch] 2 item(s) missing from response → marked for reprocessing
[00:10:53] Summarizer: [Batch] 2 item(s) missing from response → marked for reprocessing
[00:10:53] Summarizer: [Batch] 1 item(s) missing from response → marked for reprocessing
[00:11:14] Summarizer: [Batch] No response from API (attempt 1/3)
[00:11:28] Summarizer: [DownloadWorker-8] SKIP (duplicate title): PlayStation Plus 2026 Extra/Premium - A ...
[00:11:46] Summarizer: [Batch] 2 item(s) missing from response → marked for reprocessing
[00:11:50] Summarizer: [Batch] 1 item(s) missing from response → marked for reprocessing
[00:12:08] Summarizer: [Batch] 2 item(s) missing from response → marked for reprocessing
[00:12:10] Summarizer: [Batch] 1 item(s) missing from response → marked for reprocessing
[00:12:25] Summarizer: [DownloadWorker-7] SKIP (duplicate title): Filmek, képek, díjak...
[00:12:45] Summarizer: [Batch] 1 item(s) missing from response → marked for reprocessing
[00:12:54] Summarizer: [Batch] 5 item(s) missing from response → marked for reprocessing
[00:13:29] Summarizer: [DownloadWorker-7] SKIP (duplicate title): A Meta a 13 év alattiaknak is megnyitja ...
[00:14:03] Summarizer: [MissingDetector] ⚠️ PAIRING FAIL: 'https://www.gsplus.hu/hir/semmit-sem-tehetsz-ellene-30-masodperces-atugorhatatlan-reklamok-jonnen-a-youtubera-379421.html' not found. KEEPING ITEM (Fallback).
[00:14:03] Summarizer: [Batch] 1 item(s) missing from response → marked for reprocessing
[00:14:03] Summarizer: [FreeGeminiAPI] ⚠️ PAIRING FAIL: 'https://www.gsplus.hu/hir/semmit-sem-tehetsz-ellene-30-masodperces-atugorhatatlan-reklamok-jonnen-a-youtubera-379421.html' not found. KEEPING ITEM (Fallback).
[00:15:16] Summarizer: [DownloadWorker-4] SKIP (duplicate title): Online Jegyvásárlás...
[00:15:34] Summarizer: [DownloadWorker-0] SKIP (duplicate title): Zelenszkij: Egyszer már majdnem sikerült...
[00:16:11] Summarizer: [Batch] 1 item(s) missing from response → marked for reprocessing
[00:19:54] Image_Downloader: ❌ All API keys exhausted (rate limit on all)
[00:19:54] Image_Downloader: ❌ All API keys exhausted (rate limit on all)
[00:19:55] Image_Downloader: ❌ All API keys exhausted (rate limit on all)
[00:19:55] Image_Downloader: ❌ All API keys exhausted (rate limit on all)
[00:19:55] Image_Downloader: ❌ All API keys exhausted (rate limit on all)
[00:19:55] Image_Downloader: ❌ All API keys exhausted (rate limit on all)
[00:19:56] Image_Downloader: ❌ All API keys exhausted (rate limit on all)
[00:19:56] Image_Downloader: ❌ All API keys exhausted (rate limit on all)
[00:19:56] Image_Downloader: ❌ All API keys exhausted (rate limit on all)
[00:19:57] Image_Downloader: ❌ All API keys exhausted (rate limit on all)
[00:19:57] Image_Downloader: ❌ All API keys exhausted (rate limit on all)
[00:19:57] Image_Downloader: ❌ All API keys exhausted (rate limit on all)
[00:19:57] Image_Downloader: ❌ All API keys exhausted (rate limit on all)
[00:19:57] Image_Downloader: ❌ All API keys exhausted (rate limit on all)
[00:19:57] Image_Downloader: ❌ All API keys exhausted (rate limit on all)
[00:19:58] Image_Downloader: ❌ All API keys exhausted (rate limit on all)
[00:19:58] Image_Downloader: ❌ All API keys exhausted (rate limit on all)
[00:19:58] Image_Downloader: ❌ All API keys exhausted (rate limit on all)
[00:19:58] Image_Downloader: ❌ All API keys exhausted (rate limit on all)
[00:20:05] Image_Downloader: ❌ All API keys exhausted (rate limit on all)
