
--- RSS Fetch Errors at 2026-06-04 01:02:01 ---
Error fetching https://totalcar.hu/24ora/rss/: Failed to perform, curl: (28) Operation timed out after 928508 milliseconds with 0 bytes received. See https://curl.se/libcurl/c/libcurl-errors.html first for more details.
Error fetching https://prohardver.hu/hirfolyam/anyagok/rss.xml: Failed to perform, curl: (28) Operation timed out after 929950 milliseconds with 0 bytes received. See https://curl.se/libcurl/c/libcurl-errors.html first for more details.
Error fetching https://prohardver.hu/hirfolyam/hirek/rss.xml: Failed to perform, curl: (28) Operation timed out after 929951 milliseconds with 0 bytes received. See https://curl.se/libcurl/c/libcurl-errors.html first for more details.
Error fetching https://hold.hu/holdblog/feed: Failed to perform, curl: (28) Operation timed out after 928949 milliseconds with 0 bytes received. See https://curl.se/libcurl/c/libcurl-errors.html first for more details.
Error fetching https://www.nasa.gov/rss/dyn/breaking_news.rss: Failed to perform, curl: (28) Resolving timed out after 927949 milliseconds. See https://curl.se/libcurl/c/libcurl-errors.html first for more details.
Error fetching https://www.cnet.com/rss/all/: Failed to perform, curl: (28) Connection timed out after 928359 milliseconds. See https://curl.se/libcurl/c/libcurl-errors.html first for more details.
Error fetching https://rss.nytimes.com/services/xml/rss/nyt/Science.xml: Failed to perform, curl: (28) Connection timed out after 928364 milliseconds. See https://curl.se/libcurl/c/libcurl-errors.html first for more details.
Error fetching https://hu.ign.com/feed.xml: Failed to perform, curl: (28) Connection timed out after 930257 milliseconds. See https://curl.se/libcurl/c/libcurl-errors.html first for more details.
Error fetching https://blog.google/rss/: Failed to perform, curl: (28) Resolving timed out after 927950 milliseconds. See https://curl.se/libcurl/c/libcurl-errors.html first for more details.
Error fetching https://github.blog/feed/: Failed to perform, curl: (28) Resolving timed out after 927950 milliseconds. See https://curl.se/libcurl/c/libcurl-errors.html first for more details.
Error fetching https://welovebudapest.com/feed/: Failed to perform, curl: (28) Resolving timed out after 927949 milliseconds. See https://curl.se/libcurl/c/libcurl-errors.html first for more details.
Error fetching https://vezess.hu/rss: Failed to perform, curl: (28) Operation timed out after 928951 milliseconds with 0 bytes received. See https://curl.se/libcurl/c/libcurl-errors.html first for more details.
Error fetching https://futurism.com/feed: Failed to perform, curl: (28) Connection timed out after 928242 milliseconds. See https://curl.se/libcurl/c/libcurl-errors.html first for more details.
Error fetching https://www.space.com/feeds/all: Failed to perform, curl: (28) Connection timed out after 928254 milliseconds. See https://curl.se/libcurl/c/libcurl-errors.html first for more details.
Error fetching https://www.livescience.com/feeds/all: Failed to perform, curl: (28) Resolving timed out after 928257 milliseconds. See https://curl.se/libcurl/c/libcurl-errors.html first for more details.
Error fetching https://techpowerup.com/rss/news: Failed to perform, curl: (28) Connection timed out after 928507 milliseconds. See https://curl.se/libcurl/c/libcurl-errors.html first for more details.
Error fetching https://hwsw.hu/xml/latest_news_rss.xml: Failed to perform, curl: (28) Connection timed out after 930443 milliseconds. See https://curl.se/libcurl/c/libcurl-errors.html first for more details.
Error fetching https://www.sciencedaily.com/rss/all.xml: Failed to perform, curl: (28) Connection timed out after 928361 milliseconds. See https://curl.se/libcurl/c/libcurl-errors.html first for more details.
Error fetching https://www.sciencedaily.com/rss/top.xml: Failed to perform, curl: (28) Connection timed out after 928369 milliseconds. See https://curl.se/libcurl/c/libcurl-errors.html first for more details.
Error fetching https://www.cnet.com/rss/news/: Failed to perform, curl: (28) Operation timed out after 928658 milliseconds with 0 bytes received. See https://curl.se/libcurl/c/libcurl-errors.html first for more details.
Error fetching https://www.drive.com.au/feed/: HTTP Error 403: 
[01:17:37] Summarizer: [Batch] 1 item(s) missing from response → marked for reprocessing
[01:17:39] Summarizer: [DownloadWorker-5] SKIP (duplicate title): TRADING ECONOMICS...
[01:17:44] Summarizer: [Batch] 2 item(s) missing from response → marked for reprocessing
[01:17:48] Summarizer: [DownloadWorker-3] SKIP (duplicate title): Karácsonyra megjövök (film, 2026) | Krit...
[01:17:49] Summarizer: [DownloadWorker-8] SKIP (duplicate title): WMN...
[01:17:51] Summarizer: [Batch] 2 item(s) missing from response → marked for reprocessing
[01:17:54] Summarizer: [Batch] 1 item(s) missing from response → marked for reprocessing
[01:17:55] Summarizer: [DownloadWorker-8] SKIP (duplicate title): Padlógázzal indul a nyár: gaming és autó...
[01:33:42] Summarizer: [DownloadWorker-8] SKIP (duplicate title): Emlékeztető: Juliet 1. évad...
[01:33:46] Summarizer: [Batch] 1 item(s) missing from response → marked for reprocessing
[01:33:49] Summarizer: [DownloadWorker-3] SKIP (duplicate title): Femina.hu...
[01:33:54] Summarizer: [DownloadWorker-8] SKIP (duplicate title): United States ISM Services PMI...
[01:33:57] Summarizer: [DownloadWorker-9] SKIP (duplicate title): Mastercard Adds Stablecoin Settlement fo...
[01:33:58] Summarizer: [MissingDetector] ⚠️ PAIRING FAIL: 'https://444.hu/2026/06/03/tarr-zoltanek-tudni-akarjak-hova-es-kihez-vandoroltak-a-muzeumi-mukincsek?utm_source=rss_feed&utm_medium=rss&campaign=rss_syndication' not found. KEEPING ITEM (Fallback).
[01:33:58] Summarizer: [Batch] 1 item(s) missing from response → marked for reprocessing
[01:33:58] Summarizer: [FreeGeminiAPI_1] ⚠️ PAIRING FAIL: 'https://444.hu/2026/06/03/tarr-zoltanek-tudni-akarjak-hova-es-kihez-vandoroltak-a-muzeumi-mukincsek?utm_source=rss_feed&utm_medium=rss&campaign=rss_syndication' not found. KEEPING ITEM (Fallback).
[01:34:02] Summarizer: [Batch] 2 item(s) missing from response → marked for reprocessing
[01:34:06] Summarizer: [MissingDetector] ⚠️ PAIRING FAIL: 'https://www.gsplus.hu/summergamefest/egy-masik-ismert-karakter-is-jatszhato-lehet-az-uj-god-of-war-nem-csak-faye-lesz-a-kozpontban-383119.html' not found. KEEPING ITEM (Fallback).
[01:34:06] Summarizer: [Batch] 2 item(s) missing from response → marked for reprocessing
[01:34:06] Summarizer: [FreeGeminiAPI_1] ⚠️ PAIRING FAIL: 'https://www.gsplus.hu/summergamefest/egy-masik-ismert-karakter-is-jatszhato-lehet-az-uj-god-of-war-nem-csak-faye-lesz-a-kozpontban-383119.html' not found. KEEPING ITEM (Fallback).
[01:34:13] Summarizer: [Batch] 2 item(s) missing from response → marked for reprocessing
[01:34:14] Summarizer: [DownloadWorker-8] SKIP (duplicate title): Femina.hu...
[01:34:16] Summarizer: [DownloadWorker-7] SKIP (duplicate title): TRADING ECONOMICS...
[01:34:19] Summarizer: [Batch] 1 item(s) missing from response → marked for reprocessing
[01:34:20] Summarizer: [Batch] 2 item(s) missing from response → marked for reprocessing
[01:34:22] Summarizer: [DownloadWorker-9] SKIP (duplicate title): Lucky  (sorozat, 2026) | Kritikák, videó...
[01:49:14] Summarizer: [DownloadWorker-1] SKIP (duplicate title): Femina.hu...
[01:49:18] Summarizer: [DownloadWorker-1] SKIP (duplicate title): Kovács Kati Jubileumi Nagykoncert - DEBR...
[01:49:20] Summarizer: [DownloadWorker-0] SKIP (duplicate title): The Powerful Skytech AMD Ryzen 7 9800X3D...
[01:49:35] Summarizer: [DownloadWorker-7] SKIP (duplicate title): Femina.hu...
[01:49:41] Summarizer: [DownloadWorker-6] SKIP (duplicate title): Vad természet  (sorozat, 2025) | Kritiká...
[01:49:48] Summarizer: [DownloadWorker-6] SKIP (duplicate title): Femina.hu...
[02:06:15] Summarizer: [DownloadWorker-4] SKIP (duplicate title): Femina.hu...
[02:06:21] Summarizer: [DownloadWorker-5] SKIP (duplicate title): Elvitték a Skandináv lottó főnyereményét...
[02:06:27] Summarizer: [DownloadWorker-9] SKIP (duplicate title): Euphoria: vége a 3. évadnak. És a soroza...
[02:06:40] Summarizer: [DownloadWorker-8] SKIP (duplicate title): Femina.hu...
[02:06:42] Summarizer: [DownloadWorker-1] SKIP (duplicate title): Mit nézzek? 6 új film, amit CSAK a mozik...
[02:06:49] Summarizer: [DownloadWorker-5] SKIP (duplicate title): Femina.hu...
[02:06:56] Summarizer: [DownloadWorker-1] SKIP (duplicate title): Femina.hu...
[02:07:00] Summarizer: [DownloadWorker-0] SKIP (duplicate title): Femina.hu...
[02:07:05] Summarizer: [DownloadWorker-8] SKIP (duplicate title): Femina.hu...
[02:10:46] Summarizer: [DownloadWorker-3] SKIP (duplicate title): Femina.hu...
[02:10:46] Summarizer: [DownloadWorker-9] SKIP (duplicate title): Európa is létezik: Juliet...
[02:10:48] Summarizer: [DownloadWorker-8] SKIP (duplicate title): Femina.hu...
[02:10:49] Summarizer: [DownloadWorker-8] SKIP (duplicate title): A hét dumája...
[02:10:52] Summarizer: [DownloadWorker-3] SKIP (duplicate title): Femina.hu...
[02:10:54] Summarizer: [DownloadWorker-6] SKIP (duplicate title): How to Play the God of War Games in Orde...
[02:10:57] Summarizer: [DownloadWorker-1] SKIP (duplicate title): Femina.hu...
[02:10:59] Summarizer: TIMEOUT (180s) - backend call took too long
[02:10:59] Summarizer: [Batch] No response from API (attempt 1/3)
[02:11:18] Summarizer: [MissingDetector] ⚠️ PAIRING FAIL: 'https://www.vezess.hu/magazin/2026/06/03/a-debreceni-bmw-gyar-a-munkasok-maradekat-is-figyelik/' not found. KEEPING ITEM (Fallback).
[02:11:18] Summarizer: [Batch] 1 item(s) missing from response → marked for reprocessing
[02:11:18] Summarizer: [FreeGeminiAPI_2] ⚠️ PAIRING FAIL: 'https://www.vezess.hu/magazin/2026/06/03/a-debreceni-bmw-gyar-a-munkasok-maradekat-is-figyelik/' not found. KEEPING ITEM (Fallback).
[02:11:26] Summarizer: [Batch] 1 item(s) missing from response → marked for reprocessing
[02:11:40] Summarizer: [Batch] 3 item(s) missing from response → marked for reprocessing
[02:11:46] Summarizer: TIMEOUT (180s) - backend call took too long
[02:11:46] Summarizer: [Batch] No response from API (attempt 1/3)
[02:11:47] Summarizer: TIMEOUT (180s) - backend call took too long
[02:11:47] Summarizer: [Batch] No response from API (attempt 1/3)
[02:11:58] Summarizer: [Batch] 1 item(s) missing from response → marked for reprocessing
[02:12:04] Summarizer: [Batch] 3 item(s) missing from response → marked for reprocessing
[02:12:12] Summarizer: [Batch] 1 item(s) missing from response → marked for reprocessing
[02:12:14] Summarizer: [MissingDetector] ⚠️ PAIRING FAIL: 'https://player.hu/kaland/nyaron-meg-biztosan-nem-furodhetunk-a-miskolctapolcai-barlangfurodobe' not found. KEEPING ITEM (Fallback).
[02:12:14] Summarizer: [Batch] 2 item(s) missing from response → marked for reprocessing
[02:12:14] Summarizer: [FreeGeminiAPI_1] ⚠️ PAIRING FAIL: 'https://player.hu/kaland/nyaron-meg-biztosan-nem-furodhetunk-a-miskolctapolcai-barlangfurodobe' not found. KEEPING ITEM (Fallback).
[02:12:29] Summarizer: [Batch] 2 item(s) missing from response → marked for reprocessing
[02:12:32] Summarizer: [Batch] 2 item(s) missing from response → marked for reprocessing
[02:12:38] Summarizer: [MissingDetector] ⚠️ PAIRING FAIL: 'https://444.hu/2026/06/03/skrabski-fruszsina-szerint-novak-katalin-nem-akart-budahazy-gyorgyeknek-kegyelmet-adni-de-o-lobbizott-ertuk?utm_source=rss_feed&utm_medium=rss&utm_campaign=rss_syndication' not found. KEEPING ITEM (Fallback).
[02:12:38] Summarizer: [Batch] 1 item(s) missing from response → marked for reprocessing
[02:12:38] Summarizer: [FreeGeminiAPI_1] ⚠️ PAIRING FAIL: 'https://444.hu/2026/06/03/skrabski-fruszsina-szerint-novak-katalin-nem-akart-budahazy-gyorgyeknek-kegyelmet-adni-de-o-lobbizott-ertuk?utm_source=rss_feed&utm_medium=rss&utm_campaign=rss_syndication' not found. KEEPING ITEM (Fallback).
[02:12:40] Summarizer: [Batch] 1 item(s) missing from response → marked for reprocessing
[02:12:41] Summarizer: [Batch] 1 item(s) missing from response → marked for reprocessing
[02:12:47] Summarizer: [Batch] 2 item(s) missing from response → marked for reprocessing
[02:12:47] Summarizer: [Batch] 2 item(s) missing from response → marked for reprocessing
[02:12:53] Summarizer: [Batch] 3 item(s) missing from response → marked for reprocessing
[02:12:53] Summarizer: [Batch] 2 item(s) missing from response → marked for reprocessing
[02:12:58] Summarizer: [Batch] 4 item(s) missing from response → marked for reprocessing
[02:13:00] Summarizer: [Batch] 3 item(s) missing from response → marked for reprocessing
[02:13:05] Summarizer: [Batch] 3 item(s) missing from response → marked for reprocessing
[02:13:14] Summarizer: [MissingDetector] ⚠️ PAIRING FAIL: 'https://www.sorozatjunkie.hu/2026/06/03/labdarugo-nb1-a-golkiralysag-a-golkiralysagban/' not found. KEEPING ITEM (Fallback).
[02:13:14] Summarizer: [Batch] 1 item(s) missing from response → marked for reprocessing
[02:13:14] Summarizer: [FreeGeminiAPI_2] ⚠️ PAIRING FAIL: 'https://www.sorozatjunkie.hu/2026/06/03/labdarugo-nb1-a-golkiralysag-a-golkiralysagban/' not found. KEEPING ITEM (Fallback).
[02:13:15] Summarizer: [Batch] 3 item(s) missing from response → marked for reprocessing
[02:13:21] Summarizer: [Batch] 1 item(s) missing from response → marked for reprocessing
[02:13:27] Summarizer: [Batch] 1 item(s) missing from response → marked for reprocessing
[02:13:34] Summarizer: Reprocessing 5 pairing failures from data.json
[03:26:28] Image_Downloader: Download failed (https://raw.githubusercontent.com/Derushir/Kepek/main/67c6357751300334f52e35f893ac854f/news/nyomoz-a-rendorseg-apolok-bantalmazhattak-egy-beteget-a-jahn.jpg): 404 Client Error: Not Found for url: https://raw.githubusercontent.com/Derushir/Kepek/main/67c6357751300334f52e35f893ac854f/news/nyomoz-a-rendorseg-apolok-bantalmazhattak-egy-beteget-a-jahn.jpg
[03:26:28] Image_Downloader: Download failed (https://raw.githubusercontent.com/Derushir/Kepek/main/67c6357751300334f52e35f893ac854f/news/az-allambiztonsagi-iratok-a-partiranyitas-alol-mutatjak-be-a.jpg): 404 Client Error: Not Found for url: https://raw.githubusercontent.com/Derushir/Kepek/main/67c6357751300334f52e35f893ac854f/news/az-allambiztonsagi-iratok-a-partiranyitas-alol-mutatjak-be-a.jpg
[03:26:28] Image_Downloader: Download failed (https://raw.githubusercontent.com/Derushir/Kepek/main/67c6357751300334f52e35f893ac854f/news/budapesten-egyeztettek-a-visegradi-negyek-vezerkari-fonokei.jpg): 404 Client Error: Not Found for url: https://raw.githubusercontent.com/Derushir/Kepek/main/67c6357751300334f52e35f893ac854f/news/budapesten-egyeztettek-a-visegradi-negyek-vezerkari-fonokei.jpg
[03:26:28] Image_Downloader: Download failed (https://raw.githubusercontent.com/Derushir/Kepek/main/67c6357751300334f52e35f893ac854f/news/elszabadult-tehenek-setaltak-be-egy-nemet-korhaz-surgossegi-.jpg): 404 Client Error: Not Found for url: https://raw.githubusercontent.com/Derushir/Kepek/main/67c6357751300334f52e35f893ac854f/news/elszabadult-tehenek-setaltak-be-egy-nemet-korhaz-surgossegi-.jpg
[03:26:28] Image_Downloader: Download failed (https://raw.githubusercontent.com/Derushir/Kepek/main/67c6357751300334f52e35f893ac854f/news/megtalaltak-a-masodik-vilaghaboruban-elsullyedt-uss-indianap.jpg): 404 Client Error: Not Found for url: https://raw.githubusercontent.com/Derushir/Kepek/main/67c6357751300334f52e35f893ac854f/news/megtalaltak-a-masodik-vilaghaboruban-elsullyedt-uss-indianap.jpg
[03:26:28] Image_Downloader: Download failed (https://raw.githubusercontent.com/Derushir/Kepek/main/67c6357751300334f52e35f893ac854f/news/atfogo-torvenyt-keszitenek-elo-a-velencei-to-megmenteseert.jpg): 404 Client Error: Not Found for url: https://raw.githubusercontent.com/Derushir/Kepek/main/67c6357751300334f52e35f893ac854f/news/atfogo-torvenyt-keszitenek-elo-a-velencei-to-megmenteseert.jpg
[03:26:28] Image_Downloader: Download failed (https://raw.githubusercontent.com/Derushir/Kepek/main/67c6357751300334f52e35f893ac854f/news/digitalis-szuverenitasi-csomagot-indit-az-europai-bizottsag.jpg): 404 Client Error: Not Found for url: https://raw.githubusercontent.com/Derushir/Kepek/main/67c6357751300334f52e35f893ac854f/news/digitalis-szuverenitasi-csomagot-indit-az-europai-bizottsag.jpg
[03:26:28] Image_Downloader: Download failed (https://raw.githubusercontent.com/Derushir/Kepek/main/67c6357751300334f52e35f893ac854f/news/a-2026-os-hyundai-ioniq-5-a-kelley-blue-book-szerint-az-ev-l.webp): 404 Client Error: Not Found for url: https://raw.githubusercontent.com/Derushir/Kepek/main/67c6357751300334f52e35f893ac854f/news/a-2026-os-hyundai-ioniq-5-a-kelley-blue-book-szerint-az-ev-l.webp
[03:26:28] Image_Downloader: Download failed (https://img.444.hu/2024/02/16/1708080186-50854407519-c73e047395-o.jpg): 404 Client Error: Not Found for url: https://img.444.hu/2024/02/16/1708080186-50854407519-c73e047395-o.jpg
[03:26:28] Image_Downloader: Download failed (https://raw.githubusercontent.com/Derushir/Kepek/main/67c6357751300334f52e35f893ac854f/news/allatkinzas-gyanuja-miatt-25-macskat-mentettek-ki-egy-tolmac.jpg): 404 Client Error: Not Found for url: https://raw.githubusercontent.com/Derushir/Kepek/main/67c6357751300334f52e35f893ac854f/news/allatkinzas-gyanuja-miatt-25-macskat-mentettek-ki-egy-tolmac.jpg
[03:26:28] Image_Downloader: Download failed (https://raw.githubusercontent.com/Derushir/Kepek/main/67c6357751300334f52e35f893ac854f/news/barna-medvet-eszleltek-paszto-kornyeken.jpg): 404 Client Error: Not Found for url: https://raw.githubusercontent.com/Derushir/Kepek/main/67c6357751300334f52e35f893ac854f/news/barna-medvet-eszleltek-paszto-kornyeken.jpg
[03:26:28] Image_Downloader: Download failed (https://raw.githubusercontent.com/Derushir/Kepek/main/67c6357751300334f52e35f893ac854f/news/budapesten-nyilt-szabadteri-fotokiallitas-maros-megye-turisz.jpg): 404 Client Error: Not Found for url: https://raw.githubusercontent.com/Derushir/Kepek/main/67c6357751300334f52e35f893ac854f/news/budapesten-nyilt-szabadteri-fotokiallitas-maros-megye-turisz.jpg
[03:26:28] Image_Downloader: Download failed (https://raw.githubusercontent.com/Derushir/Kepek/main/67c6357751300334f52e35f893ac854f/news/a-disney-bemutatta-a-ndrangheta-maffiaszervezetrol-szolo-dok.gif): 404 Client Error: Not Found for url: https://raw.githubusercontent.com/Derushir/Kepek/main/67c6357751300334f52e35f893ac854f/news/a-disney-bemutatta-a-ndrangheta-maffiaszervezetrol-szolo-dok.gif
[03:26:28] Image_Downloader: Download failed (https://raw.githubusercontent.com/Derushir/Kepek/main/67c6357751300334f52e35f893ac854f/news/pinter-bence-a-fizetescsokkentes-is-belefer-ha-cserebe-gyor-.jpg): 404 Client Error: Not Found for url: https://raw.githubusercontent.com/Derushir/Kepek/main/67c6357751300334f52e35f893ac854f/news/pinter-bence-a-fizetescsokkentes-is-belefer-ha-cserebe-gyor-.jpg
[03:26:28] Image_Downloader: Download failed (https://raw.githubusercontent.com/Derushir/Kepek/main/67c6357751300334f52e35f893ac854f/news/egyszulos-es-egygyermekes-csaladokat-is-tamogatnanak-az-unio.jpg): 404 Client Error: Not Found for url: https://raw.githubusercontent.com/Derushir/Kepek/main/67c6357751300334f52e35f893ac854f/news/egyszulos-es-egygyermekes-csaladokat-is-tamogatnanak-az-unio.jpg
[03:26:28] Image_Downloader: Download failed (https://raw.githubusercontent.com/Derushir/Kepek/main/67c6357751300334f52e35f893ac854f/news/juniusban-valtozatos-programokkal-varja-a-latogatokat-a-hort.jpg): 404 Client Error: Not Found for url: https://raw.githubusercontent.com/Derushir/Kepek/main/67c6357751300334f52e35f893ac854f/news/juniusban-valtozatos-programokkal-varja-a-latogatokat-a-hort.jpg
[03:26:28] Image_Downloader: Download failed (https://raw.githubusercontent.com/Derushir/Kepek/main/67c6357751300334f52e35f893ac854f/news/szemelyi-valtozasok-es-uj-egyhazi-programok-a-katolikus-pusp.jpg): 404 Client Error: Not Found for url: https://raw.githubusercontent.com/Derushir/Kepek/main/67c6357751300334f52e35f893ac854f/news/szemelyi-valtozasok-es-uj-egyhazi-programok-a-katolikus-pusp.jpg
[03:26:28] Image_Downloader: Download failed (https://raw.githubusercontent.com/Derushir/Kepek/main/67c6357751300334f52e35f893ac854f/news/csokako-vara-tortenelmi-emlekhely-es-kilatopont-a-vertesben.jpg): 404 Client Error: Not Found for url: https://raw.githubusercontent.com/Derushir/Kepek/main/67c6357751300334f52e35f893ac854f/news/csokako-vara-tortenelmi-emlekhely-es-kilatopont-a-vertesben.jpg
[03:26:28] Image_Downloader: Download failed (https://raw.githubusercontent.com/Derushir/Kepek/main/67c6357751300334f52e35f893ac854f/news/valsagbizottsagot-alakitott-a-nepszava-szerkesztosege-a-tula.png): 404 Client Error: Not Found for url: https://raw.githubusercontent.com/Derushir/Kepek/main/67c6357751300334f52e35f893ac854f/news/valsagbizottsagot-alakitott-a-nepszava-szerkesztosege-a-tula.png
[03:26:28] Image_Downloader: Download failed (https://raw.githubusercontent.com/Derushir/Kepek/main/67c6357751300334f52e35f893ac854f/news/holland-birosag-engedelyezi-a-greenpeace-peret-az-energy-tra.jpg): 404 Client Error: Not Found for url: https://raw.githubusercontent.com/Derushir/Kepek/main/67c6357751300334f52e35f893ac854f/news/holland-birosag-engedelyezi-a-greenpeace-peret-az-energy-tra.jpg
[03:26:30] Image_Downloader: Download failed (https://raw.githubusercontent.com/Derushir/Kepek/main/67c6357751300334f52e35f893ac854f/news/junius-7-en-reggelig-potlobuszok-jarnak-az-1-es-villamos-von.jpg): 404 Client Error: Not Found for url: https://raw.githubusercontent.com/Derushir/Kepek/main/67c6357751300334f52e35f893ac854f/news/junius-7-en-reggelig-potlobuszok-jarnak-az-1-es-villamos-von.jpg
[03:26:31] Image_Downloader: Download failed (https://raw.githubusercontent.com/Derushir/Kepek/main/67c6357751300334f52e35f893ac854f/news/szeptemberben-ujra-megnyilhat-a-miskolctapolcai-barlangfurdo.jpg): 404 Client Error: Not Found for url: https://raw.githubusercontent.com/Derushir/Kepek/main/67c6357751300334f52e35f893ac854f/news/szeptemberben-ujra-megnyilhat-a-miskolctapolcai-barlangfurdo.jpg
[03:26:32] Image_Downloader: Download failed (https://raw.githubusercontent.com/Derushir/Kepek/main/67c6357751300334f52e35f893ac854f/news/nyolc-millio-kobmeter-vizet-juttattak-termeszetvedelmi-terul.jpg): 404 Client Error: Not Found for url: https://raw.githubusercontent.com/Derushir/Kepek/main/67c6357751300334f52e35f893ac854f/news/nyolc-millio-kobmeter-vizet-juttattak-termeszetvedelmi-terul.jpg
[03:26:33] Image_Downloader: Download failed (https://raw.githubusercontent.com/Derushir/Kepek/main/67c6357751300334f52e35f893ac854f/news/repulogepipari-technologiaval-ragasztassal-epiti-elektromos-.jpg): 404 Client Error: Not Found for url: https://raw.githubusercontent.com/Derushir/Kepek/main/67c6357751300334f52e35f893ac854f/news/repulogepipari-technologiaval-ragasztassal-epiti-elektromos-.jpg
[03:26:33] Image_Downloader: Download failed (https://raw.githubusercontent.com/Derushir/Kepek/main/67c6357751300334f52e35f893ac854f/news/uj-kepgeneralo-ai-modelleket-mutatott-be-a-microsoft.png): 404 Client Error: Not Found for url: https://raw.githubusercontent.com/Derushir/Kepek/main/67c6357751300334f52e35f893ac854f/news/uj-kepgeneralo-ai-modelleket-mutatott-be-a-microsoft.png
[03:26:34] Image_Downloader: Download failed (https://raw.githubusercontent.com/Derushir/Kepek/main/67c6357751300334f52e35f893ac854f/news/cryorig-uj-csendesebb-vizhuteses-pc-haz-a-computex-2026-on.jpg): 404 Client Error: Not Found for url: https://raw.githubusercontent.com/Derushir/Kepek/main/67c6357751300334f52e35f893ac854f/news/cryorig-uj-csendesebb-vizhuteses-pc-haz-a-computex-2026-on.jpg
[03:26:34] Image_Downloader: Download failed (https://raw.githubusercontent.com/Derushir/Kepek/main/67c6357751300334f52e35f893ac854f/news/valodi-fabol-keszult-elolapokat-mutatott-be-a-corsair-az-500.jpg): 404 Client Error: Not Found for url: https://raw.githubusercontent.com/Derushir/Kepek/main/67c6357751300334f52e35f893ac854f/news/valodi-fabol-keszult-elolapokat-mutatott-be-a-corsair-az-500.jpg
[03:26:34] Image_Downloader: Download failed (https://raw.githubusercontent.com/Derushir/Kepek/main/67c6357751300334f52e35f893ac854f/news/megkezdodott-a-volkswagen-megfizetheto-elektromos-autoinak-g.webp): 404 Client Error: Not Found for url: https://raw.githubusercontent.com/Derushir/Kepek/main/67c6357751300334f52e35f893ac854f/news/megkezdodott-a-volkswagen-megfizetheto-elektromos-autoinak-g.webp
[03:26:34] Image_Downloader: Download failed (https://raw.githubusercontent.com/Derushir/Kepek/main/67c6357751300334f52e35f893ac854f/news/hetuleses-valtozatban-is-elerheto-a-kia-elektromos-furgonja-.webp): 404 Client Error: Not Found for url: https://raw.githubusercontent.com/Derushir/Kepek/main/67c6357751300334f52e35f893ac854f/news/hetuleses-valtozatban-is-elerheto-a-kia-elektromos-furgonja-.webp
[03:26:34] Image_Downloader: Download failed (https://raw.githubusercontent.com/Derushir/Kepek/main/67c6357751300334f52e35f893ac854f/news/adatszivargas-az-ultrahuman-egeszsegugyi-startupnal-hackerek.jpg): 404 Client Error: Not Found for url: https://raw.githubusercontent.com/Derushir/Kepek/main/67c6357751300334f52e35f893ac854f/news/adatszivargas-az-ultrahuman-egeszsegugyi-startupnal-hackerek.jpg
[03:26:35] Image_Downloader: Download failed (https://vezess.hu/wp-content/uploads/2024/07/bmw-debrecen-gyar.jpg): 404 Client Error: Not Found for url: https://www.vezess.hu/wp-content/uploads/2024/07/bmw-debrecen-gyar.jpg
[03:26:35] Image_Downloader: Download failed (https://raw.githubusercontent.com/Derushir/Kepek/main/67c6357751300334f52e35f893ac854f/news/a-valos-adatok-szerint-az-elektromos-autok-akkumulatorai-sok.jpg): 404 Client Error: Not Found for url: https://raw.githubusercontent.com/Derushir/Kepek/main/67c6357751300334f52e35f893ac854f/news/a-valos-adatok-szerint-az-elektromos-autok-akkumulatorai-sok.jpg
[03:26:36] Image_Downloader: Download failed (https://raw.githubusercontent.com/Derushir/Kepek/main/67c6357751300334f52e35f893ac854f/news/a-google-keresoje-uj-funkciokkal-segiti-a-vintage-ruhak-vasa.png): 404 Client Error: Not Found for url: https://raw.githubusercontent.com/Derushir/Kepek/main/67c6357751300334f52e35f893ac854f/news/a-google-keresoje-uj-funkciokkal-segiti-a-vintage-ruhak-vasa.png
[03:26:36] Image_Downloader: Download failed (https://raw.githubusercontent.com/Derushir/Kepek/main/67c6357751300334f52e35f893ac854f/news/dreambeans-uj-google-alkalmazas-amely-szemelyes-adatokbol-ge.png): 404 Client Error: Not Found for url: https://raw.githubusercontent.com/Derushir/Kepek/main/67c6357751300334f52e35f893ac854f/news/dreambeans-uj-google-alkalmazas-amely-szemelyes-adatokbol-ge.png
[03:26:36] Image_Downloader: Download failed (https://raw.githubusercontent.com/Derushir/Kepek/main/67c6357751300334f52e35f893ac854f/news/a-dell-olcsobb-xps-13-modellel-szall-versenybe-az-apple-macb.jpg): 404 Client Error: Not Found for url: https://raw.githubusercontent.com/Derushir/Kepek/main/67c6357751300334f52e35f893ac854f/news/a-dell-olcsobb-xps-13-modellel-szall-versenybe-az-apple-macb.jpg
[03:26:36] Image_Downloader: Download failed (https://raw.githubusercontent.com/Derushir/Kepek/main/67c6357751300334f52e35f893ac854f/news/a-seasonic-uj-mesterseges-intelligencia-szerverekhez-terveze.jpg): 404 Client Error: Not Found for url: https://raw.githubusercontent.com/Derushir/Kepek/main/67c6357751300334f52e35f893ac854f/news/a-seasonic-uj-mesterseges-intelligencia-szerverekhez-terveze.jpg
[03:26:36] Image_Downloader: Download failed (https://raw.githubusercontent.com/Derushir/Kepek/main/67c6357751300334f52e35f893ac854f/news/a-substack-uj-reply-rules-funkcioja-lehetove-teszi-a-tartalo.webp): 404 Client Error: Not Found for url: https://raw.githubusercontent.com/Derushir/Kepek/main/67c6357751300334f52e35f893ac854f/news/a-substack-uj-reply-rules-funkcioja-lehetove-teszi-a-tartalo.webp
[03:26:36] Image_Downloader: Download failed (https://raw.githubusercontent.com/Derushir/Kepek/main/67c6357751300334f52e35f893ac854f/news/bovitette-robotaxi-szolgaltatasat-a-tesla-austinban-de-a-flo.webp): 404 Client Error: Not Found for url: https://raw.githubusercontent.com/Derushir/Kepek/main/67c6357751300334f52e35f893ac854f/news/bovitette-robotaxi-szolgaltatasat-a-tesla-austinban-de-a-flo.webp
[03:26:36] Image_Downloader: Download failed (https://raw.githubusercontent.com/Derushir/Kepek/main/67c6357751300334f52e35f893ac854f/news/a-jogaszprofesszorok-szerint-az-mi-jobban-ervel-mint-az-embe.png): 404 Client Error: Not Found for url: https://raw.githubusercontent.com/Derushir/Kepek/main/67c6357751300334f52e35f893ac854f/news/a-jogaszprofesszorok-szerint-az-mi-jobban-ervel-mint-az-embe.png
[03:26:36] Image_Downloader: Download failed (https://raw.githubusercontent.com/Derushir/Kepek/main/67c6357751300334f52e35f893ac854f/news/a-cnet-olvasoi-velemenyt-nyilvanithatnak-a-2026-os-ev-televi.png): 404 Client Error: Not Found for url: https://raw.githubusercontent.com/Derushir/Kepek/main/67c6357751300334f52e35f893ac854f/news/a-cnet-olvasoi-velemenyt-nyilvanithatnak-a-2026-os-ev-televi.png
[03:26:36] Image_Downloader: Download failed (https://raw.githubusercontent.com/Derushir/Kepek/main/67c6357751300334f52e35f893ac854f/news/megjelent-a-hermes-ai-ugynok-hivatalos-asztali-alkalmazasa.png): 404 Client Error: Not Found for url: https://raw.githubusercontent.com/Derushir/Kepek/main/67c6357751300334f52e35f893ac854f/news/megjelent-a-hermes-ai-ugynok-hivatalos-asztali-alkalmazasa.png
[03:26:36] Image_Downloader: Download failed (https://raw.githubusercontent.com/Derushir/Kepek/main/67c6357751300334f52e35f893ac854f/news/szivattyu-nelkuli-hutesi-technologiat-mutatott-be-az-enermax.jpg): 404 Client Error: Not Found for url: https://raw.githubusercontent.com/Derushir/Kepek/main/67c6357751300334f52e35f893ac854f/news/szivattyu-nelkuli-hutesi-technologiat-mutatott-be-az-enermax.jpg
[03:26:36] Image_Downloader: Download failed (https://raw.githubusercontent.com/Derushir/Kepek/main/67c6357751300334f52e35f893ac854f/news/az-ai-ugynokok-valtoztatjak-a-kreativ-munkafolyamatokat-a-ma.jpg): 404 Client Error: Not Found for url: https://raw.githubusercontent.com/Derushir/Kepek/main/67c6357751300334f52e35f893ac854f/news/az-ai-ugynokok-valtoztatjak-a-kreativ-munkafolyamatokat-a-ma.jpg
[03:26:37] Image_Downloader: Download failed (https://raw.githubusercontent.com/Derushir/Kepek/main/67c6357751300334f52e35f893ac854f/news/a-mesterseges-intelligencia-modellek-gyakran-osztonoznek-kar.png): 404 Client Error: Not Found for url: https://raw.githubusercontent.com/Derushir/Kepek/main/67c6357751300334f52e35f893ac854f/news/a-mesterseges-intelligencia-modellek-gyakran-osztonoznek-kar.png
[03:26:37] Image_Downloader: Download failed (https://raw.githubusercontent.com/Derushir/Kepek/main/67c6357751300334f52e35f893ac854f/news/otszaz-adatgyujto-jarmuvet-allit-forgalomba-az-uber-az-onvez.webp): 404 Client Error: Not Found for url: https://raw.githubusercontent.com/Derushir/Kepek/main/67c6357751300334f52e35f893ac854f/news/otszaz-adatgyujto-jarmuvet-allit-forgalomba-az-uber-az-onvez.webp
[03:26:37] Image_Downloader: Download failed (https://raw.githubusercontent.com/Derushir/Kepek/main/67c6357751300334f52e35f893ac854f/news/uj-professzionalis-webkamerakat-es-headseteket-mutatott-be-a.jpg): 404 Client Error: Not Found for url: https://raw.githubusercontent.com/Derushir/Kepek/main/67c6357751300334f52e35f893ac854f/news/uj-professzionalis-webkamerakat-es-headseteket-mutatott-be-a.jpg
[03:26:37] Image_Downloader: Download failed (https://raw.githubusercontent.com/Derushir/Kepek/main/67c6357751300334f52e35f893ac854f/news/microsoft-dokumentum-szivargott-ki-addiktiv-ai-asszisztenst-.jpg): 404 Client Error: Not Found for url: https://raw.githubusercontent.com/Derushir/Kepek/main/67c6357751300334f52e35f893ac854f/news/microsoft-dokumentum-szivargott-ki-addiktiv-ai-asszisztenst-.jpg
[03:26:37] Image_Downloader: Download failed (https://raw.githubusercontent.com/Derushir/Kepek/main/67c6357751300334f52e35f893ac854f/news/elektromos-segedmotor-teszt-csendes-suhanas-es-45-kmh-s-vegs.jpg): 404 Client Error: Not Found for url: https://raw.githubusercontent.com/Derushir/Kepek/main/67c6357751300334f52e35f893ac854f/news/elektromos-segedmotor-teszt-csendes-suhanas-es-45-kmh-s-vegs.jpg
[03:26:37] Image_Downloader: Download failed (https://raw.githubusercontent.com/Derushir/Kepek/main/67c6357751300334f52e35f893ac854f/news/egyuttmukodesben-a-c-seed-es-a-bugatti-luxus-microled-televi.jpg): 404 Client Error: Not Found for url: https://raw.githubusercontent.com/Derushir/Kepek/main/67c6357751300334f52e35f893ac854f/news/egyuttmukodesben-a-c-seed-es-a-bugatti-luxus-microled-televi.jpg
[03:26:38] Image_Downloader: Download failed (https://raw.githubusercontent.com/Derushir/Kepek/main/67c6357751300334f52e35f893ac854f/news/mi-ugynokok-es-uj-hardverek-a-microsoft-jovokepeben.jpg): 404 Client Error: Not Found for url: https://raw.githubusercontent.com/Derushir/Kepek/main/67c6357751300334f52e35f893ac854f/news/mi-ugynokok-es-uj-hardverek-a-microsoft-jovokepeben.jpg
[03:26:39] Image_Downloader: Download failed (https://raw.githubusercontent.com/Derushir/Kepek/main/67c6357751300334f52e35f893ac854f/news/kutatok-megerositettek-a-foldkopeny-melyen-keletkezo-rejtely.webp): 404 Client Error: Not Found for url: https://raw.githubusercontent.com/Derushir/Kepek/main/67c6357751300334f52e35f893ac854f/news/kutatok-megerositettek-a-foldkopeny-melyen-keletkezo-rejtely.webp
[03:26:39] Image_Downloader: Download failed (https://raw.githubusercontent.com/Derushir/Kepek/main/67c6357751300334f52e35f893ac854f/news/elo-bekakat-zsakmanyolo-kaszaspokokat-figyeltek-meg-del-amer.jpg): 404 Client Error: Not Found for url: https://raw.githubusercontent.com/Derushir/Kepek/main/67c6357751300334f52e35f893ac854f/news/elo-bekakat-zsakmanyolo-kaszaspokokat-figyeltek-meg-del-amer.jpg
[03:26:39] Image_Downloader: Download failed (https://raw.githubusercontent.com/Derushir/Kepek/main/67c6357751300334f52e35f893ac854f/news/uj-vakuumalapu-eljarassal-novelheto-a-napelemek-hatekonysaga.jpg): 404 Client Error: Not Found for url: https://raw.githubusercontent.com/Derushir/Kepek/main/67c6357751300334f52e35f893ac854f/news/uj-vakuumalapu-eljarassal-novelheto-a-napelemek-hatekonysaga.jpg
[03:26:40] Image_Downloader: Download failed (https://raw.githubusercontent.com/Derushir/Kepek/main/67c6357751300334f52e35f893ac854f/news/a-kutatasok-szerint-a-kismerteku-alkoholfogyasztas-is-noveli.jpg): 404 Client Error: Not Found for url: https://raw.githubusercontent.com/Derushir/Kepek/main/67c6357751300334f52e35f893ac854f/news/a-kutatasok-szerint-a-kismerteku-alkoholfogyasztas-is-noveli.jpg
[03:26:40] Image_Downloader: Download failed (https://raw.githubusercontent.com/Derushir/Kepek/main/67c6357751300334f52e35f893ac854f/news/a-commerzbank-szerint-felrevezeto-az-unicredit-felvasarlasi-.jpg): 404 Client Error: Not Found for url: https://raw.githubusercontent.com/Derushir/Kepek/main/67c6357751300334f52e35f893ac854f/news/a-commerzbank-szerint-felrevezeto-az-unicredit-felvasarlasi-.jpg
[03:26:40] Image_Downloader: Download failed (https://raw.githubusercontent.com/Derushir/Kepek/main/67c6357751300334f52e35f893ac854f/news/az-ai-korszak-hatasa-a-munkaeropiacra-elbocsatasok-es-bizony.jpg): 404 Client Error: Not Found for url: https://raw.githubusercontent.com/Derushir/Kepek/main/67c6357751300334f52e35f893ac854f/news/az-ai-korszak-hatasa-a-munkaeropiacra-elbocsatasok-es-bizony.jpg
[03:26:40] Image_Downloader: Download failed (https://raw.githubusercontent.com/Derushir/Kepek/main/67c6357751300334f52e35f893ac854f/news/rekordosszegu-85-milliard-dollaros-tokebevonas-az-alphabet-a.jpg): 404 Client Error: Not Found for url: https://raw.githubusercontent.com/Derushir/Kepek/main/67c6357751300334f52e35f893ac854f/news/rekordosszegu-85-milliard-dollaros-tokebevonas-az-alphabet-a.jpg
[03:26:40] Image_Downloader: Download failed (https://raw.githubusercontent.com/Derushir/Kepek/main/67c6357751300334f52e35f893ac854f/news/a-kockazatkezeles-fontossaga-a-tozsdei-kereskedesben-online-.jpg): 404 Client Error: Not Found for url: https://raw.githubusercontent.com/Derushir/Kepek/main/67c6357751300334f52e35f893ac854f/news/a-kockazatkezeles-fontossaga-a-tozsdei-kereskedesben-online-.jpg
[03:26:41] Image_Downloader: Download failed (https://raw.githubusercontent.com/Derushir/Kepek/main/67c6357751300334f52e35f893ac854f/news/svajci-magyar-innovacios-forum-kozos-jovo-a-technologiai-fej.jpg): 404 Client Error: Not Found for url: https://raw.githubusercontent.com/Derushir/Kepek/main/67c6357751300334f52e35f893ac854f/news/svajci-magyar-innovacios-forum-kozos-jovo-a-technologiai-fej.jpg
[03:26:41] Image_Downloader: Download failed (https://raw.githubusercontent.com/Derushir/Kepek/main/67c6357751300334f52e35f893ac854f/news/153-ezer-eves-emberi-labnyomokat-azonositottak-del-afrikaban.jpg): 404 Client Error: Not Found for url: https://raw.githubusercontent.com/Derushir/Kepek/main/67c6357751300334f52e35f893ac854f/news/153-ezer-eves-emberi-labnyomokat-azonositottak-del-afrikaban.jpg
[03:26:41] Image_Downloader: Download failed (https://raw.githubusercontent.com/Derushir/Kepek/main/67c6357751300334f52e35f893ac854f/news/a-carvana-befektethet-a-jeff-bezos-altal-tamogatott-slate-au.jpg): 404 Client Error: Not Found for url: https://raw.githubusercontent.com/Derushir/Kepek/main/67c6357751300334f52e35f893ac854f/news/a-carvana-befektethet-a-jeff-bezos-altal-tamogatott-slate-au.jpg
[03:26:42] Image_Downloader: Download failed (https://raw.githubusercontent.com/Derushir/Kepek/main/67c6357751300334f52e35f893ac854f/news/az-irani-arnyekflotta-es-a-kinai-teaskanna-finomitok-kijatss.jpg): 404 Client Error: Not Found for url: https://raw.githubusercontent.com/Derushir/Kepek/main/67c6357751300334f52e35f893ac854f/news/az-irani-arnyekflotta-es-a-kinai-teaskanna-finomitok-kijatss.jpg
[03:26:42] Image_Downloader: Download failed (https://raw.githubusercontent.com/Derushir/Kepek/main/67c6357751300334f52e35f893ac854f/news/ujabb-hatalmas-napelemmel-gyarto-uzem-epul-texasban.jpg): 404 Client Error: Not Found for url: https://raw.githubusercontent.com/Derushir/Kepek/main/67c6357751300334f52e35f893ac854f/news/ujabb-hatalmas-napelemmel-gyarto-uzem-epul-texasban.jpg
[03:26:42] Image_Downloader: Download failed (https://raw.githubusercontent.com/Derushir/Kepek/main/67c6357751300334f52e35f893ac854f/news/sajat-reszvenyeinek-visszavasarlasat-inditja-el-a-cig-pannon.jpg): 404 Client Error: Not Found for url: https://raw.githubusercontent.com/Derushir/Kepek/main/67c6357751300334f52e35f893ac854f/news/sajat-reszvenyeinek-visszavasarlasat-inditja-el-a-cig-pannon.jpg
[03:26:42] Image_Downloader: Download failed (https://raw.githubusercontent.com/Derushir/Kepek/main/67c6357751300334f52e35f893ac854f/news/elemzok-szerint-tulertekelt-a-spacex-a-kozelgo-tozsdei-bevez.jpg): 404 Client Error: Not Found for url: https://raw.githubusercontent.com/Derushir/Kepek/main/67c6357751300334f52e35f893ac854f/news/elemzok-szerint-tulertekelt-a-spacex-a-kozelgo-tozsdei-bevez.jpg
[03:26:43] Image_Downloader: Download failed (https://raw.githubusercontent.com/Derushir/Kepek/main/67c6357751300334f52e35f893ac854f/news/uj-edge-ai-tarolasi-megoldasokat-mutatott-be-a-longsys.jpg): 404 Client Error: Not Found for url: https://raw.githubusercontent.com/Derushir/Kepek/main/67c6357751300334f52e35f893ac854f/news/uj-edge-ai-tarolasi-megoldasokat-mutatott-be-a-longsys.jpg
[03:26:43] Image_Downloader: Download failed (https://raw.githubusercontent.com/Derushir/Kepek/main/67c6357751300334f52e35f893ac854f/news/adozasi-konnyitest-vezet-be-a-revolut-a-magyar-megtakaritasi.jpg): 404 Client Error: Not Found for url: https://raw.githubusercontent.com/Derushir/Kepek/main/67c6357751300334f52e35f893ac854f/news/adozasi-konnyitest-vezet-be-a-revolut-a-magyar-megtakaritasi.jpg
[03:26:43] Image_Downloader: Download failed (https://raw.githubusercontent.com/Derushir/Kepek/main/67c6357751300334f52e35f893ac854f/news/az-alteo-magyarazatot-adott-az-eltex-felvasarlas-koruli-penz.jpg): 404 Client Error: Not Found for url: https://raw.githubusercontent.com/Derushir/Kepek/main/67c6357751300334f52e35f893ac854f/news/az-alteo-magyarazatot-adott-az-eltex-felvasarlas-koruli-penz.jpg
[03:26:44] Image_Downloader: Download failed (https://raw.githubusercontent.com/Derushir/Kepek/main/67c6357751300334f52e35f893ac854f/news/michael-jackson-2005-os-peret-feldolgozo-dokumentumsorozat-d.jpg): 404 Client Error: Not Found for url: https://raw.githubusercontent.com/Derushir/Kepek/main/67c6357751300334f52e35f893ac854f/news/michael-jackson-2005-os-peret-feldolgozo-dokumentumsorozat-d.jpg
[03:26:44] Image_Downloader: Download failed (https://raw.githubusercontent.com/Derushir/Kepek/main/67c6357751300334f52e35f893ac854f/news/tudosok-szerint-a-fekete-lyukak-feher-lyukakka-alakulhatnak-.png): 404 Client Error: Not Found for url: https://raw.githubusercontent.com/Derushir/Kepek/main/67c6357751300334f52e35f893ac854f/news/tudosok-szerint-a-fekete-lyukak-feher-lyukakka-alakulhatnak-.png
[03:26:44] Image_Downloader: Download failed (https://raw.githubusercontent.com/Derushir/Kepek/main/67c6357751300334f52e35f893ac854f/news/polgar-csaba-a-kortars-szinhazrol-es-a-kinai-magyar-koproduk.jpg): 404 Client Error: Not Found for url: https://raw.githubusercontent.com/Derushir/Kepek/main/67c6357751300334f52e35f893ac854f/news/polgar-csaba-a-kortars-szinhazrol-es-a-kinai-magyar-koproduk.jpg
[03:26:45] Image_Downloader: Download failed (https://raw.githubusercontent.com/Derushir/Kepek/main/67c6357751300334f52e35f893ac854f/news/joe-jonas-gyermekei-jelentik-a-legfobb-motivaciot-az-eletebe.jpg): 404 Client Error: Not Found for url: https://raw.githubusercontent.com/Derushir/Kepek/main/67c6357751300334f52e35f893ac854f/news/joe-jonas-gyermekei-jelentik-a-legfobb-motivaciot-az-eletebe.jpg
[03:26:45] Image_Downloader: Download failed (https://media.sg.hu/kep/2026_06/0603bu1.jpg): HTTPSConnectionPool(host='media.sg.hu', port=443): Read timed out. (read timeout=5)
[03:26:46] Image_Downloader: Download failed (https://raw.githubusercontent.com/Derushir/Kepek/main/67c6357751300334f52e35f893ac854f/news/shakira-a-gyerekeibol-meritett-erot-a-nehez-valas-utan.jpg): 404 Client Error: Not Found for url: https://raw.githubusercontent.com/Derushir/Kepek/main/67c6357751300334f52e35f893ac854f/news/shakira-a-gyerekeibol-meritett-erot-a-nehez-valas-utan.jpg
[03:26:47] Image_Downloader: Download failed (https://raw.githubusercontent.com/Derushir/Kepek/main/67c6357751300334f52e35f893ac854f/news/jimi-hendrix-peldakepkent-tekintett-a-cream-white-room-cimu-.jpg): 404 Client Error: Not Found for url: https://raw.githubusercontent.com/Derushir/Kepek/main/67c6357751300334f52e35f893ac854f/news/jimi-hendrix-peldakepkent-tekintett-a-cream-white-room-cimu-.jpg
[03:26:47] Image_Downloader: Download failed (https://raw.githubusercontent.com/Derushir/Kepek/main/67c6357751300334f52e35f893ac854f/news/tom-holland-romantikus-gesztussal-tamogatta-zendayat-az-odus.jpg): 404 Client Error: Not Found for url: https://raw.githubusercontent.com/Derushir/Kepek/main/67c6357751300334f52e35f893ac854f/news/tom-holland-romantikus-gesztussal-tamogatta-zendayat-az-odus.jpg
[03:26:47] Image_Downloader: Download failed (https://raw.githubusercontent.com/Derushir/Kepek/main/67c6357751300334f52e35f893ac854f/news/the-good-mothers-noi-szemszogbol-mutatja-be-a-ndrangheta-maf.gif): 404 Client Error: Not Found for url: https://raw.githubusercontent.com/Derushir/Kepek/main/67c6357751300334f52e35f893ac854f/news/the-good-mothers-noi-szemszogbol-mutatja-be-a-ndrangheta-maf.gif
[03:26:49] Image_Downloader: Download failed (https://raw.githubusercontent.com/Derushir/Kepek/main/67c6357751300334f52e35f893ac854f/news/ot-makacs-filmes-tevhit-amit-erdemes-tisztazni.webp): 404 Client Error: Not Found for url: https://raw.githubusercontent.com/Derushir/Kepek/main/67c6357751300334f52e35f893ac854f/news/ot-makacs-filmes-tevhit-amit-erdemes-tisztazni.webp
[03:26:50] Image_Downloader: Download failed (https://raw.githubusercontent.com/Derushir/Kepek/main/67c6357751300334f52e35f893ac854f/news/john-goodman-karrierjet-a-2011-es-the-artist-cimu-film-mente.jpg): 404 Client Error: Not Found for url: https://raw.githubusercontent.com/Derushir/Kepek/main/67c6357751300334f52e35f893ac854f/news/john-goodman-karrierjet-a-2011-es-the-artist-cimu-film-mente.jpg
[03:26:51] Image_Downloader: Download failed (https://raw.githubusercontent.com/Derushir/Kepek/main/67c6357751300334f52e35f893ac854f/news/az-apostol-egyuttes-jubileumi-koncertsorozatot-indit.jpg): 404 Client Error: Not Found for url: https://raw.githubusercontent.com/Derushir/Kepek/main/67c6357751300334f52e35f893ac854f/news/az-apostol-egyuttes-jubileumi-koncertsorozatot-indit.jpg
[03:26:51] Image_Downloader: Download failed (https://raw.githubusercontent.com/Derushir/Kepek/main/67c6357751300334f52e35f893ac854f/news/vegyes-kritikakat-kapott-az-euphoria-harmadik-egyben-befejez.jpg): 404 Client Error: Not Found for url: https://raw.githubusercontent.com/Derushir/Kepek/main/67c6357751300334f52e35f893ac854f/news/vegyes-kritikakat-kapott-az-euphoria-harmadik-egyben-befejez.jpg
[03:26:51] Image_Downloader: Download failed (https://raw.githubusercontent.com/Derushir/Kepek/main/67c6357751300334f52e35f893ac854f/news/a-backrooms-film-vegkifejletenek-magyarazata.jpg): 404 Client Error: Not Found for url: https://raw.githubusercontent.com/Derushir/Kepek/main/67c6357751300334f52e35f893ac854f/news/a-backrooms-film-vegkifejletenek-magyarazata.jpg
[03:26:51] Image_Downloader: Download failed (https://raw.githubusercontent.com/Derushir/Kepek/main/67c6357751300334f52e35f893ac854f/news/robert-pattinson-kemeny-edzessel-keszul-a-batman-2-re.jpg): 404 Client Error: Not Found for url: https://raw.githubusercontent.com/Derushir/Kepek/main/67c6357751300334f52e35f893ac854f/news/robert-pattinson-kemeny-edzessel-keszul-a-batman-2-re.jpg
[03:26:52] Image_Downloader: Download failed (https://www.mafab.hu/static/2026t/151/18/46101_1780331564.1081.jpg): HTTPSConnectionPool(host='www.mafab.hu', port=443): Read timed out. (read timeout=5)
[03:26:52] Image_Downloader: Download failed (https://raw.githubusercontent.com/Derushir/Kepek/main/67c6357751300334f52e35f893ac854f/news/mykonoson-forog-az-emily-parizsban-befejezo-hatodik-evada.jpg): 404 Client Error: Not Found for url: https://raw.githubusercontent.com/Derushir/Kepek/main/67c6357751300334f52e35f893ac854f/news/mykonoson-forog-az-emily-parizsban-befejezo-hatodik-evada.jpg
[03:26:53] Image_Downloader: Download failed (https://raw.githubusercontent.com/Derushir/Kepek/main/67c6357751300334f52e35f893ac854f/news/morgan-freeman-szerint-a-2012-es-filmje-volt-az-elso-igazi-r.jpg): 404 Client Error: Not Found for url: https://raw.githubusercontent.com/Derushir/Kepek/main/67c6357751300334f52e35f893ac854f/news/morgan-freeman-szerint-a-2012-es-filmje-volt-az-elso-igazi-r.jpg
[03:26:54] Image_Downloader: Download failed (https://raw.githubusercontent.com/Derushir/Kepek/main/67c6357751300334f52e35f893ac854f/news/aprilisi-sorozat-es-anime-osszefoglalo-a-the-boys-zarasa-es-.gif): HTTPSConnectionPool(host='raw.githubusercontent.com', port=443): Read timed out. (read timeout=5)
[03:26:55] Image_Downloader: Download failed (https://raw.githubusercontent.com/Derushir/Kepek/main/67c6357751300334f52e35f893ac854f/news/kurt-cobain-egy-1987-es-koncert-emlekeibol-meritett-ihletet.jpg): 404 Client Error: Not Found for url: https://raw.githubusercontent.com/Derushir/Kepek/main/67c6357751300334f52e35f893ac854f/news/kurt-cobain-egy-1987-es-koncert-emlekeibol-meritett-ihletet.jpg
[03:26:55] Image_Downloader: Download failed (https://raw.githubusercontent.com/Derushir/Kepek/main/67c6357751300334f52e35f893ac854f/news/sydney-sweeney-rovid-uzenettel-reagalt-az-euforia-koruli-kri.webp): 404 Client Error: Not Found for url: https://raw.githubusercontent.com/Derushir/Kepek/main/67c6357751300334f52e35f893ac854f/news/sydney-sweeney-rovid-uzenettel-reagalt-az-euforia-koruli-kri.webp
[03:26:55] Image_Downloader: Download failed (https://raw.githubusercontent.com/Derushir/Kepek/main/67c6357751300334f52e35f893ac854f/news/eddie-murphy-minden-este-seinfeld-epizodokkal-zarja-a-napot.jpg): 404 Client Error: Not Found for url: https://raw.githubusercontent.com/Derushir/Kepek/main/67c6357751300334f52e35f893ac854f/news/eddie-murphy-minden-este-seinfeld-epizodokkal-zarja-a-napot.jpg
[03:26:55] Image_Downloader: Download failed (https://raw.githubusercontent.com/Derushir/Kepek/main/67c6357751300334f52e35f893ac854f/news/hodit-a-matcha-a-koktelbarokban-megjelent-az-elso-premium-ma.jpg): 404 Client Error: Not Found for url: https://raw.githubusercontent.com/Derushir/Kepek/main/67c6357751300334f52e35f893ac854f/news/hodit-a-matcha-a-koktelbarokban-megjelent-az-elso-premium-ma.jpg
[03:26:55] Image_Downloader: Download failed (https://raw.githubusercontent.com/Derushir/Kepek/main/67c6357751300334f52e35f893ac854f/news/wim-wenders-elerhetetlenne-teszi-vitatott-1975-os-filmjet.jpg): 404 Client Error: Not Found for url: https://raw.githubusercontent.com/Derushir/Kepek/main/67c6357751300334f52e35f893ac854f/news/wim-wenders-elerhetetlenne-teszi-vitatott-1975-os-filmjet.jpg
[03:26:55] Image_Downloader: Download failed (https://raw.githubusercontent.com/Derushir/Kepek/main/67c6357751300334f52e35f893ac854f/news/a-screen-junkies-videoban-bucsuztatja-a-fiuk-cimu-sorozatot.jpg): 404 Client Error: Not Found for url: https://raw.githubusercontent.com/Derushir/Kepek/main/67c6357751300334f52e35f893ac854f/news/a-screen-junkies-videoban-bucsuztatja-a-fiuk-cimu-sorozatot.jpg
[03:26:55] Image_Downloader: Download failed (https://raw.githubusercontent.com/Derushir/Kepek/main/67c6357751300334f52e35f893ac854f/news/don-henley-szerint-a-midnight-flyer-cimu-dal-adta-vissza-az-.jpg): 404 Client Error: Not Found for url: https://raw.githubusercontent.com/Derushir/Kepek/main/67c6357751300334f52e35f893ac854f/news/don-henley-szerint-a-midnight-flyer-cimu-dal-adta-vissza-az-.jpg
[03:26:56] Image_Downloader: Download failed (https://raw.githubusercontent.com/Derushir/Kepek/main/67c6357751300334f52e35f893ac854f/news/iden-nyaron-erkezik-a-star-wars-the-ninth-jedi-cimu-anime-so.jpg): 404 Client Error: Not Found for url: https://raw.githubusercontent.com/Derushir/Kepek/main/67c6357751300334f52e35f893ac854f/news/iden-nyaron-erkezik-a-star-wars-the-ninth-jedi-cimu-anime-so.jpg
[03:26:56] Image_Downloader: Download failed (https://raw.githubusercontent.com/Derushir/Kepek/main/67c6357751300334f52e35f893ac854f/news/rekordmeretu-retisasfeszket-talaltak-a-tisza-artereben.jpg): HTTPSConnectionPool(host='raw.githubusercontent.com', port=443): Read timed out. (read timeout=5)
[03:26:56] Image_Downloader: Download failed (https://raw.githubusercontent.com/Derushir/Kepek/main/67c6357751300334f52e35f893ac854f/news/dokureality-a-disney-on-raising-chelsea.gif): 404 Client Error: Not Found for url: https://raw.githubusercontent.com/Derushir/Kepek/main/67c6357751300334f52e35f893ac854f/news/dokureality-a-disney-on-raising-chelsea.gif
[03:26:56] Image_Downloader: Download failed (https://raw.githubusercontent.com/Derushir/Kepek/main/67c6357751300334f52e35f893ac854f/news/quentin-tarantino-kemenyen-biralta-a-modern-hollywoodi-filmg.jpg): 404 Client Error: Not Found for url: https://raw.githubusercontent.com/Derushir/Kepek/main/67c6357751300334f52e35f893ac854f/news/quentin-tarantino-kemenyen-biralta-a-modern-hollywoodi-filmg.jpg
[03:26:57] Image_Downloader: Download failed (https://raw.githubusercontent.com/Derushir/Kepek/main/67c6357751300334f52e35f893ac854f/news/csokkenoben-az-elektromos-autok-biztositasi-dija-de-meg-mind.jpg): HTTPSConnectionPool(host='raw.githubusercontent.com', port=443): Read timed out. (read timeout=5)
[03:26:58] Image_Downloader: Download failed (https://raw.githubusercontent.com/Derushir/Kepek/main/67c6357751300334f52e35f893ac854f/news/harrison-ford-utolag-ugy-erzi-nem-volt-megfelelo-valasztas-a.jpg): 404 Client Error: Not Found for url: https://raw.githubusercontent.com/Derushir/Kepek/main/67c6357751300334f52e35f893ac854f/news/harrison-ford-utolag-ugy-erzi-nem-volt-megfelelo-valasztas-a.jpg
[03:26:58] Image_Downloader: Download failed (https://raw.githubusercontent.com/Derushir/Kepek/main/67c6357751300334f52e35f893ac854f/news/tom-holland-es-zendaya-szakmai-osszhangja-a-pokember-forgata.webp): 404 Client Error: Not Found for url: https://raw.githubusercontent.com/Derushir/Kepek/main/67c6357751300334f52e35f893ac854f/news/tom-holland-es-zendaya-szakmai-osszhangja-a-pokember-forgata.webp
[03:26:59] Image_Downloader: Download failed (https://raw.githubusercontent.com/Derushir/Kepek/main/67c6357751300334f52e35f893ac854f/news/a-vedelmezo-2-mar-elerheto-a-disney-kinalataban.jpg): 404 Client Error: Not Found for url: https://raw.githubusercontent.com/Derushir/Kepek/main/67c6357751300334f52e35f893ac854f/news/a-vedelmezo-2-mar-elerheto-a-disney-kinalataban.jpg
[03:26:59] Image_Downloader: Download failed (https://raw.githubusercontent.com/Derushir/Kepek/main/67c6357751300334f52e35f893ac854f/news/a-hokum-cimu-ir-horrorfilm-az-ev-egyik-legnyomasztobb-alkota.jpg): 404 Client Error: Not Found for url: https://raw.githubusercontent.com/Derushir/Kepek/main/67c6357751300334f52e35f893ac854f/news/a-hokum-cimu-ir-horrorfilm-az-ev-egyik-legnyomasztobb-alkota.jpg
[03:26:59] Image_Downloader: Download failed (https://raw.githubusercontent.com/Derushir/Kepek/main/67c6357751300334f52e35f893ac854f/news/a-jupiter-kozponti-szerepet-jatszhatott-a-foldi-elet-kialaku.jpg): 404 Client Error: Not Found for url: https://raw.githubusercontent.com/Derushir/Kepek/main/67c6357751300334f52e35f893ac854f/news/a-jupiter-kozponti-szerepet-jatszhatott-a-foldi-elet-kialaku.jpg
[03:26:59] Image_Downloader: Download failed (https://raw.githubusercontent.com/Derushir/Kepek/main/67c6357751300334f52e35f893ac854f/news/uj-korszak-taylor-swift-karrierjeben-visszateres-a-country-g.jpg): 404 Client Error: Not Found for url: https://raw.githubusercontent.com/Derushir/Kepek/main/67c6357751300334f52e35f893ac854f/news/uj-korszak-taylor-swift-karrierjeben-visszateres-a-country-g.jpg
[03:27:00] Image_Downloader: Download failed (https://raw.githubusercontent.com/Derushir/Kepek/main/67c6357751300334f52e35f893ac854f/news/voros-hajjal-forgat-selena-gomez.jpg): 404 Client Error: Not Found for url: https://raw.githubusercontent.com/Derushir/Kepek/main/67c6357751300334f52e35f893ac854f/news/voros-hajjal-forgat-selena-gomez.jpg
[03:27:00] Image_Downloader: Download failed (https://raw.githubusercontent.com/Derushir/Kepek/main/67c6357751300334f52e35f893ac854f/news/big-girls-dont-cry-14-eves-lany-utkeresese-az-uj-zelandi-vid.jpg): 404 Client Error: Not Found for url: https://raw.githubusercontent.com/Derushir/Kepek/main/67c6357751300334f52e35f893ac854f/news/big-girls-dont-cry-14-eves-lany-utkeresese-az-uj-zelandi-vid.jpg
[03:27:00] Image_Downloader: Download failed (https://raw.githubusercontent.com/Derushir/Kepek/main/67c6357751300334f52e35f893ac854f/news/osszefoglalo-video-keszult-a-vox-machina-legendaja-cimu-soro.gif): 404 Client Error: Not Found for url: https://raw.githubusercontent.com/Derushir/Kepek/main/67c6357751300334f52e35f893ac854f/news/osszefoglalo-video-keszult-a-vox-machina-legendaja-cimu-soro.gif
[03:27:01] Image_Downloader: Download failed (https://raw.githubusercontent.com/Derushir/Kepek/main/67c6357751300334f52e35f893ac854f/news/rendorsegi-intezkedes-lett-a-gta-6-utani-kutakodas-vege.jpg): 404 Client Error: Not Found for url: https://raw.githubusercontent.com/Derushir/Kepek/main/67c6357751300334f52e35f893ac854f/news/rendorsegi-intezkedes-lett-a-gta-6-utani-kutakodas-vege.jpg
[03:27:01] Image_Downloader: Download failed (https://sorozatjunkie.hu/wp-content/uploads/2023/02/golkiralysag-1.jpg): 404 Client Error: Not Found for url: https://www.sorozatjunkie.hu/wp-content/uploads/2023/02/golkiralysag-1.jpg
[03:27:01] Image_Downloader: Download failed (https://raw.githubusercontent.com/Derushir/Kepek/main/67c6357751300334f52e35f893ac854f/news/a-tomb-raider-fejlesztoi-elismertek-az-ai-hasznalatat-a-jate.jpg): 404 Client Error: Not Found for url: https://raw.githubusercontent.com/Derushir/Kepek/main/67c6357751300334f52e35f893ac854f/news/a-tomb-raider-fejlesztoi-elismertek-az-ai-hasznalatat-a-jate.jpg
[03:27:01] Image_Downloader: Download failed (https://raw.githubusercontent.com/Derushir/Kepek/main/67c6357751300334f52e35f893ac854f/news/ingyenes-jatekkal-unnepli-a-pride-honapot-a-dontnod-studio.png): 404 Client Error: Not Found for url: https://raw.githubusercontent.com/Derushir/Kepek/main/67c6357751300334f52e35f893ac854f/news/ingyenes-jatekkal-unnepli-a-pride-honapot-a-dontnod-studio.png
[03:27:01] Image_Downloader: Download failed (https://raw.githubusercontent.com/Derushir/Kepek/main/67c6357751300334f52e35f893ac854f/news/miert-nem-keszult-el-a-halloween-az-urben-cimu-horrorfilm.jpg): HTTPSConnectionPool(host='raw.githubusercontent.com', port=443): Read timed out. (read timeout=5)
[03:27:02] Image_Downloader: Download failed (https://raw.githubusercontent.com/Derushir/Kepek/main/67c6357751300334f52e35f893ac854f/news/bejelentettek-az-until-dawn-2-t-szellemvadasz-influencerek-a.jpg): 404 Client Error: Not Found for url: https://raw.githubusercontent.com/Derushir/Kepek/main/67c6357751300334f52e35f893ac854f/news/bejelentettek-az-until-dawn-2-t-szellemvadasz-influencerek-a.jpg
[03:27:02] Image_Downloader: Download failed (https://raw.githubusercontent.com/Derushir/Kepek/main/67c6357751300334f52e35f893ac854f/news/lezarult-az-euphoria-sam-levinson-rendezo-elarulta-a-sorozat.jpg): 404 Client Error: Not Found for url: https://raw.githubusercontent.com/Derushir/Kepek/main/67c6357751300334f52e35f893ac854f/news/lezarult-az-euphoria-sam-levinson-rendezo-elarulta-a-sorozat.jpg
[03:27:02] Image_Downloader: Download failed (https://raw.githubusercontent.com/Derushir/Kepek/main/67c6357751300334f52e35f893ac854f/news/a-playstation-state-of-play-megerositette-a-nagyjatekok-jovo.jpg): 404 Client Error: Not Found for url: https://raw.githubusercontent.com/Derushir/Kepek/main/67c6357751300334f52e35f893ac854f/news/a-playstation-state-of-play-megerositette-a-nagyjatekok-jovo.jpg
[03:27:03] Image_Downloader: Download failed (https://raw.githubusercontent.com/Derushir/Kepek/main/67c6357751300334f52e35f893ac854f/news/gyorsan-fogy-a-magic-the-gathering-secrets-of-strixhaven-cod.jpg): 404 Client Error: Not Found for url: https://raw.githubusercontent.com/Derushir/Kepek/main/67c6357751300334f52e35f893ac854f/news/gyorsan-fogy-a-magic-the-gathering-secrets-of-strixhaven-cod.jpg
[03:27:03] Image_Downloader: Download failed (https://raw.githubusercontent.com/Derushir/Kepek/main/67c6357751300334f52e35f893ac854f/news/nagy-nepszerusegnek-orvend-egy-uj-karakter-az-ace-combat-8-k.jpg): 404 Client Error: Not Found for url: https://raw.githubusercontent.com/Derushir/Kepek/main/67c6357751300334f52e35f893ac854f/news/nagy-nepszerusegnek-orvend-egy-uj-karakter-az-ace-combat-8-k.jpg
[03:27:03] Image_Downloader: Download failed (https://raw.githubusercontent.com/Derushir/Kepek/main/67c6357751300334f52e35f893ac854f/news/bizonytalan-a-007-first-light-folytatasanak-sorsa-az-amazonn.jpg): 404 Client Error: Not Found for url: https://raw.githubusercontent.com/Derushir/Kepek/main/67c6357751300334f52e35f893ac854f/news/bizonytalan-a-007-first-light-folytatasanak-sorsa-az-amazonn.jpg
[03:27:03] Image_Downloader: Download failed (https://raw.githubusercontent.com/Derushir/Kepek/main/67c6357751300334f52e35f893ac854f/news/bizonytalanna-valt-a-kincsvadaszok-cimu-musor-folytatasa.webp): 404 Client Error: Not Found for url: https://raw.githubusercontent.com/Derushir/Kepek/main/67c6357751300334f52e35f893ac854f/news/bizonytalanna-valt-a-kincsvadaszok-cimu-musor-folytatasa.webp
[03:27:03] Image_Downloader: Download failed (https://raw.githubusercontent.com/Derushir/Kepek/main/67c6357751300334f52e35f893ac854f/news/jelentos-akkuido-novekedes-a-razer-blade-16-uj-intel-alapu-v.jpg): 404 Client Error: Not Found for url: https://raw.githubusercontent.com/Derushir/Kepek/main/67c6357751300334f52e35f893ac854f/news/jelentos-akkuido-novekedes-a-razer-blade-16-uj-intel-alapu-v.jpg
[03:27:04] Image_Downloader: Download failed (https://raw.githubusercontent.com/Derushir/Kepek/main/67c6357751300334f52e35f893ac854f/news/robert-pattinson-a-roxfortba-iratna-kislanyat.jpg): 404 Client Error: Not Found for url: https://raw.githubusercontent.com/Derushir/Kepek/main/67c6357751300334f52e35f893ac854f/news/robert-pattinson-a-roxfortba-iratna-kislanyat.jpg
[03:27:04] Image_Downloader: Download failed (https://raw.githubusercontent.com/Derushir/Kepek/main/67c6357751300334f52e35f893ac854f/news/kilenc-kihagyhatatlan-sci-fi-sorozat-amely-egyetlen-evadot-e.jpg): HTTPSConnectionPool(host='raw.githubusercontent.com', port=443): Read timed out. (read timeout=5)
[03:27:04] Image_Downloader: Download failed (https://raw.githubusercontent.com/Derushir/Kepek/main/67c6357751300334f52e35f893ac854f/news/uj-bejelentesek-a-playstation-state-of-play-musoraban-until-.jpg): 404 Client Error: Not Found for url: https://raw.githubusercontent.com/Derushir/Kepek/main/67c6357751300334f52e35f893ac854f/news/uj-bejelentesek-a-playstation-state-of-play-musoraban-until-.jpg
[03:27:05] Image_Downloader: Download failed (https://raw.githubusercontent.com/Derushir/Kepek/main/67c6357751300334f52e35f893ac854f/news/kockat-hasznaltak-a-mo-cap-technologiahoz-az-uj-god-of-war-j.jpg): 404 Client Error: Not Found for url: https://raw.githubusercontent.com/Derushir/Kepek/main/67c6357751300334f52e35f893ac854f/news/kockat-hasznaltak-a-mo-cap-technologiahoz-az-uj-god-of-war-j.jpg
[03:27:05] Image_Downloader: Download failed (https://raw.githubusercontent.com/Derushir/Kepek/main/67c6357751300334f52e35f893ac854f/news/sajatos-autoszerelo-szimulator-jelent-meg-a-90-es-evek-lengy.jpg): 404 Client Error: Not Found for url: https://raw.githubusercontent.com/Derushir/Kepek/main/67c6357751300334f52e35f893ac854f/news/sajatos-autoszerelo-szimulator-jelent-meg-a-90-es-evek-lengy.jpg
[03:27:05] Image_Downloader: Download failed (https://raw.githubusercontent.com/Derushir/Kepek/main/67c6357751300334f52e35f893ac854f/news/uj-korszak-a-god-of-war-sorozatban-laufey-lesz-az-uj-foszere.jpg): 404 Client Error: Not Found for url: https://raw.githubusercontent.com/Derushir/Kepek/main/67c6357751300334f52e35f893ac854f/news/uj-korszak-a-god-of-war-sorozatban-laufey-lesz-az-uj-foszere.jpg
[03:27:05] Image_Downloader: Download failed (https://raw.githubusercontent.com/Derushir/Kepek/main/67c6357751300334f52e35f893ac854f/news/uj-dlc-erkezhet-a-tobb-mint-tizeves-the-witcher-3-wild-hunt-.jpg): 404 Client Error: Not Found for url: https://raw.githubusercontent.com/Derushir/Kepek/main/67c6357751300334f52e35f893ac854f/news/uj-dlc-erkezhet-a-tobb-mint-tizeves-the-witcher-3-wild-hunt-.jpg
[03:27:06] Image_Downloader: Download failed (https://raw.githubusercontent.com/Derushir/Kepek/main/67c6357751300334f52e35f893ac854f/news/pc-gamer-a-majusi-legjobb-jatekvideok-es-a-500-dollaros-nyer.jpg): 404 Client Error: Not Found for url: https://raw.githubusercontent.com/Derushir/Kepek/main/67c6357751300334f52e35f893ac854f/news/pc-gamer-a-majusi-legjobb-jatekvideok-es-a-500-dollaros-nyer.jpg
[03:27:06] Image_Downloader: Download failed (https://raw.githubusercontent.com/Derushir/Kepek/main/67c6357751300334f52e35f893ac854f/news/tyr-is-iranyithato-karakter-lehet-a-god-of-war-laufey-jatekb.png): 404 Client Error: Not Found for url: https://raw.githubusercontent.com/Derushir/Kepek/main/67c6357751300334f52e35f893ac854f/news/tyr-is-iranyithato-karakter-lehet-a-god-of-war-laufey-jatekb.png
[03:27:06] Image_Downloader: Download failed (https://raw.githubusercontent.com/Derushir/Kepek/main/67c6357751300334f52e35f893ac854f/news/aranyalapu-visa-kartyat-inditott-a-tether-kriptojutalmakert-.png): 404 Client Error: Not Found for url: https://raw.githubusercontent.com/Derushir/Kepek/main/67c6357751300334f52e35f893ac854f/news/aranyalapu-visa-kartyat-inditott-a-tether-kriptojutalmakert-.png
[03:27:06] Image_Downloader: Download failed (https://raw.githubusercontent.com/Derushir/Kepek/main/67c6357751300334f52e35f893ac854f/news/hologramsarkanyt-kapott-az-msi-uj-csucskategorias-gamer-pc-j.jpg): 404 Client Error: Not Found for url: https://raw.githubusercontent.com/Derushir/Kepek/main/67c6357751300334f52e35f893ac854f/news/hologramsarkanyt-kapott-az-msi-uj-csucskategorias-gamer-pc-j.jpg
[03:27:07] Image_Downloader: Download failed (https://raw.githubusercontent.com/Derushir/Kepek/main/67c6357751300334f52e35f893ac854f/news/tizenot-ev-utan-valtottak-be-egy-fizikai-bitcoin-erme-tartal.jpg): 404 Client Error: Not Found for url: https://raw.githubusercontent.com/Derushir/Kepek/main/67c6357751300334f52e35f893ac854f/news/tizenot-ev-utan-valtottak-be-egy-fizikai-bitcoin-erme-tartal.jpg
[03:27:07] Image_Downloader: Download failed (https://raw.githubusercontent.com/Derushir/Kepek/main/67c6357751300334f52e35f893ac854f/news/nativ-arm-verzioban-fut-az-alan-wake-2-az-uj-nvidia-rtx-spar.png): 404 Client Error: Not Found for url: https://raw.githubusercontent.com/Derushir/Kepek/main/67c6357751300334f52e35f893ac854f/news/nativ-arm-verzioban-fut-az-alan-wake-2-az-uj-nvidia-rtx-spar.png
[03:27:07] Image_Downloader: Download failed (https://raw.githubusercontent.com/Derushir/Kepek/main/67c6357751300334f52e35f893ac854f/news/oteves-melyponton-a-cardano-arfolyama-charles-hoskinson-a-sz.jpg): 404 Client Error: Not Found for url: https://raw.githubusercontent.com/Derushir/Kepek/main/67c6357751300334f52e35f893ac854f/news/oteves-melyponton-a-cardano-arfolyama-charles-hoskinson-a-sz.jpg
[03:27:07] Image_Downloader: Download failed (https://raw.githubusercontent.com/Derushir/Kepek/main/67c6357751300334f52e35f893ac854f/news/technikai-elemzok-szerint-a-bitcoin-arfolyama-a-2022-es-medv.jpg): 404 Client Error: Not Found for url: https://raw.githubusercontent.com/Derushir/Kepek/main/67c6357751300334f52e35f893ac854f/news/technikai-elemzok-szerint-a-bitcoin-arfolyama-a-2022-es-medv.jpg
[03:27:08] Image_Downloader: Download failed (https://raw.githubusercontent.com/Derushir/Kepek/main/67c6357751300334f52e35f893ac854f/news/a-revolut-sajat-stabilcoin-szolgaltatast-tervez-amerikai-ban.jpg): 404 Client Error: Not Found for url: https://raw.githubusercontent.com/Derushir/Kepek/main/67c6357751300334f52e35f893ac854f/news/a-revolut-sajat-stabilcoin-szolgaltatast-tervez-amerikai-ban.jpg
[03:27:08] Image_Downloader: Download failed (https://raw.githubusercontent.com/Derushir/Kepek/main/67c6357751300334f52e35f893ac854f/news/piaci-turbulenciat-okozott-a-microstrategy-varatlan-bitcoin-.png): 404 Client Error: Not Found for url: https://raw.githubusercontent.com/Derushir/Kepek/main/67c6357751300334f52e35f893ac854f/news/piaci-turbulenciat-okozott-a-microstrategy-varatlan-bitcoin-.png
[03:27:08] Image_Downloader: Download failed (https://raw.githubusercontent.com/Derushir/Kepek/main/67c6357751300334f52e35f893ac854f/news/tobb-mint-100-millio-tranzakciot-bonyolitottak-le-ai-ugynoko.jpg): 404 Client Error: Not Found for url: https://raw.githubusercontent.com/Derushir/Kepek/main/67c6357751300334f52e35f893ac854f/news/tobb-mint-100-millio-tranzakciot-bonyolitottak-le-ai-ugynoko.jpg
[03:42:33] Image_Downloader: Download failed (https://cdn.decrypt.co/resize/1024/height/512/wp-content/uploads/2025/12/CharlesHoskinson-DecryptStyle3-scaled-gID_7.jpg): ('Connection aborted.', ConnectionResetError(54, 'Connection reset by peer'))
[03:42:33] Image_Downloader: Download failed (https://cdn.mos.cms.futurecdn.net/ReVY6H8vKvkiuYPuH984Ed-1920-80.png): ("Connection broken: ConnectionResetError(54, 'Connection reset by peer')", ConnectionResetError(54, 'Connection reset by peer'))
[03:42:33] Image_Downloader: Download failed (https://raw.githubusercontent.com/Derushir/Kepek/main/67c6357751300334f52e35f893ac854f/news/bemutatkozott-a-walrus-memory-ai-ugynokok-szemelyes-emlekeze.jpg): ('Connection aborted.', ConnectionResetError(54, 'Connection reset by peer'))
[03:42:34] Image_Downloader: Download failed (https://raw.githubusercontent.com/Derushir/Kepek/main/67c6357751300334f52e35f893ac854f/news/strategiai-iparagga-nott-az-europai-mobiljatek-szektor.jpg): 404 Client Error: Not Found for url: https://raw.githubusercontent.com/Derushir/Kepek/main/67c6357751300334f52e35f893ac854f/news/strategiai-iparagga-nott-az-europai-mobiljatek-szektor.jpg
[03:42:34] Image_Downloader: Download failed (https://raw.githubusercontent.com/Derushir/Kepek/main/67c6357751300334f52e35f893ac854f/news/hatosagi-figyelmeztetes-csalok-hasznaljak-ki-a-2026-os-labda.jpg): 404 Client Error: Not Found for url: https://raw.githubusercontent.com/Derushir/Kepek/main/67c6357751300334f52e35f893ac854f/news/hatosagi-figyelmeztetes-csalok-hasznaljak-ki-a-2026-os-labda.jpg
[03:42:34] Image_Downloader: Download failed (https://raw.githubusercontent.com/Derushir/Kepek/main/67c6357751300334f52e35f893ac854f/news/bezarja-a-playerunknown-productions-a-prologue-go-wayback-pr.jpg): 404 Client Error: Not Found for url: https://raw.githubusercontent.com/Derushir/Kepek/main/67c6357751300334f52e35f893ac854f/news/bezarja-a-playerunknown-productions-a-prologue-go-wayback-pr.jpg
[03:42:35] Image_Downloader: Download failed (https://raw.githubusercontent.com/Derushir/Kepek/main/67c6357751300334f52e35f893ac854f/news/cukornad-hulladekkal-mukodo-bitcoin-banyaszat-indul-brazilia.jpg): 404 Client Error: Not Found for url: https://raw.githubusercontent.com/Derushir/Kepek/main/67c6357751300334f52e35f893ac854f/news/cukornad-hulladekkal-mukodo-bitcoin-banyaszat-indul-brazilia.jpg
[03:42:35] Image_Downloader: Download failed (https://raw.githubusercontent.com/Derushir/Kepek/main/67c6357751300334f52e35f893ac854f/news/komoly-korlatozasokkal-sujtjak-az-amerikai-bitcoin-automatak.jpg): 404 Client Error: Not Found for url: https://raw.githubusercontent.com/Derushir/Kepek/main/67c6357751300334f52e35f893ac854f/news/komoly-korlatozasokkal-sujtjak-az-amerikai-bitcoin-automatak.jpg
[03:42:35] Image_Downloader: Download failed (https://raw.githubusercontent.com/Derushir/Kepek/main/67c6357751300334f52e35f893ac854f/news/a-bitcoin-mint-a-gepi-kereskedelem-alapja-a-2036-os-penzugyi.png): 404 Client Error: Not Found for url: https://raw.githubusercontent.com/Derushir/Kepek/main/67c6357751300334f52e35f893ac854f/news/a-bitcoin-mint-a-gepi-kereskedelem-alapja-a-2036-os-penzugyi.png
[03:42:35] Image_Downloader: Download failed (https://starity.hu/images/articles/800x600/robert-pattinson-a-roxfortba-akarna-iratni-a-kislanyat-06030226.jpg): HTTPSConnectionPool(host='starity.hu', port=443): Read timed out. (read timeout=5)
[03:42:35] Image_Downloader: Download failed (https://raw.githubusercontent.com/Derushir/Kepek/main/67c6357751300334f52e35f893ac854f/news/a-franklin-templeton-vezerigazgatoja-szerint-a-blokklanc-a-p.jpg): 404 Client Error: Not Found for url: https://raw.githubusercontent.com/Derushir/Kepek/main/67c6357751300334f52e35f893ac854f/news/a-franklin-templeton-vezerigazgatoja-szerint-a-blokklanc-a-p.jpg
[03:42:35] Image_Downloader: Download failed (https://raw.githubusercontent.com/Derushir/Kepek/main/67c6357751300334f52e35f893ac854f/news/megan-brooks-anderson-lett-a-blockware-uj-vezerigazgatoja.jpg): 404 Client Error: Not Found for url: https://raw.githubusercontent.com/Derushir/Kepek/main/67c6357751300334f52e35f893ac854f/news/megan-brooks-anderson-lett-a-blockware-uj-vezerigazgatoja.jpg
[03:42:35] Image_Downloader: Download failed (https://raw.githubusercontent.com/Derushir/Kepek/main/67c6357751300334f52e35f893ac854f/news/kviz-az-illatok-vilagarol-tesztelje-tudasat-a-parfumok-teren.jpg): 404 Client Error: Not Found for url: https://raw.githubusercontent.com/Derushir/Kepek/main/67c6357751300334f52e35f893ac854f/news/kviz-az-illatok-vilagarol-tesztelje-tudasat-a-parfumok-teren.jpg
[03:42:35] Image_Downloader: Download failed (https://raw.githubusercontent.com/Derushir/Kepek/main/67c6357751300334f52e35f893ac854f/news/kritikak-ertek-a-remedy-entertainmentet-a-control-resonant-e.jpg): HTTPSConnectionPool(host='raw.githubusercontent.com', port=443): Read timed out. (read timeout=5)
[03:42:36] Image_Downloader: Download failed (https://raw.githubusercontent.com/Derushir/Kepek/main/67c6357751300334f52e35f893ac854f/news/kresz-tudnivalok-jelentos-kulonbseg-van-a-kek-szinu-nyilas-t.jpg): 404 Client Error: Not Found for url: https://raw.githubusercontent.com/Derushir/Kepek/main/67c6357751300334f52e35f893ac854f/news/kresz-tudnivalok-jelentos-kulonbseg-van-a-kek-szinu-nyilas-t.jpg
[03:42:36] Image_Downloader: Download failed (https://raw.githubusercontent.com/Derushir/Kepek/main/67c6357751300334f52e35f893ac854f/news/bekes-eletet-el-floridai-menedekhelyen-bubbles-michael-jacks.jpg): 404 Client Error: Not Found for url: https://raw.githubusercontent.com/Derushir/Kepek/main/67c6357751300334f52e35f893ac854f/news/bekes-eletet-el-floridai-menedekhelyen-bubbles-michael-jacks.jpg
[03:42:36] Image_Downloader: Download failed (https://raw.githubusercontent.com/Derushir/Kepek/main/67c6357751300334f52e35f893ac854f/news/minden-otodik-amerikai-fiatal-ai-chatbotokhoz-fordul-mentali.jpg): 404 Client Error: Not Found for url: https://raw.githubusercontent.com/Derushir/Kepek/main/67c6357751300334f52e35f893ac854f/news/minden-otodik-amerikai-fiatal-ai-chatbotokhoz-fordul-mentali.jpg
[03:42:36] Image_Downloader: Download failed (https://raw.githubusercontent.com/Derushir/Kepek/main/67c6357751300334f52e35f893ac854f/news/novekszik-a-kereslet-a-tagas-es-onellato-lakoautok-irant.jpg): 404 Client Error: Not Found for url: https://raw.githubusercontent.com/Derushir/Kepek/main/67c6357751300334f52e35f893ac854f/news/novekszik-a-kereslet-a-tagas-es-onellato-lakoautok-irant.jpg
[03:42:36] Image_Downloader: Download failed (https://raw.githubusercontent.com/Derushir/Kepek/main/67c6357751300334f52e35f893ac854f/news/ingyenes-runna-elofizetes-jar-a-strava-felhasznaloknak-a-fut.jpg): 404 Client Error: Not Found for url: https://raw.githubusercontent.com/Derushir/Kepek/main/67c6357751300334f52e35f893ac854f/news/ingyenes-runna-elofizetes-jar-a-strava-felhasznaloknak-a-fut.jpg
[03:42:36] Image_Downloader: Download failed (https://raw.githubusercontent.com/Derushir/Kepek/main/67c6357751300334f52e35f893ac854f/news/ketnapos-utikalauz-portugalia-masodik-legnagyobb-varosaba-po.jpg): 404 Client Error: Not Found for url: https://raw.githubusercontent.com/Derushir/Kepek/main/67c6357751300334f52e35f893ac854f/news/ketnapos-utikalauz-portugalia-masodik-legnagyobb-varosaba-po.jpg
[03:42:36] Image_Downloader: Download failed (https://raw.githubusercontent.com/Derushir/Kepek/main/67c6357751300334f52e35f893ac854f/news/megosztott-gyozelem-az-ev-kerekparutja-2026-szavazason.jpg): 404 Client Error: Not Found for url: https://raw.githubusercontent.com/Derushir/Kepek/main/67c6357751300334f52e35f893ac854f/news/megosztott-gyozelem-az-ev-kerekparutja-2026-szavazason.jpg
[03:42:37] Image_Downloader: Download failed (https://raw.githubusercontent.com/Derushir/Kepek/main/67c6357751300334f52e35f893ac854f/news/doffek-gabor-egy-meghato-irasban-bucsuzott-13-evet-elt-macsk.jpg): 404 Client Error: Not Found for url: https://raw.githubusercontent.com/Derushir/Kepek/main/67c6357751300334f52e35f893ac854f/news/doffek-gabor-egy-meghato-irasban-bucsuzott-13-evet-elt-macsk.jpg
[03:42:37] Image_Downloader: Download failed (https://raw.githubusercontent.com/Derushir/Kepek/main/67c6357751300334f52e35f893ac854f/news/az-agyfagyas-hattere-miert-faj-a-fejunk-a-hideg-etelektol-es.png): 404 Client Error: Not Found for url: https://raw.githubusercontent.com/Derushir/Kepek/main/67c6357751300334f52e35f893ac854f/news/az-agyfagyas-hattere-miert-faj-a-fejunk-a-hideg-etelektol-es.png
[03:42:37] Image_Downloader: Download failed (https://raw.githubusercontent.com/Derushir/Kepek/main/67c6357751300334f52e35f893ac854f/news/magyar-fotos-alkotasa-a-world-food-photography-awards-legjob.jpg): 404 Client Error: Not Found for url: https://raw.githubusercontent.com/Derushir/Kepek/main/67c6357751300334f52e35f893ac854f/news/magyar-fotos-alkotasa-a-world-food-photography-awards-legjob.jpg
[03:42:37] Image_Downloader: Download failed (https://raw.githubusercontent.com/Derushir/Kepek/main/67c6357751300334f52e35f893ac854f/news/marciusi-melyponton-a-bitcoin-arfolyama-a-kozel-keleti-feszu.jpg): 404 Client Error: Not Found for url: https://raw.githubusercontent.com/Derushir/Kepek/main/67c6357751300334f52e35f893ac854f/news/marciusi-melyponton-a-bitcoin-arfolyama-a-kozel-keleti-feszu.jpg
[03:42:37] Image_Downloader: Download failed (https://raw.githubusercontent.com/Derushir/Kepek/main/67c6357751300334f52e35f893ac854f/news/a-lathatatlan-fogszabalyozas-mar-nem-csak-esztetikai-kerdes.jpg): 404 Client Error: Not Found for url: https://raw.githubusercontent.com/Derushir/Kepek/main/67c6357751300334f52e35f893ac854f/news/a-lathatatlan-fogszabalyozas-mar-nem-csak-esztetikai-kerdes.jpg
[03:42:38] Image_Downloader: Download failed (https://raw.githubusercontent.com/Derushir/Kepek/main/67c6357751300334f52e35f893ac854f/news/ezert-ne-hasznaljunk-papirtorlot-uvegfeluletek-tisztitasahoz.jpg): 404 Client Error: Not Found for url: https://raw.githubusercontent.com/Derushir/Kepek/main/67c6357751300334f52e35f893ac854f/news/ezert-ne-hasznaljunk-papirtorlot-uvegfeluletek-tisztitasahoz.jpg
[03:42:38] Image_Downloader: Download failed (https://raw.githubusercontent.com/Derushir/Kepek/main/67c6357751300334f52e35f893ac854f/news/racz-jeno-az-apasagrol-a-sebezhetoseg-es-az-erzelmi-nyitotts.jpg): 404 Client Error: Not Found for url: https://raw.githubusercontent.com/Derushir/Kepek/main/67c6357751300334f52e35f893ac854f/news/racz-jeno-az-apasagrol-a-sebezhetoseg-es-az-erzelmi-nyitotts.jpg
[03:42:38] Image_Downloader: Download failed (https://raw.githubusercontent.com/Derushir/Kepek/main/67c6357751300334f52e35f893ac854f/news/ezek-a-2026-os-nyar-legmeghatarozobb-furdoruhatrendjei.jpg): 404 Client Error: Not Found for url: https://raw.githubusercontent.com/Derushir/Kepek/main/67c6357751300334f52e35f893ac854f/news/ezek-a-2026-os-nyar-legmeghatarozobb-furdoruhatrendjei.jpg
[03:42:38] Image_Downloader: Download failed (https://raw.githubusercontent.com/Derushir/Kepek/main/67c6357751300334f52e35f893ac854f/news/hidrogel-arcmaszkok-a-k-beauty-legujabb-trendje-a-borfiatali.png): 404 Client Error: Not Found for url: https://raw.githubusercontent.com/Derushir/Kepek/main/67c6357751300334f52e35f893ac854f/news/hidrogel-arcmaszkok-a-k-beauty-legujabb-trendje-a-borfiatali.png
[03:42:38] Image_Downloader: Download failed (https://raw.githubusercontent.com/Derushir/Kepek/main/67c6357751300334f52e35f893ac854f/news/a-pszichologusok-szerint-a-tulzott-kedvesseg-gyakran-mely-ma.jpg): 404 Client Error: Not Found for url: https://raw.githubusercontent.com/Derushir/Kepek/main/67c6357751300334f52e35f893ac854f/news/a-pszichologusok-szerint-a-tulzott-kedvesseg-gyakran-mely-ma.jpg
[03:42:38] Image_Downloader: Download failed (https://raw.githubusercontent.com/Derushir/Kepek/main/67c6357751300334f52e35f893ac854f/news/mandy-moore-oszinten-beszelt-a-sikertelen-lombikbebi-kezeles.jpg): 404 Client Error: Not Found for url: https://raw.githubusercontent.com/Derushir/Kepek/main/67c6357751300334f52e35f893ac854f/news/mandy-moore-oszinten-beszelt-a-sikertelen-lombikbebi-kezeles.jpg
[03:42:39] Image_Downloader: Download failed (https://raw.githubusercontent.com/Derushir/Kepek/main/67c6357751300334f52e35f893ac854f/news/jakupcsek-gabriella-es-fia-oszinten-beszeltek-a-gyermekkorro.jpg): 404 Client Error: Not Found for url: https://raw.githubusercontent.com/Derushir/Kepek/main/67c6357751300334f52e35f893ac854f/news/jakupcsek-gabriella-es-fia-oszinten-beszeltek-a-gyermekkorro.jpg
[03:42:39] Image_Downloader: Download failed (https://raw.githubusercontent.com/Derushir/Kepek/main/67c6357751300334f52e35f893ac854f/news/ruzsa-magdi-gyerekei-egy-uj-kiskutyaval-ismerkednek.jpg): 404 Client Error: Not Found for url: https://raw.githubusercontent.com/Derushir/Kepek/main/67c6357751300334f52e35f893ac854f/news/ruzsa-magdi-gyerekei-egy-uj-kiskutyaval-ismerkednek.jpg
[03:42:40] Image_Downloader: Download failed (https://raw.githubusercontent.com/Derushir/Kepek/main/67c6357751300334f52e35f893ac854f/news/taktikai-valtas-az-arsenal-bajnoki-cime-a-stilusfeladas-aran.jpg): 404 Client Error: Not Found for url: https://raw.githubusercontent.com/Derushir/Kepek/main/67c6357751300334f52e35f893ac854f/news/taktikai-valtas-az-arsenal-bajnoki-cime-a-stilusfeladas-aran.jpg
[03:42:40] Image_Downloader: Download failed (https://raw.githubusercontent.com/Derushir/Kepek/main/67c6357751300334f52e35f893ac854f/news/tortenelmi-olasz-donto-a-roland-garroson.jpg): 404 Client Error: Not Found for url: https://raw.githubusercontent.com/Derushir/Kepek/main/67c6357751300334f52e35f893ac854f/news/tortenelmi-olasz-donto-a-roland-garroson.jpg
[03:42:40] Image_Downloader: Download failed (https://raw.githubusercontent.com/Derushir/Kepek/main/67c6357751300334f52e35f893ac854f/news/beres-anett-sikeres-vallalkozokent-nem-vagyik-tobb-penzre.jpg): 404 Client Error: Not Found for url: https://raw.githubusercontent.com/Derushir/Kepek/main/67c6357751300334f52e35f893ac854f/news/beres-anett-sikeres-vallalkozokent-nem-vagyik-tobb-penzre.jpg
[03:42:40] Image_Downloader: Download failed (https://raw.githubusercontent.com/Derushir/Kepek/main/67c6357751300334f52e35f893ac854f/news/a-lucid-air-sapphire-gyorsulasban-legyozte-a-corvette-zr1x-e.jpg): 404 Client Error: Not Found for url: https://raw.githubusercontent.com/Derushir/Kepek/main/67c6357751300334f52e35f893ac854f/news/a-lucid-air-sapphire-gyorsulasban-legyozte-a-corvette-zr1x-e.jpg
[03:42:40] Image_Downloader: Download failed (https://raw.githubusercontent.com/Derushir/Kepek/main/67c6357751300334f52e35f893ac854f/news/florentino-perez-jose-mourinhot-igeri-a-real-madrid-uj-edzoj.jpg): 404 Client Error: Not Found for url: https://raw.githubusercontent.com/Derushir/Kepek/main/67c6357751300334f52e35f893ac854f/news/florentino-perez-jose-mourinhot-igeri-a-real-madrid-uj-edzoj.jpg
[03:42:41] Image_Downloader: Download failed (https://raw.githubusercontent.com/Derushir/Kepek/main/67c6357751300334f52e35f893ac854f/news/fiatalitas-jegyeben-keszul-a-magyar-valogatott-a-nemzetek-li.jpg): 404 Client Error: Not Found for url: https://raw.githubusercontent.com/Derushir/Kepek/main/67c6357751300334f52e35f893ac854f/news/fiatalitas-jegyeben-keszul-a-magyar-valogatott-a-nemzetek-li.jpg
