[08:45:07] Summarizer: [DownloadWorker-6] SKIP (duplicate title): Kritikák, videók, szereplők...
[08:45:08] Summarizer: [DownloadWorker-8] SKIP (duplicate title): Save 25% Off the Steelseries Arctis Nova...
[08:45:09] Summarizer: [DownloadWorker-1] SKIP (duplicate title): Histoires de la nuit (film, 2026) | Krit...
[08:45:10] Summarizer: [DownloadWorker-9] SKIP (duplicate title): Femina.hu...
[08:50:41] Summarizer: [DownloadWorker-7] SKIP (duplicate title): TRADING ECONOMICS...
[08:50:43] Summarizer: [Batch] No response from API (attempt 1/3)
[08:50:43] Summarizer: [Batch] No response from API (attempt 1/3)
[08:50:46] Summarizer: [MissingDetector] ⚠️ PAIRING FAIL: 'https://esport1.hu/news/2026/05/25/paralives-studio-alex-masse-early-access-megjelenes-datum-eletszimulátor-sims-roadmap-pets-seasons-pool-steam-pc-szlav' not found. KEEPING ITEM (Fallback).
[08:50:46] Summarizer: [Batch] 5 item(s) missing from response → marked for reprocessing
[08:50:46] Summarizer: [FreeGeminiAPI_3] ⚠️ PAIRING FAIL: 'https://esport1.hu/news/2026/05/25/paralives-studio-alex-masse-early-access-megjelenes-datum-eletszimulátor-sims-roadmap-pets-seasons-pool-steam-pc-szlav' not found. KEEPING ITEM (Fallback).
[08:50:48] Summarizer: [DownloadWorker-3] SKIP (duplicate title): 3 New Strong Buy Ratings from Top-Rated ...
[08:50:56] Image_Downloader: Download failed (https://assets.4cdn.hu/kraken/8LUhlakYhDOn1rE1KQs-lg.jpeg): HTTPSConnectionPool(host='assets.4cdn.hu', port=443): Read timed out.
[08:50:56] Summarizer: [Batch] 1 item(s) missing from response → marked for reprocessing
[08:51:00] Image_Downloader: Download failed (http://www.mafab.hu/img/images/bll.jpg): 404 Client Error: Not Found for url: https://www.mafab.hu/img/images/bll.jpg
[08:51:02] Summarizer: [MissingDetector] ⚠️ PAIRING FAIL: 'https://totalcar.hu/hirek/2026/05/25/titkos-autogyujtemeny-kerult-kalapacs-ala-ritkan-latni-egyutt-ennyi-rennyi-renault-5-ot' not found. KEEPING ITEM (Fallback).
[08:51:02] Summarizer: [Batch] 5 item(s) missing from response → marked for reprocessing
[08:51:02] Summarizer: [FreeGeminiAPI_2] ⚠️ PAIRING FAIL: 'https://totalcar.hu/hirek/2026/05/25/titkos-autogyujtemeny-kerult-kalapacs-ala-ritkan-latni-egyutt-ennyi-rennyi-renault-5-ot' not found. KEEPING ITEM (Fallback).
[08:51:04] Summarizer: [Batch] 3 item(s) missing from response → marked for reprocessing
[08:51:05] Summarizer: [Batch] 3 item(s) missing from response → marked for reprocessing
[08:51:06] Summarizer: [DownloadWorker-8] SKIP (duplicate title): Férjek akcióban (film, 2026) | Kritikák,...
[08:51:11] Summarizer: [Batch] 3 item(s) missing from response → marked for reprocessing
[08:51:12] Summarizer: [DownloadWorker-2] SKIP (duplicate title): Femina.hu...
[08:51:14] Summarizer: [Batch] 3 item(s) missing from response → marked for reprocessing
[08:51:16] Summarizer: [Batch] 2 item(s) missing from response → marked for reprocessing
[08:51:24] Summarizer: [Batch] 1 item(s) missing from response → marked for reprocessing
[08:51:29] Summarizer: [DownloadWorker-9] SKIP (duplicate title): TRADING ECONOMICS...
[08:51:31] Summarizer: [MissingDetector] ⚠️ PAIRING FAIL: 'https://www.vezess.hu/vezetunk/2026/05/26/remalom-brusszelben-mire-visszaert-a-nyaralasrol-roncsként-kapta-vissza-uj-autojat/' not found. KEEPING ITEM (Fallback).
[08:51:31] Summarizer: [Batch] 3 item(s) missing from response → marked for reprocessing
[08:51:31] Summarizer: [FreeGeminiAPI_1] ⚠️ PAIRING FAIL: 'https://www.vezess.hu/vezetunk/2026/05/26/remalom-brusszelben-mire-visszaert-a-nyaralasrol-roncsként-kapta-vissza-uj-autojat/' not found. KEEPING ITEM (Fallback).
[08:51:32] Summarizer: [Batch] 2 item(s) missing from response → marked for reprocessing
[08:51:34] Summarizer: [Batch] 2 item(s) missing from response → marked for reprocessing
[09:07:57] Image_Downloader: Download failed (https://s.24.hu/app/uploads/2026/05/milak-kristof-2-1440x810_wm.jpg): ("Connection broken: ConnectionResetError(54, 'Connection reset by peer')", ConnectionResetError(54, 'Connection reset by peer'))
[09:08:03] Summarizer: [DownloadWorker-3] SKIP (duplicate title): Hot or Not, Stock Market Edition: 05/26/...
[09:08:12] Summarizer: [DownloadWorker-2] SKIP (duplicate title): Ezt nézték a magyar Netflix-felhasználók...
[09:08:24] Summarizer: [DownloadWorker-7] SKIP (duplicate title): Napi üzenet hétfő – 2026. 05. 26....
[09:08:27] Summarizer: [DownloadWorker-8] SKIP (duplicate title): TV műsor...
[09:08:31] Summarizer: [DownloadWorker-2] SKIP (duplicate title): Femina.hu...
[09:25:05] Summarizer: [DownloadWorker-1] SKIP (duplicate title): WMN...
[09:25:07] Summarizer: [DownloadWorker-0] SKIP (duplicate title): TRADING ECONOMICS...
[09:25:19] Summarizer: [DownloadWorker-5] SKIP (duplicate title): Komárom-Esztergom vármegye kihagyhatatla...
[09:25:23] Summarizer: [DownloadWorker-1] SKIP (duplicate title): Kigyulladt egy mozdony Kelenföldön...
[09:25:27] Summarizer: [DownloadWorker-7] SKIP (duplicate title): Femina.hu...
[09:25:36] Summarizer: [DownloadWorker-2] SKIP (duplicate title): Femina.hu...
[09:25:47] Summarizer: [DownloadWorker-8] SKIP (duplicate title): The New 2026 Apple iPad Air with M4 Chip...
[09:25:48] Summarizer: [DownloadWorker-4] SKIP (duplicate title): Femina.hu...
[09:41:50] Summarizer: [DownloadWorker-8] SKIP (duplicate title): WMN...
[09:42:22] Summarizer: [DownloadWorker-9] SKIP (duplicate title): Femina.hu...
[09:42:31] Summarizer: [DownloadWorker-1] SKIP (duplicate title): WMN...
[09:42:54] Summarizer: [DownloadWorker-4] SKIP (duplicate title): Femina.hu...
[09:42:57] Summarizer: [DownloadWorker-7] SKIP (duplicate title): Koncert.hu...
[09:42:59] Summarizer: [DownloadWorker-5] SKIP (duplicate title): WMN...
[09:43:07] Summarizer: TIMEOUT (180s) - backend call took too long
[09:43:07] Summarizer: [Batch] No response from API (attempt 1/3)
[09:43:08] Summarizer: [DownloadWorker-4] SKIP (duplicate title): Femina.hu...
[09:43:08] Summarizer: TIMEOUT (180s) - backend call took too long
[09:43:08] Summarizer: [Batch] No response from API (attempt 1/3)
[09:43:11] Summarizer: TIMEOUT (180s) - backend call took too long
[09:43:11] Summarizer: [Batch] No response from API (attempt 1/3)
[09:43:16] Summarizer: [DownloadWorker-1] SKIP (duplicate title): WMN...
[09:43:24] Summarizer: [Batch] 2 item(s) missing from response → marked for reprocessing
[09:43:38] Image_Downloader: Download failed (https://i.cdn29.hu/apix_collect_c/ngg_images/2601/29/microsoft_windows_defender_101359_1_original_760x425_cover.jpg): HTTPSConnectionPool(host='i.cdn29.hu', port=443): Read timed out. (read timeout=5)
[09:43:40] Summarizer: [DownloadWorker-3] SKIP (duplicate title): Femina.hu...
[09:43:45] Summarizer: [DownloadWorker-8] SKIP (duplicate title): WMN...
[09:43:54] Summarizer: [DownloadWorker-5] SKIP (duplicate title): Femina.hu...
[09:43:55] Summarizer: [Batch] 1 item(s) missing from response → marked for reprocessing
[09:43:58] Summarizer: [DownloadWorker-8] SKIP (duplicate title): Koncert.hu...
[09:43:59] Summarizer: [DownloadWorker-7] SKIP (duplicate title): WMN...
[09:44:03] Summarizer: [DownloadWorker-2] SKIP (duplicate title): Femina.hu...
[09:44:04] Image_Downloader: Download failed (https://assets.4cdn.hu/kraken/8LUSReFM1MOLT2JMs-lg.jpeg): HTTPSConnectionPool(host='assets.4cdn.hu', port=443): Read timed out. (read timeout=5)
[09:44:10] Summarizer: [DownloadWorker-8] SKIP (duplicate title): Femina.hu...
[09:44:12] Summarizer: [Batch] 2 item(s) missing from response → marked for reprocessing
[09:44:13] Summarizer: [DownloadWorker-0] SKIP (duplicate title): Femina.hu...
[09:44:13] Summarizer: [DownloadWorker-4] SKIP (duplicate title): WMN...
[09:44:14] Summarizer: [DownloadWorker-2] SKIP (duplicate title): WMN...
[09:44:18] Summarizer: [DownloadWorker-6] SKIP (duplicate title): WMN...
[09:44:27] Image_Downloader: Download failed (https://www.techpowerup.com/img/MbYNI5eUewQi7TPb.jpg): HTTPSConnectionPool(host='www.techpowerup.com', port=443): Read timed out. (read timeout=5)
[09:44:36] Summarizer: [Batch] 1 item(s) missing from response → marked for reprocessing
[09:44:38] Summarizer: [Batch] 2 item(s) missing from response → marked for reprocessing
[09:44:38] Summarizer: [Batch] 3 item(s) missing from response → marked for reprocessing
[09:44:47] Summarizer: [Batch] 1 item(s) missing from response → marked for reprocessing
[09:44:51] Summarizer: [Batch] 1 item(s) missing from response → marked for reprocessing
[09:45:00] Summarizer: [Batch] 3 item(s) missing from response → marked for reprocessing
[09:45:04] Summarizer: [Batch] 3 item(s) missing from response → marked for reprocessing
[09:45:08] Summarizer: [Batch] 2 item(s) missing from response → marked for reprocessing
[09:45:15] Summarizer: [MissingDetector] ⚠️ PAIRING FAIL: 'https://444.hu/2026/05/26/az-nka-penzek-egyik-nyertese-fizette-kocsis-mate-zebra-dpk-janak-kampanyrendezvenyet?utm_source=rss_feed&utm_campaign=rss_syndication' not found. KEEPING ITEM (Fallback).
[09:45:15] Summarizer: [Batch] 2 item(s) missing from response → marked for reprocessing
[09:45:15] Summarizer: [FreeGeminiAPI_1] ⚠️ PAIRING FAIL: 'https://444.hu/2026/05/26/az-nka-penzek-egyik-nyertese-fizette-kocsis-mate-zebra-dpk-janak-kampanyrendezvenyet?utm_source=rss_feed&utm_campaign=rss_syndication' not found. KEEPING ITEM (Fallback).
[09:45:16] Summarizer: [Batch] 1 item(s) missing from response → marked for reprocessing
[09:45:22] Summarizer: [Batch] 1 item(s) missing from response → marked for reprocessing
[09:45:22] Summarizer: [Batch] 3 item(s) missing from response → marked for reprocessing
[09:45:42] Summarizer: [Batch] 2 item(s) missing from response → marked for reprocessing
[09:45:58] Summarizer: [Batch] 1 item(s) missing from response → marked for reprocessing
[09:46:02] Summarizer: [Batch] 3 item(s) missing from response → marked for reprocessing
[09:46:04] Summarizer: [Batch] 3 item(s) missing from response → marked for reprocessing
[09:46:14] Summarizer: [MissingDetector] ⚠️ PAIRING FAIL: 'https://www.portfolio.hu/global/2026/05/26/ennyi-volt-megint-zugtak-a-bombazok-iran-folott-838994' not found. KEEPING ITEM (Fallback).
[09:46:14] Summarizer: [Batch] 1 item(s) missing from response → marked for reprocessing
[09:46:14] Summarizer: [FreeGeminiAPI_3] ⚠️ PAIRING FAIL: 'https://www.portfolio.hu/global/2026/05/26/ennyi-volt-megint-zugtak-a-bombazok-iran-folott-838994' not found. KEEPING ITEM (Fallback).
[09:46:17] Image_Downloader: Download failed (https://www.mafab.hu//www.instagram.com/embed.js): 404 Client Error: Not Found for url: https://www.mafab.hu//www.instagram.com/embed.js
[09:46:38] Summarizer: [Batch] 2 item(s) missing from response → marked for reprocessing
[09:46:52] Summarizer: Reprocessing 5 pairing failures from data.json
[13:42:53] Summarizer: [Batch] 1 item(s) missing from response → marked for reprocessing
[13:43:00] Summarizer: [Batch] 2 item(s) missing from response → marked for reprocessing
[13:43:04] Summarizer: [Batch] 4 item(s) missing from response → marked for reprocessing
[13:43:11] Summarizer: [Batch] 3 item(s) missing from response → marked for reprocessing
[13:43:11] Summarizer: [DownloadWorker-2] SKIP (duplicate title): The grunge band corrupted by greed that ...
[13:43:17] Summarizer: [DownloadWorker-5] SKIP (duplicate title): Jaclyn Kagey Shapes Humanity’s Return to...
[13:43:18] Summarizer: [Batch] 2 item(s) missing from response → marked for reprocessing
[13:43:19] Summarizer: [DownloadWorker-9] SKIP (duplicate title): Őrizetbe vették Hilarion orosz metropoli...
[13:43:21] Summarizer: [DownloadWorker-2] SKIP (duplicate title): Az Oscar-díjas Spike Jonze imádnivaló ki...
[13:43:24] Summarizer: [Batch] 3 item(s) missing from response → marked for reprocessing
[13:43:32] Summarizer: [DownloadWorker-4] SKIP (duplicate title): 2027 Ferrari Luce EV super sedan finally...
[13:58:34] Summarizer: [Batch] No response from API (attempt 1/3)
[13:58:36] Summarizer: [DownloadWorker-3] SKIP (duplicate title): Poszméh nászajándékba....
[13:58:37] Summarizer: [DownloadWorker-8] SKIP (duplicate title): WMN...
[13:58:40] Summarizer: [DownloadWorker-0] SKIP (duplicate title): 5 élménydús gyereknapi program Budapeste...
[13:58:40] Summarizer: [DownloadWorker-6] SKIP (duplicate title): Rick, a nagyfejű...
[13:58:40] Summarizer: [DownloadWorker-7] SKIP (duplicate title): Leet...
[13:58:42] Summarizer: [DownloadWorker-2] SKIP (duplicate title): Lexus RZ electric-car sales to grow, but...
[13:58:43] Summarizer: [Batch] 3 item(s) missing from response → marked for reprocessing
[13:58:44] Summarizer: [DownloadWorker-5] SKIP (duplicate title): 2014 was the best year for cinema this c...
[13:58:49] Summarizer: [Batch] 2 item(s) missing from response → marked for reprocessing
[13:58:50] Summarizer: [Batch] 1 item(s) missing from response → marked for reprocessing
[13:58:51] Summarizer: [DownloadWorker-6] SKIP (duplicate title): Will Ferrell helyett majdnem a Red Hot C...
[13:58:52] Summarizer: [DownloadWorker-8] SKIP (duplicate title): Keddi friss hírek, forgalom, időjárás – ...
[13:58:58] Summarizer: [Batch] 2 item(s) missing from response → marked for reprocessing
[13:58:59] Summarizer: [DownloadWorker-9] SKIP (duplicate title): Stephen Colbert bevállalta...
[13:59:00] Summarizer: [DownloadWorker-1] SKIP (duplicate title): Mese a fák között...
[13:59:01] Summarizer: [DownloadWorker-5] SKIP (duplicate title): Leet...
[13:59:02] Summarizer: [DownloadWorker-6] SKIP (duplicate title): Hyundai could introduce a gear stick for...
[13:59:04] Summarizer: [Batch] 3 item(s) missing from response → marked for reprocessing
[13:59:05] Summarizer: [Batch] 1 item(s) missing from response → marked for reprocessing
[13:59:08] Summarizer: [DownloadWorker-0] SKIP (duplicate title): Vangelis filmzenéi az örökkévalóságnak...
[13:59:08] Summarizer: [DownloadWorker-8] SKIP (duplicate title): Egymással csattant két Lamborghini, az e...
[13:59:12] Summarizer: [Batch] 1 item(s) missing from response → marked for reprocessing
[13:59:12] Summarizer: [Batch] 2 item(s) missing from response → marked for reprocessing
[13:59:13] Summarizer: [DownloadWorker-2] SKIP (duplicate title): Ágas-bogas...
[13:59:14] Summarizer: [DownloadWorker-1] SKIP (duplicate title): Alcoa Wins From An Aluminum Boom Which H...
[13:59:14] Summarizer: [DownloadWorker-5] SKIP (duplicate title): 2026 Porsche 911 GT3 Touring manual revi...
[13:59:17] Summarizer: [DownloadWorker-9] SKIP (duplicate title): 45 éve nincs közöttünk John Lennon...
[13:59:20] Image_Downloader: Download failed (https://www.pcguru.hu/images/covers/101185.jpg): 404 Client Error: Not Found for url: https://www.pcguru.hu/images/covers/101185.jpg
[13:59:21] Summarizer: [DownloadWorker-1] SKIP (duplicate title): Uzsonna idő...
[13:59:22] Summarizer: [DownloadWorker-0] SKIP (duplicate title): Leet...
[13:59:24] Summarizer: [DownloadWorker-7] SKIP (duplicate title): 2027 Ram 1500 Rumble Bee SRT revealed as...
[13:59:28] Summarizer: [Batch] 1 item(s) missing from response → marked for reprocessing
[13:59:28] Summarizer: [DownloadWorker-0] SKIP (duplicate title): Leet...
[13:59:31] Summarizer: [DownloadWorker-4] SKIP (duplicate title): PS5 Drops 3 New Free Game Tasters You Do...
[13:59:31] Summarizer: [DownloadWorker-5] SKIP (duplicate title): Rémálom Brüsszelben: mire visszaért a ny...
[13:59:32] Summarizer: [DownloadWorker-9] SKIP (duplicate title): GTA 6 Preorder Watch: Official Xbox Acco...
[13:59:35] Summarizer: [DownloadWorker-4] SKIP (duplicate title): Koncert.hu...
[13:59:36] Summarizer: [MissingDetector] ⚠️ PAIRING FAIL: 'https://hu.ign.com/nicolas-cage/111857/nicolas-cage-szerint-azert-nem-szerepelhet-christopher-nolan-filmjeiben-mert-a-rendezo-megsertodett-ra' not found. KEEPING ITEM (Fallback).
[13:59:36] Summarizer: [Batch] 1 item(s) missing from response → marked for reprocessing
[13:59:36] Summarizer: [FreeGeminiAPI_2] ⚠️ PAIRING FAIL: 'https://hu.ign.com/nicolas-cage/111857/nicolas-cage-szerint-azert-nem-szerepelhet-christopher-nolan-filmjeiben-mert-a-rendezo-megsertodett-ra' not found. KEEPING ITEM (Fallback).
[13:59:36] Summarizer: [Batch] 1 item(s) missing from response → marked for reprocessing
[13:59:37] Summarizer: [DownloadWorker-8] SKIP (duplicate title): Alakul a kánikula, szerdára már nem lesz...
[13:59:38] Summarizer: [DownloadWorker-6] SKIP (duplicate title): The clever vacuum-cleaner tech inspiring...
[13:59:43] Summarizer: [DownloadWorker-8] SKIP (duplicate title): Leet...
[13:59:44] Summarizer: [DownloadWorker-7] SKIP (duplicate title): China’s next battleground beyond EVs wil...
[13:59:44] Summarizer: [Batch] 1 item(s) missing from response → marked for reprocessing
[13:59:46] Summarizer: [DownloadWorker-8] SKIP (duplicate title): Tigristestvérek vízi csatája, ilyen aran...
[13:59:47] Summarizer: [DownloadWorker-3] SKIP (duplicate title): Önvédelemre hivatkozva újabb csapásokat ...
[13:59:48] Summarizer: [DownloadWorker-5] SKIP (duplicate title): Megjött a döntés: így változik holnap a ...
[13:59:52] Summarizer: [Batch] 2 item(s) missing from response → marked for reprocessing
[13:59:53] Summarizer: [DownloadWorker-4] SKIP (duplicate title): Leet...
[13:59:59] Summarizer: [DownloadWorker-0] SKIP (duplicate title): Leet...
[14:00:00] Summarizer: [Batch] 1 item(s) missing from response → marked for reprocessing
[14:00:04] Summarizer: [DownloadWorker-8] SKIP (duplicate title): Leet...
[14:00:11] Summarizer: [Batch] 1 item(s) missing from response → marked for reprocessing
[14:00:11] Summarizer: [DownloadWorker-0] SKIP (duplicate title): David Attenborough előtt tiszteleg a csa...
[14:00:12] Summarizer: [MissingDetector] ⚠️ PAIRING FAIL: 'https://index.hu/tudomany/til/2026/05/26/egig-ero-fak-mamutfenye-fotoszintezis-hyperion-sherman-tabornok-pando-porbolyi-titan/' not found. KEEPING ITEM (Fallback).
[14:00:12] Summarizer: [Batch] 2 item(s) missing from response → marked for reprocessing
[14:00:12] Summarizer: [FreeGeminiAPI_2] ⚠️ PAIRING FAIL: 'https://index.hu/tudomany/til/2026/05/26/egig-ero-fak-mamutfenye-fotoszintezis-hyperion-sherman-tabornok-pando-porbolyi-titan/' not found. KEEPING ITEM (Fallback).
[14:00:20] Summarizer: [MissingDetector] ⚠️ PAIRING FAIL: 'https://www.forbes.com/councils/forbestechcouncil/2026/05/26/the-debate-between-low-code-and-custom-development-is-flawed/' not found. KEEPING ITEM (Fallback).
[14:00:20] Summarizer: [Batch] 1 item(s) missing from response → marked for reprocessing
[14:00:20] Summarizer: [FreeGeminiAPI_3] ⚠️ PAIRING FAIL: 'https://www.forbes.com/councils/forbestechcouncil/2026/05/26/the-debate-between-low-code-and-custom-development-is-flawed/' not found. KEEPING ITEM (Fallback).
[14:26:25] Summarizer: TIMEOUT (180s) - backend call took too long
[14:26:25] Summarizer: [Batch] No response from API (attempt 1/3)
[14:42:05] Summarizer: [Batch] No response from API (attempt 1/3)
[14:42:21] Summarizer: Reprocessing 3 pairing failures from data.json
[16:11:25] Image_Downloader: Download failed (https://raw.githubusercontent.com/Derushir/Kepek/main/67c6357751300334f52e35f893ac854f/news/autopalyan-kerekparozott-egy-ferfi-az-m5-oson-a-rendorseg-in.jpg): 404 Client Error: Not Found for url: https://raw.githubusercontent.com/Derushir/Kepek/main/67c6357751300334f52e35f893ac854f/news/autopalyan-kerekparozott-egy-ferfi-az-m5-oson-a-rendorseg-in.jpg
[16:11:25] Image_Downloader: Download failed (https://raw.githubusercontent.com/Derushir/Kepek/main/67c6357751300334f52e35f893ac854f/news/150-eves-a-margit-hid-a-francia-tervek-alapjan-epult-robbana.jpg): 404 Client Error: Not Found for url: https://raw.githubusercontent.com/Derushir/Kepek/main/67c6357751300334f52e35f893ac854f/news/150-eves-a-margit-hid-a-francia-tervek-alapjan-epult-robbana.jpg
[16:11:25] Image_Downloader: Download failed (https://raw.githubusercontent.com/Derushir/Kepek/main/67c6357751300334f52e35f893ac854f/news/korozott-20-millios-luxusautot-foglaltak-le-szabolcsban.jpg): 404 Client Error: Not Found for url: https://raw.githubusercontent.com/Derushir/Kepek/main/67c6357751300334f52e35f893ac854f/news/korozott-20-millios-luxusautot-foglaltak-le-szabolcsban.jpg
[16:11:25] Image_Downloader: Download failed (https://raw.githubusercontent.com/Derushir/Kepek/main/67c6357751300334f52e35f893ac854f/news/tavozik-az-atv-tol-l-dezsi-zoltan-riporter.jpg): 404 Client Error: Not Found for url: https://raw.githubusercontent.com/Derushir/Kepek/main/67c6357751300334f52e35f893ac854f/news/tavozik-az-atv-tol-l-dezsi-zoltan-riporter.jpg
[16:11:25] Image_Downloader: Download failed (https://raw.githubusercontent.com/Derushir/Kepek/main/67c6357751300334f52e35f893ac854f/news/tobb-mint-15-millio-forint-karteritest-harcoltak-ki-az-utaso.jpg): 404 Client Error: Not Found for url: https://raw.githubusercontent.com/Derushir/Kepek/main/67c6357751300334f52e35f893ac854f/news/tobb-mint-15-millio-forint-karteritest-harcoltak-ki-az-utaso.jpg
[16:11:25] Image_Downloader: Download failed (https://raw.githubusercontent.com/Derushir/Kepek/main/67c6357751300334f52e35f893ac854f/news/tobb-mint-30-ezer-kozlekedesi-birsagot-vontak-vissza-colorad.jpg): 404 Client Error: Not Found for url: https://raw.githubusercontent.com/Derushir/Kepek/main/67c6357751300334f52e35f893ac854f/news/tobb-mint-30-ezer-kozlekedesi-birsagot-vontak-vissza-colorad.jpg
[16:11:25] Image_Downloader: Download failed (https://raw.githubusercontent.com/Derushir/Kepek/main/67c6357751300334f52e35f893ac854f/news/csokkennek-az-uzemanyagarak-magyarorszagon-szerdatol.jpg): 404 Client Error: Not Found for url: https://raw.githubusercontent.com/Derushir/Kepek/main/67c6357751300334f52e35f893ac854f/news/csokkennek-az-uzemanyagarak-magyarorszagon-szerdatol.jpg
[16:11:27] Image_Downloader: Download failed (https://raw.githubusercontent.com/Derushir/Kepek/main/67c6357751300334f52e35f893ac854f/news/rekordfutasteljesitmenyu-suzuki-vitara-bizonyitott-a-brit-ut.jpg): 404 Client Error: Not Found for url: https://raw.githubusercontent.com/Derushir/Kepek/main/67c6357751300334f52e35f893ac854f/news/rekordfutasteljesitmenyu-suzuki-vitara-bizonyitott-a-brit-ut.jpg
[16:11:27] Image_Downloader: Download failed (https://raw.githubusercontent.com/Derushir/Kepek/main/67c6357751300334f52e35f893ac854f/news/legiutas-kiserok-titkos-kodszavai-mit-jelentenek-a-figyelmez.jpg): 404 Client Error: Not Found for url: https://raw.githubusercontent.com/Derushir/Kepek/main/67c6357751300334f52e35f893ac854f/news/legiutas-kiserok-titkos-kodszavai-mit-jelentenek-a-figyelmez.jpg
[16:11:27] Image_Downloader: Download failed (https://raw.githubusercontent.com/Derushir/Kepek/main/67c6357751300334f52e35f893ac854f/news/nvidia-a-rivalisok-keson-kapcsoltak-a-globalis-memoriahianyb.jpg): 404 Client Error: Not Found for url: https://raw.githubusercontent.com/Derushir/Kepek/main/67c6357751300334f52e35f893ac854f/news/nvidia-a-rivalisok-keson-kapcsoltak-a-globalis-memoriahianyb.jpg
[16:11:27] Image_Downloader: Download failed (https://raw.githubusercontent.com/Derushir/Kepek/main/67c6357751300334f52e35f893ac854f/news/demonos-horrorfilmet-keszitett-a-mesterseges-intelligencia.jpg): 404 Client Error: Not Found for url: https://raw.githubusercontent.com/Derushir/Kepek/main/67c6357751300334f52e35f893ac854f/news/demonos-horrorfilmet-keszitett-a-mesterseges-intelligencia.jpg
[16:11:28] Image_Downloader: Download failed (https://raw.githubusercontent.com/Derushir/Kepek/main/67c6357751300334f52e35f893ac854f/news/biztonsagi-frissites-erkezhet-hamarosan-az-iphone-okra-ios-2.jpg): 404 Client Error: Not Found for url: https://raw.githubusercontent.com/Derushir/Kepek/main/67c6357751300334f52e35f893ac854f/news/biztonsagi-frissites-erkezhet-hamarosan-az-iphone-okra-ios-2.jpg
[16:11:28] Image_Downloader: Download failed (https://raw.githubusercontent.com/Derushir/Kepek/main/67c6357751300334f52e35f893ac854f/news/terepjaro-platossa-alakitva-igy-szuletett-meg-az-egyedi-pors.jpg): 404 Client Error: Not Found for url: https://raw.githubusercontent.com/Derushir/Kepek/main/67c6357751300334f52e35f893ac854f/news/terepjaro-platossa-alakitva-igy-szuletett-meg-az-egyedi-pors.jpg
[16:11:29] Image_Downloader: Download failed (https://raw.githubusercontent.com/Derushir/Kepek/main/67c6357751300334f52e35f893ac854f/news/a-keresztenyek-jelentos-resze-spiritualis-mentorkent-tekint-.png): 404 Client Error: Not Found for url: https://raw.githubusercontent.com/Derushir/Kepek/main/67c6357751300334f52e35f893ac854f/news/a-keresztenyek-jelentos-resze-spiritualis-mentorkent-tekint-.png
[16:11:29] Image_Downloader: Download failed (https://raw.githubusercontent.com/Derushir/Kepek/main/67c6357751300334f52e35f893ac854f/news/uj-koncepcio-a-varosi-aruszallitashoz-toyota-toy-elektromos-.jpg): 404 Client Error: Not Found for url: https://raw.githubusercontent.com/Derushir/Kepek/main/67c6357751300334f52e35f893ac854f/news/uj-koncepcio-a-varosi-aruszallitashoz-toyota-toy-elektromos-.jpg
[16:11:29] Image_Downloader: Download failed (https://raw.githubusercontent.com/Derushir/Kepek/main/67c6357751300334f52e35f893ac854f/news/soundcore-boom-go-3i-kompakt-bluetooth-hangszoro-powerbank-f.jpg): 404 Client Error: Not Found for url: https://raw.githubusercontent.com/Derushir/Kepek/main/67c6357751300334f52e35f893ac854f/news/soundcore-boom-go-3i-kompakt-bluetooth-hangszoro-powerbank-f.jpg
[16:11:29] Image_Downloader: Download failed (https://raw.githubusercontent.com/Derushir/Kepek/main/67c6357751300334f52e35f893ac854f/news/megerkezett-a-sennheiser-momentum-5-vezetek-nelkuli-fejhallg.jpg): 404 Client Error: Not Found for url: https://raw.githubusercontent.com/Derushir/Kepek/main/67c6357751300334f52e35f893ac854f/news/megerkezett-a-sennheiser-momentum-5-vezetek-nelkuli-fejhallg.jpg
[16:11:29] Image_Downloader: Download failed (https://raw.githubusercontent.com/Derushir/Kepek/main/67c6357751300334f52e35f893ac854f/news/sajat-fejlesztesu-c2-modemmel-erkezhet-az-apple-iphone-18-pr.jpg): 404 Client Error: Not Found for url: https://raw.githubusercontent.com/Derushir/Kepek/main/67c6357751300334f52e35f893ac854f/news/sajat-fejlesztesu-c2-modemmel-erkezhet-az-apple-iphone-18-pr.jpg
[16:11:29] Image_Downloader: Download failed (https://raw.githubusercontent.com/Derushir/Kepek/main/67c6357751300334f52e35f893ac854f/news/dragulas-johet-az-okostelefonoknal-a-xiaomi-vezere-a-memoria.jpg): 404 Client Error: Not Found for url: https://raw.githubusercontent.com/Derushir/Kepek/main/67c6357751300334f52e35f893ac854f/news/dragulas-johet-az-okostelefonoknal-a-xiaomi-vezere-a-memoria.jpg
[16:11:30] Image_Downloader: Download failed (https://raw.githubusercontent.com/Derushir/Kepek/main/67c6357751300334f52e35f893ac854f/news/egyszerubbe-valik-a-volvo-elektromos-autok-toltese-a-tesla-s.jpg): 404 Client Error: Not Found for url: https://raw.githubusercontent.com/Derushir/Kepek/main/67c6357751300334f52e35f893ac854f/news/egyszerubbe-valik-a-volvo-elektromos-autok-toltese-a-tesla-s.jpg
[16:11:30] Image_Downloader: Download failed (https://raw.githubusercontent.com/Derushir/Kepek/main/67c6357751300334f52e35f893ac854f/news/2029-ben-erkezhet-a-cupra-tindaya-a-marka-uj-elektromos-csuc.jpg): 404 Client Error: Not Found for url: https://raw.githubusercontent.com/Derushir/Kepek/main/67c6357751300334f52e35f893ac854f/news/2029-ben-erkezhet-a-cupra-tindaya-a-marka-uj-elektromos-csuc.jpg
[16:11:31] Image_Downloader: Download failed (https://raw.githubusercontent.com/Derushir/Kepek/main/67c6357751300334f52e35f893ac854f/news/900-retegu-v-nand-chipeket-fejleszt-a-samsung.jpg): 404 Client Error: Not Found for url: https://raw.githubusercontent.com/Derushir/Kepek/main/67c6357751300334f52e35f893ac854f/news/900-retegu-v-nand-chipeket-fejleszt-a-samsung.jpg
[16:11:31] Image_Downloader: Download failed (https://raw.githubusercontent.com/Derushir/Kepek/main/67c6357751300334f52e35f893ac854f/news/a-mesterseges-intelligencia-fejleszteseben-a-kulturalis-hatt.jpg): 404 Client Error: Not Found for url: https://raw.githubusercontent.com/Derushir/Kepek/main/67c6357751300334f52e35f893ac854f/news/a-mesterseges-intelligencia-fejleszteseben-a-kulturalis-hatt.jpg
[16:11:32] Image_Downloader: Download failed (https://raw.githubusercontent.com/Derushir/Kepek/main/67c6357751300334f52e35f893ac854f/news/uj-kompakt-ferdehatuval-ter-vissza-az-alfa-romeo-a-2000-es-e.jpg): 404 Client Error: Not Found for url: https://raw.githubusercontent.com/Derushir/Kepek/main/67c6357751300334f52e35f893ac854f/news/uj-kompakt-ferdehatuval-ter-vissza-az-alfa-romeo-a-2000-es-e.jpg
[16:11:32] Image_Downloader: Download failed (https://raw.githubusercontent.com/Derushir/Kepek/main/67c6357751300334f52e35f893ac854f/news/uj-nvidia-mgx-4u-gpu-szervert-mutatott-be-az-inno3d.jpg): 404 Client Error: Not Found for url: https://raw.githubusercontent.com/Derushir/Kepek/main/67c6357751300334f52e35f893ac854f/news/uj-nvidia-mgx-4u-gpu-szervert-mutatott-be-az-inno3d.jpg
[16:11:32] Image_Downloader: Download failed (https://raw.githubusercontent.com/Derushir/Kepek/main/67c6357751300334f52e35f893ac854f/news/ismet-levego-szivarog-az-iss-orosz-moduljabol.jpg): 404 Client Error: Not Found for url: https://raw.githubusercontent.com/Derushir/Kepek/main/67c6357751300334f52e35f893ac854f/news/ismet-levego-szivarog-az-iss-orosz-moduljabol.jpg
[16:11:32] Image_Downloader: Download failed (https://raw.githubusercontent.com/Derushir/Kepek/main/67c6357751300334f52e35f893ac854f/news/oriasi-bolygogyarat-fedeztek-fel-a-kutatok-a-jupiter-palyaja.webp): 404 Client Error: Not Found for url: https://raw.githubusercontent.com/Derushir/Kepek/main/67c6357751300334f52e35f893ac854f/news/oriasi-bolygogyarat-fedeztek-fel-a-kutatok-a-jupiter-palyaja.webp
[16:11:32] Image_Downloader: Download failed (https://computerworld.hu/assets/uploads/images/2023/06/16/low-code-vs-custom-software.jpg): 404 Client Error: Not Found for url: https://www.computertrends.hu/assets/uploads/images/2023/06/16/low-code-vs-custom-software.jpg
[16:11:33] Image_Downloader: Download failed (https://raw.githubusercontent.com/Derushir/Kepek/main/67c6357751300334f52e35f893ac854f/news/marxista-tendenciakat-mutathatnak-a-mesterseges-intelligenci.jpg): 404 Client Error: Not Found for url: https://raw.githubusercontent.com/Derushir/Kepek/main/67c6357751300334f52e35f893ac854f/news/marxista-tendenciakat-mutathatnak-a-mesterseges-intelligenci.jpg
[16:11:33] Image_Downloader: Download failed (https://raw.githubusercontent.com/Derushir/Kepek/main/67c6357751300334f52e35f893ac854f/news/a-depresszio-es-az-alvaszavar-is-allhat-a-makacs-izuleti-faj.jpg): 404 Client Error: Not Found for url: https://raw.githubusercontent.com/Derushir/Kepek/main/67c6357751300334f52e35f893ac854f/news/a-depresszio-es-az-alvaszavar-is-allhat-a-makacs-izuleti-faj.jpg
[16:11:34] Image_Downloader: Download failed (https://raw.githubusercontent.com/Derushir/Kepek/main/67c6357751300334f52e35f893ac854f/news/varatlan-jelenseget-fedeztek-fel-a-mars-legkoreben-a-maven-a.png): 404 Client Error: Not Found for url: https://raw.githubusercontent.com/Derushir/Kepek/main/67c6357751300334f52e35f893ac854f/news/varatlan-jelenseget-fedeztek-fel-a-mars-legkoreben-a-maven-a.png
[16:11:34] Image_Downloader: Download failed (https://raw.githubusercontent.com/Derushir/Kepek/main/67c6357751300334f52e35f893ac854f/news/gigantikus-ken-dioxid-felhot-okoztak-a-teherani-olajtarolok-.jpg): 404 Client Error: Not Found for url: https://raw.githubusercontent.com/Derushir/Kepek/main/67c6357751300334f52e35f893ac854f/news/gigantikus-ken-dioxid-felhot-okoztak-a-teherani-olajtarolok-.jpg
[16:11:34] Image_Downloader: Download failed (https://raw.githubusercontent.com/Derushir/Kepek/main/67c6357751300334f52e35f893ac854f/news/jaclyn-kagey-iranyitja-a-nasa-holdra-valo-visszatereset.jpg): 404 Client Error: Not Found for url: https://raw.githubusercontent.com/Derushir/Kepek/main/67c6357751300334f52e35f893ac854f/news/jaclyn-kagey-iranyitja-a-nasa-holdra-valo-visszatereset.jpg
[16:11:34] Image_Downloader: Download failed (https://raw.githubusercontent.com/Derushir/Kepek/main/67c6357751300334f52e35f893ac854f/news/uj-mesterszak-indult-a-corvinuson-a-mesterseges-intelligenci.jpg): 404 Client Error: Not Found for url: https://raw.githubusercontent.com/Derushir/Kepek/main/67c6357751300334f52e35f893ac854f/news/uj-mesterszak-indult-a-corvinuson-a-mesterseges-intelligenci.jpg
[16:11:35] Image_Downloader: Download failed (https://raw.githubusercontent.com/Derushir/Kepek/main/67c6357751300334f52e35f893ac854f/news/szuperkomputer-szimulaciok-oldottak-meg-a-kozmikus-magneses-.webp): 404 Client Error: Not Found for url: https://raw.githubusercontent.com/Derushir/Kepek/main/67c6357751300334f52e35f893ac854f/news/szuperkomputer-szimulaciok-oldottak-meg-a-kozmikus-magneses-.webp
[16:11:35] Image_Downloader: Download failed (https://img.index.hu/imgfrm/0/5/8/7/BIG_C_17630587.jpg): 404 Client Error: Not Found for url: https://img.index.hu/imgfrm/0/5/8/7/BIG_C_17630587.jpg
[16:11:35] Image_Downloader: Download failed (https://raw.githubusercontent.com/Derushir/Kepek/main/67c6357751300334f52e35f893ac854f/news/bezar-a-fizzhu-az-otp-ket-ev-utan-felszamolja-online-piacter.webp): 404 Client Error: Not Found for url: https://raw.githubusercontent.com/Derushir/Kepek/main/67c6357751300334f52e35f893ac854f/news/bezar-a-fizzhu-az-otp-ket-ev-utan-felszamolja-online-piacter.webp
[16:11:35] Image_Downloader: Download failed (https://raw.githubusercontent.com/Derushir/Kepek/main/67c6357751300334f52e35f893ac854f/news/rekordnyereseg-es-emelkedo-tiszteletdijak-a-budapest-airport.jpg): 404 Client Error: Not Found for url: https://raw.githubusercontent.com/Derushir/Kepek/main/67c6357751300334f52e35f893ac854f/news/rekordnyereseg-es-emelkedo-tiszteletdijak-a-budapest-airport.jpg
[16:11:35] Image_Downloader: Download failed (https://raw.githubusercontent.com/Derushir/Kepek/main/67c6357751300334f52e35f893ac854f/news/350-millios-birsag-piaci-manipulacioert-a-foldgazpiacon.jpg): 404 Client Error: Not Found for url: https://raw.githubusercontent.com/Derushir/Kepek/main/67c6357751300334f52e35f893ac854f/news/350-millios-birsag-piaci-manipulacioert-a-foldgazpiacon.jpg
[16:11:36] Image_Downloader: Download failed (https://raw.githubusercontent.com/Derushir/Kepek/main/67c6357751300334f52e35f893ac854f/news/118-milliard-forintos-profitot-ert-el-a-4ig-tavkozlesi-csopo.jpg): 404 Client Error: Not Found for url: https://raw.githubusercontent.com/Derushir/Kepek/main/67c6357751300334f52e35f893ac854f/news/118-milliard-forintos-profitot-ert-el-a-4ig-tavkozlesi-csopo.jpg
[16:11:37] Image_Downloader: Download failed (https://raw.githubusercontent.com/Derushir/Kepek/main/67c6357751300334f52e35f893ac854f/news/elindult-a-magyar-iban-szamok-kiosztasa-a-revolutnal.jpg): 404 Client Error: Not Found for url: https://raw.githubusercontent.com/Derushir/Kepek/main/67c6357751300334f52e35f893ac854f/news/elindult-a-magyar-iban-szamok-kiosztasa-a-revolutnal.jpg
[16:11:37] Image_Downloader: Download failed (https://img1.totalcar.hu/images/2024/06/17/renault_5_gyujtemeny_1.jpg): HTTPSConnectionPool(host='img1.totalcar.hu', port=443): Max retries exceeded with url: /images/2024/06/17/renault_5_gyujtemeny_1.jpg (Caused by NameResolutionError("HTTPSConnection(host='img1.totalcar.hu', port=443): Failed to resolve 'img1.totalcar.hu' ([Errno 8] nodename nor servname provided, or not known)"))
[16:11:37] Image_Downloader: Download failed (https://raw.githubusercontent.com/Derushir/Kepek/main/67c6357751300334f52e35f893ac854f/news/budapesten-a-netto-ber-41-szazalekat-viszi-el-az-alberlet.webp): 404 Client Error: Not Found for url: https://raw.githubusercontent.com/Derushir/Kepek/main/67c6357751300334f52e35f893ac854f/news/budapesten-a-netto-ber-41-szazalekat-viszi-el-az-alberlet.webp
[16:11:37] Image_Downloader: Download failed (https://hold.hu/holdblog/wp-content/uploads/2026/05/HAH-blog-borito-3-4-1.png): 403 Client Error: Forbidden for url: https://hold.hu/holdblog/wp-content/uploads/2026/05/HAH-blog-borito-3-4-1.png
[16:27:11] Image_Downloader: Download failed (https://raw.githubusercontent.com/Derushir/Kepek/main/67c6357751300334f52e35f893ac854f/news/novekvo-igeny-a-reszmunkaidos-penzugyi-vezetok-fractional-cf.jpg): ('Connection aborted.', ConnectionResetError(54, 'Connection reset by peer'))
[16:27:11] Image_Downloader: Download failed (https://raw.githubusercontent.com/Derushir/Kepek/main/67c6357751300334f52e35f893ac854f/news/az-adatvezerelt-modellek-hatekonyabbak-lehetnek-a-hagyomanyo.jpg): ('Connection aborted.', ConnectionResetError(54, 'Connection reset by peer'))
[16:27:11] Image_Downloader: Download failed (https://raw.githubusercontent.com/Derushir/Kepek/main/67c6357751300334f52e35f893ac854f/news/visszaterhet-a-szedanok-kora-a-fiatalok-kevesbe-vagynak-suv-.jpg): 404 Client Error: Not Found for url: https://raw.githubusercontent.com/Derushir/Kepek/main/67c6357751300334f52e35f893ac854f/news/visszaterhet-a-szedanok-kora-a-fiatalok-kevesbe-vagynak-suv-.jpg
[16:27:11] Image_Downloader: Download failed (https://raw.githubusercontent.com/Derushir/Kepek/main/67c6357751300334f52e35f893ac854f/news/kielezett-vita-az-eu-s-koltsegvetesrol-magyarorszag-a-forras.jpg): 404 Client Error: Not Found for url: https://raw.githubusercontent.com/Derushir/Kepek/main/67c6357751300334f52e35f893ac854f/news/kielezett-vita-az-eu-s-koltsegvetesrol-magyarorszag-a-forras.jpg
[16:27:11] Image_Downloader: Download failed (https://raw.githubusercontent.com/Derushir/Kepek/main/67c6357751300334f52e35f893ac854f/news/az-aluminiumpiaci-fellendules-es-a-kozel-keleti-konfliktus-h.jpg): 404 Client Error: Not Found for url: https://raw.githubusercontent.com/Derushir/Kepek/main/67c6357751300334f52e35f893ac854f/news/az-aluminiumpiaci-fellendules-es-a-kozel-keleti-konfliktus-h.jpg
[16:27:12] Image_Downloader: Download failed (https://raw.githubusercontent.com/Derushir/Kepek/main/67c6357751300334f52e35f893ac854f/news/sulyos-gazdasagi-karokat-okozhat-a-vendegmunkas-rendelet-fel.jpg): 404 Client Error: Not Found for url: https://raw.githubusercontent.com/Derushir/Kepek/main/67c6357751300334f52e35f893ac854f/news/sulyos-gazdasagi-karokat-okozhat-a-vendegmunkas-rendelet-fel.jpg
[16:27:12] Image_Downloader: Download failed (https://raw.githubusercontent.com/Derushir/Kepek/main/67c6357751300334f52e35f893ac854f/news/a-munkaero-megtartas-uj-szabalyai-a-penzugyi-tervezes-valtja.jpg): 404 Client Error: Not Found for url: https://raw.githubusercontent.com/Derushir/Kepek/main/67c6357751300334f52e35f893ac854f/news/a-munkaero-megtartas-uj-szabalyai-a-penzugyi-tervezes-valtja.jpg
[16:27:12] Image_Downloader: Download failed (https://raw.githubusercontent.com/Derushir/Kepek/main/67c6357751300334f52e35f893ac854f/news/jelentos-arcsokkentessel-probalja-novelni-a-lexus-az-rz-elek.jpg): 404 Client Error: Not Found for url: https://raw.githubusercontent.com/Derushir/Kepek/main/67c6357751300334f52e35f893ac854f/news/jelentos-arcsokkentessel-probalja-novelni-a-lexus-az-rz-elek.jpg
[16:27:12] Image_Downloader: Download failed (https://raw.githubusercontent.com/Derushir/Kepek/main/67c6357751300334f52e35f893ac854f/news/stagnal-a-reszmunkaidos-foglalkoztatas-a-kozep-kelet-europai.jpg): 404 Client Error: Not Found for url: https://raw.githubusercontent.com/Derushir/Kepek/main/67c6357751300334f52e35f893ac854f/news/stagnal-a-reszmunkaidos-foglalkoztatas-a-kozep-kelet-europai.jpg
[16:27:12] Image_Downloader: Download failed (https://raw.githubusercontent.com/Derushir/Kepek/main/67c6357751300334f52e35f893ac854f/news/megerkezett-a-rick-and-morty-legujabb-evada.jpg): 404 Client Error: Not Found for url: https://raw.githubusercontent.com/Derushir/Kepek/main/67c6357751300334f52e35f893ac854f/news/megerkezett-a-rick-and-morty-legujabb-evada.jpg
[16:27:13] Image_Downloader: Download failed (https://raw.githubusercontent.com/Derushir/Kepek/main/67c6357751300334f52e35f893ac854f/news/miert-tekintheto-2014-a-21-szazad-eddigi-legjobb-filmes-even.jpg): 404 Client Error: Not Found for url: https://raw.githubusercontent.com/Derushir/Kepek/main/67c6357751300334f52e35f893ac854f/news/miert-tekintheto-2014-a-21-szazad-eddigi-legjobb-filmes-even.jpg
[16:27:15] Image_Downloader: Download failed (https://raw.githubusercontent.com/Derushir/Kepek/main/67c6357751300334f52e35f893ac854f/news/megjelent-a-gyuruk-ura-parbaj-kozepfoldeert-tarsasjatek.jpg): 404 Client Error: Not Found for url: https://raw.githubusercontent.com/Derushir/Kepek/main/67c6357751300334f52e35f893ac854f/news/megjelent-a-gyuruk-ura-parbaj-kozepfoldeert-tarsasjatek.jpg
[16:27:15] Image_Downloader: Download failed (https://raw.githubusercontent.com/Derushir/Kepek/main/67c6357751300334f52e35f893ac854f/news/tiktok-trend-inspiralta-a-megszallottsag-cimu-horror-egyik-l.jpg): 404 Client Error: Not Found for url: https://raw.githubusercontent.com/Derushir/Kepek/main/67c6357751300334f52e35f893ac854f/news/tiktok-trend-inspiralta-a-megszallottsag-cimu-horror-egyik-l.jpg
[16:27:16] Image_Downloader: Download failed (https://raw.githubusercontent.com/Derushir/Kepek/main/67c6357751300334f52e35f893ac854f/news/will-ferrell-es-a-red-hot-chili-peppers-dobosa-az-snl-leguto.jpg): 404 Client Error: Not Found for url: https://raw.githubusercontent.com/Derushir/Kepek/main/67c6357751300334f52e35f893ac854f/news/will-ferrell-es-a-red-hot-chili-peppers-dobosa-az-snl-leguto.jpg
[16:27:17] Image_Downloader: Download failed (https://raw.githubusercontent.com/Derushir/Kepek/main/67c6357751300334f52e35f893ac854f/news/nyilvanossagra-hoztak-a-2026-os-merites-dij-szepproza-katego.jpg): 404 Client Error: Not Found for url: https://raw.githubusercontent.com/Derushir/Kepek/main/67c6357751300334f52e35f893ac854f/news/nyilvanossagra-hoztak-a-2026-os-merites-dij-szepproza-katego.jpg
[16:27:17] Image_Downloader: Download failed (https://raw.githubusercontent.com/Derushir/Kepek/main/67c6357751300334f52e35f893ac854f/news/spike-jonze-rendezett-kisfilmet-zendaya-sportruhazati-kollek.jpg): 404 Client Error: Not Found for url: https://raw.githubusercontent.com/Derushir/Kepek/main/67c6357751300334f52e35f893ac854f/news/spike-jonze-rendezett-kisfilmet-zendaya-sportruhazati-kollek.jpg
[16:27:17] Image_Downloader: Download failed (https://raw.githubusercontent.com/Derushir/Kepek/main/67c6357751300334f52e35f893ac854f/news/divatfotokon-keresztul-mutatja-be-a-varosi-identitast-a-kisc.jpg): 404 Client Error: Not Found for url: https://raw.githubusercontent.com/Derushir/Kepek/main/67c6357751300334f52e35f893ac854f/news/divatfotokon-keresztul-mutatja-be-a-varosi-identitast-a-kisc.jpg
[16:27:19] Image_Downloader: Download failed (https://raw.githubusercontent.com/Derushir/Kepek/main/67c6357751300334f52e35f893ac854f/news/billy-corgan-elesen-biralta-a-nosztalgiaturnekon-reszt-vevo-.jpg): 404 Client Error: Not Found for url: https://raw.githubusercontent.com/Derushir/Kepek/main/67c6357751300334f52e35f893ac854f/news/billy-corgan-elesen-biralta-a-nosztalgiaturnekon-reszt-vevo-.jpg
[16:27:19] Image_Downloader: Download failed (https://raw.githubusercontent.com/Derushir/Kepek/main/67c6357751300334f52e35f893ac854f/news/nyary-krisztian-tiz-kortars-novellaskotetet-ajanl-olvasasra.jpg): 404 Client Error: Not Found for url: https://raw.githubusercontent.com/Derushir/Kepek/main/67c6357751300334f52e35f893ac854f/news/nyary-krisztian-tiz-kortars-novellaskotetet-ajanl-olvasasra.jpg
[16:27:19] Image_Downloader: Download failed (https://raw.githubusercontent.com/Derushir/Kepek/main/67c6357751300334f52e35f893ac854f/news/juniusi-premierdomping-a-skyshowtime-on-erkezik-a-wicked-2-r.png): 404 Client Error: Not Found for url: https://raw.githubusercontent.com/Derushir/Kepek/main/67c6357751300334f52e35f893ac854f/news/juniusi-premierdomping-a-skyshowtime-on-erkezik-a-wicked-2-r.png
[16:27:20] Image_Downloader: Download failed (https://raw.githubusercontent.com/Derushir/Kepek/main/67c6357751300334f52e35f893ac854f/news/ezek-a-warzone-profik-altal-hasznalt-leghatekonyabb-fegyvere.jpg): 404 Client Error: Not Found for url: https://raw.githubusercontent.com/Derushir/Kepek/main/67c6357751300334f52e35f893ac854f/news/ezek-a-warzone-profik-altal-hasznalt-leghatekonyabb-fegyvere.jpg
[16:27:20] Image_Downloader: Download failed (https://raw.githubusercontent.com/Derushir/Kepek/main/67c6357751300334f52e35f893ac854f/news/tortenelmi-melyponton-az-arak-90-os-kedvezmennyel-kaphato-a-.jpg): 404 Client Error: Not Found for url: https://raw.githubusercontent.com/Derushir/Kepek/main/67c6357751300334f52e35f893ac854f/news/tortenelmi-melyponton-az-arak-90-os-kedvezmennyel-kaphato-a-.jpg
[16:27:20] Image_Downloader: Download failed (https://raw.githubusercontent.com/Derushir/Kepek/main/67c6357751300334f52e35f893ac854f/news/az-xbox-hivatalos-csatornai-a-gta-6-kivansaglistara-tetelere.jpg): 404 Client Error: Not Found for url: https://raw.githubusercontent.com/Derushir/Kepek/main/67c6357751300334f52e35f893ac854f/news/az-xbox-hivatalos-csatornai-a-gta-6-kivansaglistara-tetelere.jpg
[16:27:20] Image_Downloader: Download failed (https://raw.githubusercontent.com/Derushir/Kepek/main/67c6357751300334f52e35f893ac854f/news/megoldodhat-a-pc-s-jatekok-akadozasa-a-microsoft-uj-technolo.png): 404 Client Error: Not Found for url: https://raw.githubusercontent.com/Derushir/Kepek/main/67c6357751300334f52e35f893ac854f/news/megoldodhat-a-pc-s-jatekok-akadozasa-a-microsoft-uj-technolo.png
[16:27:20] Image_Downloader: Download failed (https://raw.githubusercontent.com/Derushir/Kepek/main/67c6357751300334f52e35f893ac854f/news/a-flexispot-c7-morpher-egy-rendkivul-ergonomikus-de-draga-ir.jpg): 404 Client Error: Not Found for url: https://raw.githubusercontent.com/Derushir/Kepek/main/67c6357751300334f52e35f893ac854f/news/a-flexispot-c7-morpher-egy-rendkivul-ergonomikus-de-draga-ir.jpg
[16:27:21] Image_Downloader: Download failed (https://raw.githubusercontent.com/Derushir/Kepek/main/67c6357751300334f52e35f893ac854f/news/feszult-a-viszony-a-sony-es-a-naughty-dog-kozott-a-lassu-fej.jpg): 404 Client Error: Not Found for url: https://raw.githubusercontent.com/Derushir/Kepek/main/67c6357751300334f52e35f893ac854f/news/feszult-a-viszony-a-sony-es-a-naughty-dog-kozott-a-lassu-fej.jpg
[16:27:21] Image_Downloader: Download failed (https://raw.githubusercontent.com/Derushir/Kepek/main/67c6357751300334f52e35f893ac854f/news/bemutatkozott-az-asus-rog-strix-scar-18-2026-csucskategorias.jpg): 404 Client Error: Not Found for url: https://raw.githubusercontent.com/Derushir/Kepek/main/67c6357751300334f52e35f893ac854f/news/bemutatkozott-az-asus-rog-strix-scar-18-2026-csucskategorias.jpg
[16:27:21] Image_Downloader: Download failed (http://www.mafab.hu/img/images/bll.jpg): 404 Client Error: Not Found for url: https://www.mafab.hu/img/images/bll.jpg
[16:27:21] Image_Downloader: Download failed (https://raw.githubusercontent.com/Derushir/Kepek/main/67c6357751300334f52e35f893ac854f/news/juliusban-erkezik-a-cyberpunk-edgerunners-masodik-evadanak-e.jpg): 404 Client Error: Not Found for url: https://raw.githubusercontent.com/Derushir/Kepek/main/67c6357751300334f52e35f893ac854f/news/juliusban-erkezik-a-cyberpunk-edgerunners-masodik-evadanak-e.jpg
[16:27:21] Image_Downloader: Download failed (https://raw.githubusercontent.com/Derushir/Kepek/main/67c6357751300334f52e35f893ac854f/news/uj-allithato-ventilatoros-pc-hazat-mutat-be-a-formula-v-line.jpg): 404 Client Error: Not Found for url: https://raw.githubusercontent.com/Derushir/Kepek/main/67c6357751300334f52e35f893ac854f/news/uj-allithato-ventilatoros-pc-hazat-mutat-be-a-formula-v-line.jpg
[16:27:21] Image_Downloader: Download failed (https://raw.githubusercontent.com/Derushir/Kepek/main/67c6357751300334f52e35f893ac854f/news/a-legacy-varatlan-gyozelmevel-zarult-a-cs-asia-championships.jpg): 404 Client Error: Not Found for url: https://raw.githubusercontent.com/Derushir/Kepek/main/67c6357751300334f52e35f893ac854f/news/a-legacy-varatlan-gyozelmevel-zarult-a-cs-asia-championships.jpg
[16:27:22] Image_Downloader: Download failed (https://raw.githubusercontent.com/Derushir/Kepek/main/67c6357751300334f52e35f893ac854f/news/uj-gamer-monitorral-jelentkezett-a-xiaomi-amely-a-sotet-resz.jpg): 404 Client Error: Not Found for url: https://raw.githubusercontent.com/Derushir/Kepek/main/67c6357751300334f52e35f893ac854f/news/uj-gamer-monitorral-jelentkezett-a-xiaomi-amely-a-sotet-resz.jpg
[16:27:22] Image_Downloader: Download failed (https://raw.githubusercontent.com/Derushir/Kepek/main/67c6357751300334f52e35f893ac854f/news/a-zara-divatkiegeszitokent-hozta-vissza-a-legendas-psp-konzo.jpg): 404 Client Error: Not Found for url: https://raw.githubusercontent.com/Derushir/Kepek/main/67c6357751300334f52e35f893ac854f/news/a-zara-divatkiegeszitokent-hozta-vissza-a-legendas-psp-konzo.jpg
[16:27:22] Image_Downloader: Download failed (https://raw.githubusercontent.com/Derushir/Kepek/main/67c6357751300334f52e35f893ac854f/news/kritikak-kereszttuzeben-a-frontier-legends-westernjatek.jpg): 404 Client Error: Not Found for url: https://raw.githubusercontent.com/Derushir/Kepek/main/67c6357751300334f52e35f893ac854f/news/kritikak-kereszttuzeben-a-frontier-legends-westernjatek.jpg
[16:27:22] Image_Downloader: Download failed (https://raw.githubusercontent.com/Derushir/Kepek/main/67c6357751300334f52e35f893ac854f/news/katsuhiro-harada-a-tekken-rendezoje-vegre-ellatogatott-egy-w.jpg): 404 Client Error: Not Found for url: https://raw.githubusercontent.com/Derushir/Kepek/main/67c6357751300334f52e35f893ac854f/news/katsuhiro-harada-a-tekken-rendezoje-vegre-ellatogatott-egy-w.jpg
[16:27:23] Image_Downloader: Download failed (https://raw.githubusercontent.com/Derushir/Kepek/main/67c6357751300334f52e35f893ac854f/news/78-szazalekkal-nottek-az-oled-gaming-monitorok-eladasai-2026.jpg): 404 Client Error: Not Found for url: https://raw.githubusercontent.com/Derushir/Kepek/main/67c6357751300334f52e35f893ac854f/news/78-szazalekkal-nottek-az-oled-gaming-monitorok-eladasai-2026.jpg
[16:27:23] Image_Downloader: Download failed (https://raw.githubusercontent.com/Derushir/Kepek/main/67c6357751300334f52e35f893ac854f/news/playstation-temaju-taskakat-dobott-piacra-a-zara.jpg): 404 Client Error: Not Found for url: https://raw.githubusercontent.com/Derushir/Kepek/main/67c6357751300334f52e35f893ac854f/news/playstation-temaju-taskakat-dobott-piacra-a-zara.jpg
[16:27:24] Image_Downloader: Download failed (https://raw.githubusercontent.com/Derushir/Kepek/main/67c6357751300334f52e35f893ac854f/news/negativ-fogadtatasban-reszesult-a-red-dead-redemptionre-haja.jpg): 404 Client Error: Not Found for url: https://raw.githubusercontent.com/Derushir/Kepek/main/67c6357751300334f52e35f893ac854f/news/negativ-fogadtatasban-reszesult-a-red-dead-redemptionre-haja.jpg
[16:27:25] Image_Downloader: Download failed (https://raw.githubusercontent.com/Derushir/Kepek/main/67c6357751300334f52e35f893ac854f/news/bemutatkozott-az-msi-ai-jinni-egy-szemelyi-ai-kozpont.jpg): 404 Client Error: Not Found for url: https://raw.githubusercontent.com/Derushir/Kepek/main/67c6357751300334f52e35f893ac854f/news/bemutatkozott-az-msi-ai-jinni-egy-szemelyi-ai-kozpont.jpg
[16:27:25] Image_Downloader: Download failed (https://raw.githubusercontent.com/Derushir/Kepek/main/67c6357751300334f52e35f893ac854f/news/mouz-bronzerem-es-falcons-ezusterem-a-sanghaji-cs2-bajnoksag.jpg): 404 Client Error: Not Found for url: https://raw.githubusercontent.com/Derushir/Kepek/main/67c6357751300334f52e35f893ac854f/news/mouz-bronzerem-es-falcons-ezusterem-a-sanghaji-cs2-bajnoksag.jpg
[16:27:26] Image_Downloader: Download failed (https://raw.githubusercontent.com/Derushir/Kepek/main/67c6357751300334f52e35f893ac854f/news/julius-2-an-erkezik-az-avatar-legends-the-fighting-game.jpg): 404 Client Error: Not Found for url: https://raw.githubusercontent.com/Derushir/Kepek/main/67c6357751300334f52e35f893ac854f/news/julius-2-an-erkezik-az-avatar-legends-the-fighting-game.jpg
[16:27:28] Image_Downloader: Download failed (https://raw.githubusercontent.com/Derushir/Kepek/main/67c6357751300334f52e35f893ac854f/news/rendszerszintu-vedelem-szukseges-az-ai-ugynokok-elleni-tamad.jpg): 404 Client Error: Not Found for url: https://raw.githubusercontent.com/Derushir/Kepek/main/67c6357751300334f52e35f893ac854f/news/rendszerszintu-vedelem-szukseges-az-ai-ugynokok-elleni-tamad.jpg
[16:27:28] Image_Downloader: Download failed (https://raw.githubusercontent.com/Derushir/Kepek/main/67c6357751300334f52e35f893ac854f/news/400-ezer-dollart-loptak-el-csalok-a-uniswap-nevevel-visszael.jpg): 404 Client Error: Not Found for url: https://raw.githubusercontent.com/Derushir/Kepek/main/67c6357751300334f52e35f893ac854f/news/400-ezer-dollart-loptak-el-csalok-a-uniswap-nevevel-visszael.jpg
[16:27:29] Image_Downloader: Download failed (https://raw.githubusercontent.com/Derushir/Kepek/main/67c6357751300334f52e35f893ac854f/news/half-life-3-pletykak-egyetlen-gozolgo-gif-is-eleg-volt-a-raj.jpg): 404 Client Error: Not Found for url: https://raw.githubusercontent.com/Derushir/Kepek/main/67c6357751300334f52e35f893ac854f/news/half-life-3-pletykak-egyetlen-gozolgo-gif-is-eleg-volt-a-raj.jpg
[16:27:29] Image_Downloader: Download failed (https://raw.githubusercontent.com/Derushir/Kepek/main/67c6357751300334f52e35f893ac854f/news/ingyenesen-elerheto-a-bag-fight-cimu-jatek-konzolokon.jpg): HTTPSConnectionPool(host='raw.githubusercontent.com', port=443): Read timed out. (read timeout=5)
[16:27:30] Image_Downloader: Download failed (https://raw.githubusercontent.com/Derushir/Kepek/main/67c6357751300334f52e35f893ac854f/news/vegan-es-glutenmentes-vendeglatohelyek-a-balatonnal-a-siofok.jpg): 404 Client Error: Not Found for url: https://raw.githubusercontent.com/Derushir/Kepek/main/67c6357751300334f52e35f893ac854f/news/vegan-es-glutenmentes-vendeglatohelyek-a-balatonnal-a-siofok.jpg
[16:27:31] Image_Downloader: Download failed (https://raw.githubusercontent.com/Derushir/Kepek/main/67c6357751300334f52e35f893ac854f/news/megjelent-a-world-of-tanks-heat-a-wargaming-uj-ingyenes-tank.jpg): HTTPSConnectionPool(host='raw.githubusercontent.com', port=443): Read timed out. (read timeout=5)
[16:27:31] Image_Downloader: Download failed (https://raw.githubusercontent.com/Derushir/Kepek/main/67c6357751300334f52e35f893ac854f/news/del-koreai-hatosagi-besorolas-buktatta-le-a-lego-cities-skyl.jpg): 404 Client Error: Not Found for url: https://raw.githubusercontent.com/Derushir/Kepek/main/67c6357751300334f52e35f893ac854f/news/del-koreai-hatosagi-besorolas-buktatta-le-a-lego-cities-skyl.jpg
[16:27:31] Image_Downloader: Download failed (https://raw.githubusercontent.com/Derushir/Kepek/main/67c6357751300334f52e35f893ac854f/news/pebble-flow-a-technologiai-ujitasokkal-teli-elektromos-lakok.jpg): 404 Client Error: Not Found for url: https://raw.githubusercontent.com/Derushir/Kepek/main/67c6357751300334f52e35f893ac854f/news/pebble-flow-a-technologiai-ujitasokkal-teli-elektromos-lakok.jpg
[16:27:31] Image_Downloader: Download failed (https://raw.githubusercontent.com/Derushir/Kepek/main/67c6357751300334f52e35f893ac854f/news/kiegett-a-tulzott-digitalis-terhelestol-molnar-aron-szunetel.jpg): 404 Client Error: Not Found for url: https://raw.githubusercontent.com/Derushir/Kepek/main/67c6357751300334f52e35f893ac854f/news/kiegett-a-tulzott-digitalis-terhelestol-molnar-aron-szunetel.jpg
[16:27:34] Image_Downloader: Download failed (https://raw.githubusercontent.com/Derushir/Kepek/main/67c6357751300334f52e35f893ac854f/news/a-ledger-tamogatast-biztosit-az-adi-token-szamara.jpg): HTTPSConnectionPool(host='raw.githubusercontent.com', port=443): Read timed out. (read timeout=5)
[16:27:35] Image_Downloader: Download failed (https://raw.githubusercontent.com/Derushir/Kepek/main/67c6357751300334f52e35f893ac854f/news/a-kelet-mecsek-rejtett-kincse-a-komlos-volgyi-vadaszhaz-latv.jpg): 404 Client Error: Not Found for url: https://raw.githubusercontent.com/Derushir/Kepek/main/67c6357751300334f52e35f893ac854f/news/a-kelet-mecsek-rejtett-kincse-a-komlos-volgyi-vadaszhaz-latv.jpg
[16:27:36] Image_Downloader: Download failed (https://raw.githubusercontent.com/Derushir/Kepek/main/67c6357751300334f52e35f893ac854f/news/az-iskolakertek-pedagogiai-szerepe-es-a-kozossegi-osszefogas.jpg): 404 Client Error: Not Found for url: https://raw.githubusercontent.com/Derushir/Kepek/main/67c6357751300334f52e35f893ac854f/news/az-iskolakertek-pedagogiai-szerepe-es-a-kozossegi-osszefogas.jpg
[16:27:38] Image_Downloader: Download failed (https://raw.githubusercontent.com/Derushir/Kepek/main/67c6357751300334f52e35f893ac854f/news/gorog-kavezokultura-a-harminckettesek-teren-megnyilt-a-mykro.jpg): 404 Client Error: Not Found for url: https://raw.githubusercontent.com/Derushir/Kepek/main/67c6357751300334f52e35f893ac854f/news/gorog-kavezokultura-a-harminckettesek-teren-megnyilt-a-mykro.jpg
[16:27:38] Image_Downloader: Download failed (https://raw.githubusercontent.com/Derushir/Kepek/main/67c6357751300334f52e35f893ac854f/news/ujabb-kemoterapias-kezelest-kezdett-meg-rubint-reka.jpg): 404 Client Error: Not Found for url: https://raw.githubusercontent.com/Derushir/Kepek/main/67c6357751300334f52e35f893ac854f/news/ujabb-kemoterapias-kezelest-kezdett-meg-rubint-reka.jpg
[16:27:39] Image_Downloader: Download failed (https://raw.githubusercontent.com/Derushir/Kepek/main/67c6357751300334f52e35f893ac854f/news/molnar-aron-szinesz-egeszsegugyi-okokbol-szunetelteti-aktivi.jpg): 404 Client Error: Not Found for url: https://raw.githubusercontent.com/Derushir/Kepek/main/67c6357751300334f52e35f893ac854f/news/molnar-aron-szinesz-egeszsegugyi-okokbol-szunetelteti-aktivi.jpg
[16:27:40] Image_Downloader: Download failed (https://raw.githubusercontent.com/Derushir/Kepek/main/67c6357751300334f52e35f893ac854f/news/spanyol-angol-donto-a-konferencialigaban-crystal-palace-es-r.jpg): 404 Client Error: Not Found for url: https://raw.githubusercontent.com/Derushir/Kepek/main/67c6357751300334f52e35f893ac854f/news/spanyol-angol-donto-a-konferencialigaban-crystal-palace-es-r.jpg
[16:27:41] Image_Downloader: Download failed (https://raw.githubusercontent.com/Derushir/Kepek/main/67c6357751300334f52e35f893ac854f/news/sulyos-seruleshullam-es-formahanyatlas-sujtja-a-toronto-blue.jpg): 404 Client Error: Not Found for url: https://raw.githubusercontent.com/Derushir/Kepek/main/67c6357751300334f52e35f893ac854f/news/sulyos-seruleshullam-es-formahanyatlas-sujtja-a-toronto-blue.jpg
[16:27:43] Image_Downloader: Download failed (https://raw.githubusercontent.com/Derushir/Kepek/main/67c6357751300334f52e35f893ac854f/news/maganellatasnak-hirdetett-de-allami-szakrendelesen-vegzett-b.jpg): 404 Client Error: Not Found for url: https://raw.githubusercontent.com/Derushir/Kepek/main/67c6357751300334f52e35f893ac854f/news/maganellatasnak-hirdetett-de-allami-szakrendelesen-vegzett-b.jpg
[16:27:43] Image_Downloader: Download failed (https://raw.githubusercontent.com/Derushir/Kepek/main/67c6357751300334f52e35f893ac854f/news/szalay-kriszta-ot-napig-hajlektalankent-elt-a-szerepformalas.jpg): 404 Client Error: Not Found for url: https://raw.githubusercontent.com/Derushir/Kepek/main/67c6357751300334f52e35f893ac854f/news/szalay-kriszta-ot-napig-hajlektalankent-elt-a-szerepformalas.jpg
[16:27:44] Image_Downloader: Download failed (https://raw.githubusercontent.com/Derushir/Kepek/main/67c6357751300334f52e35f893ac854f/news/a-brfk-figyelmeztet-igy-szallitsuk-biztonsagosan-kisallatain.jpg): HTTPSConnectionPool(host='raw.githubusercontent.com', port=443): Read timed out. (read timeout=5)
[16:27:46] Image_Downloader: Download failed (https://raw.githubusercontent.com/Derushir/Kepek/main/67c6357751300334f52e35f893ac854f/news/kj-kindler-sikerkorszaka-az-oklahoma-noi-tornacsapatanal.jpg): 404 Client Error: Not Found for url: https://raw.githubusercontent.com/Derushir/Kepek/main/67c6357751300334f52e35f893ac854f/news/kj-kindler-sikerkorszaka-az-oklahoma-noi-tornacsapatanal.jpg
[16:27:46] Image_Downloader: Download failed (https://raw.githubusercontent.com/Derushir/Kepek/main/67c6357751300334f52e35f893ac854f/news/etikai-okokbol-utasitotta-vissza-a-vb-szereplest-a-lens-tama.jpg): 404 Client Error: Not Found for url: https://raw.githubusercontent.com/Derushir/Kepek/main/67c6357751300334f52e35f893ac854f/news/etikai-okokbol-utasitotta-vissza-a-vb-szereplest-a-lens-tama.jpg
[16:27:47] Image_Downloader: Download failed (https://raw.githubusercontent.com/Derushir/Kepek/main/67c6357751300334f52e35f893ac854f/news/a-magasan-funkcionalo-depresszio-lathatatlan-terhe.jpg): HTTPSConnectionPool(host='raw.githubusercontent.com', port=443): Read timed out. (read timeout=5)
[16:27:48] Image_Downloader: Download failed (https://raw.githubusercontent.com/Derushir/Kepek/main/67c6357751300334f52e35f893ac854f/news/27-eve-tortent-minden-idok-egyik-legemlekezetesebb-bajnokok-.jpg): HTTPSConnectionPool(host='raw.githubusercontent.com', port=443): Read timed out. (read timeout=5)
[16:43:58] Image_Downloader: Download failed (http://www.mafab.hu/img/images/bll.jpg): 404 Client Error: Not Found for url: https://www.mafab.hu/img/images/bll.jpg
