
--- RSS Fetch Errors at 2026-07-03 00:01:23 ---
Error fetching https://www.drive.com.au/feed/: HTTP Error 403: 
Error fetching https://leetgaming.com/feed/: Failed to perform, curl: (28) Connection timed out after 10003 milliseconds. See https://curl.se/libcurl/c/libcurl-errors.html first for more details.
Error fetching https://www.penzcentrum.hu/rss: Failed to perform, curl: (28) Connection timed out after 10000 milliseconds. See https://curl.se/libcurl/c/libcurl-errors.html first for more details.
Error fetching https://feeds.feedburner.com/ign/movies-articles: Failed to perform, curl: (28) Connection timed out after 10003 milliseconds. See https://curl.se/libcurl/c/libcurl-errors.html first for more details.
Error fetching https://femina.hu/feed: HTTP Error 404: Not Found
Error fetching https://hwsw.hu/hirek/rss: HTTP Error 404: 
Error fetching https://velvet.hu/feed: HTTP Error 404: Not Found
Error fetching https://www.economx.hu/feed: Failed to perform, curl: (28) Connection timed out after 10004 milliseconds. See https://curl.se/libcurl/c/libcurl-errors.html first for more details.
Error fetching https://roadster.hu/feed: Failed to perform, curl: (28) Connection timed out after 10003 milliseconds. See https://curl.se/libcurl/c/libcurl-errors.html first for more details.
Error fetching https://instylemen.hu/feed: Failed to perform, curl: (28) Connection timed out after 10003 milliseconds. See https://curl.se/libcurl/c/libcurl-errors.html first for more details.
Error fetching https://www.playboy.com/read/classics/feed: Failed to perform, curl: (28) Connection timed out after 10003 milliseconds. See https://curl.se/libcurl/c/libcurl-errors.html first for more details.
Error fetching https://cliffhanger.hu/feed: HTTP Error 403: 
[00:02:45] Summarizer: [DownloadWorker-5] SKIP (duplicate title): Új főigazgatója lesz az Országgyűlés Hiv...
[00:02:54] Summarizer: [MissingDetector] ⚠️ PAIRING FAIL: 'https://insideevs.com/news/800489/byd-tesla-ev-crown-crown-quarter/' not found. KEEPING ITEM (Fallback).
[00:02:54] Summarizer: [Batch] 1 item(s) missing from response → marked for reprocessing
[00:02:54] Summarizer: [FreeGeminiAPI_1] ⚠️ PAIRING FAIL: 'https://insideevs.com/news/800489/byd-tesla-ev-crown-crown-quarter/' not found. KEEPING ITEM (Fallback).
[00:02:55] Summarizer: [DownloadWorker-1] SKIP (duplicate title): Milk Road...
[00:03:12] Summarizer: [DownloadWorker-9] SKIP (duplicate title): Milk Road...
[00:03:16] Summarizer: [DownloadWorker-1] SKIP (duplicate title): Mától a Netflixen: A 3. évaddal visszaté...
[00:03:24] Summarizer: [DownloadWorker-7] SKIP (duplicate title): Get a 48V 500W Adult Electric Scooter wi...
[00:03:28] Summarizer: [MissingDetector] ⚠️ PAIRING FAIL: 'https://bayareatimes.com/p/meta-said-to-plan-ai-cloud-business-rivaling-aws-azure-cloud' not found. KEEPING ITEM (Fallback).
[00:03:28] Summarizer: [Batch] 2 item(s) missing from response → marked for reprocessing
[00:03:28] Summarizer: [FreeGeminiAPI_2] ⚠️ PAIRING FAIL: 'https://bayareatimes.com/p/meta-said-to-plan-ai-cloud-business-rivaling-aws-azure-cloud' not found. KEEPING ITEM (Fallback).
[00:03:30] Summarizer: [Batch] 1 item(s) missing from response → marked for reprocessing
[00:03:38] Summarizer: [MissingDetector] ⚠️ PAIRING FAIL: 'https://electrek.co/2026/07/02/polestar-4s-are-a-smoking-deal-at-25k-off-now-that-they-manned-in-the-us/' not found. KEEPING ITEM (Fallback).
[00:03:38] Summarizer: [Batch] 1 item(s) missing from response → marked for reprocessing
[00:03:38] Summarizer: [FreeGeminiAPI_2] ⚠️ PAIRING FAIL: 'https://electrek.co/2026/07/02/polestar-4s-are-a-smoking-deal-at-25k-off-now-that-they-manned-in-the-us/' not found. KEEPING ITEM (Fallback).
[00:03:41] Summarizer: [Batch] 2 item(s) missing from response → marked for reprocessing
[00:03:48] Summarizer: [Batch] 2 item(s) missing from response → marked for reprocessing
[00:03:59] Summarizer: [Batch] 1 item(s) missing from response → marked for reprocessing
[00:04:00] Summarizer: [Batch] 1 item(s) missing from response → marked for reprocessing
[00:04:01] Summarizer: [DownloadWorker-4] SKIP (duplicate title): Szombati programajánló...
[00:04:14] Summarizer: [DownloadWorker-8] SKIP (duplicate title): Megvan az Országgyűlés Hivatalának új fő...
[00:04:17] Summarizer: [Batch] 3 item(s) missing from response → marked for reprocessing
[00:04:40] Summarizer: [Batch] 1 item(s) missing from response → marked for reprocessing
[00:04:50] Summarizer: [Batch] 1 item(s) missing from response → marked for reprocessing
[00:04:52] Summarizer: [MissingDetector] ⚠️ PAIRING FAIL: 'https://www.mafab.hu/hu/article/matol-otthonrol-nezheted-az-aki-bujt-2-jovok-yovok-vegre-megerkezett-a-streamingorias-platformjara-20' not found. KEEPING ITEM (Fallback).
[00:04:52] Summarizer: [Batch] 1 item(s) missing from response → marked for reprocessing
[00:04:52] Summarizer: [FreeGeminiAPI_2] ⚠️ PAIRING FAIL: 'https://www.mafab.hu/hu/article/matol-otthonrol-nezheted-az-aki-bujt-2-jovok-yovok-vegre-megerkezett-a-streamingorias-platformjara-20' not found. KEEPING ITEM (Fallback).
[00:04:58] Summarizer: [Batch] 3 item(s) missing from response → marked for reprocessing
[00:05:09] Summarizer: [MissingDetector] ⚠️ PAIRING FAIL: 'https://telex.hu/gazdasag/20260702/papp-laszlo-debreceni-polgarmester-semcorp-lemondas-kormanyhivatal' not found. KEEPING ITEM (Fallback).
[00:05:09] Summarizer: [Batch] 1 item(s) missing from response → marked for reprocessing
[00:05:09] Summarizer: [FreeGeminiAPI_2] ⚠️ PAIRING FAIL: 'https://telex.hu/gazdasag/20260702/papp-laszlo-debreceni-polgarmester-semcorp-lemondas-kormanyhivatal' not found. KEEPING ITEM (Fallback).
[00:05:19] Summarizer: [MissingDetector] ⚠️ PAIRING FAIL: 'https://www.ign.com/articles/hellraiser-revival-preview-horror-action-resident-mind-evil-pt' not found. KEEPING ITEM (Fallback).
[00:05:19] Summarizer: [MissingDetector] ⚠️ PAIRING FAIL: 'https://www.penzcentrum.hu/egeszseg/2026/07/02/kiadtak-az-orvosok-a-figyelmeztetest-sulyos-szovodmenyt-okozhat-a-rengeteg-magyar-altal-hasznalt-orrspray-1201509' not found. KEEPING ITEM (Fallback).
[00:05:19] Summarizer: [Batch] 2 item(s) missing from response → marked for reprocessing
[00:05:19] Summarizer: [FreeGeminiAPI_3] ⚠️ PAIRING FAIL: 'https://www.ign.com/articles/hellraiser-revival-preview-horror-action-resident-mind-evil-pt' not found. KEEPING ITEM (Fallback).
[00:05:19] Summarizer: [FreeGeminiAPI_3] ⚠️ PAIRING FAIL: 'https://www.penzcentrum.hu/egeszseg/2026/07/02/kiadtak-az-orvosok-a-figyelmeztetest-sulyos-szovodmenyt-okozhat-a-rengeteg-magyar-altal-hasznalt-orrspray-1201509' not found. KEEPING ITEM (Fallback).
[00:05:28] Summarizer: [Batch] 1 item(s) missing from response → marked for reprocessing
[00:05:44] Summarizer: [MissingDetector] ⚠️ PAIRING FAIL: 'https://hvg.hu/itthon/20260702_kekva-kozep-europai-oktatasi-alapitvany-lannert-vitezy-david' not found. KEEPING ITEM (Fallback).
[00:05:44] Summarizer: [Batch] 4 item(s) missing from response → marked for reprocessing
[00:05:44] Summarizer: [FreeGeminiAPI_3] ⚠️ PAIRING FAIL: 'https://hvg.hu/itthon/20260702_kekva-kozep-europai-oktatasi-alapitvany-lannert-vitezy-david' not found. KEEPING ITEM (Fallback).
[00:05:53] Summarizer: [MissingDetector] ⚠️ PAIRING FAIL: 'https://www.penzcentrum.hu/hitel/20260702/rendkivuli-valtozas-jon-a-hazai-atm-eknel-ezek-a-magyar-ok-mostantol-haromszor-annyi-eurot-vehetnek-fel-ugyanannyi-penzert-1201521' not found. KEEPING ITEM (Fallback).
[00:05:53] Summarizer: [Batch] 1 item(s) missing from response → marked for reprocessing
[00:05:53] Summarizer: [FreeGeminiAPI_1] ⚠️ PAIRING FAIL: 'https://www.penzcentrum.hu/hitel/20260702/rendkivuli-valtozas-jon-a-hazai-atm-eknel-ezek-a-magyar-ok-mostantol-haromszor-annyi-eurot-vehetnek-fel-ugyanannyi-penzert-1201521' not found. KEEPING ITEM (Fallback).
[00:05:59] Summarizer: Reprocessing 9 pairing failures from data.json
[00:07:52] Image_Downloader: Download failed (https://raw.githubusercontent.com/Derushir/Kepek/main/67c6357751300334f52e35f893ac854f/news/aramszunetek-es-vizhiany-sujtja-a-krim-felsziget-eszaki-resz.jpg): 404 Client Error: Not Found for url: https://raw.githubusercontent.com/Derushir/Kepek/main/67c6357751300334f52e35f893ac854f/news/aramszunetek-es-vizhiany-sujtja-a-krim-felsziget-eszaki-resz.jpg
[00:07:52] Image_Downloader: Download failed (https://raw.githubusercontent.com/Derushir/Kepek/main/67c6357751300334f52e35f893ac854f/news/megerkezett-az-usa-ba-a-hatuleses-tesla-model-y-l.webp): 404 Client Error: Not Found for url: https://raw.githubusercontent.com/Derushir/Kepek/main/67c6357751300334f52e35f893ac854f/news/megerkezett-az-usa-ba-a-hatuleses-tesla-model-y-l.webp
[00:07:52] Image_Downloader: Download failed (https://raw.githubusercontent.com/Derushir/Kepek/main/67c6357751300334f52e35f893ac854f/news/kifizetik-a-civil-allatvedo-szervezetek-elmaradt-tamogatasai.jpg): 404 Client Error: Not Found for url: https://raw.githubusercontent.com/Derushir/Kepek/main/67c6357751300334f52e35f893ac854f/news/kifizetik-a-civil-allatvedo-szervezetek-elmaradt-tamogatasai.jpg
[00:07:52] Image_Downloader: Download failed (https://raw.githubusercontent.com/Derushir/Kepek/main/67c6357751300334f52e35f893ac854f/news/radikalis-modszerekkel-kuzd-az-ortodox-zsido-nokert-adina-sa.jpg): 404 Client Error: Not Found for url: https://raw.githubusercontent.com/Derushir/Kepek/main/67c6357751300334f52e35f893ac854f/news/radikalis-modszerekkel-kuzd-az-ortodox-zsido-nokert-adina-sa.jpg
[00:07:52] Image_Downloader: Download failed (https://raw.githubusercontent.com/Derushir/Kepek/main/67c6357751300334f52e35f893ac854f/news/nemzetkozi-helikopteres-hadgyakorlatot-tartott-az-usa-a-uss-.jpg): 404 Client Error: Not Found for url: https://raw.githubusercontent.com/Derushir/Kepek/main/67c6357751300334f52e35f893ac854f/news/nemzetkozi-helikopteres-hadgyakorlatot-tartott-az-usa-a-uss-.jpg
[00:07:52] Image_Downloader: Download failed (https://raw.githubusercontent.com/Derushir/Kepek/main/67c6357751300334f52e35f893ac854f/news/t-mobile-vagy-verizon-melyik-mobilszolgaltatot-erdemes-valas.png): 404 Client Error: Not Found for url: https://raw.githubusercontent.com/Derushir/Kepek/main/67c6357751300334f52e35f893ac854f/news/t-mobile-vagy-verizon-melyik-mobilszolgaltatot-erdemes-valas.png
[00:07:52] Image_Downloader: Download failed (https://raw.githubusercontent.com/Derushir/Kepek/main/67c6357751300334f52e35f893ac854f/news/ejszakai-szesztilalmat-vezetne-be-split-a-nyari-szezonban-a-.jpg): 404 Client Error: Not Found for url: https://raw.githubusercontent.com/Derushir/Kepek/main/67c6357751300334f52e35f893ac854f/news/ejszakai-szesztilalmat-vezetne-be-split-a-nyari-szezonban-a-.jpg
[00:07:52] Image_Downloader: Download failed (https://raw.githubusercontent.com/Derushir/Kepek/main/67c6357751300334f52e35f893ac854f/news/betekintesgatlo-kijelzokkel-szereli-fel-jovobeli-telefonjait.jpg): 404 Client Error: Not Found for url: https://raw.githubusercontent.com/Derushir/Kepek/main/67c6357751300334f52e35f893ac854f/news/betekintesgatlo-kijelzokkel-szereli-fel-jovobeli-telefonjait.jpg
[00:07:52] Image_Downloader: Download failed (https://raw.githubusercontent.com/Derushir/Kepek/main/67c6357751300334f52e35f893ac854f/news/velkey-gyorgy-szerint-esszeru-atszervezesre-van-szukseg-a-ma.jpg): 404 Client Error: Not Found for url: https://raw.githubusercontent.com/Derushir/Kepek/main/67c6357751300334f52e35f893ac854f/news/velkey-gyorgy-szerint-esszeru-atszervezesre-van-szukseg-a-ma.jpg
[00:07:52] Image_Downloader: Download failed (https://raw.githubusercontent.com/Derushir/Kepek/main/67c6357751300334f52e35f893ac854f/news/hajlithato-iphone-ok-erkeznek-az-apple-2027-ig-ot-uj-modellt.jpg): 404 Client Error: Not Found for url: https://raw.githubusercontent.com/Derushir/Kepek/main/67c6357751300334f52e35f893ac854f/news/hajlithato-iphone-ok-erkeznek-az-apple-2027-ig-ot-uj-modellt.jpg
[00:07:52] Image_Downloader: Download failed (https://raw.githubusercontent.com/Derushir/Kepek/main/67c6357751300334f52e35f893ac854f/news/felfegyverzett-ferfit-tartoztattak-le-egy-eszak-karolinai-te.jpg): 404 Client Error: Not Found for url: https://raw.githubusercontent.com/Derushir/Kepek/main/67c6357751300334f52e35f893ac854f/news/felfegyverzett-ferfit-tartoztattak-le-egy-eszak-karolinai-te.jpg
[00:07:52] Image_Downloader: Download failed (https://raw.githubusercontent.com/Derushir/Kepek/main/67c6357751300334f52e35f893ac854f/news/potlobuszok-jarnak-az-1-es-villamos-vonalan-ket-juliusi-hetv.jpg): 404 Client Error: Not Found for url: https://raw.githubusercontent.com/Derushir/Kepek/main/67c6357751300334f52e35f893ac854f/news/potlobuszok-jarnak-az-1-es-villamos-vonalan-ket-juliusi-hetv.jpg
[00:07:52] Image_Downloader: Download failed (https://raw.githubusercontent.com/Derushir/Kepek/main/67c6357751300334f52e35f893ac854f/news/adorjani-balint-valtja-nagy-ervint-a-pinter-bela-es-tarsulat.webp): 404 Client Error: Not Found for url: https://raw.githubusercontent.com/Derushir/Kepek/main/67c6357751300334f52e35f893ac854f/news/adorjani-balint-valtja-nagy-ervint-a-pinter-bela-es-tarsulat.webp
[00:07:52] Image_Downloader: Download failed (https://raw.githubusercontent.com/Derushir/Kepek/main/67c6357751300334f52e35f893ac854f/news/telefonfarmokkal-gyartja-az-ai-influencereket-a-doublespeed.jpg): 404 Client Error: Not Found for url: https://raw.githubusercontent.com/Derushir/Kepek/main/67c6357751300334f52e35f893ac854f/news/telefonfarmokkal-gyartja-az-ai-influencereket-a-doublespeed.jpg
[00:07:52] Image_Downloader: Download failed (https://raw.githubusercontent.com/Derushir/Kepek/main/67c6357751300334f52e35f893ac854f/news/83-szazalekos-kedvezmeny-7-dollarert-kaphato-a-nepszeru-cosl.jpg): 404 Client Error: Not Found for url: https://raw.githubusercontent.com/Derushir/Kepek/main/67c6357751300334f52e35f893ac854f/news/83-szazalekos-kedvezmeny-7-dollarert-kaphato-a-nepszeru-cosl.jpg
[00:07:53] Image_Downloader: Download failed (https://raw.githubusercontent.com/Derushir/Kepek/main/67c6357751300334f52e35f893ac854f/news/a-kia-kivezeti-a-niro-ev-t-helyette-az-uj-ev3-erkezik-az-ame.webp): 404 Client Error: Not Found for url: https://raw.githubusercontent.com/Derushir/Kepek/main/67c6357751300334f52e35f893ac854f/news/a-kia-kivezeti-a-niro-ev-t-helyette-az-uj-ev3-erkezik-az-ame.webp
[00:07:54] Image_Downloader: Download failed (https://raw.githubusercontent.com/Derushir/Kepek/main/67c6357751300334f52e35f893ac854f/news/pocket-neven-inditott-ai-alapu-jatekfejleszto-alkalmazast-a-.jpg): 404 Client Error: Not Found for url: https://raw.githubusercontent.com/Derushir/Kepek/main/67c6357751300334f52e35f893ac854f/news/pocket-neven-inditott-ai-alapu-jatekfejleszto-alkalmazast-a-.jpg
[00:07:54] Image_Downloader: Download failed (https://raw.githubusercontent.com/Derushir/Kepek/main/67c6357751300334f52e35f893ac854f/news/akar-40-ezer-dollar-alatt-is-elerheto-a-subaru-uj-375-loeros.webp): 404 Client Error: Not Found for url: https://raw.githubusercontent.com/Derushir/Kepek/main/67c6357751300334f52e35f893ac854f/news/akar-40-ezer-dollar-alatt-is-elerheto-a-subaru-uj-375-loeros.webp
[00:07:55] Image_Downloader: Download failed (https://raw.githubusercontent.com/Derushir/Kepek/main/67c6357751300334f52e35f893ac854f/news/uj-modszerrel-torheto-fel-a-mesterseges-intelligencia-karos-.png): 404 Client Error: Not Found for url: https://raw.githubusercontent.com/Derushir/Kepek/main/67c6357751300334f52e35f893ac854f/news/uj-modszerrel-torheto-fel-a-mesterseges-intelligencia-karos-.png
[00:07:55] Image_Downloader: Download failed (https://raw.githubusercontent.com/Derushir/Kepek/main/67c6357751300334f52e35f893ac854f/news/sajat-ai-chip-fejleszteserol-targyal-a-samsunggal-az-anthrop.webp): 404 Client Error: Not Found for url: https://raw.githubusercontent.com/Derushir/Kepek/main/67c6357751300334f52e35f893ac854f/news/sajat-ai-chip-fejleszteserol-targyal-a-samsunggal-az-anthrop.webp
[00:07:55] Image_Downloader: Download failed (https://raw.githubusercontent.com/Derushir/Kepek/main/67c6357751300334f52e35f893ac854f/news/biztonsagi-aggalyok-miatt-perlik-a-boeing-tulajdonaban-levo-.jpg): 404 Client Error: Not Found for url: https://raw.githubusercontent.com/Derushir/Kepek/main/67c6357751300334f52e35f893ac854f/news/biztonsagi-aggalyok-miatt-perlik-a-boeing-tulajdonaban-levo-.jpg
[00:07:55] Image_Downloader: Download failed (https://raw.githubusercontent.com/Derushir/Kepek/main/67c6357751300334f52e35f893ac854f/news/uj-ipad-pro-modellek-es-erkezoben-az-elso-hajlithato-iphone.jpg): 404 Client Error: Not Found for url: https://raw.githubusercontent.com/Derushir/Kepek/main/67c6357751300334f52e35f893ac854f/news/uj-ipad-pro-modellek-es-erkezoben-az-elso-hajlithato-iphone.jpg
[00:07:55] Image_Downloader: Download failed (https://raw.githubusercontent.com/Derushir/Kepek/main/67c6357751300334f52e35f893ac854f/news/uj-uzem-nyilt-az-elektromos-autok-akkumulatorainak-ujrahaszn.jpg): 404 Client Error: Not Found for url: https://raw.githubusercontent.com/Derushir/Kepek/main/67c6357751300334f52e35f893ac854f/news/uj-uzem-nyilt-az-elektromos-autok-akkumulatorainak-ujrahaszn.jpg
[00:07:55] Image_Downloader: Download failed (https://raw.githubusercontent.com/Derushir/Kepek/main/67c6357751300334f52e35f893ac854f/news/attores-a-hasnyalmirigyrak-kezeleseben-90-szazalekos-hatekon.jpg): 404 Client Error: Not Found for url: https://raw.githubusercontent.com/Derushir/Kepek/main/67c6357751300334f52e35f893ac854f/news/attores-a-hasnyalmirigyrak-kezeleseben-90-szazalekos-hatekon.jpg
[00:07:55] Image_Downloader: Download failed (https://raw.githubusercontent.com/Derushir/Kepek/main/67c6357751300334f52e35f893ac854f/news/harom-oran-at-is-birjak-a-viz-alatt-az-uj-fejlesztesu-kiborg.png): 404 Client Error: Not Found for url: https://raw.githubusercontent.com/Derushir/Kepek/main/67c6357751300334f52e35f893ac854f/news/harom-oran-at-is-birjak-a-viz-alatt-az-uj-fejlesztesu-kiborg.png
[00:07:55] Image_Downloader: Download failed (https://raw.githubusercontent.com/Derushir/Kepek/main/67c6357751300334f52e35f893ac854f/news/okoseszkozok-adataira-epulo-ai-terapeuta-segithet-a-mentalis.jpg): 404 Client Error: Not Found for url: https://raw.githubusercontent.com/Derushir/Kepek/main/67c6357751300334f52e35f893ac854f/news/okoseszkozok-adataira-epulo-ai-terapeuta-segithet-a-mentalis.jpg
[00:07:56] Image_Downloader: Download failed (https://raw.githubusercontent.com/Derushir/Kepek/main/67c6357751300334f52e35f893ac854f/news/a-mesterseges-intelligencia-emlitese-a-jersey-mikes-tozsdei-.png): 404 Client Error: Not Found for url: https://raw.githubusercontent.com/Derushir/Kepek/main/67c6357751300334f52e35f893ac854f/news/a-mesterseges-intelligencia-emlitese-a-jersey-mikes-tozsdei-.png
[00:07:56] Image_Downloader: Download failed (https://raw.githubusercontent.com/Derushir/Kepek/main/67c6357751300334f52e35f893ac854f/news/hatuleses-nyujtott-tengelytavu-tesla-model-y-erkezik-az-amer.jpg): 404 Client Error: Not Found for url: https://raw.githubusercontent.com/Derushir/Kepek/main/67c6357751300334f52e35f893ac854f/news/hatuleses-nyujtott-tengelytavu-tesla-model-y-erkezik-az-amer.jpg
[00:07:56] Image_Downloader: Download failed (https://raw.githubusercontent.com/Derushir/Kepek/main/67c6357751300334f52e35f893ac854f/news/osszegyult-a-penz-a-vakondok-6-reszere-ami-a-80-as-evek-magy.jpg): 404 Client Error: Not Found for url: https://raw.githubusercontent.com/Derushir/Kepek/main/67c6357751300334f52e35f893ac854f/news/osszegyult-a-penz-a-vakondok-6-reszere-ami-a-80-as-evek-magy.jpg
[00:07:56] Image_Downloader: Download failed (https://raw.githubusercontent.com/Derushir/Kepek/main/67c6357751300334f52e35f893ac854f/news/ezek-a-legboldogabb-szazezer-dollar-feletti-fizetessel-jaro-.jpg): 404 Client Error: Not Found for url: https://raw.githubusercontent.com/Derushir/Kepek/main/67c6357751300334f52e35f893ac854f/news/ezek-a-legboldogabb-szazezer-dollar-feletti-fizetessel-jaro-.jpg
[00:07:56] Image_Downloader: Download failed (https://raw.githubusercontent.com/Derushir/Kepek/main/67c6357751300334f52e35f893ac854f/news/igy-csokkentheti-havi-internetszamlajat-az-automatikus-fizet.jpg): 404 Client Error: Not Found for url: https://raw.githubusercontent.com/Derushir/Kepek/main/67c6357751300334f52e35f893ac854f/news/igy-csokkentheti-havi-internetszamlajat-az-automatikus-fizet.jpg
[00:07:57] Image_Downloader: Download failed (https://raw.githubusercontent.com/Derushir/Kepek/main/67c6357751300334f52e35f893ac854f/news/tortenelmi-csucsra-emelkedtek-a-tozsdek-mikozben-a-technolog.jpg): 404 Client Error: Not Found for url: https://raw.githubusercontent.com/Derushir/Kepek/main/67c6357751300334f52e35f893ac854f/news/tortenelmi-csucsra-emelkedtek-a-tozsdek-mikozben-a-technolog.jpg
[00:07:57] Image_Downloader: Download failed (https://raw.githubusercontent.com/Derushir/Kepek/main/67c6357751300334f52e35f893ac854f/news/csillagaszati-latvanyossagok-juliusban-bolygoegyuttallasok-e.jpg): 404 Client Error: Not Found for url: https://raw.githubusercontent.com/Derushir/Kepek/main/67c6357751300334f52e35f893ac854f/news/csillagaszati-latvanyossagok-juliusban-bolygoegyuttallasok-e.jpg
[00:07:57] Image_Downloader: Download failed (https://raw.githubusercontent.com/Derushir/Kepek/main/67c6357751300334f52e35f893ac854f/news/haromszorosara-emelte-az-eurofelveteli-limitet-az-otp-az-ide.jpg): 404 Client Error: Not Found for url: https://raw.githubusercontent.com/Derushir/Kepek/main/67c6357751300334f52e35f893ac854f/news/haromszorosara-emelte-az-eurofelveteli-limitet-az-otp-az-ide.jpg
[00:07:57] Image_Downloader: Download failed (https://raw.githubusercontent.com/Derushir/Kepek/main/67c6357751300334f52e35f893ac854f/news/arizonai-kapcsolatokon-keresztul-szerzett-reszesedest-az-nvi.jpg): 404 Client Error: Not Found for url: https://raw.githubusercontent.com/Derushir/Kepek/main/67c6357751300334f52e35f893ac854f/news/arizonai-kapcsolatokon-keresztul-szerzett-reszesedest-az-nvi.jpg
[00:07:57] Image_Downloader: Download failed (https://raw.githubusercontent.com/Derushir/Kepek/main/67c6357751300334f52e35f893ac854f/news/tortenelmi-melyponton-a-hitelkockazati-felarak-mire-figyelje.jpg): 404 Client Error: Not Found for url: https://raw.githubusercontent.com/Derushir/Kepek/main/67c6357751300334f52e35f893ac854f/news/tortenelmi-melyponton-a-hitelkockazati-felarak-mire-figyelje.jpg
[00:07:58] Image_Downloader: Download failed (https://raw.githubusercontent.com/Derushir/Kepek/main/67c6357751300334f52e35f893ac854f/news/2027-ben-erkezik-a-baywatch-rebootja-megjelent-az-elso-eloze.webp): 404 Client Error: Not Found for url: https://raw.githubusercontent.com/Derushir/Kepek/main/67c6357751300334f52e35f893ac854f/news/2027-ben-erkezik-a-baywatch-rebootja-megjelent-az-elso-eloze.webp
[00:07:58] Image_Downloader: Download failed (https://raw.githubusercontent.com/Derushir/Kepek/main/67c6357751300334f52e35f893ac854f/news/julius-14-en-erkeznek-a-bt21-figurak-a-mcdonalds-happy-meal-.jpg): 404 Client Error: Not Found for url: https://raw.githubusercontent.com/Derushir/Kepek/main/67c6357751300334f52e35f893ac854f/news/julius-14-en-erkeznek-a-bt21-figurak-a-mcdonalds-happy-meal-.jpg
[00:07:58] Image_Downloader: Download failed (https://raw.githubusercontent.com/Derushir/Kepek/main/67c6357751300334f52e35f893ac854f/news/kviz-a-klasszikus-columbo-epizodokrol.webp): 404 Client Error: Not Found for url: https://raw.githubusercontent.com/Derushir/Kepek/main/67c6357751300334f52e35f893ac854f/news/kviz-a-klasszikus-columbo-epizodokrol.webp
[00:07:58] Image_Downloader: Download failed (https://raw.githubusercontent.com/Derushir/Kepek/main/67c6357751300334f52e35f893ac854f/news/eros-negyedevet-zart-a-tesla-480-ezer-leszallitott-autoval-v.jpg): 404 Client Error: Not Found for url: https://raw.githubusercontent.com/Derushir/Kepek/main/67c6357751300334f52e35f893ac854f/news/eros-negyedevet-zart-a-tesla-480-ezer-leszallitott-autoval-v.jpg
[00:07:58] Image_Downloader: Download failed (https://raw.githubusercontent.com/Derushir/Kepek/main/67c6357751300334f52e35f893ac854f/news/eles-kritikat-valtott-ki-a-netflix-amiert-mesterseges-intell.jpg): 404 Client Error: Not Found for url: https://raw.githubusercontent.com/Derushir/Kepek/main/67c6357751300334f52e35f893ac854f/news/eles-kritikat-valtott-ki-a-netflix-amiert-mesterseges-intell.jpg
[00:07:58] Image_Downloader: Download failed (https://raw.githubusercontent.com/Derushir/Kepek/main/67c6357751300334f52e35f893ac854f/news/csalodast-kelto-fordulatok-a-netflix-ugyis-megtalallak-cimu-.webp): 404 Client Error: Not Found for url: https://raw.githubusercontent.com/Derushir/Kepek/main/67c6357751300334f52e35f893ac854f/news/csalodast-kelto-fordulatok-a-netflix-ugyis-megtalallak-cimu-.webp
[00:07:58] Image_Downloader: Download failed (https://raw.githubusercontent.com/Derushir/Kepek/main/67c6357751300334f52e35f893ac854f/news/az-enola-holmes-3-a-netflix-magyar-toplistajanak-elere-kerul.jpg): 404 Client Error: Not Found for url: https://raw.githubusercontent.com/Derushir/Kepek/main/67c6357751300334f52e35f893ac854f/news/az-enola-holmes-3-a-netflix-magyar-toplistajanak-elere-kerul.jpg
[00:07:58] Image_Downloader: Download failed (https://raw.githubusercontent.com/Derushir/Kepek/main/67c6357751300334f52e35f893ac854f/news/35-millio-dollaros-buntetest-fizet-a-hopper-utazasi-alkalmaz.jpg): 404 Client Error: Not Found for url: https://raw.githubusercontent.com/Derushir/Kepek/main/67c6357751300334f52e35f893ac854f/news/35-millio-dollaros-buntetest-fizet-a-hopper-utazasi-alkalmaz.jpg
[00:07:59] Image_Downloader: Download failed (https://electrek.co/wp-content/uploads/sites/3/2024/11/Polestar-2-discount.jpg): 404 Client Error: Not Found for url: https://electrek.co/wp-content/uploads/sites/3/2024/11/Polestar-2-discount.jpg
[00:07:59] Image_Downloader: Download failed (https://raw.githubusercontent.com/Derushir/Kepek/main/67c6357751300334f52e35f893ac854f/news/lezarul-a-gangs-of-galicia-bejelentettek-a-harmadik-egyben-u.gif): 404 Client Error: Not Found for url: https://raw.githubusercontent.com/Derushir/Kepek/main/67c6357751300334f52e35f893ac854f/news/lezarul-a-gangs-of-galicia-bejelentettek-a-harmadik-egyben-u.gif
[00:07:59] Image_Downloader: Download failed (https://raw.githubusercontent.com/Derushir/Kepek/main/67c6357751300334f52e35f893ac854f/news/a-kiflihu-a-teljes-balaton-tersegere-kiterjesztette-szolgalt.jpg): 404 Client Error: Not Found for url: https://raw.githubusercontent.com/Derushir/Kepek/main/67c6357751300334f52e35f893ac854f/news/a-kiflihu-a-teljes-balaton-tersegere-kiterjesztette-szolgalt.jpg
[00:08:00] Image_Downloader: Download failed (https://raw.githubusercontent.com/Derushir/Kepek/main/67c6357751300334f52e35f893ac854f/news/vegyes-fogadtatasban-reszesult-a-birodalom-cimu-magyar-minis.gif): 404 Client Error: Not Found for url: https://raw.githubusercontent.com/Derushir/Kepek/main/67c6357751300334f52e35f893ac854f/news/vegyes-fogadtatasban-reszesult-a-birodalom-cimu-magyar-minis.gif
[00:08:00] Image_Downloader: Download failed (https://raw.githubusercontent.com/Derushir/Kepek/main/67c6357751300334f52e35f893ac854f/news/megmutattak-charles-shelby-karakteret-a-peaky-blinders-spino.gif): 404 Client Error: Not Found for url: https://raw.githubusercontent.com/Derushir/Kepek/main/67c6357751300334f52e35f893ac854f/news/megmutattak-charles-shelby-karakteret-a-peaky-blinders-spino.gif
[00:08:00] Image_Downloader: Download failed (https://raw.githubusercontent.com/Derushir/Kepek/main/67c6357751300334f52e35f893ac854f/news/szinte-teljesen-leepiti-munkavallaloit-a-thick-as-thieves-fe.jpg): 404 Client Error: Not Found for url: https://raw.githubusercontent.com/Derushir/Kepek/main/67c6357751300334f52e35f893ac854f/news/szinte-teljesen-leepiti-munkavallaloit-a-thick-as-thieves-fe.jpg
[00:08:00] Image_Downloader: Download failed (https://raw.githubusercontent.com/Derushir/Kepek/main/67c6357751300334f52e35f893ac854f/news/a-diablo-4-legujabb-szezonja-csalodast-okozott-a-jatekosokna.jpg): 404 Client Error: Not Found for url: https://raw.githubusercontent.com/Derushir/Kepek/main/67c6357751300334f52e35f893ac854f/news/a-diablo-4-legujabb-szezonja-csalodast-okozott-a-jatekosokna.jpg
[00:08:00] Image_Downloader: Download failed (https://raw.githubusercontent.com/Derushir/Kepek/main/67c6357751300334f52e35f893ac854f/news/a-12-eves-racz-bonifac-kepviseli-magyarorszagot-a-pokemon-vi.jpg): 404 Client Error: Not Found for url: https://raw.githubusercontent.com/Derushir/Kepek/main/67c6357751300334f52e35f893ac854f/news/a-12-eves-racz-bonifac-kepviseli-magyarorszagot-a-pokemon-vi.jpg
[00:08:00] Image_Downloader: Download failed (https://raw.githubusercontent.com/Derushir/Kepek/main/67c6357751300334f52e35f893ac854f/news/megnyugtatta-a-rajongokat-a-quantic-dream-a-star-wars-eclips.jpg): 404 Client Error: Not Found for url: https://raw.githubusercontent.com/Derushir/Kepek/main/67c6357751300334f52e35f893ac854f/news/megnyugtatta-a-rajongokat-a-quantic-dream-a-star-wars-eclips.jpg
[00:08:01] Image_Downloader: Download failed (https://raw.githubusercontent.com/Derushir/Kepek/main/67c6357751300334f52e35f893ac854f/news/a-gta-6-pc-s-megjelenese-varat-magara-de-a-steam-machine-en-.jpg): 404 Client Error: Not Found for url: https://raw.githubusercontent.com/Derushir/Kepek/main/67c6357751300334f52e35f893ac854f/news/a-gta-6-pc-s-megjelenese-varat-magara-de-a-steam-machine-en-.jpg
[00:08:02] Image_Downloader: Download failed (https://raw.githubusercontent.com/Derushir/Kepek/main/67c6357751300334f52e35f893ac854f/news/uj-fegyverrel-es-kampannyal-bovul-a-doom-the-dark-ages.jpg): 404 Client Error: Not Found for url: https://raw.githubusercontent.com/Derushir/Kepek/main/67c6357751300334f52e35f893ac854f/news/uj-fegyverrel-es-kampannyal-bovul-a-doom-the-dark-ages.jpg
[00:08:06] Image_Downloader: Download failed (https://raw.githubusercontent.com/Derushir/Kepek/main/67c6357751300334f52e35f893ac854f/news/unreal-engine-5-motorral-ujul-meg-a-remothered-tormented-fat.jpg): 404 Client Error: Not Found for url: https://raw.githubusercontent.com/Derushir/Kepek/main/67c6357751300334f52e35f893ac854f/news/unreal-engine-5-motorral-ujul-meg-a-remothered-tormented-fat.jpg
[00:08:06] Image_Downloader: Download failed (https://raw.githubusercontent.com/Derushir/Kepek/main/67c6357751300334f52e35f893ac854f/news/aluminium-keretes-hutoventilatorokat-dobott-piacra-a-cooler-.jpg): HTTPSConnectionPool(host='raw.githubusercontent.com', port=443): Read timed out. (read timeout=5)
[00:08:06] Image_Downloader: Download failed (https://raw.githubusercontent.com/Derushir/Kepek/main/67c6357751300334f52e35f893ac854f/news/amerikai-tozsdei-opciokkal-bovitette-kereskedesi-platformjat.jpg): 404 Client Error: Not Found for url: https://raw.githubusercontent.com/Derushir/Kepek/main/67c6357751300334f52e35f893ac854f/news/amerikai-tozsdei-opciokkal-bovitette-kereskedesi-platformjat.jpg
[00:08:07] Image_Downloader: Download failed (https://cdn.mos.cms.futurecdn.net/AkftzgmTa4sik4KcwUMp6L-1920-80.jpg): HTTPSConnectionPool(host='cdn.mos.cms.futurecdn.net', port=443): Read timed out. (read timeout=5)
[00:08:09] Image_Downloader: Download failed (https://raw.githubusercontent.com/Derushir/Kepek/main/67c6357751300334f52e35f893ac854f/news/2027-re-csuszik-a-frictional-games-legujabb-ontos-cimu-jatek.jpg): 404 Client Error: Not Found for url: https://raw.githubusercontent.com/Derushir/Kepek/main/67c6357751300334f52e35f893ac854f/news/2027-re-csuszik-a-frictional-games-legujabb-ontos-cimu-jatek.jpg
[00:08:09] Image_Downloader: Download failed (https://raw.githubusercontent.com/Derushir/Kepek/main/67c6357751300334f52e35f893ac854f/news/kinaban-ujrainditja-a-13-es-14-generacios-intel-processzorok.jpg): 404 Client Error: Not Found for url: https://raw.githubusercontent.com/Derushir/Kepek/main/67c6357751300334f52e35f893ac854f/news/kinaban-ujrainditja-a-13-es-14-generacios-intel-processzorok.jpg
[00:08:10] Image_Downloader: Download failed (https://raw.githubusercontent.com/Derushir/Kepek/main/67c6357751300334f52e35f893ac854f/news/gryllus-dorka-a-nok-targyiasitasarol-es-az-oregedesrol-a-sze.jpg): 404 Client Error: Not Found for url: https://raw.githubusercontent.com/Derushir/Kepek/main/67c6357751300334f52e35f893ac854f/news/gryllus-dorka-a-nok-targyiasitasarol-es-az-oregedesrol-a-sze.jpg
[00:08:11] Image_Downloader: Download failed (https://raw.githubusercontent.com/Derushir/Kepek/main/67c6357751300334f52e35f893ac854f/news/eletminoseg-javito-frissitest-kap-a-world-of-warcraft.png): 404 Client Error: Not Found for url: https://raw.githubusercontent.com/Derushir/Kepek/main/67c6357751300334f52e35f893ac854f/news/eletminoseg-javito-frissitest-kap-a-world-of-warcraft.png
[00:08:11] Image_Downloader: Download failed (https://raw.githubusercontent.com/Derushir/Kepek/main/67c6357751300334f52e35f893ac854f/news/aremelest-jelentett-be-az-intel-az-arrow-lake-s-refresh-proc.png): HTTPSConnectionPool(host='raw.githubusercontent.com', port=443): Read timed out. (read timeout=5)
[00:08:11] Image_Downloader: Download failed (https://raw.githubusercontent.com/Derushir/Kepek/main/67c6357751300334f52e35f893ac854f/news/alienware-aurora-rtx-5070-gamer-pc-t-kinaltak-kedvezmenyes-a.jpg): HTTPSConnectionPool(host='raw.githubusercontent.com', port=443): Read timed out. (read timeout=5)
[00:08:12] Image_Downloader: Download failed (https://raw.githubusercontent.com/Derushir/Kepek/main/67c6357751300334f52e35f893ac854f/news/tokenizalt-reszvenyekkel-debutalt-a-tozsden-a-securitize.png): 404 Client Error: Not Found for url: https://raw.githubusercontent.com/Derushir/Kepek/main/67c6357751300334f52e35f893ac854f/news/tokenizalt-reszvenyekkel-debutalt-a-tozsden-a-securitize.png
[00:08:12] Image_Downloader: Download failed (https://raw.githubusercontent.com/Derushir/Kepek/main/67c6357751300334f52e35f893ac854f/news/novemberben-erkezik-a-phantom-vice-auto-mikozben-a-gta-6-pc-.jpg): 404 Client Error: Not Found for url: https://raw.githubusercontent.com/Derushir/Kepek/main/67c6357751300334f52e35f893ac854f/news/novemberben-erkezik-a-phantom-vice-auto-mikozben-a-gta-6-pc-.jpg
[00:08:12] Image_Downloader: Download failed (https://cdn.penzcentrum.hu/images/article/1157434/orrspray_egeszseg_shutterstock_1157434_1729931885.jpg): 404 Client Error: Not Found for url: https://cdn.penzcentrum.hu/images/article/1157434/orrspray_egeszseg_shutterstock_1157434_1729931885.jpg
[00:08:12] Image_Downloader: Download failed (https://raw.githubusercontent.com/Derushir/Kepek/main/67c6357751300334f52e35f893ac854f/news/az-imf-szerint-a-tokenizacio-atalakithatja-a-globalis-penzug.jpg): 404 Client Error: Not Found for url: https://raw.githubusercontent.com/Derushir/Kepek/main/67c6357751300334f52e35f893ac854f/news/az-imf-szerint-a-tokenizacio-atalakithatja-a-globalis-penzug.jpg
[00:08:13] Image_Downloader: Download failed (https://raw.githubusercontent.com/Derushir/Kepek/main/67c6357751300334f52e35f893ac854f/news/uj-jatek-fejlesztesen-dolgozik-a-naughty-dog-egykori-sikerdu.jpg): 404 Client Error: Not Found for url: https://raw.githubusercontent.com/Derushir/Kepek/main/67c6357751300334f52e35f893ac854f/news/uj-jatek-fejlesztesen-dolgozik-a-naughty-dog-egykori-sikerdu.jpg
[00:08:13] Image_Downloader: Download failed (https://raw.githubusercontent.com/Derushir/Kepek/main/67c6357751300334f52e35f893ac854f/news/tokenizalt-reszvenyekhez-vezet-be-szavazati-jogot-az-ondo-fi.jpg): 404 Client Error: Not Found for url: https://raw.githubusercontent.com/Derushir/Kepek/main/67c6357751300334f52e35f893ac854f/news/tokenizalt-reszvenyekhez-vezet-be-szavazati-jogot-az-ondo-fi.jpg
[00:08:14] Image_Downloader: Download failed (https://raw.githubusercontent.com/Derushir/Kepek/main/67c6357751300334f52e35f893ac854f/news/teszteltuk-a-dior-solar-onbarnito-cseppeket-termeszetes-hata.jpg): 404 Client Error: Not Found for url: https://raw.githubusercontent.com/Derushir/Kepek/main/67c6357751300334f52e35f893ac854f/news/teszteltuk-a-dior-solar-onbarnito-cseppeket-termeszetes-hata.jpg
[00:08:15] Image_Downloader: Download failed (https://raw.githubusercontent.com/Derushir/Kepek/main/67c6357751300334f52e35f893ac854f/news/mica-kompatibilis-sajat-orzesu-bitcoin-bankkartyat-inditott-.webp): HTTPSConnectionPool(host='raw.githubusercontent.com', port=443): Read timed out. (read timeout=5)
[00:08:17] Image_Downloader: Download failed (https://raw.githubusercontent.com/Derushir/Kepek/main/67c6357751300334f52e35f893ac854f/news/kulonleges-kiserlet-egy-honapra-helyet-csereltek-luxusutazas.jpg): HTTPSConnectionPool(host='raw.githubusercontent.com', port=443): Read timed out. (read timeout=5)
[00:08:17] Image_Downloader: Download failed (https://i.cdn29.hu/apix_collect_c/ngg_images/2607/02/doom_the_dark_ages_revelations_id_software_132142_1_original_760x425_cover.jpg): HTTPSConnectionPool(host='i.cdn29.hu', port=443): Read timed out. (read timeout=5)
[00:08:19] Image_Downloader: Download failed (https://raw.githubusercontent.com/Derushir/Kepek/main/67c6357751300334f52e35f893ac854f/news/higieniai-es-szagkezelesi-okokbol-indokolt-a-fedeles-konyhai.jpg): HTTPSConnectionPool(host='raw.githubusercontent.com', port=443): Read timed out. (read timeout=5)
[00:08:19] Image_Downloader: Download failed (https://raw.githubusercontent.com/Derushir/Kepek/main/67c6357751300334f52e35f893ac854f/news/nagy-nyari-learazas-a-steamen-a-square-enix-klasszikusai-is-.jpg): HTTPSConnectionPool(host='raw.githubusercontent.com', port=443): Read timed out. (read timeout=5)
[00:08:23] Image_Downloader: Download failed (https://raw.githubusercontent.com/Derushir/Kepek/main/67c6357751300334f52e35f893ac854f/news/alberletek-es-kereskedelmi-lehetosegek-erkeztek-a-rustba.jpg): 404 Client Error: Not Found for url: https://raw.githubusercontent.com/Derushir/Kepek/main/67c6357751300334f52e35f893ac854f/news/alberletek-es-kereskedelmi-lehetosegek-erkeztek-a-rustba.jpg
[00:08:26] Image_Downloader: Download failed (https://raw.githubusercontent.com/Derushir/Kepek/main/67c6357751300334f52e35f893ac854f/news/perelheto-e-a-fifa-egy-vitatott-piros-lap-miatt-jogi-elemzes.jpg): 404 Client Error: Not Found for url: https://raw.githubusercontent.com/Derushir/Kepek/main/67c6357751300334f52e35f893ac854f/news/perelheto-e-a-fifa-egy-vitatott-piros-lap-miatt-jogi-elemzes.jpg
[00:08:27] Image_Downloader: Download failed (https://raw.githubusercontent.com/Derushir/Kepek/main/67c6357751300334f52e35f893ac854f/news/lebron-james-megszerzesere-keszul-a-philadelphia-76ers.jpg): 404 Client Error: Not Found for url: https://raw.githubusercontent.com/Derushir/Kepek/main/67c6357751300334f52e35f893ac854f/news/lebron-james-megszerzesere-keszul-a-philadelphia-76ers.jpg
[00:08:28] Image_Downloader: Download failed (https://raw.githubusercontent.com/Derushir/Kepek/main/67c6357751300334f52e35f893ac854f/news/asztrologiai-utmutato-ezek-a-csillagjegyek-a-leginkabb-hajla.jpg): HTTPSConnectionPool(host='raw.githubusercontent.com', port=443): Read timed out. (read timeout=5)
[00:08:39] Image_Downloader: Download failed (https://cdn.mos.cms.futurecdn.net/TwcNE8qN8eCD7qY4rtUy4A-1920-80.jpg): HTTPSConnectionPool(host='cdn.mos.cms.futurecdn.net', port=443): Read timed out. (read timeout=5)

--- RSS Fetch Errors at 2026-07-03 00:12:38 ---
Error fetching https://www.drive.com.au/feed/: HTTP Error 403: 
Error fetching https://leetgaming.com/feed/: Failed to perform, curl: (28) Connection timed out after 10002 milliseconds. See https://curl.se/libcurl/c/libcurl-errors.html first for more details.
Error fetching https://feeds.feedburner.com/ign/games-all: Failed to perform, curl: (28) Connection timed out after 10003 milliseconds. See https://curl.se/libcurl/c/libcurl-errors.html first for more details.
Error fetching https://bitcoinmagazine.com/.rss/full/: Failed to perform, curl: (28) Operation timed out after 25183 milliseconds with 0 bytes received. See https://curl.se/libcurl/c/libcurl-errors.html first for more details.
Error fetching https://cliffhanger.hu/feed: HTTP Error 403: 
Error fetching https://velvet.hu/feed: HTTP Error 404: Not Found
Error fetching https://femina.hu/feed: HTTP Error 404: Not Found
Error fetching https://instylemen.hu/feed: HTTP Error 404: 
Error fetching https://bankless.com/feed: Failed to perform, curl: (28) Connection timed out after 10002 milliseconds. See https://curl.se/libcurl/c/libcurl-errors.html first for more details.
Error fetching https://hwsw.hu/hirek/rss: Failed to perform, curl: (28) Connection timed out after 10003 milliseconds. See https://curl.se/libcurl/c/libcurl-errors.html first for more details.
[00:12:49] Summarizer: [DownloadWorker-2] SKIP (duplicate title): Tóth Flóra: A szülők, de különösen az an...
[00:12:50] Summarizer: [DownloadWorker-7] SKIP (duplicate title): Így készült a Wednesday 2. évadjának más...
[00:12:50] Summarizer: [Batch] 4 item(s) missing from response → marked for reprocessing
[00:12:50] Summarizer: [DownloadWorker-1] SKIP (duplicate title): Catherine Zeta-Jones lánya édesanyja kik...
[00:12:51] Summarizer: [DownloadWorker-4] SKIP (duplicate title): BYD Reclaimed The EV Sales Crown Despite...
[00:12:53] Summarizer: [DownloadWorker-5] SKIP (duplicate title): Unai Simón vb-rekordot döntött, a spanyo...
[00:12:57] Summarizer: [MissingDetector] ⚠️ PAIRING FAIL: 'https://electrek.co/2026/07/02/polestar-4s-are-a-smoking-deal-at-25k-off-now-that-they-manned-in-the-us' not found. KEEPING ITEM (Fallback).
[00:12:57] Summarizer: [Batch] 3 item(s) missing from response → marked for reprocessing
[00:12:57] Summarizer: [FreeGeminiAPI_1] ⚠️ PAIRING FAIL: 'https://electrek.co/2026/07/02/polestar-4s-are-a-smoking-deal-at-25k-off-now-that-they-manned-in-the-us' not found. KEEPING ITEM (Fallback).
[00:12:58] Summarizer: [DownloadWorker-0] SKIP (duplicate title): Velotric + Heybike July 4th e-bike sales...
[00:12:58] Summarizer: [DownloadWorker-6] SKIP (duplicate title): Kötelező adó helyett: a Kanári-szigetek ...
[00:12:59] Summarizer: [DownloadWorker-1] SKIP (duplicate title): A Punisher: One Last Kill még kicsit...
[00:13:00] Summarizer: [DownloadWorker-7] SKIP (duplicate title): Popular Potato Chips Face FDA's Most Ser...
[00:13:02] Summarizer: [Batch] 4 item(s) missing from response → marked for reprocessing
[00:13:03] Summarizer: [DownloadWorker-4] SKIP (duplicate title): Polestar EVs are a smoking deal at $25k ...
[00:13:05] Summarizer: [DownloadWorker-6] SKIP (duplicate title): The 22 Best Luxury Gifts Our Editors Say...
[00:13:08] Summarizer: [DownloadWorker-9] SKIP (duplicate title): Signing John Carlson Headlines Tampa Bay...
[00:13:08] Summarizer: [Batch] 3 item(s) missing from response → marked for reprocessing
[00:13:13] Summarizer: [DownloadWorker-1] SKIP (duplicate title): Brooks Nader On Flip Phones, Fresh Flowe...
[00:13:21] Summarizer: [DownloadWorker-5] SKIP (duplicate title): Article Furniture Sale: Save Up To 41% D...
[00:13:45] Summarizer: Reprocessing 1 pairing failures from data.json

--- RSS Fetch Errors at 2026-07-03 06:02:49 ---
Error fetching https://techpowerup.com/rss/news: HTTP Error 403: 
Error fetching https://www.drive.com.au/feed/: HTTP Error 403: 
Error fetching https://leetgaming.com/feed/: Failed to perform, curl: (28) Connection timed out after 10002 milliseconds. See https://curl.se/libcurl/c/libcurl-errors.html first for more details.
Error fetching https://hwsw.hu/xml/latest_news_rss.xml: Failed to perform, curl: (28) Connection timed out after 10003 milliseconds. See https://curl.se/libcurl/c/libcurl-errors.html first for more details.
Error fetching https://www.nasa.gov/rss/dyn/breaking_news.rss: Failed to perform, curl: (28) Connection timed out after 10002 milliseconds. See https://curl.se/libcurl/c/libcurl-errors.html first for more details.
Error fetching https://cliffhanger.hu/feed: HTTP Error 403: 
Error fetching https://velvet.hu/feed: HTTP Error 404: Not Found
Error fetching https://femina.hu/feed: HTTP Error 404: Not Found
Error fetching https://hwsw.hu/hirek/rss: HTTP Error 404: 
Error fetching https://instylemen.hu/feed: HTTP Error 404: 

--- RSS Fetch Errors at 2026-07-03 06:02:51 ---
Error fetching https://techpowerup.com/rss/news: HTTP Error 403: 
Error fetching https://www.drive.com.au/feed/: HTTP Error 403: 
Error fetching https://leetgaming.com/feed/: Failed to perform, curl: (28) Connection timed out after 10003 milliseconds. See https://curl.se/libcurl/c/libcurl-errors.html first for more details.
Error fetching https://feeds.forbes.com/real-time/feed2/: HTTP Error 503: 
Error fetching https://velvet.hu/feed: HTTP Error 404: Not Found
Error fetching https://femina.hu/feed: HTTP Error 404: Not Found
Error fetching https://instylemen.hu/feed: HTTP Error 404: 
Error fetching https://www.economx.hu/feed: Failed to perform, curl: (28) Connection timed out after 10003 milliseconds. See https://curl.se/libcurl/c/libcurl-errors.html first for more details.
Error fetching https://hwsw.hu/hirek/rss: Failed to perform, curl: (28) Resolving timed out after 10000 milliseconds. See https://curl.se/libcurl/c/libcurl-errors.html first for more details.
Error fetching https://cliffhanger.hu/feed: Failed to perform, curl: (28) Connection timed out after 10002 milliseconds. See https://curl.se/libcurl/c/libcurl-errors.html first for more details.
[06:03:05] Summarizer: [Batch] 2 item(s) missing from response → marked for reprocessing
[06:03:16] Summarizer: [Batch] 1 item(s) missing from response → marked for reprocessing
[06:03:33] Summarizer: [Batch] 3 item(s) missing from response → marked for reprocessing
[06:03:38] Summarizer: [DownloadWorker-8] SKIP (duplicate title): Négy megyére citromsárga figyelmeztetést...
[06:03:40] Summarizer: [Batch] 3 item(s) missing from response → marked for reprocessing
[06:03:45] Summarizer: [Batch] 3 item(s) missing from response → marked for reprocessing
[06:03:49] Summarizer: [Batch] 3 item(s) missing from response → marked for reprocessing
[06:03:51] Summarizer: [DownloadWorker-0] SKIP (duplicate title): Négy megyére citromsárga figyelmeztetést...
[06:03:52] Summarizer: [Batch] 2 item(s) missing from response → marked for reprocessing
[06:03:57] Summarizer: [Batch] 2 item(s) missing from response → marked for reprocessing
[06:04:03] Summarizer: [MissingDetector] ⚠️ PAIRING FAIL: 'https://index.hu/tudomany/20260703/thwaites-gleccser-jeg-olvadas-tengerszint-emelkedes/' not found. KEEPING ITEM (Fallback).
[06:04:03] Summarizer: [Batch] 1 item(s) missing from response → marked for reprocessing
[06:04:03] Summarizer: [FreeGeminiAPI_3] ⚠️ PAIRING FAIL: 'https://index.hu/tudomany/20260703/thwaites-gleccser-jeg-olvadas-tengerszint-emelkedes/' not found. KEEPING ITEM (Fallback).
[06:04:05] Image_Downloader: Download failed (https://assets-prd.ignimgs.com/2024/11/19/moana2-1732018916669.jpg?width=1280&format=jpg&auto=webp&quality=80): HTTPSConnectionPool(host='assets-prd.ignimgs.com', port=443): Max retries exceeded with url: /2024/11/19/moana2-1732018916669.jpg?width=1280&format=jpg&auto=webp&quality=80 (Caused by NewConnectionError("HTTPSConnection(host='assets-prd.ignimgs.com', port=443): Failed to establish a new connection: [Errno 61] Connection refused"))
[06:04:06] Summarizer: [Batch] 2 item(s) missing from response → marked for reprocessing
[06:04:07] Image_Downloader: Download failed (https://s.24.hu/app/uploads/2026/07/cr-1440x810_wm.jpg): HTTPSConnectionPool(host='s.24.hu', port=443): Max retries exceeded with url: /app/uploads/2026/07/cr-1440x810_wm.jpg (Caused by NewConnectionError("HTTPSConnection(host='s.24.hu', port=443): Failed to establish a new connection: [Errno 61] Connection refused"))
[06:04:07] Summarizer: [Batch] 1 item(s) missing from response → marked for reprocessing
[06:04:09] Summarizer: [Batch] 3 item(s) missing from response → marked for reprocessing
[06:04:12] Image_Downloader: Download failed (https://funzine.hu/wp-content/uploads/2026/07/baalbek_kicsi_086.jpg): HTTPSConnectionPool(host='funzine.hu', port=443): Max retries exceeded with url: /wp-content/uploads/2026/07/baalbek_kicsi_086.jpg (Caused by NewConnectionError("HTTPSConnection(host='funzine.hu', port=443): Failed to establish a new connection: [Errno 61] Connection refused"))
[06:04:14] Image_Downloader: Download failed (https://nlc.hu/uploads/2026/07/szabadterni-cine.jpg): HTTPSConnectionPool(host='nlc.hu', port=443): Max retries exceeded with url: /uploads/2026/07/szabadterni-cine.jpg (Caused by NewConnectionError("HTTPSConnection(host='nlc.hu', port=443): Failed to establish a new connection: [Errno 61] Connection refused"))
[06:04:22] Summarizer: [Batch] 3 item(s) missing from response → marked for reprocessing
[06:04:24] Summarizer: [Batch] 1 item(s) missing from response → marked for reprocessing
[06:04:30] Summarizer: [Batch] 3 item(s) missing from response → marked for reprocessing
[06:04:32] Summarizer: [Batch] 2 item(s) missing from response → marked for reprocessing
[06:04:33] Summarizer: [Batch] 3 item(s) missing from response → marked for reprocessing
[06:04:34] Summarizer: [Batch] 3 item(s) missing from response → marked for reprocessing
[06:05:13] Summarizer: [Batch] 1 item(s) missing from response → marked for reprocessing
[06:05:20] Summarizer: [Batch] 2 item(s) missing from response → marked for reprocessing
[06:05:31] Summarizer: [Batch] 3 item(s) missing from response → marked for reprocessing
[06:06:47] Summarizer: Reprocessing 1 pairing failures from data.json
[06:07:16] Image_Downloader: Download failed (https://img1.indafoto.hu/9/3/2693_2124578b8747444c1257143c333069c9/26876649_148c347f75471c67e812d33c5e87a227_xl.jpg): HTTPSConnectionPool(host='img1.indafoto.hu', port=443): Max retries exceeded with url: /9/3/2693_2124578b8747444c1257143c333069c9/26876649_148c347f75471c67e812d33c5e87a227_xl.jpg (Caused by SSLError(SSLCertVerificationError(1, "[SSL: CERTIFICATE_VERIFY_FAILED] certificate verify failed: Hostname mismatch, certificate is not valid for 'img1.indafoto.hu'. (_ssl.c:1081)")))

--- RSS Fetch Errors at 2026-07-03 06:13:08 ---
Error fetching https://techpowerup.com/rss/news: HTTP Error 403: 
Error fetching https://www.drive.com.au/feed/: HTTP Error 403: 
Error fetching https://telex.hu/rss/archivum?filters=%7B%22superTagSlugs%22%3A%5B%22eszkombajn%22%5D%2C%22parentId%22%3A%5B%22null%22%5D%7D&perPage=10: Failed to perform, curl: (28) Connection timed out after 10003 milliseconds. See https://curl.se/libcurl/c/libcurl-errors.html first for more details.
Error fetching https://leetgaming.com/feed/: Failed to perform, curl: (28) Connection timed out after 10003 milliseconds. See https://curl.se/libcurl/c/libcurl-errors.html first for more details.
Error fetching https://sg.hu/rss: Failed to perform, curl: (28) Connection timed out after 10002 milliseconds. See https://curl.se/libcurl/c/libcurl-errors.html first for more details.
Error fetching https://index.hu/sitemap/friss.xml: Failed to perform, curl: (28) Operation timed out after 25003 milliseconds with 0 bytes received. See https://curl.se/libcurl/c/libcurl-errors.html first for more details.
Error fetching https://femina.hu/feed: HTTP Error 404: Not Found
Error fetching https://cliffhanger.hu/feed: HTTP Error 403: 
Error fetching https://velvet.hu/feed: HTTP Error 404: Not Found
Error fetching https://hwsw.hu/hirek/rss: HTTP Error 404: 
Error fetching https://instylemen.hu/feed: HTTP Error 404: 
[06:13:11] Summarizer: [DownloadWorker-4] SKIP (duplicate title): NYT ‘Pips’ Hints, Answers And Walkthroug...
[06:13:22] Summarizer: [DownloadWorker-4] SKIP (duplicate title): Egy olasz séf szerint ezeknek a pizzákna...
[06:13:27] Summarizer: [DownloadWorker-9] SKIP (duplicate title): A világvége szakadhat a nyakunkba, ha le...
[06:13:27] Summarizer: [DownloadWorker-6] SKIP (duplicate title): How many of these games with pixel art s...
[06:13:29] Summarizer: [DownloadWorker-1] SKIP (duplicate title): 6 lebilincselő kiállítás Budapesten júli...
[06:13:30] Summarizer: [DownloadWorker-1] SKIP (duplicate title): Foci-vb, a nyolcaddöntőbe jutásért: Sváj...
[06:13:31] Summarizer: [Batch] 3 item(s) missing from response → marked for reprocessing
[06:13:34] Summarizer: [DownloadWorker-8] SKIP (duplicate title): Nyár a tányéron: 5 csodás étterem Budape...
[06:13:35] Summarizer: [DownloadWorker-5] SKIP (duplicate title): The new Company of Heroes is a wave-base...
[06:13:36] Summarizer: [DownloadWorker-8] SKIP (duplicate title): 3 csillagjegynek rendkívül izgalmas hétv...
[06:13:37] Summarizer: [DownloadWorker-5] SKIP (duplicate title): Kvíz: Kitalálod, melyik évben volt nyári...
[06:13:37] Summarizer: [DownloadWorker-9] SKIP (duplicate title): A bokrok rejtekében...
[06:13:39] Summarizer: [Batch] 2 item(s) missing from response → marked for reprocessing
[06:13:42] Summarizer: [DownloadWorker-6] SKIP (duplicate title): Hortenzia kert...
[06:13:42] Summarizer: [DownloadWorker-9] SKIP (duplicate title): Spanyol tekercstől az orosz jégkrémig – ...
[06:13:47] Summarizer: [DownloadWorker-3] SKIP (duplicate title): Teraszos teaültetvény...
[06:13:48] Summarizer: [DownloadWorker-9] SKIP (duplicate title): Színes ételfutár...
[06:13:49] Summarizer: [Batch] 3 item(s) missing from response → marked for reprocessing
[06:13:50] Summarizer: [Batch] 1 item(s) missing from response → marked for reprocessing
[06:13:50] Summarizer: [DownloadWorker-3] SKIP (duplicate title): Az éhség nagy úr…...
[06:13:54] Summarizer: [DownloadWorker-8] SKIP (duplicate title): Azori vízesés...
[06:13:55] Summarizer: [DownloadWorker-7] SKIP (duplicate title): A víz és a hortenziák kertje...
[06:14:09] Summarizer: [Batch] 1 item(s) missing from response → marked for reprocessing
[06:14:11] Summarizer: [DownloadWorker-4] SKIP (duplicate title): Mitch McConnell Has Been Hospitalized Fo...
[06:14:18] Summarizer: [DownloadWorker-1] SKIP (duplicate title): Balloon Museum Now Has A Location In New...
[06:14:23] Summarizer: [DownloadWorker-5] SKIP (duplicate title): America’s Diversity At 250: Minority Bir...
[06:14:31] Summarizer: [DownloadWorker-6] SKIP (duplicate title): CFL Week 5 Best Bets: Props For Chad Kel...
[06:14:40] Summarizer: [DownloadWorker-0] SKIP (duplicate title): Braves Acquire Unique 24-Year-Old Outfie...
[06:14:46] Summarizer: [DownloadWorker-9] SKIP (duplicate title): NYT ‘Pips’ Hints, Answers And Walkthroug...
[06:14:50] Summarizer: [DownloadWorker-3] SKIP (duplicate title): Boston Dynamics’ New Atlas Humanoid Robo...
[06:16:21] Image_Downloader: Download failed (https://raw.githubusercontent.com/Derushir/Kepek/main/67c6357751300334f52e35f893ac854f/news/asztrologiai-elorejelzes-izgalmas-hetvege-var-harom-csillagj.jpg): 404 Client Error: Not Found for url: https://raw.githubusercontent.com/Derushir/Kepek/main/67c6357751300334f52e35f893ac854f/news/asztrologiai-elorejelzes-izgalmas-hetvege-var-harom-csillagj.jpg
[06:16:21] Image_Downloader: Download failed (https://raw.githubusercontent.com/Derushir/Kepek/main/67c6357751300334f52e35f893ac854f/news/pixel-art-stilusu-videojatekokat-tesztelo-kviz-indult.jpg): 404 Client Error: Not Found for url: https://raw.githubusercontent.com/Derushir/Kepek/main/67c6357751300334f52e35f893ac854f/news/pixel-art-stilusu-videojatekokat-tesztelo-kviz-indult.jpg
[06:16:21] Image_Downloader: Download failed (https://raw.githubusercontent.com/Derushir/Kepek/main/67c6357751300334f52e35f893ac854f/news/tortenelmi-demografiai-merfoldko-az-egyesult-allamokban-kise.jpg): 404 Client Error: Not Found for url: https://raw.githubusercontent.com/Derushir/Kepek/main/67c6357751300334f52e35f893ac854f/news/tortenelmi-demografiai-merfoldko-az-egyesult-allamokban-kise.jpg
[06:16:21] Image_Downloader: Download failed (https://raw.githubusercontent.com/Derushir/Kepek/main/67c6357751300334f52e35f893ac854f/news/a-hortenzia-az-azori-szigetek-meghatarozo-jelkepeve-valt.jpg): 404 Client Error: Not Found for url: https://raw.githubusercontent.com/Derushir/Kepek/main/67c6357751300334f52e35f893ac854f/news/a-hortenzia-az-azori-szigetek-meghatarozo-jelkepeve-valt.jpg
[06:16:21] Image_Downloader: Download failed (https://raw.githubusercontent.com/Derushir/Kepek/main/67c6357751300334f52e35f893ac854f/news/julius-vegen-erkezik-a-company-of-heroes-3-final-stand-egy-u.jpg): 404 Client Error: Not Found for url: https://raw.githubusercontent.com/Derushir/Kepek/main/67c6357751300334f52e35f893ac854f/news/julius-vegen-erkezik-a-company-of-heroes-3-final-stand-egy-u.jpg
[06:16:21] Image_Downloader: Download failed (https://raw.githubusercontent.com/Derushir/Kepek/main/67c6357751300334f52e35f893ac854f/news/125-millio-dollaros-befektetesi-kort-zart-az-extended-decent.png): 404 Client Error: Not Found for url: https://raw.githubusercontent.com/Derushir/Kepek/main/67c6357751300334f52e35f893ac854f/news/125-millio-dollaros-befektetesi-kort-zart-az-extended-decent.png
[06:16:21] Image_Downloader: Download failed (https://raw.githubusercontent.com/Derushir/Kepek/main/67c6357751300334f52e35f893ac854f/news/cfl-elorejelzes-chad-kelly-es-justin-rankin-statisztikai-a-s.jpg): 404 Client Error: Not Found for url: https://raw.githubusercontent.com/Derushir/Kepek/main/67c6357751300334f52e35f893ac854f/news/cfl-elorejelzes-chad-kelly-es-justin-rankin-statisztikai-a-s.jpg
[06:16:21] Image_Downloader: Download failed (https://raw.githubusercontent.com/Derushir/Kepek/main/67c6357751300334f52e35f893ac854f/news/az-ai-ugynokok-elterjedese-noveli-a-rendszerhibak-kockazatat.jpg): 404 Client Error: Not Found for url: https://raw.githubusercontent.com/Derushir/Kepek/main/67c6357751300334f52e35f893ac854f/news/az-ai-ugynokok-elterjedese-noveli-a-rendszerhibak-kockazatat.jpg
[06:16:21] Image_Downloader: Download failed (https://raw.githubusercontent.com/Derushir/Kepek/main/67c6357751300334f52e35f893ac854f/news/hat-kulonleges-kiallitas-varja-a-latogatokat-budapesten-juli.jpg): 404 Client Error: Not Found for url: https://raw.githubusercontent.com/Derushir/Kepek/main/67c6357751300334f52e35f893ac854f/news/hat-kulonleges-kiallitas-varja-a-latogatokat-budapesten-juli.jpg
[06:16:21] Image_Downloader: Download failed (https://raw.githubusercontent.com/Derushir/Kepek/main/67c6357751300334f52e35f893ac854f/news/anglia-titkos-tervvel-keszul-a-mexikoi-szurkolok-zajongasa-e.jpg): 404 Client Error: Not Found for url: https://raw.githubusercontent.com/Derushir/Kepek/main/67c6357751300334f52e35f893ac854f/news/anglia-titkos-tervvel-keszul-a-mexikoi-szurkolok-zajongasa-e.jpg
[06:16:21] Image_Downloader: Download failed (https://raw.githubusercontent.com/Derushir/Kepek/main/67c6357751300334f52e35f893ac854f/news/gasztroajanlo-5-budapesti-etterem-a-nyari-szezonra.jpg): 404 Client Error: Not Found for url: https://raw.githubusercontent.com/Derushir/Kepek/main/67c6357751300334f52e35f893ac854f/news/gasztroajanlo-5-budapesti-etterem-a-nyari-szezonra.jpg
[06:16:21] Image_Downloader: Download failed (https://raw.githubusercontent.com/Derushir/Kepek/main/67c6357751300334f52e35f893ac854f/news/jelentosen-egyszerusodott-es-olcsobba-valt-a-boston-dynamics.jpg): 404 Client Error: Not Found for url: https://raw.githubusercontent.com/Derushir/Kepek/main/67c6357751300334f52e35f893ac854f/news/jelentosen-egyszerusodott-es-olcsobba-valt-a-boston-dynamics.jpg
[06:16:21] Image_Downloader: Download failed (https://raw.githubusercontent.com/Derushir/Kepek/main/67c6357751300334f52e35f893ac854f/news/allando-kiallitohelyet-nyit-new-yorkban-a-vilaghiru-balloon-.jpg): 404 Client Error: Not Found for url: https://raw.githubusercontent.com/Derushir/Kepek/main/67c6357751300334f52e35f893ac854f/news/allando-kiallitohelyet-nyit-new-yorkban-a-vilaghiru-balloon-.jpg
[06:16:21] Image_Downloader: Download failed (https://raw.githubusercontent.com/Derushir/Kepek/main/67c6357751300334f52e35f893ac854f/news/nyari-slagerek-es-zenei-emlekek-kvize.jpg): 404 Client Error: Not Found for url: https://raw.githubusercontent.com/Derushir/Kepek/main/67c6357751300334f52e35f893ac854f/news/nyari-slagerek-es-zenei-emlekek-kvize.jpg

--- RSS Fetch Errors at 2026-07-03 12:01:33 ---
Error fetching https://www.drive.com.au/feed/: HTTP Error 403: 
Error fetching https://leetgaming.com/feed/: Failed to perform, curl: (28) Connection timed out after 10001 milliseconds. See https://curl.se/libcurl/c/libcurl-errors.html first for more details.
Error fetching https://hwsw.hu/hirek/rss: HTTP Error 404: 
Error fetching https://velvet.hu/feed: HTTP Error 404: Not Found
Error fetching https://instylemen.hu/feed: HTTP Error 404: 
Error fetching https://instylemen.hu/feed: HTTP Error 404: 
Error fetching https://cliffhanger.hu/feed: Failed to perform, curl: (28) Connection timed out after 10003 milliseconds. See https://curl.se/libcurl/c/libcurl-errors.html first for more details.
Error fetching https://femina.hu/feed: Failed to perform, curl: (28) Connection timed out after 10003 milliseconds. See https://curl.se/libcurl/c/libcurl-errors.html first for more details.
Error fetching https://bankless.com/feed: Failed to perform, curl: (28) Connection timed out after 10004 milliseconds. See https://curl.se/libcurl/c/libcurl-errors.html first for more details.
Error fetching https://hetediksor.hu/wp-json/oembed/1.0/embed?url=https%3A%2F%2Fhetediksor.hu%2F&format=xml: Failed to perform, curl: (28) Resolving timed out after 10004 milliseconds. See https://curl.se/libcurl/c/libcurl-errors.html first for more details.
Error fetching https://www.penzcentrum.hu/rss/all.xml: Failed to perform, curl: (28) Resolving timed out after 10003 milliseconds. See https://curl.se/libcurl/c/libcurl-errors.html first for more details.
[12:04:49] Summarizer: [DownloadWorker-1] SKIP (duplicate title): Délelőtti videó 2.: The Librarians: The ...
[12:04:55] Summarizer: [Batch] 1 item(s) missing from response → marked for reprocessing
[12:04:55] Summarizer: [DownloadWorker-6] SKIP (duplicate title): Scattered Spider Suspect Handed to US Ov...
[12:04:59] Summarizer: [DownloadWorker-4] SKIP (duplicate title): Cape Fear Episode 6 Recap and Review – '...
[12:04:59] Summarizer: [DownloadWorker-1] SKIP (duplicate title): Nem hinnénk, de ezt teszi a körte a szer...
[12:05:00] Summarizer: [DownloadWorker-0] SKIP (duplicate title): Ezeket a filmeket ajánljuk a tévében pén...
[12:05:04] Summarizer: [Batch] 1 item(s) missing from response → marked for reprocessing
[12:05:07] Summarizer: [DownloadWorker-6] SKIP (duplicate title): Budapest pénztárcakímélően – 20 ingyenes...
[12:05:17] Summarizer: [Batch] 2 item(s) missing from response → marked for reprocessing
[12:05:20] Summarizer: [Batch] 1 item(s) missing from response → marked for reprocessing
[12:05:28] Summarizer: [MissingDetector] ⚠️ PAIRING FAIL: 'https://444.hu/2026/07/03/kulfoldon-a-8-10-hetes-kiskutyak-a-keresettek-ezert-jo-penzert-eletkori-es-oltasi-adatokat-hamisita-az-allatorvos-a-magyar-tenyesztoknek' not found. KEEPING ITEM (Fallback).
[12:05:28] Summarizer: [Batch] 1 item(s) missing from response → marked for reprocessing
[12:05:28] Summarizer: [FreeGeminiAPI_2] ⚠️ PAIRING FAIL: 'https://444.hu/2026/07/03/kulfoldon-a-8-10-hetes-kiskutyak-a-keresettek-ezert-jo-penzert-eletkori-es-oltasi-adatokat-hamisita-az-allatorvos-a-magyar-tenyesztoknek' not found. KEEPING ITEM (Fallback).
[12:05:37] Summarizer: [MissingDetector] ⚠️ PAIRING FAIL: 'https://www.hwsw.hu/podcast/70772/kraftie-it-informatikai-karrier-munka-frontend-fejlesztas-alkonya-vege-jovoje.html' not found. KEEPING ITEM (Fallback).
[12:05:37] Summarizer: [Batch] 1 item(s) missing from response → marked for reprocessing
[12:05:37] Summarizer: [FreeGeminiAPI_2] ⚠️ PAIRING FAIL: 'https://www.hwsw.hu/podcast/70772/kraftie-it-informatikai-karrier-munka-frontend-fejlesztas-alkonya-vege-jovoje.html' not found. KEEPING ITEM (Fallback).
[12:05:38] Summarizer: [Batch] 3 item(s) missing from response → marked for reprocessing
[12:05:45] Summarizer: [DownloadWorker-7] SKIP (duplicate title): Mától a Netflixen: Ez az új sci-fi krimi...
[12:05:45] Summarizer: [Batch] 1 item(s) missing from response → marked for reprocessing
[12:05:57] Summarizer: [Batch] 1 item(s) missing from response → marked for reprocessing

--- RSS Fetch Errors at 2026-07-03 12:06:04 ---
Error fetching https://index.hu/belfold/rss/: Failed to perform, curl: (28) Connection timed out after 10002 milliseconds. See https://curl.se/libcurl/c/libcurl-errors.html first for more details.
Error fetching https://leetgaming.com/feed/: Failed to perform, curl: (28) Connection timed out after 10002 milliseconds. See https://curl.se/libcurl/c/libcurl-errors.html first for more details.
Error fetching https://prohardver.hu/hirfolyam/hirek/rss.xml: Failed to perform, curl: (28) Resolving timed out after 10003 milliseconds. See https://curl.se/libcurl/c/libcurl-errors.html first for more details.
Error fetching https://index.hu/24ora/rss: Failed to perform, curl: (28) Connection timed out after 10003 milliseconds. See https://curl.se/libcurl/c/libcurl-errors.html first for more details.
Error fetching https://www.drive.com.au/feed/: HTTP Error 403: 
Error fetching https://www.cnet.com/rss/all/: Failed to perform, curl: (28) Connection timed out after 10001 milliseconds. See https://curl.se/libcurl/c/libcurl-errors.html first for more details.
Error fetching https://feeds.feedburner.com/ign/tech-articles: Failed to perform, curl: (28) Connection timed out after 10003 milliseconds. See https://curl.se/libcurl/c/libcurl-errors.html first for more details.
Error fetching https://feeds.feedburner.com/ign/tv-articles: Failed to perform, curl: (28) Connection timed out after 10003 milliseconds. See https://curl.se/libcurl/c/libcurl-errors.html first for more details.
Error fetching https://cliffhanger.hu/feed: HTTP Error 403: 
Error fetching https://femina.hu/feed: HTTP Error 404: Not Found
Error fetching https://velvet.hu/feed: HTTP Error 404: Not Found
Error fetching https://www.maxim.com/feed: Failed to perform, curl: (28) Connection timed out after 10002 milliseconds. See https://curl.se/libcurl/c/libcurl-errors.html first for more details.
Error fetching https://fhm.com/feed: Failed to perform, curl: (28) Connection timed out after 10002 milliseconds. See https://curl.se/libcurl/c/libcurl-errors.html first for more details.
Error fetching https://instylemen.hu/feed: HTTP Error 404: 
Error fetching https://hwsw.hu/hirek/rss: Failed to perform, curl: (28) Connection timed out after 10003 milliseconds. See https://curl.se/libcurl/c/libcurl-errors.html first for more details.
Error fetching https://www.playboy.com/read/sex-relationships/feed: Failed to perform, curl: (28) Connection timed out after 10002 milliseconds. See https://curl.se/libcurl/c/libcurl-errors.html first for more details.
Error fetching https://sokszinuvidek.24.hu/feed/: Failed to perform, curl: (28) Connection timed out after 10003 milliseconds. See https://curl.se/libcurl/c/libcurl-errors.html first for more details.
Error fetching https://instylemen.hu/feed: Failed to perform, curl: (28) Operation timed out after 25921 milliseconds with 0 bytes received. See https://curl.se/libcurl/c/libcurl-errors.html first for more details.
[12:06:16] Summarizer: [MissingDetector] ⚠️ PAIRING FAIL: 'https://444.hu/2026/07/03/kulfoldon-a-8-10-hetes-kiskutyak-a-keresettek-ezert-jo-penzert-eletkori-es-oltasi-adatokat-hamisita-az-allatorvos-a-magyar-tenyesztoknek' not found. KEEPING ITEM (Fallback).
[12:06:16] Summarizer: [Batch] 3 item(s) missing from response → marked for reprocessing
[12:06:16] Summarizer: [FreeGeminiAPI_1] ⚠️ PAIRING FAIL: 'https://444.hu/2026/07/03/kulfoldon-a-8-10-hetes-kiskutyak-a-keresettek-ezert-jo-penzert-eletkori-es-oltasi-adatokat-hamisita-az-allatorvos-a-magyar-tenyesztoknek' not found. KEEPING ITEM (Fallback).
[12:06:18] Summarizer: [DownloadWorker-9] SKIP (duplicate title): „Anyám magyar, apám kanadai őslakos” – S...
[12:06:22] Summarizer: [Batch] 2 item(s) missing from response → marked for reprocessing
[12:06:23] Summarizer: [DownloadWorker-8] SKIP (duplicate title): Taylor Swift és Travis Kelce próbavacsor...
[12:06:24] Summarizer: [DownloadWorker-5] SKIP (duplicate title): How AI Is Shortening Your Curiosity Cycl...
[12:06:29] Summarizer: [DownloadWorker-8] SKIP (duplicate title): Ez a csillagjegyed sötét oldala a horosz...
[12:06:29] Summarizer: [DownloadWorker-3] SKIP (duplicate title): Délelőtti videó 1.: Ghosts: The Possessi...
[12:06:29] Summarizer: [DownloadWorker-5] SKIP (duplicate title): Egy korty…...
[12:06:33] Summarizer: [MissingDetector] ⚠️ PAIRING FAIL: 'https://hvg.hu/kkv/20260703_meg-iden-bezar-az-osszes-hervis-az-orszag-ban' not found. KEEPING ITEM (Fallback).
[12:06:33] Summarizer: [Batch] 1 item(s) missing from response → marked for reprocessing
[12:06:33] Summarizer: [FreeGeminiAPI_3] ⚠️ PAIRING FAIL: 'https://hvg.hu/kkv/20260703_meg-iden-bezar-az-osszes-hervis-az-orszag-ban' not found. KEEPING ITEM (Fallback).
[12:06:35] Summarizer: [Batch] 1 item(s) missing from response → marked for reprocessing
[12:06:35] Summarizer: [DownloadWorker-2] SKIP (duplicate title): Én vagyok a főnök!...
[12:06:38] Summarizer: [Batch] 2 item(s) missing from response → marked for reprocessing
[12:06:40] Summarizer: [DownloadWorker-5] SKIP (duplicate title): Külföldön a 8-10 hetes kiskutyák a keres...
[12:06:52] Summarizer: Reprocessing 3 pairing failures from data.json
[12:06:57] Summarizer: [MissingDetector] ⚠️ PAIRING FAIL: 'https://www.mafab.hu/hu/article/brad-pitt-634-millios-kasszasikere-olyan-mintha-az-ai-keszitette-volna-az-oscar-dijas-szineszno-szer' not found. KEEPING ITEM (Fallback).
[12:06:57] Summarizer: [Batch] 1 item(s) missing from response → marked for reprocessing
[12:06:57] Summarizer: [FreeGeminiAPI_2] ⚠️ PAIRING FAIL: 'https://www.mafab.hu/hu/article/brad-pitt-634-millios-kasszasikere-olyan-mintha-az-ai-keszitette-volna-az-oscar-dijas-szineszno-szer' not found. KEEPING ITEM (Fallback).
[12:07:11] Summarizer: [Batch] 1 item(s) missing from response → marked for reprocessing
[12:07:14] Summarizer: [Batch] 1 item(s) missing from response → marked for reprocessing
[12:07:25] Summarizer: [Batch] 1 item(s) missing from response → marked for reprocessing
[12:07:32] Summarizer: Reprocessing 3 pairing failures from data.json
