[00:06:55] Summarizer: [Batch] No response from API (attempt 1/3)
[00:06:57] Summarizer: [Batch] No response from API (attempt 1/3)
[00:07:06] Summarizer: [Batch] No response from API (attempt 2/3)
[00:07:08] Summarizer: [Batch] No response from API (attempt 2/3)
[00:07:10] Image_Downloader: ❌ All API keys exhausted (rate limit on all)
[00:07:10] Image_Downloader: ❌ All API keys exhausted (rate limit on all)
[00:07:16] Summarizer: [Batch] No response from API (attempt 3/3)
[00:07:20] Summarizer: [Batch] No response from API (attempt 3/3)
[00:07:21] Summarizer: [Batch] No response from API (attempt 1/3)
[00:07:27] Summarizer: [Batch] 4 item(s) missing from response → marked for reprocessing
[00:07:32] Summarizer: [Batch] No response from API (attempt 2/3)
[00:07:44] Summarizer: [Batch] No response from API (attempt 3/3)
[00:07:55] Summarizer: [Batch] 1 item(s) missing from response → marked for reprocessing
[00:08:05] Summarizer: [Batch] No response from API (attempt 1/3)
[00:08:16] Summarizer: [Batch] No response from API (attempt 2/3)
[00:08:27] Summarizer: [Batch] No response from API (attempt 3/3)
[00:08:28] Summarizer: [Batch] No response from API (attempt 1/3)
[00:08:38] Summarizer: [Batch] 1 item(s) missing from response → marked for reprocessing
[00:08:40] Summarizer: [Batch] No response from API (attempt 2/3)
[00:08:51] Summarizer: [Batch] No response from API (attempt 3/3)
[00:08:57] Summarizer: [MissingDetector] ⚠️ PAIRING FAIL: 'https://444.hu/2026/03/13/mit-hozhar-a-filmeknek-a-sorozatoknak-es-a-hirtelevizioknak-a-warner-bros-uj-vevoje' not found. KEEPING ITEM (Fallback).
[00:08:57] Summarizer: [Batch] 1 item(s) missing from response → marked for reprocessing
[00:08:57] Summarizer: [FreeGeminiAPI] ⚠️ PAIRING FAIL: 'https://444.hu/2026/03/13/mit-hozhar-a-filmeknek-a-sorozatoknak-es-a-hirtelevizioknak-a-warner-bros-uj-vevoje' not found. KEEPING ITEM (Fallback).
[00:08:58] Summarizer: [Batch] 1 item(s) missing from response → marked for reprocessing
[00:09:06] Summarizer: [MissingDetector] ⚠️ PAIRING FAIL: 'https://hvg.hu/tudomany/20260313_lofar-urkutatas-egbolt-rejtett_objektumok-csillagaszat-vilagegyetem' not found. KEEPING ITEM (Fallback).
[00:09:06] Summarizer: [Batch] 1 item(s) missing from response → marked for reprocessing
[00:09:06] Summarizer: [FreeGeminiAPI] ⚠️ PAIRING FAIL: 'https://hvg.hu/tudomany/20260313_lofar-urkutatas-egbolt-rejtett_objektumok-csillagaszat-vilagegyetem' not found. KEEPING ITEM (Fallback).
[00:09:12] Summarizer: [Batch] No response from API (attempt 1/3)
[00:09:23] Summarizer: [Batch] No response from API (attempt 2/3)
[00:09:29] Summarizer: [Batch] 1 item(s) missing from response → marked for reprocessing
[00:09:35] Summarizer: [Batch] No response from API (attempt 3/3)
[00:09:48] Summarizer: [Batch] No response from API (attempt 1/3)
[00:10:00] Summarizer: [Batch] No response from API (attempt 2/3)
[00:10:12] Summarizer: [Batch] No response from API (attempt 3/3)
[00:10:25] Summarizer: [Batch] No response from API (attempt 1/3)
[00:10:36] Summarizer: [Batch] No response from API (attempt 2/3)
[00:10:48] Summarizer: [Batch] No response from API (attempt 3/3)
[00:11:15] Summarizer: [Batch] No response from API (attempt 1/3)
[00:11:20] Summarizer: [Batch] Invalid JSON (attempt 1/3)
[00:11:20] Summarizer: [Batch] Invalid JSON error: json.loads failed (pass 1): Expecting property name enclosed in double quotes: line 5 column 1180 (char 1315)
[00:11:20] Summarizer: [Batch] Invalid JSON error: json.loads failed (pass 2): Expecting property name enclosed in double quotes: line 5 column 1180 (char 1315)
[00:11:20] Summarizer: [Batch] Invalid JSON error: json.loads failed (pass 3): Expecting property name enclosed in double quotes: line 5 column 1180 (char 1315)
[00:11:20] Summarizer: [Batch] Invalid JSON error: Iterative repair stuck at round 1: Expecting property name enclosed in double quotes: line 5 column 1180 (char 1315)
[00:11:20] Summarizer: [Batch] Invalid JSON error: Final parse error: JSONDecodeError('Expecting property name enclosed in double quotes: line 5 column 1180 (char 1315)')
[00:11:20] Summarizer: [Batch] Attempting JSON repair...
[00:11:27] Summarizer: [Batch] No response from API (attempt 2/3)
[00:11:38] Summarizer: [Batch] No response from API (attempt 3/3)
[00:11:44] Summarizer: [DownloadWorker-7] SKIP (duplicate title): Az Nvidia 4 millió dolláros bónuszcélt t...
[00:11:45] Summarizer: [Batch] No response from API (attempt 1/3)
[00:11:47] Summarizer: [Batch] No response from API (attempt 1/3)
[00:11:48] Summarizer: [DownloadWorker-7] SKIP (duplicate title): South Korea Unemployment Rate...
[00:11:56] Summarizer: [Batch] No response from API (attempt 2/3)
[00:12:07] Summarizer: [Batch] No response from API (attempt 3/3)
[00:12:08] Summarizer: [Batch] No response from API (attempt 1/3)
[00:12:20] Summarizer: [Batch] No response from API (attempt 2/3)
[00:12:23] Summarizer: [Batch] 1 item(s) missing from response → marked for reprocessing
[00:12:28] Summarizer: [Batch] 4 item(s) missing from response → marked for reprocessing
[00:12:31] Summarizer: [Batch] No response from API (attempt 3/3)
[00:12:33] Summarizer: [Batch] No response from API (attempt 1/3)
[00:12:45] Summarizer: [Batch] No response from API (attempt 2/3)
[00:12:53] Summarizer: [Batch] 1 item(s) missing from response → marked for reprocessing
[00:12:56] Summarizer: [Batch] No response from API (attempt 3/3)
[00:13:03] Summarizer: [Batch] No response from API (attempt 1/3)
[00:13:14] Summarizer: [Batch] No response from API (attempt 2/3)
[00:13:26] Summarizer: [Batch] No response from API (attempt 3/3)
[00:13:27] Summarizer: [Batch] No response from API (attempt 1/3)
[00:13:38] Summarizer: [Batch] No response from API (attempt 2/3)
[00:13:50] Summarizer: [Batch] No response from API (attempt 3/3)
[00:14:03] Summarizer: [DownloadWorker-5] SKIP (duplicate title): Filmek, képek, díjak...
[00:14:04] Summarizer: [Batch] No response from API (attempt 1/3)
[00:14:15] Summarizer: [Batch] No response from API (attempt 2/3)
[00:14:15] Summarizer: [DownloadWorker-5] SKIP (duplicate title): Luc Besson horrorral próbálkozik...
[00:14:17] Summarizer: [DownloadWorker-3] SKIP (duplicate title): Kritikák, videók, szereplők...
[00:14:21] Summarizer: [DownloadWorker-3] SKIP (duplicate title): Elfogták Bolíviában az egyik legkeresett...
[00:14:24] Summarizer: [DownloadWorker-3] SKIP (duplicate title): Online Jegyvásárlás...
[00:14:26] Summarizer: [Batch] 2 item(s) missing from response → marked for reprocessing
[00:14:26] Summarizer: [Batch] No response from API (attempt 3/3)
[00:14:30] Summarizer: [Batch] No response from API (attempt 1/3)
[00:14:41] Summarizer: [Batch] No response from API (attempt 2/3)
[00:14:42] Summarizer: [Batch] 1 item(s) missing from response → marked for reprocessing
[00:14:44] Summarizer: [DownloadWorker-7] SKIP (duplicate title): Felhasználói adatlap...
[00:14:52] Summarizer: [Batch] No response from API (attempt 3/3)
[00:14:59] Summarizer: [Batch] No response from API (attempt 1/3)
[00:15:10] Summarizer: [Batch] No response from API (attempt 2/3)
[00:15:13] Summarizer: [Batch] 3 item(s) missing from response → marked for reprocessing
[00:15:22] Summarizer: [Batch] No response from API (attempt 3/3)
[00:15:29] Summarizer: [Batch] No response from API (attempt 1/3)
[00:15:29] Summarizer: [Batch] Minor issues fixed: 1
[00:15:29] Summarizer: [Batch] 3 item(s) missing from response → marked for reprocessing
[00:15:40] Summarizer: [Batch] No response from API (attempt 2/3)
[00:15:48] Summarizer: [Batch] 1 item(s) missing from response → marked for reprocessing
[00:15:51] Summarizer: [Batch] No response from API (attempt 3/3)
[00:16:19] Summarizer: [Batch] Invalid JSON (attempt 1/3)
[00:16:19] Summarizer: [Batch] Invalid JSON error: JSON payload exists but could not extract a balanced JSON array segment.
[00:16:26] Summarizer: [Batch] No response from API (attempt 1/3)
[00:16:38] Summarizer: [Batch] No response from API (attempt 2/3)
[00:16:50] Summarizer: [Batch] No response from API (attempt 3/3)
[00:17:06] Summarizer: [Batch] Invalid JSON (attempt 2/3)
[00:17:06] Summarizer: [Batch] Invalid JSON error: JSON payload exists but could not extract a balanced JSON array segment.
[00:18:50] Image_Downloader: ❌ All API keys exhausted (rate limit on all)
[00:18:50] Image_Downloader: ❌ All API keys exhausted (rate limit on all)
[00:18:50] Image_Downloader: ❌ All API keys exhausted (rate limit on all)
[00:18:50] Image_Downloader: ❌ All API keys exhausted (rate limit on all)
[00:18:51] Image_Downloader: ❌ All API keys exhausted (rate limit on all)
[00:18:52] Image_Downloader: ❌ All API keys exhausted (rate limit on all)
[00:18:52] Image_Downloader: ❌ All API keys exhausted (rate limit on all)
[00:18:54] Image_Downloader: ❌ All API keys exhausted (rate limit on all)
[00:18:54] Image_Downloader: ❌ All API keys exhausted (rate limit on all)
[00:18:54] Image_Downloader: ❌ All API keys exhausted (rate limit on all)
[00:18:54] Image_Downloader: ❌ All API keys exhausted (rate limit on all)
[00:18:54] Image_Downloader: ❌ All API keys exhausted (rate limit on all)
[00:18:55] Image_Downloader: ❌ All API keys exhausted (rate limit on all)
[00:18:55] Image_Downloader: ❌ All API keys exhausted (rate limit on all)
[00:18:55] Image_Downloader: ❌ All API keys exhausted (rate limit on all)
[00:18:55] Image_Downloader: ❌ All API keys exhausted (rate limit on all)
[00:18:55] Image_Downloader: ❌ All API keys exhausted (rate limit on all)
[00:18:55] Image_Downloader: ❌ All API keys exhausted (rate limit on all)
[00:18:56] Image_Downloader: ❌ All API keys exhausted (rate limit on all)
[00:19:05] Image_Downloader: ❌ All API keys exhausted (rate limit on all)
