[00:11:45] Summarizer: [DownloadWorker-6] SKIP (duplicate title): Kína megpróbálja egyesíteni a hagyományo...
[00:11:48] Summarizer: [DownloadWorker-3] SKIP (duplicate title): Filmek, képek, díjak...
[00:12:06] Summarizer: [Batch] 3 item(s) missing from response → marked for reprocessing
[00:12:06] Summarizer: [Batch] 3 item(s) missing from response → marked for reprocessing
[00:12:29] Summarizer: [DownloadWorker-8] SKIP (duplicate title): Online Jegyvásárlás...
[00:12:33] Summarizer: [Batch] 1 item(s) missing from response → marked for reprocessing
[00:12:36] Summarizer: [Batch] 1 item(s) missing from response → marked for reprocessing
[00:12:50] Summarizer: [DownloadWorker-0] SKIP (duplicate title): Ez a 10 legkevesebbet fogyasztó új dízel...
[00:12:58] Summarizer: [Batch] Minor issues fixed: 5
[00:12:58] Summarizer: [MissingDetector] ⚠️ PAIRING FAIL: '' not found. KEEPING ITEM (Fallback).
[00:12:58] Summarizer: [MissingDetector] ⚠️ PAIRING FAIL: '' not found. KEEPING ITEM (Fallback).
[00:12:58] Summarizer: [MissingDetector] ⚠️ PAIRING FAIL: '' not found. KEEPING ITEM (Fallback).
[00:12:58] Summarizer: [MissingDetector] ⚠️ PAIRING FAIL: '' not found. KEEPING ITEM (Fallback).
[00:12:58] Summarizer: [MissingDetector] ⚠️ PAIRING FAIL: '' not found. KEEPING ITEM (Fallback).
[00:12:58] Summarizer: [Batch] 7 item(s) missing from response → marked for reprocessing
[00:12:58] Summarizer: [GeminiSelenium] ⚠️ PAIRING FAIL: '' not found. KEEPING ITEM (Fallback).
[00:12:58] Summarizer: [GeminiSelenium] ⚠️ PAIRING FAIL: '' not found. KEEPING ITEM (Fallback).
[00:12:58] Summarizer: [GeminiSelenium] ⚠️ PAIRING FAIL: '' not found. KEEPING ITEM (Fallback).
[00:12:58] Summarizer: [GeminiSelenium] ⚠️ PAIRING FAIL: '' not found. KEEPING ITEM (Fallback).
[00:12:58] Summarizer: [GeminiSelenium] ⚠️ PAIRING FAIL: '' not found. KEEPING ITEM (Fallback).
[00:12:59] Summarizer: [DownloadWorker-5] SKIP (duplicate title): Kritikák, videók, szereplők...
[00:13:04] Summarizer: [Batch] 1 item(s) missing from response → marked for reprocessing
[00:13:23] Summarizer: [Batch] 1 item(s) missing from response → marked for reprocessing
[00:13:38] Image_Downloader: Download failed (https://images.cointelegraph.com/cdn-cgi/image/f=auto,onerror=redirect,w=1200/https://s3.cointelegraph.com/uploads/2026-03/019d16d3-56f3-7d40-b2a5-c2f1ec84dc70.jpg): HTTPSConnectionPool(host='images.cointelegraph.com', port=443): Read timed out. (read timeout=20)
[00:13:40] Summarizer: [DownloadWorker-6] SKIP (duplicate title): Online Jegyvásárlás...
[00:14:02] Summarizer: [Batch] 2 item(s) missing from response → marked for reprocessing
[00:14:03] Summarizer: [DownloadWorker-3] SKIP (duplicate title): La Liga Soccer: Stream Real Madrid vs. A...
[00:14:06] Summarizer: [DownloadWorker-6] SKIP (duplicate title): Filmek, képek, díjak...
[00:14:12] Image_Downloader: Download failed (https://i.cdn29.hu/apix_collect_c/ngg_images/2603/22/titan_2_elite_103239_2_original_760x425_cover.jpg): HTTPSConnectionPool(host='i.cdn29.hu', port=443): Read timed out. (read timeout=20)
[00:14:36] Image_Downloader: Download failed (https://i.cdn29.hu/apix_collect_c/ngg_images/2412/09/cyberpunk_2077_the_witcher_3_wild_hunt_091334_1_original_760x425_cover.jpg): HTTPSConnectionPool(host='i.cdn29.hu', port=443): Read timed out. (read timeout=20)
[00:14:40] Image_Downloader: Download failed (https://pcdn.hu/articles/images-xl/n/a/t/nato-816588.jpg): HTTPSConnectionPool(host='pcdn.hu', port=443): Read timed out. (read timeout=20)
[00:14:47] Image_Downloader: Download failed (https://cdn.mos.cms.futurecdn.net/7aMd6DAZsKeYUJqzNoUBw6-1280-80.jpg): HTTPSConnectionPool(host='cdn.mos.cms.futurecdn.net', port=443): Read timed out. (read timeout=20)
[00:14:52] Summarizer: [Batch] Invalid JSON (attempt 1/3)
[00:14:52] Summarizer: [Batch] Invalid JSON error: json.loads failed (pass 1): Expecting ',' delimiter: line 5 column 611 (char 746)
[00:14:52] Summarizer: [Batch] Invalid JSON error: json.loads failed (pass 2): Expecting ',' delimiter: line 5 column 611 (char 746)
[00:14:52] Summarizer: [Batch] Invalid JSON error: json.loads failed (pass 3): Expecting ',' delimiter: line 5 column 611 (char 746)
[00:14:52] Summarizer: [Batch] Invalid JSON error: Iterative repair stuck at round 2: Expecting property name enclosed in double quotes: line 5 column 612 (char 747)
[00:14:52] Summarizer: [Batch] Invalid JSON error: Final parse error: JSONDecodeError("Expecting ',' delimiter: line 5 column 611 (char 746)")
[00:14:56] Summarizer: [Batch] 1 item(s) missing from response → marked for reprocessing
[00:15:11] Summarizer: [DownloadWorker-1] SKIP (duplicate title): Kritikák, videók, szereplők...
[00:15:12] Summarizer: [Batch] 1 item(s) missing from response → marked for reprocessing
[00:15:24] Image_Downloader: Download failed (https://kep.cdn.index.hu/1/0/6841/68412/684123/68412385_5050221_4659ef7edeef671f0b1725cb1ec7b165_wm.jpg): HTTPSConnectionPool(host='kep.cdn.index.hu', port=443): Read timed out. (read timeout=20)
[00:15:27] Summarizer: [Batch] No response from API (attempt 1/3)
[00:15:35] Summarizer: [Batch] 1 item(s) missing from response → marked for reprocessing
[00:15:38] Summarizer: [Batch] No response from API (attempt 2/3)
[00:15:48] Summarizer: [Batch] No response from API (attempt 3/3)
[00:15:54] Summarizer: [Batch] 1 item(s) missing from response → marked for reprocessing
[00:16:05] Summarizer: [Batch] 3 item(s) missing from response → marked for reprocessing
[00:16:11] Summarizer: [Batch] 1 item(s) missing from response → marked for reprocessing
