
--- RSS Fetch Errors at 2026-07-15 00:56:37 ---
Error fetching https://techpowerup.com/rss/news: HTTP Error 403: 
Error fetching https://www.drive.com.au/feed/: HTTP Error 403: 
Error fetching https://leetgaming.com/feed/: Failed to perform, curl: (28) Connection timed out after 10004 milliseconds. See https://curl.se/libcurl/c/libcurl-errors.html first for more details.
Error fetching https://femina.hu/feed: HTTP Error 404: Not Found
Error fetching https://hwsw.hu/hirek/rss: HTTP Error 404: 
Error fetching https://instylemen.hu/feed: HTTP Error 404: 
Error fetching https://velvet.hu/feed: HTTP Error 404: Not Found
Error fetching https://cliffhanger.hu/feed: HTTP Error 403: 

--- RSS Fetch Errors at 2026-07-15 00:56:37 ---
Error fetching https://techpowerup.com/rss/news: HTTP Error 403: 
Error fetching https://www.drive.com.au/feed/: HTTP Error 403: 
Error fetching https://leetgaming.com/feed/: Failed to perform, curl: (28) Connection timed out after 10003 milliseconds. See https://curl.se/libcurl/c/libcurl-errors.html first for more details.
Error fetching https://femina.hu/feed: HTTP Error 404: Not Found
Error fetching https://cliffhanger.hu/feed: HTTP Error 403: 
Error fetching https://velvet.hu/feed: HTTP Error 404: Not Found
Error fetching https://hwsw.hu/hirek/rss: HTTP Error 404: 
Error fetching https://instylemen.hu/feed: HTTP Error 404: 
[00:56:50] Summarizer: [Batch] 3 item(s) missing from response → marked for reprocessing
[00:57:01] Summarizer: [DownloadWorker-9] SKIP (duplicate title): NASA Invites Media to Serbia Artemis Acc...
[00:57:01] Summarizer: [Batch] 1 item(s) missing from response → marked for reprocessing
[01:12:50] Image_Downloader: Download failed (https://azutazo.hu/wp-content/uploads/2026/07/aquaworld.jpg): 404 Client Error: Not Found for url: https://azutazo.hu/wp-content/uploads/2026/07/aquaworld.jpg
[01:12:50] Summarizer: [DownloadWorker-8] SKIP (duplicate title): A Samsung visszavette az első helyet az ...
[01:13:01] Summarizer: [DownloadWorker-9] SKIP (duplicate title): A Samsung visszavette az első helyet az ...
[01:13:01] Summarizer: [DownloadWorker-9] SKIP (duplicate title): NASA Invites Media to Serbia Artemis Acc...
[01:13:05] Summarizer: [Batch] 1 item(s) missing from response → marked for reprocessing
[01:13:06] Summarizer: [Batch] 1 item(s) missing from response → marked for reprocessing
[01:13:12] Summarizer: [Batch] 1 item(s) missing from response → marked for reprocessing
[01:13:13] Image_Downloader: Download failed (https://techcrunch.com/wp-content/uploads/2024/12/GettyImages-2151467531.jpg?resize=1200,800): HTTPSConnectionPool(host='techcrunch.com', port=443): Read timed out. (read timeout=5)
[01:13:16] Summarizer: [Batch] 3 item(s) missing from response → marked for reprocessing
[01:13:17] Image_Downloader: Download failed (https://pcdn.hu/articles/images-xl/s/a/l/salata-zoldseg-egeszseg-getty-stock-513709.jpg): HTTPSConnectionPool(host='pcdn.hu', port=443): Read timed out. (read timeout=5)
[01:13:22] Summarizer: [Batch] 2 item(s) missing from response → marked for reprocessing
[01:30:40] Summarizer: [Batch] No response from API (attempt 1/3)
[01:30:52] Summarizer: [DownloadWorker-3] SKIP (duplicate title): France vs. Spain: Stream FIFA World Cup ...
[01:30:55] Summarizer: [DownloadWorker-8] SKIP (duplicate title): France vs. Spain: Stream FIFA World Cup ...
[01:31:04] Summarizer: [Batch] 3 item(s) missing from response → marked for reprocessing
[01:31:13] Summarizer: [MissingDetector] ⚠️ PAIRING FAIL: 'https://www.cnet.com/news/privacy/los-angeles-lapf-flock-safety-surveillance-cameras-privacy/' not found. KEEPING ITEM (Fallback).
[01:31:13] Summarizer: [Batch] 1 item(s) missing from response → marked for reprocessing
[01:31:13] Summarizer: [FreeGeminiAPI_3] ⚠️ PAIRING FAIL: 'https://www.cnet.com/news/privacy/los-angeles-lapf-flock-safety-surveillance-cameras-privacy/' not found. KEEPING ITEM (Fallback).
[01:31:14] Summarizer: [DownloadWorker-7] SKIP (duplicate title): Pick Up a Powerful and Infinitely Reusab...
[01:47:32] Summarizer: [DownloadWorker-2] SKIP (duplicate title): Intel Core Ultra 7 270K Plus & Core Ultr...
[01:47:33] Summarizer: [DownloadWorker-9] SKIP (duplicate title): Intel Core Ultra 7 270K Plus & Core Ultr...
[01:47:50] Summarizer: [DownloadWorker-3] SKIP (duplicate title): The Hobbit and The Lord of the Rings Poc...
[01:48:04] Summarizer: [DownloadWorker-1] SKIP (duplicate title): The Hobbit and The Lord of the Rings Poc...
[02:04:03] Summarizer: [DownloadWorker-4] SKIP (duplicate title): Pick Up a Powerful and Infinitely Reusab...
[02:04:24] Summarizer: TIMEOUT (180s) - backend call took too long
[02:04:24] Summarizer: [Batch] No response from API (attempt 1/3)
[02:04:27] Summarizer: TIMEOUT (180s) - backend call took too long
[02:04:27] Summarizer: [Batch] No response from API (attempt 1/3)
[02:04:43] Summarizer: [MissingDetector] ⚠️ PAIRING FAIL: 'https://electrek.co/2026/07/14/byd-qin-max-ev-with-flash-charging-spotted-for-the-first-time/' not found. KEEPING ITEM (Fallback).
[02:04:43] Summarizer: [Batch] 1 item(s) missing from response → marked for reprocessing
[02:04:43] Summarizer: [FreeGeminiAPI_1] ⚠️ PAIRING FAIL: 'https://electrek.co/2026/07/14/byd-qin-max-ev-with-flash-charging-spotted-for-the-first-time/' not found. KEEPING ITEM (Fallback).
[02:04:51] Summarizer: [Batch] 1 item(s) missing from response → marked for reprocessing
[02:20:46] Image_Downloader: Download failed (https://i.cdn29.hu/apix_collect_c/ngg_images/2512/18/dying_light_the_beast_techland_152308_12_original_760x425_cover.jpg): ("Connection broken: ConnectionResetError(54, 'Connection reset by peer')", ConnectionResetError(54, 'Connection reset by peer'))
[02:21:02] Summarizer: TIMEOUT (180s) - backend call took too long
[02:21:02] Summarizer: [Batch] No response from API (attempt 1/3)
[02:21:02] Summarizer: TIMEOUT (180s) - backend call took too long
[02:21:02] Summarizer: [Batch] No response from API (attempt 1/3)
[02:21:04] Summarizer: TIMEOUT (180s) - backend call took too long
[02:21:04] Summarizer: [Batch] No response from API (attempt 1/3)
[02:21:19] Summarizer: [Batch] 1 item(s) missing from response → marked for reprocessing
[02:21:20] Summarizer: [Batch] 1 item(s) missing from response → marked for reprocessing
[02:21:27] Summarizer: [MissingDetector] ⚠️ PAIRING FAIL: 'https://www.mafab.hu/hu/article/vegre-itt-a-pentek-13-elozmenysorozatanak-a-crystal-lake-elozetese-18' not found. KEEPING ITEM (Fallback).
[02:21:27] Summarizer: [Batch] 1 item(s) missing from response → marked for reprocessing
[02:21:27] Summarizer: [FreeGeminiAPI_3] ⚠️ PAIRING FAIL: 'https://www.mafab.hu/hu/article/vegre-itt-a-pentek-13-elozmenysorozatanak-a-crystal-lake-elozetese-18' not found. KEEPING ITEM (Fallback).
[02:36:54] Image_Downloader: Download failed (https://kep.cdn.index.hu/1/0/5417/54173/541735/54173595_4001151_5601952031eb2ea50a95ca9b8c725b11_wm.jpg): ("Connection broken: ConnectionResetError(54, 'Connection reset by peer')", ConnectionResetError(54, 'Connection reset by peer'))
[02:37:10] Summarizer: TIMEOUT (180s) - backend call took too long
[02:37:10] Summarizer: [Batch] No response from API (attempt 1/3)
[03:10:56] Summarizer: TIMEOUT (180s) - backend call took too long
[03:10:56] Summarizer: [Batch] No response from API (attempt 1/3)
[03:11:01] Summarizer: TIMEOUT (180s) - backend call took too long
[03:11:01] Summarizer: [Batch] No response from API (attempt 1/3)
[03:28:04] Summarizer: TIMEOUT (180s) - backend call took too long
[03:28:04] Summarizer: [Batch] No response from API (attempt 1/3)
[03:28:04] Summarizer: TIMEOUT (180s) - backend call took too long
[03:28:04] Summarizer: [Batch] No response from API (attempt 1/3)
[03:28:06] Summarizer: TIMEOUT (180s) - backend call took too long
[03:28:06] Summarizer: [Batch] No response from API (attempt 1/3)
[03:43:40] Summarizer: [Batch] 1 item(s) missing from response → marked for reprocessing
[03:43:46] Summarizer: [MissingDetector] ⚠️ PAIRING FAIL: 'https://www.pcgamer.com/software/ai/george-lucas-says-rejecting-ai-is-like-rejcting-cars-in-favour-of-horses-theres-nothing-you-can-do-about-it-its-the-future/' not found. KEEPING ITEM (Fallback).
[03:43:46] Summarizer: [Batch] 1 item(s) missing from response → marked for reprocessing
[03:43:46] Summarizer: [FreeGeminiAPI_3] ⚠️ PAIRING FAIL: 'https://www.pcgamer.com/software/ai/george-lucas-says-rejecting-ai-is-like-rejcting-cars-in-favour-of-horses-theres-nothing-you-can-do-about-it-its-the-future/' not found. KEEPING ITEM (Fallback).
[03:43:46] Summarizer: [Batch] 1 item(s) missing from response → marked for reprocessing
[03:43:53] Summarizer: [Batch] 1 item(s) missing from response → marked for reprocessing
[03:44:03] Summarizer: [Batch] 2 item(s) missing from response → marked for reprocessing
[03:44:05] Summarizer: [MissingDetector] ⚠️ PAIRING FAIL: 'https://electrack.co/2026/07/14/byd-qin-max-ev-with-flash-charging-spotted-first-time/' not found. KEEPING ITEM (Fallback).
[03:44:05] Summarizer: [MissingDetector] ⚠️ PAIRING FAIL: 'https://hvg.hu/360/20260714_befektetesi_arany_hatosagi_szabalyok_numizmatika_rajart_arudakra_hvg' not found. KEEPING ITEM (Fallback).
[03:44:05] Summarizer: [Batch] 2 item(s) missing from response → marked for reprocessing
[03:44:05] Summarizer: [FreeGeminiAPI_2] ⚠️ PAIRING FAIL: 'https://electrack.co/2026/07/14/byd-qin-max-ev-with-flash-charging-spotted-first-time/' not found. KEEPING ITEM (Fallback).
[03:44:05] Summarizer: [FreeGeminiAPI_2] ⚠️ PAIRING FAIL: 'https://hvg.hu/360/20260714_befektetesi_arany_hatosagi_szabalyok_numizmatika_rajart_arudakra_hvg' not found. KEEPING ITEM (Fallback).
[03:44:08] Summarizer: TIMEOUT (180s) - backend call took too long
[03:44:08] Summarizer: [Batch] No response from API (attempt 1/3)
[03:44:13] Summarizer: [MissingDetector] ⚠️ PAIRING FAIL: 'https://www.cnet.com/tech/mobile/pixel-11-pixel-watch-5-leaks-new-colors-and-prices/' not found. KEEPING ITEM (Fallback).
[03:44:13] Summarizer: [Batch] 2 item(s) missing from response → marked for reprocessing
[03:44:13] Summarizer: [FreeGeminiAPI_2] ⚠️ PAIRING FAIL: 'https://www.cnet.com/tech/mobile/pixel-11-pixel-watch-5-leaks-new-colors-and-prices/' not found. KEEPING ITEM (Fallback).
[03:49:35] Image_Downloader: Download failed (https://img.hvg.hu/Img/8133bb77-3fc3-490f-b374-cb198a0455cc/63251e5a-922b-46eb-b198-0e3940186949.jpg): ('Connection aborted.', ConnectionResetError(54, 'Connection reset by peer'))
[03:49:37] Summarizer: [Batch] No response from API (attempt 1/3)
[03:49:37] Image_Downloader: Download failed (https://assets.telex.hu/images/20260714/1784062485-temp-96e46eup90064gbliok_facebook.jpg): HTTPSConnectionPool(host='assets.telex.hu', port=443): Read timed out. (read timeout=5)
[03:49:46] Summarizer: [Batch] No response from API (attempt 1/3)
[03:50:33] Summarizer: [MissingDetector] ⚠️ PAIRING FAIL: 'https://telex.hu/sport/20260714/mar-a-vb-donto-a-tet-franciaorszag-spanyolorszag' not found. KEEPING ITEM (Fallback).
[03:50:33] Summarizer: [Batch] 4 item(s) missing from response → marked for reprocessing
[03:50:33] Summarizer: [FreeGeminiAPI_3] ⚠️ PAIRING FAIL: 'https://telex.hu/sport/20260714/mar-a-vb-donto-a-tet-franciaorszag-spanyolorszag' not found. KEEPING ITEM (Fallback).
[04:06:05] Summarizer: TIMEOUT (180s) - backend call took too long
[04:06:05] Summarizer: [Batch] No response from API (attempt 2/3)
[04:38:58] Summarizer: TIMEOUT (180s) - backend call took too long
[04:38:58] Summarizer: [Batch] No response from API (attempt 1/3)
[04:38:59] Summarizer: TIMEOUT (180s) - backend call took too long
[04:38:59] Summarizer: [Batch] No response from API (attempt 1/3)
[04:39:21] Summarizer: Reprocessing 2 pairing failures from data.json
[04:54:59] Summarizer: Reprocessing stopped early (time limit), 1 items remaining.
[04:55:36] Summarizer: TIMEOUT (180s) - backend call took too long
[04:55:36] Summarizer: [Batch] No response from API (attempt 1/3)
[04:55:53] Summarizer: [Batch] 1 item(s) missing from response → marked for reprocessing
[05:12:05] Summarizer: TIMEOUT (180s) - backend call took too long
[05:12:05] Summarizer: [Batch] No response from API (attempt 1/3)
[05:12:26] Summarizer: Reprocessing 5 pairing failures from data.json
[05:27:56] Summarizer: Reprocessing stopped early (time limit), 2 items remaining.

--- RSS Fetch Errors at 2026-07-15 07:06:29 ---
Error fetching https://techpowerup.com/rss/news: HTTP Error 403: 
Error fetching https://www.drive.com.au/feed/: HTTP Error 403: 
Error fetching https://leetgaming.com/feed/: Failed to perform, curl: (28) Connection timed out after 10003 milliseconds. See https://curl.se/libcurl/c/libcurl-errors.html first for more details.
Error fetching https://24.hu/feed/: Failed to perform, curl: (28) Connection timed out after 10003 milliseconds. See https://curl.se/libcurl/c/libcurl-errors.html first for more details.
Error fetching https://velvet.hu/feed: HTTP Error 404: Not Found
Error fetching https://cliffhanger.hu/feed: HTTP Error 403: 
Error fetching https://faroutmagazine.co.uk/icon.svg: Failed to perform, curl: (28) Connection timed out after 981959 milliseconds. See https://curl.se/libcurl/c/libcurl-errors.html first for more details.
Error fetching https://caravantimes.co.uk/feed: Failed to perform, curl: (28) Connection timed out after 979916 milliseconds. See https://curl.se/libcurl/c/libcurl-errors.html first for more details.
Error fetching https://fhm.com/feed: Failed to perform, curl: (28) Connection timed out after 984922 milliseconds. See https://curl.se/libcurl/c/libcurl-errors.html first for more details.
Error fetching https://starity.hu/magazin/rss/: Failed to perform, curl: (28) Operation timed out after 984921 milliseconds with 0 bytes received. See https://curl.se/libcurl/c/libcurl-errors.html first for more details.
Error fetching https://index.hu/tudomany/til/rss/: Failed to perform, curl: (28) Resolving timed out after 984921 milliseconds. See https://curl.se/libcurl/c/libcurl-errors.html first for more details.
Error fetching https://femina.hu/feed: Failed to perform, curl: (28) Connection timed out after 984924 milliseconds. See https://curl.se/libcurl/c/libcurl-errors.html first for more details.
Error fetching https://instylemen.hu/feed: Failed to perform, curl: (28) Connection timed out after 981593 milliseconds. See https://curl.se/libcurl/c/libcurl-errors.html first for more details.
Error fetching https://funzine.hu/feed: Failed to perform, curl: (28) Operation timed out after 985046 milliseconds with 0 bytes received. See https://curl.se/libcurl/c/libcurl-errors.html first for more details.
Error fetching https://bankless.com/feed: Failed to perform, curl: (28) Resolving timed out after 978917 milliseconds. See https://curl.se/libcurl/c/libcurl-errors.html first for more details.
Error fetching https://travelmagazin.hu/feed: Failed to perform, curl: (28) Connection timed out after 981540 milliseconds. See https://curl.se/libcurl/c/libcurl-errors.html first for more details.
Error fetching https://sorozatjunkie.hu/feed: Failed to perform, curl: (28) Resolving timed out after 978804 milliseconds. See https://curl.se/libcurl/c/libcurl-errors.html first for more details.
Error fetching https://hetediksor.hu/feed/: Failed to perform, curl: (28) Connection timed out after 979542 milliseconds. See https://curl.se/libcurl/c/libcurl-errors.html first for more details.
Error fetching https://hetediksor.hu/wp-json/oembed/1.0/embed?url=https%3A%2F%2Fhetediksor.hu%2F&format=xml: Failed to perform, curl: (28) Connection timed out after 979007 milliseconds. See https://curl.se/libcurl/c/libcurl-errors.html first for more details.
Error fetching https://hetediksor.hu/comments/feed/: Failed to perform, curl: (28) Connection timed out after 979451 milliseconds. See https://curl.se/libcurl/c/libcurl-errors.html first for more details.
Error fetching https://azutazo.hu/feed: Failed to perform, curl: (28) Connection timed out after 981574 milliseconds. See https://curl.se/libcurl/c/libcurl-errors.html first for more details.
Error fetching https://www.playboy.com/read/sex-relationships/feed: Failed to perform, curl: (28) Connection timed out after 983595 milliseconds. See https://curl.se/libcurl/c/libcurl-errors.html first for more details.
Error fetching https://mycamper.com/_nuxt/mycamper-logo-with-text.CBXIqRJB.svg: Failed to perform, curl: (28) Connection timed out after 979790 milliseconds. See https://curl.se/libcurl/c/libcurl-errors.html first for more details.
Error fetching https://www.playboy.com/read/celebrities/feed: Failed to perform, curl: (28) Connection timed out after 982921 milliseconds. See https://curl.se/libcurl/c/libcurl-errors.html first for more details.
Error fetching https://roadster.hu/feed: Failed to perform, curl: (28) Connection timed out after 984922 milliseconds. See https://curl.se/libcurl/c/libcurl-errors.html first for more details.
Error fetching https://hwsw.hu/hirek/rss: Failed to perform, curl: (28) Operation timed out after 985546 milliseconds with 0 bytes received. See https://curl.se/libcurl/c/libcurl-errors.html first for more details.
[07:06:41] Summarizer: [DownloadWorker-2] SKIP (duplicate title): Milk Road...
[07:06:50] Summarizer: [Batch] 3 item(s) missing from response → marked for reprocessing
[07:06:53] Summarizer: [DownloadWorker-2] SKIP (duplicate title): Élő adásban hozta kellemetlen helyzetbe ...
[07:06:57] Summarizer: [Batch] 2 item(s) missing from response → marked for reprocessing
[07:07:02] Summarizer: [DownloadWorker-9] SKIP (duplicate title): Highlights from Git 2.55...
[07:07:06] Summarizer: [Batch] 1 item(s) missing from response → marked for reprocessing
[07:07:10] Summarizer: [DownloadWorker-7] SKIP (duplicate title): A The Agency 2. évadjának trükkjeiről...
[07:07:10] Summarizer: [DownloadWorker-5] SKIP (duplicate title): Hubble Sees Crimson Cloud and Stars...
[07:07:13] Summarizer: [Batch] 3 item(s) missing from response → marked for reprocessing
[07:07:14] Summarizer: [DownloadWorker-9] SKIP (duplicate title): Milk Road...
[07:07:14] Summarizer: [DownloadWorker-8] SKIP (duplicate title): Best Xbox Controller for 2026: Series X ...
[07:07:15] Summarizer: [DownloadWorker-2] SKIP (duplicate title): Szerdától visszatér a Kossuth rádió...
[07:07:17] Summarizer: [DownloadWorker-1] SKIP (duplicate title): BYD’s new Qin Max EV with Flash Charging...
[07:12:47] Summarizer: [DownloadWorker-0] SKIP (duplicate title): GitHub availability report: June 2026...
[07:12:58] Summarizer: [DownloadWorker-1] SKIP (duplicate title): Rebootot kap a Rémálom az Elm utcában...
[07:13:02] Summarizer: [DownloadWorker-2] SKIP (duplicate title): A sok kifejteni való...
[07:13:05] Summarizer: [Batch] 1 item(s) missing from response → marked for reprocessing
[07:13:11] Summarizer: [Batch] 2 item(s) missing from response → marked for reprocessing
[07:13:11] Summarizer: [DownloadWorker-4] SKIP (duplicate title): A The Westies főcíme...
[07:13:13] Summarizer: [DownloadWorker-3] SKIP (duplicate title): Pixel 11 and Pixel Watch 5 Leaks Show Ne...
[07:13:17] Summarizer: [DownloadWorker-8] SKIP (duplicate title): The PC Gaming Show Tokyo Direct returns ...
[07:13:17] Summarizer: [DownloadWorker-9] SKIP (duplicate title): Kash Patel a hokit is elrontja...
[07:13:18] Summarizer: [Batch] 1 item(s) missing from response → marked for reprocessing
[07:13:18] Summarizer: [DownloadWorker-7] SKIP (duplicate title): LA and Other Cities Are Distancing Thems...
[07:13:20] Summarizer: [DownloadWorker-5] SKIP (duplicate title): Kvíz: mennyit tudsz a legendás magyar mé...
[07:13:20] Summarizer: [DownloadWorker-1] SKIP (duplicate title): Should Mitch McConnell Retire Immediatel...
[07:13:23] Summarizer: [Batch] 3 item(s) missing from response → marked for reprocessing
[07:13:30] Summarizer: [Batch] 1 item(s) missing from response → marked for reprocessing
[07:29:20] Summarizer: [DownloadWorker-3] SKIP (duplicate title): ‘The Odyssey’ Opening Weekend Projection...
[07:29:41] Summarizer: [DownloadWorker-5] SKIP (duplicate title): NYT ‘Pips’ Hints, Answers And Walkthroug...
[07:29:43] Summarizer: [DownloadWorker-8] SKIP (duplicate title): Karen Carter Went From Dow Intern To CEO...
[07:55:38] Summarizer: TIMEOUT (180s) - backend call took too long
[07:55:38] Summarizer: [Batch] No response from API (attempt 1/3)
[07:55:44] Summarizer: TIMEOUT (180s) - backend call took too long
[07:55:44] Summarizer: [Batch] No response from API (attempt 1/3)
[07:55:56] Summarizer: [Batch] 1 item(s) missing from response → marked for reprocessing
[07:56:01] Summarizer: [Batch] 3 item(s) missing from response → marked for reprocessing
[07:56:04] Summarizer: [Batch] 1 item(s) missing from response → marked for reprocessing
[07:56:08] Summarizer: [Batch] 1 item(s) missing from response → marked for reprocessing
[07:56:11] Summarizer: [MissingDetector] ⚠️ PAIRING FAIL: 'https://nlc.hu/ezvan/20260715/mova-s70-ultra-roller-roller-robotporszivo-teszt/' not found. KEEPING ITEM (Fallback).
[07:56:11] Summarizer: [Batch] 2 item(s) missing from response → marked for reprocessing
[07:56:11] Summarizer: [FreeGeminiAPI_1] ⚠️ PAIRING FAIL: 'https://nlc.hu/ezvan/20260715/mova-s70-ultra-roller-roller-robotporszivo-teszt/' not found. KEEPING ITEM (Fallback).
[07:56:34] Summarizer: TIMEOUT (180s) - backend call took too long
[07:56:34] Summarizer: [Batch] No response from API (attempt 1/3)
[08:13:44] Summarizer: [Batch] 2 item(s) missing from response → marked for reprocessing
[08:13:49] Summarizer: Reprocessing 3 pairing failures from data.json

--- RSS Fetch Errors at 2026-07-15 09:06:31 ---
Error fetching https://techpowerup.com/rss/news: HTTP Error 403: 
Error fetching https://www.drive.com.au/feed/: HTTP Error 403: 
Error fetching https://leetgaming.com/feed/: Failed to perform, curl: (28) Connection timed out after 10003 milliseconds. See https://curl.se/libcurl/c/libcurl-errors.html first for more details.
Error fetching https://hwsw.hu/hirek/rss: HTTP Error 404: 
Error fetching https://velvet.hu/feed: HTTP Error 404: Not Found
Error fetching https://cliffhanger.hu/feed: HTTP Error 403: 
Error fetching https://caravantimes.co.uk/feed: Failed to perform, curl: (28) Connection timed out after 981078 milliseconds. See https://curl.se/libcurl/c/libcurl-errors.html first for more details.
Error fetching https://mycamper.com/_nuxt/mycamper-logo-with-text.CBXIqRJB.svg: Failed to perform, curl: (28) Operation timed out after 980960 milliseconds with 2285 bytes received. See https://curl.se/libcurl/c/libcurl-errors.html first for more details.
Error fetching https://bankless.com/feed: Failed to perform, curl: (28) Resolving timed out after 981920 milliseconds. See https://curl.se/libcurl/c/libcurl-errors.html first for more details.
Error fetching https://hetediksor.hu/comments/feed/: Failed to perform, curl: (28) Operation timed out after 980919 milliseconds with 0 bytes received. See https://curl.se/libcurl/c/libcurl-errors.html first for more details.
Error fetching https://instylemen.hu/feed: Failed to perform, curl: (28) Connection timed out after 983921 milliseconds. See https://curl.se/libcurl/c/libcurl-errors.html first for more details.
Error fetching https://sokszinuvidek.24.hu/feed/: Failed to perform, curl: (28) Resolving timed out after 980920 milliseconds. See https://curl.se/libcurl/c/libcurl-errors.html first for more details.
Error fetching https://sokszinuvidek.24.hu/?oembed=true&format=xml&url=https%3A%2F%2Fsokszinuvidek.24.hu%2F: Failed to perform, curl: (28) Operation timed out after 980920 milliseconds with 6730 bytes received. See https://curl.se/libcurl/c/libcurl-errors.html first for more details.
Error fetching https://faroutmagazine.co.uk/icon.svg: Failed to perform, curl: (28) Connection timed out after 981921 milliseconds. See https://curl.se/libcurl/c/libcurl-errors.html first for more details.
Error fetching https://travelmagazin.hu/feed: Failed to perform, curl: (28) Connection timed out after 981531 milliseconds. See https://curl.se/libcurl/c/libcurl-errors.html first for more details.
Error fetching https://www.penzcentrum.hu/rss/all.xml: Failed to perform, curl: (28) Operation timed out after 980917 milliseconds with 0 bytes received. See https://curl.se/libcurl/c/libcurl-errors.html first for more details.
Error fetching https://mafab.hu/rss: Failed to perform, curl: (28) Operation timed out after 981169 milliseconds with 0 bytes received. See https://curl.se/libcurl/c/libcurl-errors.html first for more details.
Error fetching https://femina.hu/feed: Failed to perform, curl: (28) Connection timed out after 986042 milliseconds. See https://curl.se/libcurl/c/libcurl-errors.html first for more details.
Error fetching https://wmn.hu/feed/: Failed to perform, curl: (28) Connection timed out after 980974 milliseconds. See https://curl.se/libcurl/c/libcurl-errors.html first for more details.
Error fetching https://azutazo.hu/feed: Failed to perform, curl: (28) Operation timed out after 981679 milliseconds with 0 bytes received. See https://curl.se/libcurl/c/libcurl-errors.html first for more details.
Error fetching https://www.playboy.com/read/sex-relationships/feed: Failed to perform, curl: (28) Connection timed out after 982804 milliseconds. See https://curl.se/libcurl/c/libcurl-errors.html first for more details.
Error fetching https://wallstreetzen.com/blog/feed/: Failed to perform, curl: (28) Operation timed out after 980919 milliseconds with 0 bytes received. See https://curl.se/libcurl/c/libcurl-errors.html first for more details.

--- RSS Fetch Errors at 2026-07-15 12:02:44 ---
Error fetching https://www.drive.com.au/feed/: HTTP Error 403: 
Error fetching https://techpowerup.com/rss/news: HTTP Error 403: 
Error fetching https://leetgaming.com/feed/: Failed to perform, curl: (28) Connection timed out after 10003 milliseconds. See https://curl.se/libcurl/c/libcurl-errors.html first for more details.
Error fetching https://velvet.hu/feed: HTTP Error 404: Not Found
Error fetching https://cliffhanger.hu/feed: HTTP Error 403: 
Error fetching https://femina.hu/feed: HTTP Error 404: Not Found
Error fetching https://hwsw.hu/hirek/rss: HTTP Error 404: 
Error fetching https://instylemen.hu/feed: HTTP Error 404: 
[12:21:45] Summarizer: [MissingDetector] ⚠️ PAIRING FAIL: 'https://nlc.hu/ezvan/20260715/mova-s70-ultra-roller-roller-robotporszivo-teszt' not found. KEEPING ITEM (Fallback).
[12:21:45] Summarizer: [Batch] 3 item(s) missing from response → marked for reprocessing
[12:21:45] Summarizer: [FreeGeminiAPI_1] ⚠️ PAIRING FAIL: 'https://nlc.hu/ezvan/20260715/mova-s70-ultra-roller-roller-robotporszivo-teszt' not found. KEEPING ITEM (Fallback).
[12:21:50] Summarizer: [DownloadWorker-3] SKIP (duplicate title): Az alvilág kapuja: ezért pusztult el min...
[12:21:54] Summarizer: [Batch] 2 item(s) missing from response → marked for reprocessing
[12:22:03] Summarizer: [Batch] 4 item(s) missing from response → marked for reprocessing
[12:22:30] Summarizer: [Batch] 1 item(s) missing from response → marked for reprocessing
[12:22:37] Summarizer: [Batch] 1 item(s) missing from response → marked for reprocessing
[12:22:37] Image_Downloader: Download failed (https://raketa.hu/wp-content/uploads/2024/02/gacser-attila-professzor-foto-bobko-anna-1024x683.jpg): 404 Client Error: Not Found for url: https://raketa.hu/wp-content/uploads/2024/02/gacser-attila-professzor-foto-bobko-anna-1024x683.jpg
[12:22:39] Summarizer: [DownloadWorker-9] SKIP (duplicate title): 80 éves Sylvester Stallone, de inkább né...
[12:22:44] Summarizer: [DownloadWorker-7] SKIP (duplicate title): 13 Playboy Women Celebrating Nude Recrea...
[12:22:46] Summarizer: [DownloadWorker-4] SKIP (duplicate title): I Went Inside Samsung's Secret Display L...
[12:22:48] Summarizer: [MissingDetector] ⚠️ PAIRING FAIL: 'https://telex.hu/pr-cikk/2026/07/15/vilagsztarok-hazai-kedvencek-es-tobb-mint-300-zenei-produkcio-ilyen-lesz-az-idei-campus-fesztivál-x' not found. KEEPING ITEM (Fallback).
[12:22:48] Summarizer: [Batch] 1 item(s) missing from response → marked for reprocessing
[12:22:48] Summarizer: [FreeGeminiAPI_1] ⚠️ PAIRING FAIL: 'https://telex.hu/pr-cikk/2026/07/15/vilagsztarok-hazai-kedvencek-es-tobb-mint-300-zenei-produkcio-ilyen-lesz-az-idei-campus-fesztivál-x' not found. KEEPING ITEM (Fallback).
[12:22:57] Summarizer: [DownloadWorker-8] SKIP (duplicate title): Délelőtti videó 2.: MobLand...
[12:23:11] Summarizer: [DownloadWorker-9] SKIP (duplicate title): Borzalom, hogy mindent lehet kapni (HOLD...
[12:23:31] Image_Downloader: Download failed (https://assets.4cdn.hu/kraken/8MYLnXMxlTyf1QGwqs-lg.jpeg): HTTPSConnectionPool(host='assets.4cdn.hu', port=443): Read timed out. (read timeout=5)
[12:23:33] Image_Downloader: Download failed (https://cdn.mos.cms.futurecdn.net/G7eLWBVpUNGhcSxmjQD2JE-2000-80.jpg): HTTPSConnectionPool(host='cdn.mos.cms.futurecdn.net', port=443): Read timed out. (read timeout=5)
[12:24:00] Image_Downloader: Download failed (https://media.port.hu/images/001/803/162.webp): HTTPSConnectionPool(host='media.port.hu', port=443): Max retries exceeded with url: /images/001/803/162.webp (Caused by NewConnectionError("HTTPSConnection(host='media.port.hu', port=443): Failed to establish a new connection: [Errno 61] Connection refused"))
[12:24:57] Image_Downloader: Download failed (https://roadster.hu/uploads/2026/07/vladan-raznatovic-2hYPDSKKbMc-unsplash-1290x675.jpg): HTTPSConnectionPool(host='roadster.hu', port=443): Read timed out. (read timeout=5)
[12:24:58] Summarizer: [DownloadWorker-1] SKIP (duplicate title): 007 First Light – játékteszt...
[12:26:41] Summarizer: [DownloadWorker-2] SKIP (duplicate title): 20 Questions: David Sedaris...
[12:26:42] Summarizer: [Batch] 1 item(s) missing from response → marked for reprocessing
[12:26:54] Image_Downloader: Download failed (https://assets.telex.hu/images/20260715/1784101608-temp-6pput5k5vj2r9enfljc_facebook.jpg): HTTPSConnectionPool(host='assets.telex.hu', port=443): Read timed out. (read timeout=5)
[12:42:30] Summarizer: [DownloadWorker-1] SKIP (duplicate title): A hét röhögései (606.)...
[12:42:34] Summarizer: [MissingDetector] ⚠️ PAIRING FAIL: 'https://port.hu/cikk/mozi/vin-diesel-bevallotta-az-oriasi-ego-miatt-utasitott-vissza-egy-25-millio-dollaros-szerepet/article-128668' not found. KEEPING ITEM (Fallback).
[12:42:34] Summarizer: [Batch] 1 item(s) missing from response → marked for reprocessing
[12:42:34] Summarizer: [FreeGeminiAPI_3] ⚠️ PAIRING FAIL: 'https://port.hu/cikk/mozi/vin-diesel-bevallotta-az-oriasi-ego-miatt-utasitott-vissza-egy-25-millio-dollaros-szerepet/article-128668' not found. KEEPING ITEM (Fallback).
[12:42:44] Summarizer: [DownloadWorker-0] SKIP (duplicate title): Playboy’s Miss July From the 1990s...
[12:42:47] Summarizer: [DownloadWorker-7] SKIP (duplicate title): Délelőtti videó 3.: The Shards...
[12:42:50] Summarizer: [DownloadWorker-6] SKIP (duplicate title): 10 kérdés, amin még a legműveltebbek is ...
[12:42:57] Summarizer: [DownloadWorker-0] SKIP (duplicate title): Egyre hosszabb hőhullámok és hevesebb es...
[12:42:59] Summarizer: [DownloadWorker-0] SKIP (duplicate title): Menekülni próbált, frontálisan elgázolt ...
[12:42:59] Summarizer: [Batch] 2 item(s) missing from response → marked for reprocessing
[12:43:01] Summarizer: [DownloadWorker-3] SKIP (duplicate title): Színházműsor...
[12:59:46] Summarizer: [DownloadWorker-2] SKIP (duplicate title): A Transzszibériai expressztől a normafai...
[12:59:54] Summarizer: [DownloadWorker-3] SKIP (duplicate title): Dolgozik, mint az álom – A MOVA S70 Ultr...
[13:00:05] Summarizer: [DownloadWorker-2] SKIP (duplicate title): Volt jegye a fiúnak, aki kiugrott a 100-...
[13:00:58] Summarizer: [DownloadWorker-1] SKIP (duplicate title): ‘Love Island USA’: Brands Urged Melanie ...
[13:01:00] Summarizer: [Batch] No response from API (attempt 1/3)
[13:01:00] Summarizer: [Batch] No response from API (attempt 1/3)
[13:01:00] Summarizer: [Batch] No response from API (attempt 1/3)
[13:01:24] Summarizer: [Batch] 2 item(s) missing from response → marked for reprocessing
[13:01:33] Summarizer: [Batch] 1 item(s) missing from response → marked for reprocessing
[13:01:36] Summarizer: [Batch] 1 item(s) missing from response → marked for reprocessing
[13:01:38] Summarizer: [Batch] 1 item(s) missing from response → marked for reprocessing
[13:01:40] Summarizer: [Batch] 1 item(s) missing from response → marked for reprocessing
[13:01:44] Summarizer: [Batch] 3 item(s) missing from response → marked for reprocessing
[13:01:47] Summarizer: [Batch] 1 item(s) missing from response → marked for reprocessing
[13:01:51] Summarizer: [Batch] 2 item(s) missing from response → marked for reprocessing
[13:02:05] Summarizer: [Batch] 1 item(s) missing from response → marked for reprocessing
[13:02:08] Image_Downloader: Download failed (https://assets.4cdn.hu/kraken/8Kzy40PHAjsWmOWHs-lg.jpeg): HTTPSConnectionPool(host='assets.4cdn.hu', port=443): Read timed out. (read timeout=5)
[13:02:19] Image_Downloader: Download failed (https://cdn.forbes.hu/uploads/2026/07/P_NAP_260509_ST_Parlament_OGY_alakulo-27_0-e1784094371765.webp?r=eyJ3IjoxMjAwLCJxIjo5MCwicyI6ImpwZyIsImgiOjYzMH0%3D): HTTPSConnectionPool(host='cdn.forbes.hu', port=443): Read timed out. (read timeout=5)
[13:02:21] Image_Downloader: Download failed (https://twitter.com/Dexerto/status/1812456789012345678): 404 Client Error: Not Found for url: https://x.com/Dexerto/status/1812456789012345678
[13:02:23] Summarizer: [Batch] 2 item(s) missing from response → marked for reprocessing
[13:02:27] Image_Downloader: Download failed (https://www.mafab.hu/static/2026t/194/08/46773_1784009544.4516.jpg): HTTPSConnectionPool(host='www.mafab.hu', port=443): Read timed out. (read timeout=5)
[13:11:49] Image_Downloader: Download failed (https://img.hvg.hu/Img/8133bb77-3fc3-490f-b374-cb198a0455cc/30e89855-863d-4f46-83f5-37674de03f51.jpg): HTTPSConnectionPool(host='img.hvg.hu', port=443): Read timed out. (read timeout=5)
[13:11:52] Summarizer: [Batch] No response from API (attempt 1/3)
[13:39:00] Summarizer: TIMEOUT (180s) - backend call took too long
[13:39:00] Summarizer: [Batch] No response from API (attempt 1/3)
[13:39:03] Summarizer: TIMEOUT (180s) - backend call took too long
[13:39:03] Summarizer: [Batch] No response from API (attempt 1/3)
[13:46:12] Summarizer: [Batch] 2 item(s) missing from response → marked for reprocessing
[13:46:20] Summarizer: Reprocessing 3 pairing failures from data.json

--- RSS Fetch Errors at 2026-07-15 13:46:24 ---
Error fetching https://techpowerup.com/rss/news: HTTP Error 403: 
Error fetching https://leetgaming.com/feed/: Failed to perform, curl: (28) Connection timed out after 10003 milliseconds. See https://curl.se/libcurl/c/libcurl-errors.html first for more details.
Error fetching https://www.drive.com.au/feed/: HTTP Error 403: 
Error fetching https://www.nasa.gov/rss/dyn/breaking_news.rss: Failed to perform, curl: (28) Connection timed out after 10003 milliseconds. See https://curl.se/libcurl/c/libcurl-errors.html first for more details.
Error fetching https://gsplus.hu/site/rss/rss.xml: Failed to perform, curl: (28) Resolving timed out after 10002 milliseconds. See https://curl.se/libcurl/c/libcurl-errors.html first for more details.
Error fetching https://femina.hu/feed: HTTP Error 404: Not Found
Error fetching https://velvet.hu/feed: HTTP Error 404: Not Found
Error fetching https://instylemen.hu/feed: HTTP Error 404: 
Error fetching https://cliffhanger.hu/feed: Failed to perform, curl: (28) Connection timed out after 10003 milliseconds. See https://curl.se/libcurl/c/libcurl-errors.html first for more details.
Error fetching https://www.playboy.com/read/celebrities/feed: Failed to perform, curl: (28) Connection timed out after 10003 milliseconds. See https://curl.se/libcurl/c/libcurl-errors.html first for more details.
Error fetching https://sokszinuvidek.24.hu/?oembed=true&format=xml&url=https%3A%2F%2Fsokszinuvidek.24.hu%2F: Failed to perform, curl: (28) Connection timed out after 10002 milliseconds. See https://curl.se/libcurl/c/libcurl-errors.html first for more details.
Error fetching https://hwsw.hu/hirek/rss: HTTP Error 404: 
Error fetching https://starity.hu/magazin/rss/: Failed to perform, curl: (28) Operation timed out after 464517 milliseconds with 2729 bytes received. See https://curl.se/libcurl/c/libcurl-errors.html first for more details.
[13:46:34] Summarizer: [DownloadWorker-5] SKIP (duplicate title): Vin Diesel bevallotta: az óriási egója m...
[13:46:40] Summarizer: [DownloadWorker-3] SKIP (duplicate title): Napi üzenet szerda – 2026. 07. 15....
[13:46:42] Summarizer: [DownloadWorker-6] SKIP (duplicate title): Azahriah duplázik ősszel a Budapest Park...
[13:46:42] Summarizer: [DownloadWorker-7] SKIP (duplicate title): Festői várban raboskodott Rózsa Sándor...
[13:46:42] Summarizer: [DownloadWorker-0] SKIP (duplicate title): Mélykuti Ilona sok kritikát kapott a szo...
[13:46:42] Summarizer: [DownloadWorker-3] SKIP (duplicate title): Már a Mitsubishi is robotol...
[13:46:43] Summarizer: [Batch] 2 item(s) missing from response → marked for reprocessing
[13:46:46] Summarizer: [DownloadWorker-5] SKIP (duplicate title): Megharapta a mentőst egy fesztiválozó nő...
[13:46:48] Summarizer: [DownloadWorker-3] SKIP (duplicate title): Focikvíz: vajon neked is meglesz a hibát...
[13:46:48] Summarizer: [Batch] 4 item(s) missing from response → marked for reprocessing
[14:04:11] Summarizer: [Batch] 1 item(s) missing from response → marked for reprocessing
[14:04:18] Image_Downloader: Download failed (https://imageio.forbes.com/specials-images/imageserve/669532588e31d45389445100/0x0.jpg): 404 Client Error: Not Found for url: https://imageio.forbes.com/specials-images/imageserve/669532588e31d45389445100/0x0.jpg
[14:04:24] Summarizer: [DownloadWorker-8] SKIP (duplicate title): Heralding The Next Chapter Of AI Governa...
[14:04:34] Summarizer: [DownloadWorker-0] SKIP (duplicate title): Top Gymnasts To Watch At The 2026 U.S. C...
[14:04:43] Summarizer: [DownloadWorker-6] SKIP (duplicate title): SIVGA Launches Its New Lyrebird Hybrid I...
[14:04:52] Summarizer: [DownloadWorker-2] SKIP (duplicate title): Your Summer Skin Routine Needs A Refresh...
[14:04:57] Summarizer: [DownloadWorker-5] SKIP (duplicate title): Why Every Great Presentation Follows The...
[14:05:02] Summarizer: Reprocessing 3 pairing failures from data.json

--- RSS Fetch Errors at 2026-07-15 19:07:14 ---
Error fetching https://leetgaming.com/feed/: Failed to perform, curl: (28) Connection timed out after 10003 milliseconds. See https://curl.se/libcurl/c/libcurl-errors.html first for more details.
Error fetching https://techpowerup.com/rss/news: HTTP Error 403: 
Error fetching https://www.drive.com.au/feed/: HTTP Error 403: 
Error fetching https://www.nasa.gov/rss/dyn/breaking_news.rss: Failed to perform, curl: (28) Connection timed out after 10003 milliseconds. See https://curl.se/libcurl/c/libcurl-errors.html first for more details.
Error fetching https://bitcoinmagazine.com/feed: Failed to perform, curl: (28) Connection timed out after 10001 milliseconds. See https://curl.se/libcurl/c/libcurl-errors.html first for more details.
Error fetching https://444.hu/category/belfold/feed: Failed to perform, curl: (28) Operation timed out after 25003 milliseconds with 0 bytes received. See https://curl.se/libcurl/c/libcurl-errors.html first for more details.
Error fetching https://forbes.hu/feed/: Failed to perform, curl: (28) Operation timed out after 25001 milliseconds with 0 bytes received. See https://curl.se/libcurl/c/libcurl-errors.html first for more details.
Error fetching https://velvet.hu/feed: HTTP Error 404: Not Found
Error fetching https://cliffhanger.hu/feed: HTTP Error 403: 
Error fetching https://instylemen.hu/feed: HTTP Error 404: 
Error fetching https://femina.hu/feed: Failed to perform, curl: (28) Connection timed out after 10003 milliseconds. See https://curl.se/libcurl/c/libcurl-errors.html first for more details.
Error fetching https://nlc.hu/feed: Failed to perform, curl: (28) Connection timed out after 10002 milliseconds. See https://curl.se/libcurl/c/libcurl-errors.html first for more details.
Error fetching https://hetediksor.hu/wp-json/oembed/1.0/embed?url=https%3A%2F%2Fhetediksor.hu%2F&format=xml: Failed to perform, curl: (28) Connection timed out after 921221 milliseconds. See https://curl.se/libcurl/c/libcurl-errors.html first for more details.
Error fetching https://hwsw.hu/hirek/rss: Failed to perform, curl: (28) Connection timed out after 922683 milliseconds. See https://curl.se/libcurl/c/libcurl-errors.html first for more details.
Error fetching https://sorozatjunkie.hu/feed: Failed to perform, curl: (28) Operation timed out after 929567 milliseconds with 0 bytes received. See https://curl.se/libcurl/c/libcurl-errors.html first for more details.
Error fetching https://mafab.hu/rss: Failed to perform, curl: (28) Resolving timed out after 919566 milliseconds. See https://curl.se/libcurl/c/libcurl-errors.html first for more details.
Error fetching https://wmn.hu/feed/: Failed to perform, curl: (28) Resolving timed out after 919566 milliseconds. See https://curl.se/libcurl/c/libcurl-errors.html first for more details.
Error fetching https://hetediksor.hu/comments/feed/: Failed to perform, curl: (28) Resolving timed out after 921568 milliseconds. See https://curl.se/libcurl/c/libcurl-errors.html first for more details.
Error fetching https://www.penzcentrum.hu/rss/all.xml: Failed to perform, curl: (28) Resolving timed out after 919566 milliseconds. See https://curl.se/libcurl/c/libcurl-errors.html first for more details.
Error fetching https://sokszinuvidek.24.hu/feed/: Failed to perform, curl: (28) Connection timed out after 921329 milliseconds. See https://curl.se/libcurl/c/libcurl-errors.html first for more details.
Error fetching https://hetediksor.hu/feed/: Failed to perform, curl: (28) Operation timed out after 922111 milliseconds with 0 bytes received. See https://curl.se/libcurl/c/libcurl-errors.html first for more details.
Error fetching https://firstclass.hu/feed: Failed to perform, curl: (28) Operation timed out after 927155 milliseconds with 0 bytes received. See https://curl.se/libcurl/c/libcurl-errors.html first for more details.
Error fetching https://azutazo.hu/feed: Failed to perform, curl: (28) Resolving timed out after 922571 milliseconds. See https://curl.se/libcurl/c/libcurl-errors.html first for more details.
Error fetching https://travelmagazin.hu/feed: Failed to perform, curl: (28) Resolving timed out after 918566 milliseconds. See https://curl.se/libcurl/c/libcurl-errors.html first for more details.
Error fetching https://player.hu/feed: Failed to perform, curl: (28) Operation timed out after 927568 milliseconds with 0 bytes received. See https://curl.se/libcurl/c/libcurl-errors.html first for more details.
Error fetching https://www.koncert.hu/rss/hirek: Failed to perform, curl: (28) Connection timed out after 926576 milliseconds. See https://curl.se/libcurl/c/libcurl-errors.html first for more details.
Error fetching https://www.koncert.hu/rss/hirek: Failed to perform, curl: (28) Connection timed out after 919131 milliseconds. See https://curl.se/libcurl/c/libcurl-errors.html first for more details.
Error fetching https://sokszinuvidek.24.hu/?oembed=true&format=xml&url=https%3A%2F%2Fsokszinuvidek.24.hu%2F: Failed to perform, curl: (28) Connection timed out after 921537 milliseconds. See https://curl.se/libcurl/c/libcurl-errors.html first for more details.
Error fetching https://mycamper.com/_nuxt/mycamper-logo-with-text.CBXIqRJB.svg: Failed to perform, curl: (28) Resolving timed out after 918591 milliseconds. See https://curl.se/libcurl/c/libcurl-errors.html first for more details.
Error fetching https://www.playboy.com/read/celebrities/feed: Failed to perform, curl: (28) Operation timed out after 926217 milliseconds with 0 bytes received. See https://curl.se/libcurl/c/libcurl-errors.html first for more details.
Error fetching https://mycamper.com/_nuxt/mycamper-logo-with-text.CBXIqRJB.svg: Failed to perform, curl: (28) Resolving timed out after 918565 milliseconds. See https://curl.se/libcurl/c/libcurl-errors.html first for more details.
Error fetching https://caravantimes.co.uk/feed: Failed to perform, curl: (28) Connection timed out after 922571 milliseconds. See https://curl.se/libcurl/c/libcurl-errors.html first for more details.

--- RSS Fetch Errors at 2026-07-15 19:07:21 ---
Error fetching https://techpowerup.com/rss/news: HTTP Error 403: 
Error fetching https://www.drive.com.au/feed/: HTTP Error 403: 
Error fetching https://leetgaming.com/feed/: Failed to perform, curl: (28) Connection timed out after 10003 milliseconds. See https://curl.se/libcurl/c/libcurl-errors.html first for more details.
Error fetching https://sg.hu/plain/rss.xml: Failed to perform, curl: (28) Operation timed out after 25917 milliseconds with 0 out of 11733 bytes received. See https://curl.se/libcurl/c/libcurl-errors.html first for more details.
Error fetching https://femina.hu/feed: HTTP Error 404: Not Found
Error fetching https://velvet.hu/feed: HTTP Error 404: Not Found
Error fetching https://www.economx.hu/feed: Failed to perform, curl: (28) Connection timed out after 10002 milliseconds. See https://curl.se/libcurl/c/libcurl-errors.html first for more details.
Error fetching https://prog.hu/hirek/rss: Failed to perform, curl: (28) Connection timed out after 10003 milliseconds. See https://curl.se/libcurl/c/libcurl-errors.html first for more details.
Error fetching https://cliffhanger.hu/feed: Failed to perform, curl: (28) Connection timed out after 10002 milliseconds. See https://curl.se/libcurl/c/libcurl-errors.html first for more details.
Error fetching https://hwsw.hu/hirek/rss: Failed to perform, curl: (28) Connection timed out after 10001 milliseconds. See https://curl.se/libcurl/c/libcurl-errors.html first for more details.
Error fetching https://hetediksor.hu/wp-json/oembed/1.0/embed?url=https%3A%2F%2Fhetediksor.hu%2F&format=xml: Failed to perform, curl: (28) Resolving timed out after 923629 milliseconds. See https://curl.se/libcurl/c/libcurl-errors.html first for more details.
Error fetching https://hetediksor.hu/wp-json/oembed/1.0/embed?url=https%3A%2F%2Fhetediksor.hu%2F&format=xml: Failed to perform, curl: (28) Connection timed out after 921332 milliseconds. See https://curl.se/libcurl/c/libcurl-errors.html first for more details.
Error fetching https://mafab.hu/rss: Failed to perform, curl: (28) Resolving timed out after 917958 milliseconds. See https://curl.se/libcurl/c/libcurl-errors.html first for more details.
Error fetching https://www.penzcentrum.hu/rss/all.xml: Failed to perform, curl: (28) Resolving timed out after 920593 milliseconds. See https://curl.se/libcurl/c/libcurl-errors.html first for more details.
Error fetching https://bankless.com/feed: Failed to perform, curl: (28) Connection timed out after 921569 milliseconds. See https://curl.se/libcurl/c/libcurl-errors.html first for more details.
Error fetching https://index.hu/tudomany/til/rss/: Failed to perform, curl: (28) Operation timed out after 931574 milliseconds with 0 bytes received. See https://curl.se/libcurl/c/libcurl-errors.html first for more details.
Error fetching https://www.koncert.hu/rss/hirek: Failed to perform, curl: (28) Connection timed out after 923128 milliseconds. See https://curl.se/libcurl/c/libcurl-errors.html first for more details.
Error fetching https://caravantimes.co.uk/feed: Failed to perform, curl: (28) Resolving timed out after 918566 milliseconds. See https://curl.se/libcurl/c/libcurl-errors.html first for more details.
Error fetching https://azutazo.hu/feed: Failed to perform, curl: (28) Resolving timed out after 925575 milliseconds. See https://curl.se/libcurl/c/libcurl-errors.html first for more details.
Error fetching https://mafab.hu/rss: Failed to perform, curl: (28) Resolving timed out after 918568 milliseconds. See https://curl.se/libcurl/c/libcurl-errors.html first for more details.
Error fetching https://wmn.hu/feed/: Failed to perform, curl: (28) Resolving timed out after 920569 milliseconds. See https://curl.se/libcurl/c/libcurl-errors.html first for more details.
Error fetching https://sokszinuvidek.24.hu/feed/: Failed to perform, curl: (28) Resolving timed out after 921569 milliseconds. See https://curl.se/libcurl/c/libcurl-errors.html first for more details.
Error fetching https://instylemen.hu/feed: Failed to perform, curl: (28) Connection timed out after 923004 milliseconds. See https://curl.se/libcurl/c/libcurl-errors.html first for more details.
Error fetching https://hetediksor.hu/comments/feed/: Failed to perform, curl: (28) Connection timed out after 924765 milliseconds. See https://curl.se/libcurl/c/libcurl-errors.html first for more details.
Error fetching https://hetediksor.hu/feed/: Failed to perform, curl: (28) Connection timed out after 923255 milliseconds. See https://curl.se/libcurl/c/libcurl-errors.html first for more details.
Error fetching https://www.penzcentrum.hu/rss/all.xml: Failed to perform, curl: (28) Connection timed out after 923607 milliseconds. See https://curl.se/libcurl/c/libcurl-errors.html first for more details.
[19:07:34] Summarizer: [DownloadWorker-6] SKIP (duplicate title): Pilot: Little House on The Prairie...
[19:07:35] Summarizer: [DownloadWorker-7] SKIP (duplicate title): 40+ fergeteges hétvégi program Budapeste...
[19:07:35] Summarizer: [DownloadWorker-2] SKIP (duplicate title): 40+ fergeteges hétvégi program Budapeste...
[19:07:47] Summarizer: [Batch] 1 item(s) missing from response → marked for reprocessing
[19:07:50] Summarizer: [Batch] 1 item(s) missing from response → marked for reprocessing
[19:17:56] Summarizer: [DownloadWorker-4] SKIP (duplicate title): Cara Delevingne történelmet írt a Playbo...
[19:18:06] Summarizer: [Batch] 1 item(s) missing from response → marked for reprocessing
[19:18:06] Summarizer: [DownloadWorker-3] SKIP (duplicate title): Kiszivárgott az Assassin's Creed Hexe me...
[19:18:14] Summarizer: [Batch] 1 item(s) missing from response → marked for reprocessing
[19:18:17] Summarizer: [DownloadWorker-5] SKIP (duplicate title): Cara Delevingne történelmet írt a Playbo...
[19:18:21] Summarizer: [Batch] 2 item(s) missing from response → marked for reprocessing
[19:18:28] Summarizer: [Batch] 3 item(s) missing from response → marked for reprocessing
[19:18:28] Summarizer: [Batch] 2 item(s) missing from response → marked for reprocessing
[19:34:06] Image_Downloader: Download failed (https://www.economx.hu/neon/media/images/Penz_euro_es_forint_-_SZ_3b.format-jpeg.max-3840x2160.jpg): ("Connection broken: ConnectionResetError(54, 'Connection reset by peer')", ConnectionResetError(54, 'Connection reset by peer'))
[19:34:07] Summarizer: [Batch] No response from API (attempt 1/3)
[19:34:42] Image_Downloader: Download failed (https://cdn.mos.cms.futurecdn.net/VurWpp2gyiwkbgrS76u29J-2000-80.png): HTTPSConnectionPool(host='cdn.mos.cms.futurecdn.net', port=443): Read timed out. (read timeout=5)
[19:50:30] Summarizer: [DownloadWorker-6] SKIP (duplicate title): Kiszivárgott az Assassin's Creed Hexe me...
[19:50:31] Summarizer: [Batch] 1 item(s) missing from response → marked for reprocessing
[19:50:43] Summarizer: [Batch] 1 item(s) missing from response → marked for reprocessing
[19:50:50] Summarizer: [Batch] 1 item(s) missing from response → marked for reprocessing
[19:50:53] Summarizer: [DownloadWorker-8] SKIP (duplicate title): Nem hinnénk, de ezt teszi a káposzta a s...
[19:50:57] Summarizer: [Batch] 1 item(s) missing from response → marked for reprocessing
[19:51:05] Summarizer: [DownloadWorker-4] SKIP (duplicate title): Denshattack! review...
[20:07:15] Summarizer: [DownloadWorker-5] SKIP (duplicate title): Denshattack! review...
[20:07:20] Summarizer: TIMEOUT (180s) - backend call took too long
[20:07:20] Summarizer: [Batch] No response from API (attempt 1/3)
[20:07:21] Summarizer: TIMEOUT (180s) - backend call took too long
[20:07:21] Summarizer: [Batch] No response from API (attempt 1/3)
[20:07:24] Summarizer: TIMEOUT (180s) - backend call took too long
[20:07:24] Summarizer: [Batch] No response from API (attempt 1/3)
[20:15:50] Summarizer: TIMEOUT (180s) - backend call took too long
[20:15:50] Summarizer: [Batch] No response from API (attempt 1/3)
[20:15:50] Summarizer: TIMEOUT (180s) - backend call took too long
[20:15:50] Summarizer: [Batch] No response from API (attempt 1/3)
[20:35:39] Summarizer: TIMEOUT (180s) - backend call took too long
[20:35:39] Summarizer: [Batch] No response from API (attempt 1/3)
[20:51:32] Summarizer: TIMEOUT (180s) - backend call took too long
[20:51:32] Summarizer: [Batch] No response from API (attempt 1/3)
[20:51:36] Summarizer: TIMEOUT (180s) - backend call took too long
[20:51:36] Summarizer: [Batch] No response from API (attempt 1/3)
[20:51:38] Summarizer: TIMEOUT (180s) - backend call took too long
[20:51:38] Summarizer: [Batch] No response from API (attempt 1/3)
[20:51:52] Summarizer: [Batch] 3 item(s) missing from response → marked for reprocessing
[21:07:16] Summarizer: TIMEOUT (180s) - backend call took too long
[21:07:16] Summarizer: [Batch] No response from API (attempt 1/3)
[21:07:25] Summarizer: TIMEOUT (180s) - backend call took too long
[21:07:25] Summarizer: [Batch] No response from API (attempt 1/3)
[21:37:43] Summarizer: TIMEOUT (180s) - backend call took too long
[21:37:43] Summarizer: [Batch] No response from API (attempt 2/3)

--- RSS Fetch Errors at 2026-07-15 21:53:51 ---
Error fetching https://leetgaming.com/feed/: Failed to perform, curl: (28) Connection timed out after 10001 milliseconds. See https://curl.se/libcurl/c/libcurl-errors.html first for more details.
Error fetching https://telex.hu/rss: Failed to perform, curl: (28) Connection timed out after 10002 milliseconds. See https://curl.se/libcurl/c/libcurl-errors.html first for more details.
Error fetching https://www.portfolio.hu/rss/all.xml: Failed to perform, curl: (28) Connection timed out after 10002 milliseconds. See https://curl.se/libcurl/c/libcurl-errors.html first for more details.
Error fetching https://techpowerup.com/rss/news: HTTP Error 403: 
Error fetching https://www.drive.com.au/feed/: HTTP Error 403: 
Error fetching https://www.cnet.com/rss/news/: Failed to perform, curl: (28) Connection timed out after 10003 milliseconds. See https://curl.se/libcurl/c/libcurl-errors.html first for more details.
Error fetching https://blog.google/rss/: Failed to perform, curl: (28) Connection timed out after 653246 milliseconds. See https://curl.se/libcurl/c/libcurl-errors.html first for more details.
Error fetching https://www.sciencedaily.com/rss/all.xml: Failed to perform, curl: (28) Operation timed out after 654298 milliseconds with 0 bytes received. See https://curl.se/libcurl/c/libcurl-errors.html first for more details.
Error fetching https://pcguru.hu/rss: Failed to perform, curl: (28) Resolving timed out after 648121 milliseconds. See https://curl.se/libcurl/c/libcurl-errors.html first for more details.
Error fetching https://insideevs.com/rss/articles/all: Failed to perform, curl: (28) Resolving timed out after 651895 milliseconds. See https://curl.se/libcurl/c/libcurl-errors.html first for more details.
Error fetching https://bitcoinmagazine.com/.rss/full/: Failed to perform, curl: (28) Resolving timed out after 648891 milliseconds. See https://curl.se/libcurl/c/libcurl-errors.html first for more details.
Error fetching https://hu.ign.com/feed.xml: Failed to perform, curl: (28) Connection timed out after 648449 milliseconds. See https://curl.se/libcurl/c/libcurl-errors.html first for more details.
Error fetching https://feeds.feedburner.com/ign/tv-articles: Failed to perform, curl: (28) Connection timed out after 648557 milliseconds. See https://curl.se/libcurl/c/libcurl-errors.html first for more details.
Error fetching https://prog.hu/site/backend/proghu-rss.xml: Failed to perform, curl: (28) Resolving timed out after 647890 milliseconds. See https://curl.se/libcurl/c/libcurl-errors.html first for more details.
Error fetching https://gsplus.hu/site/rss/rss.xml: Failed to perform, curl: (28) Connection timed out after 648547 milliseconds. See https://curl.se/libcurl/c/libcurl-errors.html first for more details.
Error fetching https://feeds.feedburner.com/ign/tech-articles: Failed to perform, curl: (28) Connection timed out after 648892 milliseconds. See https://curl.se/libcurl/c/libcurl-errors.html first for more details.
Error fetching https://feeds.forbes.com/real-time/feed2/: Failed to perform, curl: (28) Resolving timed out after 650893 milliseconds. See https://curl.se/libcurl/c/libcurl-errors.html first for more details.
Error fetching https://feeds.feedburner.com/ign/all: Failed to perform, curl: (28) Connection timed out after 649892 milliseconds. See https://curl.se/libcurl/c/libcurl-errors.html first for more details.
Error fetching https://drive.hu/rss: Failed to perform, curl: (28) Operation timed out after 650291 milliseconds with 0 bytes received. See https://curl.se/libcurl/c/libcurl-errors.html first for more details.
Error fetching https://24.hu/feed/: Failed to perform, curl: (28) Connection timed out after 648624 milliseconds. See https://curl.se/libcurl/c/libcurl-errors.html first for more details.
Error fetching https://hwsw.hu/xml/latest_news_rss.xml: Failed to perform, curl: (28) Operation timed out after 663902 milliseconds with 0 bytes received. See https://curl.se/libcurl/c/libcurl-errors.html first for more details.
Error fetching https://feeds.feedburner.com/ign/games-all: Failed to perform, curl: (28) Connection timed out after 649908 milliseconds. See https://curl.se/libcurl/c/libcurl-errors.html first for more details.
Error fetching https://feeds.feedburner.com/ign/movies-articles: Failed to perform, curl: (28) Resolving timed out after 649892 milliseconds. See https://curl.se/libcurl/c/libcurl-errors.html first for more details.
Error fetching https://www.economx.hu/feed: Failed to perform, curl: (28) Resolving timed out after 920567 milliseconds. See https://curl.se/libcurl/c/libcurl-errors.html first for more details.
Error fetching https://prog.hu/hirek/rss: Failed to perform, curl: (28) Operation timed out after 920567 milliseconds with 0 bytes received. See https://curl.se/libcurl/c/libcurl-errors.html first for more details.
Error fetching https://marieclaire.hu/feed: Failed to perform, curl: (28) Connection timed out after 920566 milliseconds. See https://curl.se/libcurl/c/libcurl-errors.html first for more details.
Error fetching https://www.maxim.com/feed: Failed to perform, curl: (28) Resolving timed out after 920566 milliseconds. See https://curl.se/libcurl/c/libcurl-errors.html first for more details.
Error fetching https://cliffhanger.hu/feed: Failed to perform, curl: (28) Connection timed out after 920567 milliseconds. See https://curl.se/libcurl/c/libcurl-errors.html first for more details.
Error fetching https://offmedia.hu/feed: Failed to perform, curl: (28) Resolving timed out after 920567 milliseconds. See https://curl.se/libcurl/c/libcurl-errors.html first for more details.
Error fetching https://index.hu/tudomany/til/rss/: Failed to perform, curl: (28) Operation timed out after 920568 milliseconds with 0 bytes received. See https://curl.se/libcurl/c/libcurl-errors.html first for more details.
Error fetching https://nlc.hu/feed: Failed to perform, curl: (28) Connection timed out after 920567 milliseconds. See https://curl.se/libcurl/c/libcurl-errors.html first for more details.
Error fetching https://www.playboy.com/read/sex-relationships/feed: Failed to perform, curl: (28) Resolving timed out after 920568 milliseconds. See https://curl.se/libcurl/c/libcurl-errors.html first for more details.
Error fetching https://fhm.com/feed: Failed to perform, curl: (28) Resolving timed out after 920568 milliseconds. See https://curl.se/libcurl/c/libcurl-errors.html first for more details.
Error fetching https://sorozatjunkie.hu/feed: Failed to perform, curl: (28) Resolving timed out after 920568 milliseconds. See https://curl.se/libcurl/c/libcurl-errors.html first for more details.
Error fetching https://d3e5kp2e91w0k0.cloudfront.net/favicon.svg: Failed to perform, curl: (28) Resolving timed out after 920567 milliseconds. See https://curl.se/libcurl/c/libcurl-errors.html first for more details.
Error fetching https://totalcar.hu/feed: Failed to perform, curl: (28) Connection timed out after 920566 milliseconds. See https://curl.se/libcurl/c/libcurl-errors.html first for more details.
Error fetching https://velvet.hu/feed: Failed to perform, curl: (28) Resolving timed out after 920567 milliseconds. See https://curl.se/libcurl/c/libcurl-errors.html first for more details.
Error fetching https://funzine.hu/feed: Failed to perform, curl: (28) Connection timed out after 920569 milliseconds. See https://curl.se/libcurl/c/libcurl-errors.html first for more details.
Error fetching https://hwsw.hu/hirek/rss: Failed to perform, curl: (28) Connection timed out after 920611 milliseconds. See https://curl.se/libcurl/c/libcurl-errors.html first for more details.
Error fetching https://the-zone.hu/feed: Failed to perform, curl: (28) Connection timed out after 920732 milliseconds. See https://curl.se/libcurl/c/libcurl-errors.html first for more details.
Error fetching https://femina.hu/feed: Failed to perform, curl: (28) Resolving timed out after 920741 milliseconds. See https://curl.se/libcurl/c/libcurl-errors.html first for more details.
Error fetching https://aihirfolyam.hu/feed: Failed to perform, curl: (28) Connection timed out after 920787 milliseconds. See https://curl.se/libcurl/c/libcurl-errors.html first for more details.
Error fetching https://player.hu/feed: Failed to perform, curl: (28) Resolving timed out after 918779 milliseconds. See https://curl.se/libcurl/c/libcurl-errors.html first for more details.
Error fetching https://instylemen.hu/feed: HTTP Error 404: 
[21:53:54] Summarizer: TIMEOUT (180s) - backend call took too long
[21:53:54] Summarizer: [Batch] No response from API (attempt 1/3)
[21:53:54] Summarizer: TIMEOUT (180s) - backend call took too long
[21:53:54] Summarizer: [Batch] No response from API (attempt 1/3)
[21:54:00] Summarizer: TIMEOUT (180s) - backend call took too long
[21:54:00] Summarizer: [Batch] No response from API (attempt 1/3)
[21:54:05] Summarizer: [Batch] 1 item(s) missing from response → marked for reprocessing
[21:54:07] Summarizer: [DownloadWorker-7] SKIP (duplicate title): Fürdőző mezei veréb...
[21:54:12] Summarizer: [Batch] 1 item(s) missing from response → marked for reprocessing
[21:54:13] Summarizer: [MissingDetector] ⚠️ PAIRING FAIL: 'http://starity.hu/magazin/104386/nick-jonas-elarulta-hogy-eloszor-milyen-uzenetet-kuldott-priyanka-chopranak/?utm_source=starity.hu&utm_medium=rss&utm_campaign=starityrss' not found. KEEPING ITEM (Fallback).
[21:54:13] Summarizer: [Batch] 1 item(s) missing from response → marked for reprocessing
[21:54:13] Summarizer: [FreeGeminiAPI_1] ⚠️ PAIRING FAIL: 'http://starity.hu/magazin/104386/nick-jonas-elarulta-hogy-eloszor-milyen-uzenetet-kuldott-priyanka-chopranak/?utm_source=starity.hu&utm_medium=rss&utm_campaign=starityrss' not found. KEEPING ITEM (Fallback).
[21:54:17] Summarizer: [Batch] 2 item(s) missing from response → marked for reprocessing
[21:54:19] Summarizer: [MissingDetector] ⚠️ PAIRING FAIL: 'https://24.hu/belfold/2026/07/15/rendori-intezkedese-koma-ujraelesztes-rendorseg-reakcio/' not found. KEEPING ITEM (Fallback).
[21:54:19] Summarizer: [Batch] 2 item(s) missing from response → marked for reprocessing
[21:54:19] Summarizer: [FreeGeminiAPI_2] ⚠️ PAIRING FAIL: 'https://24.hu/belfold/2026/07/15/rendori-intezkedese-koma-ujraelesztes-rendorseg-reakcio/' not found. KEEPING ITEM (Fallback).
[21:54:21] Summarizer: [MissingDetector] ⚠️ PAIRING FAIL: 'http://starity.hu/magazin/104382-steve-buscemi-csatlakozott-a-far-cry-eloszereplos-sorozatához/' not found. KEEPING ITEM (Fallback).
[21:54:21] Summarizer: [Batch] 1 item(s) missing from response → marked for reprocessing
[21:54:21] Summarizer: [FreeGeminiAPI_1] ⚠️ PAIRING FAIL: 'http://starity.hu/magazin/104382-steve-buscemi-csatlakozott-a-far-cry-eloszereplos-sorozatához/' not found. KEEPING ITEM (Fallback).
[21:54:27] Summarizer: [Batch] 2 item(s) missing from response → marked for reprocessing
[22:10:59] Summarizer: [Batch] No response from API (attempt 1/3)
[22:11:00] Image_Downloader: Download failed (https://i.cdn29.hu/apix_collect_c/ngg_images/2302/06/dell_inspiron_16_5620_notebook_ultrabook_laptop_143933_3_original_760x425_cover.jpg): ('Connection aborted.', ConnectionResetError(54, 'Connection reset by peer'))
[22:11:01] Summarizer: [Batch] No response from API (attempt 1/3)
[22:11:02] Image_Downloader: Download failed (https://cdn.forbes.hu/uploads/2023/10/D__AS20151022018-scaled-e1696332022722.webp?r=eyJ3IjoxMjAwLCJxIjo5MCwicyI6ImpwZyIsImgiOjYzMH0%3D): HTTPSConnectionPool(host='cdn.forbes.hu', port=443): Read timed out. (read timeout=5)
[22:11:12] Image_Downloader: Download failed (https://i.cdn29.hu/apix_collect_c/ngg_images/2607/15/szijjarto_peter_140401_1_original_760x425_cover.jpg): ("Connection broken: ConnectionResetError(54, 'Connection reset by peer')", ConnectionResetError(54, 'Connection reset by peer'))
[22:11:12] Summarizer: TIMEOUT (180s) - backend call took too long
[22:11:12] Summarizer: [Batch] No response from API (attempt 1/3)
[22:11:12] Summarizer: [DownloadWorker-0] SKIP (duplicate title): What to Expect From Galaxy Unpacked 2026...
[22:11:13] Summarizer: TIMEOUT (180s) - backend call took too long
[22:11:13] Summarizer: [Batch] No response from API (attempt 1/3)
[22:11:14] Summarizer: [DownloadWorker-3] SKIP (duplicate title): Unbox And Redefine Yourself Professional...
[22:11:19] Summarizer: [DownloadWorker-2] SKIP (duplicate title): Clean Air on a Budget: How to Find the R...
[22:11:25] Summarizer: [DownloadWorker-2] SKIP (duplicate title): Minecraft promo codes for Jul 2026 |...
[22:11:28] Summarizer: [Batch] 1 item(s) missing from response → marked for reprocessing
[22:11:31] Summarizer: [Batch] 1 item(s) missing from response → marked for reprocessing
[22:11:31] Summarizer: [DownloadWorker-8] SKIP (duplicate title): Ariana Grande kapcsolatban van a régi ex...
[22:11:39] Summarizer: [MissingDetector] ⚠️ PAIRING FAIL: 'https://www.pcguru.hu/hirek/az-egyik-korabbi-kozkedvelt-foszereplo-lehet-az-assassins-creed-hexe-bombameglepetese-tzeus/102385' not found. KEEPING ITEM (Fallback).
[22:11:39] Summarizer: [Batch] 1 item(s) missing from response → marked for reprocessing
[22:11:39] Summarizer: [FreeGeminiAPI_3] ⚠️ PAIRING FAIL: 'https://www.pcguru.hu/hirek/az-egyik-korabbi-kozkedvelt-foszereplo-lehet-az-assassins-creed-hexe-bombameglepetese-tzeus/102385' not found. KEEPING ITEM (Fallback).
[22:11:41] Summarizer: [Batch] 2 item(s) missing from response → marked for reprocessing
[22:11:43] Image_Downloader: Download failed (https://www.sciencedaily.com/images/1920/turquoise-black-sea-from-space.webp): HTTPSConnectionPool(host='www.sciencedaily.com', port=443): Read timed out. (read timeout=5)
[22:27:05] Summarizer: [Batch] No response from API (attempt 1/3)
[22:27:22] Summarizer: [Batch] 1 item(s) missing from response → marked for reprocessing
[22:27:40] Summarizer: [MissingDetector] ⚠️ PAIRING FAIL: 'https://cointelegraph.com/markets/bitcoin-hits-655k-as-more-surprise-us-inflation-data-sparks-three-week-highs?utm_source=rss_feed&utm_medium=rss&utm_campaign=rss_partner_inbound' not found. KEEPING ITEM (Fallback).
[22:27:40] Summarizer: [MissingDetector] ⚠️ PAIRING FAIL: 'https://www.forbes.com/sites/laurasirikul/2026/07/15/the-odyssey-review-christopher-nolans-epic-adds-layers-of-humanism/' not found. KEEPING ITEM (Fallback).
[22:27:40] Summarizer: [Batch] 2 item(s) missing from response → marked for reprocessing
[22:27:40] Summarizer: [FreeGeminiAPI_3] ⚠️ PAIRING FAIL: 'https://cointelegraph.com/markets/bitcoin-hits-655k-as-more-surprise-us-inflation-data-sparks-three-week-highs?utm_source=rss_feed&utm_medium=rss&utm_campaign=rss_partner_inbound' not found. KEEPING ITEM (Fallback).
[22:27:40] Summarizer: [FreeGeminiAPI_3] ⚠️ PAIRING FAIL: 'https://www.forbes.com/sites/laurasirikul/2026/07/15/the-odyssey-review-christopher-nolans-epic-adds-layers-of-humanism/' not found. KEEPING ITEM (Fallback).
[22:44:42] Summarizer: TIMEOUT (180s) - backend call took too long
[22:44:42] Summarizer: [Batch] No response from API (attempt 1/3)
[22:45:02] Summarizer: [Batch] 2 item(s) missing from response → marked for reprocessing
[22:45:14] Summarizer: [MissingDetector] ⚠️ PAIRING FAIL: 'https://ng.24.hu/foto/onok-kuldtem/2026/07/15/kis-dzsungelharcos/' not found. KEEPING ITEM (Fallback).
[22:45:14] Summarizer: [MissingDetector] ⚠️ PAIRING FAIL: 'https://www.gsplus.hu/hir/dear-passengers-friendslop-ev-egyik-legszorakoztatobb-jatekanak-igerkezik-a-dear-passengers-385069.html' not found. KEEPING ITEM (Fallback).
[22:45:14] Summarizer: [Batch] 2 item(s) missing from response → marked for reprocessing
[22:45:14] Summarizer: [FreeGeminiAPI_2] ⚠️ PAIRING FAIL: 'https://ng.24.hu/foto/onok-kuldtem/2026/07/15/kis-dzsungelharcos/' not found. KEEPING ITEM (Fallback).
[22:45:14] Summarizer: [FreeGeminiAPI_2] ⚠️ PAIRING FAIL: 'https://www.gsplus.hu/hir/dear-passengers-friendslop-ev-egyik-legszorakoztatobb-jatekanak-igerkezik-a-dear-passengers-385069.html' not found. KEEPING ITEM (Fallback).
[22:45:14] Image_Downloader: Download failed (https://pcdn.hu/articles/images-xl/g/e/t/gettyimages-1487894858-tozsde-reszveny-arfolyam-grafikon-technikai-elemzes-befektetes-keresked-841888.jpg): HTTPSConnectionPool(host='pcdn.hu', port=443): Read timed out. (read timeout=5)
[22:47:07] Summarizer: TIMEOUT (180s) - backend call took too long
[22:47:07] Summarizer: [Batch] No response from API (attempt 1/3)
[22:47:09] Summarizer: TIMEOUT (180s) - backend call took too long
[22:47:09] Summarizer: [Batch] No response from API (attempt 1/3)
[22:47:14] Summarizer: TIMEOUT (180s) - backend call took too long
[22:47:14] Summarizer: [Batch] No response from API (attempt 1/3)
[23:01:25] Summarizer: TIMEOUT (180s) - backend call took too long
[23:01:25] Summarizer: [Batch] No response from API (attempt 1/3)
[23:01:31] Summarizer: TIMEOUT (180s) - backend call took too long
[23:01:31] Summarizer: [Batch] No response from API (attempt 1/3)
[23:01:33] Summarizer: TIMEOUT (180s) - backend call took too long
[23:01:33] Summarizer: [Batch] No response from API (attempt 1/3)
[23:01:33] Summarizer: [Batch] 1 item(s) missing from response → marked for reprocessing
[23:01:35] Summarizer: TIMEOUT (180s) - backend call took too long
[23:01:35] Summarizer: [Batch] No response from API (attempt 1/3)
[23:01:40] Summarizer: [MissingDetector] ⚠️ PAIRING FAIL: 'https://ng.24.hu/foto/onok-kuldtek/2026/07/15/a-tisza-tó-termeszeti-kincsei-2/' not found. KEEPING ITEM (Fallback).
[23:01:40] Summarizer: [MissingDetector] ⚠️ PAIRING FAIL: 'https://cointelegraph.com/markets/bitcoin-hits-655k-as-more-surprise-us-inflation-data-sparks-three-week-hdgh?utm_source=rss_feed&utm_medium=rss&utm_campaign=rss_partner_inbound' not found. KEEPING ITEM (Fallback).
[23:01:40] Summarizer: [Batch] 2 item(s) missing from response → marked for reprocessing
[23:01:40] Summarizer: [FreeGeminiAPI_1] ⚠️ PAIRING FAIL: 'https://ng.24.hu/foto/onok-kuldtek/2026/07/15/a-tisza-tó-termeszeti-kincsei-2/' not found. KEEPING ITEM (Fallback).
[23:01:40] Summarizer: [FreeGeminiAPI_1] ⚠️ PAIRING FAIL: 'https://cointelegraph.com/markets/bitcoin-hits-655k-as-more-surprise-us-inflation-data-sparks-three-week-hdgh?utm_source=rss_feed&utm_medium=rss&utm_campaign=rss_partner_inbound' not found. KEEPING ITEM (Fallback).
[23:01:42] Summarizer: [MissingDetector] ⚠️ PAIRING FAIL: 'https://444.hu/2026/07/15/lebontjak-az-1908-ota-allo-hatarkeritest-spanyolorszag-es-gibraltar-kozult?utm_source=rss_feed&utm_medium=rss&utm_campaign=rss_syndication' not found. KEEPING ITEM (Fallback).
[23:01:42] Summarizer: [Batch] 2 item(s) missing from response → marked for reprocessing
[23:01:42] Summarizer: [FreeGeminiAPI_3] ⚠️ PAIRING FAIL: 'https://444.hu/2026/07/15/lebontjak-az-1908-ota-allo-hatarkeritest-spanyolorszag-es-gibraltar-kozult?utm_source=rss_feed&utm_medium=rss&utm_campaign=rss_syndication' not found. KEEPING ITEM (Fallback).
[23:01:52] Summarizer: [Batch] 1 item(s) missing from response → marked for reprocessing
[23:01:56] Summarizer: [MissingDetector] ⚠️ PAIRING FAIL: 'http://starity.hu/magazin/104375-anne-hathaway-t-sokkolta-a-harmadik-terhessige/?utm_source=starity.hu&utm_medium=rss&utm_campaign=starityrss' not found. KEEPING ITEM (Fallback).
[23:01:56] Summarizer: [Batch] 3 item(s) missing from response → marked for reprocessing
[23:01:56] Summarizer: [FreeGeminiAPI_3] ⚠️ PAIRING FAIL: 'http://starity.hu/magazin/104375-anne-hathaway-t-sokkolta-a-harmadik-terhessige/?utm_source=starity.hu&utm_medium=rss&utm_campaign=starityrss' not found. KEEPING ITEM (Fallback).
[23:01:59] Summarizer: [MissingDetector] ⚠️ PAIRING FAIL: 'https://www.ign.com/articles/new-details-revealed-on-whore-of-the-orient-la-noire-canceled-spiritual-successor' not found. KEEPING ITEM (Fallback).
[23:01:59] Summarizer: [Batch] 1 item(s) missing from response → marked for reprocessing
[23:01:59] Summarizer: [FreeGeminiAPI_3] ⚠️ PAIRING FAIL: 'https://www.ign.com/articles/new-details-revealed-on-whore-of-the-orient-la-noire-canceled-spiritual-successor' not found. KEEPING ITEM (Fallback).
[23:18:34] Image_Downloader: Download failed (https://techcrunch.com/wp-content/uploads/2026/07/Co-Founders-and-Rafael.jpeg?resize=1200,800): ("Connection broken: ConnectionResetError(54, 'Connection reset by peer')", ConnectionResetError(54, 'Connection reset by peer'))
[23:18:54] Summarizer: TIMEOUT (180s) - backend call took too long
[23:18:54] Summarizer: [Batch] No response from API (attempt 1/3)
[23:44:56] Summarizer: TIMEOUT (180s) - backend call took too long
[23:44:56] Summarizer: [Batch] No response from API (attempt 2/3)
[23:44:57] Summarizer: TIMEOUT (180s) - backend call took too long
[23:44:57] Summarizer: [Batch] No response from API (attempt 1/3)
[23:44:59] Summarizer: TIMEOUT (180s) - backend call took too long
[23:44:59] Summarizer: [Batch] No response from API (attempt 2/3)
[23:45:15] Summarizer: [Batch] 1 item(s) missing from response → marked for reprocessing
[23:45:23] Summarizer: [Batch] 1 item(s) missing from response → marked for reprocessing
[00:00:32] Image_Downloader: Download failed (https://techcrunch.com/wp-content/uploads/2026/07/Co-Founders-and-Rafael.jpeg?resize=1200,800): ('Connection aborted.', ConnectionResetError(54, 'Connection reset by peer'))
[00:00:32] Image_Downloader: Download failed (https://cdn.penzcentrum.hu/images/articles/lead/2026/07/1784114183-O7fYjI2nI_lg.jpg): ('Connection aborted.', ConnectionResetError(54, 'Connection reset by peer'))
[00:00:32] Image_Downloader: Download failed (https://kep.cdn.index.hu/1/0/7048/70481/704813/70481353_5199501_9ab1064e37ab80f945ae7d2cbde8bbb4_wm.jpg): ("Connection broken: ConnectionResetError(54, 'Connection reset by peer')", ConnectionResetError(54, 'Connection reset by peer'))
[00:01:04] Summarizer: TIMEOUT (180s) - backend call took too long
[00:01:04] Summarizer: [Batch] No response from API (attempt 1/3)
[00:01:04] Summarizer: TIMEOUT (180s) - backend call took too long
[00:01:04] Summarizer: [Batch] No response from API (attempt 1/3)
[00:01:05] Summarizer: TIMEOUT (180s) - backend call took too long
[00:01:05] Summarizer: [Batch] No response from API (attempt 1/3)
[00:01:06] Summarizer: TIMEOUT (180s) - backend call took too long
[00:01:06] Summarizer: [Batch] No response from API (attempt 1/3)
[00:01:08] Summarizer: TIMEOUT (180s) - backend call took too long
[00:01:08] Summarizer: [Batch] No response from API (attempt 1/3)
[00:01:25] Summarizer: [Batch] 3 item(s) missing from response → marked for reprocessing
[00:01:25] Summarizer: [Batch] 3 item(s) missing from response → marked for reprocessing
[00:01:28] Image_Downloader: Download failed (https://www.shutterstock.com): 403 Client Error: HTTP Forbidden for url: https://www.shutterstock.com/
[00:18:14] Image_Downloader: Download failed (https://techcrunch.com/wp-content/uploads/2026/07/Greenshot-2026-06-01-22.19.18.png?resize=1200,633): HTTPSConnectionPool(host='techcrunch.com', port=443): Read timed out. (read timeout=5)
[00:18:27] Summarizer: TIMEOUT (180s) - backend call took too long
[00:18:27] Summarizer: [Batch] No response from API (attempt 1/3)
[00:50:36] Summarizer: TIMEOUT (180s) - backend call took too long
[00:50:36] Summarizer: [Batch] No response from API (attempt 1/3)
[00:50:37] Summarizer: TIMEOUT (180s) - backend call took too long
[00:50:37] Summarizer: [Batch] No response from API (attempt 1/3)
[00:50:38] Summarizer: TIMEOUT (180s) - backend call took too long
[00:50:38] Summarizer: [Batch] No response from API (attempt 1/3)
[00:50:59] Summarizer: Reprocessing 4 pairing failures from data.json
[01:06:56] Summarizer: TIMEOUT (180s) - backend call took too long
[01:06:56] Summarizer: [Batch] No response from API (attempt 1/3)
[01:06:57] Summarizer: TIMEOUT (180s) - backend call took too long
[01:06:57] Summarizer: [Batch] No response from API (attempt 1/3)
[01:07:00] Summarizer: TIMEOUT (180s) - backend call took too long
[01:07:00] Summarizer: [Batch] No response from API (attempt 1/3)
[01:22:25] Summarizer: Reprocessing 4 pairing failures from data.json
[01:22:35] Summarizer: TIMEOUT (180s) - backend call took too long
[01:22:35] Summarizer: [Batch] No response from API (attempt 2/3)
[02:11:48] Summarizer: TIMEOUT (180s) - backend call took too long
[02:11:48] Summarizer: [Batch] No response from API (attempt 2/3)
[02:11:49] Summarizer: TIMEOUT (180s) - backend call took too long
[02:11:49] Summarizer: [Batch] No response from API (attempt 2/3)
[02:12:05] Summarizer: [Batch] 2 item(s) missing from response → marked for reprocessing
[02:12:31] Summarizer: TIMEOUT (180s) - backend call took too long
[02:12:31] Summarizer: [Batch] No response from API (attempt 1/3)
[02:12:52] Summarizer: Reprocessing 3 pairing failures from data.json
