
--- RSS Fetch Errors at 2026-03-19 00:14:34 ---
Error fetching https://media.sg.hu/rss/rss.xml: Failed to perform, curl: (28) Connection timed out after 15002 milliseconds. See https://curl.se/libcurl/c/libcurl-errors.html first for more details.
[00:14:47] Summarizer: [DownloadWorker-3] SKIP (duplicate title): Bitcoin ETFs' $1.2B Streak Hangs in Bala...
[00:14:52] Summarizer: [DownloadWorker-7] SKIP (duplicate title): Ultranagy sűrűségű rackkonfigurációkba j...
[00:14:55] Summarizer: [DownloadWorker-5] SKIP (duplicate title): The new BMW i3 EV is a road trip monster...
[00:15:05] Summarizer: [DownloadWorker-3] SKIP (duplicate title): BREAKING! A Pókember: Vadonatúj nap első...
[00:15:10] Summarizer: [DownloadWorker-9] SKIP (duplicate title): US Senators Urge Swift Action on Bitcoin...
[00:15:14] Image_Downloader: ❌ All API keys exhausted (rate limit on all)
[00:15:14] Summarizer: [DownloadWorker-7] SKIP (duplicate title): Újabb szakmába gyűrűzött be teljesen a m...
[00:15:21] Summarizer: [DownloadWorker-1] SKIP (duplicate title): Nem találná ki, mit exportáltunk Üzbegis...
[00:15:26] Summarizer: [DownloadWorker-0] SKIP (duplicate title): Google Sits Pretty as A.I. Rivals Compet...
[00:15:36] Summarizer: [DownloadWorker-1] SKIP (duplicate title): Building A Billion-Dollar Supply Chain: ...
[00:15:36] Summarizer: [DownloadWorker-0] SKIP (duplicate title): A tárnoki talajvízbázist is elérhette a ...
[00:15:38] Summarizer: [DownloadWorker-7] SKIP (duplicate title): Új átverés terjed: gyorshajtásra hivatko...
[00:15:49] Summarizer: [Batch] 1 item(s) missing from response → marked for reprocessing
[00:16:13] Summarizer: [DownloadWorker-6] SKIP (duplicate title): iOS 26.3.1 (a): Apple's First Background...
[00:16:22] Summarizer: [Batch] 2 item(s) missing from response → marked for reprocessing
[00:16:54] Summarizer: [DownloadWorker-2] SKIP (duplicate title): Bitcoin Battles High PPI Inflation Into ...
[00:17:01] Summarizer: [MissingDetector] ⚠️ PAIRING FAIL: 'https://www.ign.com/articles/sony-reportedly-issing-automatic-refunds-for-additional-content-bought-for-short-lived-live-service-highguard' not found. KEEPING ITEM (Fallback).
[00:17:01] Summarizer: [Batch] 1 item(s) missing from response → marked for reprocessing
[00:17:01] Summarizer: [Perplexity] ⚠️ PAIRING FAIL: 'https://www.ign.com/articles/sony-reportedly-issing-automatic-refunds-for-additional-content-bought-for-short-lived-live-service-highguard' not found. KEEPING ITEM (Fallback).
[00:17:35] Summarizer: [Batch] Invalid JSON (attempt 1/3)
[00:17:35] Summarizer: [Batch] Invalid JSON error: json.loads failed (pass 1): Expecting ',' delimiter: line 5 column 80 (char 190)
[00:17:35] Summarizer: [Batch] Invalid JSON error: json.loads failed (pass 2): Expecting ',' delimiter: line 5 column 80 (char 190)
[00:17:35] Summarizer: [Batch] Invalid JSON error: json.loads failed (pass 3): Expecting ',' delimiter: line 5 column 80 (char 190)
[00:17:35] Summarizer: [Batch] Invalid JSON error: Iterative repair stuck at round 2: Expecting property name enclosed in double quotes: line 5 column 81 (char 191)
[00:17:35] Summarizer: [Batch] Invalid JSON error: Final parse error: JSONDecodeError("Expecting ',' delimiter: line 5 column 80 (char 190)")
[00:18:02] Summarizer: [Batch] Invalid JSON (attempt 2/3)
[00:18:02] Summarizer: [Batch] Invalid JSON error: json.loads failed (pass 1): Expecting ',' delimiter: line 5 column 206 (char 332)
[00:18:02] Summarizer: [Batch] Invalid JSON error: json.loads failed (pass 2): Expecting ',' delimiter: line 5 column 206 (char 332)
[00:18:02] Summarizer: [Batch] Invalid JSON error: json.loads failed (pass 3): Expecting ',' delimiter: line 5 column 206 (char 332)
[00:18:02] Summarizer: [Batch] Invalid JSON error: Iterative repair stuck at round 2: Expecting property name enclosed in double quotes: line 5 column 207 (char 333)
[00:18:02] Summarizer: [Batch] Invalid JSON error: Final parse error: JSONDecodeError("Expecting ',' delimiter: line 5 column 206 (char 332)")
[00:18:16] Summarizer: [DownloadWorker-6] SKIP (duplicate title): Canada GDP Growth Rate...
[00:18:46] Summarizer: [Batch] 1 item(s) missing from response → marked for reprocessing
[00:18:47] Summarizer: [DownloadWorker-3] SKIP (duplicate title): Kritikák, videók, szereplők...
[00:18:47] Summarizer: [Batch] 🔧 No balanced array found, but recovered 4 individual object(s)
[00:18:47] Summarizer: [MissingDetector] ⚠️ PAIRING FAIL: 'https://www.gsplus.hu/hir/a-bungie-meg-mindig-halo-studioja-is-ez-most-nem-csak-duma-hanem-teny-379736.html' not found. KEEPING ITEM (Fallback).
[00:18:47] Summarizer: [Batch] 4 item(s) missing from response → marked for reprocessing
[00:18:47] Summarizer: [FreeGeminiAPI] ⚠️ PAIRING FAIL: 'https://www.gsplus.hu/hir/a-bungie-meg-mindig-halo-studioja-is-ez-most-nem-csak-duma-hanem-teny-379736.html' not found. KEEPING ITEM (Fallback).
[00:19:25] Summarizer: [Batch] 1 item(s) missing from response → marked for reprocessing
[00:19:54] Summarizer: [Batch] 2 item(s) missing from response → marked for reprocessing
[00:19:58] Summarizer: [Batch] 2 item(s) missing from response → marked for reprocessing
[00:20:04] Summarizer: [Batch] 🔧 No balanced array found, but recovered 6 individual object(s)
[00:20:04] Summarizer: [Batch] 1 item(s) missing from response → marked for reprocessing
[00:20:09] Summarizer: [Batch] 5 item(s) missing from response → marked for reprocessing
[00:20:24] Summarizer: [Batch] 2 item(s) missing from response → marked for reprocessing
[00:20:31] Summarizer: [Batch] 2 item(s) missing from response → marked for reprocessing
[00:21:06] Summarizer: [MissingDetector] ⚠️ PAIRING FAIL: 'https://24.hu/kulfold/20260318_gazipari-letesitmenyek-fele-tarto-dront-fogott-el-szaud-arabia/' not found. KEEPING ITEM (Fallback).
[00:21:06] Summarizer: [Batch] 4 item(s) missing from response → marked for reprocessing
[00:21:06] Summarizer: [GeminiSelenium] ⚠️ PAIRING FAIL: 'https://24.hu/kulfold/20260318_gazipari-letesitmenyek-fele-tarto-dront-fogott-el-szaud-arabia/' not found. KEEPING ITEM (Fallback).
[00:21:21] Summarizer: [DownloadWorker-8] SKIP (duplicate title): Filmek, képek, díjak...
[00:21:23] Summarizer: [DownloadWorker-8] SKIP (duplicate title): Olaszországban csökkentik az üzemanyag j...
[00:21:25] Summarizer: [DownloadWorker-8] SKIP (duplicate title): Vegyi anyagok nyomai miatt kerültek le f...
[00:21:26] Summarizer: [DownloadWorker-5] SKIP (duplicate title): A nap legfontosabb hírei – 2026. március...
[00:21:39] Summarizer: [MissingDetector] ⚠️ PAIRING FAIL: 'https://www.techpowerub.com/347509/game-developers-found-out-at-the-same-time-as-the-public-about-nvidia-dlss-5' not found. KEEPING ITEM (Fallback).
[00:21:39] Summarizer: [Batch] 1 item(s) missing from response → marked for reprocessing
[00:21:39] Summarizer: [Perplexity] ⚠️ PAIRING FAIL: 'https://www.techpowerub.com/347509/game-developers-found-out-at-the-same-time-as-the-public-about-nvidia-dlss-5' not found. KEEPING ITEM (Fallback).
[00:21:57] Summarizer: [Batch] 3 item(s) missing from response → marked for reprocessing
[00:22:11] Summarizer: [Batch] Invalid JSON (attempt 1/3)
[00:22:11] Summarizer: [Batch] Invalid JSON error: json.loads failed (pass 1): Expecting ',' delimiter: line 5 column 67 (char 194)
[00:22:11] Summarizer: [Batch] Invalid JSON error: json.loads failed (pass 2): Expecting ',' delimiter: line 5 column 67 (char 194)
[00:22:11] Summarizer: [Batch] Invalid JSON error: json.loads failed (pass 3): Expecting ',' delimiter: line 5 column 67 (char 194)
[00:22:11] Summarizer: [Batch] Invalid JSON error: Iterative repair stuck at round 2: Expecting property name enclosed in double quotes: line 5 column 68 (char 195)
[00:22:11] Summarizer: [Batch] Invalid JSON error: Final parse error: JSONDecodeError("Expecting ',' delimiter: line 5 column 67 (char 194)")
[00:22:17] Summarizer: [Batch] 1 item(s) missing from response → marked for reprocessing
[00:22:28] Summarizer: [DownloadWorker-3] SKIP (duplicate title): TV műsor...
[00:23:32] Summarizer: [Batch] 3 item(s) missing from response → marked for reprocessing
[00:24:56] Summarizer: [Batch] Invalid JSON (attempt 1/3)
[00:24:56] Summarizer: [Batch] Invalid JSON error: json.loads failed (pass 1): Expecting ',' delimiter: line 5 column 171 (char 321)
[00:24:56] Summarizer: [Batch] Invalid JSON error: json.loads failed (pass 2): Expecting ',' delimiter: line 5 column 171 (char 321)
[00:24:56] Summarizer: [Batch] Invalid JSON error: json.loads failed (pass 3): Expecting ',' delimiter: line 5 column 171 (char 321)
[00:24:56] Summarizer: [Batch] Invalid JSON error: Iterative repair stuck at round 2: Expecting property name enclosed in double quotes: line 5 column 172 (char 322)
[00:24:56] Summarizer: [Batch] Invalid JSON error: Final parse error: JSONDecodeError("Expecting ',' delimiter: line 5 column 171 (char 321)")
[00:25:17] Summarizer: [Batch] Invalid JSON (attempt 2/3)
[00:25:17] Summarizer: [Batch] Invalid JSON error: json.loads failed (pass 1): Expecting ',' delimiter: line 5 column 185 (char 323)
[00:25:17] Summarizer: [Batch] Invalid JSON error: json.loads failed (pass 2): Expecting ',' delimiter: line 5 column 185 (char 323)
[00:25:17] Summarizer: [Batch] Invalid JSON error: json.loads failed (pass 3): Expecting ',' delimiter: line 5 column 185 (char 323)
[00:25:17] Summarizer: [Batch] Invalid JSON error: Iterative repair stuck at round 2: Expecting property name enclosed in double quotes: line 5 column 186 (char 324)
[00:25:17] Summarizer: [Batch] Invalid JSON error: Final parse error: JSONDecodeError("Expecting ',' delimiter: line 5 column 185 (char 323)")
[00:25:39] Summarizer: [Batch] Invalid JSON (attempt 3/3)
[00:25:39] Summarizer: [Batch] Invalid JSON error: json.loads failed (pass 1): Expecting ',' delimiter: line 5 column 211 (char 359)
[00:25:39] Summarizer: [Batch] Invalid JSON error: json.loads failed (pass 2): Expecting ',' delimiter: line 5 column 211 (char 359)
[00:25:39] Summarizer: [Batch] Invalid JSON error: json.loads failed (pass 3): Expecting ',' delimiter: line 5 column 211 (char 359)
[00:25:39] Summarizer: [Batch] Invalid JSON error: Iterative repair stuck at round 2: Expecting property name enclosed in double quotes: line 5 column 212 (char 360)
[00:25:39] Summarizer: [Batch] Invalid JSON error: Final parse error: JSONDecodeError("Expecting ',' delimiter: line 5 column 211 (char 359)")
[00:28:53] Image_Downloader: ❌ All API keys exhausted (rate limit on all)
[00:28:53] Image_Downloader: ❌ All API keys exhausted (rate limit on all)
[00:28:54] Image_Downloader: ❌ All API keys exhausted (rate limit on all)
[00:28:54] Image_Downloader: ❌ All API keys exhausted (rate limit on all)
[00:28:54] Image_Downloader: ❌ All API keys exhausted (rate limit on all)
[00:28:54] Image_Downloader: ❌ All API keys exhausted (rate limit on all)
[00:28:55] Image_Downloader: ❌ All API keys exhausted (rate limit on all)
[00:28:55] Image_Downloader: ❌ All API keys exhausted (rate limit on all)
[00:28:55] Image_Downloader: ❌ All API keys exhausted (rate limit on all)
[00:28:55] Image_Downloader: ❌ All API keys exhausted (rate limit on all)
[00:28:55] Image_Downloader: ❌ All API keys exhausted (rate limit on all)
[00:28:55] Image_Downloader: ❌ All API keys exhausted (rate limit on all)
[00:28:55] Image_Downloader: ❌ All API keys exhausted (rate limit on all)
[00:28:55] Image_Downloader: ❌ All API keys exhausted (rate limit on all)
[00:28:55] Image_Downloader: ❌ All API keys exhausted (rate limit on all)
[00:28:55] Image_Downloader: ❌ All API keys exhausted (rate limit on all)
[00:28:55] Image_Downloader: ❌ All API keys exhausted (rate limit on all)
[00:28:55] Image_Downloader: ❌ All API keys exhausted (rate limit on all)
[00:28:55] Image_Downloader: ❌ All API keys exhausted (rate limit on all)
[00:28:57] Image_Downloader: ❌ All API keys exhausted (rate limit on all)
