[00:10:01] Summarizer: [Batch] 2 item(s) missing from response → marked for reprocessing
[00:10:25] Summarizer: [DownloadWorker-8] SKIP (duplicate title): TRADING ECONOMICS...
[00:10:26] Summarizer: [Batch] 1 item(s) missing from response → marked for reprocessing
[00:10:46] Summarizer: [DownloadWorker-8] SKIP (duplicate title): Milk Road...
[00:10:48] Summarizer: [DownloadWorker-5] SKIP (duplicate title): We're Tracking Streaming Price Hikes in ...
[00:10:53] Summarizer: [Batch] 3 item(s) missing from response → marked for reprocessing
[00:10:58] Summarizer: [MissingDetector] ⚠️ PAIRING FAIL: 'https://www.portfolio.hu/uzlet/20260413/tovabbi-olajtartalekokat-szabadithat-fel-szukseg-esete-a-nemzetkozi-energiaugynokseg-830370' not found. KEEPING ITEM (Fallback).
[00:10:58] Summarizer: [Batch] 1 item(s) missing from response → marked for reprocessing
[00:10:58] Summarizer: [FreeGeminiAPI_2] ⚠️ PAIRING FAIL: 'https://www.portfolio.hu/uzlet/20260413/tovabbi-olajtartalekokat-szabadithat-fel-szukseg-esete-a-nemzetkozi-energiaugynokseg-830370' not found. KEEPING ITEM (Fallback).
[00:10:59] Summarizer: [DownloadWorker-1] SKIP (duplicate title): Prog.Hu...
[00:11:01] Summarizer: [DownloadWorker-5] SKIP (duplicate title): TRADING ECONOMICS...
[00:11:24] Summarizer: [Batch] 1 item(s) missing from response → marked for reprocessing
[00:11:25] Summarizer: [DownloadWorker-5] SKIP (duplicate title): Prog.Hu...
[00:11:29] Summarizer: [DownloadWorker-5] SKIP (duplicate title): TRADING ECONOMICS...
[00:11:35] Summarizer: [Batch] 3 item(s) missing from response → marked for reprocessing
[00:11:38] Summarizer: [Batch] 3 item(s) missing from response → marked for reprocessing
[00:11:48] Summarizer: [MissingDetector] ⚠️ PAIRING FAIL: 'https://electrek.co/2026/04/13/hyundai-venus-ioniq-ev-spotted-in-public-for-the-first-time-image/' not found. KEEPING ITEM (Fallback).
[00:11:48] Summarizer: [Batch] 1 item(s) missing from response → marked for reprocessing
[00:11:48] Summarizer: [FreeGeminiAPI_3] ⚠️ PAIRING FAIL: 'https://electrek.co/2026/04/13/hyundai-venus-ioniq-ev-spotted-in-public-for-the-first-time-image/' not found. KEEPING ITEM (Fallback).
[00:12:13] Summarizer: [DownloadWorker-3] SKIP (duplicate title): 2026 Ford Everest Trend review...
[00:12:14] Summarizer: [Batch] 2 item(s) missing from response → marked for reprocessing
[00:12:28] Summarizer: [Batch] 3 item(s) missing from response → marked for reprocessing
[00:12:31] Summarizer: [Batch] 1 item(s) missing from response → marked for reprocessing
[00:12:32] Summarizer: [Batch] 2 item(s) missing from response → marked for reprocessing
[00:12:35] Summarizer: [DownloadWorker-0] SKIP (duplicate title): Égi jelenségek 2026. április második fel...
[00:12:36] Summarizer: [DownloadWorker-3] SKIP (duplicate title): A Hét Királyság lovagja - 1. évad: Egy l...
[00:12:44] Summarizer: [DownloadWorker-0] SKIP (duplicate title): Szerdai amerikai nézettség (04.08)...
[00:12:47] Summarizer: [DownloadWorker-1] SKIP (duplicate title): Napi üzenet hétfő – 2026. 04. 13. | Mari...
[00:12:48] Summarizer: [DownloadWorker-8] SKIP (duplicate title): Netflix: Erről a 3 új sorozatról és évad...
[00:12:51] Summarizer: [DownloadWorker-6] SKIP (duplicate title): World of Warcraft...
[00:12:57] Summarizer: [Batch] 3 item(s) missing from response → marked for reprocessing
[00:13:11] Summarizer: [Batch] 2 item(s) missing from response → marked for reprocessing
[00:13:35] Summarizer: [Batch] 1 item(s) missing from response → marked for reprocessing
[00:13:42] Summarizer: [Batch] 3 item(s) missing from response → marked for reprocessing
[00:13:45] Summarizer: [DownloadWorker-7] SKIP (duplicate title): Save $50 Off the Latest Apple AirPods Pr...
[00:14:08] Summarizer: [Batch] 1 item(s) missing from response → marked for reprocessing
[00:14:31] Summarizer: [Batch] 1 item(s) missing from response → marked for reprocessing
[00:14:48] Summarizer: [Batch] 1 item(s) missing from response → marked for reprocessing
[00:14:55] Summarizer: [Batch] 2 item(s) missing from response → marked for reprocessing
[00:15:01] Summarizer: [Batch] 3 item(s) missing from response → marked for reprocessing
[00:15:02] Summarizer: [Batch] 2 item(s) missing from response → marked for reprocessing
[00:15:23] Summarizer: [Batch] 2 item(s) missing from response → marked for reprocessing
[00:15:27] Summarizer: [Batch] 1 item(s) missing from response → marked for reprocessing
[00:15:32] Summarizer: Reprocessing 2 pairing failures from data.json
[00:17:28] Image_Downloader: Download failed (https://i0.wp.com/electrek.co/wp-content/uploads/sites/3/2024/07/Hyundai-EV-China-spy-shots.jpg): 404 Client Error: File Not Found for url: https://i0.wp.com/electrek.co/wp-content/uploads/sites/3/2024/07/Hyundai-EV-China-spy-shots.jpg

--- RSS Fetch Errors at 2026-04-14 06:03:28 ---
Error fetching https://esport1.hu/rss: Failed to perform, curl: (56) Connection closed abruptly. See https://curl.se/libcurl/c/libcurl-errors.html first for more details.
[06:04:19] Summarizer: [DownloadWorker-9] SKIP (duplicate title): Extravagáns szettek és merész divathúzás...
[06:04:35] Summarizer: [DownloadWorker-9] SKIP (duplicate title): Hyundai’s new ‘Venus’ IONIQ EV spotted i...
[06:04:37] Summarizer: [DownloadWorker-9] SKIP (duplicate title): Pezzie92 profilja...
[06:04:39] Summarizer: [DownloadWorker-2] SKIP (duplicate title): Melyik földrészről származik a paradicso...
[06:04:39] Summarizer: [DownloadWorker-8] SKIP (duplicate title): Five movies that were banned from filmin...
[06:04:41] Summarizer: [DownloadWorker-2] SKIP (duplicate title): Ausztráliában is nyomozni kell...
[06:04:45] Summarizer: [DownloadWorker-0] SKIP (duplicate title): Curiosity Blog, Sols 4845-4851: Bye-Bye ...
[06:04:56] Summarizer: [DownloadWorker-3] SKIP (duplicate title): The Velvet Underground changed Brian Eno...
[06:04:58] Summarizer: [DownloadWorker-9] SKIP (duplicate title): Osvárt Andrea kislánya már egy éves: Lun...
[06:04:59] Summarizer: [DownloadWorker-0] SKIP (duplicate title): BYD on upstart Chinese rivals: ‘We trust...
[06:05:02] Summarizer: [Batch] 1 item(s) missing from response → marked for reprocessing
[06:05:03] Summarizer: [DownloadWorker-3] SKIP (duplicate title): Szicília - Hotel Antares (Letojanni) - T...
[06:05:06] Summarizer: [DownloadWorker-9] SKIP (duplicate title): &#8220;It was like a clown car&#8221;: t...
[06:05:07] Summarizer: [DownloadWorker-0] SKIP (duplicate title): Hírhétfő – Ludwig 3. évad!...
[06:05:12] Summarizer: [DownloadWorker-6] SKIP (duplicate title): Délelőtti videó 4.: A felszín alatt – Eg...
[06:05:16] Summarizer: [DownloadWorker-3] SKIP (duplicate title): Far Out Magazine...
[06:05:17] Summarizer: [DownloadWorker-4] SKIP (duplicate title): 2026 Mercedes-Benz EQS revealed with 925...
[06:05:21] Summarizer: [DownloadWorker-4] SKIP (duplicate title): Retró: az Aranyélet amerikai előzetese...
[06:05:24] Summarizer: [DownloadWorker-1] SKIP (duplicate title): A nap képe: Magyar kökörcsin...
[06:05:25] Summarizer: [DownloadWorker-3] SKIP (duplicate title): &#8220;My tastes haven&#8217;t evolved&#...
[06:05:30] Summarizer: [DownloadWorker-6] SKIP (duplicate title): Oxigén Hotel****superior Family & Spa No...
[06:05:30] Summarizer: [DownloadWorker-4] SKIP (duplicate title): Why you’re probably ruining your car wit...
[06:05:31] Summarizer: [DownloadWorker-7] SKIP (duplicate title): &#8220;The man is an absolute moron!&#82...
[06:05:37] Summarizer: [DownloadWorker-7] SKIP (duplicate title): The guitarist even Eddie Van Halen knew ...
[06:05:40] Summarizer: [DownloadWorker-6] SKIP (duplicate title): Kristinus Borbirtok - Travel Magazin...
[06:06:35] Summarizer: TIMEOUT (180s) - backend call took too long
[06:06:35] Summarizer: [Batch] No response from API (attempt 1/3)
[06:07:31] Summarizer: TIMEOUT (180s) - backend call took too long
[06:07:31] Summarizer: [Batch] No response from API (attempt 1/3)
[06:07:49] Summarizer: [Batch] 1 item(s) missing from response → marked for reprocessing
[06:08:04] Summarizer: TIMEOUT (180s) - backend call took too long
[06:08:04] Summarizer: [Batch] No response from API (attempt 1/3)
[06:09:27] Summarizer: [Batch] 3 item(s) missing from response → marked for reprocessing
[06:09:55] Summarizer: [Batch] 3 item(s) missing from response → marked for reprocessing
[06:10:50] Summarizer: TIMEOUT (180s) - backend call took too long
[06:10:50] Summarizer: [Batch] No response from API (attempt 1/3)
[06:11:10] Summarizer: [Batch] 2 item(s) missing from response → marked for reprocessing
[06:12:58] Summarizer: [MissingDetector] ⚠️ PAIRING FAIL: 'https://funzine.hu/2026/04/14/utazas/felejthetetlen-latnivalok-sokasagával-var-a-del-dunantul-varazslatosan-szep-videke/' not found. KEEPING ITEM (Fallback).
[06:12:58] Summarizer: [Batch] 2 item(s) missing from response → marked for reprocessing
[06:12:58] Summarizer: [FreeGeminiAPI_2] ⚠️ PAIRING FAIL: 'https://funzine.hu/2026/04/14/utazas/felejthetetlen-latnivalok-sokasagával-var-a-del-dunantul-varazslatosan-szep-videke/' not found. KEEPING ITEM (Fallback).
[06:14:11] Summarizer: TIMEOUT (180s) - backend call took too long
[06:14:11] Summarizer: [Batch] No response from API (attempt 1/3)
[06:14:29] Summarizer: [Batch] 2 item(s) missing from response → marked for reprocessing
[06:14:30] Summarizer: [Batch] 4 item(s) missing from response → marked for reprocessing
[06:14:49] Summarizer: [Batch] 1 item(s) missing from response → marked for reprocessing
[06:15:29] Summarizer: [Batch] 1 item(s) missing from response → marked for reprocessing
[06:16:34] Summarizer: [Batch] 3 item(s) missing from response → marked for reprocessing
[06:16:41] Summarizer: [Batch] 2 item(s) missing from response → marked for reprocessing
[06:16:45] Summarizer: Reprocessing 1 pairing failures from data.json
[06:20:16] Image_Downloader: Download failed (https://funzine.hu/wp-content/uploads/2024/04/pecs-gasztro-kultura-del-dunantul-funzine-2024.jpg): 404 Client Error: Not Found for url: https://funzine.hu/wp-content/uploads/2024/04/pecs-gasztro-kultura-del-dunantul-funzine-2024.jpg
