
--- RSS Fetch Errors at 2026-05-30 02:42:08 ---
Error fetching https://forbes.hu/feed/: Failed to perform, curl: (28) Connection timed out after 971823 milliseconds. See https://curl.se/libcurl/c/libcurl-errors.html first for more details.
Error fetching https://www.portfolio.hu/rss/all.xml: Failed to perform, curl: (28) Resolving timed out after 972892 milliseconds. See https://curl.se/libcurl/c/libcurl-errors.html first for more details.
Error fetching https://444.hu/feed: Failed to perform, curl: (28) Operation timed out after 974318 milliseconds with 0 bytes received. See https://curl.se/libcurl/c/libcurl-errors.html first for more details.
Error fetching https://444.hu/category/tudomany/feed: Failed to perform, curl: (28) Operation timed out after 974319 milliseconds with 0 bytes received. See https://curl.se/libcurl/c/libcurl-errors.html first for more details.
Error fetching https://444.hu/category/belfold/feed: Failed to perform, curl: (28) Operation timed out after 974319 milliseconds with 0 bytes received. See https://curl.se/libcurl/c/libcurl-errors.html first for more details.
Error fetching https://index.hu/tudomany/rss/: Failed to perform, curl: (28) Operation timed out after 974318 milliseconds with 0 bytes received. See https://curl.se/libcurl/c/libcurl-errors.html first for more details.
Error fetching https://sg.hu/rss: Failed to perform, curl: (28) Operation timed out after 974322 milliseconds with 0 bytes received. See https://curl.se/libcurl/c/libcurl-errors.html first for more details.
Error fetching https://sg.hu/plain/rss.xml: Failed to perform, curl: (28) Operation timed out after 974318 milliseconds with 0 bytes received. See https://curl.se/libcurl/c/libcurl-errors.html first for more details.
Error fetching https://telex.hu/rss: Failed to perform, curl: (28) Operation timed out after 974318 milliseconds with 0 bytes received. See https://curl.se/libcurl/c/libcurl-errors.html first for more details.
Error fetching https://qubit.hu/feed: Failed to perform, curl: (28) Operation timed out after 974319 milliseconds with 0 bytes received. See https://curl.se/libcurl/c/libcurl-errors.html first for more details.
Error fetching https://telex.hu/rss/archivum?filters=%7B%22superTagSlugs%22%3A%5B%22eszkombajn%22%5D%2C%22parentId%22%3A%5B%22null%22%5D%7D&perPage=10: Failed to perform, curl: (28) Operation timed out after 974318 milliseconds with 0 bytes received. See https://curl.se/libcurl/c/libcurl-errors.html first for more details.
Error fetching https://www.pcwplus.hu/site/rss/rss.xml: Failed to perform, curl: (28) Connection timed out after 974321 milliseconds. See https://curl.se/libcurl/c/libcurl-errors.html first for more details.
Error fetching https://index.hu/24ora/rss: Failed to perform, curl: (28) Operation timed out after 974375 milliseconds with 0 bytes received. See https://curl.se/libcurl/c/libcurl-errors.html first for more details.
Error fetching https://totalcar.hu/24ora/rss/: Failed to perform, curl: (28) Resolving timed out after 972271 milliseconds. See https://curl.se/libcurl/c/libcurl-errors.html first for more details.
Error fetching https://index.hu/sitemap/friss.xml: Failed to perform, curl: (28) Operation timed out after 974410 milliseconds with 93402 bytes received. See https://curl.se/libcurl/c/libcurl-errors.html first for more details.
Error fetching https://hwsw.hu/xml/latest_news_rss.xml: Failed to perform, curl: (28) Connection timed out after 972430 milliseconds. See https://curl.se/libcurl/c/libcurl-errors.html first for more details.
Error fetching https://leetgaming.com/feed/: Failed to perform, curl: (28) Operation timed out after 974436 milliseconds with 0 bytes received. See https://curl.se/libcurl/c/libcurl-errors.html first for more details.
Error fetching https://www.portfolio.hu/rss/: Failed to perform, curl: (28) Operation timed out after 973248 milliseconds with 0 bytes received. See https://curl.se/libcurl/c/libcurl-errors.html first for more details.
Error fetching https://hold.hu/holdblog/feed: Failed to perform, curl: (28) Operation timed out after 973102 milliseconds with 0 bytes received. See https://curl.se/libcurl/c/libcurl-errors.html first for more details.
Error fetching https://www.penzcentrum.hu/rss: Failed to perform, curl: (28) Resolving timed out after 972318 milliseconds. See https://curl.se/libcurl/c/libcurl-errors.html first for more details.
[02:44:58] Summarizer: [DownloadWorker-8] SKIP (duplicate title): Femina.hu...
[02:44:58] Summarizer: [DownloadWorker-1] SKIP (duplicate title): TRADING ECONOMICS...
[02:45:08] Summarizer: [DownloadWorker-5] SKIP (duplicate title): Adatvédelmi és adatkezelési nyilatkozat...
[02:45:08] Summarizer: [Batch] 4 item(s) missing from response → marked for reprocessing
[03:00:39] Image_Downloader: Download failed (https://vezess2.p3k.hu/app/uploads/2025/08/bkk-brfk-budapest-rendorseg-ellenorzes-razzia-2025-07-30_nys_0445-1200x800.jpg): ("Connection broken: ConnectionResetError(54, 'Connection reset by peer')", ConnectionResetError(54, 'Connection reset by peer'))
[03:00:51] Summarizer: [Batch] 3 item(s) missing from response → marked for reprocessing
[03:00:56] Summarizer: [DownloadWorker-2] SKIP (duplicate title): The Absolute Best Horror Movies on Hulu...
[03:01:03] Summarizer: [DownloadWorker-1] SKIP (duplicate title): Femina.hu...
[03:01:14] Summarizer: [DownloadWorker-5] SKIP (duplicate title): So you’ve heard these AI terms and nodde...
[03:01:16] Summarizer: [DownloadWorker-3] SKIP (duplicate title): 5 Stocks to Watch: Week of 6/1/2026...
[03:01:20] Summarizer: [Batch] 2 item(s) missing from response → marked for reprocessing
[03:01:23] Summarizer: [DownloadWorker-8] SKIP (duplicate title): Miről álmodik a lány? (film, 2003) | Kri...
[03:01:27] Summarizer: [DownloadWorker-5] SKIP (duplicate title): T-Mobile vs. Verizon: Is It Time to Swit...
[03:01:31] Summarizer: [DownloadWorker-6] SKIP (duplicate title): Femina.hu...
[03:01:39] Summarizer: [DownloadWorker-3] SKIP (duplicate title): Családi filmek a tévében szombatra...
[03:17:26] Summarizer: [DownloadWorker-5] SKIP (duplicate title): Godzilla (film, 2014) | Kritikák, videók...
[03:17:31] Summarizer: [DownloadWorker-1] SKIP (duplicate title): Femina.hu...
[03:17:33] Summarizer: [DownloadWorker-7] SKIP (duplicate title): Sárkányok háza 3. évad és az új előzetes...
[03:17:35] Summarizer: [DownloadWorker-0] SKIP (duplicate title): Watch an Atlas V rocket launch 29 Amazon...
[03:17:56] Summarizer: [DownloadWorker-0] SKIP (duplicate title): Femina.hu...
[03:17:59] Summarizer: [DownloadWorker-2] SKIP (duplicate title): Latin-Amerika a Netflixen: Carizzma...
[03:18:03] Summarizer: [DownloadWorker-7] SKIP (duplicate title): Szombati programajánló...
[03:33:26] Summarizer: [DownloadWorker-9] SKIP (duplicate title): Femina.hu...
[03:33:33] Summarizer: [DownloadWorker-9] SKIP (duplicate title): WMN...
[03:33:41] Summarizer: [DownloadWorker-6] SKIP (duplicate title): Femina.hu...
[03:33:54] Summarizer: [DownloadWorker-0] SKIP (duplicate title): Femina.hu...
[03:34:01] Summarizer: [DownloadWorker-4] SKIP (duplicate title): Save Over 50% Off a Sonos Sub During the...
[03:42:36] Summarizer: [DownloadWorker-9] SKIP (duplicate title): Femina.hu...
[03:42:39] Summarizer: [DownloadWorker-2] SKIP (duplicate title): Sárkányok háza 3. évad: itt a hivatalos ...
[03:42:41] Summarizer: [DownloadWorker-8] SKIP (duplicate title): Femina.hu...
[03:42:53] Summarizer: [DownloadWorker-0] SKIP (duplicate title): Femina.hu...
[03:42:53] Summarizer: [DownloadWorker-5] SKIP (duplicate title): A The Audacity karakterei...
[03:42:56] Summarizer: TIMEOUT (180s) - backend call took too long
[03:42:56] Summarizer: [Batch] No response from API (attempt 1/3)
[03:42:58] Summarizer: TIMEOUT (180s) - backend call took too long
[03:42:58] Summarizer: [Batch] No response from API (attempt 1/3)
[03:43:00] Summarizer: [DownloadWorker-4] SKIP (duplicate title): Femina.hu...
[03:43:03] Summarizer: [DownloadWorker-4] SKIP (duplicate title): Femina.hu...
[03:43:18] Summarizer: [Batch] 3 item(s) missing from response → marked for reprocessing
[03:58:55] Summarizer: TIMEOUT (180s) - backend call took too long
[03:58:55] Summarizer: [Batch] No response from API (attempt 1/3)
[03:58:58] Summarizer: [Batch] No response from API (attempt 1/3)
[03:58:58] Summarizer: [Batch] No response from API (attempt 2/3)
[03:59:13] Summarizer: [Batch] 3 item(s) missing from response → marked for reprocessing
[03:59:15] Summarizer: [Batch] 1 item(s) missing from response → marked for reprocessing
[03:59:25] Summarizer: [Batch] 1 item(s) missing from response → marked for reprocessing
[03:59:32] Summarizer: [Batch] 1 item(s) missing from response → marked for reprocessing
[05:00:15] Summarizer: TIMEOUT (180s) - backend call took too long
[05:00:15] Summarizer: [Batch] No response from API (attempt 1/3)
[05:00:21] Summarizer: TIMEOUT (180s) - backend call took too long
[05:00:21] Summarizer: [Batch] No response from API (attempt 1/3)
[05:00:26] Summarizer: TIMEOUT (180s) - backend call took too long
[05:00:26] Summarizer: [Batch] No response from API (attempt 1/3)
[05:00:33] Summarizer: [Batch] 1 item(s) missing from response → marked for reprocessing
[05:00:40] Summarizer: [Batch] 3 item(s) missing from response → marked for reprocessing
[05:00:44] Summarizer: [Batch] 1 item(s) missing from response → marked for reprocessing
[05:22:53] Summarizer: [Batch] No response from API (attempt 2/3)
[05:22:53] Summarizer: [Batch] No response from API (attempt 1/3)
[05:22:53] Summarizer: [Batch] No response from API (attempt 1/3)
[05:23:25] Summarizer: [Batch] 3 item(s) missing from response → marked for reprocessing
[05:23:26] Summarizer: [MissingDetector] ⚠️ PAIRING FAIL: 'https://cointelegraph.com/markets/bitcoin-plums-new-six-week-low-as-analyst-eyes-btc-price-dip-end-at-72k' not found. KEEPING ITEM (Fallback).
[05:23:26] Summarizer: [Batch] 1 item(s) missing from response → marked for reprocessing
[05:23:26] Summarizer: [FreeGeminiAPI_2] ⚠️ PAIRING FAIL: 'https://cointelegraph.com/markets/bitcoin-plums-new-six-week-low-as-analyst-eyes-btc-price-dip-end-at-72k' not found. KEEPING ITEM (Fallback).
[05:38:44] Image_Downloader: Download failed (https://starity.hu/images/articles/800x600/viszlat-ben-igy-valtoztatta-meg-a-szerelmi-tetkojat-jennifer-lopez-05280814.jpg): ('Connection aborted.', ConnectionResetError(54, 'Connection reset by peer'))
[05:38:44] Image_Downloader: Download failed (https://i.cdn29.hu/apix_collect_c/ngg_images/2604/10/keysworlds_102247_1_original_760x425_cover.jpg): ("Connection broken: ConnectionResetError(54, 'Connection reset by peer')", ConnectionResetError(54, 'Connection reset by peer'))
[06:02:25] Summarizer: [Batch] No response from API (attempt 1/3)
[06:02:25] Summarizer: [Batch] No response from API (attempt 1/3)
[06:02:25] Summarizer: [Batch] No response from API (attempt 1/3)
[06:02:46] Summarizer: [MissingDetector] ⚠️ PAIRING FAIL: 'https://www.penzcentrum.hu/vilag/20260529/elkepeszto-tempoban-hivjak-le-az-unios-milliardokat-a-regio-ban-magyarorszag-egyelore-csak-almodhat-rola-1199532' not found. KEEPING ITEM (Fallback).
[06:02:46] Summarizer: [Batch] 1 item(s) missing from response → marked for reprocessing
[06:02:46] Summarizer: [FreeGeminiAPI_3] ⚠️ PAIRING FAIL: 'https://www.penzcentrum.hu/vilag/20260529/elkepeszto-tempoban-hivjak-le-az-unios-milliardokat-a-regio-ban-magyarorszag-egyelore-csak-almodhat-rola-1199532' not found. KEEPING ITEM (Fallback).
[06:02:49] Summarizer: [MissingDetector] ⚠️ PAIRING FAIL: 'https://www.forbes.com/sites/poojashah/2026/05/29/the-new-arsenal-fan-souvenir-isnt-a-jersey-its-diamonds/' not found. KEEPING ITEM (Fallback).
[06:02:49] Summarizer: [Batch] 5 item(s) missing from response → marked for reprocessing
[06:02:49] Summarizer: [FreeGeminiAPI_1] ⚠️ PAIRING FAIL: 'https://www.forbes.com/sites/poojashah/2026/05/29/the-new-arsenal-fan-souvenir-isnt-a-jersey-its-diamonds/' not found. KEEPING ITEM (Fallback).
[06:02:54] Summarizer: [Batch] 1 item(s) missing from response → marked for reprocessing
[06:03:01] Summarizer: [MissingDetector] ⚠️ PAIRING FAIL: 'https://www.portfolio.hu/global/20260529/ez-egyre-baljosabb-a-roman-eset-utan-ujabb-nato-tag-allampolgara-serult-meg-orosz-droncsapasban-840042' not found. KEEPING ITEM (Fallback).
[06:03:01] Summarizer: [Batch] 2 item(s) missing from response → marked for reprocessing
[06:03:01] Summarizer: [FreeGeminiAPI_3] ⚠️ PAIRING FAIL: 'https://www.portfolio.hu/global/20260529/ez-egyre-baljosabb-a-roman-eset-utan-ujabb-nato-tag-allampolgara-serult-meg-orosz-droncsapasban-840042' not found. KEEPING ITEM (Fallback).
[06:03:02] Summarizer: [Batch] 3 item(s) missing from response → marked for reprocessing
[06:03:14] Summarizer: [MissingDetector] ⚠️ PAIRING FAIL: 'https://24.hu/kozelet/20260529/magyar-zaszlo-egetes-szerb-szabadka/' not found. KEEPING ITEM (Fallback).
[06:03:14] Summarizer: [Batch] 1 item(s) missing from response → marked for reprocessing
[06:03:14] Summarizer: [FreeGeminiAPI_3] ⚠️ PAIRING FAIL: 'https://24.hu/kozelet/20260529/magyar-zaszlo-egetes-szerb-szabadka/' not found. KEEPING ITEM (Fallback).
[06:05:54] Image_Downloader: Download failed (https://www.techpowerup.com/img/74xeAp3myrnAMmwg.jpg): HTTPSConnectionPool(host='www.techpowerup.com', port=443): Read timed out.
[06:45:59] Summarizer: TIMEOUT (180s) - backend call took too long
[06:45:59] Summarizer: [Batch] No response from API (attempt 1/3)
[06:46:11] Summarizer: TIMEOUT (180s) - backend call took too long
[06:46:11] Summarizer: [Batch] No response from API (attempt 1/3)
[06:47:09] Summarizer: [Batch] 1 item(s) missing from response → marked for reprocessing
[06:47:27] Summarizer: TIMEOUT (180s) - backend call took too long
[06:47:27] Summarizer: [Batch] No response from API (attempt 1/3)
[06:47:35] Summarizer: [DownloadWorker-7] SKIP (duplicate title): Magyar zászlót égettek Szabadkán szerb d...
[07:04:47] Summarizer: [DownloadWorker-7] SKIP (duplicate title): Rivian Says Fight Over Apple CarPlay Is ...
[07:05:00] Summarizer: [DownloadWorker-0] SKIP (duplicate title): 2026 Mazda CX-5 gets rally-style off-roa...
[07:05:01] Summarizer: [DownloadWorker-4] SKIP (duplicate title): Befektetési lehetőségek...
[07:05:02] Summarizer: [Batch] 2 item(s) missing from response → marked for reprocessing
[07:05:05] Summarizer: [DownloadWorker-7] SKIP (duplicate title): Ha tudtam volna, hogy ilyen nehéz lesz.....
[07:05:08] Summarizer: [DownloadWorker-2] SKIP (duplicate title): New Disney Plus Titles in June 2026: Her...
[07:05:15] Summarizer: [DownloadWorker-8] SKIP (duplicate title): HOLDBLOG...
[07:05:18] Summarizer: [DownloadWorker-9] SKIP (duplicate title): Coders are refusing to work without AI —...
[07:05:19] Summarizer: [Batch] 2 item(s) missing from response → marked for reprocessing
[07:05:21] Summarizer: [DownloadWorker-5] SKIP (duplicate title): Magyar zászlót égettek Szabadkán szerb d...
[07:05:25] Summarizer: [DownloadWorker-2] SKIP (duplicate title): ‘Realistic and reasonable’: The car clai...
[07:20:41] Summarizer: [DownloadWorker-4] SKIP (duplicate title): Online befektetési alapok...
[07:20:45] Summarizer: [DownloadWorker-8] SKIP (duplicate title): This Tesla owner won $10k in court for T...
[07:20:54] Summarizer: [DownloadWorker-9] SKIP (duplicate title): Kifejezetten Lestat...
[07:21:07] Summarizer: [DownloadWorker-0] SKIP (duplicate title): Only in Monroe...
[07:21:08] Summarizer: [DownloadWorker-3] SKIP (duplicate title): Természetes volumen és feszesebb arckont...
[07:21:11] Summarizer: [DownloadWorker-2] SKIP (duplicate title): What happens when companies become too A...
[07:21:12] Summarizer: [DownloadWorker-5] SKIP (duplicate title): Backrooms and Exit 8 make the perfect do...
[07:37:51] Summarizer: [DownloadWorker-0] SKIP (duplicate title): The New Arsenal Fan Souvenir Isn’t A Jer...
[07:38:13] Summarizer: [DownloadWorker-8] SKIP (duplicate title): What was the first movie shown on a plan...
[07:46:50] Summarizer: TIMEOUT (180s) - backend call took too long
[07:46:50] Summarizer: [Batch] No response from API (attempt 1/3)
[07:46:54] Summarizer: TIMEOUT (180s) - backend call took too long
[07:46:54] Summarizer: [Batch] No response from API (attempt 1/3)
[07:46:57] Summarizer: TIMEOUT (180s) - backend call took too long
[07:46:57] Summarizer: [Batch] No response from API (attempt 2/3)
[07:46:58] Summarizer: TIMEOUT (180s) - backend call took too long
[07:46:58] Summarizer: [Batch] No response from API (attempt 1/3)
[07:47:13] Summarizer: [Batch] 3 item(s) missing from response → marked for reprocessing
[07:47:15] Summarizer: [Batch] 2 item(s) missing from response → marked for reprocessing
[07:55:36] Summarizer: TIMEOUT (180s) - backend call took too long
[07:55:36] Summarizer: [Batch] No response from API (attempt 1/3)
[07:55:54] Summarizer: TIMEOUT (180s) - backend call took too long
[07:55:54] Summarizer: [Batch] No response from API (attempt 1/3)
[07:55:59] Summarizer: [Batch] 1 item(s) missing from response → marked for reprocessing
[08:16:15] Summarizer: TIMEOUT (180s) - backend call took too long
[08:16:15] Summarizer: [Batch] No response from API (attempt 1/3)
[08:16:16] Summarizer: TIMEOUT (180s) - backend call took too long
[08:16:16] Summarizer: [Batch] No response from API (attempt 1/3)
[08:16:17] Summarizer: TIMEOUT (180s) - backend call took too long
[08:16:17] Summarizer: [Batch] No response from API (attempt 1/3)
[08:16:18] Summarizer: TIMEOUT (180s) - backend call took too long
[08:16:18] Summarizer: [Batch] No response from API (attempt 1/3)
[08:16:32] Summarizer: [Batch] 3 item(s) missing from response → marked for reprocessing
[08:32:36] Summarizer: [Batch] No response from API (attempt 2/3)
[08:32:36] Summarizer: [Batch] No response from API (attempt 2/3)
[08:32:36] Summarizer: [Batch] No response from API (attempt 2/3)
[08:32:36] Summarizer: [Batch] No response from API (attempt 1/3)
[08:32:57] Summarizer: [Batch] 3 item(s) missing from response → marked for reprocessing
[08:33:00] Summarizer: [Batch] 3 item(s) missing from response → marked for reprocessing
[08:33:01] Summarizer: [Batch] 1 item(s) missing from response → marked for reprocessing
[08:33:01] Summarizer: [Batch] 1 item(s) missing from response → marked for reprocessing
[08:33:07] Summarizer: [Batch] 3 item(s) missing from response → marked for reprocessing
[08:33:08] Image_Downloader: Download failed (https://www.pcguru.hu/images/news/2026-05/nem_szegyenlos_a_samsung_galaxy_z_fold8_wide_a_jelek_szerint_1780053771_a40486e9a7aabf7f5e2c.jpg): HTTPSConnectionPool(host='www.pcguru.hu', port=443): Read timed out. (read timeout=5)
[09:37:13] Summarizer: [Batch] No response from API (attempt 1/3)
[09:37:13] Summarizer: [Batch] No response from API (attempt 1/3)
[09:37:13] Summarizer: [Batch] No response from API (attempt 2/3)
[09:37:13] Summarizer: [Batch] No response from API (attempt 1/3)
[09:37:13] Summarizer: [Batch] No response from API (attempt 1/3)
[09:37:13] Summarizer: [Batch] No response from API (attempt 1/3)
[09:37:29] Summarizer: [Batch] 3 item(s) missing from response → marked for reprocessing
[09:37:32] Summarizer: [Batch] 1 item(s) missing from response → marked for reprocessing
[09:37:43] Summarizer: [Batch] 1 item(s) missing from response → marked for reprocessing
[09:37:48] Summarizer: [Batch] 1 item(s) missing from response → marked for reprocessing
[09:40:13] Summarizer: [Batch] 2 item(s) missing from response → marked for reprocessing
[09:40:27] Image_Downloader: Download failed (https://cdn1.faroutmagazine.co.uk/uploads/1/2025/07/Vin-Diesel-Actor-2013-Far-Out-Magazine.jpg): HTTPSConnectionPool(host='cdn1.faroutmagazine.co.uk', port=443): Read timed out. (read timeout=20)
[09:40:52] Summarizer: [Batch] 1 item(s) missing from response → marked for reprocessing
[09:41:50] Summarizer: [Batch] 2 item(s) missing from response → marked for reprocessing
[09:42:41] Summarizer: TIMEOUT (180s) - backend call took too long
[09:42:41] Summarizer: [Batch] No response from API (attempt 2/3)
[09:42:54] Summarizer: TIMEOUT (180s) - backend call took too long
[09:42:54] Summarizer: [Batch] No response from API (attempt 1/3)
[09:43:00] Summarizer: [Batch] 1 item(s) missing from response → marked for reprocessing
[09:43:02] Summarizer: TIMEOUT (180s) - backend call took too long
[09:43:02] Summarizer: [Batch] No response from API (attempt 1/3)
[09:43:03] Summarizer: TIMEOUT (180s) - backend call took too long
[09:43:03] Summarizer: [Batch] No response from API (attempt 1/3)
[09:43:07] Summarizer: TIMEOUT (180s) - backend call took too long
[09:43:07] Summarizer: [Batch] No response from API (attempt 1/3)
[09:43:32] Summarizer: [Batch] 2 item(s) missing from response → marked for reprocessing
[09:43:40] Summarizer: [Batch] 3 item(s) missing from response → marked for reprocessing
[09:43:48] Summarizer: [Batch] 2 item(s) missing from response → marked for reprocessing
[09:43:48] Summarizer: [Batch] 2 item(s) missing from response → marked for reprocessing
[09:43:49] Summarizer: [Batch] 1 item(s) missing from response → marked for reprocessing
[09:43:58] Summarizer: [MissingDetector] ⚠️ PAIRING FAIL: 'https://444.hu/2026/05/28/vilagrekord-szentendrei-a-harry-potter-the-exhibition-elerte-a-46-milliomodik-latogatot' not found. KEEPING ITEM (Fallback).
[09:43:58] Summarizer: [Batch] 1 item(s) missing from response → marked for reprocessing
[09:43:58] Summarizer: [FreeGeminiAPI_2] ⚠️ PAIRING FAIL: 'https://444.hu/2026/05/28/vilagrekord-szentendrei-a-harry-potter-the-exhibition-elerte-a-46-milliomodik-latogatot' not found. KEEPING ITEM (Fallback).
[09:44:00] Summarizer: [Batch] 2 item(s) missing from response → marked for reprocessing
[09:44:07] Summarizer: [MissingDetector] ⚠️ PAIRING FAIL: 'https://www.mafab.hu/article/elozetest-kapott-napjaink-egyik-legjobb-krimisorozat-anak-2-evada-mar-juniusban-streamingen-51' not found. KEEPING ITEM (Fallback).
[09:44:07] Summarizer: [Batch] 3 item(s) missing from response → marked for reprocessing
[09:44:07] Summarizer: [FreeGeminiAPI_1] ⚠️ PAIRING FAIL: 'https://www.mafab.hu/article/elozetest-kapott-napjaink-egyik-legjobb-krimisorozat-anak-2-evada-mar-juniusban-streamingen-51' not found. KEEPING ITEM (Fallback).
[09:44:14] Summarizer: [Batch] 3 item(s) missing from response → marked for reprocessing
[09:44:16] Summarizer: [Batch] 1 item(s) missing from response → marked for reprocessing
[09:44:22] Summarizer: Reprocessing 6 pairing failures from data.json
[09:44:51] Summarizer: [MissingDetector] ⚠️ PAIRING FAIL: 'https://www.forbes.com/sites/brianmazique/20260529/wwe-clash-in-italy-full-card-what-time-does-it-start/' not found. KEEPING ITEM (Fallback).
[09:44:51] Summarizer: [Batch] 3 item(s) missing from response → marked for reprocessing
[09:44:51] Summarizer: [FreeGeminiAPI_2] ⚠️ PAIRING FAIL: 'https://www.forbes.com/sites/brianmazique/20260529/wwe-clash-in-italy-full-card-what-time-does-it-start/' not found. KEEPING ITEM (Fallback).
[09:45:00] Summarizer: [Batch] 2 item(s) missing from response → marked for reprocessing
[09:45:06] Summarizer: Reprocessing 6 pairing failures from data.json

--- RSS Fetch Errors at 2026-05-30 21:38:59 ---
Error fetching https://telex.hu/rss/archivum?filters=%7B%22superTagSlugs%22%3A%5B%22eszkombajn%22%5D%2C%22parentId%22%3A%5B%22null%22%5D%7D&perPage=10: Failed to perform, curl: (28) Connection timed out after 10002 milliseconds. See https://curl.se/libcurl/c/libcurl-errors.html first for more details.
Error fetching https://sg.hu/plain/rss.xml: Failed to perform, curl: (28) Connection timed out after 10002 milliseconds. See https://curl.se/libcurl/c/libcurl-errors.html first for more details.
Error fetching https://www.pcwplus.hu/site/rss/rss.xml: Failed to perform, curl: (28) Connection timed out after 10002 milliseconds. See https://curl.se/libcurl/c/libcurl-errors.html first for more details.
Error fetching https://www.portfolio.hu/rss/all.xml: Failed to perform, curl: (28) Connection timed out after 10003 milliseconds. See https://curl.se/libcurl/c/libcurl-errors.html first for more details.
Error fetching https://www.penzcentrum.hu/rss: Failed to perform, curl: (28) Connection timed out after 10001 milliseconds. See https://curl.se/libcurl/c/libcurl-errors.html first for more details.
Error fetching https://welovebudapest.com/feed/: Failed to perform, curl: (28) Connection timed out after 10003 milliseconds. See https://curl.se/libcurl/c/libcurl-errors.html first for more details.
Error fetching https://rss.nytimes.com/services/xml/rss/nyt/Technology.xml: Failed to perform, curl: (28) Connection timed out after 10003 milliseconds. See https://curl.se/libcurl/c/libcurl-errors.html first for more details.
Error fetching https://www.cnet.com/rss/all/: Failed to perform, curl: (28) Connection timed out after 10003 milliseconds. See https://curl.se/libcurl/c/libcurl-errors.html first for more details.
Error fetching https://vezess.hu/rss: Failed to perform, curl: (28) Connection timed out after 10003 milliseconds. See https://curl.se/libcurl/c/libcurl-errors.html first for more details.
Error fetching https://www.livescience.com/feeds/all: Failed to perform, curl: (28) Connection timed out after 10004 milliseconds. See https://curl.se/libcurl/c/libcurl-errors.html first for more details.
Error fetching https://www.sciencedaily.com/rss/top.xml: Failed to perform, curl: (28) Connection timed out after 10001 milliseconds. See https://curl.se/libcurl/c/libcurl-errors.html first for more details.
Error fetching https://www.pcgamer.com/rss/: Failed to perform, curl: (28) Connection timed out after 10002 milliseconds. See https://curl.se/libcurl/c/libcurl-errors.html first for more details.
Error fetching https://hold.hu/holdblog/feed: Failed to perform, curl: (28) Operation timed out after 25644 milliseconds with 48565 bytes received. See https://curl.se/libcurl/c/libcurl-errors.html first for more details.
Error fetching https://techcrunch.com/feed: Failed to perform, curl: (28) Connection timed out after 10002 milliseconds. See https://curl.se/libcurl/c/libcurl-errors.html first for more details.
Error fetching https://prog.hu/site/backend/proghu-rss.xml: Failed to perform, curl: (28) Operation timed out after 1060572 milliseconds with 0 out of 24010 bytes received. See https://curl.se/libcurl/c/libcurl-errors.html first for more details.
Error fetching https://gsplus.hu/site/rss/rss.xml: Failed to perform, curl: (28) Resolving timed out after 1057544 milliseconds. See https://curl.se/libcurl/c/libcurl-errors.html first for more details.
Error fetching https://insideevs.com/rss/articles/all: Failed to perform, curl: (28) Operation timed out after 1071926 milliseconds with 0 bytes received. See https://curl.se/libcurl/c/libcurl-errors.html first for more details.
[21:49:30] Summarizer: [DownloadWorker-9] SKIP (duplicate title): TV műsor...
[22:06:45] Summarizer: [Batch] No response from API (attempt 1/3)
[22:06:52] Summarizer: [DownloadWorker-3] SKIP (duplicate title): Prog.Hu...
[22:07:09] Summarizer: [Batch] 2 item(s) missing from response → marked for reprocessing
[22:07:22] Summarizer: [Batch] 1 item(s) missing from response → marked for reprocessing
[22:07:28] Summarizer: [DownloadWorker-3] SKIP (duplicate title): Emlékszel még az elmúlt 10 év BL-döntőir...
[22:23:31] Summarizer: [DownloadWorker-7] SKIP (duplicate title): 2026 Ferrari Luce configurator challenge...
[22:23:38] Summarizer: [DownloadWorker-3] SKIP (duplicate title): Femina.hu...
[22:23:43] Summarizer: [DownloadWorker-7] SKIP (duplicate title): PROHARDVER!...
[22:23:52] Summarizer: TIMEOUT (180s) - backend call took too long
[22:23:52] Summarizer: [Batch] No response from API (attempt 1/3)
[22:39:36] Summarizer: [Batch] No response from API (attempt 1/3)
[22:39:37] Summarizer: [Batch] No response from API (attempt 1/3)
[22:39:48] Summarizer: [MissingDetector] ⚠️ PAIRING FAIL: 'https://esport1.hu/news/2026/05/30/filmek-es-sorozatok-bugonia-streaming-premier-skyshowfrom-junius-emma-stone-jesse-plemons-marlasinger' not found. KEEPING ITEM (Fallback).
[22:39:48] Summarizer: [Batch] 2 item(s) missing from response → marked for reprocessing
[22:39:48] Summarizer: [FreeGeminiAPI_1] ⚠️ PAIRING FAIL: 'https://esport1.hu/news/2026/05/30/filmek-es-sorozatok-bugonia-streaming-premier-skyshowfrom-junius-emma-stone-jesse-plemons-marlasinger' not found. KEEPING ITEM (Fallback).
[22:39:54] Summarizer: [DownloadWorker-5] SKIP (duplicate title): Femina.hu...
[22:45:37] Summarizer: [DownloadWorker-4] SKIP (duplicate title): Prog.Hu...
[22:45:47] Summarizer: [DownloadWorker-6] SKIP (duplicate title): Totálisan rákattant az Eufória sztárja a...
[22:45:59] Summarizer: [DownloadWorker-9] SKIP (duplicate title): Femina.hu...
[22:49:33] Summarizer: [DownloadWorker-2] SKIP (duplicate title): Prog.Hu...
[22:49:45] Summarizer: [DownloadWorker-0] SKIP (duplicate title): Esport1...
[23:00:23] Summarizer: [DownloadWorker-7] SKIP (duplicate title): Ezek a fürdőruhák fiatalítanak a legjobb...
[23:00:27] Summarizer: [DownloadWorker-0] SKIP (duplicate title): Prog.Hu...
[23:00:30] Summarizer: [DownloadWorker-2] SKIP (duplicate title): Sárkányok háza 3. évad: itt a hivatalos ...
[23:00:33] Summarizer: [DownloadWorker-9] SKIP (duplicate title): How to Stream 'Love Island USA' Season 8...
[23:00:34] Summarizer: [DownloadWorker-0] SKIP (duplicate title): Femina.hu...
[23:00:43] Summarizer: [DownloadWorker-7] SKIP (duplicate title): Most építs gépet, amíg nem késő! — A vár...
[23:00:54] Summarizer: [DownloadWorker-5] SKIP (duplicate title): A hét kérdése: sorozat, ami fiatalon tet...
[23:00:54] Summarizer: [DownloadWorker-2] SKIP (duplicate title): Genetics news, features and articles...
[23:00:57] Summarizer: [DownloadWorker-6] SKIP (duplicate title): Prog.Hu...
[23:13:01] Summarizer: [DownloadWorker-2] SKIP (duplicate title): Femina.hu...
[23:13:04] Summarizer: [DownloadWorker-0] SKIP (duplicate title): PROHARDVER!...
[23:13:04] Summarizer: TIMEOUT (180s) - backend call took too long
[23:13:04] Summarizer: [Batch] No response from API (attempt 2/3)
[23:13:06] Summarizer: [DownloadWorker-7] SKIP (duplicate title): Prog.Hu...
[23:13:07] Summarizer: TIMEOUT (180s) - backend call took too long
[23:13:07] Summarizer: [Batch] No response from API (attempt 1/3)
[23:13:09] Summarizer: [DownloadWorker-6] SKIP (duplicate title): Viszlát, Ben! Így változtatta meg a szer...
[23:13:10] Summarizer: [DownloadWorker-0] SKIP (duplicate title): Esport1...
[23:13:14] Summarizer: [DownloadWorker-6] SKIP (duplicate title): Femina.hu...
[23:13:16] Summarizer: [DownloadWorker-4] SKIP (duplicate title): Prog.Hu...
[23:13:17] Summarizer: TIMEOUT (180s) - backend call took too long
[23:13:17] Summarizer: [Batch] No response from API (attempt 1/3)
[23:13:18] Summarizer: [DownloadWorker-9] SKIP (duplicate title): Elolvastuk: 16 szuper új gyerekkönyv gye...
[23:13:22] Summarizer: [DownloadWorker-4] SKIP (duplicate title): Weather news, features and articles...
[23:13:25] Summarizer: [Batch] 1 item(s) missing from response → marked for reprocessing
[23:13:28] Summarizer: [DownloadWorker-9] SKIP (duplicate title): TOP 3-ban a Netflixen: Csak tegnap kerül...
[23:13:30] Summarizer: [DownloadWorker-2] SKIP (duplicate title): Prog.Hu...
[23:13:32] Summarizer: [DownloadWorker-9] SKIP (duplicate title): League of Legends...
[23:13:33] Summarizer: [DownloadWorker-2] SKIP (duplicate title): PROHARDVER!...
[23:13:34] Summarizer: [MissingDetector] ⚠️ PAIRING FAIL: 'https://index.hu/belfold/2026/05/30/bajnokok-ligaja-donto-budapest-autos-kozlekedes-forgalom-korlatozatasok-dugok-rendorseg-bkk-liszt-ferenc-repuloter/' not found. KEEPING ITEM (Fallback).
[23:13:34] Summarizer: [Batch] 1 item(s) missing from response → marked for reprocessing
[23:13:34] Summarizer: [FreeGeminiAPI_1] ⚠️ PAIRING FAIL: 'https://index.hu/belfold/2026/05/30/bajnokok-ligaja-donto-budapest-autos-kozlekedes-forgalom-korlatozatasok-dugok-rendorseg-bkk-liszt-ferenc-repuloter/' not found. KEEPING ITEM (Fallback).
[23:13:37] Summarizer: [DownloadWorker-2] SKIP (duplicate title): Humans: kezdett a 2. évad...
[23:13:38] Summarizer: [DownloadWorker-6] SKIP (duplicate title): Prog.Hu...
[23:30:54] Summarizer: [DownloadWorker-0] SKIP (duplicate title): Femina.hu...
[23:30:55] Summarizer: [DownloadWorker-5] SKIP (duplicate title): Délelőtti videó 2.: 1983...
[23:30:58] Summarizer: [DownloadWorker-4] SKIP (duplicate title): Itt vannak a legjobb filmek a tévében sz...
[23:30:59] Summarizer: [DownloadWorker-2] SKIP (duplicate title): Esport1...
[23:31:16] Summarizer: [DownloadWorker-4] SKIP (duplicate title): Femina.hu...
[23:31:21] Summarizer: [DownloadWorker-6] SKIP (duplicate title): Prog.Hu...
[23:31:29] Summarizer: [DownloadWorker-0] SKIP (duplicate title): Esport1...
[23:31:32] Summarizer: [DownloadWorker-7] SKIP (duplicate title): Délelőtti videó 3.: 1983...
[23:31:55] Summarizer: [DownloadWorker-4] SKIP (duplicate title): Femina.hu...
[23:31:56] Summarizer: [DownloadWorker-6] SKIP (duplicate title): Esport1...

--- RSS Fetch Errors at 2026-05-30 23:32:14 ---
Error fetching https://www.portfolio.hu/rss/: Failed to perform, curl: (7) Failed to connect to www.portfolio.hu port 443 after 1051 ms: Could not connect to server. See https://curl.se/libcurl/c/libcurl-errors.html first for more details.
Error fetching https://prohardver.hu/hirfolyam/anyagok/rss.xml: Failed to perform, curl: (7) Failed to connect to prohardver.hu port 443 after 6873 ms: Could not connect to server. See https://curl.se/libcurl/c/libcurl-errors.html first for more details.
Error fetching https://hu.ign.com/feed.xml: Failed to perform, curl: (7) Failed to connect to hu.ign.com port 443 after 7169 ms: Could not connect to server. See https://curl.se/libcurl/c/libcurl-errors.html first for more details.
Error fetching https://leetgaming.com/feed/: Failed to perform, curl: (7) Failed to connect to leetgaming.com port 443 after 7421 ms: Could not connect to server. See https://curl.se/libcurl/c/libcurl-errors.html first for more details.
Error fetching https://vezess.hu/rss: Failed to perform, curl: (7) Failed to connect to vezess.hu port 443 after 1560 ms: Could not connect to server. See https://curl.se/libcurl/c/libcurl-errors.html first for more details.
Error fetching https://totalcar.hu/24ora/rss/: Failed to perform, curl: (7) Failed to connect to totalcar.hu port 443 after 4764 ms: Could not connect to server. See https://curl.se/libcurl/c/libcurl-errors.html first for more details.
Error fetching https://index.hu/sitemap/friss.xml: Failed to perform, curl: (28) Connection timed out after 89023 milliseconds. See https://curl.se/libcurl/c/libcurl-errors.html first for more details.
Error fetching https://sg.hu/rss: Failed to perform, curl: (28) Connection timed out after 89025 milliseconds. See https://curl.se/libcurl/c/libcurl-errors.html first for more details.
Error fetching https://sg.hu/plain/rss.xml: Failed to perform, curl: (28) Connection timed out after 89025 milliseconds. See https://curl.se/libcurl/c/libcurl-errors.html first for more details.
Error fetching https://www.penzcentrum.hu/rss: Failed to perform, curl: (28) Resolving timed out after 85243 milliseconds. See https://curl.se/libcurl/c/libcurl-errors.html first for more details.
Error fetching https://esport1.hu/rss: Failed to perform, curl: (28) Resolving timed out after 80592 milliseconds. See https://curl.se/libcurl/c/libcurl-errors.html first for more details.
Error fetching https://prohardver.hu/hirfolyam/hirek/rss.xml: Failed to perform, curl: (28) Connection timed out after 89033 milliseconds. See https://curl.se/libcurl/c/libcurl-errors.html first for more details.
Error fetching https://www.portfolio.hu/rss/all.xml: Failed to perform, curl: (28) Resolving timed out after 87241 milliseconds. See https://curl.se/libcurl/c/libcurl-errors.html first for more details.
Error fetching https://index.hu/24ora/rss: Failed to perform, curl: (28) Operation timed out after 89188 milliseconds with 0 bytes received. See https://curl.se/libcurl/c/libcurl-errors.html first for more details.
Error fetching https://telex.hu/rss: Failed to perform, curl: (28) Connection timed out after 89233 milliseconds. See https://curl.se/libcurl/c/libcurl-errors.html first for more details.
Error fetching https://index.hu/belfold/rss/: Failed to perform, curl: (28) Operation timed out after 89234 milliseconds with 0 bytes received. See https://curl.se/libcurl/c/libcurl-errors.html first for more details.
Error fetching https://telex.hu/rss/archivum?filters=%7B%22superTagSlugs%22%3A%5B%22eszkombajn%22%5D%2C%22parentId%22%3A%5B%22null%22%5D%7D&perPage=10: Failed to perform, curl: (28) Connection timed out after 89233 milliseconds. See https://curl.se/libcurl/c/libcurl-errors.html first for more details.
Error fetching https://hwsw.hu/xml/latest_news_rss.xml: Failed to perform, curl: (28) Connection timed out after 89235 milliseconds. See https://curl.se/libcurl/c/libcurl-errors.html first for more details.
Error fetching https://qubit.hu/feed: Failed to perform, curl: (28) Connection timed out after 89235 milliseconds. See https://curl.se/libcurl/c/libcurl-errors.html first for more details.
Error fetching https://444.hu/category/belfold/feed: Failed to perform, curl: (28) Resolving timed out after 89235 milliseconds. See https://curl.se/libcurl/c/libcurl-errors.html first for more details.
Error fetching https://www.pcwplus.hu/site/rss/rss.xml: Failed to perform, curl: (28) Connection timed out after 89235 milliseconds. See https://curl.se/libcurl/c/libcurl-errors.html first for more details.
Error fetching https://forbes.hu/feed/: Failed to perform, curl: (28) Connection timed out after 85564 milliseconds. See https://curl.se/libcurl/c/libcurl-errors.html first for more details.
Error fetching https://www.vezess.hu/feed/: Failed to perform, curl: (28) Connection timed out after 82234 milliseconds. See https://curl.se/libcurl/c/libcurl-errors.html first for more details.
Error fetching https://hold.hu/holdblog/feed: Failed to perform, curl: (28) Connection timed out after 86238 milliseconds. See https://curl.se/libcurl/c/libcurl-errors.html first for more details.
Error fetching https://welovebudapest.com/feed/: Failed to perform, curl: (28) Resolving timed out after 80234 milliseconds. See https://curl.se/libcurl/c/libcurl-errors.html first for more details.
Error fetching https://raketa.hu/feed: Failed to perform, curl: (28) Connection timed out after 82288 milliseconds. See https://curl.se/libcurl/c/libcurl-errors.html first for more details.
Error fetching https://www.livescience.com/feeds/all: Failed to perform, curl: (7) Failed to connect to www.livescience.com port 443 after 7217 ms: Could not connect to server. See https://curl.se/libcurl/c/libcurl-errors.html first for more details.
Error fetching https://www.forbes.com/most-popular/feed/: Failed to perform, curl: (7) Failed to connect to www.forbes.com port 443 after 1899 ms: Could not connect to server. See https://curl.se/libcurl/c/libcurl-errors.html first for more details.
Error fetching https://rss.nytimes.com/services/xml/rss/nyt/Technology.xml: Failed to perform, curl: (28) Connection timed out after 10003 milliseconds. See https://curl.se/libcurl/c/libcurl-errors.html first for more details.
Error fetching https://rss.nytimes.com/services/xml/rss/nyt/Science.xml: Failed to perform, curl: (28) Connection timed out after 10002 milliseconds. See https://curl.se/libcurl/c/libcurl-errors.html first for more details.
Error fetching https://www.cnet.com/rss/news/: Failed to perform, curl: (28) Connection timed out after 10001 milliseconds. See https://curl.se/libcurl/c/libcurl-errors.html first for more details.
Error fetching https://techpowerup.com/rss/news: Failed to perform, curl: (28) Connection timed out after 10002 milliseconds. See https://curl.se/libcurl/c/libcurl-errors.html first for more details.
Error fetching https://www.space.com/feeds/all: Failed to perform, curl: (28) Resolving timed out after 10001 milliseconds. See https://curl.se/libcurl/c/libcurl-errors.html first for more details.
Error fetching https://www.sciencedaily.com/rss/top.xml: Failed to perform, curl: (28) Connection timed out after 10002 milliseconds. See https://curl.se/libcurl/c/libcurl-errors.html first for more details.
Error fetching https://www.pcgamer.com/rss/: Failed to perform, curl: (28) Connection timed out after 10002 milliseconds. See https://curl.se/libcurl/c/libcurl-errors.html first for more details.
Error fetching https://feeds.feedburner.com/ign/games-all: Failed to perform, curl: (7) Failed to connect to feeds.feedburner.com port 443 after 4132 ms: Could not connect to server. See https://curl.se/libcurl/c/libcurl-errors.html first for more details.
Error fetching https://gsplus.hu/site/rss/rss.xml: Failed to perform, curl: (7) Failed to connect to gsplus.hu port 443 after 4561 ms: Could not connect to server. See https://curl.se/libcurl/c/libcurl-errors.html first for more details.
Error fetching https://bitcoinmagazine.com/feed: Failed to perform, curl: (28) Connection timed out after 10001 milliseconds. See https://curl.se/libcurl/c/libcurl-errors.html first for more details.
Error fetching https://insideevs.com/rss/articles/all: Failed to perform, curl: (7) Failed to connect to insideevs.com port 80 after 7526 ms: Could not connect to server. See https://curl.se/libcurl/c/libcurl-errors.html first for more details.
Error fetching https://pcguru.hu/rss: Failed to perform, curl: (7) Failed to connect to www.pcguru.hu port 443 after 7251 ms: Could not connect to server. See https://curl.se/libcurl/c/libcurl-errors.html first for more details.
Error fetching https://prog.hu/site/backend/proghu-rss.xml: Failed to perform, curl: (7) Failed to connect to prog.hu port 443 after 6597 ms: Could not connect to server. See https://curl.se/libcurl/c/libcurl-errors.html first for more details.
Error fetching https://hu.ign.com/feed.xml: Failed to perform, curl: (7) Failed to connect to hu.ign.com port 443 after 6614 ms: Could not connect to server. See https://curl.se/libcurl/c/libcurl-errors.html first for more details.
Error fetching https://hvg.hu/rss: Failed to perform, curl: (28) Connection timed out after 10001 milliseconds. See https://curl.se/libcurl/c/libcurl-errors.html first for more details.
Error fetching https://feeds.feedburner.com/ign/all: Failed to perform, curl: (28) Connection timed out after 10002 milliseconds. See https://curl.se/libcurl/c/libcurl-errors.html first for more details.
Error fetching https://feeds.feedburner.com/ign/tech-articles: Failed to perform, curl: (28) Connection timed out after 10002 milliseconds. See https://curl.se/libcurl/c/libcurl-errors.html first for more details.
Error fetching https://feeds.forbes.com/real-time/feed2/: Failed to perform, curl: (28) Operation timed out after 25002 milliseconds with 6886 out of 8205 bytes received. See https://curl.se/libcurl/c/libcurl-errors.html first for more details.
[23:33:43] Summarizer: TIMEOUT (180s) - backend call took too long
[23:33:43] Summarizer: [Batch] No response from API (attempt 1/3)
[23:33:45] Summarizer: TIMEOUT (180s) - backend call took too long
[23:33:45] Summarizer: [Batch] No response from API (attempt 1/3)
[23:33:46] Summarizer: TIMEOUT (180s) - backend call took too long
[23:33:46] Summarizer: [Batch] No response from API (attempt 1/3)
[23:34:01] Summarizer: [Batch] 3 item(s) missing from response → marked for reprocessing
[23:34:02] Summarizer: [Batch] 2 item(s) missing from response → marked for reprocessing
[23:34:11] Summarizer: [Batch] 1 item(s) missing from response → marked for reprocessing
[23:34:21] Summarizer: [Batch] 1 item(s) missing from response → marked for reprocessing
[23:34:27] Summarizer: [Batch] 3 item(s) missing from response → marked for reprocessing
[23:34:46] Summarizer: [Batch] 1 item(s) missing from response → marked for reprocessing
[23:34:48] Summarizer: [Batch] 2 item(s) missing from response → marked for reprocessing
[23:34:52] Summarizer: [Batch] 4 item(s) missing from response → marked for reprocessing
[23:34:58] Summarizer: [Batch] 2 item(s) missing from response → marked for reprocessing
[23:35:01] Summarizer: [MissingDetector] ⚠️ PAIRING FAIL: 'https://www.mafab.hu/ sz/article/elozetest-kapott-napjaink-egyik-legjobb-krimisorozatanak-2-evada-mar-juniusban-streamingen-51' not found. KEEPING ITEM (Fallback).
[23:35:01] Summarizer: [Batch] 2 item(s) missing from response → marked for reprocessing
[23:35:01] Summarizer: [FreeGeminiAPI_3] ⚠️ PAIRING FAIL: 'https://www.mafab.hu/ sz/article/elozetest-kapott-napjaink-egyik-legjobb-krimisorozatanak-2-evada-mar-juniusban-streamingen-51' not found. KEEPING ITEM (Fallback).
[23:35:11] Summarizer: [Batch] 2 item(s) missing from response → marked for reprocessing
[23:35:19] Summarizer: [Batch] 4 item(s) missing from response → marked for reprocessing
[23:35:21] Summarizer: [Batch] 4 item(s) missing from response → marked for reprocessing
[23:35:26] Summarizer: [Batch] 3 item(s) missing from response → marked for reprocessing
[23:35:35] Summarizer: [Batch] 2 item(s) missing from response → marked for reprocessing
[23:35:38] Summarizer: [MissingDetector] ⚠️ PAIRING FAIL: 'https://telex.hu/belfold/2026/05/30/hat-auto-utkozott-az-m1-esen-bicskere-nel' not found. KEEPING ITEM (Fallback).
[23:35:38] Summarizer: [Batch] 2 item(s) missing from response → marked for reprocessing
[23:35:38] Summarizer: [FreeGeminiAPI_2] ⚠️ PAIRING FAIL: 'https://telex.hu/belfold/2026/05/30/hat-auto-utkozott-az-m1-esen-bicskere-nel' not found. KEEPING ITEM (Fallback).
[23:35:42] Summarizer: [Batch] 3 item(s) missing from response → marked for reprocessing
[23:35:44] Summarizer: [Batch] 1 item(s) missing from response → marked for reprocessing
[23:35:48] Summarizer: [Batch] 3 item(s) missing from response → marked for reprocessing
[23:35:59] Summarizer: [Batch] 3 item(s) missing from response → marked for reprocessing
[23:36:02] Summarizer: [Batch] 1 item(s) missing from response → marked for reprocessing
[23:36:08] Summarizer: [Batch] 1 item(s) missing from response → marked for reprocessing
[23:36:13] Summarizer: [MissingDetector] ⚠️ PAIRING FAIL: 'https://telex.hu/pr-cikk/20260530/inkabb-egy-felujitott-iphone-pro-mint-egy-uj-alapmodell-igy-gondolkodik-a-magyar-z-generacio-x' not found. KEEPING ITEM (Fallback).
[23:36:13] Summarizer: [Batch] 2 item(s) missing from response → marked for reprocessing
[23:36:13] Summarizer: [FreeGeminiAPI_2] ⚠️ PAIRING FAIL: 'https://telex.hu/pr-cikk/20260530/inkabb-egy-felujitott-iphone-pro-mint-egy-uj-alapmodell-igy-gondolkodik-a-magyar-z-generacio-x' not found. KEEPING ITEM (Fallback).
[23:36:19] Summarizer: [Batch] 3 item(s) missing from response → marked for reprocessing
[23:36:22] Summarizer: [Batch] 1 item(s) missing from response → marked for reprocessing
[23:36:48] Summarizer: Reprocessing 4 pairing failures from data.json
