[00:05:47] Summarizer: [Batch] No response from API (attempt 1/3)
[00:05:48] Image_Downloader: ❌ All API keys exhausted (rate limit on all)
[00:05:58] Summarizer: [Batch] No response from API (attempt 2/3)
[00:06:07] Summarizer: [Batch] 2 item(s) missing from response → marked for reprocessing
[00:06:10] Summarizer: [Batch] No response from API (attempt 3/3)
[00:06:14] Summarizer: [Batch] No response from API (attempt 1/3)
[00:06:19] Summarizer: [Batch] 5 item(s) missing from response → marked for reprocessing
[00:06:26] Summarizer: [Batch] No response from API (attempt 2/3)
[00:06:33] Summarizer: [Batch] 2 item(s) missing from response → marked for reprocessing
[00:06:33] Summarizer: [Batch] 1 item(s) missing from response → marked for reprocessing
[00:06:37] Summarizer: [Batch] No response from API (attempt 3/3)
[00:06:44] Summarizer: [Batch] No response from API (attempt 1/3)
[00:06:45] Summarizer: [Batch] 1 item(s) missing from response → marked for reprocessing
[00:06:47] Summarizer: [DownloadWorker-0] SKIP (duplicate title): Filmek, képek, díjak...
[00:06:52] Summarizer: [DownloadWorker-6] SKIP (duplicate title): Historical Data...
[00:06:56] Summarizer: [Batch] No response from API (attempt 2/3)
[00:06:56] Summarizer: [Batch] 1 item(s) missing from response → marked for reprocessing
[00:07:07] Summarizer: [Batch] No response from API (attempt 3/3)
[00:07:08] Summarizer: [DownloadWorker-7] SKIP (duplicate title): Miskolci Nemzeti Színház...
[00:07:14] Summarizer: [Batch] No response from API (attempt 1/3)
[00:07:25] Summarizer: [Batch] No response from API (attempt 2/3)
[00:07:32] Summarizer: [Batch] 2 item(s) missing from response → marked for reprocessing
[00:07:36] Summarizer: [Batch] No response from API (attempt 3/3)
[00:07:43] Summarizer: [Batch] 1 item(s) missing from response → marked for reprocessing
[00:07:50] Summarizer: [Batch] No response from API (attempt 1/3)
[00:08:02] Summarizer: [Batch] No response from API (attempt 2/3)
[00:08:05] Summarizer: [DownloadWorker-6] SKIP (duplicate title): Kritikák, videók, szereplők...
[00:08:13] Summarizer: [Batch] No response from API (attempt 3/3)
[00:08:15] Summarizer: [Batch] No response from API (attempt 1/3)
[00:08:16] Summarizer: [DownloadWorker-0] SKIP (duplicate title): Kritikák, videók, szereplők...
[00:08:23] Summarizer: [Batch] 4 item(s) missing from response → marked for reprocessing
[00:08:24] Summarizer: [DownloadWorker-0] SKIP (duplicate title): Online Jegyvásárlás...
[00:08:26] Summarizer: [Batch] No response from API (attempt 2/3)
[00:08:31] Summarizer: [Batch] 1 item(s) missing from response → marked for reprocessing
[00:08:31] Summarizer: [Batch] No response from API (attempt 1/3)
[00:08:32] Summarizer: [DownloadWorker-5] SKIP (duplicate title): Tóth Ildikó és Márfi Márk...
[00:08:37] Summarizer: [Batch] No response from API (attempt 3/3)
[00:08:44] Summarizer: [Batch] No response from API (attempt 1/3)
[00:08:50] Summarizer: [Batch] 9 item(s) missing from response → marked for reprocessing
[00:08:55] Summarizer: [Batch] No response from API (attempt 2/3)
[00:08:59] Summarizer: [DownloadWorker-3] SKIP (duplicate title): Today's NYT Connections Hints, Answers a...
[00:09:07] Summarizer: [Batch] No response from API (attempt 3/3)
[00:09:20] Summarizer: [Batch] No response from API (attempt 1/3)
[00:09:26] Summarizer: [Batch] Invalid JSON (attempt 1/3)
[00:09:26] Summarizer: [Batch] Invalid JSON error: json.loads failed (pass 1): Expecting property name enclosed in double quotes: line 5 column 460 (char 593)
[00:09:26] Summarizer: [Batch] Invalid JSON error: json.loads failed (pass 2): Expecting property name enclosed in double quotes: line 5 column 460 (char 593)
[00:09:26] Summarizer: [Batch] Invalid JSON error: json.loads failed (pass 3): Expecting property name enclosed in double quotes: line 5 column 460 (char 593)
[00:09:26] Summarizer: [Batch] Invalid JSON error: Iterative repair stuck at round 1: Expecting property name enclosed in double quotes: line 5 column 460 (char 593)
[00:09:26] Summarizer: [Batch] Invalid JSON error: Final parse error: JSONDecodeError('Expecting property name enclosed in double quotes: line 5 column 460 (char 593)')
[00:09:26] Summarizer: [Batch] Attempting JSON repair...
[00:09:32] Summarizer: [Batch] No response from API (attempt 2/3)
[00:09:43] Summarizer: [Batch] No response from API (attempt 3/3)
[00:09:57] Summarizer: [Batch] No response from API (attempt 1/3)
[00:10:08] Summarizer: [Batch] No response from API (attempt 2/3)
[00:10:20] Summarizer: [Batch] No response from API (attempt 3/3)
[00:12:02] Image_Downloader: ❌ All API keys exhausted (rate limit on all)
[00:12:02] Image_Downloader: ❌ All API keys exhausted (rate limit on all)
[00:12:02] Image_Downloader: ❌ All API keys exhausted (rate limit on all)
[00:12:02] Image_Downloader: ❌ All API keys exhausted (rate limit on all)
[00:12:03] Image_Downloader: ❌ All API keys exhausted (rate limit on all)
[00:12:03] Image_Downloader: ❌ All API keys exhausted (rate limit on all)
[00:12:03] Image_Downloader: ❌ All API keys exhausted (rate limit on all)
[00:12:03] Image_Downloader: ❌ All API keys exhausted (rate limit on all)
[00:12:03] Image_Downloader: ❌ All API keys exhausted (rate limit on all)
[00:12:04] Image_Downloader: ❌ All API keys exhausted (rate limit on all)
[00:12:04] Image_Downloader: ❌ All API keys exhausted (rate limit on all)
[00:12:04] Image_Downloader: ❌ All API keys exhausted (rate limit on all)
[00:12:04] Image_Downloader: ❌ All API keys exhausted (rate limit on all)
[00:12:04] Image_Downloader: ❌ All API keys exhausted (rate limit on all)
[00:12:04] Image_Downloader: ❌ All API keys exhausted (rate limit on all)
[00:12:04] Image_Downloader: ❌ All API keys exhausted (rate limit on all)
[00:12:05] Image_Downloader: ❌ All API keys exhausted (rate limit on all)
[00:12:05] Image_Downloader: ❌ All API keys exhausted (rate limit on all)
[00:12:05] Image_Downloader: ❌ All API keys exhausted (rate limit on all)
[00:12:05] Image_Downloader: ❌ All API keys exhausted (rate limit on all)
