[00:10:22] Summarizer: [Batch] 4 item(s) missing from response → marked for reprocessing
[00:10:53] Summarizer: [DownloadWorker-5] SKIP (duplicate title): Napi üzenet csütörtök – 2026. 04. 16. | ...
[00:10:58] Summarizer: [DownloadWorker-4] SKIP (duplicate title): TRADING ECONOMICS...
[00:11:12] Summarizer: [Batch] 1 item(s) missing from response → marked for reprocessing
[00:11:13] Summarizer: [DownloadWorker-2] SKIP (duplicate title): Milk Road...
[00:11:19] Summarizer: [DownloadWorker-4] SKIP (duplicate title): Prog.Hu...
[00:11:22] Summarizer: [DownloadWorker-2] SKIP (duplicate title): Európa is létezik: Bandi...
[00:11:28] Summarizer: [DownloadWorker-6] SKIP (duplicate title): Leet...
[00:11:33] Summarizer: [Batch] 1 item(s) missing from response → marked for reprocessing
[00:11:37] Summarizer: [DownloadWorker-3] SKIP (duplicate title): TRADING ECONOMICS...
[00:11:42] Summarizer: [DownloadWorker-6] SKIP (duplicate title): Toyota’s $15,000 electric SUV surpasses ...
[00:11:45] Summarizer: [DownloadWorker-3] SKIP (duplicate title): Milk Road...
[00:11:45] Summarizer: [Batch] 2 item(s) missing from response → marked for reprocessing
[00:11:47] Summarizer: [Batch] 1 item(s) missing from response → marked for reprocessing
[00:11:53] Summarizer: [DownloadWorker-7] SKIP (duplicate title): Leet...
[00:11:55] Summarizer: [Batch] 1 item(s) missing from response → marked for reprocessing
[00:11:57] Summarizer: [Batch] 2 item(s) missing from response → marked for reprocessing
[00:12:01] Summarizer: [DownloadWorker-9] SKIP (duplicate title): TRADING ECONOMICS...
[00:12:06] Summarizer: [Batch] 1 item(s) missing from response → marked for reprocessing
[00:12:09] Summarizer: [DownloadWorker-3] SKIP (duplicate title): Milk Road...
[00:12:11] Summarizer: [DownloadWorker-9] SKIP (duplicate title): Délelőtti videó 2.: Beef...
[00:12:13] Summarizer: [MissingDetector] ⚠️ PAIRING FAIL: 'https://www.mafab.hu/hub/article/hivatalos-cimet-kapott-keszulo-tronok-harca-fim-07' not found. KEEPING ITEM (Fallback).
[00:12:13] Summarizer: [Batch] 2 item(s) missing from response → marked for reprocessing
[00:12:13] Summarizer: [FreeGeminiAPI_3] ⚠️ PAIRING FAIL: 'https://www.mafab.hu/hub/article/hivatalos-cimet-kapott-keszulo-tronok-harca-fim-07' not found. KEEPING ITEM (Fallback).
[00:12:24] Summarizer: [DownloadWorker-0] SKIP (duplicate title): Leet...
[00:12:25] Summarizer: [Batch] 1 item(s) missing from response → marked for reprocessing
[00:12:38] Summarizer: [MissingDetector] ⚠️ PAIRING FAIL: 'https://esport1.hu/hu/news/2026/04/16/gamecompany-primal-repairs-the-flintstones-fredi-beni-flintstone-csalad-kokorszak-oskor-dino-dinoszaurusz-szerelo-szimulator-house-flipper-early-access-indie-jatek-steam-pc-szlav' not found. KEEPING ITEM (Fallback).
[00:12:38] Summarizer: [Batch] 2 item(s) missing from response → marked for reprocessing
[00:12:38] Summarizer: [FreeGeminiAPI_2] ⚠️ PAIRING FAIL: 'https://esport1.hu/hu/news/2026/04/16/gamecompany-primal-repairs-the-flintstones-fredi-beni-flintstone-csalad-kokorszak-oskor-dino-dinoszaurusz-szerelo-szimulator-house-flipper-early-access-indie-jatek-steam-pc-szlav' not found. KEEPING ITEM (Fallback).
[00:12:42] Summarizer: [Batch] 2 item(s) missing from response → marked for reprocessing
[00:12:44] Summarizer: [DownloadWorker-2] SKIP (duplicate title): Leet...
[00:12:48] Summarizer: [DownloadWorker-9] SKIP (duplicate title): Warhammer 40,000: Space Marine 2 Sales U...
[00:12:51] Summarizer: [Batch] 2 item(s) missing from response → marked for reprocessing
[00:12:54] Summarizer: [DownloadWorker-5] SKIP (duplicate title): Leet...
[00:12:55] Summarizer: [Batch] 1 item(s) missing from response → marked for reprocessing
[00:12:58] Summarizer: [Batch] 1 item(s) missing from response → marked for reprocessing
[00:13:02] Summarizer: [Batch] 2 item(s) missing from response → marked for reprocessing
[00:13:03] Summarizer: [Batch] 1 item(s) missing from response → marked for reprocessing
[00:13:09] Summarizer: [DownloadWorker-0] SKIP (duplicate title): Leet...
[00:13:10] Summarizer: [DownloadWorker-1] SKIP (duplicate title): Megérkezett a Sziget nagyszínpad hiányzó...
[00:13:11] Summarizer: [Batch] 1 item(s) missing from response → marked for reprocessing
[00:13:16] Summarizer: [Batch] 2 item(s) missing from response → marked for reprocessing
[00:13:19] Summarizer: [DownloadWorker-4] SKIP (duplicate title): Leet...
[00:13:20] Summarizer: [DownloadWorker-3] SKIP (duplicate title): Ezeket a filmeket ajánljuk a tévében csü...
[00:13:21] Summarizer: [DownloadWorker-0] SKIP (duplicate title): Mit nézzek? Csak SZERDÁN 11 új film és s...
[00:13:22] Summarizer: [DownloadWorker-8] SKIP (duplicate title): The LADPED Adult Electric Scooter With 1...
[00:13:23] Summarizer: [Batch] 3 item(s) missing from response → marked for reprocessing
[00:13:29] Summarizer: [DownloadWorker-0] SKIP (duplicate title): Leet...
[00:13:31] Summarizer: [Batch] 2 item(s) missing from response → marked for reprocessing
[00:13:33] Summarizer: [DownloadWorker-8] SKIP (duplicate title): Magic Burger - Travel Magazin...
[00:13:37] Summarizer: [DownloadWorker-2] SKIP (duplicate title): Leet...
[00:13:37] Summarizer: [Batch] 2 item(s) missing from response → marked for reprocessing
[00:13:43] Summarizer: [Batch] 4 item(s) missing from response → marked for reprocessing
[00:13:43] Summarizer: [DownloadWorker-4] SKIP (duplicate title): Délelőtti videó 5.: SisterS...
[00:13:44] Summarizer: [DownloadWorker-0] SKIP (duplicate title): Leet...
[00:13:44] Summarizer: [MissingDetector] ⚠️ PAIRING FAIL: 'https://www.techpowerup.com/348288/sihoo-doro-c300-pro-v2-ergonomic-chair-with-dynacore-system-and-8d-bionic-armrests' not found. KEEPING ITEM (Fallback).
[00:13:44] Summarizer: [Batch] 1 item(s) missing from response → marked for reprocessing
[00:13:44] Summarizer: [FreeGeminiAPI_1] ⚠️ PAIRING FAIL: 'https://www.techpowerup.com/348288/sihoo-doro-c300-pro-v2-ergonomic-chair-with-dynacore-system-and-8d-bionic-armrests' not found. KEEPING ITEM (Fallback).
[00:13:51] Summarizer: [Batch] 3 item(s) missing from response → marked for reprocessing
[00:13:52] Summarizer: [MissingDetector] ⚠️ PAIRING FAIL: 'https://port.hu/cikk/tv/ki-is-csete-be-ata/article-125346' not found. KEEPING ITEM (Fallback).
[00:13:52] Summarizer: [Batch] 1 item(s) missing from response → marked for reprocessing
[00:13:52] Summarizer: [FreeGeminiAPI_3] ⚠️ PAIRING FAIL: 'https://port.hu/cikk/tv/ki-is-csete-be-ata/article-125346' not found. KEEPING ITEM (Fallback).
[00:13:53] Summarizer: [Batch] 3 item(s) missing from response → marked for reprocessing
[00:14:02] Summarizer: [Batch] 1 item(s) missing from response → marked for reprocessing
[00:14:04] Summarizer: [MissingDetector] ⚠️ PAIRING FAIL: 'https://nlc.hu/baba/20260416/lakhatas-negyen-egyszobás-lakasban/' not found. KEEPING ITEM (Fallback).
[00:14:04] Summarizer: [Batch] 1 item(s) missing from response → marked for reprocessing
[00:14:04] Summarizer: [FreeGeminiAPI_3] ⚠️ PAIRING FAIL: 'https://nlc.hu/baba/20260416/lakhatas-negyen-egyszobás-lakasban/' not found. KEEPING ITEM (Fallback).
[00:14:05] Summarizer: [Batch] 2 item(s) missing from response → marked for reprocessing
[00:14:14] Summarizer: [Batch] 2 item(s) missing from response → marked for reprocessing
[00:14:50] Summarizer: Reprocessing 5 pairing failures from data.json
[00:16:26] Image_Downloader: Download failed (https://esport1.hu/storage/news/2024/05/23/primal-repairs.jpg): 404 Client Error: Not Found for url: https://esport1.hu/storage/news/2024/05/23/primal-repairs.jpg
[00:16:26] Image_Downloader: Download failed (https://nlc.hu/wp-content/uploads/2024/05/kisebb-lakas-eletmodvaltas-1.jpg): 404 Client Error: Not Found for url: https://nlc.hu/wp-content/uploads/2024/05/kisebb-lakas-eletmodvaltas-1.jpg

--- RSS Fetch Errors at 2026-04-17 06:03:18 ---
Error fetching https://github.blog/feed/: Failed to perform, curl: (56) Connection closed abruptly. See https://curl.se/libcurl/c/libcurl-errors.html first for more details.
[06:03:57] Summarizer: [Batch] 1 item(s) missing from response → marked for reprocessing
[06:03:58] Summarizer: [Batch] 2 item(s) missing from response → marked for reprocessing
[06:04:34] Summarizer: [Batch] 3 item(s) missing from response → marked for reprocessing
[06:04:40] Summarizer: [Batch] 1 item(s) missing from response → marked for reprocessing
[06:04:41] Summarizer: [DownloadWorker-9] SKIP (duplicate title): A tudatos bőrápolás ma már nem luxus...
[06:04:43] Summarizer: [DownloadWorker-9] SKIP (duplicate title): Hamarosan OLED kijelzőt kaphat az iPad A...
[06:04:45] Summarizer: [DownloadWorker-1] SKIP (duplicate title): Voting is live: Help choose the next Doo...
[06:04:46] Summarizer: [DownloadWorker-1] SKIP (duplicate title): Tápai Szabina és Kucsera Gábor lányai sz...
[06:04:46] Summarizer: [MissingDetector] ⚠️ PAIRING FAIL: 'https://cointelegraph.com/news/grinex-hack-14m-crypto-exchange-suspends-trading?utm_source=rss_feed&utm_medium=rss_campaign=rss_partner_inbound' not found. KEEPING ITEM (Fallback).
[06:04:46] Summarizer: [Batch] 2 item(s) missing from response → marked for reprocessing
[06:04:46] Summarizer: [FreeGeminiAPI_1] ⚠️ PAIRING FAIL: 'https://cointelegraph.com/news/grinex-hack-14m-crypto-exchange-suspends-trading?utm_source=rss_feed&utm_medium=rss_campaign=rss_partner_inbound' not found. KEEPING ITEM (Fallback).
[06:04:48] Summarizer: [DownloadWorker-4] SKIP (duplicate title): Özvegy-öböl...
[06:04:53] Summarizer: [DownloadWorker-2] SKIP (duplicate title): Five directors who excel at narrative an...
[06:05:02] Summarizer: [DownloadWorker-4] SKIP (duplicate title): Vetési varjak a városban, avagy Vakvarjú...
[06:05:07] Summarizer: [DownloadWorker-1] SKIP (duplicate title): Mi lett a Barátok közt sztárjával, Konta...
[06:05:07] Summarizer: [DownloadWorker-4] SKIP (duplicate title): Négyen költöztek be egy egyszobás lakásb...
[06:05:08] Summarizer: [Batch] 2 item(s) missing from response → marked for reprocessing
[06:05:09] Summarizer: [DownloadWorker-4] SKIP (duplicate title): “Antichrist Superstar”...
[06:05:09] Summarizer: [DownloadWorker-1] SKIP (duplicate title): Ashley Graham bohém tavaszi szettjeit im...
[06:05:13] Summarizer: [DownloadWorker-8] SKIP (duplicate title): Far Out Magazine...
[06:05:15] Summarizer: [DownloadWorker-4] SKIP (duplicate title): „Főnixmadár vagy” – Schobert Norbert 55 ...
[06:05:16] Summarizer: [Batch] 2 item(s) missing from response → marked for reprocessing
[06:05:18] Summarizer: [DownloadWorker-4] SKIP (duplicate title): 2026 Subaru WRX tS Spec B review: Long-t...
[06:05:21] Summarizer: [DownloadWorker-1] SKIP (duplicate title): Ismét bővült a világörökségi lista...
[06:05:24] Summarizer: [DownloadWorker-1] SKIP (duplicate title): A bennünk élő nők - Hol az egyensúly a m...
[06:05:25] Summarizer: [DownloadWorker-6] SKIP (duplicate title): Pattanások 30 felett? 5 szuper újdonság ...
[06:05:26] Summarizer: [DownloadWorker-8] SKIP (duplicate title): Elvitték a hatos lottó főnyereményét, tö...
[06:05:26] Summarizer: [DownloadWorker-1] SKIP (duplicate title): One Beach Boys song inspired Graham Nash...
[06:05:30] Summarizer: [DownloadWorker-0] SKIP (duplicate title): 5 hétköznapi randizási szokás, ami a sza...
[06:05:32] Summarizer: [DownloadWorker-6] SKIP (duplicate title): Navee Earth Day e-scooter sale with up t...
[06:05:32] Summarizer: [DownloadWorker-5] SKIP (duplicate title): &#8220;I crushed this audition&#8221;: E...
[06:05:33] Summarizer: [DownloadWorker-1] SKIP (duplicate title): Moto G Stylus (2026) Unboxing: Everythin...
[06:05:36] Summarizer: [Batch] 1 item(s) missing from response → marked for reprocessing
[06:05:37] Summarizer: [Batch] 4 item(s) missing from response → marked for reprocessing
[06:05:38] Summarizer: [DownloadWorker-6] SKIP (duplicate title): A nap képe: Parányok világában...
[06:05:45] Summarizer: [DownloadWorker-8] SKIP (duplicate title): The five most problematic movie scenes i...
[06:05:46] Summarizer: [DownloadWorker-0] SKIP (duplicate title): Mitsubishi Outlander, new Pajero could s...
[06:05:49] Summarizer: [DownloadWorker-8] SKIP (duplicate title): The 10 worst theme songs in cinema histo...
[06:05:50] Summarizer: [DownloadWorker-5] SKIP (duplicate title): Balatonalmádi - Budatava Strand - Travel...
[06:06:03] Summarizer: [DownloadWorker-9] SKIP (duplicate title): Saliris Resort**** - Egerszalók - Travel...
[06:06:26] Summarizer: [DownloadWorker-9] SKIP (duplicate title): 2026 MG U9 Black Edition could be just w...
[06:09:06] Summarizer: Reprocessing 1 pairing failures from data.json
[12:05:09] Summarizer: [Batch] No response from API (attempt 1/3)
[12:05:31] Summarizer: [DownloadWorker-5] SKIP (duplicate title): Intel Arc GPU Graphics Drivers 101.8724 ...
[12:05:33] Summarizer: [DownloadWorker-1] SKIP (duplicate title): 2026 Toyota RAV4 clocks up 10,000 orders...
[12:05:38] Summarizer: [DownloadWorker-5] SKIP (duplicate title): Pendragon és a holdvilág – élő felvétel ...
[12:05:43] Summarizer: [DownloadWorker-4] SKIP (duplicate title): For All Mankind Season 5, Episode 4 Revi...
[12:05:44] Summarizer: [DownloadWorker-7] SKIP (duplicate title): Mozgásban az Echoes of Aincrad: az új Sw...
[12:05:46] Summarizer: [DownloadWorker-5] SKIP (duplicate title): The servicing struggles facing new car b...
[12:05:57] Summarizer: [DownloadWorker-3] SKIP (duplicate title): Ez a tíz kérdés megmutatja, mennyire ism...
[12:06:08] Summarizer: [MissingDetector] ⚠️ PAIRING FAIL: 'https://www.vezess.hu/hirek/2026/04/17/akinek-ilyen-rendszama-van-mostantol-kedvezmenyt-kap-magyarorszag-on/' not found. KEEPING ITEM (Fallback).
[12:06:08] Summarizer: [Batch] 1 item(s) missing from response → marked for reprocessing
[12:06:08] Summarizer: [FreeGeminiAPI_1] ⚠️ PAIRING FAIL: 'https://www.vezess.hu/hirek/2026/04/17/akinek-ilyen-rendszama-van-mostantol-kedvezmenyt-kap-magyarorszag-on/' not found. KEEPING ITEM (Fallback).
[12:06:14] Summarizer: [Batch] 1 item(s) missing from response → marked for reprocessing
[12:06:24] Summarizer: [Batch] 1 item(s) missing from response → marked for reprocessing
[12:06:46] Summarizer: [Batch] No response from API (attempt 1/3)
[12:06:57] Image_Downloader: Download failed (https://i.cdn29.hu/apix_collect_c/ngg_images/2604/17/casely_095307_1_original_760x425_cover.jpg): HTTPSConnectionPool(host='i.cdn29.hu', port=443): Read timed out. (read timeout=20)
[12:07:16] Summarizer: [Batch] No response from API (attempt 1/3)
[12:07:29] Summarizer: [Batch] 2 item(s) missing from response → marked for reprocessing
[12:07:30] Image_Downloader: Download failed (https://i.cdn29.hu/apix_collect_c/ngg_images/2604/16/zac_builds_230612_1_original_760x425_cover.jpg): HTTPSConnectionPool(host='i.cdn29.hu', port=443): Read timed out. (read timeout=20)
[12:07:31] Image_Downloader: Download failed (https://images.cointelegraph.com/cdn-cgi/image/f=auto,onerror=redirect,w=1200/https://s3.cointelegraph.com/uploads/2026-01/019bd4fe-8da1-7d6f-b2f6-7d6f91570769.jpg): HTTPSConnectionPool(host='images.cointelegraph.com', port=443): Read timed out. (read timeout=20)
[12:09:05] Summarizer: Reprocessing 1 pairing failures from data.json
[12:10:29] Image_Downloader: Download failed (https://www.vezess.hu/wp-content/uploads/2024/02/rali_sp_rendszam.jpg): 404 Client Error: Not Found for url: https://www.vezess.hu/wp-content/uploads/2024/02/rali_sp_rendszam.jpg

--- RSS Fetch Errors at 2026-04-17 18:20:11 ---
Error fetching https://index.hu/24ora/rss: Failed to perform, curl: (28) Connection timed out after 15002 milliseconds. See https://curl.se/libcurl/c/libcurl-errors.html first for more details.
Error fetching https://index.hu/kulfold/rss/: Failed to perform, curl: (28) Connection timed out after 15002 milliseconds. See https://curl.se/libcurl/c/libcurl-errors.html first for more details.
Error fetching https://sg.hu/plain/rss.xml: Failed to perform, curl: (28) Operation timed out after 15994 milliseconds with 0 out of 11733 bytes received. See https://curl.se/libcurl/c/libcurl-errors.html first for more details.
Error fetching https://hold.hu/holdblog/feed: Failed to perform, curl: (28) Connection timed out after 15002 milliseconds. See https://curl.se/libcurl/c/libcurl-errors.html first for more details.
Error fetching https://forbes.hu/feed/: Failed to perform, curl: (28) Connection timed out after 15001 milliseconds. See https://curl.se/libcurl/c/libcurl-errors.html first for more details.
Error fetching https://totalcar.hu/24ora/rss/: Failed to perform, curl: (28) Operation timed out after 15000 milliseconds with 848 bytes received. See https://curl.se/libcurl/c/libcurl-errors.html first for more details.
Error fetching https://www.vezess.hu/feed/: Failed to perform, curl: (28) Operation timed out after 15001 milliseconds with 0 bytes received. See https://curl.se/libcurl/c/libcurl-errors.html first for more details.
Error fetching https://raketa.hu/feed: Failed to perform, curl: (28) Operation timed out after 15002 milliseconds with 0 bytes received. See https://curl.se/libcurl/c/libcurl-errors.html first for more details.
Error fetching https://techpowerup.com/rss/news: Failed to perform, curl: (28) Operation timed out after 15081 milliseconds with 100439 bytes received. See https://curl.se/libcurl/c/libcurl-errors.html first for more details.
Error fetching https://bitcoinmagazine.com/.rss/full/: Failed to perform, curl: (28) Operation timed out after 15002 milliseconds with 162 bytes received. See https://curl.se/libcurl/c/libcurl-errors.html first for more details.
Error fetching https://feeds.forbes.com/real-time/feed2/: Failed to perform, curl: (28) Connection timed out after 15002 milliseconds. See https://curl.se/libcurl/c/libcurl-errors.html first for more details.
Error fetching https://www.forbes.com/most-popular/feed/: Failed to perform, curl: (28) Connection timed out after 15002 milliseconds. See https://curl.se/libcurl/c/libcurl-errors.html first for more details.
Error fetching https://techcrunch.com/feed: Failed to perform, curl: (28) Connection timed out after 15002 milliseconds. See https://curl.se/libcurl/c/libcurl-errors.html first for more details.

--- RSS Fetch Errors at 2026-04-17 18:21:06 ---
Error fetching https://hwsw.hu/xml/latest_news_rss.xml: Failed to perform, curl: (28) Operation timed out after 15906 milliseconds with 0 bytes received. See https://curl.se/libcurl/c/libcurl-errors.html first for more details.
Error fetching https://vezess.hu/rss: Failed to perform, curl: (28) Resolving timed out after 3254 milliseconds. See https://curl.se/libcurl/c/libcurl-errors.html first for more details.
Error fetching https://welovebudapest.com/feed/: Failed to perform, curl: (28) Resolving timed out after 685 milliseconds. See https://curl.se/libcurl/c/libcurl-errors.html first for more details.
Error fetching https://techpowerup.com/rss/news: Failed to perform, curl: (28) Connection timed out after 3981 milliseconds. See https://curl.se/libcurl/c/libcurl-errors.html first for more details.
Error fetching https://www.livescience.com/feeds/all: Failed to perform, curl: (28) Operation timed out after 15267 milliseconds with 0 bytes received. See https://curl.se/libcurl/c/libcurl-errors.html first for more details.
Error fetching https://www.sciencedaily.com/rss/top.xml: Failed to perform, curl: (28) Operation timed out after 15001 milliseconds with 0 bytes received. See https://curl.se/libcurl/c/libcurl-errors.html first for more details.
[18:21:23] Summarizer: [DownloadWorker-9] SKIP (duplicate title): 2027 Genesis GV60 price and specs: Luxur...
[18:22:03] Summarizer: [Batch] 1 item(s) missing from response → marked for reprocessing
[18:22:08] Summarizer: [Batch] 2 item(s) missing from response → marked for reprocessing
[18:22:12] Summarizer: [Batch] 1 item(s) missing from response → marked for reprocessing
[18:22:13] Summarizer: [MissingDetector] ⚠️ PAIRING FAIL: 'https://qubit.hu/2026/04/17/a-kiborgok-kora-kozelebbi-jovo-lehet-mint-azt-az-emberiseg-eddig-gondolta?utm_source=rss_feed&utm_campaign=rss_syndication' not found. KEEPING ITEM (Fallback).
[18:22:13] Summarizer: [Batch] 3 item(s) missing from response → marked for reprocessing
[18:22:13] Summarizer: [FreeGeminiAPI_3] ⚠️ PAIRING FAIL: 'https://qubit.hu/2026/04/17/a-kiborgok-kora-kozelebbi-jovo-lehet-mint-azt-az-emberiseg-eddig-gondolta?utm_source=rss_feed&utm_campaign=rss_syndication' not found. KEEPING ITEM (Fallback).
[18:22:25] Summarizer: [Batch] 1 item(s) missing from response → marked for reprocessing
[18:22:26] Summarizer: [MissingDetector] ⚠️ PAIRING FAIL: 'https://telex.hu/belfold/2026/04/17/tico-magyar-rendorseg-drogkereső-kutya-nyugdij' not found. KEEPING ITEM (Fallback).
[18:22:26] Summarizer: [Batch] 1 item(s) missing from response → marked for reprocessing
[18:22:26] Summarizer: [FreeGeminiAPI_2] ⚠️ PAIRING FAIL: 'https://telex.hu/belfold/2026/04/17/tico-magyar-rendorseg-drogkereső-kutya-nyugdij' not found. KEEPING ITEM (Fallback).
[18:22:28] Summarizer: [Batch] No response from API (attempt 1/3)
[18:22:33] Summarizer: [DownloadWorker-6] SKIP (duplicate title): Akinek ilyen rendszáma van, mostantól ke...
[18:22:52] Summarizer: [Batch] 1 item(s) missing from response → marked for reprocessing
[18:23:00] Summarizer: [Batch] 2 item(s) missing from response → marked for reprocessing
[18:23:19] Summarizer: [Batch] No response from API (attempt 1/3)
[18:23:22] Image_Downloader: Download failed (https://www.sciencedaily.com/images/1920/caulobacter-crescentus-bacterial-host-cells-producing-gta-particles.webp): HTTPSConnectionPool(host='www.sciencedaily.com', port=443): Read timed out. (read timeout=20)
[18:23:40] Image_Downloader: Download failed (https://www.sciencedaily.com/images/1920/aerial-drone-view-of-autumn-forest-colors-blue-lake.webp): HTTPSConnectionPool(host='www.sciencedaily.com', port=443): Read timed out. (read timeout=20)
[18:23:43] Summarizer: [Batch] 1 item(s) missing from response → marked for reprocessing
[18:24:15] Summarizer: [Batch] No response from API (attempt 1/3)
[18:24:15] Summarizer: [Batch] 2 item(s) missing from response → marked for reprocessing
[18:24:39] Summarizer: [Batch] No response from API (attempt 1/3)
[18:24:58] Summarizer: [MissingDetector] ⚠️ PAIRING FAIL: 'https://telex.hu/kulfold/2026/04/17/iran-hormuzi-szoros-megnyitas-tuzszueenet' not found. KEEPING ITEM (Fallback).
[18:24:58] Summarizer: [Batch] 1 item(s) missing from response → marked for reprocessing
[18:24:58] Summarizer: [FreeGeminiAPI_2] ⚠️ PAIRING FAIL: 'https://telex.hu/kulfold/2026/04/17/iran-hormuzi-szoros-megnyitas-tuzszueenet' not found. KEEPING ITEM (Fallback).
[18:25:00] Summarizer: [Batch] 2 item(s) missing from response → marked for reprocessing
[18:25:08] Summarizer: [Batch] 1 item(s) missing from response → marked for reprocessing
[18:25:09] Summarizer: [Batch] 2 item(s) missing from response → marked for reprocessing
[18:25:16] Summarizer: [MissingDetector] ⚠️ PAIRING FAIL: 'https://www.space.com/entertainment/space-movies-shows/for-all-mankind-alternative-timeline-vs-reality-how-apple-tv-s-sci-fi-show-diverges-from-history' not found. KEEPING ITEM (Fallback).
[18:25:16] Summarizer: [Batch] 1 item(s) missing from response → marked for reprocessing
[18:25:16] Summarizer: [FreeGeminiAPI_3] ⚠️ PAIRING FAIL: 'https://www.space.com/entertainment/space-movies-shows/for-all-mankind-alternative-timeline-vs-reality-how-apple-tv-s-sci-fi-show-diverges-from-history' not found. KEEPING ITEM (Fallback).
[18:25:17] Summarizer: [Batch] 1 item(s) missing from response → marked for reprocessing
[18:26:07] Summarizer: [MissingDetector] ⚠️ PAIRING FAIL: 'https://qubit.hu/2026/04/17/mi-tortenne-a-vilaggal-ha-az-egyesult-allamok-kilepne-a-nato-bol?utm_source=rss_feed&utm_medium=rss_rss&utm_campaign=rss_syndication' not found. KEEPING ITEM (Fallback).
[18:26:07] Summarizer: [Batch] 1 item(s) missing from response → marked for reprocessing
[18:26:07] Summarizer: [FreeGeminiAPI_2] ⚠️ PAIRING FAIL: 'https://qubit.hu/2026/04/17/mi-tortenne-a-vilaggal-ha-az-egyesult-allamok-kilepne-a-nato-bol?utm_source=rss_feed&utm_medium=rss_rss&utm_campaign=rss_syndication' not found. KEEPING ITEM (Fallback).
[18:26:08] Summarizer: [Batch] 2 item(s) missing from response → marked for reprocessing
[18:26:15] Summarizer: [Batch] 1 item(s) missing from response → marked for reprocessing
[18:26:21] Summarizer: [Batch] 2 item(s) missing from response → marked for reprocessing
[18:26:29] Summarizer: [MissingDetector] ⚠️ PAIRING FAIL: 'https://www.vezess.hu/vezetunk/2026/04/17/orult-kozuti-balhe-motorhaztetobe-kapaszkodom-veszekedo-novel/' not found. KEEPING ITEM (Fallback).
[18:26:29] Summarizer: [Batch] 1 item(s) missing from response → marked for reprocessing
[18:26:29] Summarizer: [FreeGeminiAPI_1] ⚠️ PAIRING FAIL: 'https://www.vezess.hu/vezetunk/2026/04/17/orult-kozuti-balhe-motorhaztetobe-kapaszkodom-veszekedo-novel/' not found. KEEPING ITEM (Fallback).
[18:26:47] Summarizer: TIMEOUT (180s) - backend call took too long
[18:26:47] Summarizer: [Batch] No response from API (attempt 1/3)
[18:27:14] Summarizer: [MissingDetector] ⚠️ PAIRING FAIL: 'https://telex.hu/gazdasag/20260417/gulyas-gergely-a-kormany-dontott-a-vedett-ar-meghosszabbitasarol' not found. KEEPING ITEM (Fallback).
[18:27:14] Summarizer: [Batch] 1 item(s) missing from response → marked for reprocessing
[18:27:14] Summarizer: [FreeGeminiAPI_2] ⚠️ PAIRING FAIL: 'https://telex.hu/gazdasag/20260417/gulyas-gergely-a-kormany-dontott-a-vedett-ar-meghosszabbitasarol' not found. KEEPING ITEM (Fallback).
[18:27:17] Summarizer: [Batch] No response from API (attempt 1/3)
[18:28:06] Summarizer: [Batch] 1 item(s) missing from response → marked for reprocessing
