[00:12:06] Summarizer: [MissingDetector] ⚠️ PAIRING FAIL: 'https://welovebudapest.com/cikk/2026/03/23/meteor-golya-uj-vizparti-hely-dunakany-horany' not found. KEEPING ITEM (Fallback).
[00:12:06] Summarizer: [Batch] 1 item(s) missing from response → marked for reprocessing
[00:12:06] Summarizer: [GeminiSelenium] ⚠️ PAIRING FAIL: 'https://welovebudapest.com/cikk/2026/03/23/meteor-golya-uj-vizparti-hely-dunakany-horany' not found. KEEPING ITEM (Fallback).
[00:12:34] Summarizer: [Batch] 4 item(s) missing from response → marked for reprocessing
[00:12:57] Image_Downloader: Download failed (https://bitcoinmagazine.com/wp-content/uploads/2026/01/MSCI-Will-Not-Exclude-Bitcoin-Treasury-Companies-Like-Michael-Saylors-Strategy-From-Global-Indexes.jpg): HTTPSConnectionPool(host='bitcoinmagazine.com', port=443): Read timed out. (read timeout=20)
[00:13:11] Summarizer: [Batch] 9 item(s) missing from response → marked for reprocessing
[00:13:45] Summarizer: [Batch] Invalid JSON (attempt 1/3)
[00:13:45] Summarizer: [Batch] Invalid JSON error: json.loads failed (pass 1): Expecting ',' delimiter: line 5 column 142 (char 270)
[00:13:45] Summarizer: [Batch] Invalid JSON error: json.loads failed (pass 2): Expecting ',' delimiter: line 5 column 142 (char 270)
[00:13:45] Summarizer: [Batch] Invalid JSON error: json.loads failed (pass 3): Expecting ',' delimiter: line 5 column 142 (char 270)
[00:13:45] Summarizer: [Batch] Invalid JSON error: Iterative repair stuck at round 2: Expecting property name enclosed in double quotes: line 5 column 143 (char 271)
[00:13:45] Summarizer: [Batch] Invalid JSON error: Final parse error: JSONDecodeError("Expecting ',' delimiter: line 5 column 142 (char 270)")
[00:13:48] Image_Downloader: Download failed (https://resizer.ladbiblegroup.com/ogimage/v3/assets/bltbc1876152fcd9f07/blt0c802ddf4d32b6c6/69c128d09bf5ec53ca834eb5/Oddish.jpg): HTTPSConnectionPool(host='resizer.ladbiblegroup.com', port=443): Read timed out. (read timeout=20)
[00:13:59] Image_Downloader: Download failed (https://kep.cdn.index.hu/1/0/6841/68417/684174/68417463_5050575_79867f1bbeb34ee73a7c44600a8b66e6_wm.jpg): HTTPSConnectionPool(host='kep.cdn.index.hu', port=443): Read timed out. (read timeout=20)
[00:14:08] Summarizer: [Batch] Invalid JSON (attempt 2/3)
[00:14:08] Summarizer: [Batch] Invalid JSON error: json.loads failed (pass 1): Expecting ',' delimiter: line 5 column 157 (char 280)
[00:14:08] Summarizer: [Batch] Invalid JSON error: json.loads failed (pass 2): Expecting ',' delimiter: line 5 column 157 (char 280)
[00:14:08] Summarizer: [Batch] Invalid JSON error: json.loads failed (pass 3): Expecting ',' delimiter: line 5 column 157 (char 280)
[00:14:08] Summarizer: [Batch] Invalid JSON error: Iterative repair stuck at round 2: Expecting property name enclosed in double quotes: line 5 column 158 (char 281)
[00:14:08] Summarizer: [Batch] Invalid JSON error: Final parse error: JSONDecodeError("Expecting ',' delimiter: line 5 column 157 (char 280)")
[00:14:23] Summarizer: [Batch] 3 item(s) missing from response → marked for reprocessing
[00:14:29] Summarizer: [Batch] Invalid JSON (attempt 3/3)
[00:14:29] Summarizer: [Batch] Invalid JSON error: json.loads failed (pass 1): Expecting ',' delimiter: line 5 column 213 (char 336)
[00:14:29] Summarizer: [Batch] Invalid JSON error: json.loads failed (pass 2): Expecting ',' delimiter: line 5 column 213 (char 336)
[00:14:29] Summarizer: [Batch] Invalid JSON error: json.loads failed (pass 3): Expecting ',' delimiter: line 5 column 213 (char 336)
[00:14:29] Summarizer: [Batch] Invalid JSON error: Iterative repair stuck at round 2: Expecting property name enclosed in double quotes: line 5 column 214 (char 337)
[00:14:29] Summarizer: [Batch] Invalid JSON error: Final parse error: JSONDecodeError("Expecting ',' delimiter: line 5 column 213 (char 336)")
[00:14:30] Summarizer: [DownloadWorker-7] SKIP (duplicate title): BYD’s big EV bet is paying off as driver...
[00:14:53] Summarizer: [Batch] 1 item(s) missing from response → marked for reprocessing
[00:15:38] Summarizer: [Batch] 1 item(s) missing from response → marked for reprocessing
[00:16:01] Summarizer: [Batch] 3 item(s) missing from response → marked for reprocessing
[00:16:09] Summarizer: [Batch] 2 item(s) missing from response → marked for reprocessing
[00:16:33] Summarizer: [DownloadWorker-5] SKIP (duplicate title): Ranking the 13 Best Action Games of All ...
[00:16:35] Summarizer: [Batch] 1 item(s) missing from response → marked for reprocessing
[00:17:09] Summarizer: [Batch] 1 item(s) missing from response → marked for reprocessing
[00:17:34] Summarizer: [Batch] No response from API (attempt 1/3)
[00:17:44] Summarizer: [DownloadWorker-2] SKIP (duplicate title): Lakhely a végítéletre...
[00:17:45] Summarizer: [Batch] No response from API (attempt 2/3)
[00:17:56] Summarizer: [Batch] No response from API (attempt 3/3)
[00:18:02] Summarizer: [Batch] 🔧 No balanced array found, but recovered 6 individual object(s)
[00:18:02] Summarizer: [Batch] 1 item(s) missing from response → marked for reprocessing
[00:18:06] Summarizer: [Batch] 2 item(s) missing from response → marked for reprocessing
[00:18:22] Summarizer: [Batch] 1 item(s) missing from response → marked for reprocessing
[00:18:55] Summarizer: [Batch] Minor issues fixed: 1
[00:19:01] Summarizer: [Batch] 2 item(s) missing from response → marked for reprocessing

--- RSS Fetch Errors at 2026-03-24 06:09:04 ---
Error fetching https://www.pcwplus.hu/site/rss/rss.xml: Failed to perform, curl: (7) Failed to connect to www.pcwplus.hu port 443 after 2980 ms: Could not connect to server. See https://curl.se/libcurl/c/libcurl-errors.html first for more details.
Error fetching https://prohardver.hu/hirfolyam/hirek/rss.xml: Failed to perform, curl: (7) Failed to connect to prohardver.hu port 443 after 2984 ms: Could not connect to server. See https://curl.se/libcurl/c/libcurl-errors.html first for more details.
Error fetching https://futurism.com/feed: Failed to perform, curl: (7) Failed to connect to futurism.com port 443 after 2565 ms: Could not connect to server. See https://curl.se/libcurl/c/libcurl-errors.html first for more details.
Error fetching https://feeds.forbes.com/real-time/feed2/: Failed to perform, curl: (7) Failed to connect to feeds.forbes.com port 443 after 830 ms: Could not connect to server. See https://curl.se/libcurl/c/libcurl-errors.html first for more details.
Error fetching https://pcguru.hu/rss: Failed to perform, curl: (7) Failed to connect to pcguru.hu port 443 after 728 ms: Could not connect to server. See https://curl.se/libcurl/c/libcurl-errors.html first for more details.
Error fetching https://gsplus.hu/site/rss/rss.xml: Failed to perform, curl: (7) Failed to connect to gsplus.hu port 443 after 528 ms: Could not connect to server. See https://curl.se/libcurl/c/libcurl-errors.html first for more details.
[06:09:41] Summarizer: [Batch] 1 item(s) missing from response → marked for reprocessing
[06:10:38] Summarizer: [Batch] 1 item(s) missing from response → marked for reprocessing
[06:10:39] Summarizer: [DownloadWorker-3] SKIP (duplicate title): Filmek, képek, díjak...
[06:10:51] Summarizer: [Batch] 1 item(s) missing from response → marked for reprocessing
[06:11:02] Summarizer: [Batch] 1 item(s) missing from response → marked for reprocessing
[06:11:28] Summarizer: [DownloadWorker-4] SKIP (duplicate title): Netflix...
[06:11:28] Summarizer: [DownloadWorker-6] SKIP (duplicate title): Air Street becomes one of the largest so...
[06:11:30] Summarizer: [DownloadWorker-2] SKIP (duplicate title): Lakhely a végítéletre...
[06:11:38] Summarizer: [Batch] 1 item(s) missing from response → marked for reprocessing
[06:11:38] Image_Downloader: Download failed (https://cdn.forbes.hu/uploads/2026/03/imtiyaz-ali-LxBMsvUPAgo-unsplash-scaled-e1774272017474.webp?r=eyJ3IjoxMjAwLCJxIjo5MCwicyI6ImpwZyIsImgiOjYzMH0%3D): 502 Server Error: Bad Gateway for url: https://cdn.forbes.hu/uploads/2026/03/imtiyaz-ali-LxBMsvUPAgo-unsplash-scaled-e1774272017474.webp?r=eyJ3IjoxMjAwLCJxIjo5MCwicyI6ImpwZyIsImgiOjYzMH0%3D
[06:12:03] Summarizer: [Batch] 1 item(s) missing from response → marked for reprocessing
[06:12:09] Summarizer: [Batch] 1 item(s) missing from response → marked for reprocessing
[06:12:27] Summarizer: [DownloadWorker-6] SKIP (duplicate title): World of Warcraft: Midnight Review...
[06:12:37] Summarizer: [DownloadWorker-5] SKIP (duplicate title): SEC sends proposed crypto interpretation...
[06:12:50] Summarizer: [Batch] 1 item(s) missing from response → marked for reprocessing
[06:13:27] Summarizer: [DownloadWorker-1] SKIP (duplicate title): April's Pink Moon Won't Actually Be Pink...
[06:13:39] Summarizer: [DownloadWorker-0] SKIP (duplicate title): Miért nem lehet felhalmozni a drónokat?...
[06:13:51] Summarizer: [DownloadWorker-4] SKIP (duplicate title): Lakhely a végítéletre...
[06:14:14] Summarizer: [Batch] 2 item(s) missing from response → marked for reprocessing
[06:14:24] Summarizer: [Batch] 1 item(s) missing from response → marked for reprocessing
[06:14:34] Summarizer: [DownloadWorker-7] SKIP (duplicate title): Zipline snaps up another $200M to fuel i...
[06:14:47] Summarizer: [Batch] No response from API (attempt 1/3)
[06:14:50] Summarizer: [DownloadWorker-3] SKIP (duplicate title): Online Jegyvásárlás...
[06:15:45] Summarizer: [DownloadWorker-9] SKIP (duplicate title): MoonPay Unveils Open-source Wallet Frame...
[06:16:50] Summarizer: [DownloadWorker-4] SKIP (duplicate title): The unexpected EV cost adding thousands ...
[06:17:51] Image_Downloader: Download failed (https://cdn.forbes.hu/uploads/2026/03/imtiyaz-ali-LxBMsvUPAgo-unsplash-scaled-e1774272017474.webp?r=eyJ3IjoxMjAwLCJxIjo5MCwicyI6ImpwZyIsImgiOjYzMH0%3D): 502 Server Error: Bad Gateway for url: https://cdn.forbes.hu/uploads/2026/03/imtiyaz-ali-LxBMsvUPAgo-unsplash-scaled-e1774272017474.webp?r=eyJ3IjoxMjAwLCJxIjo5MCwicyI6ImpwZyIsImgiOjYzMH0%3D
