
--- RSS Fetch Errors at 2026-06-28 00:04:41 ---
Error fetching https://www.drive.com.au/feed/: HTTP Error 403: 
Error fetching https://leetgaming.com/feed/: Failed to perform, curl: (28) Connection timed out after 10003 milliseconds. See https://curl.se/libcurl/c/libcurl-errors.html first for more details.
Error fetching https://velvet.hu/feed: HTTP Error 404: Not Found
Error fetching https://cliffhanger.hu/feed: HTTP Error 403: 
Error fetching https://hwsw.hu/hirek/rss: HTTP Error 404: 
Error fetching https://femina.hu/feed: HTTP Error 404: Not Found
Error fetching https://instylemen.hu/feed: Failed to perform, curl: (28) Operation timed out after 25919 milliseconds with 0 bytes received. See https://curl.se/libcurl/c/libcurl-errors.html first for more details.
Error fetching https://wallstreetzen.com/blog/feed/: Failed to perform, curl: (28) Connection timed out after 10003 milliseconds. See https://curl.se/libcurl/c/libcurl-errors.html first for more details.
[00:04:59] Summarizer: [DownloadWorker-6] SKIP (duplicate title): Melyik volt a hét legjobb sorozatepizódj...
[00:05:15] Summarizer: [DownloadWorker-2] SKIP (duplicate title): Mi volt a hét csalódása?...
[00:05:26] Image_Downloader: Download failed (https://s.24.hu/app/uploads/2026/06/gettyimages-2282999587-e1782597353168-1440x810_wm.jpg): HTTPSConnectionPool(host='s.24.hu', port=443): Max retries exceeded with url: /app/uploads/2026/06/gettyimages-2282999587-e1782597353168-1440x810_wm.jpg (Caused by NewConnectionError("HTTPSConnection(host='s.24.hu', port=443): Failed to establish a new connection: [Errno 61] Connection refused"))
[00:05:36] Summarizer: [Batch] 2 item(s) missing from response → marked for reprocessing
[00:05:42] Summarizer: [Batch] 1 item(s) missing from response → marked for reprocessing
[00:05:45] Image_Downloader: Download failed (https://assets-prd.ignimgs.com/2021/05/26/playstation-logo-1622026665954.jpg?width=1280&format=jpg&auto=webp&quality=80): HTTPSConnectionPool(host='assets-prd.ignimgs.com', port=443): Max retries exceeded with url: /2021/05/26/playstation-logo-1622026665954.jpg?width=1280&format=jpg&auto=webp&quality=80 (Caused by ConnectTimeoutError(<HTTPSConnection(host='assets-prd.ignimgs.com', port=443) at 0x11a589950>, 'Connection to assets-prd.ignimgs.com timed out. (connect timeout=5)'))
[00:06:04] Summarizer: [DownloadWorker-6] SKIP (duplicate title): Vasárnapi programajánló...
[00:06:07] Summarizer: [Batch] 1 item(s) missing from response → marked for reprocessing
[00:06:08] Summarizer: [DownloadWorker-8] SKIP (duplicate title): Itt vannak a legjobb filmek a tévében sz...
[00:06:08] Image_Downloader: Download failed (https://media.port.hu/images/001/008/814.jpg): HTTPSConnectionPool(host='media.port.hu', port=443): Max retries exceeded with url: /images/001/008/814.jpg (Caused by NewConnectionError("HTTPSConnection(host='media.port.hu', port=443): Failed to establish a new connection: [Errno 61] Connection refused"))
[00:06:12] Image_Downloader: Download failed (https://s.24.hu/app/uploads/2026/06/gettyimages-2282999544-e1782591367348-1440x810_wm.jpg): HTTPSConnectionPool(host='s.24.hu', port=443): Max retries exceeded with url: /app/uploads/2026/06/gettyimages-2282999544-e1782591367348-1440x810_wm.jpg (Caused by NewConnectionError("HTTPSConnection(host='s.24.hu', port=443): Failed to establish a new connection: [Errno 61] Connection refused"))
[00:06:13] Summarizer: [MissingDetector] ⚠️ PAIRING FAIL: 'https://www.mafab.hu/hu/article/ujdonsagok-a-netflixen-6-premierfilm-es-sorozat-amit-a-jovo-heten-nezhetsz-junius-29-julius-5-30' not found. KEEPING ITEM (Fallback).
[00:06:13] Summarizer: [MissingDetector] ⚠️ PAIRING FAIL: 'https://www.portfolio.hu/gazdasag/20260627/a-hoseg-mar-a-tavakat-is-kiszaritja-egy-nap-alatt-nagyot-apadt-a-balaton-es-a-velencei-tó-846132' not found. KEEPING ITEM (Fallback).
[00:06:13] Summarizer: [Batch] 2 item(s) missing from response → marked for reprocessing
[00:06:13] Summarizer: [FreeGeminiAPI_2] ⚠️ PAIRING FAIL: 'https://www.mafab.hu/hu/article/ujdonsagok-a-netflixen-6-premierfilm-es-sorozat-amit-a-jovo-heten-nezhetsz-junius-29-julius-5-30' not found. KEEPING ITEM (Fallback).
[00:06:13] Summarizer: [FreeGeminiAPI_2] ⚠️ PAIRING FAIL: 'https://www.portfolio.hu/gazdasag/20260627/a-hoseg-mar-a-tavakat-is-kiszaritja-egy-nap-alatt-nagyot-apadt-a-balaton-es-a-velencei-tó-846132' not found. KEEPING ITEM (Fallback).
[00:06:16] Image_Downloader: Download failed (https://s.24.hu/app/uploads/2026/06/kapitany-istvan-energiatarolok-megallapodas-central-1099387998-e1782585424937-1440x810_wm.jpg): HTTPSConnectionPool(host='s.24.hu', port=443): Max retries exceeded with url: /app/uploads/2026/06/kapitany-istvan-energiatarolok-megallapodas-central-1099387998-e1782585424937-1440x810_wm.jpg (Caused by ConnectTimeoutError(<HTTPSConnection(host='s.24.hu', port=443) at 0x119b57250>, 'Connection to s.24.hu timed out. (connect timeout=5)'))

--- RSS Fetch Errors at 2026-06-28 00:06:18 ---
Error fetching https://www.drive.com.au/feed/: HTTP Error 403: 
Error fetching https://prohardver.hu/hirfolyam/anyagok/rss.xml: Failed to perform, curl: (56) Recv failure: Connection reset by peer. See https://curl.se/libcurl/c/libcurl-errors.html first for more details.
Error fetching https://prohardver.hu/hirfolyam/hirek/rss.xml: Failed to perform, curl: (56) Recv failure: Connection reset by peer. See https://curl.se/libcurl/c/libcurl-errors.html first for more details.
Error fetching https://leetgaming.com/feed/: Failed to perform, curl: (28) Connection timed out after 10003 milliseconds. See https://curl.se/libcurl/c/libcurl-errors.html first for more details.
Error fetching https://cliffhanger.hu/feed: HTTP Error 403: 
Error fetching https://velvet.hu/feed: HTTP Error 404: Not Found
Error fetching https://hwsw.hu/hirek/rss: HTTP Error 404: 
Error fetching https://instylemen.hu/feed: HTTP Error 404: 
Error fetching https://www.maxim.com/feed: Failed to perform, curl: (28) Connection timed out after 10003 milliseconds. See https://curl.se/libcurl/c/libcurl-errors.html first for more details.
Error fetching https://index.hu/tudomany/til/rss/: Failed to perform, curl: (28) Connection timed out after 10003 milliseconds. See https://curl.se/libcurl/c/libcurl-errors.html first for more details.
Error fetching https://femina.hu/feed: HTTP Error 404: Not Found
[00:06:22] Image_Downloader: Download failed (https://cdn.penzcentrum.hu/images/articles/lead/2025/06/1748849146-iU35Ce5Ws_lg.jpg): HTTPSConnectionPool(host='cdn.penzcentrum.hu', port=443): Max retries exceeded with url: /images/articles/lead/2025/06/1748849146-iU35Ce5Ws_lg.jpg (Caused by NewConnectionError("HTTPSConnection(host='cdn.penzcentrum.hu', port=443): Failed to establish a new connection: [Errno 61] Connection refused"))
[00:06:22] Image_Downloader: Download failed (https://assets-prd.ignimgs.com/2026/06/27/supergirl-song-1782590551138.png?width=1280&format=jpg&auto=webp&quality=80): HTTPSConnectionPool(host='assets-prd.ignimgs.com', port=443): Max retries exceeded with url: /2026/06/27/supergirl-song-1782590551138.png?width=1280&format=jpg&auto=webp&quality=80 (Caused by NewConnectionError("HTTPSConnection(host='assets-prd.ignimgs.com', port=443): Failed to establish a new connection: [Errno 61] Connection refused"))
[00:06:25] Image_Downloader: Download failed (https://cdn.penzcentrum.hu/images/articles/lead/2026/03/1772437690-vPAfkAMV8_lg.jpg): HTTPSConnectionPool(host='cdn.penzcentrum.hu', port=443): Max retries exceeded with url: /images/articles/lead/2026/03/1772437690-vPAfkAMV8_lg.jpg (Caused by NewConnectionError("HTTPSConnection(host='cdn.penzcentrum.hu', port=443): Failed to establish a new connection: [Errno 61] Connection refused"))
[00:06:29] Summarizer: [DownloadWorker-5] SKIP (duplicate title): Samsung's Free Upgrade Is Coming To Mill...
[00:06:30] Summarizer: [MissingDetector] ⚠️ PAIRING FAIL: 'https://hvg.hu/gazdasag/20260627-magyarorszag-reszese-lett-az-europai-energiatarolasrol-szolo-megallapodasnak' not found. KEEPING ITEM (Fallback).
[00:06:30] Summarizer: [Batch] 1 item(s) missing from response → marked for reprocessing
[00:06:30] Summarizer: [FreeGeminiAPI_1] ⚠️ PAIRING FAIL: 'https://hvg.hu/gazdasag/20260627-magyarorszag-reszese-lett-az-europai-energiatarolasrol-szolo-megallapodasnak' not found. KEEPING ITEM (Fallback).
[00:06:30] Summarizer: [DownloadWorker-2] SKIP (duplicate title): Rezek Bori: 25 éve Doktor Szöszi vett rá...
[00:06:30] Summarizer: [Batch] 2 item(s) missing from response → marked for reprocessing
[00:06:30] Summarizer: [DownloadWorker-3] SKIP (duplicate title): Ismét beigazolódott Einstein legőrültebb...
[00:06:31] Summarizer: [Batch] 2 item(s) missing from response → marked for reprocessing
[00:06:33] Summarizer: [DownloadWorker-9] SKIP (duplicate title): Üvegkosaras air fryer: tényleg megéri le...
[00:06:33] Summarizer: [DownloadWorker-2] SKIP (duplicate title): Szakértők szerint ez a 3 mondat azonnal ...
[00:06:36] Summarizer: [Batch] 3 item(s) missing from response → marked for reprocessing
[00:06:39] Summarizer: [DownloadWorker-9] SKIP (duplicate title): Nemzetiszín lobogók közt kacsintott ránk...
[00:06:45] Summarizer: [DownloadWorker-8] SKIP (duplicate title): Miért is ne olvasnánk egy Nádasdy Ádám-v...
[00:07:04] Image_Downloader: Download failed (https://image.forbes.com/cimages/ufc-baku-fiziev-torres.jpg): HTTPSConnectionPool(host='image.forbes.com', port=443): Max retries exceeded with url: /cimages/ufc-baku-fiziev-torres.jpg (Caused by NameResolutionError("HTTPSConnection(host='image.forbes.com', port=443): Failed to resolve 'image.forbes.com' ([Errno 8] nodename nor servname provided, or not known)"))
[00:07:05] Summarizer: [DownloadWorker-4] SKIP (duplicate title): „Szieszta-kultúra” alakulhat ki a Balato...
[00:07:06] Summarizer: Reprocessing 3 pairing failures from data.json
[00:07:06] Summarizer: [Batch] 2 item(s) missing from response → marked for reprocessing
[00:07:07] Summarizer: [DownloadWorker-7] SKIP (duplicate title): A series of surprise updates has polishe...
[00:07:17] Summarizer: [Batch] 1 item(s) missing from response → marked for reprocessing
[00:07:20] Summarizer: [DownloadWorker-3] SKIP (duplicate title): ‘Supergirl’ Ending—Kara’s Tragic Origin ...
[00:07:26] Summarizer: [Batch] 3 item(s) missing from response → marked for reprocessing
[00:07:28] Summarizer: [DownloadWorker-8] SKIP (duplicate title): Samsung's Free Upgrade Is Coming To Mill...
[00:07:48] Summarizer: [DownloadWorker-1] SKIP (duplicate title): Katelyn Ohashi Dazzles In First Elite Gy...
[00:08:37] Summarizer: Reprocessing 2 pairing failures from data.json

--- RSS Fetch Errors at 2026-06-28 00:15:00 ---
Error fetching https://www.drive.com.au/feed/: HTTP Error 403: 
Error fetching https://index.hu/belfold/rss/: Failed to perform, curl: (28) Connection timed out after 10003 milliseconds. See https://curl.se/libcurl/c/libcurl-errors.html first for more details.
Error fetching https://sg.hu/rss: Failed to perform, curl: (28) Connection timed out after 10002 milliseconds. See https://curl.se/libcurl/c/libcurl-errors.html first for more details.
Error fetching https://444.hu/category/tudomany/feed: Failed to perform, curl: (28) Connection timed out after 10002 milliseconds. See https://curl.se/libcurl/c/libcurl-errors.html first for more details.
Error fetching https://leetgaming.com/feed/: Failed to perform, curl: (28) Connection timed out after 10002 milliseconds. See https://curl.se/libcurl/c/libcurl-errors.html first for more details.
Error fetching https://444.hu/feed: Failed to perform, curl: (28) Connection timed out after 10001 milliseconds. See https://curl.se/libcurl/c/libcurl-errors.html first for more details.
Error fetching https://www.nasa.gov/rss/dyn/breaking_news.rss: Failed to perform, curl: (28) Connection timed out after 10003 milliseconds. See https://curl.se/libcurl/c/libcurl-errors.html first for more details.
Error fetching https://blog.google/rss/: Failed to perform, curl: (28) Connection timed out after 10003 milliseconds. See https://curl.se/libcurl/c/libcurl-errors.html first for more details.
Error fetching https://techcrunch.com/feed: Failed to perform, curl: (28) Connection timed out after 10004 milliseconds. See https://curl.se/libcurl/c/libcurl-errors.html first for more details.
Error fetching https://velvet.hu/feed: HTTP Error 404: Not Found
Error fetching https://instylemen.hu/feed: HTTP Error 404: 
Error fetching https://cliffhanger.hu/feed: HTTP Error 403: 
Error fetching https://hwsw.hu/hirek/rss: Failed to perform, curl: (28) Connection timed out after 10001 milliseconds. See https://curl.se/libcurl/c/libcurl-errors.html first for more details.
Error fetching https://aihirfolyam.hu/feed: Failed to perform, curl: (28) Connection timed out after 10003 milliseconds. See https://curl.se/libcurl/c/libcurl-errors.html first for more details.
Error fetching https://femina.hu/feed: Failed to perform, curl: (28) Connection timed out after 10003 milliseconds. See https://curl.se/libcurl/c/libcurl-errors.html first for more details.
Error fetching https://sorozatjunkie.hu/feed: Failed to perform, curl: (28) Connection timed out after 10003 milliseconds. See https://curl.se/libcurl/c/libcurl-errors.html first for more details.
[00:15:22] Summarizer: [Batch] 1 item(s) missing from response → marked for reprocessing
[00:15:30] Summarizer: [DownloadWorker-5] SKIP (duplicate title): UFC Baku Results: 9 Crazy Finishes, 4 Pe...
[00:15:35] Summarizer: [DownloadWorker-7] SKIP (duplicate title): Apple iPhone 18 Pro Release Date: Why iO...
[00:15:43] Summarizer: [DownloadWorker-8] SKIP (duplicate title): The Lion With Nine Lives: Jacob’s Story ...
[00:16:25] Image_Downloader: Download failed (https://raw.githubusercontent.com/Derushir/Kepek/main/67c6357751300334f52e35f893ac854f/news/szeptember-9-en-erkezhet-az-apple-iphone-18-pro-az-ios-27-fe.jpg): 404 Client Error: Not Found for url: https://raw.githubusercontent.com/Derushir/Kepek/main/67c6357751300334f52e35f893ac854f/news/szeptember-9-en-erkezhet-az-apple-iphone-18-pro-az-ios-27-fe.jpg
[00:16:25] Image_Downloader: Download failed (https://raw.githubusercontent.com/Derushir/Kepek/main/67c6357751300334f52e35f893ac854f/news/a-temesvari-magyar-szinjatszas-es-az-onismeret-utja-lorincz-.jpg): 404 Client Error: Not Found for url: https://raw.githubusercontent.com/Derushir/Kepek/main/67c6357751300334f52e35f893ac854f/news/a-temesvari-magyar-szinjatszas-es-az-onismeret-utja-lorincz-.jpg
[00:16:25] Image_Downloader: Download failed (https://raw.githubusercontent.com/Derushir/Kepek/main/67c6357751300334f52e35f893ac854f/news/jacob-a-haromlabu-oroszlan-hihetetlen-tulelesi-tortenete-dok.jpg): 404 Client Error: Not Found for url: https://raw.githubusercontent.com/Derushir/Kepek/main/67c6357751300334f52e35f893ac854f/news/jacob-a-haromlabu-oroszlan-hihetetlen-tulelesi-tortenete-dok.jpg

--- RSS Fetch Errors at 2026-06-28 06:04:05 ---
Error fetching https://www.drive.com.au/feed/: HTTP Error 403: 
Error fetching https://telex.hu/rss/archivum?filters=%7B%22superTagSlugs%22%3A%5B%22eszkombajn%22%5D%2C%22parentId%22%3A%5B%22null%22%5D%7D&perPage=10: Failed to perform, curl: (28) Connection timed out after 10001 milliseconds. See https://curl.se/libcurl/c/libcurl-errors.html first for more details.
Error fetching https://leetgaming.com/feed/: Failed to perform, curl: (28) Connection timed out after 10001 milliseconds. See https://curl.se/libcurl/c/libcurl-errors.html first for more details.
Error fetching https://sg.hu/rss: Failed to perform, curl: (28) Connection timed out after 10001 milliseconds. See https://curl.se/libcurl/c/libcurl-errors.html first for more details.
Error fetching https://index.hu/sitemap/friss.xml: Failed to perform, curl: (28) Connection timed out after 10001 milliseconds. See https://curl.se/libcurl/c/libcurl-errors.html first for more details.
Error fetching https://hwsw.hu/xml/latest_news_rss.xml: Failed to perform, curl: (28) Connection timed out after 10003 milliseconds. See https://curl.se/libcurl/c/libcurl-errors.html first for more details.
Error fetching https://24.hu/feed/: Failed to perform, curl: (28) Connection timed out after 10004 milliseconds. See https://curl.se/libcurl/c/libcurl-errors.html first for more details.
Error fetching https://bitcoinmagazine.com/.rss/full/: Failed to perform, curl: (28) Operation timed out after 25726 milliseconds with 10778 bytes received. See https://curl.se/libcurl/c/libcurl-errors.html first for more details.
Error fetching https://cliffhanger.hu/feed: HTTP Error 403: 
Error fetching https://velvet.hu/feed: HTTP Error 404: Not Found
Error fetching https://femina.hu/feed: HTTP Error 404: Not Found
Error fetching https://hwsw.hu/hirek/rss: HTTP Error 404: 
Error fetching https://instylemen.hu/feed: HTTP Error 404: 
Error fetching https://www.economx.hu/feed: Failed to perform, curl: (28) Connection timed out after 10003 milliseconds. See https://curl.se/libcurl/c/libcurl-errors.html first for more details.
Error fetching https://aihirfolyam.hu/feed: Failed to perform, curl: (28) Connection timed out after 10003 milliseconds. See https://curl.se/libcurl/c/libcurl-errors.html first for more details.

--- RSS Fetch Errors at 2026-06-28 06:05:03 ---
Error fetching https://444.hu/category/belfold/feed: Failed to perform, curl: (28) Connection timed out after 10002 milliseconds. See https://curl.se/libcurl/c/libcurl-errors.html first for more details.
Error fetching https://leetgaming.com/feed/: Failed to perform, curl: (28) Connection timed out after 10003 milliseconds. See https://curl.se/libcurl/c/libcurl-errors.html first for more details.
Error fetching https://www.drive.com.au/feed/: HTTP Error 403: 
Error fetching https://totalcar.hu/24ora/rss/: Failed to perform, curl: (28) Resolving timed out after 10000 milliseconds. See https://curl.se/libcurl/c/libcurl-errors.html first for more details.
Error fetching https://media.sg.hu/rss/rss.xml: Failed to perform, curl: (28) Operation timed out after 25000 milliseconds with 0 out of 11733 bytes received. See https://curl.se/libcurl/c/libcurl-errors.html first for more details.
Error fetching https://velvet.hu/feed: HTTP Error 404: Not Found
Error fetching https://cliffhanger.hu/feed: HTTP Error 403: 
Error fetching https://femina.hu/feed: Failed to perform, curl: (28) Connection timed out after 10003 milliseconds. See https://curl.se/libcurl/c/libcurl-errors.html first for more details.
Error fetching https://hwsw.hu/hirek/rss: Failed to perform, curl: (28) Connection timed out after 10002 milliseconds. See https://curl.se/libcurl/c/libcurl-errors.html first for more details.
Error fetching https://instylemen.hu/feed: Failed to perform, curl: (28) Operation timed out after 25003 milliseconds with 357 bytes received. See https://curl.se/libcurl/c/libcurl-errors.html first for more details.
[06:05:22] Summarizer: [MissingDetector] ⚠️ PAIRING FAIL: 'https://roadster.hu/brunello-mucinelli-2027' not found. KEEPING ITEM (Fallback).
[06:05:22] Summarizer: [Batch] 1 item(s) missing from response → marked for reprocessing
[06:05:22] Summarizer: [FreeGeminiAPI_1] ⚠️ PAIRING FAIL: 'https://roadster.hu/brunello-mucinelli-2027' not found. KEEPING ITEM (Fallback).
[06:05:52] Image_Downloader: Download failed (https://ng.24.hu/uploads/2026/06/atoktabla.jpg): HTTPSConnectionPool(host='ng.24.hu', port=443): Max retries exceeded with url: /uploads/2026/06/atoktabla.jpg (Caused by NewConnectionError("HTTPSConnection(host='ng.24.hu', port=443): Failed to establish a new connection: [Errno 61] Connection refused"))
[06:05:57] Summarizer: [Batch] No response from API (attempt 1/3)
[06:05:58] Summarizer: [MissingDetector] ⚠️ PAIRING FAIL: 'https://www.pcgamer.com/games/fps/to-get-thief-remastered-cutscenes-right-nightdive-brought-on-the-dev-behind-the-1998-originals/' not found. KEEPING ITEM (Fallback).
[06:05:58] Summarizer: [Batch] 3 item(s) missing from response → marked for reprocessing
[06:05:58] Summarizer: [FreeGeminiAPI_2] ⚠️ PAIRING FAIL: 'https://www.pcgamer.com/games/fps/to-get-thief-remastered-cutscenes-right-nightdive-brought-on-the-dev-behind-the-1998-originals/' not found. KEEPING ITEM (Fallback).
[06:06:03] Summarizer: [DownloadWorker-4] SKIP (duplicate title): 14 éves minden idők egyik legemlékezetes...
[06:06:08] Summarizer: [MissingDetector] ⚠️ PAIRING FAIL: 'https://index.hu/belfold/20260628/idojaras-elorejelzes-radar-hosegriado-meleg/' not found. KEEPING ITEM (Fallback).
[06:06:08] Summarizer: [Batch] 1 item(s) missing from response → marked for reprocessing
[06:06:08] Summarizer: [FreeGeminiAPI_2] ⚠️ PAIRING FAIL: 'https://index.hu/belfold/20260628/idojaras-elorejelzes-radar-hosegriado-meleg/' not found. KEEPING ITEM (Fallback).
[06:06:09] Summarizer: [DownloadWorker-9] SKIP (duplicate title): 14 éves minden idők egyik legemlékezetes...
[06:06:11] Summarizer: [DownloadWorker-7] SKIP (duplicate title): Kicsit talán rémisztő, de minden hatodik...
[06:06:11] Summarizer: [DownloadWorker-8] SKIP (duplicate title): Kicsit talán rémisztő, de minden hatodik...
[06:06:13] Summarizer: [Batch] 3 item(s) missing from response → marked for reprocessing
[06:06:13] Summarizer: [Batch] 2 item(s) missing from response → marked for reprocessing
[06:06:20] Summarizer: [Batch] 2 item(s) missing from response → marked for reprocessing
[06:06:21] Image_Downloader: Download failed (https://s.24.hu/app/uploads/2026/06/gettyimages-2283624267-e1782601175297-1440x810_wm.jpg): HTTPSConnectionPool(host='s.24.hu', port=443): Max retries exceeded with url: /app/uploads/2026/06/gettyimages-2283624267-e1782601175297-1440x810_wm.jpg (Caused by NewConnectionError("HTTPSConnection(host='s.24.hu', port=443): Failed to establish a new connection: [Errno 61] Connection refused"))
[06:06:28] Image_Downloader: Download failed (https://s.24.hu/app/uploads/2026/06/gettyimages-2283624267-e1782601175297-1440x810_wm.jpg): HTTPSConnectionPool(host='s.24.hu', port=443): Max retries exceeded with url: /app/uploads/2026/06/gettyimages-2283624267-e1782601175297-1440x810_wm.jpg (Caused by NewConnectionError("HTTPSConnection(host='s.24.hu', port=443): Failed to establish a new connection: [Errno 61] Connection refused"))
[06:06:29] Image_Downloader: Download failed (https://s.24.hu/app/uploads/sites/11/2026/06/japan-palacsinta-2-1-1024x576.jpg): HTTPSConnectionPool(host='s.24.hu', port=443): Max retries exceeded with url: /app/uploads/sites/11/2026/06/japan-palacsinta-2-1-1024x576.jpg (Caused by NewConnectionError("HTTPSConnection(host='s.24.hu', port=443): Failed to establish a new connection: [Errno 61] Connection refused"))
[06:06:41] Image_Downloader: Download failed (https://raketa.hu/uploads/2026/06/google-chrome-funkciok-5-1024x649-1.jpg): HTTPSConnectionPool(host='raketa.hu', port=443): Read timed out. (read timeout=5)
[06:06:44] Image_Downloader: Download failed (https://s3-images.ctmedia.io/media/article-covers/hi-market-correction-vs-bear-market-btc-1.jpg): HTTPSConnectionPool(host='s3-images.ctmedia.io', port=443): Read timed out. (read timeout=5)
[06:06:44] Summarizer: [Batch] No response from API (attempt 1/3)
[06:06:44] Image_Downloader: Download failed (https://s.24.hu/app/uploads/2026/06/gettyimages-2283621944-e1782599396952-1440x810_wm.jpg): HTTPSConnectionPool(host='s.24.hu', port=443): Max retries exceeded with url: /app/uploads/2026/06/gettyimages-2283621944-e1782599396952-1440x810_wm.jpg (Caused by NewConnectionError("HTTPSConnection(host='s.24.hu', port=443): Failed to establish a new connection: [Errno 61] Connection refused"))
[06:06:50] Image_Downloader: Download failed (https://img.hvg.hu/Img/8133bb77-3fc3-490f-b374-cb198a0455cc/fee8318a-018d-4e99-9ace-217dd58316e8.jpg): HTTPSConnectionPool(host='img.hvg.hu', port=443): Read timed out. (read timeout=5)
[06:07:17] Summarizer: [Batch] 2 item(s) missing from response → marked for reprocessing
[06:07:20] Summarizer: Reprocessing 2 pairing failures from data.json
[06:07:40] Image_Downloader: Download failed (https://raw.githubusercontent.com/Derushir/Kepek/main/67c6357751300334f52e35f893ac854f/news/a-mortal-kombat-karakterei-is-csatlakozhatnak-az-invincible-.jpg): 404 Client Error: Not Found for url: https://raw.githubusercontent.com/Derushir/Kepek/main/67c6357751300334f52e35f893ac854f/news/a-mortal-kombat-karakterei-is-csatlakozhatnak-az-invincible-.jpg
[06:07:40] Image_Downloader: Download failed (https://raw.githubusercontent.com/Derushir/Kepek/main/67c6357751300334f52e35f893ac854f/news/het-fitneszszokas-amellyel-a-csucsvezetok-javitjak-a-dontesh.jpg): 404 Client Error: Not Found for url: https://raw.githubusercontent.com/Derushir/Kepek/main/67c6357751300334f52e35f893ac854f/news/het-fitneszszokas-amellyel-a-csucsvezetok-javitjak-a-dontesh.jpg
[06:07:40] Image_Downloader: Download failed (https://raw.githubusercontent.com/Derushir/Kepek/main/67c6357751300334f52e35f893ac854f/news/sztarparade-es-divatbemutato-a-2027-es-parizsi-ferfi-divathe.jpg): 404 Client Error: Not Found for url: https://raw.githubusercontent.com/Derushir/Kepek/main/67c6357751300334f52e35f893ac854f/news/sztarparade-es-divatbemutato-a-2027-es-parizsi-ferfi-divathe.jpg
[06:07:40] Image_Downloader: Download failed (https://raw.githubusercontent.com/Derushir/Kepek/main/67c6357751300334f52e35f893ac854f/news/nagy-sikert-arat-a-voidling-bound-cimu-pokemon-stilusu-lovol.jpg): 404 Client Error: Not Found for url: https://raw.githubusercontent.com/Derushir/Kepek/main/67c6357751300334f52e35f893ac854f/news/nagy-sikert-arat-a-voidling-bound-cimu-pokemon-stilusu-lovol.jpg
[06:07:40] Image_Downloader: Download failed (https://raw.githubusercontent.com/Derushir/Kepek/main/67c6357751300334f52e35f893ac854f/news/a-konnyedseg-es-az-egyeni-stilus-hatarozza-meg-a-brunello-cu.jpg): 404 Client Error: Not Found for url: https://raw.githubusercontent.com/Derushir/Kepek/main/67c6357751300334f52e35f893ac854f/news/a-konnyedseg-es-az-egyeni-stilus-hatarozza-meg-a-brunello-cu.jpg
[06:07:40] Image_Downloader: Download failed (https://raw.githubusercontent.com/Derushir/Kepek/main/67c6357751300334f52e35f893ac854f/news/emberfeletti-korulmenyek-kozott-zajlik-a-makoi-fokhagyma-bet.jpg): 404 Client Error: Not Found for url: https://raw.githubusercontent.com/Derushir/Kepek/main/67c6357751300334f52e35f893ac854f/news/emberfeletti-korulmenyek-kozott-zajlik-a-makoi-fokhagyma-bet.jpg
[06:07:40] Image_Downloader: Download failed (https://raw.githubusercontent.com/Derushir/Kepek/main/67c6357751300334f52e35f893ac854f/news/nem-tudatos-szinleles-miert-bicegnek-a-kutyak-figyelemfelkel.jpg): 404 Client Error: Not Found for url: https://raw.githubusercontent.com/Derushir/Kepek/main/67c6357751300334f52e35f893ac854f/news/nem-tudatos-szinleles-miert-bicegnek-a-kutyak-figyelemfelkel.jpg
[06:07:40] Image_Downloader: Download failed (https://raw.githubusercontent.com/Derushir/Kepek/main/67c6357751300334f52e35f893ac854f/news/juliusban-erkezo-nagyjatekok-es-remake-ek-a-konzolos-piacon.jpg): 404 Client Error: Not Found for url: https://raw.githubusercontent.com/Derushir/Kepek/main/67c6357751300334f52e35f893ac854f/news/juliusban-erkezo-nagyjatekok-es-remake-ek-a-konzolos-piacon.jpg
[06:07:40] Image_Downloader: Download failed (https://raw.githubusercontent.com/Derushir/Kepek/main/67c6357751300334f52e35f893ac854f/news/csokkeno-kereslet-az-uj-macbookok-irant-a-hosszabb-hardver-e.jpg): 404 Client Error: Not Found for url: https://raw.githubusercontent.com/Derushir/Kepek/main/67c6357751300334f52e35f893ac854f/news/csokkeno-kereslet-az-uj-macbookok-irant-a-hosszabb-hardver-e.jpg
[06:07:40] Image_Downloader: Download failed (https://raw.githubusercontent.com/Derushir/Kepek/main/67c6357751300334f52e35f893ac854f/news/junius-30-tol-megszunik-a-teljes-erteku-reklamblokkolas-a-go.jpg): 404 Client Error: Not Found for url: https://raw.githubusercontent.com/Derushir/Kepek/main/67c6357751300334f52e35f893ac854f/news/junius-30-tol-megszunik-a-teljes-erteku-reklamblokkolas-a-go.jpg
[06:07:41] Image_Downloader: Download failed (https://raw.githubusercontent.com/Derushir/Kepek/main/67c6357751300334f52e35f893ac854f/news/szakertok-figyelmeztetnek-keruljuk-a-gyanusan-olcso-fel-szaz.jpg): 404 Client Error: Not Found for url: https://raw.githubusercontent.com/Derushir/Kepek/main/67c6357751300334f52e35f893ac854f/news/szakertok-figyelmeztetnek-keruljuk-a-gyanusan-olcso-fel-szaz.jpg
[06:07:41] Image_Downloader: Download failed (https://raw.githubusercontent.com/Derushir/Kepek/main/67c6357751300334f52e35f893ac854f/news/csokkennek-a-szallodai-arak-tobb-nepszeru-nyari-uti-celon.jpg): 404 Client Error: Not Found for url: https://raw.githubusercontent.com/Derushir/Kepek/main/67c6357751300334f52e35f893ac854f/news/csokkennek-a-szallodai-arak-tobb-nepszeru-nyari-uti-celon.jpg
[06:07:42] Image_Downloader: Download failed (https://raw.githubusercontent.com/Derushir/Kepek/main/67c6357751300334f52e35f893ac854f/news/ismet-eles-kritikak-kereszttuzeben-herb-dean-ufc-jatekvezeto.jpg): 404 Client Error: Not Found for url: https://raw.githubusercontent.com/Derushir/Kepek/main/67c6357751300334f52e35f893ac854f/news/ismet-eles-kritikak-kereszttuzeben-herb-dean-ufc-jatekvezeto.jpg
[06:07:42] Image_Downloader: Download failed (https://raw.githubusercontent.com/Derushir/Kepek/main/67c6357751300334f52e35f893ac854f/news/lemondott-steve-clarke-a-skot-labdarugo-valogatott-szovetseg.jpg): 404 Client Error: Not Found for url: https://raw.githubusercontent.com/Derushir/Kepek/main/67c6357751300334f52e35f893ac854f/news/lemondott-steve-clarke-a-skot-labdarugo-valogatott-szovetseg.jpg
[06:08:14] Summarizer: [Batch] No response from API (attempt 1/3)
