
--- RSS Fetch Errors at 2026-07-21 00:43:39 ---
Error fetching https://techpowerup.com/rss/news: HTTP Error 403: 
Error fetching https://www.drive.com.au/feed/: HTTP Error 403: 
Error fetching https://leetgaming.com/feed/: Failed to perform, curl: (28) Connection timed out after 10003 milliseconds. See https://curl.se/libcurl/c/libcurl-errors.html first for more details.
Error fetching https://electrek.co/feed/: Failed to perform, curl: (56) Connection closed abruptly. See https://curl.se/libcurl/c/libcurl-errors.html first for more details.
Error fetching https://www.pcgamer.com/rss/: Failed to perform, curl: (28) Connection timed out after 10002 milliseconds. See https://curl.se/libcurl/c/libcurl-errors.html first for more details.
Error fetching https://feeds.feedburner.com/ign/tv-articles: Failed to perform, curl: (28) Connection timed out after 10003 milliseconds. See https://curl.se/libcurl/c/libcurl-errors.html first for more details.
Error fetching https://bitcoinmagazine.com/.rss/full/: Failed to perform, curl: (28) Operation timed out after 25003 milliseconds with 0 bytes received. See https://curl.se/libcurl/c/libcurl-errors.html first for more details.
Error fetching https://velvet.hu/feed: HTTP Error 404: Not Found
Error fetching https://femina.hu/feed: HTTP Error 404: Not Found
Error fetching https://instylemen.hu/feed: HTTP Error 404: 
Error fetching https://cliffhanger.hu/feed: HTTP Error 403: 
Error fetching https://hwsw.hu/hirek/rss: HTTP Error 404: 
Error fetching https://instylemen.hu/feed: HTTP Error 404: 
Error fetching https://index.hu/tudomany/til/rss/: Failed to perform, curl: (28) Connection timed out after 10002 milliseconds. See https://curl.se/libcurl/c/libcurl-errors.html first for more details.
Error fetching https://www.playboy.com/read/classics/feed: Failed to perform, curl: (28) Connection timed out after 970907 milliseconds. See https://curl.se/libcurl/c/libcurl-errors.html first for more details.
Error fetching https://mycamper.com/_nuxt/mycamper-logo-with-text.CBXIqRJB.svg: Failed to perform, curl: (28) Connection timed out after 968221 milliseconds. See https://curl.se/libcurl/c/libcurl-errors.html first for more details.
Error fetching https://www.koncert.hu/rss/hirek: Failed to perform, curl: (28) Connection timed out after 966935 milliseconds. See https://curl.se/libcurl/c/libcurl-errors.html first for more details.
Error fetching https://sokszinuvidek.24.hu/feed/: Failed to perform, curl: (28) Connection timed out after 966935 milliseconds. See https://curl.se/libcurl/c/libcurl-errors.html first for more details.
Error fetching https://wallstreetzen.com/blog/feed/: Failed to perform, curl: (28) Connection timed out after 963931 milliseconds. See https://curl.se/libcurl/c/libcurl-errors.html first for more details.
Error fetching https://wallstreetzen.com/blog/feed/: Failed to perform, curl: (28) Connection timed out after 966130 milliseconds. See https://curl.se/libcurl/c/libcurl-errors.html first for more details.
Error fetching https://www.penzcentrum.hu/rss/all.xml: Failed to perform, curl: (28) Operation timed out after 966632 milliseconds with 0 bytes received. See https://curl.se/libcurl/c/libcurl-errors.html first for more details.
Error fetching https://faroutmagazine.co.uk/icon.svg: Failed to perform, curl: (28) Connection timed out after 970962 milliseconds. See https://curl.se/libcurl/c/libcurl-errors.html first for more details.
Error fetching https://roadster.hu/feed: Failed to perform, curl: (28) Operation timed out after 973935 milliseconds with 5682 bytes received. See https://curl.se/libcurl/c/libcurl-errors.html first for more details.
Error fetching https://caravantimes.co.uk/feed: Failed to perform, curl: (28) Operation timed out after 969045 milliseconds with 0 bytes received. See https://curl.se/libcurl/c/libcurl-errors.html first for more details.
Error fetching https://mafab.hu/rss: Failed to perform, curl: (28) Resolving timed out after 967204 milliseconds. See https://curl.se/libcurl/c/libcurl-errors.html first for more details.
Error fetching https://caravantimes.co.uk/feed: Failed to perform, curl: (28) Connection timed out after 967157 milliseconds. See https://curl.se/libcurl/c/libcurl-errors.html first for more details.
Error fetching https://wmn.hu/feed/: Failed to perform, curl: (28) Connection timed out after 966934 milliseconds. See https://curl.se/libcurl/c/libcurl-errors.html first for more details.
Error fetching https://www.penzcentrum.hu/rss/all.xml: Failed to perform, curl: (28) Connection timed out after 966935 milliseconds. See https://curl.se/libcurl/c/libcurl-errors.html first for more details.
[01:00:34] Summarizer: [Batch] 2 item(s) missing from response → marked for reprocessing
[01:16:50] Summarizer: [DownloadWorker-7] SKIP (duplicate title): NASA Sets Briefings for SpaceX Crew-13 M...
[01:16:50] Summarizer: [DownloadWorker-2] SKIP (duplicate title): Dell Outlet Has an Alienware Area-51 RTX...
[01:16:54] Summarizer: [Batch] 2 item(s) missing from response → marked for reprocessing
[01:17:01] Summarizer: [Batch] 1 item(s) missing from response → marked for reprocessing
[01:17:17] Summarizer: [Batch] 1 item(s) missing from response → marked for reprocessing
[01:52:26] Summarizer: TIMEOUT (180s) - backend call took too long
[01:52:26] Summarizer: [Batch] No response from API (attempt 1/3)
[02:08:43] Summarizer: TIMEOUT (180s) - backend call took too long
[02:08:43] Summarizer: [Batch] No response from API (attempt 1/3)
[02:08:43] Summarizer: TIMEOUT (180s) - backend call took too long
[02:08:43] Summarizer: [Batch] No response from API (attempt 1/3)
[02:09:07] Summarizer: [Batch] 2 item(s) missing from response → marked for reprocessing
[02:09:11] Summarizer: [MissingDetector] ⚠️ PAIRING FAIL: 'https://www.cnet.com/uncadratized/felicia-days-movie-kickstarter-for-the-guild-hit-its-goal-in-3-hours/' not found. KEEPING ITEM (Fallback).
[02:09:11] Summarizer: [Batch] 1 item(s) missing from response → marked for reprocessing
[02:09:11] Summarizer: [FreeGeminiAPI_3] ⚠️ PAIRING FAIL: 'https://www.cnet.com/uncadratized/felicia-days-movie-kickstarter-for-the-guild-hit-its-goal-in-3-hours/' not found. KEEPING ITEM (Fallback).
[02:09:23] Summarizer: [Batch] 1 item(s) missing from response → marked for reprocessing
[02:09:29] Summarizer: [Batch] 2 item(s) missing from response → marked for reprocessing
[02:10:02] Summarizer: [Batch] 1 item(s) missing from response → marked for reprocessing
[02:10:07] Summarizer: [Batch] 1 item(s) missing from response → marked for reprocessing
[02:10:11] Summarizer: [MissingDetector] ⚠️ PAIRING FAIL: 'https://www.pcgamer.com/games/action/theres-a-dinosaur-soulslike-launching-on-steam-this-week-where-you-re-a-spinosaurus-swinging-a-greatsword-with-your-mouth-who-just-might-be-able-to-parry-the-meteor/' not found. KEEPING ITEM (Fallback).
[02:10:11] Summarizer: [Batch] 1 item(s) missing from response → marked for reprocessing
[02:10:11] Summarizer: [FreeGeminiAPI_3] ⚠️ PAIRING FAIL: 'https://www.pcgamer.com/games/action/theres-a-dinosaur-soulslike-launching-on-steam-this-week-where-you-re-a-spinosaurus-swinging-a-greatsword-with-your-mouth-who-just-might-be-able-to-parry-the-meteor/' not found. KEEPING ITEM (Fallback).
[02:11:12] Summarizer: TIMEOUT (180s) - backend call took too long
[02:11:12] Summarizer: [Batch] No response from API (attempt 2/3)
[02:27:01] Summarizer: Reprocessing 2 pairing failures from data.json

--- RSS Fetch Errors at 2026-07-21 03:17:19 ---
Error fetching https://techpowerup.com/rss/news: HTTP Error 403: 
Error fetching https://www.drive.com.au/feed/: HTTP Error 403: 
Error fetching https://leetgaming.com/feed/: Failed to perform, curl: (28) Connection timed out after 10003 milliseconds. See https://curl.se/libcurl/c/libcurl-errors.html first for more details.
Error fetching https://telex.hu/rss: Failed to perform, curl: (28) Connection timed out after 10002 milliseconds. See https://curl.se/libcurl/c/libcurl-errors.html first for more details.
Error fetching https://index.hu/sitemap/friss.xml: Failed to perform, curl: (28) Connection timed out after 10003 milliseconds. See https://curl.se/libcurl/c/libcurl-errors.html first for more details.
Error fetching https://decrypt.co/feed: Failed to perform, curl: (28) Operation timed out after 950927 milliseconds with 0 bytes received. See https://curl.se/libcurl/c/libcurl-errors.html first for more details.
Error fetching https://feeds.feedburner.com/ign/tv-articles: Failed to perform, curl: (28) Connection timed out after 948082 milliseconds. See https://curl.se/libcurl/c/libcurl-errors.html first for more details.
Error fetching https://gsplus.hu/site/rss/rss.xml: Failed to perform, curl: (28) Connection timed out after 946799 milliseconds. See https://curl.se/libcurl/c/libcurl-errors.html first for more details.
Error fetching https://feeds.feedburner.com/ign/games-all: Failed to perform, curl: (28) Connection timed out after 948941 milliseconds. See https://curl.se/libcurl/c/libcurl-errors.html first for more details.
Error fetching https://bitcoinmagazine.com/feed: Failed to perform, curl: (28) Connection timed out after 951299 milliseconds. See https://curl.se/libcurl/c/libcurl-errors.html first for more details.
Error fetching https://femina.hu/feed: HTTP Error 404: Not Found
Error fetching https://nlc.hu/feed: Failed to perform, curl: (28) Resolving timed out after 965218 milliseconds. See https://curl.se/libcurl/c/libcurl-errors.html first for more details.
Error fetching https://velvet.hu/feed: Failed to perform, curl: (28) Connection timed out after 965217 milliseconds. See https://curl.se/libcurl/c/libcurl-errors.html first for more details.
Error fetching https://marieclaire.hu/feed: Failed to perform, curl: (28) Connection timed out after 965242 milliseconds. See https://curl.se/libcurl/c/libcurl-errors.html first for more details.
Error fetching https://roadster.hu/feed: Failed to perform, curl: (28) Resolving timed out after 963488 milliseconds. See https://curl.se/libcurl/c/libcurl-errors.html first for more details.
Error fetching https://funzine.hu/feed: Failed to perform, curl: (28) Connection timed out after 965475 milliseconds. See https://curl.se/libcurl/c/libcurl-errors.html first for more details.
Error fetching https://fhm.com/feed: Failed to perform, curl: (28) Resolving timed out after 965484 milliseconds. See https://curl.se/libcurl/c/libcurl-errors.html first for more details.
Error fetching https://sorozatjunkie.hu/feed: Failed to perform, curl: (28) Connection timed out after 965499 milliseconds. See https://curl.se/libcurl/c/libcurl-errors.html first for more details.
Error fetching https://aihirfolyam.hu/feed: Failed to perform, curl: (28) Connection timed out after 965727 milliseconds. See https://curl.se/libcurl/c/libcurl-errors.html first for more details.
Error fetching https://instylemen.hu/feed: Failed to perform, curl: (28) Resolving timed out after 962931 milliseconds. See https://curl.se/libcurl/c/libcurl-errors.html first for more details.
Error fetching https://hwsw.hu/hirek/rss: Failed to perform, curl: (28) Connection timed out after 965895 milliseconds. See https://curl.se/libcurl/c/libcurl-errors.html first for more details.
Error fetching https://cliffhanger.hu/feed: Failed to perform, curl: (28) Connection timed out after 965933 milliseconds. See https://curl.se/libcurl/c/libcurl-errors.html first for more details.
Error fetching https://player.hu/feed: Failed to perform, curl: (28) Operation timed out after 965931 milliseconds with 0 bytes received. See https://curl.se/libcurl/c/libcurl-errors.html first for more details.
Error fetching https://offmedia.hu/feed: Failed to perform, curl: (28) Connection timed out after 965932 milliseconds. See https://curl.se/libcurl/c/libcurl-errors.html first for more details.
Error fetching https://www.economx.hu/feed: Failed to perform, curl: (28) Resolving timed out after 965933 milliseconds. See https://curl.se/libcurl/c/libcurl-errors.html first for more details.
Error fetching https://www.playboy.com/wp-json/oembed/1.0/embed?url=https%3A%2F%2Fwww.playboy.com%2F&format=xml: Failed to perform, curl: (28) Resolving timed out after 965933 milliseconds. See https://curl.se/libcurl/c/libcurl-errors.html first for more details.
Error fetching https://ng.24.hu/feed: Failed to perform, curl: (28) Connection timed out after 965932 milliseconds. See https://curl.se/libcurl/c/libcurl-errors.html first for more details.
Error fetching https://www.maxim.com/feed: Failed to perform, curl: (28) Resolving timed out after 965933 milliseconds. See https://curl.se/libcurl/c/libcurl-errors.html first for more details.
Error fetching https://prog.hu/hirek/rss: Failed to perform, curl: (28) Connection timed out after 965937 milliseconds. See https://curl.se/libcurl/c/libcurl-errors.html first for more details.
Error fetching https://totalcar.hu/feed: Failed to perform, curl: (28) Connection timed out after 965936 milliseconds. See https://curl.se/libcurl/c/libcurl-errors.html first for more details.
Error fetching https://the-zone.hu/feed: Failed to perform, curl: (28) Connection timed out after 965936 milliseconds. See https://curl.se/libcurl/c/libcurl-errors.html first for more details.
Error fetching https://www.playboy.com/read/celebrities/feed: Failed to perform, curl: (28) Connection timed out after 10001 milliseconds. See https://curl.se/libcurl/c/libcurl-errors.html first for more details.
Error fetching https://instylemen.hu/feed: Failed to perform, curl: (28) Connection timed out after 10002 milliseconds. See https://curl.se/libcurl/c/libcurl-errors.html first for more details.
Error fetching https://firstclass.hu/feed: Failed to perform, curl: (28) Connection timed out after 10002 milliseconds. See https://curl.se/libcurl/c/libcurl-errors.html first for more details.
Error fetching https://caravantimes.co.uk/feed: Failed to perform, curl: (28) Connection timed out after 10003 milliseconds. See https://curl.se/libcurl/c/libcurl-errors.html first for more details.
Error fetching https://azutazo.hu/feed: Failed to perform, curl: (28) Connection timed out after 10002 milliseconds. See https://curl.se/libcurl/c/libcurl-errors.html first for more details.
Error fetching https://mycamper.com/_nuxt/mycamper-logo-with-text.CBXIqRJB.svg: Failed to perform, curl: (28) Connection timed out after 10003 milliseconds. See https://curl.se/libcurl/c/libcurl-errors.html first for more details.
Error fetching https://bankless.com/feed: Failed to perform, curl: (28) Operation timed out after 25002 milliseconds with 0 bytes received. See https://curl.se/libcurl/c/libcurl-errors.html first for more details.

--- RSS Fetch Errors at 2026-07-21 03:33:08 ---
Error fetching https://techpowerup.com/rss/news: HTTP Error 403: 
Error fetching https://leetgaming.com/feed/: Failed to perform, curl: (28) Connection timed out after 10004 milliseconds. See https://curl.se/libcurl/c/libcurl-errors.html first for more details.
Error fetching https://www.drive.com.au/feed/: HTTP Error 403: 
Error fetching https://www.cnet.com/rss/all/: Failed to perform, curl: (28) Connection timed out after 10003 milliseconds. See https://curl.se/libcurl/c/libcurl-errors.html first for more details.
Error fetching https://www.sciencedaily.com/rss/all.xml: Failed to perform, curl: (28) Connection timed out after 10000 milliseconds. See https://curl.se/libcurl/c/libcurl-errors.html first for more details.
Error fetching https://techcrunch.com/feed: Failed to perform, curl: (28) Connection timed out after 10003 milliseconds. See https://curl.se/libcurl/c/libcurl-errors.html first for more details.
Error fetching https://bitcoinmagazine.com/.rss/full/: Failed to perform, curl: (28) Operation timed out after 25434 milliseconds with 351 bytes received. See https://curl.se/libcurl/c/libcurl-errors.html first for more details.
Error fetching https://aihirfolyam.hu/feed: Failed to perform, curl: (28) Connection timed out after 965848 milliseconds. See https://curl.se/libcurl/c/libcurl-errors.html first for more details.
Error fetching https://roadster.hu/feed: Failed to perform, curl: (28) Resolving timed out after 964085 milliseconds. See https://curl.se/libcurl/c/libcurl-errors.html first for more details.
Error fetching https://offmedia.hu/feed: Failed to perform, curl: (28) Connection timed out after 965851 milliseconds. See https://curl.se/libcurl/c/libcurl-errors.html first for more details.
Error fetching https://instylemen.hu/feed: Failed to perform, curl: (28) Resolving timed out after 964059 milliseconds. See https://curl.se/libcurl/c/libcurl-errors.html first for more details.
Error fetching https://fhm.com/feed: Failed to perform, curl: (28) Connection timed out after 965853 milliseconds. See https://curl.se/libcurl/c/libcurl-errors.html first for more details.
Error fetching https://ng.24.hu/feed: Failed to perform, curl: (28) Connection timed out after 965849 milliseconds. See https://curl.se/libcurl/c/libcurl-errors.html first for more details.
Error fetching https://cliffhanger.hu/feed: Failed to perform, curl: (28) Connection timed out after 965930 milliseconds. See https://curl.se/libcurl/c/libcurl-errors.html first for more details.
Error fetching https://prog.hu/hirek/rss: Failed to perform, curl: (28) Operation timed out after 965930 milliseconds with 0 bytes received. See https://curl.se/libcurl/c/libcurl-errors.html first for more details.
Error fetching https://marieclaire.hu/feed: Failed to perform, curl: (28) Operation timed out after 965929 milliseconds with 0 bytes received. See https://curl.se/libcurl/c/libcurl-errors.html first for more details.
Error fetching https://www.maxim.com/feed: Failed to perform, curl: (28) Resolving timed out after 965931 milliseconds. See https://curl.se/libcurl/c/libcurl-errors.html first for more details.
Error fetching https://www.playboy.com/wp-json/oembed/1.0/embed?url=https%3A%2F%2Fwww.playboy.com%2F&format=xml: Failed to perform, curl: (28) Operation timed out after 965930 milliseconds with 0 bytes received. See https://curl.se/libcurl/c/libcurl-errors.html first for more details.
Error fetching https://the-zone.hu/feed: Failed to perform, curl: (28) Resolving timed out after 965931 milliseconds. See https://curl.se/libcurl/c/libcurl-errors.html first for more details.
Error fetching https://funzine.hu/feed: Failed to perform, curl: (28) Operation timed out after 965933 milliseconds with 0 bytes received. See https://curl.se/libcurl/c/libcurl-errors.html first for more details.
Error fetching https://hwsw.hu/hirek/rss: Failed to perform, curl: (28) Resolving timed out after 965934 milliseconds. See https://curl.se/libcurl/c/libcurl-errors.html first for more details.
Error fetching https://totalcar.hu/feed: Failed to perform, curl: (28) Operation timed out after 965934 milliseconds with 0 bytes received. See https://curl.se/libcurl/c/libcurl-errors.html first for more details.
Error fetching https://www.economx.hu/feed: Failed to perform, curl: (28) Operation timed out after 965932 milliseconds with 0 bytes received. See https://curl.se/libcurl/c/libcurl-errors.html first for more details.
Error fetching https://femina.hu/feed: Failed to perform, curl: (28) Connection timed out after 965934 milliseconds. See https://curl.se/libcurl/c/libcurl-errors.html first for more details.
Error fetching https://sorozatjunkie.hu/feed: Failed to perform, curl: (28) Resolving timed out after 965934 milliseconds. See https://curl.se/libcurl/c/libcurl-errors.html first for more details.
Error fetching https://player.hu/feed: Failed to perform, curl: (28) Connection timed out after 966018 milliseconds. See https://curl.se/libcurl/c/libcurl-errors.html first for more details.
Error fetching https://velvet.hu/feed: Failed to perform, curl: (28) Operation timed out after 966459 milliseconds with 0 bytes received. See https://curl.se/libcurl/c/libcurl-errors.html first for more details.
Error fetching https://www.playboy.com/read/celebrities/feed: Failed to perform, curl: (35) Recv failure: Connection reset by peer. See https://curl.se/libcurl/c/libcurl-errors.html first for more details.
Error fetching https://d3e5kp2e91w0k0.cloudfront.net/favicon.svg: Failed to perform, curl: (28) Connection timed out after 10000 milliseconds. See https://curl.se/libcurl/c/libcurl-errors.html first for more details.
Error fetching https://firstclass.hu/feed: Failed to perform, curl: (28) Connection timed out after 10003 milliseconds. See https://curl.se/libcurl/c/libcurl-errors.html first for more details.
Error fetching https://www.playboy.com/read/sex-relationships/feed: Failed to perform, curl: (28) Connection timed out after 10003 milliseconds. See https://curl.se/libcurl/c/libcurl-errors.html first for more details.
Error fetching https://starity.hu/magazin/rss/: Failed to perform, curl: (28) Connection timed out after 10003 milliseconds. See https://curl.se/libcurl/c/libcurl-errors.html first for more details.
Error fetching https://www.playboy.com/read/celebrities/feed: Failed to perform, curl: (28) Connection timed out after 10002 milliseconds. See https://curl.se/libcurl/c/libcurl-errors.html first for more details.
Error fetching https://instylemen.hu/feed: HTTP Error 404: 
Error fetching https://caravantimes.co.uk/feed: Failed to perform, curl: (28) Connection timed out after 10003 milliseconds. See https://curl.se/libcurl/c/libcurl-errors.html first for more details.
Error fetching https://caravantimes.co.uk/feed: Failed to perform, curl: (28) Connection timed out after 10001 milliseconds. See https://curl.se/libcurl/c/libcurl-errors.html first for more details.
Error fetching https://mycamper.com/_nuxt/mycamper-logo-with-text.CBXIqRJB.svg: Failed to perform, curl: (28) Connection timed out after 10002 milliseconds. See https://curl.se/libcurl/c/libcurl-errors.html first for more details.
Error fetching https://www.koncert.hu/rss/hirek: Failed to perform, curl: (28) Connection timed out after 10002 milliseconds. See https://curl.se/libcurl/c/libcurl-errors.html first for more details.
Error fetching https://index.hu/tudomany/til/rss/: Failed to perform, curl: (28) Operation timed out after 25003 milliseconds with 0 bytes received. See https://curl.se/libcurl/c/libcurl-errors.html first for more details.
[03:33:18] Summarizer: [DownloadWorker-1] SKIP (duplicate title): Jeanny’s Test Explainer Article...
[03:33:19] Summarizer: [DownloadWorker-0] SKIP (duplicate title): Államfőjelölésből Polgár-pukkasztás...
[03:33:19] Summarizer: [DownloadWorker-8] SKIP (duplicate title): There's a dinosaur soulslike launching o...
[03:33:20] Summarizer: [DownloadWorker-6] SKIP (duplicate title): 5 ways to build a side hustle with Gemin...
[03:33:22] Summarizer: [DownloadWorker-2] SKIP (duplicate title): Felicia Day’s Kickstarter for a Movie of...
[03:33:22] Summarizer: [DownloadWorker-3] SKIP (duplicate title): The Real Problem With Long-Term Unemploy...
[03:33:24] Summarizer: [Batch] 3 item(s) missing from response → marked for reprocessing
[03:33:24] Summarizer: [DownloadWorker-9] SKIP (duplicate title): There's a dinosaur soulslike launching o...
[03:33:25] Summarizer: [DownloadWorker-7] SKIP (duplicate title): Államfőjelölésből Polgár-pukkasztás...
[03:33:26] Summarizer: [DownloadWorker-2] SKIP (duplicate title): The Real Problem With Long-Term Unemploy...
[03:33:26] Summarizer: [DownloadWorker-6] SKIP (duplicate title): Nike Promo Codes And Deals: Back-To-Scho...
[03:33:26] Summarizer: [DownloadWorker-0] SKIP (duplicate title): 5 ways to build a side hustle with Gemin...
[03:33:28] Summarizer: [MissingDetector] ⚠️ PAIRING FAIL: 'https://www.pcgamer.com/games/action/theres-a-dinosaur-soulslike-launching-on-steam-this-week-where-you-re-a-spinosaurus-swinging-a-greatsword-with-your-mouth-who-just-might-be-able-to-parry-the-meteor' not found. KEEPING ITEM (Fallback).
[03:33:28] Summarizer: [Batch] 3 item(s) missing from response → marked for reprocessing
[03:33:28] Summarizer: [FreeGeminiAPI_1] ⚠️ PAIRING FAIL: 'https://www.pcgamer.com/games/action/theres-a-dinosaur-soulslike-launching-on-steam-this-week-where-you-re-a-spinosaurus-swinging-a-greatsword-with-your-mouth-who-just-might-be-able-to-parry-the-meteor' not found. KEEPING ITEM (Fallback).
[03:33:29] Summarizer: [DownloadWorker-5] SKIP (duplicate title): Felicia Day’s Kickstarter for a Movie of...
[03:33:35] Summarizer: [Batch] 2 item(s) missing from response → marked for reprocessing
[03:33:36] Summarizer: [Batch] 2 item(s) missing from response → marked for reprocessing
[03:33:38] Summarizer: [DownloadWorker-1] SKIP (duplicate title): Jeanny’s Test Explainer Article...
[03:34:16] Summarizer: Reprocessing 1 pairing failures from data.json
[03:34:17] Image_Downloader: Download failed (https://raw.githubusercontent.com/Derushir/Kepek/main/67c6357751300334f52e35f893ac854f/news/csecsemot-helyeztek-el-a-heim-pal-korhaz-babamento-inkubator.jpg): 404 Client Error: Not Found for url: https://raw.githubusercontent.com/Derushir/Kepek/main/67c6357751300334f52e35f893ac854f/news/csecsemot-helyeztek-el-a-heim-pal-korhaz-babamento-inkubator.jpg
[03:34:17] Image_Downloader: Download failed (https://raw.githubusercontent.com/Derushir/Kepek/main/67c6357751300334f52e35f893ac854f/news/viharjelzes-figyelmen-kivul-hagyasa-negy-kilometerre-sodort-.jpg): 404 Client Error: Not Found for url: https://raw.githubusercontent.com/Derushir/Kepek/main/67c6357751300334f52e35f893ac854f/news/viharjelzes-figyelmen-kivul-hagyasa-negy-kilometerre-sodort-.jpg
[03:34:17] Image_Downloader: Download failed (https://raw.githubusercontent.com/Derushir/Kepek/main/67c6357751300334f52e35f893ac854f/news/oktatasi-egyezteteseket-folytatott-lannert-judit-miniszter-c.jpg): 404 Client Error: Not Found for url: https://raw.githubusercontent.com/Derushir/Kepek/main/67c6357751300334f52e35f893ac854f/news/oktatasi-egyezteteseket-folytatott-lannert-judit-miniszter-c.jpg
[03:34:18] Image_Downloader: Download failed (https://raw.githubusercontent.com/Derushir/Kepek/main/67c6357751300334f52e35f893ac854f/news/rendori-intezkedes-pecs-belvarosaban-egy-meztelen-ferfi-miat.jpg): 404 Client Error: Not Found for url: https://raw.githubusercontent.com/Derushir/Kepek/main/67c6357751300334f52e35f893ac854f/news/rendori-intezkedes-pecs-belvarosaban-egy-meztelen-ferfi-miat.jpg
[03:34:18] Image_Downloader: Download failed (https://raw.githubusercontent.com/Derushir/Kepek/main/67c6357751300334f52e35f893ac854f/news/teljesen-uj-alapokra-helyezte-androidos-alkalmazasat-az-x.jpg): 404 Client Error: Not Found for url: https://raw.githubusercontent.com/Derushir/Kepek/main/67c6357751300334f52e35f893ac854f/news/teljesen-uj-alapokra-helyezte-androidos-alkalmazasat-az-x.jpg
[03:34:18] Image_Downloader: Download failed (https://raw.githubusercontent.com/Derushir/Kepek/main/67c6357751300334f52e35f893ac854f/news/mellekepuletet-epittetett-ruhai-tarolasara-notar-mary.jpg): 404 Client Error: Not Found for url: https://raw.githubusercontent.com/Derushir/Kepek/main/67c6357751300334f52e35f893ac854f/news/mellekepuletet-epittetett-ruhai-tarolasara-notar-mary.jpg
[03:34:19] Image_Downloader: Download failed (https://raw.githubusercontent.com/Derushir/Kepek/main/67c6357751300334f52e35f893ac854f/news/irani-miniszterhelyettes-a-gazdasagi-szankciok-gatoljak-az-o.jpg): 404 Client Error: Not Found for url: https://raw.githubusercontent.com/Derushir/Kepek/main/67c6357751300334f52e35f893ac854f/news/irani-miniszterhelyettes-a-gazdasagi-szankciok-gatoljak-az-o.jpg
[03:34:19] Image_Downloader: Download failed (https://raw.githubusercontent.com/Derushir/Kepek/main/67c6357751300334f52e35f893ac854f/news/tobb-mint-700-dront-tavolitottak-el-a-labdarugo-vilagbajnoks.jpg): 404 Client Error: Not Found for url: https://raw.githubusercontent.com/Derushir/Kepek/main/67c6357751300334f52e35f893ac854f/news/tobb-mint-700-dront-tavolitottak-el-a-labdarugo-vilagbajnoks.jpg
[03:34:20] Image_Downloader: Download failed (https://raw.githubusercontent.com/Derushir/Kepek/main/67c6357751300334f52e35f893ac854f/news/vitatott-vadaszati-modszer-a-kotorekozas-termeszetvedelmi-es.jpg): 404 Client Error: Not Found for url: https://raw.githubusercontent.com/Derushir/Kepek/main/67c6357751300334f52e35f893ac854f/news/vitatott-vadaszati-modszer-a-kotorekozas-termeszetvedelmi-es.jpg
[03:34:22] Image_Downloader: Download failed (https://raw.githubusercontent.com/Derushir/Kepek/main/67c6357751300334f52e35f893ac854f/news/vizhiany-fenyegeti-budapestet-a-duna-vizszintjenek-csokkenes.jpg): 404 Client Error: Not Found for url: https://raw.githubusercontent.com/Derushir/Kepek/main/67c6357751300334f52e35f893ac854f/news/vizhiany-fenyegeti-budapestet-a-duna-vizszintjenek-csokkenes.jpg
[03:34:22] Image_Downloader: Download failed (https://raw.githubusercontent.com/Derushir/Kepek/main/67c6357751300334f52e35f893ac854f/news/frissul-a-model-context-protocol-javul-az-ai-rendszerek-kozo.jpg): 404 Client Error: Not Found for url: https://raw.githubusercontent.com/Derushir/Kepek/main/67c6357751300334f52e35f893ac854f/news/frissul-a-model-context-protocol-javul-az-ai-rendszerek-kozo.jpg
[03:34:23] Image_Downloader: Download failed (https://raw.githubusercontent.com/Derushir/Kepek/main/67c6357751300334f52e35f893ac854f/news/rekordalacsony-vizallas-miatt-bukkant-elo-egy-1937-es-hajoro.jpg): HTTPSConnectionPool(host='raw.githubusercontent.com', port=443): Read timed out. (read timeout=5)
[03:34:25] Image_Downloader: Download failed (https://raw.githubusercontent.com/Derushir/Kepek/main/67c6357751300334f52e35f893ac854f/news/ai-playground-az-adobe-uj-eszkoze-segit-kijavitani-a-hibas-f.jpg): 404 Client Error: Not Found for url: https://raw.githubusercontent.com/Derushir/Kepek/main/67c6357751300334f52e35f893ac854f/news/ai-playground-az-adobe-uj-eszkoze-segit-kijavitani-a-hibas-f.jpg
[03:34:26] Image_Downloader: Download failed (https://raw.githubusercontent.com/Derushir/Kepek/main/67c6357751300334f52e35f893ac854f/news/kulonleges-csaladi-vallalkozas-zoldsegesbol-lett-a-kornyek-l.jpg): 404 Client Error: Not Found for url: https://raw.githubusercontent.com/Derushir/Kepek/main/67c6357751300334f52e35f893ac854f/news/kulonleges-csaladi-vallalkozas-zoldsegesbol-lett-a-kornyek-l.jpg
[03:34:26] Image_Downloader: Download failed (https://raw.githubusercontent.com/Derushir/Kepek/main/67c6357751300334f52e35f893ac854f/news/forsthoffer-agnes-hazelnok-takarekossagi-intezkedeseket-veze.jpg): HTTPSConnectionPool(host='raw.githubusercontent.com', port=443): Read timed out. (read timeout=5)
[03:34:26] Image_Downloader: Download failed (https://raw.githubusercontent.com/Derushir/Kepek/main/67c6357751300334f52e35f893ac854f/news/feliksz-dzerzsinszkij-a-bolsevista-terror-fanatikus-uttoroje.jpg): 404 Client Error: Not Found for url: https://raw.githubusercontent.com/Derushir/Kepek/main/67c6357751300334f52e35f893ac854f/news/feliksz-dzerzsinszkij-a-bolsevista-terror-fanatikus-uttoroje.jpg
[03:34:26] Image_Downloader: Download failed (https://raw.githubusercontent.com/Derushir/Kepek/main/67c6357751300334f52e35f893ac854f/news/kritikus-memoriahiany-a-cxmt-2027-vegeig-lekototte-teljes-gy.png): 404 Client Error: Not Found for url: https://raw.githubusercontent.com/Derushir/Kepek/main/67c6357751300334f52e35f893ac854f/news/kritikus-memoriahiany-a-cxmt-2027-vegeig-lekototte-teljes-gy.png
[03:34:27] Image_Downloader: Download failed (https://raw.githubusercontent.com/Derushir/Kepek/main/67c6357751300334f52e35f893ac854f/news/megjelent-az-elso-ul-3700-szabvanynak-megfelelo-erkelyes-nap.jpg): 404 Client Error: Not Found for url: https://raw.githubusercontent.com/Derushir/Kepek/main/67c6357751300334f52e35f893ac854f/news/megjelent-az-elso-ul-3700-szabvanynak-megfelelo-erkelyes-nap.jpg
[03:34:27] Image_Downloader: Download failed (https://raw.githubusercontent.com/Derushir/Kepek/main/67c6357751300334f52e35f893ac854f/news/felmilliard-forintos-eu-tamogatasbol-ujul-meg-komlo-varoskoz.jpg): 404 Client Error: Not Found for url: https://raw.githubusercontent.com/Derushir/Kepek/main/67c6357751300334f52e35f893ac854f/news/felmilliard-forintos-eu-tamogatasbol-ujul-meg-komlo-varoskoz.jpg
[03:34:30] Image_Downloader: Download failed (https://raw.githubusercontent.com/Derushir/Kepek/main/67c6357751300334f52e35f893ac854f/news/megfizethetobb-elektromos-autok-fejleszteset-fontolgatja-a-g.webp): 404 Client Error: Not Found for url: https://raw.githubusercontent.com/Derushir/Kepek/main/67c6357751300334f52e35f893ac854f/news/megfizethetobb-elektromos-autok-fejleszteset-fontolgatja-a-g.webp
